[2023-12-04T12:19:35.951+0800] {taskinstance.py:1159} INFO - Dependencies all met for dep_context=non-requeueable deps ti=<TaskInstance: fantasy_premier_league.delete_file_in_actual_folder manual__2023-12-04T03:28:15.853663+00:00 [queued]>
[2023-12-04T12:19:35.966+0800] {taskinstance.py:1159} INFO - Dependencies all met for dep_context=requeueable deps ti=<TaskInstance: fantasy_premier_league.delete_file_in_actual_folder manual__2023-12-04T03:28:15.853663+00:00 [queued]>
[2023-12-04T12:19:35.966+0800] {taskinstance.py:1361} INFO - Starting attempt 1 of 1
[2023-12-04T12:19:35.995+0800] {taskinstance.py:1382} INFO - Executing <Task(PythonOperator): delete_file_in_actual_folder> on 2023-12-04 03:28:15.853663+00:00
[2023-12-04T12:19:35.998+0800] {standard_task_runner.py:57} INFO - Started process 25874 to run task
[2023-12-04T12:19:36.004+0800] {standard_task_runner.py:84} INFO - Running: ['airflow', 'tasks', 'run', 'fantasy_premier_league', 'delete_file_in_actual_folder', 'manual__2023-12-04T03:28:15.853663+00:00', '--job-id', '136', '--raw', '--subdir', 'DAGS_FOLDER/fantasy_premier_league_dag.py', '--cfg-path', '/tmp/tmpp9btb25q']
[2023-12-04T12:19:36.006+0800] {standard_task_runner.py:85} INFO - Job 136: Subtask delete_file_in_actual_folder
[2023-12-04T12:19:36.077+0800] {task_command.py:416} INFO - Running <TaskInstance: fantasy_premier_league.delete_file_in_actual_folder manual__2023-12-04T03:28:15.853663+00:00 [running]> on host azfartitu.
[2023-12-04T12:19:36.187+0800] {taskinstance.py:1662} INFO - Exporting env vars: AIRFLOW_CTX_DAG_OWNER='airflow' AIRFLOW_CTX_DAG_ID='fantasy_premier_league' AIRFLOW_CTX_TASK_ID='delete_file_in_actual_folder' AIRFLOW_CTX_EXECUTION_DATE='2023-12-04T03:28:15.853663+00:00' AIRFLOW_CTX_TRY_NUMBER='1' AIRFLOW_CTX_DAG_RUN_ID='manual__2023-12-04T03:28:15.853663+00:00'
[2023-12-04T12:19:36.206+0800] {base.py:73} INFO - Using connection ID 'azure_blob_conn_id' for task execution.
[2023-12-04T12:19:37.274+0800] {logging_mixin.py:154} INFO - Client is created
[2023-12-04T12:19:37.279+0800] {base.py:73} INFO - Using connection ID 'azure_blob_conn_id' for task execution.
[2023-12-04T12:19:38.300+0800] {logging_mixin.py:154} INFO - Folder 'current_season_history/28112023' deleted successfully.
[2023-12-04T12:19:38.304+0800] {logging_mixin.py:154} INFO - Client is created
[2023-12-04T12:19:38.312+0800] {base.py:73} INFO - Using connection ID 'azure_blob_conn_id' for task execution.
[2023-12-04T12:19:39.320+0800] {logging_mixin.py:154} INFO - Folder 'events_metadata/28112023' deleted successfully.
[2023-12-04T12:19:39.322+0800] {logging_mixin.py:154} INFO - Client is created
[2023-12-04T12:19:39.327+0800] {base.py:73} INFO - Using connection ID 'azure_blob_conn_id' for task execution.
[2023-12-04T12:19:40.252+0800] {logging_mixin.py:154} INFO - Folder 'player_metadata/28112023' deleted successfully.
[2023-12-04T12:19:40.254+0800] {logging_mixin.py:154} INFO - Client is created
[2023-12-04T12:19:40.259+0800] {base.py:73} INFO - Using connection ID 'azure_blob_conn_id' for task execution.
[2023-12-04T12:19:41.235+0800] {logging_mixin.py:154} INFO - Folder 'position_metadata/28112023' deleted successfully.
[2023-12-04T12:19:41.238+0800] {logging_mixin.py:154} INFO - Client is created
[2023-12-04T12:19:41.243+0800] {base.py:73} INFO - Using connection ID 'azure_blob_conn_id' for task execution.
[2023-12-04T12:19:42.171+0800] {logging_mixin.py:154} INFO - Folder 'teams_metadata/28112023' deleted successfully.
[2023-12-04T12:19:42.175+0800] {python.py:194} INFO - Done. Returned value was: None
[2023-12-04T12:19:42.185+0800] {taskinstance.py:1400} INFO - Marking task as SUCCESS. dag_id=fantasy_premier_league, task_id=delete_file_in_actual_folder, execution_date=20231204T032815, start_date=20231204T041935, end_date=20231204T041942
[2023-12-04T12:19:42.242+0800] {local_task_job_runner.py:228} INFO - Task exited with return code 0
[2023-12-04T12:19:42.264+0800] {taskinstance.py:2778} INFO - 0 downstream tasks scheduled from follow-on schedule check
