[2023-12-01T08:09:34.026+0800] {processor.py:157} INFO - Started process (PID=50235) to work on /home/azfarmustafa/airflow_tutorial/dags/azfar_dag.py
[2023-12-01T08:09:34.031+0800] {processor.py:829} INFO - Processing file /home/azfarmustafa/airflow_tutorial/dags/azfar_dag.py for tasks to queue
[2023-12-01T08:09:34.047+0800] {logging_mixin.py:154} INFO - [2023-12-01T08:09:34.042+0800] {dagbag.py:536} INFO - Filling up the DagBag from /home/azfarmustafa/airflow_tutorial/dags/azfar_dag.py
[2023-12-01T08:09:35.071+0800] {processor.py:839} INFO - DAG(s) dict_keys(['fantasy_premier_league_debug']) retrieved from /home/azfarmustafa/airflow_tutorial/dags/azfar_dag.py
[2023-12-01T08:09:35.138+0800] {logging_mixin.py:154} INFO - [2023-12-01T08:09:35.137+0800] {dag.py:2941} INFO - Sync 1 DAGs
[2023-12-01T08:09:35.190+0800] {logging_mixin.py:154} INFO - [2023-12-01T08:09:35.190+0800] {dag.py:3722} INFO - Setting next_dagrun for fantasy_premier_league_debug to 2023-11-30T00:09:35.188071+00:00, run_after=2023-12-01T00:09:35.188071+00:00
[2023-12-01T08:09:35.253+0800] {processor.py:179} INFO - Processing /home/azfarmustafa/airflow_tutorial/dags/azfar_dag.py took 1.249 seconds
[2023-12-01T08:10:05.436+0800] {processor.py:157} INFO - Started process (PID=50274) to work on /home/azfarmustafa/airflow_tutorial/dags/azfar_dag.py
[2023-12-01T08:10:05.437+0800] {processor.py:829} INFO - Processing file /home/azfarmustafa/airflow_tutorial/dags/azfar_dag.py for tasks to queue
[2023-12-01T08:10:05.440+0800] {logging_mixin.py:154} INFO - [2023-12-01T08:10:05.439+0800] {dagbag.py:536} INFO - Filling up the DagBag from /home/azfarmustafa/airflow_tutorial/dags/azfar_dag.py
[2023-12-01T08:10:05.503+0800] {processor.py:839} INFO - DAG(s) dict_keys(['fantasy_premier_league_debug']) retrieved from /home/azfarmustafa/airflow_tutorial/dags/azfar_dag.py
[2023-12-01T08:10:05.527+0800] {logging_mixin.py:154} INFO - [2023-12-01T08:10:05.527+0800] {dag.py:2941} INFO - Sync 1 DAGs
[2023-12-01T08:10:05.552+0800] {logging_mixin.py:154} INFO - [2023-12-01T08:10:05.551+0800] {dag.py:3722} INFO - Setting next_dagrun for fantasy_premier_league_debug to 2023-12-01T00:09:35.188071+00:00, run_after=2023-12-02T00:09:35.188071+00:00
[2023-12-01T08:10:05.582+0800] {processor.py:179} INFO - Processing /home/azfarmustafa/airflow_tutorial/dags/azfar_dag.py took 0.149 seconds
[2023-12-01T08:10:35.866+0800] {processor.py:157} INFO - Started process (PID=50294) to work on /home/azfarmustafa/airflow_tutorial/dags/azfar_dag.py
[2023-12-01T08:10:35.869+0800] {processor.py:829} INFO - Processing file /home/azfarmustafa/airflow_tutorial/dags/azfar_dag.py for tasks to queue
[2023-12-01T08:10:35.871+0800] {logging_mixin.py:154} INFO - [2023-12-01T08:10:35.871+0800] {dagbag.py:536} INFO - Filling up the DagBag from /home/azfarmustafa/airflow_tutorial/dags/azfar_dag.py
[2023-12-01T08:10:35.992+0800] {processor.py:839} INFO - DAG(s) dict_keys(['fantasy_premier_league_debug']) retrieved from /home/azfarmustafa/airflow_tutorial/dags/azfar_dag.py
[2023-12-01T08:10:36.009+0800] {logging_mixin.py:154} INFO - [2023-12-01T08:10:36.008+0800] {dag.py:2941} INFO - Sync 1 DAGs
[2023-12-01T08:10:36.028+0800] {logging_mixin.py:154} INFO - [2023-12-01T08:10:36.028+0800] {dag.py:3722} INFO - Setting next_dagrun for fantasy_premier_league_debug to 2023-12-01T00:09:35.188071+00:00, run_after=2023-12-02T00:09:35.188071+00:00
[2023-12-01T08:10:36.053+0800] {processor.py:179} INFO - Processing /home/azfarmustafa/airflow_tutorial/dags/azfar_dag.py took 0.190 seconds
[2023-12-01T08:11:06.444+0800] {processor.py:157} INFO - Started process (PID=50314) to work on /home/azfarmustafa/airflow_tutorial/dags/azfar_dag.py
[2023-12-01T08:11:06.446+0800] {processor.py:829} INFO - Processing file /home/azfarmustafa/airflow_tutorial/dags/azfar_dag.py for tasks to queue
[2023-12-01T08:11:06.448+0800] {logging_mixin.py:154} INFO - [2023-12-01T08:11:06.448+0800] {dagbag.py:536} INFO - Filling up the DagBag from /home/azfarmustafa/airflow_tutorial/dags/azfar_dag.py
[2023-12-01T08:11:06.503+0800] {processor.py:839} INFO - DAG(s) dict_keys(['fantasy_premier_league_debug']) retrieved from /home/azfarmustafa/airflow_tutorial/dags/azfar_dag.py
[2023-12-01T08:11:06.524+0800] {logging_mixin.py:154} INFO - [2023-12-01T08:11:06.523+0800] {dag.py:2941} INFO - Sync 1 DAGs
[2023-12-01T08:11:06.548+0800] {logging_mixin.py:154} INFO - [2023-12-01T08:11:06.548+0800] {dag.py:3722} INFO - Setting next_dagrun for fantasy_premier_league_debug to 2023-12-01T00:09:35.188071+00:00, run_after=2023-12-02T00:09:35.188071+00:00
[2023-12-01T08:11:06.575+0800] {processor.py:179} INFO - Processing /home/azfarmustafa/airflow_tutorial/dags/azfar_dag.py took 0.134 seconds
[2023-12-01T08:11:37.061+0800] {processor.py:157} INFO - Started process (PID=50333) to work on /home/azfarmustafa/airflow_tutorial/dags/azfar_dag.py
[2023-12-01T08:11:37.063+0800] {processor.py:829} INFO - Processing file /home/azfarmustafa/airflow_tutorial/dags/azfar_dag.py for tasks to queue
[2023-12-01T08:11:37.065+0800] {logging_mixin.py:154} INFO - [2023-12-01T08:11:37.065+0800] {dagbag.py:536} INFO - Filling up the DagBag from /home/azfarmustafa/airflow_tutorial/dags/azfar_dag.py
[2023-12-01T08:11:37.120+0800] {processor.py:839} INFO - DAG(s) dict_keys(['fantasy_premier_league_debug']) retrieved from /home/azfarmustafa/airflow_tutorial/dags/azfar_dag.py
[2023-12-01T08:11:37.141+0800] {logging_mixin.py:154} INFO - [2023-12-01T08:11:37.141+0800] {dag.py:2941} INFO - Sync 1 DAGs
[2023-12-01T08:11:37.165+0800] {logging_mixin.py:154} INFO - [2023-12-01T08:11:37.164+0800] {dag.py:3722} INFO - Setting next_dagrun for fantasy_premier_league_debug to 2023-12-01T00:09:35.188071+00:00, run_after=2023-12-02T00:09:35.188071+00:00
[2023-12-01T08:11:37.192+0800] {processor.py:179} INFO - Processing /home/azfarmustafa/airflow_tutorial/dags/azfar_dag.py took 0.136 seconds
[2023-12-01T08:12:07.514+0800] {processor.py:157} INFO - Started process (PID=50350) to work on /home/azfarmustafa/airflow_tutorial/dags/azfar_dag.py
[2023-12-01T08:12:07.548+0800] {processor.py:829} INFO - Processing file /home/azfarmustafa/airflow_tutorial/dags/azfar_dag.py for tasks to queue
[2023-12-01T08:12:07.552+0800] {logging_mixin.py:154} INFO - [2023-12-01T08:12:07.550+0800] {dagbag.py:536} INFO - Filling up the DagBag from /home/azfarmustafa/airflow_tutorial/dags/azfar_dag.py
[2023-12-01T08:12:07.673+0800] {processor.py:839} INFO - DAG(s) dict_keys(['fantasy_premier_league_debug']) retrieved from /home/azfarmustafa/airflow_tutorial/dags/azfar_dag.py
[2023-12-01T08:12:07.700+0800] {logging_mixin.py:154} INFO - [2023-12-01T08:12:07.700+0800] {dag.py:2941} INFO - Sync 1 DAGs
[2023-12-01T08:12:07.728+0800] {logging_mixin.py:154} INFO - [2023-12-01T08:12:07.727+0800] {dag.py:3722} INFO - Setting next_dagrun for fantasy_premier_league_debug to 2023-12-01T00:09:35.188071+00:00, run_after=2023-12-02T00:09:35.188071+00:00
[2023-12-01T08:12:07.766+0800] {processor.py:179} INFO - Processing /home/azfarmustafa/airflow_tutorial/dags/azfar_dag.py took 0.258 seconds
[2023-12-01T08:12:14.869+0800] {processor.py:157} INFO - Started process (PID=50366) to work on /home/azfarmustafa/airflow_tutorial/dags/azfar_dag.py
[2023-12-01T08:12:14.873+0800] {processor.py:829} INFO - Processing file /home/azfarmustafa/airflow_tutorial/dags/azfar_dag.py for tasks to queue
[2023-12-01T08:12:14.875+0800] {logging_mixin.py:154} INFO - [2023-12-01T08:12:14.874+0800] {dagbag.py:536} INFO - Filling up the DagBag from /home/azfarmustafa/airflow_tutorial/dags/azfar_dag.py
[2023-12-01T08:12:14.941+0800] {processor.py:839} INFO - DAG(s) dict_keys(['fantasy_premier_league_debug']) retrieved from /home/azfarmustafa/airflow_tutorial/dags/azfar_dag.py
[2023-12-01T08:12:15.224+0800] {logging_mixin.py:154} INFO - [2023-12-01T08:12:15.223+0800] {dag.py:2941} INFO - Sync 1 DAGs
[2023-12-01T08:12:15.244+0800] {logging_mixin.py:154} INFO - [2023-12-01T08:12:15.244+0800] {dag.py:3722} INFO - Setting next_dagrun for fantasy_premier_league_debug to 2023-12-01T00:09:35.188071+00:00, run_after=2023-12-02T00:09:35.188071+00:00
[2023-12-01T08:12:15.325+0800] {processor.py:179} INFO - Processing /home/azfarmustafa/airflow_tutorial/dags/azfar_dag.py took 0.461 seconds
[2023-12-01T08:12:46.067+0800] {processor.py:157} INFO - Started process (PID=50397) to work on /home/azfarmustafa/airflow_tutorial/dags/azfar_dag.py
[2023-12-01T08:12:46.069+0800] {processor.py:829} INFO - Processing file /home/azfarmustafa/airflow_tutorial/dags/azfar_dag.py for tasks to queue
[2023-12-01T08:12:46.071+0800] {logging_mixin.py:154} INFO - [2023-12-01T08:12:46.071+0800] {dagbag.py:536} INFO - Filling up the DagBag from /home/azfarmustafa/airflow_tutorial/dags/azfar_dag.py
[2023-12-01T08:12:46.131+0800] {processor.py:839} INFO - DAG(s) dict_keys(['fantasy_premier_league_debug']) retrieved from /home/azfarmustafa/airflow_tutorial/dags/azfar_dag.py
[2023-12-01T08:12:46.149+0800] {logging_mixin.py:154} INFO - [2023-12-01T08:12:46.149+0800] {dag.py:2941} INFO - Sync 1 DAGs
[2023-12-01T08:12:46.173+0800] {logging_mixin.py:154} INFO - [2023-12-01T08:12:46.173+0800] {dag.py:3722} INFO - Setting next_dagrun for fantasy_premier_league_debug to 2023-12-01T00:09:35.188071+00:00, run_after=2023-12-02T00:09:35.188071+00:00
[2023-12-01T08:12:46.201+0800] {processor.py:179} INFO - Processing /home/azfarmustafa/airflow_tutorial/dags/azfar_dag.py took 0.141 seconds
[2023-12-01T08:17:33.416+0800] {processor.py:157} INFO - Started process (PID=50502) to work on /home/azfarmustafa/airflow_tutorial/dags/azfar_dag.py
[2023-12-01T08:17:33.418+0800] {processor.py:829} INFO - Processing file /home/azfarmustafa/airflow_tutorial/dags/azfar_dag.py for tasks to queue
[2023-12-01T08:17:33.423+0800] {logging_mixin.py:154} INFO - [2023-12-01T08:17:33.422+0800] {dagbag.py:536} INFO - Filling up the DagBag from /home/azfarmustafa/airflow_tutorial/dags/azfar_dag.py
[2023-12-01T08:17:33.529+0800] {processor.py:839} INFO - DAG(s) dict_keys(['fantasy_premier_league_debug']) retrieved from /home/azfarmustafa/airflow_tutorial/dags/azfar_dag.py
[2023-12-01T08:17:33.550+0800] {logging_mixin.py:154} INFO - [2023-12-01T08:17:33.549+0800] {dag.py:2941} INFO - Sync 1 DAGs
[2023-12-01T08:17:33.580+0800] {logging_mixin.py:154} INFO - [2023-12-01T08:17:33.580+0800] {dag.py:3722} INFO - Setting next_dagrun for fantasy_premier_league_debug to 2023-12-01T00:09:35.188071+00:00, run_after=2023-12-02T00:09:35.188071+00:00
[2023-12-01T08:17:33.608+0800] {processor.py:179} INFO - Processing /home/azfarmustafa/airflow_tutorial/dags/azfar_dag.py took 0.236 seconds
[2023-12-01T08:18:03.855+0800] {processor.py:157} INFO - Started process (PID=50546) to work on /home/azfarmustafa/airflow_tutorial/dags/azfar_dag.py
[2023-12-01T08:18:03.857+0800] {processor.py:829} INFO - Processing file /home/azfarmustafa/airflow_tutorial/dags/azfar_dag.py for tasks to queue
[2023-12-01T08:18:03.864+0800] {logging_mixin.py:154} INFO - [2023-12-01T08:18:03.862+0800] {dagbag.py:536} INFO - Filling up the DagBag from /home/azfarmustafa/airflow_tutorial/dags/azfar_dag.py
[2023-12-01T08:18:03.947+0800] {processor.py:839} INFO - DAG(s) dict_keys(['fantasy_premier_league_debug']) retrieved from /home/azfarmustafa/airflow_tutorial/dags/azfar_dag.py
[2023-12-01T08:18:03.963+0800] {logging_mixin.py:154} INFO - [2023-12-01T08:18:03.963+0800] {dag.py:2941} INFO - Sync 1 DAGs
[2023-12-01T08:18:03.981+0800] {logging_mixin.py:154} INFO - [2023-12-01T08:18:03.981+0800] {dag.py:3722} INFO - Setting next_dagrun for fantasy_premier_league_debug to 2023-12-01T00:09:35.188071+00:00, run_after=2023-12-02T00:09:35.188071+00:00
[2023-12-01T08:18:04.015+0800] {processor.py:179} INFO - Processing /home/azfarmustafa/airflow_tutorial/dags/azfar_dag.py took 0.164 seconds
[2023-12-01T08:18:35.014+0800] {processor.py:157} INFO - Started process (PID=50570) to work on /home/azfarmustafa/airflow_tutorial/dags/azfar_dag.py
[2023-12-01T08:18:35.016+0800] {processor.py:829} INFO - Processing file /home/azfarmustafa/airflow_tutorial/dags/azfar_dag.py for tasks to queue
[2023-12-01T08:18:35.018+0800] {logging_mixin.py:154} INFO - [2023-12-01T08:18:35.018+0800] {dagbag.py:536} INFO - Filling up the DagBag from /home/azfarmustafa/airflow_tutorial/dags/azfar_dag.py
[2023-12-01T08:18:35.069+0800] {processor.py:839} INFO - DAG(s) dict_keys(['fantasy_premier_league_debug']) retrieved from /home/azfarmustafa/airflow_tutorial/dags/azfar_dag.py
[2023-12-01T08:18:35.089+0800] {logging_mixin.py:154} INFO - [2023-12-01T08:18:35.089+0800] {dag.py:2941} INFO - Sync 1 DAGs
[2023-12-01T08:18:35.110+0800] {logging_mixin.py:154} INFO - [2023-12-01T08:18:35.110+0800] {dag.py:3722} INFO - Setting next_dagrun for fantasy_premier_league_debug to 2023-12-01T00:09:35.188071+00:00, run_after=2023-12-02T00:09:35.188071+00:00
[2023-12-01T08:18:35.136+0800] {processor.py:179} INFO - Processing /home/azfarmustafa/airflow_tutorial/dags/azfar_dag.py took 0.127 seconds
[2023-12-01T08:19:06.251+0800] {processor.py:157} INFO - Started process (PID=50599) to work on /home/azfarmustafa/airflow_tutorial/dags/azfar_dag.py
[2023-12-01T08:19:06.256+0800] {processor.py:829} INFO - Processing file /home/azfarmustafa/airflow_tutorial/dags/azfar_dag.py for tasks to queue
[2023-12-01T08:19:06.260+0800] {logging_mixin.py:154} INFO - [2023-12-01T08:19:06.260+0800] {dagbag.py:536} INFO - Filling up the DagBag from /home/azfarmustafa/airflow_tutorial/dags/azfar_dag.py
[2023-12-01T08:19:06.348+0800] {processor.py:839} INFO - DAG(s) dict_keys(['fantasy_premier_league_debug']) retrieved from /home/azfarmustafa/airflow_tutorial/dags/azfar_dag.py
[2023-12-01T08:19:06.376+0800] {logging_mixin.py:154} INFO - [2023-12-01T08:19:06.375+0800] {dag.py:2941} INFO - Sync 1 DAGs
[2023-12-01T08:19:06.406+0800] {logging_mixin.py:154} INFO - [2023-12-01T08:19:06.405+0800] {dag.py:3722} INFO - Setting next_dagrun for fantasy_premier_league_debug to 2023-12-01T00:09:35.188071+00:00, run_after=2023-12-02T00:09:35.188071+00:00
[2023-12-01T08:19:06.443+0800] {processor.py:179} INFO - Processing /home/azfarmustafa/airflow_tutorial/dags/azfar_dag.py took 0.200 seconds
[2023-12-01T08:19:36.584+0800] {processor.py:157} INFO - Started process (PID=50623) to work on /home/azfarmustafa/airflow_tutorial/dags/azfar_dag.py
[2023-12-01T08:19:36.589+0800] {processor.py:829} INFO - Processing file /home/azfarmustafa/airflow_tutorial/dags/azfar_dag.py for tasks to queue
[2023-12-01T08:19:36.591+0800] {logging_mixin.py:154} INFO - [2023-12-01T08:19:36.590+0800] {dagbag.py:536} INFO - Filling up the DagBag from /home/azfarmustafa/airflow_tutorial/dags/azfar_dag.py
[2023-12-01T08:19:36.640+0800] {processor.py:839} INFO - DAG(s) dict_keys(['fantasy_premier_league_debug']) retrieved from /home/azfarmustafa/airflow_tutorial/dags/azfar_dag.py
[2023-12-01T08:19:36.658+0800] {logging_mixin.py:154} INFO - [2023-12-01T08:19:36.657+0800] {dag.py:2941} INFO - Sync 1 DAGs
[2023-12-01T08:19:36.683+0800] {logging_mixin.py:154} INFO - [2023-12-01T08:19:36.683+0800] {dag.py:3722} INFO - Setting next_dagrun for fantasy_premier_league_debug to 2023-12-01T00:09:35.188071+00:00, run_after=2023-12-02T00:09:35.188071+00:00
[2023-12-01T08:19:36.712+0800] {processor.py:179} INFO - Processing /home/azfarmustafa/airflow_tutorial/dags/azfar_dag.py took 0.131 seconds
[2023-12-01T08:20:07.129+0800] {processor.py:157} INFO - Started process (PID=50674) to work on /home/azfarmustafa/airflow_tutorial/dags/azfar_dag.py
[2023-12-01T08:20:07.131+0800] {processor.py:829} INFO - Processing file /home/azfarmustafa/airflow_tutorial/dags/azfar_dag.py for tasks to queue
[2023-12-01T08:20:07.132+0800] {logging_mixin.py:154} INFO - [2023-12-01T08:20:07.132+0800] {dagbag.py:536} INFO - Filling up the DagBag from /home/azfarmustafa/airflow_tutorial/dags/azfar_dag.py
[2023-12-01T08:20:07.192+0800] {processor.py:839} INFO - DAG(s) dict_keys(['fantasy_premier_league_debug']) retrieved from /home/azfarmustafa/airflow_tutorial/dags/azfar_dag.py
[2023-12-01T08:20:07.214+0800] {logging_mixin.py:154} INFO - [2023-12-01T08:20:07.213+0800] {dag.py:2941} INFO - Sync 1 DAGs
[2023-12-01T08:20:07.236+0800] {logging_mixin.py:154} INFO - [2023-12-01T08:20:07.236+0800] {dag.py:3722} INFO - Setting next_dagrun for fantasy_premier_league_debug to 2023-12-01T00:09:35.188071+00:00, run_after=2023-12-02T00:09:35.188071+00:00
[2023-12-01T08:20:07.289+0800] {processor.py:179} INFO - Processing /home/azfarmustafa/airflow_tutorial/dags/azfar_dag.py took 0.163 seconds
[2023-12-01T08:20:37.424+0800] {processor.py:157} INFO - Started process (PID=50710) to work on /home/azfarmustafa/airflow_tutorial/dags/azfar_dag.py
[2023-12-01T08:20:37.428+0800] {processor.py:829} INFO - Processing file /home/azfarmustafa/airflow_tutorial/dags/azfar_dag.py for tasks to queue
[2023-12-01T08:20:37.429+0800] {logging_mixin.py:154} INFO - [2023-12-01T08:20:37.429+0800] {dagbag.py:536} INFO - Filling up the DagBag from /home/azfarmustafa/airflow_tutorial/dags/azfar_dag.py
[2023-12-01T08:20:37.478+0800] {processor.py:839} INFO - DAG(s) dict_keys(['fantasy_premier_league_debug']) retrieved from /home/azfarmustafa/airflow_tutorial/dags/azfar_dag.py
[2023-12-01T08:20:37.496+0800] {logging_mixin.py:154} INFO - [2023-12-01T08:20:37.496+0800] {dag.py:2941} INFO - Sync 1 DAGs
[2023-12-01T08:20:37.514+0800] {logging_mixin.py:154} INFO - [2023-12-01T08:20:37.514+0800] {dag.py:3722} INFO - Setting next_dagrun for fantasy_premier_league_debug to 2023-12-01T00:09:35.188071+00:00, run_after=2023-12-02T00:09:35.188071+00:00
[2023-12-01T08:20:37.540+0800] {processor.py:179} INFO - Processing /home/azfarmustafa/airflow_tutorial/dags/azfar_dag.py took 0.120 seconds
