[2023-11-24T10:25:44.612+0800] {processor.py:157} INFO - Started process (PID=58703) to work on /home/azfarmustafa/airflow_tutorial/.venv/lib/python3.10/site-packages/airflow/example_dags/plugins/event_listener.py
[2023-11-24T10:25:44.613+0800] {processor.py:829} INFO - Processing file /home/azfarmustafa/airflow_tutorial/.venv/lib/python3.10/site-packages/airflow/example_dags/plugins/event_listener.py for tasks to queue
[2023-11-24T10:25:44.614+0800] {logging_mixin.py:154} INFO - [2023-11-24T10:25:44.614+0800] {dagbag.py:536} INFO - Filling up the DagBag from /home/azfarmustafa/airflow_tutorial/.venv/lib/python3.10/site-packages/airflow/example_dags/plugins/event_listener.py
[2023-11-24T10:25:44.616+0800] {processor.py:841} WARNING - No viable dags retrieved from /home/azfarmustafa/airflow_tutorial/.venv/lib/python3.10/site-packages/airflow/example_dags/plugins/event_listener.py
[2023-11-24T10:25:44.625+0800] {processor.py:179} INFO - Processing /home/azfarmustafa/airflow_tutorial/.venv/lib/python3.10/site-packages/airflow/example_dags/plugins/event_listener.py took 0.014 seconds
[2023-11-24T10:26:31.227+0800] {processor.py:157} INFO - Started process (PID=58751) to work on /home/azfarmustafa/airflow_tutorial/.venv/lib/python3.10/site-packages/airflow/example_dags/plugins/event_listener.py
[2023-11-24T10:26:31.231+0800] {processor.py:829} INFO - Processing file /home/azfarmustafa/airflow_tutorial/.venv/lib/python3.10/site-packages/airflow/example_dags/plugins/event_listener.py for tasks to queue
[2023-11-24T10:26:31.232+0800] {logging_mixin.py:154} INFO - [2023-11-24T10:26:31.232+0800] {dagbag.py:536} INFO - Filling up the DagBag from /home/azfarmustafa/airflow_tutorial/.venv/lib/python3.10/site-packages/airflow/example_dags/plugins/event_listener.py
[2023-11-24T10:26:31.235+0800] {processor.py:841} WARNING - No viable dags retrieved from /home/azfarmustafa/airflow_tutorial/.venv/lib/python3.10/site-packages/airflow/example_dags/plugins/event_listener.py
[2023-11-24T10:26:31.243+0800] {processor.py:179} INFO - Processing /home/azfarmustafa/airflow_tutorial/.venv/lib/python3.10/site-packages/airflow/example_dags/plugins/event_listener.py took 0.019 seconds
[2023-11-24T10:27:17.736+0800] {processor.py:157} INFO - Started process (PID=58804) to work on /home/azfarmustafa/airflow_tutorial/.venv/lib/python3.10/site-packages/airflow/example_dags/plugins/event_listener.py
[2023-11-24T10:27:17.741+0800] {processor.py:829} INFO - Processing file /home/azfarmustafa/airflow_tutorial/.venv/lib/python3.10/site-packages/airflow/example_dags/plugins/event_listener.py for tasks to queue
[2023-11-24T10:27:17.741+0800] {logging_mixin.py:154} INFO - [2023-11-24T10:27:17.741+0800] {dagbag.py:536} INFO - Filling up the DagBag from /home/azfarmustafa/airflow_tutorial/.venv/lib/python3.10/site-packages/airflow/example_dags/plugins/event_listener.py
[2023-11-24T10:27:17.743+0800] {processor.py:841} WARNING - No viable dags retrieved from /home/azfarmustafa/airflow_tutorial/.venv/lib/python3.10/site-packages/airflow/example_dags/plugins/event_listener.py
[2023-11-24T10:27:17.751+0800] {processor.py:179} INFO - Processing /home/azfarmustafa/airflow_tutorial/.venv/lib/python3.10/site-packages/airflow/example_dags/plugins/event_listener.py took 0.018 seconds
[2023-11-24T10:28:03.307+0800] {processor.py:157} INFO - Started process (PID=58851) to work on /home/azfarmustafa/airflow_tutorial/.venv/lib/python3.10/site-packages/airflow/example_dags/plugins/event_listener.py
[2023-11-24T10:28:03.312+0800] {processor.py:829} INFO - Processing file /home/azfarmustafa/airflow_tutorial/.venv/lib/python3.10/site-packages/airflow/example_dags/plugins/event_listener.py for tasks to queue
[2023-11-24T10:28:03.313+0800] {logging_mixin.py:154} INFO - [2023-11-24T10:28:03.312+0800] {dagbag.py:536} INFO - Filling up the DagBag from /home/azfarmustafa/airflow_tutorial/.venv/lib/python3.10/site-packages/airflow/example_dags/plugins/event_listener.py
[2023-11-24T10:28:03.315+0800] {processor.py:841} WARNING - No viable dags retrieved from /home/azfarmustafa/airflow_tutorial/.venv/lib/python3.10/site-packages/airflow/example_dags/plugins/event_listener.py
[2023-11-24T10:28:03.323+0800] {processor.py:179} INFO - Processing /home/azfarmustafa/airflow_tutorial/.venv/lib/python3.10/site-packages/airflow/example_dags/plugins/event_listener.py took 0.019 seconds
[2023-11-24T10:28:52.558+0800] {processor.py:157} INFO - Started process (PID=58905) to work on /home/azfarmustafa/airflow_tutorial/.venv/lib/python3.10/site-packages/airflow/example_dags/plugins/event_listener.py
[2023-11-24T10:28:52.562+0800] {processor.py:829} INFO - Processing file /home/azfarmustafa/airflow_tutorial/.venv/lib/python3.10/site-packages/airflow/example_dags/plugins/event_listener.py for tasks to queue
[2023-11-24T10:28:52.563+0800] {logging_mixin.py:154} INFO - [2023-11-24T10:28:52.563+0800] {dagbag.py:536} INFO - Filling up the DagBag from /home/azfarmustafa/airflow_tutorial/.venv/lib/python3.10/site-packages/airflow/example_dags/plugins/event_listener.py
[2023-11-24T10:28:52.565+0800] {processor.py:841} WARNING - No viable dags retrieved from /home/azfarmustafa/airflow_tutorial/.venv/lib/python3.10/site-packages/airflow/example_dags/plugins/event_listener.py
[2023-11-24T10:28:52.573+0800] {processor.py:179} INFO - Processing /home/azfarmustafa/airflow_tutorial/.venv/lib/python3.10/site-packages/airflow/example_dags/plugins/event_listener.py took 0.017 seconds
[2023-11-24T10:29:39.607+0800] {processor.py:157} INFO - Started process (PID=58953) to work on /home/azfarmustafa/airflow_tutorial/.venv/lib/python3.10/site-packages/airflow/example_dags/plugins/event_listener.py
[2023-11-24T10:29:39.612+0800] {processor.py:829} INFO - Processing file /home/azfarmustafa/airflow_tutorial/.venv/lib/python3.10/site-packages/airflow/example_dags/plugins/event_listener.py for tasks to queue
[2023-11-24T10:29:39.613+0800] {logging_mixin.py:154} INFO - [2023-11-24T10:29:39.612+0800] {dagbag.py:536} INFO - Filling up the DagBag from /home/azfarmustafa/airflow_tutorial/.venv/lib/python3.10/site-packages/airflow/example_dags/plugins/event_listener.py
[2023-11-24T10:29:39.614+0800] {processor.py:841} WARNING - No viable dags retrieved from /home/azfarmustafa/airflow_tutorial/.venv/lib/python3.10/site-packages/airflow/example_dags/plugins/event_listener.py
[2023-11-24T10:29:39.623+0800] {processor.py:179} INFO - Processing /home/azfarmustafa/airflow_tutorial/.venv/lib/python3.10/site-packages/airflow/example_dags/plugins/event_listener.py took 0.019 seconds
[2023-11-24T10:30:26.753+0800] {processor.py:157} INFO - Started process (PID=59002) to work on /home/azfarmustafa/airflow_tutorial/.venv/lib/python3.10/site-packages/airflow/example_dags/plugins/event_listener.py
[2023-11-24T10:30:26.758+0800] {processor.py:829} INFO - Processing file /home/azfarmustafa/airflow_tutorial/.venv/lib/python3.10/site-packages/airflow/example_dags/plugins/event_listener.py for tasks to queue
[2023-11-24T10:30:26.758+0800] {logging_mixin.py:154} INFO - [2023-11-24T10:30:26.758+0800] {dagbag.py:536} INFO - Filling up the DagBag from /home/azfarmustafa/airflow_tutorial/.venv/lib/python3.10/site-packages/airflow/example_dags/plugins/event_listener.py
[2023-11-24T10:30:26.760+0800] {processor.py:841} WARNING - No viable dags retrieved from /home/azfarmustafa/airflow_tutorial/.venv/lib/python3.10/site-packages/airflow/example_dags/plugins/event_listener.py
[2023-11-24T10:30:26.769+0800] {processor.py:179} INFO - Processing /home/azfarmustafa/airflow_tutorial/.venv/lib/python3.10/site-packages/airflow/example_dags/plugins/event_listener.py took 0.019 seconds
[2023-11-24T10:31:14.479+0800] {processor.py:157} INFO - Started process (PID=59050) to work on /home/azfarmustafa/airflow_tutorial/.venv/lib/python3.10/site-packages/airflow/example_dags/plugins/event_listener.py
[2023-11-24T10:31:14.484+0800] {processor.py:829} INFO - Processing file /home/azfarmustafa/airflow_tutorial/.venv/lib/python3.10/site-packages/airflow/example_dags/plugins/event_listener.py for tasks to queue
[2023-11-24T10:31:14.485+0800] {logging_mixin.py:154} INFO - [2023-11-24T10:31:14.484+0800] {dagbag.py:536} INFO - Filling up the DagBag from /home/azfarmustafa/airflow_tutorial/.venv/lib/python3.10/site-packages/airflow/example_dags/plugins/event_listener.py
[2023-11-24T10:31:14.488+0800] {processor.py:841} WARNING - No viable dags retrieved from /home/azfarmustafa/airflow_tutorial/.venv/lib/python3.10/site-packages/airflow/example_dags/plugins/event_listener.py
[2023-11-24T10:31:14.505+0800] {processor.py:179} INFO - Processing /home/azfarmustafa/airflow_tutorial/.venv/lib/python3.10/site-packages/airflow/example_dags/plugins/event_listener.py took 0.029 seconds
[2023-11-24T10:31:59.269+0800] {processor.py:157} INFO - Started process (PID=59096) to work on /home/azfarmustafa/airflow_tutorial/.venv/lib/python3.10/site-packages/airflow/example_dags/plugins/event_listener.py
[2023-11-24T10:31:59.273+0800] {processor.py:829} INFO - Processing file /home/azfarmustafa/airflow_tutorial/.venv/lib/python3.10/site-packages/airflow/example_dags/plugins/event_listener.py for tasks to queue
[2023-11-24T10:31:59.273+0800] {logging_mixin.py:154} INFO - [2023-11-24T10:31:59.273+0800] {dagbag.py:536} INFO - Filling up the DagBag from /home/azfarmustafa/airflow_tutorial/.venv/lib/python3.10/site-packages/airflow/example_dags/plugins/event_listener.py
[2023-11-24T10:31:59.275+0800] {processor.py:841} WARNING - No viable dags retrieved from /home/azfarmustafa/airflow_tutorial/.venv/lib/python3.10/site-packages/airflow/example_dags/plugins/event_listener.py
[2023-11-24T10:31:59.283+0800] {processor.py:179} INFO - Processing /home/azfarmustafa/airflow_tutorial/.venv/lib/python3.10/site-packages/airflow/example_dags/plugins/event_listener.py took 0.017 seconds
[2023-11-24T10:32:49.598+0800] {processor.py:157} INFO - Started process (PID=59146) to work on /home/azfarmustafa/airflow_tutorial/.venv/lib/python3.10/site-packages/airflow/example_dags/plugins/event_listener.py
[2023-11-24T10:32:49.602+0800] {processor.py:829} INFO - Processing file /home/azfarmustafa/airflow_tutorial/.venv/lib/python3.10/site-packages/airflow/example_dags/plugins/event_listener.py for tasks to queue
[2023-11-24T10:32:49.603+0800] {logging_mixin.py:154} INFO - [2023-11-24T10:32:49.603+0800] {dagbag.py:536} INFO - Filling up the DagBag from /home/azfarmustafa/airflow_tutorial/.venv/lib/python3.10/site-packages/airflow/example_dags/plugins/event_listener.py
[2023-11-24T10:32:49.605+0800] {processor.py:841} WARNING - No viable dags retrieved from /home/azfarmustafa/airflow_tutorial/.venv/lib/python3.10/site-packages/airflow/example_dags/plugins/event_listener.py
[2023-11-24T10:32:49.615+0800] {processor.py:179} INFO - Processing /home/azfarmustafa/airflow_tutorial/.venv/lib/python3.10/site-packages/airflow/example_dags/plugins/event_listener.py took 0.020 seconds
[2023-11-24T10:33:40.764+0800] {processor.py:157} INFO - Started process (PID=59196) to work on /home/azfarmustafa/airflow_tutorial/.venv/lib/python3.10/site-packages/airflow/example_dags/plugins/event_listener.py
[2023-11-24T10:33:40.765+0800] {processor.py:829} INFO - Processing file /home/azfarmustafa/airflow_tutorial/.venv/lib/python3.10/site-packages/airflow/example_dags/plugins/event_listener.py for tasks to queue
[2023-11-24T10:33:40.766+0800] {logging_mixin.py:154} INFO - [2023-11-24T10:33:40.765+0800] {dagbag.py:536} INFO - Filling up the DagBag from /home/azfarmustafa/airflow_tutorial/.venv/lib/python3.10/site-packages/airflow/example_dags/plugins/event_listener.py
[2023-11-24T10:33:40.767+0800] {processor.py:841} WARNING - No viable dags retrieved from /home/azfarmustafa/airflow_tutorial/.venv/lib/python3.10/site-packages/airflow/example_dags/plugins/event_listener.py
[2023-11-24T10:33:40.777+0800] {processor.py:179} INFO - Processing /home/azfarmustafa/airflow_tutorial/.venv/lib/python3.10/site-packages/airflow/example_dags/plugins/event_listener.py took 0.016 seconds
[2023-11-24T10:34:31.516+0800] {processor.py:157} INFO - Started process (PID=59247) to work on /home/azfarmustafa/airflow_tutorial/.venv/lib/python3.10/site-packages/airflow/example_dags/plugins/event_listener.py
[2023-11-24T10:34:31.520+0800] {processor.py:829} INFO - Processing file /home/azfarmustafa/airflow_tutorial/.venv/lib/python3.10/site-packages/airflow/example_dags/plugins/event_listener.py for tasks to queue
[2023-11-24T10:34:31.521+0800] {logging_mixin.py:154} INFO - [2023-11-24T10:34:31.520+0800] {dagbag.py:536} INFO - Filling up the DagBag from /home/azfarmustafa/airflow_tutorial/.venv/lib/python3.10/site-packages/airflow/example_dags/plugins/event_listener.py
[2023-11-24T10:34:31.523+0800] {processor.py:841} WARNING - No viable dags retrieved from /home/azfarmustafa/airflow_tutorial/.venv/lib/python3.10/site-packages/airflow/example_dags/plugins/event_listener.py
[2023-11-24T10:34:31.531+0800] {processor.py:179} INFO - Processing /home/azfarmustafa/airflow_tutorial/.venv/lib/python3.10/site-packages/airflow/example_dags/plugins/event_listener.py took 0.019 seconds
[2023-11-24T10:35:15.811+0800] {processor.py:157} INFO - Started process (PID=59298) to work on /home/azfarmustafa/airflow_tutorial/.venv/lib/python3.10/site-packages/airflow/example_dags/plugins/event_listener.py
[2023-11-24T10:35:15.816+0800] {processor.py:829} INFO - Processing file /home/azfarmustafa/airflow_tutorial/.venv/lib/python3.10/site-packages/airflow/example_dags/plugins/event_listener.py for tasks to queue
[2023-11-24T10:35:15.817+0800] {logging_mixin.py:154} INFO - [2023-11-24T10:35:15.817+0800] {dagbag.py:536} INFO - Filling up the DagBag from /home/azfarmustafa/airflow_tutorial/.venv/lib/python3.10/site-packages/airflow/example_dags/plugins/event_listener.py
[2023-11-24T10:35:15.819+0800] {processor.py:841} WARNING - No viable dags retrieved from /home/azfarmustafa/airflow_tutorial/.venv/lib/python3.10/site-packages/airflow/example_dags/plugins/event_listener.py
[2023-11-24T10:35:15.832+0800] {processor.py:179} INFO - Processing /home/azfarmustafa/airflow_tutorial/.venv/lib/python3.10/site-packages/airflow/example_dags/plugins/event_listener.py took 0.023 seconds
[2023-11-24T10:35:57.887+0800] {processor.py:157} INFO - Started process (PID=59344) to work on /home/azfarmustafa/airflow_tutorial/.venv/lib/python3.10/site-packages/airflow/example_dags/plugins/event_listener.py
[2023-11-24T10:35:57.891+0800] {processor.py:829} INFO - Processing file /home/azfarmustafa/airflow_tutorial/.venv/lib/python3.10/site-packages/airflow/example_dags/plugins/event_listener.py for tasks to queue
[2023-11-24T10:35:57.892+0800] {logging_mixin.py:154} INFO - [2023-11-24T10:35:57.892+0800] {dagbag.py:536} INFO - Filling up the DagBag from /home/azfarmustafa/airflow_tutorial/.venv/lib/python3.10/site-packages/airflow/example_dags/plugins/event_listener.py
[2023-11-24T10:35:57.894+0800] {processor.py:841} WARNING - No viable dags retrieved from /home/azfarmustafa/airflow_tutorial/.venv/lib/python3.10/site-packages/airflow/example_dags/plugins/event_listener.py
[2023-11-24T10:35:57.903+0800] {processor.py:179} INFO - Processing /home/azfarmustafa/airflow_tutorial/.venv/lib/python3.10/site-packages/airflow/example_dags/plugins/event_listener.py took 0.018 seconds
[2023-11-24T10:36:39.096+0800] {processor.py:157} INFO - Started process (PID=59387) to work on /home/azfarmustafa/airflow_tutorial/.venv/lib/python3.10/site-packages/airflow/example_dags/plugins/event_listener.py
[2023-11-24T10:36:39.100+0800] {processor.py:829} INFO - Processing file /home/azfarmustafa/airflow_tutorial/.venv/lib/python3.10/site-packages/airflow/example_dags/plugins/event_listener.py for tasks to queue
[2023-11-24T10:36:39.100+0800] {logging_mixin.py:154} INFO - [2023-11-24T10:36:39.100+0800] {dagbag.py:536} INFO - Filling up the DagBag from /home/azfarmustafa/airflow_tutorial/.venv/lib/python3.10/site-packages/airflow/example_dags/plugins/event_listener.py
[2023-11-24T10:36:39.104+0800] {processor.py:841} WARNING - No viable dags retrieved from /home/azfarmustafa/airflow_tutorial/.venv/lib/python3.10/site-packages/airflow/example_dags/plugins/event_listener.py
[2023-11-24T10:36:39.114+0800] {processor.py:179} INFO - Processing /home/azfarmustafa/airflow_tutorial/.venv/lib/python3.10/site-packages/airflow/example_dags/plugins/event_listener.py took 0.022 seconds
[2023-11-24T10:37:26.724+0800] {processor.py:157} INFO - Started process (PID=59435) to work on /home/azfarmustafa/airflow_tutorial/.venv/lib/python3.10/site-packages/airflow/example_dags/plugins/event_listener.py
[2023-11-24T10:37:26.726+0800] {processor.py:829} INFO - Processing file /home/azfarmustafa/airflow_tutorial/.venv/lib/python3.10/site-packages/airflow/example_dags/plugins/event_listener.py for tasks to queue
[2023-11-24T10:37:26.728+0800] {logging_mixin.py:154} INFO - [2023-11-24T10:37:26.727+0800] {dagbag.py:536} INFO - Filling up the DagBag from /home/azfarmustafa/airflow_tutorial/.venv/lib/python3.10/site-packages/airflow/example_dags/plugins/event_listener.py
[2023-11-24T10:37:26.732+0800] {processor.py:841} WARNING - No viable dags retrieved from /home/azfarmustafa/airflow_tutorial/.venv/lib/python3.10/site-packages/airflow/example_dags/plugins/event_listener.py
[2023-11-24T10:37:26.747+0800] {processor.py:179} INFO - Processing /home/azfarmustafa/airflow_tutorial/.venv/lib/python3.10/site-packages/airflow/example_dags/plugins/event_listener.py took 0.026 seconds
[2023-11-24T10:38:12.999+0800] {processor.py:157} INFO - Started process (PID=59482) to work on /home/azfarmustafa/airflow_tutorial/.venv/lib/python3.10/site-packages/airflow/example_dags/plugins/event_listener.py
[2023-11-24T10:38:13.001+0800] {processor.py:829} INFO - Processing file /home/azfarmustafa/airflow_tutorial/.venv/lib/python3.10/site-packages/airflow/example_dags/plugins/event_listener.py for tasks to queue
[2023-11-24T10:38:13.002+0800] {logging_mixin.py:154} INFO - [2023-11-24T10:38:13.002+0800] {dagbag.py:536} INFO - Filling up the DagBag from /home/azfarmustafa/airflow_tutorial/.venv/lib/python3.10/site-packages/airflow/example_dags/plugins/event_listener.py
[2023-11-24T10:38:13.005+0800] {processor.py:841} WARNING - No viable dags retrieved from /home/azfarmustafa/airflow_tutorial/.venv/lib/python3.10/site-packages/airflow/example_dags/plugins/event_listener.py
[2023-11-24T10:38:13.015+0800] {processor.py:179} INFO - Processing /home/azfarmustafa/airflow_tutorial/.venv/lib/python3.10/site-packages/airflow/example_dags/plugins/event_listener.py took 0.020 seconds
[2023-11-24T10:39:01.316+0800] {processor.py:157} INFO - Started process (PID=59531) to work on /home/azfarmustafa/airflow_tutorial/.venv/lib/python3.10/site-packages/airflow/example_dags/plugins/event_listener.py
[2023-11-24T10:39:01.320+0800] {processor.py:829} INFO - Processing file /home/azfarmustafa/airflow_tutorial/.venv/lib/python3.10/site-packages/airflow/example_dags/plugins/event_listener.py for tasks to queue
[2023-11-24T10:39:01.321+0800] {logging_mixin.py:154} INFO - [2023-11-24T10:39:01.320+0800] {dagbag.py:536} INFO - Filling up the DagBag from /home/azfarmustafa/airflow_tutorial/.venv/lib/python3.10/site-packages/airflow/example_dags/plugins/event_listener.py
[2023-11-24T10:39:01.323+0800] {processor.py:841} WARNING - No viable dags retrieved from /home/azfarmustafa/airflow_tutorial/.venv/lib/python3.10/site-packages/airflow/example_dags/plugins/event_listener.py
[2023-11-24T10:39:01.332+0800] {processor.py:179} INFO - Processing /home/azfarmustafa/airflow_tutorial/.venv/lib/python3.10/site-packages/airflow/example_dags/plugins/event_listener.py took 0.020 seconds
[2023-11-24T10:39:52.530+0800] {processor.py:157} INFO - Started process (PID=59581) to work on /home/azfarmustafa/airflow_tutorial/.venv/lib/python3.10/site-packages/airflow/example_dags/plugins/event_listener.py
[2023-11-24T10:39:52.532+0800] {processor.py:829} INFO - Processing file /home/azfarmustafa/airflow_tutorial/.venv/lib/python3.10/site-packages/airflow/example_dags/plugins/event_listener.py for tasks to queue
[2023-11-24T10:39:52.533+0800] {logging_mixin.py:154} INFO - [2023-11-24T10:39:52.532+0800] {dagbag.py:536} INFO - Filling up the DagBag from /home/azfarmustafa/airflow_tutorial/.venv/lib/python3.10/site-packages/airflow/example_dags/plugins/event_listener.py
[2023-11-24T10:39:52.535+0800] {processor.py:841} WARNING - No viable dags retrieved from /home/azfarmustafa/airflow_tutorial/.venv/lib/python3.10/site-packages/airflow/example_dags/plugins/event_listener.py
[2023-11-24T10:39:52.543+0800] {processor.py:179} INFO - Processing /home/azfarmustafa/airflow_tutorial/.venv/lib/python3.10/site-packages/airflow/example_dags/plugins/event_listener.py took 0.016 seconds
[2023-11-24T10:40:37.972+0800] {processor.py:157} INFO - Started process (PID=59628) to work on /home/azfarmustafa/airflow_tutorial/.venv/lib/python3.10/site-packages/airflow/example_dags/plugins/event_listener.py
[2023-11-24T10:40:37.974+0800] {processor.py:829} INFO - Processing file /home/azfarmustafa/airflow_tutorial/.venv/lib/python3.10/site-packages/airflow/example_dags/plugins/event_listener.py for tasks to queue
[2023-11-24T10:40:37.974+0800] {logging_mixin.py:154} INFO - [2023-11-24T10:40:37.974+0800] {dagbag.py:536} INFO - Filling up the DagBag from /home/azfarmustafa/airflow_tutorial/.venv/lib/python3.10/site-packages/airflow/example_dags/plugins/event_listener.py
[2023-11-24T10:40:37.976+0800] {processor.py:841} WARNING - No viable dags retrieved from /home/azfarmustafa/airflow_tutorial/.venv/lib/python3.10/site-packages/airflow/example_dags/plugins/event_listener.py
[2023-11-24T10:40:37.987+0800] {processor.py:179} INFO - Processing /home/azfarmustafa/airflow_tutorial/.venv/lib/python3.10/site-packages/airflow/example_dags/plugins/event_listener.py took 0.017 seconds
[2023-11-24T10:41:24.315+0800] {processor.py:157} INFO - Started process (PID=59680) to work on /home/azfarmustafa/airflow_tutorial/.venv/lib/python3.10/site-packages/airflow/example_dags/plugins/event_listener.py
[2023-11-24T10:41:24.319+0800] {processor.py:829} INFO - Processing file /home/azfarmustafa/airflow_tutorial/.venv/lib/python3.10/site-packages/airflow/example_dags/plugins/event_listener.py for tasks to queue
[2023-11-24T10:41:24.320+0800] {logging_mixin.py:154} INFO - [2023-11-24T10:41:24.319+0800] {dagbag.py:536} INFO - Filling up the DagBag from /home/azfarmustafa/airflow_tutorial/.venv/lib/python3.10/site-packages/airflow/example_dags/plugins/event_listener.py
[2023-11-24T10:41:24.322+0800] {processor.py:841} WARNING - No viable dags retrieved from /home/azfarmustafa/airflow_tutorial/.venv/lib/python3.10/site-packages/airflow/example_dags/plugins/event_listener.py
[2023-11-24T10:41:24.330+0800] {processor.py:179} INFO - Processing /home/azfarmustafa/airflow_tutorial/.venv/lib/python3.10/site-packages/airflow/example_dags/plugins/event_listener.py took 0.019 seconds
[2023-11-24T10:42:12.879+0800] {processor.py:157} INFO - Started process (PID=59729) to work on /home/azfarmustafa/airflow_tutorial/.venv/lib/python3.10/site-packages/airflow/example_dags/plugins/event_listener.py
[2023-11-24T10:42:12.883+0800] {processor.py:829} INFO - Processing file /home/azfarmustafa/airflow_tutorial/.venv/lib/python3.10/site-packages/airflow/example_dags/plugins/event_listener.py for tasks to queue
[2023-11-24T10:42:12.884+0800] {logging_mixin.py:154} INFO - [2023-11-24T10:42:12.883+0800] {dagbag.py:536} INFO - Filling up the DagBag from /home/azfarmustafa/airflow_tutorial/.venv/lib/python3.10/site-packages/airflow/example_dags/plugins/event_listener.py
[2023-11-24T10:42:12.885+0800] {processor.py:841} WARNING - No viable dags retrieved from /home/azfarmustafa/airflow_tutorial/.venv/lib/python3.10/site-packages/airflow/example_dags/plugins/event_listener.py
[2023-11-24T10:42:12.894+0800] {processor.py:179} INFO - Processing /home/azfarmustafa/airflow_tutorial/.venv/lib/python3.10/site-packages/airflow/example_dags/plugins/event_listener.py took 0.018 seconds
[2023-11-24T10:42:59.296+0800] {processor.py:157} INFO - Started process (PID=59776) to work on /home/azfarmustafa/airflow_tutorial/.venv/lib/python3.10/site-packages/airflow/example_dags/plugins/event_listener.py
[2023-11-24T10:42:59.300+0800] {processor.py:829} INFO - Processing file /home/azfarmustafa/airflow_tutorial/.venv/lib/python3.10/site-packages/airflow/example_dags/plugins/event_listener.py for tasks to queue
[2023-11-24T10:42:59.301+0800] {logging_mixin.py:154} INFO - [2023-11-24T10:42:59.301+0800] {dagbag.py:536} INFO - Filling up the DagBag from /home/azfarmustafa/airflow_tutorial/.venv/lib/python3.10/site-packages/airflow/example_dags/plugins/event_listener.py
[2023-11-24T10:42:59.303+0800] {processor.py:841} WARNING - No viable dags retrieved from /home/azfarmustafa/airflow_tutorial/.venv/lib/python3.10/site-packages/airflow/example_dags/plugins/event_listener.py
[2023-11-24T10:42:59.312+0800] {processor.py:179} INFO - Processing /home/azfarmustafa/airflow_tutorial/.venv/lib/python3.10/site-packages/airflow/example_dags/plugins/event_listener.py took 0.019 seconds
[2023-11-24T10:43:46.491+0800] {processor.py:157} INFO - Started process (PID=59824) to work on /home/azfarmustafa/airflow_tutorial/.venv/lib/python3.10/site-packages/airflow/example_dags/plugins/event_listener.py
[2023-11-24T10:43:46.493+0800] {processor.py:829} INFO - Processing file /home/azfarmustafa/airflow_tutorial/.venv/lib/python3.10/site-packages/airflow/example_dags/plugins/event_listener.py for tasks to queue
[2023-11-24T10:43:46.494+0800] {logging_mixin.py:154} INFO - [2023-11-24T10:43:46.493+0800] {dagbag.py:536} INFO - Filling up the DagBag from /home/azfarmustafa/airflow_tutorial/.venv/lib/python3.10/site-packages/airflow/example_dags/plugins/event_listener.py
[2023-11-24T10:43:46.496+0800] {processor.py:841} WARNING - No viable dags retrieved from /home/azfarmustafa/airflow_tutorial/.venv/lib/python3.10/site-packages/airflow/example_dags/plugins/event_listener.py
[2023-11-24T10:43:46.505+0800] {processor.py:179} INFO - Processing /home/azfarmustafa/airflow_tutorial/.venv/lib/python3.10/site-packages/airflow/example_dags/plugins/event_listener.py took 0.015 seconds
[2023-11-24T10:44:34.942+0800] {processor.py:157} INFO - Started process (PID=59874) to work on /home/azfarmustafa/airflow_tutorial/.venv/lib/python3.10/site-packages/airflow/example_dags/plugins/event_listener.py
[2023-11-24T10:44:34.946+0800] {processor.py:829} INFO - Processing file /home/azfarmustafa/airflow_tutorial/.venv/lib/python3.10/site-packages/airflow/example_dags/plugins/event_listener.py for tasks to queue
[2023-11-24T10:44:34.947+0800] {logging_mixin.py:154} INFO - [2023-11-24T10:44:34.946+0800] {dagbag.py:536} INFO - Filling up the DagBag from /home/azfarmustafa/airflow_tutorial/.venv/lib/python3.10/site-packages/airflow/example_dags/plugins/event_listener.py
[2023-11-24T10:44:34.948+0800] {processor.py:841} WARNING - No viable dags retrieved from /home/azfarmustafa/airflow_tutorial/.venv/lib/python3.10/site-packages/airflow/example_dags/plugins/event_listener.py
[2023-11-24T10:44:34.957+0800] {processor.py:179} INFO - Processing /home/azfarmustafa/airflow_tutorial/.venv/lib/python3.10/site-packages/airflow/example_dags/plugins/event_listener.py took 0.018 seconds
[2023-11-24T10:45:23.381+0800] {processor.py:157} INFO - Started process (PID=59922) to work on /home/azfarmustafa/airflow_tutorial/.venv/lib/python3.10/site-packages/airflow/example_dags/plugins/event_listener.py
[2023-11-24T10:45:23.382+0800] {processor.py:829} INFO - Processing file /home/azfarmustafa/airflow_tutorial/.venv/lib/python3.10/site-packages/airflow/example_dags/plugins/event_listener.py for tasks to queue
[2023-11-24T10:45:23.382+0800] {logging_mixin.py:154} INFO - [2023-11-24T10:45:23.382+0800] {dagbag.py:536} INFO - Filling up the DagBag from /home/azfarmustafa/airflow_tutorial/.venv/lib/python3.10/site-packages/airflow/example_dags/plugins/event_listener.py
[2023-11-24T10:45:23.384+0800] {processor.py:841} WARNING - No viable dags retrieved from /home/azfarmustafa/airflow_tutorial/.venv/lib/python3.10/site-packages/airflow/example_dags/plugins/event_listener.py
[2023-11-24T10:45:23.394+0800] {processor.py:179} INFO - Processing /home/azfarmustafa/airflow_tutorial/.venv/lib/python3.10/site-packages/airflow/example_dags/plugins/event_listener.py took 0.016 seconds
[2023-11-24T10:46:09.982+0800] {processor.py:157} INFO - Started process (PID=59970) to work on /home/azfarmustafa/airflow_tutorial/.venv/lib/python3.10/site-packages/airflow/example_dags/plugins/event_listener.py
[2023-11-24T10:46:09.988+0800] {processor.py:829} INFO - Processing file /home/azfarmustafa/airflow_tutorial/.venv/lib/python3.10/site-packages/airflow/example_dags/plugins/event_listener.py for tasks to queue
[2023-11-24T10:46:09.989+0800] {logging_mixin.py:154} INFO - [2023-11-24T10:46:09.989+0800] {dagbag.py:536} INFO - Filling up the DagBag from /home/azfarmustafa/airflow_tutorial/.venv/lib/python3.10/site-packages/airflow/example_dags/plugins/event_listener.py
[2023-11-24T10:46:09.994+0800] {processor.py:841} WARNING - No viable dags retrieved from /home/azfarmustafa/airflow_tutorial/.venv/lib/python3.10/site-packages/airflow/example_dags/plugins/event_listener.py
[2023-11-24T10:46:10.007+0800] {processor.py:179} INFO - Processing /home/azfarmustafa/airflow_tutorial/.venv/lib/python3.10/site-packages/airflow/example_dags/plugins/event_listener.py took 0.028 seconds
[2023-11-24T10:46:55.531+0800] {processor.py:157} INFO - Started process (PID=60016) to work on /home/azfarmustafa/airflow_tutorial/.venv/lib/python3.10/site-packages/airflow/example_dags/plugins/event_listener.py
[2023-11-24T10:46:55.532+0800] {processor.py:829} INFO - Processing file /home/azfarmustafa/airflow_tutorial/.venv/lib/python3.10/site-packages/airflow/example_dags/plugins/event_listener.py for tasks to queue
[2023-11-24T10:46:55.533+0800] {logging_mixin.py:154} INFO - [2023-11-24T10:46:55.533+0800] {dagbag.py:536} INFO - Filling up the DagBag from /home/azfarmustafa/airflow_tutorial/.venv/lib/python3.10/site-packages/airflow/example_dags/plugins/event_listener.py
[2023-11-24T10:46:55.535+0800] {processor.py:841} WARNING - No viable dags retrieved from /home/azfarmustafa/airflow_tutorial/.venv/lib/python3.10/site-packages/airflow/example_dags/plugins/event_listener.py
[2023-11-24T10:46:55.544+0800] {processor.py:179} INFO - Processing /home/azfarmustafa/airflow_tutorial/.venv/lib/python3.10/site-packages/airflow/example_dags/plugins/event_listener.py took 0.015 seconds
[2023-11-24T10:47:39.159+0800] {processor.py:157} INFO - Started process (PID=60068) to work on /home/azfarmustafa/airflow_tutorial/.venv/lib/python3.10/site-packages/airflow/example_dags/plugins/event_listener.py
[2023-11-24T10:47:39.163+0800] {processor.py:829} INFO - Processing file /home/azfarmustafa/airflow_tutorial/.venv/lib/python3.10/site-packages/airflow/example_dags/plugins/event_listener.py for tasks to queue
[2023-11-24T10:47:39.164+0800] {logging_mixin.py:154} INFO - [2023-11-24T10:47:39.164+0800] {dagbag.py:536} INFO - Filling up the DagBag from /home/azfarmustafa/airflow_tutorial/.venv/lib/python3.10/site-packages/airflow/example_dags/plugins/event_listener.py
[2023-11-24T10:47:39.166+0800] {processor.py:841} WARNING - No viable dags retrieved from /home/azfarmustafa/airflow_tutorial/.venv/lib/python3.10/site-packages/airflow/example_dags/plugins/event_listener.py
[2023-11-24T10:47:39.178+0800] {processor.py:179} INFO - Processing /home/azfarmustafa/airflow_tutorial/.venv/lib/python3.10/site-packages/airflow/example_dags/plugins/event_listener.py took 0.024 seconds
[2023-11-24T10:48:25.757+0800] {processor.py:157} INFO - Started process (PID=60116) to work on /home/azfarmustafa/airflow_tutorial/.venv/lib/python3.10/site-packages/airflow/example_dags/plugins/event_listener.py
[2023-11-24T10:48:25.761+0800] {processor.py:829} INFO - Processing file /home/azfarmustafa/airflow_tutorial/.venv/lib/python3.10/site-packages/airflow/example_dags/plugins/event_listener.py for tasks to queue
[2023-11-24T10:48:25.762+0800] {logging_mixin.py:154} INFO - [2023-11-24T10:48:25.762+0800] {dagbag.py:536} INFO - Filling up the DagBag from /home/azfarmustafa/airflow_tutorial/.venv/lib/python3.10/site-packages/airflow/example_dags/plugins/event_listener.py
[2023-11-24T10:48:25.764+0800] {processor.py:841} WARNING - No viable dags retrieved from /home/azfarmustafa/airflow_tutorial/.venv/lib/python3.10/site-packages/airflow/example_dags/plugins/event_listener.py
[2023-11-24T10:48:25.773+0800] {processor.py:179} INFO - Processing /home/azfarmustafa/airflow_tutorial/.venv/lib/python3.10/site-packages/airflow/example_dags/plugins/event_listener.py took 0.019 seconds
[2023-11-24T10:49:14.650+0800] {processor.py:157} INFO - Started process (PID=60164) to work on /home/azfarmustafa/airflow_tutorial/.venv/lib/python3.10/site-packages/airflow/example_dags/plugins/event_listener.py
[2023-11-24T10:49:14.655+0800] {processor.py:829} INFO - Processing file /home/azfarmustafa/airflow_tutorial/.venv/lib/python3.10/site-packages/airflow/example_dags/plugins/event_listener.py for tasks to queue
[2023-11-24T10:49:14.656+0800] {logging_mixin.py:154} INFO - [2023-11-24T10:49:14.655+0800] {dagbag.py:536} INFO - Filling up the DagBag from /home/azfarmustafa/airflow_tutorial/.venv/lib/python3.10/site-packages/airflow/example_dags/plugins/event_listener.py
[2023-11-24T10:49:14.657+0800] {processor.py:841} WARNING - No viable dags retrieved from /home/azfarmustafa/airflow_tutorial/.venv/lib/python3.10/site-packages/airflow/example_dags/plugins/event_listener.py
[2023-11-24T10:49:14.668+0800] {processor.py:179} INFO - Processing /home/azfarmustafa/airflow_tutorial/.venv/lib/python3.10/site-packages/airflow/example_dags/plugins/event_listener.py took 0.021 seconds
[2023-11-24T10:50:00.851+0800] {processor.py:157} INFO - Started process (PID=60212) to work on /home/azfarmustafa/airflow_tutorial/.venv/lib/python3.10/site-packages/airflow/example_dags/plugins/event_listener.py
[2023-11-24T10:50:00.857+0800] {processor.py:829} INFO - Processing file /home/azfarmustafa/airflow_tutorial/.venv/lib/python3.10/site-packages/airflow/example_dags/plugins/event_listener.py for tasks to queue
[2023-11-24T10:50:00.858+0800] {logging_mixin.py:154} INFO - [2023-11-24T10:50:00.858+0800] {dagbag.py:536} INFO - Filling up the DagBag from /home/azfarmustafa/airflow_tutorial/.venv/lib/python3.10/site-packages/airflow/example_dags/plugins/event_listener.py
[2023-11-24T10:50:00.861+0800] {processor.py:841} WARNING - No viable dags retrieved from /home/azfarmustafa/airflow_tutorial/.venv/lib/python3.10/site-packages/airflow/example_dags/plugins/event_listener.py
[2023-11-24T10:50:00.870+0800] {processor.py:179} INFO - Processing /home/azfarmustafa/airflow_tutorial/.venv/lib/python3.10/site-packages/airflow/example_dags/plugins/event_listener.py took 0.021 seconds
[2023-11-24T10:50:48.597+0800] {processor.py:157} INFO - Started process (PID=60260) to work on /home/azfarmustafa/airflow_tutorial/.venv/lib/python3.10/site-packages/airflow/example_dags/plugins/event_listener.py
[2023-11-24T10:50:48.602+0800] {processor.py:829} INFO - Processing file /home/azfarmustafa/airflow_tutorial/.venv/lib/python3.10/site-packages/airflow/example_dags/plugins/event_listener.py for tasks to queue
[2023-11-24T10:50:48.603+0800] {logging_mixin.py:154} INFO - [2023-11-24T10:50:48.602+0800] {dagbag.py:536} INFO - Filling up the DagBag from /home/azfarmustafa/airflow_tutorial/.venv/lib/python3.10/site-packages/airflow/example_dags/plugins/event_listener.py
[2023-11-24T10:50:48.605+0800] {processor.py:841} WARNING - No viable dags retrieved from /home/azfarmustafa/airflow_tutorial/.venv/lib/python3.10/site-packages/airflow/example_dags/plugins/event_listener.py
[2023-11-24T10:50:48.614+0800] {processor.py:179} INFO - Processing /home/azfarmustafa/airflow_tutorial/.venv/lib/python3.10/site-packages/airflow/example_dags/plugins/event_listener.py took 0.020 seconds
[2023-11-24T10:51:35.245+0800] {processor.py:157} INFO - Started process (PID=60308) to work on /home/azfarmustafa/airflow_tutorial/.venv/lib/python3.10/site-packages/airflow/example_dags/plugins/event_listener.py
[2023-11-24T10:51:35.249+0800] {processor.py:829} INFO - Processing file /home/azfarmustafa/airflow_tutorial/.venv/lib/python3.10/site-packages/airflow/example_dags/plugins/event_listener.py for tasks to queue
[2023-11-24T10:51:35.250+0800] {logging_mixin.py:154} INFO - [2023-11-24T10:51:35.250+0800] {dagbag.py:536} INFO - Filling up the DagBag from /home/azfarmustafa/airflow_tutorial/.venv/lib/python3.10/site-packages/airflow/example_dags/plugins/event_listener.py
[2023-11-24T10:51:35.252+0800] {processor.py:841} WARNING - No viable dags retrieved from /home/azfarmustafa/airflow_tutorial/.venv/lib/python3.10/site-packages/airflow/example_dags/plugins/event_listener.py
[2023-11-24T10:51:35.261+0800] {processor.py:179} INFO - Processing /home/azfarmustafa/airflow_tutorial/.venv/lib/python3.10/site-packages/airflow/example_dags/plugins/event_listener.py took 0.019 seconds
[2023-11-24T10:52:22.730+0800] {processor.py:157} INFO - Started process (PID=60356) to work on /home/azfarmustafa/airflow_tutorial/.venv/lib/python3.10/site-packages/airflow/example_dags/plugins/event_listener.py
[2023-11-24T10:52:22.734+0800] {processor.py:829} INFO - Processing file /home/azfarmustafa/airflow_tutorial/.venv/lib/python3.10/site-packages/airflow/example_dags/plugins/event_listener.py for tasks to queue
[2023-11-24T10:52:22.735+0800] {logging_mixin.py:154} INFO - [2023-11-24T10:52:22.735+0800] {dagbag.py:536} INFO - Filling up the DagBag from /home/azfarmustafa/airflow_tutorial/.venv/lib/python3.10/site-packages/airflow/example_dags/plugins/event_listener.py
[2023-11-24T10:52:22.738+0800] {processor.py:841} WARNING - No viable dags retrieved from /home/azfarmustafa/airflow_tutorial/.venv/lib/python3.10/site-packages/airflow/example_dags/plugins/event_listener.py
[2023-11-24T10:52:22.746+0800] {processor.py:179} INFO - Processing /home/azfarmustafa/airflow_tutorial/.venv/lib/python3.10/site-packages/airflow/example_dags/plugins/event_listener.py took 0.019 seconds
[2023-11-24T10:53:13.438+0800] {processor.py:157} INFO - Started process (PID=60406) to work on /home/azfarmustafa/airflow_tutorial/.venv/lib/python3.10/site-packages/airflow/example_dags/plugins/event_listener.py
[2023-11-24T10:53:13.442+0800] {processor.py:829} INFO - Processing file /home/azfarmustafa/airflow_tutorial/.venv/lib/python3.10/site-packages/airflow/example_dags/plugins/event_listener.py for tasks to queue
[2023-11-24T10:53:13.442+0800] {logging_mixin.py:154} INFO - [2023-11-24T10:53:13.442+0800] {dagbag.py:536} INFO - Filling up the DagBag from /home/azfarmustafa/airflow_tutorial/.venv/lib/python3.10/site-packages/airflow/example_dags/plugins/event_listener.py
[2023-11-24T10:53:13.444+0800] {processor.py:841} WARNING - No viable dags retrieved from /home/azfarmustafa/airflow_tutorial/.venv/lib/python3.10/site-packages/airflow/example_dags/plugins/event_listener.py
[2023-11-24T10:53:13.453+0800] {processor.py:179} INFO - Processing /home/azfarmustafa/airflow_tutorial/.venv/lib/python3.10/site-packages/airflow/example_dags/plugins/event_listener.py took 0.018 seconds
[2023-11-24T10:53:58.829+0800] {processor.py:157} INFO - Started process (PID=60459) to work on /home/azfarmustafa/airflow_tutorial/.venv/lib/python3.10/site-packages/airflow/example_dags/plugins/event_listener.py
[2023-11-24T10:53:58.833+0800] {processor.py:829} INFO - Processing file /home/azfarmustafa/airflow_tutorial/.venv/lib/python3.10/site-packages/airflow/example_dags/plugins/event_listener.py for tasks to queue
[2023-11-24T10:53:58.834+0800] {logging_mixin.py:154} INFO - [2023-11-24T10:53:58.834+0800] {dagbag.py:536} INFO - Filling up the DagBag from /home/azfarmustafa/airflow_tutorial/.venv/lib/python3.10/site-packages/airflow/example_dags/plugins/event_listener.py
[2023-11-24T10:53:58.836+0800] {processor.py:841} WARNING - No viable dags retrieved from /home/azfarmustafa/airflow_tutorial/.venv/lib/python3.10/site-packages/airflow/example_dags/plugins/event_listener.py
[2023-11-24T10:53:58.845+0800] {processor.py:179} INFO - Processing /home/azfarmustafa/airflow_tutorial/.venv/lib/python3.10/site-packages/airflow/example_dags/plugins/event_listener.py took 0.018 seconds
[2023-11-24T10:54:47.440+0800] {processor.py:157} INFO - Started process (PID=60508) to work on /home/azfarmustafa/airflow_tutorial/.venv/lib/python3.10/site-packages/airflow/example_dags/plugins/event_listener.py
[2023-11-24T10:54:47.445+0800] {processor.py:829} INFO - Processing file /home/azfarmustafa/airflow_tutorial/.venv/lib/python3.10/site-packages/airflow/example_dags/plugins/event_listener.py for tasks to queue
[2023-11-24T10:54:47.445+0800] {logging_mixin.py:154} INFO - [2023-11-24T10:54:47.445+0800] {dagbag.py:536} INFO - Filling up the DagBag from /home/azfarmustafa/airflow_tutorial/.venv/lib/python3.10/site-packages/airflow/example_dags/plugins/event_listener.py
[2023-11-24T10:54:47.447+0800] {processor.py:841} WARNING - No viable dags retrieved from /home/azfarmustafa/airflow_tutorial/.venv/lib/python3.10/site-packages/airflow/example_dags/plugins/event_listener.py
[2023-11-24T10:54:47.458+0800] {processor.py:179} INFO - Processing /home/azfarmustafa/airflow_tutorial/.venv/lib/python3.10/site-packages/airflow/example_dags/plugins/event_listener.py took 0.019 seconds
[2023-11-24T10:55:33.303+0800] {processor.py:157} INFO - Started process (PID=60555) to work on /home/azfarmustafa/airflow_tutorial/.venv/lib/python3.10/site-packages/airflow/example_dags/plugins/event_listener.py
[2023-11-24T10:55:33.308+0800] {processor.py:829} INFO - Processing file /home/azfarmustafa/airflow_tutorial/.venv/lib/python3.10/site-packages/airflow/example_dags/plugins/event_listener.py for tasks to queue
[2023-11-24T10:55:33.308+0800] {logging_mixin.py:154} INFO - [2023-11-24T10:55:33.308+0800] {dagbag.py:536} INFO - Filling up the DagBag from /home/azfarmustafa/airflow_tutorial/.venv/lib/python3.10/site-packages/airflow/example_dags/plugins/event_listener.py
[2023-11-24T10:55:33.310+0800] {processor.py:841} WARNING - No viable dags retrieved from /home/azfarmustafa/airflow_tutorial/.venv/lib/python3.10/site-packages/airflow/example_dags/plugins/event_listener.py
[2023-11-24T10:55:33.318+0800] {processor.py:179} INFO - Processing /home/azfarmustafa/airflow_tutorial/.venv/lib/python3.10/site-packages/airflow/example_dags/plugins/event_listener.py took 0.018 seconds
[2023-11-24T10:56:20.357+0800] {processor.py:157} INFO - Started process (PID=60603) to work on /home/azfarmustafa/airflow_tutorial/.venv/lib/python3.10/site-packages/airflow/example_dags/plugins/event_listener.py
[2023-11-24T10:56:20.361+0800] {processor.py:829} INFO - Processing file /home/azfarmustafa/airflow_tutorial/.venv/lib/python3.10/site-packages/airflow/example_dags/plugins/event_listener.py for tasks to queue
[2023-11-24T10:56:20.362+0800] {logging_mixin.py:154} INFO - [2023-11-24T10:56:20.362+0800] {dagbag.py:536} INFO - Filling up the DagBag from /home/azfarmustafa/airflow_tutorial/.venv/lib/python3.10/site-packages/airflow/example_dags/plugins/event_listener.py
[2023-11-24T10:56:20.365+0800] {processor.py:841} WARNING - No viable dags retrieved from /home/azfarmustafa/airflow_tutorial/.venv/lib/python3.10/site-packages/airflow/example_dags/plugins/event_listener.py
[2023-11-24T10:56:20.374+0800] {processor.py:179} INFO - Processing /home/azfarmustafa/airflow_tutorial/.venv/lib/python3.10/site-packages/airflow/example_dags/plugins/event_listener.py took 0.020 seconds
[2023-11-24T10:57:03.815+0800] {processor.py:157} INFO - Started process (PID=60648) to work on /home/azfarmustafa/airflow_tutorial/.venv/lib/python3.10/site-packages/airflow/example_dags/plugins/event_listener.py
[2023-11-24T10:57:03.820+0800] {processor.py:829} INFO - Processing file /home/azfarmustafa/airflow_tutorial/.venv/lib/python3.10/site-packages/airflow/example_dags/plugins/event_listener.py for tasks to queue
[2023-11-24T10:57:03.821+0800] {logging_mixin.py:154} INFO - [2023-11-24T10:57:03.821+0800] {dagbag.py:536} INFO - Filling up the DagBag from /home/azfarmustafa/airflow_tutorial/.venv/lib/python3.10/site-packages/airflow/example_dags/plugins/event_listener.py
[2023-11-24T10:57:03.823+0800] {processor.py:841} WARNING - No viable dags retrieved from /home/azfarmustafa/airflow_tutorial/.venv/lib/python3.10/site-packages/airflow/example_dags/plugins/event_listener.py
[2023-11-24T10:57:03.835+0800] {processor.py:179} INFO - Processing /home/azfarmustafa/airflow_tutorial/.venv/lib/python3.10/site-packages/airflow/example_dags/plugins/event_listener.py took 0.023 seconds
[2023-11-24T10:57:47.501+0800] {processor.py:157} INFO - Started process (PID=60694) to work on /home/azfarmustafa/airflow_tutorial/.venv/lib/python3.10/site-packages/airflow/example_dags/plugins/event_listener.py
[2023-11-24T10:57:47.505+0800] {processor.py:829} INFO - Processing file /home/azfarmustafa/airflow_tutorial/.venv/lib/python3.10/site-packages/airflow/example_dags/plugins/event_listener.py for tasks to queue
[2023-11-24T10:57:47.507+0800] {logging_mixin.py:154} INFO - [2023-11-24T10:57:47.506+0800] {dagbag.py:536} INFO - Filling up the DagBag from /home/azfarmustafa/airflow_tutorial/.venv/lib/python3.10/site-packages/airflow/example_dags/plugins/event_listener.py
[2023-11-24T10:57:47.509+0800] {processor.py:841} WARNING - No viable dags retrieved from /home/azfarmustafa/airflow_tutorial/.venv/lib/python3.10/site-packages/airflow/example_dags/plugins/event_listener.py
[2023-11-24T10:57:47.519+0800] {processor.py:179} INFO - Processing /home/azfarmustafa/airflow_tutorial/.venv/lib/python3.10/site-packages/airflow/example_dags/plugins/event_listener.py took 0.020 seconds
[2023-11-24T10:58:35.644+0800] {processor.py:157} INFO - Started process (PID=60742) to work on /home/azfarmustafa/airflow_tutorial/.venv/lib/python3.10/site-packages/airflow/example_dags/plugins/event_listener.py
[2023-11-24T10:58:35.646+0800] {processor.py:829} INFO - Processing file /home/azfarmustafa/airflow_tutorial/.venv/lib/python3.10/site-packages/airflow/example_dags/plugins/event_listener.py for tasks to queue
[2023-11-24T10:58:35.647+0800] {logging_mixin.py:154} INFO - [2023-11-24T10:58:35.646+0800] {dagbag.py:536} INFO - Filling up the DagBag from /home/azfarmustafa/airflow_tutorial/.venv/lib/python3.10/site-packages/airflow/example_dags/plugins/event_listener.py
[2023-11-24T10:58:35.651+0800] {processor.py:841} WARNING - No viable dags retrieved from /home/azfarmustafa/airflow_tutorial/.venv/lib/python3.10/site-packages/airflow/example_dags/plugins/event_listener.py
[2023-11-24T10:58:35.660+0800] {processor.py:179} INFO - Processing /home/azfarmustafa/airflow_tutorial/.venv/lib/python3.10/site-packages/airflow/example_dags/plugins/event_listener.py took 0.020 seconds
[2023-11-24T10:59:21.022+0800] {processor.py:157} INFO - Started process (PID=60789) to work on /home/azfarmustafa/airflow_tutorial/.venv/lib/python3.10/site-packages/airflow/example_dags/plugins/event_listener.py
[2023-11-24T10:59:21.024+0800] {processor.py:829} INFO - Processing file /home/azfarmustafa/airflow_tutorial/.venv/lib/python3.10/site-packages/airflow/example_dags/plugins/event_listener.py for tasks to queue
[2023-11-24T10:59:21.025+0800] {logging_mixin.py:154} INFO - [2023-11-24T10:59:21.024+0800] {dagbag.py:536} INFO - Filling up the DagBag from /home/azfarmustafa/airflow_tutorial/.venv/lib/python3.10/site-packages/airflow/example_dags/plugins/event_listener.py
[2023-11-24T10:59:21.028+0800] {processor.py:841} WARNING - No viable dags retrieved from /home/azfarmustafa/airflow_tutorial/.venv/lib/python3.10/site-packages/airflow/example_dags/plugins/event_listener.py
[2023-11-24T10:59:21.037+0800] {processor.py:179} INFO - Processing /home/azfarmustafa/airflow_tutorial/.venv/lib/python3.10/site-packages/airflow/example_dags/plugins/event_listener.py took 0.017 seconds
[2023-11-24T11:00:06.343+0800] {processor.py:157} INFO - Started process (PID=60842) to work on /home/azfarmustafa/airflow_tutorial/.venv/lib/python3.10/site-packages/airflow/example_dags/plugins/event_listener.py
[2023-11-24T11:00:06.345+0800] {processor.py:829} INFO - Processing file /home/azfarmustafa/airflow_tutorial/.venv/lib/python3.10/site-packages/airflow/example_dags/plugins/event_listener.py for tasks to queue
[2023-11-24T11:00:06.346+0800] {logging_mixin.py:154} INFO - [2023-11-24T11:00:06.345+0800] {dagbag.py:536} INFO - Filling up the DagBag from /home/azfarmustafa/airflow_tutorial/.venv/lib/python3.10/site-packages/airflow/example_dags/plugins/event_listener.py
[2023-11-24T11:00:06.348+0800] {processor.py:841} WARNING - No viable dags retrieved from /home/azfarmustafa/airflow_tutorial/.venv/lib/python3.10/site-packages/airflow/example_dags/plugins/event_listener.py
[2023-11-24T11:00:06.358+0800] {processor.py:179} INFO - Processing /home/azfarmustafa/airflow_tutorial/.venv/lib/python3.10/site-packages/airflow/example_dags/plugins/event_listener.py took 0.018 seconds
[2023-11-24T11:00:49.767+0800] {processor.py:157} INFO - Started process (PID=60888) to work on /home/azfarmustafa/airflow_tutorial/.venv/lib/python3.10/site-packages/airflow/example_dags/plugins/event_listener.py
[2023-11-24T11:00:49.771+0800] {processor.py:829} INFO - Processing file /home/azfarmustafa/airflow_tutorial/.venv/lib/python3.10/site-packages/airflow/example_dags/plugins/event_listener.py for tasks to queue
[2023-11-24T11:00:49.772+0800] {logging_mixin.py:154} INFO - [2023-11-24T11:00:49.772+0800] {dagbag.py:536} INFO - Filling up the DagBag from /home/azfarmustafa/airflow_tutorial/.venv/lib/python3.10/site-packages/airflow/example_dags/plugins/event_listener.py
[2023-11-24T11:00:49.774+0800] {processor.py:841} WARNING - No viable dags retrieved from /home/azfarmustafa/airflow_tutorial/.venv/lib/python3.10/site-packages/airflow/example_dags/plugins/event_listener.py
[2023-11-24T11:00:49.782+0800] {processor.py:179} INFO - Processing /home/azfarmustafa/airflow_tutorial/.venv/lib/python3.10/site-packages/airflow/example_dags/plugins/event_listener.py took 0.017 seconds
[2023-11-24T11:01:38.708+0800] {processor.py:157} INFO - Started process (PID=60938) to work on /home/azfarmustafa/airflow_tutorial/.venv/lib/python3.10/site-packages/airflow/example_dags/plugins/event_listener.py
[2023-11-24T11:01:38.713+0800] {processor.py:829} INFO - Processing file /home/azfarmustafa/airflow_tutorial/.venv/lib/python3.10/site-packages/airflow/example_dags/plugins/event_listener.py for tasks to queue
[2023-11-24T11:01:38.714+0800] {logging_mixin.py:154} INFO - [2023-11-24T11:01:38.714+0800] {dagbag.py:536} INFO - Filling up the DagBag from /home/azfarmustafa/airflow_tutorial/.venv/lib/python3.10/site-packages/airflow/example_dags/plugins/event_listener.py
[2023-11-24T11:01:38.716+0800] {processor.py:841} WARNING - No viable dags retrieved from /home/azfarmustafa/airflow_tutorial/.venv/lib/python3.10/site-packages/airflow/example_dags/plugins/event_listener.py
[2023-11-24T11:01:38.724+0800] {processor.py:179} INFO - Processing /home/azfarmustafa/airflow_tutorial/.venv/lib/python3.10/site-packages/airflow/example_dags/plugins/event_listener.py took 0.019 seconds
[2023-11-24T11:02:25.349+0800] {processor.py:157} INFO - Started process (PID=60985) to work on /home/azfarmustafa/airflow_tutorial/.venv/lib/python3.10/site-packages/airflow/example_dags/plugins/event_listener.py
[2023-11-24T11:02:25.353+0800] {processor.py:829} INFO - Processing file /home/azfarmustafa/airflow_tutorial/.venv/lib/python3.10/site-packages/airflow/example_dags/plugins/event_listener.py for tasks to queue
[2023-11-24T11:02:25.354+0800] {logging_mixin.py:154} INFO - [2023-11-24T11:02:25.354+0800] {dagbag.py:536} INFO - Filling up the DagBag from /home/azfarmustafa/airflow_tutorial/.venv/lib/python3.10/site-packages/airflow/example_dags/plugins/event_listener.py
[2023-11-24T11:02:25.356+0800] {processor.py:841} WARNING - No viable dags retrieved from /home/azfarmustafa/airflow_tutorial/.venv/lib/python3.10/site-packages/airflow/example_dags/plugins/event_listener.py
[2023-11-24T11:02:25.364+0800] {processor.py:179} INFO - Processing /home/azfarmustafa/airflow_tutorial/.venv/lib/python3.10/site-packages/airflow/example_dags/plugins/event_listener.py took 0.018 seconds
[2023-11-24T11:03:10.006+0800] {processor.py:157} INFO - Started process (PID=61034) to work on /home/azfarmustafa/airflow_tutorial/.venv/lib/python3.10/site-packages/airflow/example_dags/plugins/event_listener.py
[2023-11-24T11:03:10.008+0800] {processor.py:829} INFO - Processing file /home/azfarmustafa/airflow_tutorial/.venv/lib/python3.10/site-packages/airflow/example_dags/plugins/event_listener.py for tasks to queue
[2023-11-24T11:03:10.009+0800] {logging_mixin.py:154} INFO - [2023-11-24T11:03:10.008+0800] {dagbag.py:536} INFO - Filling up the DagBag from /home/azfarmustafa/airflow_tutorial/.venv/lib/python3.10/site-packages/airflow/example_dags/plugins/event_listener.py
[2023-11-24T11:03:10.011+0800] {processor.py:841} WARNING - No viable dags retrieved from /home/azfarmustafa/airflow_tutorial/.venv/lib/python3.10/site-packages/airflow/example_dags/plugins/event_listener.py
[2023-11-24T11:03:10.024+0800] {processor.py:179} INFO - Processing /home/azfarmustafa/airflow_tutorial/.venv/lib/python3.10/site-packages/airflow/example_dags/plugins/event_listener.py took 0.023 seconds
[2023-11-24T11:03:59.602+0800] {processor.py:157} INFO - Started process (PID=61086) to work on /home/azfarmustafa/airflow_tutorial/.venv/lib/python3.10/site-packages/airflow/example_dags/plugins/event_listener.py
[2023-11-24T11:03:59.606+0800] {processor.py:829} INFO - Processing file /home/azfarmustafa/airflow_tutorial/.venv/lib/python3.10/site-packages/airflow/example_dags/plugins/event_listener.py for tasks to queue
[2023-11-24T11:03:59.607+0800] {logging_mixin.py:154} INFO - [2023-11-24T11:03:59.606+0800] {dagbag.py:536} INFO - Filling up the DagBag from /home/azfarmustafa/airflow_tutorial/.venv/lib/python3.10/site-packages/airflow/example_dags/plugins/event_listener.py
[2023-11-24T11:03:59.609+0800] {processor.py:841} WARNING - No viable dags retrieved from /home/azfarmustafa/airflow_tutorial/.venv/lib/python3.10/site-packages/airflow/example_dags/plugins/event_listener.py
[2023-11-24T11:03:59.617+0800] {processor.py:179} INFO - Processing /home/azfarmustafa/airflow_tutorial/.venv/lib/python3.10/site-packages/airflow/example_dags/plugins/event_listener.py took 0.018 seconds
[2023-11-24T11:04:46.526+0800] {processor.py:157} INFO - Started process (PID=61136) to work on /home/azfarmustafa/airflow_tutorial/.venv/lib/python3.10/site-packages/airflow/example_dags/plugins/event_listener.py
[2023-11-24T11:04:46.536+0800] {processor.py:829} INFO - Processing file /home/azfarmustafa/airflow_tutorial/.venv/lib/python3.10/site-packages/airflow/example_dags/plugins/event_listener.py for tasks to queue
[2023-11-24T11:04:46.537+0800] {logging_mixin.py:154} INFO - [2023-11-24T11:04:46.537+0800] {dagbag.py:536} INFO - Filling up the DagBag from /home/azfarmustafa/airflow_tutorial/.venv/lib/python3.10/site-packages/airflow/example_dags/plugins/event_listener.py
[2023-11-24T11:04:46.543+0800] {processor.py:841} WARNING - No viable dags retrieved from /home/azfarmustafa/airflow_tutorial/.venv/lib/python3.10/site-packages/airflow/example_dags/plugins/event_listener.py
[2023-11-24T11:04:46.583+0800] {processor.py:179} INFO - Processing /home/azfarmustafa/airflow_tutorial/.venv/lib/python3.10/site-packages/airflow/example_dags/plugins/event_listener.py took 0.069 seconds
