[2023-11-24T10:25:46.899+0800] {processor.py:157} INFO - Started process (PID=58705) to work on /home/azfarmustafa/airflow_tutorial/.venv/lib/python3.10/site-packages/airflow/example_dags/plugins/listener_plugin.py
[2023-11-24T10:25:46.901+0800] {processor.py:829} INFO - Processing file /home/azfarmustafa/airflow_tutorial/.venv/lib/python3.10/site-packages/airflow/example_dags/plugins/listener_plugin.py for tasks to queue
[2023-11-24T10:25:46.902+0800] {logging_mixin.py:154} INFO - [2023-11-24T10:25:46.901+0800] {dagbag.py:536} INFO - Filling up the DagBag from /home/azfarmustafa/airflow_tutorial/.venv/lib/python3.10/site-packages/airflow/example_dags/plugins/listener_plugin.py
[2023-11-24T10:25:46.904+0800] {processor.py:841} WARNING - No viable dags retrieved from /home/azfarmustafa/airflow_tutorial/.venv/lib/python3.10/site-packages/airflow/example_dags/plugins/listener_plugin.py
[2023-11-24T10:25:46.913+0800] {processor.py:179} INFO - Processing /home/azfarmustafa/airflow_tutorial/.venv/lib/python3.10/site-packages/airflow/example_dags/plugins/listener_plugin.py took 0.017 seconds
[2023-11-24T10:26:33.513+0800] {processor.py:157} INFO - Started process (PID=58753) to work on /home/azfarmustafa/airflow_tutorial/.venv/lib/python3.10/site-packages/airflow/example_dags/plugins/listener_plugin.py
[2023-11-24T10:26:33.515+0800] {processor.py:829} INFO - Processing file /home/azfarmustafa/airflow_tutorial/.venv/lib/python3.10/site-packages/airflow/example_dags/plugins/listener_plugin.py for tasks to queue
[2023-11-24T10:26:33.516+0800] {logging_mixin.py:154} INFO - [2023-11-24T10:26:33.516+0800] {dagbag.py:536} INFO - Filling up the DagBag from /home/azfarmustafa/airflow_tutorial/.venv/lib/python3.10/site-packages/airflow/example_dags/plugins/listener_plugin.py
[2023-11-24T10:26:33.520+0800] {processor.py:841} WARNING - No viable dags retrieved from /home/azfarmustafa/airflow_tutorial/.venv/lib/python3.10/site-packages/airflow/example_dags/plugins/listener_plugin.py
[2023-11-24T10:26:33.531+0800] {processor.py:179} INFO - Processing /home/azfarmustafa/airflow_tutorial/.venv/lib/python3.10/site-packages/airflow/example_dags/plugins/listener_plugin.py took 0.022 seconds
[2023-11-24T10:27:19.705+0800] {processor.py:157} INFO - Started process (PID=58806) to work on /home/azfarmustafa/airflow_tutorial/.venv/lib/python3.10/site-packages/airflow/example_dags/plugins/listener_plugin.py
[2023-11-24T10:27:19.706+0800] {processor.py:829} INFO - Processing file /home/azfarmustafa/airflow_tutorial/.venv/lib/python3.10/site-packages/airflow/example_dags/plugins/listener_plugin.py for tasks to queue
[2023-11-24T10:27:19.707+0800] {logging_mixin.py:154} INFO - [2023-11-24T10:27:19.707+0800] {dagbag.py:536} INFO - Filling up the DagBag from /home/azfarmustafa/airflow_tutorial/.venv/lib/python3.10/site-packages/airflow/example_dags/plugins/listener_plugin.py
[2023-11-24T10:27:19.709+0800] {processor.py:841} WARNING - No viable dags retrieved from /home/azfarmustafa/airflow_tutorial/.venv/lib/python3.10/site-packages/airflow/example_dags/plugins/listener_plugin.py
[2023-11-24T10:27:19.718+0800] {processor.py:179} INFO - Processing /home/azfarmustafa/airflow_tutorial/.venv/lib/python3.10/site-packages/airflow/example_dags/plugins/listener_plugin.py took 0.017 seconds
[2023-11-24T10:28:05.608+0800] {processor.py:157} INFO - Started process (PID=58853) to work on /home/azfarmustafa/airflow_tutorial/.venv/lib/python3.10/site-packages/airflow/example_dags/plugins/listener_plugin.py
[2023-11-24T10:28:05.612+0800] {processor.py:829} INFO - Processing file /home/azfarmustafa/airflow_tutorial/.venv/lib/python3.10/site-packages/airflow/example_dags/plugins/listener_plugin.py for tasks to queue
[2023-11-24T10:28:05.612+0800] {logging_mixin.py:154} INFO - [2023-11-24T10:28:05.612+0800] {dagbag.py:536} INFO - Filling up the DagBag from /home/azfarmustafa/airflow_tutorial/.venv/lib/python3.10/site-packages/airflow/example_dags/plugins/listener_plugin.py
[2023-11-24T10:28:05.615+0800] {processor.py:841} WARNING - No viable dags retrieved from /home/azfarmustafa/airflow_tutorial/.venv/lib/python3.10/site-packages/airflow/example_dags/plugins/listener_plugin.py
[2023-11-24T10:28:05.623+0800] {processor.py:179} INFO - Processing /home/azfarmustafa/airflow_tutorial/.venv/lib/python3.10/site-packages/airflow/example_dags/plugins/listener_plugin.py took 0.017 seconds
[2023-11-24T10:28:54.838+0800] {processor.py:157} INFO - Started process (PID=58907) to work on /home/azfarmustafa/airflow_tutorial/.venv/lib/python3.10/site-packages/airflow/example_dags/plugins/listener_plugin.py
[2023-11-24T10:28:54.840+0800] {processor.py:829} INFO - Processing file /home/azfarmustafa/airflow_tutorial/.venv/lib/python3.10/site-packages/airflow/example_dags/plugins/listener_plugin.py for tasks to queue
[2023-11-24T10:28:54.841+0800] {logging_mixin.py:154} INFO - [2023-11-24T10:28:54.840+0800] {dagbag.py:536} INFO - Filling up the DagBag from /home/azfarmustafa/airflow_tutorial/.venv/lib/python3.10/site-packages/airflow/example_dags/plugins/listener_plugin.py
[2023-11-24T10:28:54.844+0800] {processor.py:841} WARNING - No viable dags retrieved from /home/azfarmustafa/airflow_tutorial/.venv/lib/python3.10/site-packages/airflow/example_dags/plugins/listener_plugin.py
[2023-11-24T10:28:54.854+0800] {processor.py:179} INFO - Processing /home/azfarmustafa/airflow_tutorial/.venv/lib/python3.10/site-packages/airflow/example_dags/plugins/listener_plugin.py took 0.037 seconds
[2023-11-24T10:29:40.873+0800] {processor.py:157} INFO - Started process (PID=58955) to work on /home/azfarmustafa/airflow_tutorial/.venv/lib/python3.10/site-packages/airflow/example_dags/plugins/listener_plugin.py
[2023-11-24T10:29:40.877+0800] {processor.py:829} INFO - Processing file /home/azfarmustafa/airflow_tutorial/.venv/lib/python3.10/site-packages/airflow/example_dags/plugins/listener_plugin.py for tasks to queue
[2023-11-24T10:29:40.877+0800] {logging_mixin.py:154} INFO - [2023-11-24T10:29:40.877+0800] {dagbag.py:536} INFO - Filling up the DagBag from /home/azfarmustafa/airflow_tutorial/.venv/lib/python3.10/site-packages/airflow/example_dags/plugins/listener_plugin.py
[2023-11-24T10:29:40.879+0800] {processor.py:841} WARNING - No viable dags retrieved from /home/azfarmustafa/airflow_tutorial/.venv/lib/python3.10/site-packages/airflow/example_dags/plugins/listener_plugin.py
[2023-11-24T10:29:40.890+0800] {processor.py:179} INFO - Processing /home/azfarmustafa/airflow_tutorial/.venv/lib/python3.10/site-packages/airflow/example_dags/plugins/listener_plugin.py took 0.019 seconds
[2023-11-24T10:30:28.553+0800] {processor.py:157} INFO - Started process (PID=59004) to work on /home/azfarmustafa/airflow_tutorial/.venv/lib/python3.10/site-packages/airflow/example_dags/plugins/listener_plugin.py
[2023-11-24T10:30:28.557+0800] {processor.py:829} INFO - Processing file /home/azfarmustafa/airflow_tutorial/.venv/lib/python3.10/site-packages/airflow/example_dags/plugins/listener_plugin.py for tasks to queue
[2023-11-24T10:30:28.558+0800] {logging_mixin.py:154} INFO - [2023-11-24T10:30:28.558+0800] {dagbag.py:536} INFO - Filling up the DagBag from /home/azfarmustafa/airflow_tutorial/.venv/lib/python3.10/site-packages/airflow/example_dags/plugins/listener_plugin.py
[2023-11-24T10:30:28.560+0800] {processor.py:841} WARNING - No viable dags retrieved from /home/azfarmustafa/airflow_tutorial/.venv/lib/python3.10/site-packages/airflow/example_dags/plugins/listener_plugin.py
[2023-11-24T10:30:28.568+0800] {processor.py:179} INFO - Processing /home/azfarmustafa/airflow_tutorial/.venv/lib/python3.10/site-packages/airflow/example_dags/plugins/listener_plugin.py took 0.017 seconds
[2023-11-24T10:31:16.540+0800] {processor.py:157} INFO - Started process (PID=59052) to work on /home/azfarmustafa/airflow_tutorial/.venv/lib/python3.10/site-packages/airflow/example_dags/plugins/listener_plugin.py
[2023-11-24T10:31:16.542+0800] {processor.py:829} INFO - Processing file /home/azfarmustafa/airflow_tutorial/.venv/lib/python3.10/site-packages/airflow/example_dags/plugins/listener_plugin.py for tasks to queue
[2023-11-24T10:31:16.543+0800] {logging_mixin.py:154} INFO - [2023-11-24T10:31:16.542+0800] {dagbag.py:536} INFO - Filling up the DagBag from /home/azfarmustafa/airflow_tutorial/.venv/lib/python3.10/site-packages/airflow/example_dags/plugins/listener_plugin.py
[2023-11-24T10:31:16.546+0800] {processor.py:841} WARNING - No viable dags retrieved from /home/azfarmustafa/airflow_tutorial/.venv/lib/python3.10/site-packages/airflow/example_dags/plugins/listener_plugin.py
[2023-11-24T10:31:16.554+0800] {processor.py:179} INFO - Processing /home/azfarmustafa/airflow_tutorial/.venv/lib/python3.10/site-packages/airflow/example_dags/plugins/listener_plugin.py took 0.017 seconds
[2023-11-24T10:32:00.847+0800] {processor.py:157} INFO - Started process (PID=59098) to work on /home/azfarmustafa/airflow_tutorial/.venv/lib/python3.10/site-packages/airflow/example_dags/plugins/listener_plugin.py
[2023-11-24T10:32:00.851+0800] {processor.py:829} INFO - Processing file /home/azfarmustafa/airflow_tutorial/.venv/lib/python3.10/site-packages/airflow/example_dags/plugins/listener_plugin.py for tasks to queue
[2023-11-24T10:32:00.852+0800] {logging_mixin.py:154} INFO - [2023-11-24T10:32:00.852+0800] {dagbag.py:536} INFO - Filling up the DagBag from /home/azfarmustafa/airflow_tutorial/.venv/lib/python3.10/site-packages/airflow/example_dags/plugins/listener_plugin.py
[2023-11-24T10:32:00.855+0800] {processor.py:841} WARNING - No viable dags retrieved from /home/azfarmustafa/airflow_tutorial/.venv/lib/python3.10/site-packages/airflow/example_dags/plugins/listener_plugin.py
[2023-11-24T10:32:00.867+0800] {processor.py:179} INFO - Processing /home/azfarmustafa/airflow_tutorial/.venv/lib/python3.10/site-packages/airflow/example_dags/plugins/listener_plugin.py took 0.024 seconds
[2023-11-24T10:32:51.303+0800] {processor.py:157} INFO - Started process (PID=59148) to work on /home/azfarmustafa/airflow_tutorial/.venv/lib/python3.10/site-packages/airflow/example_dags/plugins/listener_plugin.py
[2023-11-24T10:32:51.308+0800] {processor.py:829} INFO - Processing file /home/azfarmustafa/airflow_tutorial/.venv/lib/python3.10/site-packages/airflow/example_dags/plugins/listener_plugin.py for tasks to queue
[2023-11-24T10:32:51.308+0800] {logging_mixin.py:154} INFO - [2023-11-24T10:32:51.308+0800] {dagbag.py:536} INFO - Filling up the DagBag from /home/azfarmustafa/airflow_tutorial/.venv/lib/python3.10/site-packages/airflow/example_dags/plugins/listener_plugin.py
[2023-11-24T10:32:51.311+0800] {processor.py:841} WARNING - No viable dags retrieved from /home/azfarmustafa/airflow_tutorial/.venv/lib/python3.10/site-packages/airflow/example_dags/plugins/listener_plugin.py
[2023-11-24T10:32:51.322+0800] {processor.py:179} INFO - Processing /home/azfarmustafa/airflow_tutorial/.venv/lib/python3.10/site-packages/airflow/example_dags/plugins/listener_plugin.py took 0.021 seconds
[2023-11-24T10:33:43.060+0800] {processor.py:157} INFO - Started process (PID=59198) to work on /home/azfarmustafa/airflow_tutorial/.venv/lib/python3.10/site-packages/airflow/example_dags/plugins/listener_plugin.py
[2023-11-24T10:33:43.064+0800] {processor.py:829} INFO - Processing file /home/azfarmustafa/airflow_tutorial/.venv/lib/python3.10/site-packages/airflow/example_dags/plugins/listener_plugin.py for tasks to queue
[2023-11-24T10:33:43.065+0800] {logging_mixin.py:154} INFO - [2023-11-24T10:33:43.065+0800] {dagbag.py:536} INFO - Filling up the DagBag from /home/azfarmustafa/airflow_tutorial/.venv/lib/python3.10/site-packages/airflow/example_dags/plugins/listener_plugin.py
[2023-11-24T10:33:43.068+0800] {processor.py:841} WARNING - No viable dags retrieved from /home/azfarmustafa/airflow_tutorial/.venv/lib/python3.10/site-packages/airflow/example_dags/plugins/listener_plugin.py
[2023-11-24T10:33:43.077+0800] {processor.py:179} INFO - Processing /home/azfarmustafa/airflow_tutorial/.venv/lib/python3.10/site-packages/airflow/example_dags/plugins/listener_plugin.py took 0.020 seconds
[2023-11-24T10:34:33.168+0800] {processor.py:157} INFO - Started process (PID=59249) to work on /home/azfarmustafa/airflow_tutorial/.venv/lib/python3.10/site-packages/airflow/example_dags/plugins/listener_plugin.py
[2023-11-24T10:34:33.172+0800] {processor.py:829} INFO - Processing file /home/azfarmustafa/airflow_tutorial/.venv/lib/python3.10/site-packages/airflow/example_dags/plugins/listener_plugin.py for tasks to queue
[2023-11-24T10:34:33.173+0800] {logging_mixin.py:154} INFO - [2023-11-24T10:34:33.173+0800] {dagbag.py:536} INFO - Filling up the DagBag from /home/azfarmustafa/airflow_tutorial/.venv/lib/python3.10/site-packages/airflow/example_dags/plugins/listener_plugin.py
[2023-11-24T10:34:33.177+0800] {processor.py:841} WARNING - No viable dags retrieved from /home/azfarmustafa/airflow_tutorial/.venv/lib/python3.10/site-packages/airflow/example_dags/plugins/listener_plugin.py
[2023-11-24T10:34:33.188+0800] {processor.py:179} INFO - Processing /home/azfarmustafa/airflow_tutorial/.venv/lib/python3.10/site-packages/airflow/example_dags/plugins/listener_plugin.py took 0.022 seconds
[2023-11-24T10:35:17.563+0800] {processor.py:157} INFO - Started process (PID=59300) to work on /home/azfarmustafa/airflow_tutorial/.venv/lib/python3.10/site-packages/airflow/example_dags/plugins/listener_plugin.py
[2023-11-24T10:35:17.567+0800] {processor.py:829} INFO - Processing file /home/azfarmustafa/airflow_tutorial/.venv/lib/python3.10/site-packages/airflow/example_dags/plugins/listener_plugin.py for tasks to queue
[2023-11-24T10:35:17.568+0800] {logging_mixin.py:154} INFO - [2023-11-24T10:35:17.568+0800] {dagbag.py:536} INFO - Filling up the DagBag from /home/azfarmustafa/airflow_tutorial/.venv/lib/python3.10/site-packages/airflow/example_dags/plugins/listener_plugin.py
[2023-11-24T10:35:17.571+0800] {processor.py:841} WARNING - No viable dags retrieved from /home/azfarmustafa/airflow_tutorial/.venv/lib/python3.10/site-packages/airflow/example_dags/plugins/listener_plugin.py
[2023-11-24T10:35:17.579+0800] {processor.py:179} INFO - Processing /home/azfarmustafa/airflow_tutorial/.venv/lib/python3.10/site-packages/airflow/example_dags/plugins/listener_plugin.py took 0.020 seconds
[2023-11-24T10:36:00.188+0800] {processor.py:157} INFO - Started process (PID=59346) to work on /home/azfarmustafa/airflow_tutorial/.venv/lib/python3.10/site-packages/airflow/example_dags/plugins/listener_plugin.py
[2023-11-24T10:36:00.189+0800] {processor.py:829} INFO - Processing file /home/azfarmustafa/airflow_tutorial/.venv/lib/python3.10/site-packages/airflow/example_dags/plugins/listener_plugin.py for tasks to queue
[2023-11-24T10:36:00.190+0800] {logging_mixin.py:154} INFO - [2023-11-24T10:36:00.189+0800] {dagbag.py:536} INFO - Filling up the DagBag from /home/azfarmustafa/airflow_tutorial/.venv/lib/python3.10/site-packages/airflow/example_dags/plugins/listener_plugin.py
[2023-11-24T10:36:00.192+0800] {processor.py:841} WARNING - No viable dags retrieved from /home/azfarmustafa/airflow_tutorial/.venv/lib/python3.10/site-packages/airflow/example_dags/plugins/listener_plugin.py
[2023-11-24T10:36:00.201+0800] {processor.py:179} INFO - Processing /home/azfarmustafa/airflow_tutorial/.venv/lib/python3.10/site-packages/airflow/example_dags/plugins/listener_plugin.py took 0.016 seconds
[2023-11-24T10:36:41.403+0800] {processor.py:157} INFO - Started process (PID=59389) to work on /home/azfarmustafa/airflow_tutorial/.venv/lib/python3.10/site-packages/airflow/example_dags/plugins/listener_plugin.py
[2023-11-24T10:36:41.407+0800] {processor.py:829} INFO - Processing file /home/azfarmustafa/airflow_tutorial/.venv/lib/python3.10/site-packages/airflow/example_dags/plugins/listener_plugin.py for tasks to queue
[2023-11-24T10:36:41.407+0800] {logging_mixin.py:154} INFO - [2023-11-24T10:36:41.407+0800] {dagbag.py:536} INFO - Filling up the DagBag from /home/azfarmustafa/airflow_tutorial/.venv/lib/python3.10/site-packages/airflow/example_dags/plugins/listener_plugin.py
[2023-11-24T10:36:41.410+0800] {processor.py:841} WARNING - No viable dags retrieved from /home/azfarmustafa/airflow_tutorial/.venv/lib/python3.10/site-packages/airflow/example_dags/plugins/listener_plugin.py
[2023-11-24T10:36:41.419+0800] {processor.py:179} INFO - Processing /home/azfarmustafa/airflow_tutorial/.venv/lib/python3.10/site-packages/airflow/example_dags/plugins/listener_plugin.py took 0.018 seconds
[2023-11-24T10:37:27.698+0800] {processor.py:157} INFO - Started process (PID=59437) to work on /home/azfarmustafa/airflow_tutorial/.venv/lib/python3.10/site-packages/airflow/example_dags/plugins/listener_plugin.py
[2023-11-24T10:37:27.699+0800] {processor.py:829} INFO - Processing file /home/azfarmustafa/airflow_tutorial/.venv/lib/python3.10/site-packages/airflow/example_dags/plugins/listener_plugin.py for tasks to queue
[2023-11-24T10:37:27.700+0800] {logging_mixin.py:154} INFO - [2023-11-24T10:37:27.700+0800] {dagbag.py:536} INFO - Filling up the DagBag from /home/azfarmustafa/airflow_tutorial/.venv/lib/python3.10/site-packages/airflow/example_dags/plugins/listener_plugin.py
[2023-11-24T10:37:27.703+0800] {processor.py:841} WARNING - No viable dags retrieved from /home/azfarmustafa/airflow_tutorial/.venv/lib/python3.10/site-packages/airflow/example_dags/plugins/listener_plugin.py
[2023-11-24T10:37:27.713+0800] {processor.py:179} INFO - Processing /home/azfarmustafa/airflow_tutorial/.venv/lib/python3.10/site-packages/airflow/example_dags/plugins/listener_plugin.py took 0.021 seconds
[2023-11-24T10:38:15.288+0800] {processor.py:157} INFO - Started process (PID=59484) to work on /home/azfarmustafa/airflow_tutorial/.venv/lib/python3.10/site-packages/airflow/example_dags/plugins/listener_plugin.py
[2023-11-24T10:38:15.293+0800] {processor.py:829} INFO - Processing file /home/azfarmustafa/airflow_tutorial/.venv/lib/python3.10/site-packages/airflow/example_dags/plugins/listener_plugin.py for tasks to queue
[2023-11-24T10:38:15.294+0800] {logging_mixin.py:154} INFO - [2023-11-24T10:38:15.294+0800] {dagbag.py:536} INFO - Filling up the DagBag from /home/azfarmustafa/airflow_tutorial/.venv/lib/python3.10/site-packages/airflow/example_dags/plugins/listener_plugin.py
[2023-11-24T10:38:15.296+0800] {processor.py:841} WARNING - No viable dags retrieved from /home/azfarmustafa/airflow_tutorial/.venv/lib/python3.10/site-packages/airflow/example_dags/plugins/listener_plugin.py
[2023-11-24T10:38:15.308+0800] {processor.py:179} INFO - Processing /home/azfarmustafa/airflow_tutorial/.venv/lib/python3.10/site-packages/airflow/example_dags/plugins/listener_plugin.py took 0.023 seconds
[2023-11-24T10:39:03.596+0800] {processor.py:157} INFO - Started process (PID=59533) to work on /home/azfarmustafa/airflow_tutorial/.venv/lib/python3.10/site-packages/airflow/example_dags/plugins/listener_plugin.py
[2023-11-24T10:39:03.600+0800] {processor.py:829} INFO - Processing file /home/azfarmustafa/airflow_tutorial/.venv/lib/python3.10/site-packages/airflow/example_dags/plugins/listener_plugin.py for tasks to queue
[2023-11-24T10:39:03.601+0800] {logging_mixin.py:154} INFO - [2023-11-24T10:39:03.601+0800] {dagbag.py:536} INFO - Filling up the DagBag from /home/azfarmustafa/airflow_tutorial/.venv/lib/python3.10/site-packages/airflow/example_dags/plugins/listener_plugin.py
[2023-11-24T10:39:03.603+0800] {processor.py:841} WARNING - No viable dags retrieved from /home/azfarmustafa/airflow_tutorial/.venv/lib/python3.10/site-packages/airflow/example_dags/plugins/listener_plugin.py
[2023-11-24T10:39:03.612+0800] {processor.py:179} INFO - Processing /home/azfarmustafa/airflow_tutorial/.venv/lib/python3.10/site-packages/airflow/example_dags/plugins/listener_plugin.py took 0.020 seconds
[2023-11-24T10:39:54.842+0800] {processor.py:157} INFO - Started process (PID=59583) to work on /home/azfarmustafa/airflow_tutorial/.venv/lib/python3.10/site-packages/airflow/example_dags/plugins/listener_plugin.py
[2023-11-24T10:39:54.846+0800] {processor.py:829} INFO - Processing file /home/azfarmustafa/airflow_tutorial/.venv/lib/python3.10/site-packages/airflow/example_dags/plugins/listener_plugin.py for tasks to queue
[2023-11-24T10:39:54.847+0800] {logging_mixin.py:154} INFO - [2023-11-24T10:39:54.847+0800] {dagbag.py:536} INFO - Filling up the DagBag from /home/azfarmustafa/airflow_tutorial/.venv/lib/python3.10/site-packages/airflow/example_dags/plugins/listener_plugin.py
[2023-11-24T10:39:54.850+0800] {processor.py:841} WARNING - No viable dags retrieved from /home/azfarmustafa/airflow_tutorial/.venv/lib/python3.10/site-packages/airflow/example_dags/plugins/listener_plugin.py
[2023-11-24T10:39:54.860+0800] {processor.py:179} INFO - Processing /home/azfarmustafa/airflow_tutorial/.venv/lib/python3.10/site-packages/airflow/example_dags/plugins/listener_plugin.py took 0.021 seconds
[2023-11-24T10:40:40.259+0800] {processor.py:157} INFO - Started process (PID=59630) to work on /home/azfarmustafa/airflow_tutorial/.venv/lib/python3.10/site-packages/airflow/example_dags/plugins/listener_plugin.py
[2023-11-24T10:40:40.264+0800] {processor.py:829} INFO - Processing file /home/azfarmustafa/airflow_tutorial/.venv/lib/python3.10/site-packages/airflow/example_dags/plugins/listener_plugin.py for tasks to queue
[2023-11-24T10:40:40.265+0800] {logging_mixin.py:154} INFO - [2023-11-24T10:40:40.264+0800] {dagbag.py:536} INFO - Filling up the DagBag from /home/azfarmustafa/airflow_tutorial/.venv/lib/python3.10/site-packages/airflow/example_dags/plugins/listener_plugin.py
[2023-11-24T10:40:40.267+0800] {processor.py:841} WARNING - No viable dags retrieved from /home/azfarmustafa/airflow_tutorial/.venv/lib/python3.10/site-packages/airflow/example_dags/plugins/listener_plugin.py
[2023-11-24T10:40:40.275+0800] {processor.py:179} INFO - Processing /home/azfarmustafa/airflow_tutorial/.venv/lib/python3.10/site-packages/airflow/example_dags/plugins/listener_plugin.py took 0.019 seconds
[2023-11-24T10:41:26.608+0800] {processor.py:157} INFO - Started process (PID=59682) to work on /home/azfarmustafa/airflow_tutorial/.venv/lib/python3.10/site-packages/airflow/example_dags/plugins/listener_plugin.py
[2023-11-24T10:41:26.609+0800] {processor.py:829} INFO - Processing file /home/azfarmustafa/airflow_tutorial/.venv/lib/python3.10/site-packages/airflow/example_dags/plugins/listener_plugin.py for tasks to queue
[2023-11-24T10:41:26.611+0800] {logging_mixin.py:154} INFO - [2023-11-24T10:41:26.610+0800] {dagbag.py:536} INFO - Filling up the DagBag from /home/azfarmustafa/airflow_tutorial/.venv/lib/python3.10/site-packages/airflow/example_dags/plugins/listener_plugin.py
[2023-11-24T10:41:26.614+0800] {processor.py:841} WARNING - No viable dags retrieved from /home/azfarmustafa/airflow_tutorial/.venv/lib/python3.10/site-packages/airflow/example_dags/plugins/listener_plugin.py
[2023-11-24T10:41:26.622+0800] {processor.py:179} INFO - Processing /home/azfarmustafa/airflow_tutorial/.venv/lib/python3.10/site-packages/airflow/example_dags/plugins/listener_plugin.py took 0.017 seconds
[2023-11-24T10:42:14.644+0800] {processor.py:157} INFO - Started process (PID=59731) to work on /home/azfarmustafa/airflow_tutorial/.venv/lib/python3.10/site-packages/airflow/example_dags/plugins/listener_plugin.py
[2023-11-24T10:42:14.648+0800] {processor.py:829} INFO - Processing file /home/azfarmustafa/airflow_tutorial/.venv/lib/python3.10/site-packages/airflow/example_dags/plugins/listener_plugin.py for tasks to queue
[2023-11-24T10:42:14.650+0800] {logging_mixin.py:154} INFO - [2023-11-24T10:42:14.649+0800] {dagbag.py:536} INFO - Filling up the DagBag from /home/azfarmustafa/airflow_tutorial/.venv/lib/python3.10/site-packages/airflow/example_dags/plugins/listener_plugin.py
[2023-11-24T10:42:14.654+0800] {processor.py:841} WARNING - No viable dags retrieved from /home/azfarmustafa/airflow_tutorial/.venv/lib/python3.10/site-packages/airflow/example_dags/plugins/listener_plugin.py
[2023-11-24T10:42:14.663+0800] {processor.py:179} INFO - Processing /home/azfarmustafa/airflow_tutorial/.venv/lib/python3.10/site-packages/airflow/example_dags/plugins/listener_plugin.py took 0.022 seconds
[2023-11-24T10:43:00.908+0800] {processor.py:157} INFO - Started process (PID=59778) to work on /home/azfarmustafa/airflow_tutorial/.venv/lib/python3.10/site-packages/airflow/example_dags/plugins/listener_plugin.py
[2023-11-24T10:43:00.913+0800] {processor.py:829} INFO - Processing file /home/azfarmustafa/airflow_tutorial/.venv/lib/python3.10/site-packages/airflow/example_dags/plugins/listener_plugin.py for tasks to queue
[2023-11-24T10:43:00.913+0800] {logging_mixin.py:154} INFO - [2023-11-24T10:43:00.913+0800] {dagbag.py:536} INFO - Filling up the DagBag from /home/azfarmustafa/airflow_tutorial/.venv/lib/python3.10/site-packages/airflow/example_dags/plugins/listener_plugin.py
[2023-11-24T10:43:00.916+0800] {processor.py:841} WARNING - No viable dags retrieved from /home/azfarmustafa/airflow_tutorial/.venv/lib/python3.10/site-packages/airflow/example_dags/plugins/listener_plugin.py
[2023-11-24T10:43:00.928+0800] {processor.py:179} INFO - Processing /home/azfarmustafa/airflow_tutorial/.venv/lib/python3.10/site-packages/airflow/example_dags/plugins/listener_plugin.py took 0.022 seconds
[2023-11-24T10:43:48.345+0800] {processor.py:157} INFO - Started process (PID=59826) to work on /home/azfarmustafa/airflow_tutorial/.venv/lib/python3.10/site-packages/airflow/example_dags/plugins/listener_plugin.py
[2023-11-24T10:43:48.349+0800] {processor.py:829} INFO - Processing file /home/azfarmustafa/airflow_tutorial/.venv/lib/python3.10/site-packages/airflow/example_dags/plugins/listener_plugin.py for tasks to queue
[2023-11-24T10:43:48.350+0800] {logging_mixin.py:154} INFO - [2023-11-24T10:43:48.350+0800] {dagbag.py:536} INFO - Filling up the DagBag from /home/azfarmustafa/airflow_tutorial/.venv/lib/python3.10/site-packages/airflow/example_dags/plugins/listener_plugin.py
[2023-11-24T10:43:48.352+0800] {processor.py:841} WARNING - No viable dags retrieved from /home/azfarmustafa/airflow_tutorial/.venv/lib/python3.10/site-packages/airflow/example_dags/plugins/listener_plugin.py
[2023-11-24T10:43:48.361+0800] {processor.py:179} INFO - Processing /home/azfarmustafa/airflow_tutorial/.venv/lib/python3.10/site-packages/airflow/example_dags/plugins/listener_plugin.py took 0.018 seconds
[2023-11-24T10:44:37.240+0800] {processor.py:157} INFO - Started process (PID=59876) to work on /home/azfarmustafa/airflow_tutorial/.venv/lib/python3.10/site-packages/airflow/example_dags/plugins/listener_plugin.py
[2023-11-24T10:44:37.245+0800] {processor.py:829} INFO - Processing file /home/azfarmustafa/airflow_tutorial/.venv/lib/python3.10/site-packages/airflow/example_dags/plugins/listener_plugin.py for tasks to queue
[2023-11-24T10:44:37.245+0800] {logging_mixin.py:154} INFO - [2023-11-24T10:44:37.245+0800] {dagbag.py:536} INFO - Filling up the DagBag from /home/azfarmustafa/airflow_tutorial/.venv/lib/python3.10/site-packages/airflow/example_dags/plugins/listener_plugin.py
[2023-11-24T10:44:37.247+0800] {processor.py:841} WARNING - No viable dags retrieved from /home/azfarmustafa/airflow_tutorial/.venv/lib/python3.10/site-packages/airflow/example_dags/plugins/listener_plugin.py
[2023-11-24T10:44:37.256+0800] {processor.py:179} INFO - Processing /home/azfarmustafa/airflow_tutorial/.venv/lib/python3.10/site-packages/airflow/example_dags/plugins/listener_plugin.py took 0.018 seconds
[2023-11-24T10:45:25.401+0800] {processor.py:157} INFO - Started process (PID=59924) to work on /home/azfarmustafa/airflow_tutorial/.venv/lib/python3.10/site-packages/airflow/example_dags/plugins/listener_plugin.py
[2023-11-24T10:45:25.403+0800] {processor.py:829} INFO - Processing file /home/azfarmustafa/airflow_tutorial/.venv/lib/python3.10/site-packages/airflow/example_dags/plugins/listener_plugin.py for tasks to queue
[2023-11-24T10:45:25.403+0800] {logging_mixin.py:154} INFO - [2023-11-24T10:45:25.403+0800] {dagbag.py:536} INFO - Filling up the DagBag from /home/azfarmustafa/airflow_tutorial/.venv/lib/python3.10/site-packages/airflow/example_dags/plugins/listener_plugin.py
[2023-11-24T10:45:25.406+0800] {processor.py:841} WARNING - No viable dags retrieved from /home/azfarmustafa/airflow_tutorial/.venv/lib/python3.10/site-packages/airflow/example_dags/plugins/listener_plugin.py
[2023-11-24T10:45:25.415+0800] {processor.py:179} INFO - Processing /home/azfarmustafa/airflow_tutorial/.venv/lib/python3.10/site-packages/airflow/example_dags/plugins/listener_plugin.py took 0.017 seconds
[2023-11-24T10:46:11.630+0800] {processor.py:157} INFO - Started process (PID=59972) to work on /home/azfarmustafa/airflow_tutorial/.venv/lib/python3.10/site-packages/airflow/example_dags/plugins/listener_plugin.py
[2023-11-24T10:46:11.631+0800] {processor.py:829} INFO - Processing file /home/azfarmustafa/airflow_tutorial/.venv/lib/python3.10/site-packages/airflow/example_dags/plugins/listener_plugin.py for tasks to queue
[2023-11-24T10:46:11.632+0800] {logging_mixin.py:154} INFO - [2023-11-24T10:46:11.632+0800] {dagbag.py:536} INFO - Filling up the DagBag from /home/azfarmustafa/airflow_tutorial/.venv/lib/python3.10/site-packages/airflow/example_dags/plugins/listener_plugin.py
[2023-11-24T10:46:11.635+0800] {processor.py:841} WARNING - No viable dags retrieved from /home/azfarmustafa/airflow_tutorial/.venv/lib/python3.10/site-packages/airflow/example_dags/plugins/listener_plugin.py
[2023-11-24T10:46:11.646+0800] {processor.py:179} INFO - Processing /home/azfarmustafa/airflow_tutorial/.venv/lib/python3.10/site-packages/airflow/example_dags/plugins/listener_plugin.py took 0.018 seconds
[2023-11-24T10:46:56.919+0800] {processor.py:157} INFO - Started process (PID=60018) to work on /home/azfarmustafa/airflow_tutorial/.venv/lib/python3.10/site-packages/airflow/example_dags/plugins/listener_plugin.py
[2023-11-24T10:46:56.923+0800] {processor.py:829} INFO - Processing file /home/azfarmustafa/airflow_tutorial/.venv/lib/python3.10/site-packages/airflow/example_dags/plugins/listener_plugin.py for tasks to queue
[2023-11-24T10:46:56.924+0800] {logging_mixin.py:154} INFO - [2023-11-24T10:46:56.924+0800] {dagbag.py:536} INFO - Filling up the DagBag from /home/azfarmustafa/airflow_tutorial/.venv/lib/python3.10/site-packages/airflow/example_dags/plugins/listener_plugin.py
[2023-11-24T10:46:56.929+0800] {processor.py:841} WARNING - No viable dags retrieved from /home/azfarmustafa/airflow_tutorial/.venv/lib/python3.10/site-packages/airflow/example_dags/plugins/listener_plugin.py
[2023-11-24T10:46:56.939+0800] {processor.py:179} INFO - Processing /home/azfarmustafa/airflow_tutorial/.venv/lib/python3.10/site-packages/airflow/example_dags/plugins/listener_plugin.py took 0.023 seconds
[2023-11-24T10:47:41.061+0800] {processor.py:157} INFO - Started process (PID=60070) to work on /home/azfarmustafa/airflow_tutorial/.venv/lib/python3.10/site-packages/airflow/example_dags/plugins/listener_plugin.py
[2023-11-24T10:47:41.064+0800] {processor.py:829} INFO - Processing file /home/azfarmustafa/airflow_tutorial/.venv/lib/python3.10/site-packages/airflow/example_dags/plugins/listener_plugin.py for tasks to queue
[2023-11-24T10:47:41.065+0800] {logging_mixin.py:154} INFO - [2023-11-24T10:47:41.065+0800] {dagbag.py:536} INFO - Filling up the DagBag from /home/azfarmustafa/airflow_tutorial/.venv/lib/python3.10/site-packages/airflow/example_dags/plugins/listener_plugin.py
[2023-11-24T10:47:41.067+0800] {processor.py:841} WARNING - No viable dags retrieved from /home/azfarmustafa/airflow_tutorial/.venv/lib/python3.10/site-packages/airflow/example_dags/plugins/listener_plugin.py
[2023-11-24T10:47:41.076+0800] {processor.py:179} INFO - Processing /home/azfarmustafa/airflow_tutorial/.venv/lib/python3.10/site-packages/airflow/example_dags/plugins/listener_plugin.py took 0.018 seconds
[2023-11-24T10:48:28.061+0800] {processor.py:157} INFO - Started process (PID=60118) to work on /home/azfarmustafa/airflow_tutorial/.venv/lib/python3.10/site-packages/airflow/example_dags/plugins/listener_plugin.py
[2023-11-24T10:48:28.066+0800] {processor.py:829} INFO - Processing file /home/azfarmustafa/airflow_tutorial/.venv/lib/python3.10/site-packages/airflow/example_dags/plugins/listener_plugin.py for tasks to queue
[2023-11-24T10:48:28.068+0800] {logging_mixin.py:154} INFO - [2023-11-24T10:48:28.067+0800] {dagbag.py:536} INFO - Filling up the DagBag from /home/azfarmustafa/airflow_tutorial/.venv/lib/python3.10/site-packages/airflow/example_dags/plugins/listener_plugin.py
[2023-11-24T10:48:28.070+0800] {processor.py:841} WARNING - No viable dags retrieved from /home/azfarmustafa/airflow_tutorial/.venv/lib/python3.10/site-packages/airflow/example_dags/plugins/listener_plugin.py
[2023-11-24T10:48:28.079+0800] {processor.py:179} INFO - Processing /home/azfarmustafa/airflow_tutorial/.venv/lib/python3.10/site-packages/airflow/example_dags/plugins/listener_plugin.py took 0.020 seconds
[2023-11-24T10:49:16.934+0800] {processor.py:157} INFO - Started process (PID=60166) to work on /home/azfarmustafa/airflow_tutorial/.venv/lib/python3.10/site-packages/airflow/example_dags/plugins/listener_plugin.py
[2023-11-24T10:49:16.938+0800] {processor.py:829} INFO - Processing file /home/azfarmustafa/airflow_tutorial/.venv/lib/python3.10/site-packages/airflow/example_dags/plugins/listener_plugin.py for tasks to queue
[2023-11-24T10:49:16.939+0800] {logging_mixin.py:154} INFO - [2023-11-24T10:49:16.938+0800] {dagbag.py:536} INFO - Filling up the DagBag from /home/azfarmustafa/airflow_tutorial/.venv/lib/python3.10/site-packages/airflow/example_dags/plugins/listener_plugin.py
[2023-11-24T10:49:16.941+0800] {processor.py:841} WARNING - No viable dags retrieved from /home/azfarmustafa/airflow_tutorial/.venv/lib/python3.10/site-packages/airflow/example_dags/plugins/listener_plugin.py
[2023-11-24T10:49:16.949+0800] {processor.py:179} INFO - Processing /home/azfarmustafa/airflow_tutorial/.venv/lib/python3.10/site-packages/airflow/example_dags/plugins/listener_plugin.py took 0.018 seconds
[2023-11-24T10:50:03.141+0800] {processor.py:157} INFO - Started process (PID=60214) to work on /home/azfarmustafa/airflow_tutorial/.venv/lib/python3.10/site-packages/airflow/example_dags/plugins/listener_plugin.py
[2023-11-24T10:50:03.145+0800] {processor.py:829} INFO - Processing file /home/azfarmustafa/airflow_tutorial/.venv/lib/python3.10/site-packages/airflow/example_dags/plugins/listener_plugin.py for tasks to queue
[2023-11-24T10:50:03.146+0800] {logging_mixin.py:154} INFO - [2023-11-24T10:50:03.146+0800] {dagbag.py:536} INFO - Filling up the DagBag from /home/azfarmustafa/airflow_tutorial/.venv/lib/python3.10/site-packages/airflow/example_dags/plugins/listener_plugin.py
[2023-11-24T10:50:03.148+0800] {processor.py:841} WARNING - No viable dags retrieved from /home/azfarmustafa/airflow_tutorial/.venv/lib/python3.10/site-packages/airflow/example_dags/plugins/listener_plugin.py
[2023-11-24T10:50:03.159+0800] {processor.py:179} INFO - Processing /home/azfarmustafa/airflow_tutorial/.venv/lib/python3.10/site-packages/airflow/example_dags/plugins/listener_plugin.py took 0.022 seconds
[2023-11-24T10:50:49.939+0800] {processor.py:157} INFO - Started process (PID=60262) to work on /home/azfarmustafa/airflow_tutorial/.venv/lib/python3.10/site-packages/airflow/example_dags/plugins/listener_plugin.py
[2023-11-24T10:50:49.943+0800] {processor.py:829} INFO - Processing file /home/azfarmustafa/airflow_tutorial/.venv/lib/python3.10/site-packages/airflow/example_dags/plugins/listener_plugin.py for tasks to queue
[2023-11-24T10:50:49.944+0800] {logging_mixin.py:154} INFO - [2023-11-24T10:50:49.944+0800] {dagbag.py:536} INFO - Filling up the DagBag from /home/azfarmustafa/airflow_tutorial/.venv/lib/python3.10/site-packages/airflow/example_dags/plugins/listener_plugin.py
[2023-11-24T10:50:49.947+0800] {processor.py:841} WARNING - No viable dags retrieved from /home/azfarmustafa/airflow_tutorial/.venv/lib/python3.10/site-packages/airflow/example_dags/plugins/listener_plugin.py
[2023-11-24T10:50:49.955+0800] {processor.py:179} INFO - Processing /home/azfarmustafa/airflow_tutorial/.venv/lib/python3.10/site-packages/airflow/example_dags/plugins/listener_plugin.py took 0.018 seconds
[2023-11-24T10:51:36.852+0800] {processor.py:157} INFO - Started process (PID=60310) to work on /home/azfarmustafa/airflow_tutorial/.venv/lib/python3.10/site-packages/airflow/example_dags/plugins/listener_plugin.py
[2023-11-24T10:51:36.856+0800] {processor.py:829} INFO - Processing file /home/azfarmustafa/airflow_tutorial/.venv/lib/python3.10/site-packages/airflow/example_dags/plugins/listener_plugin.py for tasks to queue
[2023-11-24T10:51:36.857+0800] {logging_mixin.py:154} INFO - [2023-11-24T10:51:36.857+0800] {dagbag.py:536} INFO - Filling up the DagBag from /home/azfarmustafa/airflow_tutorial/.venv/lib/python3.10/site-packages/airflow/example_dags/plugins/listener_plugin.py
[2023-11-24T10:51:36.859+0800] {processor.py:841} WARNING - No viable dags retrieved from /home/azfarmustafa/airflow_tutorial/.venv/lib/python3.10/site-packages/airflow/example_dags/plugins/listener_plugin.py
[2023-11-24T10:51:36.868+0800] {processor.py:179} INFO - Processing /home/azfarmustafa/airflow_tutorial/.venv/lib/python3.10/site-packages/airflow/example_dags/plugins/listener_plugin.py took 0.018 seconds
[2023-11-24T10:52:24.536+0800] {processor.py:157} INFO - Started process (PID=60358) to work on /home/azfarmustafa/airflow_tutorial/.venv/lib/python3.10/site-packages/airflow/example_dags/plugins/listener_plugin.py
[2023-11-24T10:52:24.537+0800] {processor.py:829} INFO - Processing file /home/azfarmustafa/airflow_tutorial/.venv/lib/python3.10/site-packages/airflow/example_dags/plugins/listener_plugin.py for tasks to queue
[2023-11-24T10:52:24.538+0800] {logging_mixin.py:154} INFO - [2023-11-24T10:52:24.538+0800] {dagbag.py:536} INFO - Filling up the DagBag from /home/azfarmustafa/airflow_tutorial/.venv/lib/python3.10/site-packages/airflow/example_dags/plugins/listener_plugin.py
[2023-11-24T10:52:24.540+0800] {processor.py:841} WARNING - No viable dags retrieved from /home/azfarmustafa/airflow_tutorial/.venv/lib/python3.10/site-packages/airflow/example_dags/plugins/listener_plugin.py
[2023-11-24T10:52:24.548+0800] {processor.py:179} INFO - Processing /home/azfarmustafa/airflow_tutorial/.venv/lib/python3.10/site-packages/airflow/example_dags/plugins/listener_plugin.py took 0.015 seconds
[2023-11-24T10:53:14.762+0800] {processor.py:157} INFO - Started process (PID=60408) to work on /home/azfarmustafa/airflow_tutorial/.venv/lib/python3.10/site-packages/airflow/example_dags/plugins/listener_plugin.py
[2023-11-24T10:53:14.763+0800] {processor.py:829} INFO - Processing file /home/azfarmustafa/airflow_tutorial/.venv/lib/python3.10/site-packages/airflow/example_dags/plugins/listener_plugin.py for tasks to queue
[2023-11-24T10:53:14.764+0800] {logging_mixin.py:154} INFO - [2023-11-24T10:53:14.764+0800] {dagbag.py:536} INFO - Filling up the DagBag from /home/azfarmustafa/airflow_tutorial/.venv/lib/python3.10/site-packages/airflow/example_dags/plugins/listener_plugin.py
[2023-11-24T10:53:14.766+0800] {processor.py:841} WARNING - No viable dags retrieved from /home/azfarmustafa/airflow_tutorial/.venv/lib/python3.10/site-packages/airflow/example_dags/plugins/listener_plugin.py
[2023-11-24T10:53:14.777+0800] {processor.py:179} INFO - Processing /home/azfarmustafa/airflow_tutorial/.venv/lib/python3.10/site-packages/airflow/example_dags/plugins/listener_plugin.py took 0.019 seconds
[2023-11-24T10:54:01.119+0800] {processor.py:157} INFO - Started process (PID=60461) to work on /home/azfarmustafa/airflow_tutorial/.venv/lib/python3.10/site-packages/airflow/example_dags/plugins/listener_plugin.py
[2023-11-24T10:54:01.120+0800] {processor.py:829} INFO - Processing file /home/azfarmustafa/airflow_tutorial/.venv/lib/python3.10/site-packages/airflow/example_dags/plugins/listener_plugin.py for tasks to queue
[2023-11-24T10:54:01.121+0800] {logging_mixin.py:154} INFO - [2023-11-24T10:54:01.121+0800] {dagbag.py:536} INFO - Filling up the DagBag from /home/azfarmustafa/airflow_tutorial/.venv/lib/python3.10/site-packages/airflow/example_dags/plugins/listener_plugin.py
[2023-11-24T10:54:01.123+0800] {processor.py:841} WARNING - No viable dags retrieved from /home/azfarmustafa/airflow_tutorial/.venv/lib/python3.10/site-packages/airflow/example_dags/plugins/listener_plugin.py
[2023-11-24T10:54:01.132+0800] {processor.py:179} INFO - Processing /home/azfarmustafa/airflow_tutorial/.venv/lib/python3.10/site-packages/airflow/example_dags/plugins/listener_plugin.py took 0.016 seconds
[2023-11-24T10:54:49.760+0800] {processor.py:157} INFO - Started process (PID=60510) to work on /home/azfarmustafa/airflow_tutorial/.venv/lib/python3.10/site-packages/airflow/example_dags/plugins/listener_plugin.py
[2023-11-24T10:54:49.764+0800] {processor.py:829} INFO - Processing file /home/azfarmustafa/airflow_tutorial/.venv/lib/python3.10/site-packages/airflow/example_dags/plugins/listener_plugin.py for tasks to queue
[2023-11-24T10:54:49.764+0800] {logging_mixin.py:154} INFO - [2023-11-24T10:54:49.764+0800] {dagbag.py:536} INFO - Filling up the DagBag from /home/azfarmustafa/airflow_tutorial/.venv/lib/python3.10/site-packages/airflow/example_dags/plugins/listener_plugin.py
[2023-11-24T10:54:49.767+0800] {processor.py:841} WARNING - No viable dags retrieved from /home/azfarmustafa/airflow_tutorial/.venv/lib/python3.10/site-packages/airflow/example_dags/plugins/listener_plugin.py
[2023-11-24T10:54:49.775+0800] {processor.py:179} INFO - Processing /home/azfarmustafa/airflow_tutorial/.venv/lib/python3.10/site-packages/airflow/example_dags/plugins/listener_plugin.py took 0.018 seconds
[2023-11-24T10:55:35.139+0800] {processor.py:157} INFO - Started process (PID=60557) to work on /home/azfarmustafa/airflow_tutorial/.venv/lib/python3.10/site-packages/airflow/example_dags/plugins/listener_plugin.py
[2023-11-24T10:55:35.143+0800] {processor.py:829} INFO - Processing file /home/azfarmustafa/airflow_tutorial/.venv/lib/python3.10/site-packages/airflow/example_dags/plugins/listener_plugin.py for tasks to queue
[2023-11-24T10:55:35.144+0800] {logging_mixin.py:154} INFO - [2023-11-24T10:55:35.144+0800] {dagbag.py:536} INFO - Filling up the DagBag from /home/azfarmustafa/airflow_tutorial/.venv/lib/python3.10/site-packages/airflow/example_dags/plugins/listener_plugin.py
[2023-11-24T10:55:35.146+0800] {processor.py:841} WARNING - No viable dags retrieved from /home/azfarmustafa/airflow_tutorial/.venv/lib/python3.10/site-packages/airflow/example_dags/plugins/listener_plugin.py
[2023-11-24T10:55:35.155+0800] {processor.py:179} INFO - Processing /home/azfarmustafa/airflow_tutorial/.venv/lib/python3.10/site-packages/airflow/example_dags/plugins/listener_plugin.py took 0.018 seconds
[2023-11-24T10:56:22.652+0800] {processor.py:157} INFO - Started process (PID=60605) to work on /home/azfarmustafa/airflow_tutorial/.venv/lib/python3.10/site-packages/airflow/example_dags/plugins/listener_plugin.py
[2023-11-24T10:56:22.656+0800] {processor.py:829} INFO - Processing file /home/azfarmustafa/airflow_tutorial/.venv/lib/python3.10/site-packages/airflow/example_dags/plugins/listener_plugin.py for tasks to queue
[2023-11-24T10:56:22.657+0800] {logging_mixin.py:154} INFO - [2023-11-24T10:56:22.657+0800] {dagbag.py:536} INFO - Filling up the DagBag from /home/azfarmustafa/airflow_tutorial/.venv/lib/python3.10/site-packages/airflow/example_dags/plugins/listener_plugin.py
[2023-11-24T10:56:22.659+0800] {processor.py:841} WARNING - No viable dags retrieved from /home/azfarmustafa/airflow_tutorial/.venv/lib/python3.10/site-packages/airflow/example_dags/plugins/listener_plugin.py
[2023-11-24T10:56:22.668+0800] {processor.py:179} INFO - Processing /home/azfarmustafa/airflow_tutorial/.venv/lib/python3.10/site-packages/airflow/example_dags/plugins/listener_plugin.py took 0.019 seconds
[2023-11-24T10:57:05.766+0800] {processor.py:157} INFO - Started process (PID=60650) to work on /home/azfarmustafa/airflow_tutorial/.venv/lib/python3.10/site-packages/airflow/example_dags/plugins/listener_plugin.py
[2023-11-24T10:57:05.771+0800] {processor.py:829} INFO - Processing file /home/azfarmustafa/airflow_tutorial/.venv/lib/python3.10/site-packages/airflow/example_dags/plugins/listener_plugin.py for tasks to queue
[2023-11-24T10:57:05.771+0800] {logging_mixin.py:154} INFO - [2023-11-24T10:57:05.771+0800] {dagbag.py:536} INFO - Filling up the DagBag from /home/azfarmustafa/airflow_tutorial/.venv/lib/python3.10/site-packages/airflow/example_dags/plugins/listener_plugin.py
[2023-11-24T10:57:05.774+0800] {processor.py:841} WARNING - No viable dags retrieved from /home/azfarmustafa/airflow_tutorial/.venv/lib/python3.10/site-packages/airflow/example_dags/plugins/listener_plugin.py
[2023-11-24T10:57:05.782+0800] {processor.py:179} INFO - Processing /home/azfarmustafa/airflow_tutorial/.venv/lib/python3.10/site-packages/airflow/example_dags/plugins/listener_plugin.py took 0.018 seconds
[2023-11-24T10:57:49.109+0800] {processor.py:157} INFO - Started process (PID=60696) to work on /home/azfarmustafa/airflow_tutorial/.venv/lib/python3.10/site-packages/airflow/example_dags/plugins/listener_plugin.py
[2023-11-24T10:57:49.111+0800] {processor.py:829} INFO - Processing file /home/azfarmustafa/airflow_tutorial/.venv/lib/python3.10/site-packages/airflow/example_dags/plugins/listener_plugin.py for tasks to queue
[2023-11-24T10:57:49.111+0800] {logging_mixin.py:154} INFO - [2023-11-24T10:57:49.111+0800] {dagbag.py:536} INFO - Filling up the DagBag from /home/azfarmustafa/airflow_tutorial/.venv/lib/python3.10/site-packages/airflow/example_dags/plugins/listener_plugin.py
[2023-11-24T10:57:49.114+0800] {processor.py:841} WARNING - No viable dags retrieved from /home/azfarmustafa/airflow_tutorial/.venv/lib/python3.10/site-packages/airflow/example_dags/plugins/listener_plugin.py
[2023-11-24T10:57:49.123+0800] {processor.py:179} INFO - Processing /home/azfarmustafa/airflow_tutorial/.venv/lib/python3.10/site-packages/airflow/example_dags/plugins/listener_plugin.py took 0.017 seconds
[2023-11-24T10:58:37.197+0800] {processor.py:157} INFO - Started process (PID=60744) to work on /home/azfarmustafa/airflow_tutorial/.venv/lib/python3.10/site-packages/airflow/example_dags/plugins/listener_plugin.py
[2023-11-24T10:58:37.199+0800] {processor.py:829} INFO - Processing file /home/azfarmustafa/airflow_tutorial/.venv/lib/python3.10/site-packages/airflow/example_dags/plugins/listener_plugin.py for tasks to queue
[2023-11-24T10:58:37.200+0800] {logging_mixin.py:154} INFO - [2023-11-24T10:58:37.200+0800] {dagbag.py:536} INFO - Filling up the DagBag from /home/azfarmustafa/airflow_tutorial/.venv/lib/python3.10/site-packages/airflow/example_dags/plugins/listener_plugin.py
[2023-11-24T10:58:37.203+0800] {processor.py:841} WARNING - No viable dags retrieved from /home/azfarmustafa/airflow_tutorial/.venv/lib/python3.10/site-packages/airflow/example_dags/plugins/listener_plugin.py
[2023-11-24T10:58:37.212+0800] {processor.py:179} INFO - Processing /home/azfarmustafa/airflow_tutorial/.venv/lib/python3.10/site-packages/airflow/example_dags/plugins/listener_plugin.py took 0.018 seconds
[2023-11-24T10:59:23.318+0800] {processor.py:157} INFO - Started process (PID=60791) to work on /home/azfarmustafa/airflow_tutorial/.venv/lib/python3.10/site-packages/airflow/example_dags/plugins/listener_plugin.py
[2023-11-24T10:59:23.322+0800] {processor.py:829} INFO - Processing file /home/azfarmustafa/airflow_tutorial/.venv/lib/python3.10/site-packages/airflow/example_dags/plugins/listener_plugin.py for tasks to queue
[2023-11-24T10:59:23.323+0800] {logging_mixin.py:154} INFO - [2023-11-24T10:59:23.323+0800] {dagbag.py:536} INFO - Filling up the DagBag from /home/azfarmustafa/airflow_tutorial/.venv/lib/python3.10/site-packages/airflow/example_dags/plugins/listener_plugin.py
[2023-11-24T10:59:23.326+0800] {processor.py:841} WARNING - No viable dags retrieved from /home/azfarmustafa/airflow_tutorial/.venv/lib/python3.10/site-packages/airflow/example_dags/plugins/listener_plugin.py
[2023-11-24T10:59:23.335+0800] {processor.py:179} INFO - Processing /home/azfarmustafa/airflow_tutorial/.venv/lib/python3.10/site-packages/airflow/example_dags/plugins/listener_plugin.py took 0.019 seconds
[2023-11-24T11:00:08.503+0800] {processor.py:157} INFO - Started process (PID=60844) to work on /home/azfarmustafa/airflow_tutorial/.venv/lib/python3.10/site-packages/airflow/example_dags/plugins/listener_plugin.py
[2023-11-24T11:00:08.508+0800] {processor.py:829} INFO - Processing file /home/azfarmustafa/airflow_tutorial/.venv/lib/python3.10/site-packages/airflow/example_dags/plugins/listener_plugin.py for tasks to queue
[2023-11-24T11:00:08.508+0800] {logging_mixin.py:154} INFO - [2023-11-24T11:00:08.508+0800] {dagbag.py:536} INFO - Filling up the DagBag from /home/azfarmustafa/airflow_tutorial/.venv/lib/python3.10/site-packages/airflow/example_dags/plugins/listener_plugin.py
[2023-11-24T11:00:08.511+0800] {processor.py:841} WARNING - No viable dags retrieved from /home/azfarmustafa/airflow_tutorial/.venv/lib/python3.10/site-packages/airflow/example_dags/plugins/listener_plugin.py
[2023-11-24T11:00:08.521+0800] {processor.py:179} INFO - Processing /home/azfarmustafa/airflow_tutorial/.venv/lib/python3.10/site-packages/airflow/example_dags/plugins/listener_plugin.py took 0.021 seconds
[2023-11-24T11:00:52.054+0800] {processor.py:157} INFO - Started process (PID=60890) to work on /home/azfarmustafa/airflow_tutorial/.venv/lib/python3.10/site-packages/airflow/example_dags/plugins/listener_plugin.py
[2023-11-24T11:00:52.058+0800] {processor.py:829} INFO - Processing file /home/azfarmustafa/airflow_tutorial/.venv/lib/python3.10/site-packages/airflow/example_dags/plugins/listener_plugin.py for tasks to queue
[2023-11-24T11:00:52.059+0800] {logging_mixin.py:154} INFO - [2023-11-24T11:00:52.059+0800] {dagbag.py:536} INFO - Filling up the DagBag from /home/azfarmustafa/airflow_tutorial/.venv/lib/python3.10/site-packages/airflow/example_dags/plugins/listener_plugin.py
[2023-11-24T11:00:52.061+0800] {processor.py:841} WARNING - No viable dags retrieved from /home/azfarmustafa/airflow_tutorial/.venv/lib/python3.10/site-packages/airflow/example_dags/plugins/listener_plugin.py
[2023-11-24T11:00:52.073+0800] {processor.py:179} INFO - Processing /home/azfarmustafa/airflow_tutorial/.venv/lib/python3.10/site-packages/airflow/example_dags/plugins/listener_plugin.py took 0.023 seconds
[2023-11-24T11:01:40.428+0800] {processor.py:157} INFO - Started process (PID=60940) to work on /home/azfarmustafa/airflow_tutorial/.venv/lib/python3.10/site-packages/airflow/example_dags/plugins/listener_plugin.py
[2023-11-24T11:01:40.432+0800] {processor.py:829} INFO - Processing file /home/azfarmustafa/airflow_tutorial/.venv/lib/python3.10/site-packages/airflow/example_dags/plugins/listener_plugin.py for tasks to queue
[2023-11-24T11:01:40.433+0800] {logging_mixin.py:154} INFO - [2023-11-24T11:01:40.433+0800] {dagbag.py:536} INFO - Filling up the DagBag from /home/azfarmustafa/airflow_tutorial/.venv/lib/python3.10/site-packages/airflow/example_dags/plugins/listener_plugin.py
[2023-11-24T11:01:40.436+0800] {processor.py:841} WARNING - No viable dags retrieved from /home/azfarmustafa/airflow_tutorial/.venv/lib/python3.10/site-packages/airflow/example_dags/plugins/listener_plugin.py
[2023-11-24T11:01:40.447+0800] {processor.py:179} INFO - Processing /home/azfarmustafa/airflow_tutorial/.venv/lib/python3.10/site-packages/airflow/example_dags/plugins/listener_plugin.py took 0.022 seconds
[2023-11-24T11:02:26.958+0800] {processor.py:157} INFO - Started process (PID=60987) to work on /home/azfarmustafa/airflow_tutorial/.venv/lib/python3.10/site-packages/airflow/example_dags/plugins/listener_plugin.py
[2023-11-24T11:02:26.962+0800] {processor.py:829} INFO - Processing file /home/azfarmustafa/airflow_tutorial/.venv/lib/python3.10/site-packages/airflow/example_dags/plugins/listener_plugin.py for tasks to queue
[2023-11-24T11:02:26.963+0800] {logging_mixin.py:154} INFO - [2023-11-24T11:02:26.963+0800] {dagbag.py:536} INFO - Filling up the DagBag from /home/azfarmustafa/airflow_tutorial/.venv/lib/python3.10/site-packages/airflow/example_dags/plugins/listener_plugin.py
[2023-11-24T11:02:26.965+0800] {processor.py:841} WARNING - No viable dags retrieved from /home/azfarmustafa/airflow_tutorial/.venv/lib/python3.10/site-packages/airflow/example_dags/plugins/listener_plugin.py
[2023-11-24T11:02:26.976+0800] {processor.py:179} INFO - Processing /home/azfarmustafa/airflow_tutorial/.venv/lib/python3.10/site-packages/airflow/example_dags/plugins/listener_plugin.py took 0.021 seconds
[2023-11-24T11:03:14.520+0800] {processor.py:157} INFO - Started process (PID=61038) to work on /home/azfarmustafa/airflow_tutorial/.venv/lib/python3.10/site-packages/airflow/example_dags/plugins/listener_plugin.py
[2023-11-24T11:03:14.522+0800] {processor.py:829} INFO - Processing file /home/azfarmustafa/airflow_tutorial/.venv/lib/python3.10/site-packages/airflow/example_dags/plugins/listener_plugin.py for tasks to queue
[2023-11-24T11:03:14.523+0800] {logging_mixin.py:154} INFO - [2023-11-24T11:03:14.523+0800] {dagbag.py:536} INFO - Filling up the DagBag from /home/azfarmustafa/airflow_tutorial/.venv/lib/python3.10/site-packages/airflow/example_dags/plugins/listener_plugin.py
[2023-11-24T11:03:14.528+0800] {processor.py:841} WARNING - No viable dags retrieved from /home/azfarmustafa/airflow_tutorial/.venv/lib/python3.10/site-packages/airflow/example_dags/plugins/listener_plugin.py
[2023-11-24T11:03:14.541+0800] {processor.py:179} INFO - Processing /home/azfarmustafa/airflow_tutorial/.venv/lib/python3.10/site-packages/airflow/example_dags/plugins/listener_plugin.py took 0.027 seconds
[2023-11-24T11:04:00.995+0800] {processor.py:157} INFO - Started process (PID=61088) to work on /home/azfarmustafa/airflow_tutorial/.venv/lib/python3.10/site-packages/airflow/example_dags/plugins/listener_plugin.py
[2023-11-24T11:04:01.000+0800] {processor.py:829} INFO - Processing file /home/azfarmustafa/airflow_tutorial/.venv/lib/python3.10/site-packages/airflow/example_dags/plugins/listener_plugin.py for tasks to queue
[2023-11-24T11:04:01.002+0800] {logging_mixin.py:154} INFO - [2023-11-24T11:04:01.001+0800] {dagbag.py:536} INFO - Filling up the DagBag from /home/azfarmustafa/airflow_tutorial/.venv/lib/python3.10/site-packages/airflow/example_dags/plugins/listener_plugin.py
[2023-11-24T11:04:01.006+0800] {processor.py:841} WARNING - No viable dags retrieved from /home/azfarmustafa/airflow_tutorial/.venv/lib/python3.10/site-packages/airflow/example_dags/plugins/listener_plugin.py
[2023-11-24T11:04:01.017+0800] {processor.py:179} INFO - Processing /home/azfarmustafa/airflow_tutorial/.venv/lib/python3.10/site-packages/airflow/example_dags/plugins/listener_plugin.py took 0.027 seconds
[2023-11-24T11:04:48.881+0800] {processor.py:157} INFO - Started process (PID=61138) to work on /home/azfarmustafa/airflow_tutorial/.venv/lib/python3.10/site-packages/airflow/example_dags/plugins/listener_plugin.py
[2023-11-24T11:04:48.882+0800] {processor.py:829} INFO - Processing file /home/azfarmustafa/airflow_tutorial/.venv/lib/python3.10/site-packages/airflow/example_dags/plugins/listener_plugin.py for tasks to queue
[2023-11-24T11:04:48.884+0800] {logging_mixin.py:154} INFO - [2023-11-24T11:04:48.883+0800] {dagbag.py:536} INFO - Filling up the DagBag from /home/azfarmustafa/airflow_tutorial/.venv/lib/python3.10/site-packages/airflow/example_dags/plugins/listener_plugin.py
[2023-11-24T11:04:48.887+0800] {processor.py:841} WARNING - No viable dags retrieved from /home/azfarmustafa/airflow_tutorial/.venv/lib/python3.10/site-packages/airflow/example_dags/plugins/listener_plugin.py
[2023-11-24T11:04:48.899+0800] {processor.py:179} INFO - Processing /home/azfarmustafa/airflow_tutorial/.venv/lib/python3.10/site-packages/airflow/example_dags/plugins/listener_plugin.py took 0.022 seconds
