[2023-11-24T10:25:45.754+0800] {processor.py:157} INFO - Started process (PID=58704) to work on /home/azfarmustafa/airflow_tutorial/.venv/lib/python3.10/site-packages/airflow/example_dags/plugins/workday.py
[2023-11-24T10:25:45.754+0800] {processor.py:829} INFO - Processing file /home/azfarmustafa/airflow_tutorial/.venv/lib/python3.10/site-packages/airflow/example_dags/plugins/workday.py for tasks to queue
[2023-11-24T10:25:45.755+0800] {logging_mixin.py:154} INFO - [2023-11-24T10:25:45.755+0800] {dagbag.py:536} INFO - Filling up the DagBag from /home/azfarmustafa/airflow_tutorial/.venv/lib/python3.10/site-packages/airflow/example_dags/plugins/workday.py
[2023-11-24T10:25:45.759+0800] {logging_mixin.py:154} INFO - [2023-11-24T10:25:45.758+0800] {workday.py:36} WARNING - Could not import pandas. Holidays will not be considered.
[2023-11-24T10:25:45.759+0800] {processor.py:841} WARNING - No viable dags retrieved from /home/azfarmustafa/airflow_tutorial/.venv/lib/python3.10/site-packages/airflow/example_dags/plugins/workday.py
[2023-11-24T10:25:45.769+0800] {processor.py:179} INFO - Processing /home/azfarmustafa/airflow_tutorial/.venv/lib/python3.10/site-packages/airflow/example_dags/plugins/workday.py took 0.018 seconds
[2023-11-24T10:26:32.369+0800] {processor.py:157} INFO - Started process (PID=58752) to work on /home/azfarmustafa/airflow_tutorial/.venv/lib/python3.10/site-packages/airflow/example_dags/plugins/workday.py
[2023-11-24T10:26:32.373+0800] {processor.py:829} INFO - Processing file /home/azfarmustafa/airflow_tutorial/.venv/lib/python3.10/site-packages/airflow/example_dags/plugins/workday.py for tasks to queue
[2023-11-24T10:26:32.375+0800] {logging_mixin.py:154} INFO - [2023-11-24T10:26:32.374+0800] {dagbag.py:536} INFO - Filling up the DagBag from /home/azfarmustafa/airflow_tutorial/.venv/lib/python3.10/site-packages/airflow/example_dags/plugins/workday.py
[2023-11-24T10:26:32.378+0800] {logging_mixin.py:154} INFO - [2023-11-24T10:26:32.378+0800] {workday.py:36} WARNING - Could not import pandas. Holidays will not be considered.
[2023-11-24T10:26:32.378+0800] {processor.py:841} WARNING - No viable dags retrieved from /home/azfarmustafa/airflow_tutorial/.venv/lib/python3.10/site-packages/airflow/example_dags/plugins/workday.py
[2023-11-24T10:26:32.388+0800] {processor.py:179} INFO - Processing /home/azfarmustafa/airflow_tutorial/.venv/lib/python3.10/site-packages/airflow/example_dags/plugins/workday.py took 0.022 seconds
[2023-11-24T10:27:18.553+0800] {processor.py:157} INFO - Started process (PID=58805) to work on /home/azfarmustafa/airflow_tutorial/.venv/lib/python3.10/site-packages/airflow/example_dags/plugins/workday.py
[2023-11-24T10:27:18.557+0800] {processor.py:829} INFO - Processing file /home/azfarmustafa/airflow_tutorial/.venv/lib/python3.10/site-packages/airflow/example_dags/plugins/workday.py for tasks to queue
[2023-11-24T10:27:18.557+0800] {logging_mixin.py:154} INFO - [2023-11-24T10:27:18.557+0800] {dagbag.py:536} INFO - Filling up the DagBag from /home/azfarmustafa/airflow_tutorial/.venv/lib/python3.10/site-packages/airflow/example_dags/plugins/workday.py
[2023-11-24T10:27:18.560+0800] {logging_mixin.py:154} INFO - [2023-11-24T10:27:18.559+0800] {workday.py:36} WARNING - Could not import pandas. Holidays will not be considered.
[2023-11-24T10:27:18.560+0800] {processor.py:841} WARNING - No viable dags retrieved from /home/azfarmustafa/airflow_tutorial/.venv/lib/python3.10/site-packages/airflow/example_dags/plugins/workday.py
[2023-11-24T10:27:18.568+0800] {processor.py:179} INFO - Processing /home/azfarmustafa/airflow_tutorial/.venv/lib/python3.10/site-packages/airflow/example_dags/plugins/workday.py took 0.018 seconds
[2023-11-24T10:28:04.457+0800] {processor.py:157} INFO - Started process (PID=58852) to work on /home/azfarmustafa/airflow_tutorial/.venv/lib/python3.10/site-packages/airflow/example_dags/plugins/workday.py
[2023-11-24T10:28:04.462+0800] {processor.py:829} INFO - Processing file /home/azfarmustafa/airflow_tutorial/.venv/lib/python3.10/site-packages/airflow/example_dags/plugins/workday.py for tasks to queue
[2023-11-24T10:28:04.464+0800] {logging_mixin.py:154} INFO - [2023-11-24T10:28:04.463+0800] {dagbag.py:536} INFO - Filling up the DagBag from /home/azfarmustafa/airflow_tutorial/.venv/lib/python3.10/site-packages/airflow/example_dags/plugins/workday.py
[2023-11-24T10:28:04.468+0800] {logging_mixin.py:154} INFO - [2023-11-24T10:28:04.467+0800] {workday.py:36} WARNING - Could not import pandas. Holidays will not be considered.
[2023-11-24T10:28:04.468+0800] {processor.py:841} WARNING - No viable dags retrieved from /home/azfarmustafa/airflow_tutorial/.venv/lib/python3.10/site-packages/airflow/example_dags/plugins/workday.py
[2023-11-24T10:28:04.482+0800] {processor.py:179} INFO - Processing /home/azfarmustafa/airflow_tutorial/.venv/lib/python3.10/site-packages/airflow/example_dags/plugins/workday.py took 0.029 seconds
[2023-11-24T10:28:53.659+0800] {processor.py:157} INFO - Started process (PID=58906) to work on /home/azfarmustafa/airflow_tutorial/.venv/lib/python3.10/site-packages/airflow/example_dags/plugins/workday.py
[2023-11-24T10:28:53.660+0800] {processor.py:829} INFO - Processing file /home/azfarmustafa/airflow_tutorial/.venv/lib/python3.10/site-packages/airflow/example_dags/plugins/workday.py for tasks to queue
[2023-11-24T10:28:53.661+0800] {logging_mixin.py:154} INFO - [2023-11-24T10:28:53.661+0800] {dagbag.py:536} INFO - Filling up the DagBag from /home/azfarmustafa/airflow_tutorial/.venv/lib/python3.10/site-packages/airflow/example_dags/plugins/workday.py
[2023-11-24T10:28:53.663+0800] {logging_mixin.py:154} INFO - [2023-11-24T10:28:53.663+0800] {workday.py:36} WARNING - Could not import pandas. Holidays will not be considered.
[2023-11-24T10:28:53.664+0800] {processor.py:841} WARNING - No viable dags retrieved from /home/azfarmustafa/airflow_tutorial/.venv/lib/python3.10/site-packages/airflow/example_dags/plugins/workday.py
[2023-11-24T10:28:53.672+0800] {processor.py:179} INFO - Processing /home/azfarmustafa/airflow_tutorial/.venv/lib/python3.10/site-packages/airflow/example_dags/plugins/workday.py took 0.016 seconds
[2023-11-24T10:29:40.157+0800] {processor.py:157} INFO - Started process (PID=58954) to work on /home/azfarmustafa/airflow_tutorial/.venv/lib/python3.10/site-packages/airflow/example_dags/plugins/workday.py
[2023-11-24T10:29:40.159+0800] {processor.py:829} INFO - Processing file /home/azfarmustafa/airflow_tutorial/.venv/lib/python3.10/site-packages/airflow/example_dags/plugins/workday.py for tasks to queue
[2023-11-24T10:29:40.160+0800] {logging_mixin.py:154} INFO - [2023-11-24T10:29:40.160+0800] {dagbag.py:536} INFO - Filling up the DagBag from /home/azfarmustafa/airflow_tutorial/.venv/lib/python3.10/site-packages/airflow/example_dags/plugins/workday.py
[2023-11-24T10:29:40.164+0800] {logging_mixin.py:154} INFO - [2023-11-24T10:29:40.163+0800] {workday.py:36} WARNING - Could not import pandas. Holidays will not be considered.
[2023-11-24T10:29:40.164+0800] {processor.py:841} WARNING - No viable dags retrieved from /home/azfarmustafa/airflow_tutorial/.venv/lib/python3.10/site-packages/airflow/example_dags/plugins/workday.py
[2023-11-24T10:29:40.172+0800] {processor.py:179} INFO - Processing /home/azfarmustafa/airflow_tutorial/.venv/lib/python3.10/site-packages/airflow/example_dags/plugins/workday.py took 0.018 seconds
[2023-11-24T10:30:27.404+0800] {processor.py:157} INFO - Started process (PID=59003) to work on /home/azfarmustafa/airflow_tutorial/.venv/lib/python3.10/site-packages/airflow/example_dags/plugins/workday.py
[2023-11-24T10:30:27.406+0800] {processor.py:829} INFO - Processing file /home/azfarmustafa/airflow_tutorial/.venv/lib/python3.10/site-packages/airflow/example_dags/plugins/workday.py for tasks to queue
[2023-11-24T10:30:27.407+0800] {logging_mixin.py:154} INFO - [2023-11-24T10:30:27.407+0800] {dagbag.py:536} INFO - Filling up the DagBag from /home/azfarmustafa/airflow_tutorial/.venv/lib/python3.10/site-packages/airflow/example_dags/plugins/workday.py
[2023-11-24T10:30:27.410+0800] {logging_mixin.py:154} INFO - [2023-11-24T10:30:27.410+0800] {workday.py:36} WARNING - Could not import pandas. Holidays will not be considered.
[2023-11-24T10:30:27.411+0800] {processor.py:841} WARNING - No viable dags retrieved from /home/azfarmustafa/airflow_tutorial/.venv/lib/python3.10/site-packages/airflow/example_dags/plugins/workday.py
[2023-11-24T10:30:27.419+0800] {processor.py:179} INFO - Processing /home/azfarmustafa/airflow_tutorial/.venv/lib/python3.10/site-packages/airflow/example_dags/plugins/workday.py took 0.019 seconds
[2023-11-24T10:31:15.393+0800] {processor.py:157} INFO - Started process (PID=59051) to work on /home/azfarmustafa/airflow_tutorial/.venv/lib/python3.10/site-packages/airflow/example_dags/plugins/workday.py
[2023-11-24T10:31:15.395+0800] {processor.py:829} INFO - Processing file /home/azfarmustafa/airflow_tutorial/.venv/lib/python3.10/site-packages/airflow/example_dags/plugins/workday.py for tasks to queue
[2023-11-24T10:31:15.396+0800] {logging_mixin.py:154} INFO - [2023-11-24T10:31:15.396+0800] {dagbag.py:536} INFO - Filling up the DagBag from /home/azfarmustafa/airflow_tutorial/.venv/lib/python3.10/site-packages/airflow/example_dags/plugins/workday.py
[2023-11-24T10:31:15.400+0800] {logging_mixin.py:154} INFO - [2023-11-24T10:31:15.399+0800] {workday.py:36} WARNING - Could not import pandas. Holidays will not be considered.
[2023-11-24T10:31:15.400+0800] {processor.py:841} WARNING - No viable dags retrieved from /home/azfarmustafa/airflow_tutorial/.venv/lib/python3.10/site-packages/airflow/example_dags/plugins/workday.py
[2023-11-24T10:31:15.409+0800] {processor.py:179} INFO - Processing /home/azfarmustafa/airflow_tutorial/.venv/lib/python3.10/site-packages/airflow/example_dags/plugins/workday.py took 0.019 seconds
[2023-11-24T10:31:59.741+0800] {processor.py:157} INFO - Started process (PID=59097) to work on /home/azfarmustafa/airflow_tutorial/.venv/lib/python3.10/site-packages/airflow/example_dags/plugins/workday.py
[2023-11-24T10:31:59.745+0800] {processor.py:829} INFO - Processing file /home/azfarmustafa/airflow_tutorial/.venv/lib/python3.10/site-packages/airflow/example_dags/plugins/workday.py for tasks to queue
[2023-11-24T10:31:59.746+0800] {logging_mixin.py:154} INFO - [2023-11-24T10:31:59.746+0800] {dagbag.py:536} INFO - Filling up the DagBag from /home/azfarmustafa/airflow_tutorial/.venv/lib/python3.10/site-packages/airflow/example_dags/plugins/workday.py
[2023-11-24T10:31:59.748+0800] {logging_mixin.py:154} INFO - [2023-11-24T10:31:59.748+0800] {workday.py:36} WARNING - Could not import pandas. Holidays will not be considered.
[2023-11-24T10:31:59.749+0800] {processor.py:841} WARNING - No viable dags retrieved from /home/azfarmustafa/airflow_tutorial/.venv/lib/python3.10/site-packages/airflow/example_dags/plugins/workday.py
[2023-11-24T10:31:59.759+0800] {processor.py:179} INFO - Processing /home/azfarmustafa/airflow_tutorial/.venv/lib/python3.10/site-packages/airflow/example_dags/plugins/workday.py took 0.020 seconds
[2023-11-24T10:32:50.741+0800] {processor.py:157} INFO - Started process (PID=59147) to work on /home/azfarmustafa/airflow_tutorial/.venv/lib/python3.10/site-packages/airflow/example_dags/plugins/workday.py
[2023-11-24T10:32:50.746+0800] {processor.py:829} INFO - Processing file /home/azfarmustafa/airflow_tutorial/.venv/lib/python3.10/site-packages/airflow/example_dags/plugins/workday.py for tasks to queue
[2023-11-24T10:32:50.747+0800] {logging_mixin.py:154} INFO - [2023-11-24T10:32:50.746+0800] {dagbag.py:536} INFO - Filling up the DagBag from /home/azfarmustafa/airflow_tutorial/.venv/lib/python3.10/site-packages/airflow/example_dags/plugins/workday.py
[2023-11-24T10:32:50.751+0800] {logging_mixin.py:154} INFO - [2023-11-24T10:32:50.751+0800] {workday.py:36} WARNING - Could not import pandas. Holidays will not be considered.
[2023-11-24T10:32:50.752+0800] {processor.py:841} WARNING - No viable dags retrieved from /home/azfarmustafa/airflow_tutorial/.venv/lib/python3.10/site-packages/airflow/example_dags/plugins/workday.py
[2023-11-24T10:32:50.761+0800] {processor.py:179} INFO - Processing /home/azfarmustafa/airflow_tutorial/.venv/lib/python3.10/site-packages/airflow/example_dags/plugins/workday.py took 0.024 seconds
[2023-11-24T10:33:41.915+0800] {processor.py:157} INFO - Started process (PID=59197) to work on /home/azfarmustafa/airflow_tutorial/.venv/lib/python3.10/site-packages/airflow/example_dags/plugins/workday.py
[2023-11-24T10:33:41.919+0800] {processor.py:829} INFO - Processing file /home/azfarmustafa/airflow_tutorial/.venv/lib/python3.10/site-packages/airflow/example_dags/plugins/workday.py for tasks to queue
[2023-11-24T10:33:41.920+0800] {logging_mixin.py:154} INFO - [2023-11-24T10:33:41.920+0800] {dagbag.py:536} INFO - Filling up the DagBag from /home/azfarmustafa/airflow_tutorial/.venv/lib/python3.10/site-packages/airflow/example_dags/plugins/workday.py
[2023-11-24T10:33:41.922+0800] {logging_mixin.py:154} INFO - [2023-11-24T10:33:41.922+0800] {workday.py:36} WARNING - Could not import pandas. Holidays will not be considered.
[2023-11-24T10:33:41.923+0800] {processor.py:841} WARNING - No viable dags retrieved from /home/azfarmustafa/airflow_tutorial/.venv/lib/python3.10/site-packages/airflow/example_dags/plugins/workday.py
[2023-11-24T10:33:41.931+0800] {processor.py:179} INFO - Processing /home/azfarmustafa/airflow_tutorial/.venv/lib/python3.10/site-packages/airflow/example_dags/plugins/workday.py took 0.018 seconds
[2023-11-24T10:34:32.019+0800] {processor.py:157} INFO - Started process (PID=59248) to work on /home/azfarmustafa/airflow_tutorial/.venv/lib/python3.10/site-packages/airflow/example_dags/plugins/workday.py
[2023-11-24T10:34:32.023+0800] {processor.py:829} INFO - Processing file /home/azfarmustafa/airflow_tutorial/.venv/lib/python3.10/site-packages/airflow/example_dags/plugins/workday.py for tasks to queue
[2023-11-24T10:34:32.024+0800] {logging_mixin.py:154} INFO - [2023-11-24T10:34:32.023+0800] {dagbag.py:536} INFO - Filling up the DagBag from /home/azfarmustafa/airflow_tutorial/.venv/lib/python3.10/site-packages/airflow/example_dags/plugins/workday.py
[2023-11-24T10:34:32.026+0800] {logging_mixin.py:154} INFO - [2023-11-24T10:34:32.026+0800] {workday.py:36} WARNING - Could not import pandas. Holidays will not be considered.
[2023-11-24T10:34:32.027+0800] {processor.py:841} WARNING - No viable dags retrieved from /home/azfarmustafa/airflow_tutorial/.venv/lib/python3.10/site-packages/airflow/example_dags/plugins/workday.py
[2023-11-24T10:34:32.035+0800] {processor.py:179} INFO - Processing /home/azfarmustafa/airflow_tutorial/.venv/lib/python3.10/site-packages/airflow/example_dags/plugins/workday.py took 0.019 seconds
[2023-11-24T10:35:16.767+0800] {processor.py:157} INFO - Started process (PID=59299) to work on /home/azfarmustafa/airflow_tutorial/.venv/lib/python3.10/site-packages/airflow/example_dags/plugins/workday.py
[2023-11-24T10:35:16.771+0800] {processor.py:829} INFO - Processing file /home/azfarmustafa/airflow_tutorial/.venv/lib/python3.10/site-packages/airflow/example_dags/plugins/workday.py for tasks to queue
[2023-11-24T10:35:16.772+0800] {logging_mixin.py:154} INFO - [2023-11-24T10:35:16.772+0800] {dagbag.py:536} INFO - Filling up the DagBag from /home/azfarmustafa/airflow_tutorial/.venv/lib/python3.10/site-packages/airflow/example_dags/plugins/workday.py
[2023-11-24T10:35:16.775+0800] {logging_mixin.py:154} INFO - [2023-11-24T10:35:16.775+0800] {workday.py:36} WARNING - Could not import pandas. Holidays will not be considered.
[2023-11-24T10:35:16.776+0800] {processor.py:841} WARNING - No viable dags retrieved from /home/azfarmustafa/airflow_tutorial/.venv/lib/python3.10/site-packages/airflow/example_dags/plugins/workday.py
[2023-11-24T10:35:16.784+0800] {processor.py:179} INFO - Processing /home/azfarmustafa/airflow_tutorial/.venv/lib/python3.10/site-packages/airflow/example_dags/plugins/workday.py took 0.020 seconds
[2023-11-24T10:35:59.043+0800] {processor.py:157} INFO - Started process (PID=59345) to work on /home/azfarmustafa/airflow_tutorial/.venv/lib/python3.10/site-packages/airflow/example_dags/plugins/workday.py
[2023-11-24T10:35:59.047+0800] {processor.py:829} INFO - Processing file /home/azfarmustafa/airflow_tutorial/.venv/lib/python3.10/site-packages/airflow/example_dags/plugins/workday.py for tasks to queue
[2023-11-24T10:35:59.048+0800] {logging_mixin.py:154} INFO - [2023-11-24T10:35:59.048+0800] {dagbag.py:536} INFO - Filling up the DagBag from /home/azfarmustafa/airflow_tutorial/.venv/lib/python3.10/site-packages/airflow/example_dags/plugins/workday.py
[2023-11-24T10:35:59.051+0800] {logging_mixin.py:154} INFO - [2023-11-24T10:35:59.050+0800] {workday.py:36} WARNING - Could not import pandas. Holidays will not be considered.
[2023-11-24T10:35:59.051+0800] {processor.py:841} WARNING - No viable dags retrieved from /home/azfarmustafa/airflow_tutorial/.venv/lib/python3.10/site-packages/airflow/example_dags/plugins/workday.py
[2023-11-24T10:35:59.059+0800] {processor.py:179} INFO - Processing /home/azfarmustafa/airflow_tutorial/.venv/lib/python3.10/site-packages/airflow/example_dags/plugins/workday.py took 0.019 seconds
[2023-11-24T10:36:40.258+0800] {processor.py:157} INFO - Started process (PID=59388) to work on /home/azfarmustafa/airflow_tutorial/.venv/lib/python3.10/site-packages/airflow/example_dags/plugins/workday.py
[2023-11-24T10:36:40.262+0800] {processor.py:829} INFO - Processing file /home/azfarmustafa/airflow_tutorial/.venv/lib/python3.10/site-packages/airflow/example_dags/plugins/workday.py for tasks to queue
[2023-11-24T10:36:40.263+0800] {logging_mixin.py:154} INFO - [2023-11-24T10:36:40.262+0800] {dagbag.py:536} INFO - Filling up the DagBag from /home/azfarmustafa/airflow_tutorial/.venv/lib/python3.10/site-packages/airflow/example_dags/plugins/workday.py
[2023-11-24T10:36:40.265+0800] {logging_mixin.py:154} INFO - [2023-11-24T10:36:40.265+0800] {workday.py:36} WARNING - Could not import pandas. Holidays will not be considered.
[2023-11-24T10:36:40.265+0800] {processor.py:841} WARNING - No viable dags retrieved from /home/azfarmustafa/airflow_tutorial/.venv/lib/python3.10/site-packages/airflow/example_dags/plugins/workday.py
[2023-11-24T10:36:40.274+0800] {processor.py:179} INFO - Processing /home/azfarmustafa/airflow_tutorial/.venv/lib/python3.10/site-packages/airflow/example_dags/plugins/workday.py took 0.019 seconds
[2023-11-24T10:37:27.503+0800] {processor.py:157} INFO - Started process (PID=59436) to work on /home/azfarmustafa/airflow_tutorial/.venv/lib/python3.10/site-packages/airflow/example_dags/plugins/workday.py
[2023-11-24T10:37:27.507+0800] {processor.py:829} INFO - Processing file /home/azfarmustafa/airflow_tutorial/.venv/lib/python3.10/site-packages/airflow/example_dags/plugins/workday.py for tasks to queue
[2023-11-24T10:37:27.509+0800] {logging_mixin.py:154} INFO - [2023-11-24T10:37:27.508+0800] {dagbag.py:536} INFO - Filling up the DagBag from /home/azfarmustafa/airflow_tutorial/.venv/lib/python3.10/site-packages/airflow/example_dags/plugins/workday.py
[2023-11-24T10:37:27.513+0800] {logging_mixin.py:154} INFO - [2023-11-24T10:37:27.512+0800] {workday.py:36} WARNING - Could not import pandas. Holidays will not be considered.
[2023-11-24T10:37:27.513+0800] {processor.py:841} WARNING - No viable dags retrieved from /home/azfarmustafa/airflow_tutorial/.venv/lib/python3.10/site-packages/airflow/example_dags/plugins/workday.py
[2023-11-24T10:37:27.522+0800] {processor.py:179} INFO - Processing /home/azfarmustafa/airflow_tutorial/.venv/lib/python3.10/site-packages/airflow/example_dags/plugins/workday.py took 0.022 seconds
[2023-11-24T10:38:14.150+0800] {processor.py:157} INFO - Started process (PID=59483) to work on /home/azfarmustafa/airflow_tutorial/.venv/lib/python3.10/site-packages/airflow/example_dags/plugins/workday.py
[2023-11-24T10:38:14.154+0800] {processor.py:829} INFO - Processing file /home/azfarmustafa/airflow_tutorial/.venv/lib/python3.10/site-packages/airflow/example_dags/plugins/workday.py for tasks to queue
[2023-11-24T10:38:14.154+0800] {logging_mixin.py:154} INFO - [2023-11-24T10:38:14.154+0800] {dagbag.py:536} INFO - Filling up the DagBag from /home/azfarmustafa/airflow_tutorial/.venv/lib/python3.10/site-packages/airflow/example_dags/plugins/workday.py
[2023-11-24T10:38:14.157+0800] {logging_mixin.py:154} INFO - [2023-11-24T10:38:14.157+0800] {workday.py:36} WARNING - Could not import pandas. Holidays will not be considered.
[2023-11-24T10:38:14.157+0800] {processor.py:841} WARNING - No viable dags retrieved from /home/azfarmustafa/airflow_tutorial/.venv/lib/python3.10/site-packages/airflow/example_dags/plugins/workday.py
[2023-11-24T10:38:14.168+0800] {processor.py:179} INFO - Processing /home/azfarmustafa/airflow_tutorial/.venv/lib/python3.10/site-packages/airflow/example_dags/plugins/workday.py took 0.020 seconds
[2023-11-24T10:39:02.458+0800] {processor.py:157} INFO - Started process (PID=59532) to work on /home/azfarmustafa/airflow_tutorial/.venv/lib/python3.10/site-packages/airflow/example_dags/plugins/workday.py
[2023-11-24T10:39:02.460+0800] {processor.py:829} INFO - Processing file /home/azfarmustafa/airflow_tutorial/.venv/lib/python3.10/site-packages/airflow/example_dags/plugins/workday.py for tasks to queue
[2023-11-24T10:39:02.461+0800] {logging_mixin.py:154} INFO - [2023-11-24T10:39:02.460+0800] {dagbag.py:536} INFO - Filling up the DagBag from /home/azfarmustafa/airflow_tutorial/.venv/lib/python3.10/site-packages/airflow/example_dags/plugins/workday.py
[2023-11-24T10:39:02.463+0800] {logging_mixin.py:154} INFO - [2023-11-24T10:39:02.463+0800] {workday.py:36} WARNING - Could not import pandas. Holidays will not be considered.
[2023-11-24T10:39:02.464+0800] {processor.py:841} WARNING - No viable dags retrieved from /home/azfarmustafa/airflow_tutorial/.venv/lib/python3.10/site-packages/airflow/example_dags/plugins/workday.py
[2023-11-24T10:39:02.475+0800] {processor.py:179} INFO - Processing /home/azfarmustafa/airflow_tutorial/.venv/lib/python3.10/site-packages/airflow/example_dags/plugins/workday.py took 0.019 seconds
[2023-11-24T10:39:53.681+0800] {processor.py:157} INFO - Started process (PID=59582) to work on /home/azfarmustafa/airflow_tutorial/.venv/lib/python3.10/site-packages/airflow/example_dags/plugins/workday.py
[2023-11-24T10:39:53.686+0800] {processor.py:829} INFO - Processing file /home/azfarmustafa/airflow_tutorial/.venv/lib/python3.10/site-packages/airflow/example_dags/plugins/workday.py for tasks to queue
[2023-11-24T10:39:53.687+0800] {logging_mixin.py:154} INFO - [2023-11-24T10:39:53.686+0800] {dagbag.py:536} INFO - Filling up the DagBag from /home/azfarmustafa/airflow_tutorial/.venv/lib/python3.10/site-packages/airflow/example_dags/plugins/workday.py
[2023-11-24T10:39:53.689+0800] {logging_mixin.py:154} INFO - [2023-11-24T10:39:53.689+0800] {workday.py:36} WARNING - Could not import pandas. Holidays will not be considered.
[2023-11-24T10:39:53.690+0800] {processor.py:841} WARNING - No viable dags retrieved from /home/azfarmustafa/airflow_tutorial/.venv/lib/python3.10/site-packages/airflow/example_dags/plugins/workday.py
[2023-11-24T10:39:53.698+0800] {processor.py:179} INFO - Processing /home/azfarmustafa/airflow_tutorial/.venv/lib/python3.10/site-packages/airflow/example_dags/plugins/workday.py took 0.020 seconds
[2023-11-24T10:40:39.117+0800] {processor.py:157} INFO - Started process (PID=59629) to work on /home/azfarmustafa/airflow_tutorial/.venv/lib/python3.10/site-packages/airflow/example_dags/plugins/workday.py
[2023-11-24T10:40:39.122+0800] {processor.py:829} INFO - Processing file /home/azfarmustafa/airflow_tutorial/.venv/lib/python3.10/site-packages/airflow/example_dags/plugins/workday.py for tasks to queue
[2023-11-24T10:40:39.123+0800] {logging_mixin.py:154} INFO - [2023-11-24T10:40:39.123+0800] {dagbag.py:536} INFO - Filling up the DagBag from /home/azfarmustafa/airflow_tutorial/.venv/lib/python3.10/site-packages/airflow/example_dags/plugins/workday.py
[2023-11-24T10:40:39.126+0800] {logging_mixin.py:154} INFO - [2023-11-24T10:40:39.126+0800] {workday.py:36} WARNING - Could not import pandas. Holidays will not be considered.
[2023-11-24T10:40:39.127+0800] {processor.py:841} WARNING - No viable dags retrieved from /home/azfarmustafa/airflow_tutorial/.venv/lib/python3.10/site-packages/airflow/example_dags/plugins/workday.py
[2023-11-24T10:40:39.137+0800] {processor.py:179} INFO - Processing /home/azfarmustafa/airflow_tutorial/.venv/lib/python3.10/site-packages/airflow/example_dags/plugins/workday.py took 0.023 seconds
[2023-11-24T10:41:25.462+0800] {processor.py:157} INFO - Started process (PID=59681) to work on /home/azfarmustafa/airflow_tutorial/.venv/lib/python3.10/site-packages/airflow/example_dags/plugins/workday.py
[2023-11-24T10:41:25.466+0800] {processor.py:829} INFO - Processing file /home/azfarmustafa/airflow_tutorial/.venv/lib/python3.10/site-packages/airflow/example_dags/plugins/workday.py for tasks to queue
[2023-11-24T10:41:25.468+0800] {logging_mixin.py:154} INFO - [2023-11-24T10:41:25.467+0800] {dagbag.py:536} INFO - Filling up the DagBag from /home/azfarmustafa/airflow_tutorial/.venv/lib/python3.10/site-packages/airflow/example_dags/plugins/workday.py
[2023-11-24T10:41:25.471+0800] {logging_mixin.py:154} INFO - [2023-11-24T10:41:25.471+0800] {workday.py:36} WARNING - Could not import pandas. Holidays will not be considered.
[2023-11-24T10:41:25.471+0800] {processor.py:841} WARNING - No viable dags retrieved from /home/azfarmustafa/airflow_tutorial/.venv/lib/python3.10/site-packages/airflow/example_dags/plugins/workday.py
[2023-11-24T10:41:25.480+0800] {processor.py:179} INFO - Processing /home/azfarmustafa/airflow_tutorial/.venv/lib/python3.10/site-packages/airflow/example_dags/plugins/workday.py took 0.020 seconds
[2023-11-24T10:42:14.025+0800] {processor.py:157} INFO - Started process (PID=59730) to work on /home/azfarmustafa/airflow_tutorial/.venv/lib/python3.10/site-packages/airflow/example_dags/plugins/workday.py
[2023-11-24T10:42:14.029+0800] {processor.py:829} INFO - Processing file /home/azfarmustafa/airflow_tutorial/.venv/lib/python3.10/site-packages/airflow/example_dags/plugins/workday.py for tasks to queue
[2023-11-24T10:42:14.029+0800] {logging_mixin.py:154} INFO - [2023-11-24T10:42:14.029+0800] {dagbag.py:536} INFO - Filling up the DagBag from /home/azfarmustafa/airflow_tutorial/.venv/lib/python3.10/site-packages/airflow/example_dags/plugins/workday.py
[2023-11-24T10:42:14.032+0800] {logging_mixin.py:154} INFO - [2023-11-24T10:42:14.031+0800] {workday.py:36} WARNING - Could not import pandas. Holidays will not be considered.
[2023-11-24T10:42:14.032+0800] {processor.py:841} WARNING - No viable dags retrieved from /home/azfarmustafa/airflow_tutorial/.venv/lib/python3.10/site-packages/airflow/example_dags/plugins/workday.py
[2023-11-24T10:42:14.041+0800] {processor.py:179} INFO - Processing /home/azfarmustafa/airflow_tutorial/.venv/lib/python3.10/site-packages/airflow/example_dags/plugins/workday.py took 0.019 seconds
[2023-11-24T10:43:00.450+0800] {processor.py:157} INFO - Started process (PID=59777) to work on /home/azfarmustafa/airflow_tutorial/.venv/lib/python3.10/site-packages/airflow/example_dags/plugins/workday.py
[2023-11-24T10:43:00.454+0800] {processor.py:829} INFO - Processing file /home/azfarmustafa/airflow_tutorial/.venv/lib/python3.10/site-packages/airflow/example_dags/plugins/workday.py for tasks to queue
[2023-11-24T10:43:00.455+0800] {logging_mixin.py:154} INFO - [2023-11-24T10:43:00.455+0800] {dagbag.py:536} INFO - Filling up the DagBag from /home/azfarmustafa/airflow_tutorial/.venv/lib/python3.10/site-packages/airflow/example_dags/plugins/workday.py
[2023-11-24T10:43:00.458+0800] {logging_mixin.py:154} INFO - [2023-11-24T10:43:00.457+0800] {workday.py:36} WARNING - Could not import pandas. Holidays will not be considered.
[2023-11-24T10:43:00.458+0800] {processor.py:841} WARNING - No viable dags retrieved from /home/azfarmustafa/airflow_tutorial/.venv/lib/python3.10/site-packages/airflow/example_dags/plugins/workday.py
[2023-11-24T10:43:00.466+0800] {processor.py:179} INFO - Processing /home/azfarmustafa/airflow_tutorial/.venv/lib/python3.10/site-packages/airflow/example_dags/plugins/workday.py took 0.020 seconds
[2023-11-24T10:43:47.185+0800] {processor.py:157} INFO - Started process (PID=59825) to work on /home/azfarmustafa/airflow_tutorial/.venv/lib/python3.10/site-packages/airflow/example_dags/plugins/workday.py
[2023-11-24T10:43:47.189+0800] {processor.py:829} INFO - Processing file /home/azfarmustafa/airflow_tutorial/.venv/lib/python3.10/site-packages/airflow/example_dags/plugins/workday.py for tasks to queue
[2023-11-24T10:43:47.190+0800] {logging_mixin.py:154} INFO - [2023-11-24T10:43:47.190+0800] {dagbag.py:536} INFO - Filling up the DagBag from /home/azfarmustafa/airflow_tutorial/.venv/lib/python3.10/site-packages/airflow/example_dags/plugins/workday.py
[2023-11-24T10:43:47.193+0800] {logging_mixin.py:154} INFO - [2023-11-24T10:43:47.192+0800] {workday.py:36} WARNING - Could not import pandas. Holidays will not be considered.
[2023-11-24T10:43:47.193+0800] {processor.py:841} WARNING - No viable dags retrieved from /home/azfarmustafa/airflow_tutorial/.venv/lib/python3.10/site-packages/airflow/example_dags/plugins/workday.py
[2023-11-24T10:43:47.202+0800] {processor.py:179} INFO - Processing /home/azfarmustafa/airflow_tutorial/.venv/lib/python3.10/site-packages/airflow/example_dags/plugins/workday.py took 0.019 seconds
[2023-11-24T10:44:36.090+0800] {processor.py:157} INFO - Started process (PID=59875) to work on /home/azfarmustafa/airflow_tutorial/.venv/lib/python3.10/site-packages/airflow/example_dags/plugins/workday.py
[2023-11-24T10:44:36.092+0800] {processor.py:829} INFO - Processing file /home/azfarmustafa/airflow_tutorial/.venv/lib/python3.10/site-packages/airflow/example_dags/plugins/workday.py for tasks to queue
[2023-11-24T10:44:36.092+0800] {logging_mixin.py:154} INFO - [2023-11-24T10:44:36.092+0800] {dagbag.py:536} INFO - Filling up the DagBag from /home/azfarmustafa/airflow_tutorial/.venv/lib/python3.10/site-packages/airflow/example_dags/plugins/workday.py
[2023-11-24T10:44:36.095+0800] {logging_mixin.py:154} INFO - [2023-11-24T10:44:36.095+0800] {workday.py:36} WARNING - Could not import pandas. Holidays will not be considered.
[2023-11-24T10:44:36.096+0800] {processor.py:841} WARNING - No viable dags retrieved from /home/azfarmustafa/airflow_tutorial/.venv/lib/python3.10/site-packages/airflow/example_dags/plugins/workday.py
[2023-11-24T10:44:36.104+0800] {processor.py:179} INFO - Processing /home/azfarmustafa/airflow_tutorial/.venv/lib/python3.10/site-packages/airflow/example_dags/plugins/workday.py took 0.016 seconds
[2023-11-24T10:45:24.406+0800] {processor.py:157} INFO - Started process (PID=59923) to work on /home/azfarmustafa/airflow_tutorial/.venv/lib/python3.10/site-packages/airflow/example_dags/plugins/workday.py
[2023-11-24T10:45:24.410+0800] {processor.py:829} INFO - Processing file /home/azfarmustafa/airflow_tutorial/.venv/lib/python3.10/site-packages/airflow/example_dags/plugins/workday.py for tasks to queue
[2023-11-24T10:45:24.410+0800] {logging_mixin.py:154} INFO - [2023-11-24T10:45:24.410+0800] {dagbag.py:536} INFO - Filling up the DagBag from /home/azfarmustafa/airflow_tutorial/.venv/lib/python3.10/site-packages/airflow/example_dags/plugins/workday.py
[2023-11-24T10:45:24.413+0800] {logging_mixin.py:154} INFO - [2023-11-24T10:45:24.412+0800] {workday.py:36} WARNING - Could not import pandas. Holidays will not be considered.
[2023-11-24T10:45:24.413+0800] {processor.py:841} WARNING - No viable dags retrieved from /home/azfarmustafa/airflow_tutorial/.venv/lib/python3.10/site-packages/airflow/example_dags/plugins/workday.py
[2023-11-24T10:45:24.422+0800] {processor.py:179} INFO - Processing /home/azfarmustafa/airflow_tutorial/.venv/lib/python3.10/site-packages/airflow/example_dags/plugins/workday.py took 0.019 seconds
[2023-11-24T10:46:11.130+0800] {processor.py:157} INFO - Started process (PID=59971) to work on /home/azfarmustafa/airflow_tutorial/.venv/lib/python3.10/site-packages/airflow/example_dags/plugins/workday.py
[2023-11-24T10:46:11.131+0800] {processor.py:829} INFO - Processing file /home/azfarmustafa/airflow_tutorial/.venv/lib/python3.10/site-packages/airflow/example_dags/plugins/workday.py for tasks to queue
[2023-11-24T10:46:11.132+0800] {logging_mixin.py:154} INFO - [2023-11-24T10:46:11.132+0800] {dagbag.py:536} INFO - Filling up the DagBag from /home/azfarmustafa/airflow_tutorial/.venv/lib/python3.10/site-packages/airflow/example_dags/plugins/workday.py
[2023-11-24T10:46:11.134+0800] {logging_mixin.py:154} INFO - [2023-11-24T10:46:11.134+0800] {workday.py:36} WARNING - Could not import pandas. Holidays will not be considered.
[2023-11-24T10:46:11.135+0800] {processor.py:841} WARNING - No viable dags retrieved from /home/azfarmustafa/airflow_tutorial/.venv/lib/python3.10/site-packages/airflow/example_dags/plugins/workday.py
[2023-11-24T10:46:11.144+0800] {processor.py:179} INFO - Processing /home/azfarmustafa/airflow_tutorial/.venv/lib/python3.10/site-packages/airflow/example_dags/plugins/workday.py took 0.016 seconds
[2023-11-24T10:46:55.770+0800] {processor.py:157} INFO - Started process (PID=60017) to work on /home/azfarmustafa/airflow_tutorial/.venv/lib/python3.10/site-packages/airflow/example_dags/plugins/workday.py
[2023-11-24T10:46:55.772+0800] {processor.py:829} INFO - Processing file /home/azfarmustafa/airflow_tutorial/.venv/lib/python3.10/site-packages/airflow/example_dags/plugins/workday.py for tasks to queue
[2023-11-24T10:46:55.773+0800] {logging_mixin.py:154} INFO - [2023-11-24T10:46:55.772+0800] {dagbag.py:536} INFO - Filling up the DagBag from /home/azfarmustafa/airflow_tutorial/.venv/lib/python3.10/site-packages/airflow/example_dags/plugins/workday.py
[2023-11-24T10:46:55.776+0800] {logging_mixin.py:154} INFO - [2023-11-24T10:46:55.775+0800] {workday.py:36} WARNING - Could not import pandas. Holidays will not be considered.
[2023-11-24T10:46:55.776+0800] {processor.py:841} WARNING - No viable dags retrieved from /home/azfarmustafa/airflow_tutorial/.venv/lib/python3.10/site-packages/airflow/example_dags/plugins/workday.py
[2023-11-24T10:46:55.785+0800] {processor.py:179} INFO - Processing /home/azfarmustafa/airflow_tutorial/.venv/lib/python3.10/site-packages/airflow/example_dags/plugins/workday.py took 0.017 seconds
[2023-11-24T10:47:39.909+0800] {processor.py:157} INFO - Started process (PID=60069) to work on /home/azfarmustafa/airflow_tutorial/.venv/lib/python3.10/site-packages/airflow/example_dags/plugins/workday.py
[2023-11-24T10:47:39.913+0800] {processor.py:829} INFO - Processing file /home/azfarmustafa/airflow_tutorial/.venv/lib/python3.10/site-packages/airflow/example_dags/plugins/workday.py for tasks to queue
[2023-11-24T10:47:39.914+0800] {logging_mixin.py:154} INFO - [2023-11-24T10:47:39.913+0800] {dagbag.py:536} INFO - Filling up the DagBag from /home/azfarmustafa/airflow_tutorial/.venv/lib/python3.10/site-packages/airflow/example_dags/plugins/workday.py
[2023-11-24T10:47:39.916+0800] {logging_mixin.py:154} INFO - [2023-11-24T10:47:39.916+0800] {workday.py:36} WARNING - Could not import pandas. Holidays will not be considered.
[2023-11-24T10:47:39.916+0800] {processor.py:841} WARNING - No viable dags retrieved from /home/azfarmustafa/airflow_tutorial/.venv/lib/python3.10/site-packages/airflow/example_dags/plugins/workday.py
[2023-11-24T10:47:39.928+0800] {processor.py:179} INFO - Processing /home/azfarmustafa/airflow_tutorial/.venv/lib/python3.10/site-packages/airflow/example_dags/plugins/workday.py took 0.022 seconds
[2023-11-24T10:48:26.916+0800] {processor.py:157} INFO - Started process (PID=60117) to work on /home/azfarmustafa/airflow_tutorial/.venv/lib/python3.10/site-packages/airflow/example_dags/plugins/workday.py
[2023-11-24T10:48:26.918+0800] {processor.py:829} INFO - Processing file /home/azfarmustafa/airflow_tutorial/.venv/lib/python3.10/site-packages/airflow/example_dags/plugins/workday.py for tasks to queue
[2023-11-24T10:48:26.920+0800] {logging_mixin.py:154} INFO - [2023-11-24T10:48:26.919+0800] {dagbag.py:536} INFO - Filling up the DagBag from /home/azfarmustafa/airflow_tutorial/.venv/lib/python3.10/site-packages/airflow/example_dags/plugins/workday.py
[2023-11-24T10:48:26.923+0800] {logging_mixin.py:154} INFO - [2023-11-24T10:48:26.923+0800] {workday.py:36} WARNING - Could not import pandas. Holidays will not be considered.
[2023-11-24T10:48:26.923+0800] {processor.py:841} WARNING - No viable dags retrieved from /home/azfarmustafa/airflow_tutorial/.venv/lib/python3.10/site-packages/airflow/example_dags/plugins/workday.py
[2023-11-24T10:48:26.932+0800] {processor.py:179} INFO - Processing /home/azfarmustafa/airflow_tutorial/.venv/lib/python3.10/site-packages/airflow/example_dags/plugins/workday.py took 0.019 seconds
[2023-11-24T10:49:15.790+0800] {processor.py:157} INFO - Started process (PID=60165) to work on /home/azfarmustafa/airflow_tutorial/.venv/lib/python3.10/site-packages/airflow/example_dags/plugins/workday.py
[2023-11-24T10:49:15.795+0800] {processor.py:829} INFO - Processing file /home/azfarmustafa/airflow_tutorial/.venv/lib/python3.10/site-packages/airflow/example_dags/plugins/workday.py for tasks to queue
[2023-11-24T10:49:15.796+0800] {logging_mixin.py:154} INFO - [2023-11-24T10:49:15.796+0800] {dagbag.py:536} INFO - Filling up the DagBag from /home/azfarmustafa/airflow_tutorial/.venv/lib/python3.10/site-packages/airflow/example_dags/plugins/workday.py
[2023-11-24T10:49:15.800+0800] {logging_mixin.py:154} INFO - [2023-11-24T10:49:15.800+0800] {workday.py:36} WARNING - Could not import pandas. Holidays will not be considered.
[2023-11-24T10:49:15.801+0800] {processor.py:841} WARNING - No viable dags retrieved from /home/azfarmustafa/airflow_tutorial/.venv/lib/python3.10/site-packages/airflow/example_dags/plugins/workday.py
[2023-11-24T10:49:15.812+0800] {processor.py:179} INFO - Processing /home/azfarmustafa/airflow_tutorial/.venv/lib/python3.10/site-packages/airflow/example_dags/plugins/workday.py took 0.025 seconds
[2023-11-24T10:50:01.996+0800] {processor.py:157} INFO - Started process (PID=60213) to work on /home/azfarmustafa/airflow_tutorial/.venv/lib/python3.10/site-packages/airflow/example_dags/plugins/workday.py
[2023-11-24T10:50:02.000+0800] {processor.py:829} INFO - Processing file /home/azfarmustafa/airflow_tutorial/.venv/lib/python3.10/site-packages/airflow/example_dags/plugins/workday.py for tasks to queue
[2023-11-24T10:50:02.001+0800] {logging_mixin.py:154} INFO - [2023-11-24T10:50:02.000+0800] {dagbag.py:536} INFO - Filling up the DagBag from /home/azfarmustafa/airflow_tutorial/.venv/lib/python3.10/site-packages/airflow/example_dags/plugins/workday.py
[2023-11-24T10:50:02.003+0800] {logging_mixin.py:154} INFO - [2023-11-24T10:50:02.003+0800] {workday.py:36} WARNING - Could not import pandas. Holidays will not be considered.
[2023-11-24T10:50:02.004+0800] {processor.py:841} WARNING - No viable dags retrieved from /home/azfarmustafa/airflow_tutorial/.venv/lib/python3.10/site-packages/airflow/example_dags/plugins/workday.py
[2023-11-24T10:50:02.015+0800] {processor.py:179} INFO - Processing /home/azfarmustafa/airflow_tutorial/.venv/lib/python3.10/site-packages/airflow/example_dags/plugins/workday.py took 0.022 seconds
[2023-11-24T10:50:48.794+0800] {processor.py:157} INFO - Started process (PID=60261) to work on /home/azfarmustafa/airflow_tutorial/.venv/lib/python3.10/site-packages/airflow/example_dags/plugins/workday.py
[2023-11-24T10:50:48.795+0800] {processor.py:829} INFO - Processing file /home/azfarmustafa/airflow_tutorial/.venv/lib/python3.10/site-packages/airflow/example_dags/plugins/workday.py for tasks to queue
[2023-11-24T10:50:48.796+0800] {logging_mixin.py:154} INFO - [2023-11-24T10:50:48.795+0800] {dagbag.py:536} INFO - Filling up the DagBag from /home/azfarmustafa/airflow_tutorial/.venv/lib/python3.10/site-packages/airflow/example_dags/plugins/workday.py
[2023-11-24T10:50:48.798+0800] {logging_mixin.py:154} INFO - [2023-11-24T10:50:48.798+0800] {workday.py:36} WARNING - Could not import pandas. Holidays will not be considered.
[2023-11-24T10:50:48.798+0800] {processor.py:841} WARNING - No viable dags retrieved from /home/azfarmustafa/airflow_tutorial/.venv/lib/python3.10/site-packages/airflow/example_dags/plugins/workday.py
[2023-11-24T10:50:48.807+0800] {processor.py:179} INFO - Processing /home/azfarmustafa/airflow_tutorial/.venv/lib/python3.10/site-packages/airflow/example_dags/plugins/workday.py took 0.016 seconds
[2023-11-24T10:51:36.393+0800] {processor.py:157} INFO - Started process (PID=60309) to work on /home/azfarmustafa/airflow_tutorial/.venv/lib/python3.10/site-packages/airflow/example_dags/plugins/workday.py
[2023-11-24T10:51:36.397+0800] {processor.py:829} INFO - Processing file /home/azfarmustafa/airflow_tutorial/.venv/lib/python3.10/site-packages/airflow/example_dags/plugins/workday.py for tasks to queue
[2023-11-24T10:51:36.398+0800] {logging_mixin.py:154} INFO - [2023-11-24T10:51:36.397+0800] {dagbag.py:536} INFO - Filling up the DagBag from /home/azfarmustafa/airflow_tutorial/.venv/lib/python3.10/site-packages/airflow/example_dags/plugins/workday.py
[2023-11-24T10:51:36.400+0800] {logging_mixin.py:154} INFO - [2023-11-24T10:51:36.400+0800] {workday.py:36} WARNING - Could not import pandas. Holidays will not be considered.
[2023-11-24T10:51:36.400+0800] {processor.py:841} WARNING - No viable dags retrieved from /home/azfarmustafa/airflow_tutorial/.venv/lib/python3.10/site-packages/airflow/example_dags/plugins/workday.py
[2023-11-24T10:51:36.409+0800] {processor.py:179} INFO - Processing /home/azfarmustafa/airflow_tutorial/.venv/lib/python3.10/site-packages/airflow/example_dags/plugins/workday.py took 0.018 seconds
[2023-11-24T10:52:23.384+0800] {processor.py:157} INFO - Started process (PID=60357) to work on /home/azfarmustafa/airflow_tutorial/.venv/lib/python3.10/site-packages/airflow/example_dags/plugins/workday.py
[2023-11-24T10:52:23.388+0800] {processor.py:829} INFO - Processing file /home/azfarmustafa/airflow_tutorial/.venv/lib/python3.10/site-packages/airflow/example_dags/plugins/workday.py for tasks to queue
[2023-11-24T10:52:23.389+0800] {logging_mixin.py:154} INFO - [2023-11-24T10:52:23.388+0800] {dagbag.py:536} INFO - Filling up the DagBag from /home/azfarmustafa/airflow_tutorial/.venv/lib/python3.10/site-packages/airflow/example_dags/plugins/workday.py
[2023-11-24T10:52:23.391+0800] {logging_mixin.py:154} INFO - [2023-11-24T10:52:23.391+0800] {workday.py:36} WARNING - Could not import pandas. Holidays will not be considered.
[2023-11-24T10:52:23.391+0800] {processor.py:841} WARNING - No viable dags retrieved from /home/azfarmustafa/airflow_tutorial/.venv/lib/python3.10/site-packages/airflow/example_dags/plugins/workday.py
[2023-11-24T10:52:23.400+0800] {processor.py:179} INFO - Processing /home/azfarmustafa/airflow_tutorial/.venv/lib/python3.10/site-packages/airflow/example_dags/plugins/workday.py took 0.018 seconds
[2023-11-24T10:53:14.595+0800] {processor.py:157} INFO - Started process (PID=60407) to work on /home/azfarmustafa/airflow_tutorial/.venv/lib/python3.10/site-packages/airflow/example_dags/plugins/workday.py
[2023-11-24T10:53:14.599+0800] {processor.py:829} INFO - Processing file /home/azfarmustafa/airflow_tutorial/.venv/lib/python3.10/site-packages/airflow/example_dags/plugins/workday.py for tasks to queue
[2023-11-24T10:53:14.600+0800] {logging_mixin.py:154} INFO - [2023-11-24T10:53:14.600+0800] {dagbag.py:536} INFO - Filling up the DagBag from /home/azfarmustafa/airflow_tutorial/.venv/lib/python3.10/site-packages/airflow/example_dags/plugins/workday.py
[2023-11-24T10:53:14.602+0800] {logging_mixin.py:154} INFO - [2023-11-24T10:53:14.602+0800] {workday.py:36} WARNING - Could not import pandas. Holidays will not be considered.
[2023-11-24T10:53:14.602+0800] {processor.py:841} WARNING - No viable dags retrieved from /home/azfarmustafa/airflow_tutorial/.venv/lib/python3.10/site-packages/airflow/example_dags/plugins/workday.py
[2023-11-24T10:53:14.615+0800] {processor.py:179} INFO - Processing /home/azfarmustafa/airflow_tutorial/.venv/lib/python3.10/site-packages/airflow/example_dags/plugins/workday.py took 0.023 seconds
[2023-11-24T10:53:59.975+0800] {processor.py:157} INFO - Started process (PID=60460) to work on /home/azfarmustafa/airflow_tutorial/.venv/lib/python3.10/site-packages/airflow/example_dags/plugins/workday.py
[2023-11-24T10:53:59.979+0800] {processor.py:829} INFO - Processing file /home/azfarmustafa/airflow_tutorial/.venv/lib/python3.10/site-packages/airflow/example_dags/plugins/workday.py for tasks to queue
[2023-11-24T10:53:59.979+0800] {logging_mixin.py:154} INFO - [2023-11-24T10:53:59.979+0800] {dagbag.py:536} INFO - Filling up the DagBag from /home/azfarmustafa/airflow_tutorial/.venv/lib/python3.10/site-packages/airflow/example_dags/plugins/workday.py
[2023-11-24T10:53:59.982+0800] {logging_mixin.py:154} INFO - [2023-11-24T10:53:59.982+0800] {workday.py:36} WARNING - Could not import pandas. Holidays will not be considered.
[2023-11-24T10:53:59.983+0800] {processor.py:841} WARNING - No viable dags retrieved from /home/azfarmustafa/airflow_tutorial/.venv/lib/python3.10/site-packages/airflow/example_dags/plugins/workday.py
[2023-11-24T10:53:59.993+0800] {processor.py:179} INFO - Processing /home/azfarmustafa/airflow_tutorial/.venv/lib/python3.10/site-packages/airflow/example_dags/plugins/workday.py took 0.021 seconds
[2023-11-24T10:54:48.604+0800] {processor.py:157} INFO - Started process (PID=60509) to work on /home/azfarmustafa/airflow_tutorial/.venv/lib/python3.10/site-packages/airflow/example_dags/plugins/workday.py
[2023-11-24T10:54:48.609+0800] {processor.py:829} INFO - Processing file /home/azfarmustafa/airflow_tutorial/.venv/lib/python3.10/site-packages/airflow/example_dags/plugins/workday.py for tasks to queue
[2023-11-24T10:54:48.609+0800] {logging_mixin.py:154} INFO - [2023-11-24T10:54:48.609+0800] {dagbag.py:536} INFO - Filling up the DagBag from /home/azfarmustafa/airflow_tutorial/.venv/lib/python3.10/site-packages/airflow/example_dags/plugins/workday.py
[2023-11-24T10:54:48.612+0800] {logging_mixin.py:154} INFO - [2023-11-24T10:54:48.611+0800] {workday.py:36} WARNING - Could not import pandas. Holidays will not be considered.
[2023-11-24T10:54:48.612+0800] {processor.py:841} WARNING - No viable dags retrieved from /home/azfarmustafa/airflow_tutorial/.venv/lib/python3.10/site-packages/airflow/example_dags/plugins/workday.py
[2023-11-24T10:54:48.620+0800] {processor.py:179} INFO - Processing /home/azfarmustafa/airflow_tutorial/.venv/lib/python3.10/site-packages/airflow/example_dags/plugins/workday.py took 0.019 seconds
[2023-11-24T10:55:33.979+0800] {processor.py:157} INFO - Started process (PID=60556) to work on /home/azfarmustafa/airflow_tutorial/.venv/lib/python3.10/site-packages/airflow/example_dags/plugins/workday.py
[2023-11-24T10:55:33.984+0800] {processor.py:829} INFO - Processing file /home/azfarmustafa/airflow_tutorial/.venv/lib/python3.10/site-packages/airflow/example_dags/plugins/workday.py for tasks to queue
[2023-11-24T10:55:33.985+0800] {logging_mixin.py:154} INFO - [2023-11-24T10:55:33.985+0800] {dagbag.py:536} INFO - Filling up the DagBag from /home/azfarmustafa/airflow_tutorial/.venv/lib/python3.10/site-packages/airflow/example_dags/plugins/workday.py
[2023-11-24T10:55:33.988+0800] {logging_mixin.py:154} INFO - [2023-11-24T10:55:33.988+0800] {workday.py:36} WARNING - Could not import pandas. Holidays will not be considered.
[2023-11-24T10:55:33.989+0800] {processor.py:841} WARNING - No viable dags retrieved from /home/azfarmustafa/airflow_tutorial/.venv/lib/python3.10/site-packages/airflow/example_dags/plugins/workday.py
[2023-11-24T10:55:33.999+0800] {processor.py:179} INFO - Processing /home/azfarmustafa/airflow_tutorial/.venv/lib/python3.10/site-packages/airflow/example_dags/plugins/workday.py took 0.023 seconds
[2023-11-24T10:56:21.511+0800] {processor.py:157} INFO - Started process (PID=60604) to work on /home/azfarmustafa/airflow_tutorial/.venv/lib/python3.10/site-packages/airflow/example_dags/plugins/workday.py
[2023-11-24T10:56:21.516+0800] {processor.py:829} INFO - Processing file /home/azfarmustafa/airflow_tutorial/.venv/lib/python3.10/site-packages/airflow/example_dags/plugins/workday.py for tasks to queue
[2023-11-24T10:56:21.516+0800] {logging_mixin.py:154} INFO - [2023-11-24T10:56:21.516+0800] {dagbag.py:536} INFO - Filling up the DagBag from /home/azfarmustafa/airflow_tutorial/.venv/lib/python3.10/site-packages/airflow/example_dags/plugins/workday.py
[2023-11-24T10:56:21.519+0800] {logging_mixin.py:154} INFO - [2023-11-24T10:56:21.519+0800] {workday.py:36} WARNING - Could not import pandas. Holidays will not be considered.
[2023-11-24T10:56:21.519+0800] {processor.py:841} WARNING - No viable dags retrieved from /home/azfarmustafa/airflow_tutorial/.venv/lib/python3.10/site-packages/airflow/example_dags/plugins/workday.py
[2023-11-24T10:56:21.528+0800] {processor.py:179} INFO - Processing /home/azfarmustafa/airflow_tutorial/.venv/lib/python3.10/site-packages/airflow/example_dags/plugins/workday.py took 0.020 seconds
[2023-11-24T10:57:04.618+0800] {processor.py:157} INFO - Started process (PID=60649) to work on /home/azfarmustafa/airflow_tutorial/.venv/lib/python3.10/site-packages/airflow/example_dags/plugins/workday.py
[2023-11-24T10:57:04.622+0800] {processor.py:829} INFO - Processing file /home/azfarmustafa/airflow_tutorial/.venv/lib/python3.10/site-packages/airflow/example_dags/plugins/workday.py for tasks to queue
[2023-11-24T10:57:04.623+0800] {logging_mixin.py:154} INFO - [2023-11-24T10:57:04.623+0800] {dagbag.py:536} INFO - Filling up the DagBag from /home/azfarmustafa/airflow_tutorial/.venv/lib/python3.10/site-packages/airflow/example_dags/plugins/workday.py
[2023-11-24T10:57:04.626+0800] {logging_mixin.py:154} INFO - [2023-11-24T10:57:04.626+0800] {workday.py:36} WARNING - Could not import pandas. Holidays will not be considered.
[2023-11-24T10:57:04.626+0800] {processor.py:841} WARNING - No viable dags retrieved from /home/azfarmustafa/airflow_tutorial/.venv/lib/python3.10/site-packages/airflow/example_dags/plugins/workday.py
[2023-11-24T10:57:04.636+0800] {processor.py:179} INFO - Processing /home/azfarmustafa/airflow_tutorial/.venv/lib/python3.10/site-packages/airflow/example_dags/plugins/workday.py took 0.021 seconds
[2023-11-24T10:57:47.950+0800] {processor.py:157} INFO - Started process (PID=60695) to work on /home/azfarmustafa/airflow_tutorial/.venv/lib/python3.10/site-packages/airflow/example_dags/plugins/workday.py
[2023-11-24T10:57:47.957+0800] {processor.py:829} INFO - Processing file /home/azfarmustafa/airflow_tutorial/.venv/lib/python3.10/site-packages/airflow/example_dags/plugins/workday.py for tasks to queue
[2023-11-24T10:57:47.963+0800] {logging_mixin.py:154} INFO - [2023-11-24T10:57:47.962+0800] {dagbag.py:536} INFO - Filling up the DagBag from /home/azfarmustafa/airflow_tutorial/.venv/lib/python3.10/site-packages/airflow/example_dags/plugins/workday.py
[2023-11-24T10:57:47.966+0800] {logging_mixin.py:154} INFO - [2023-11-24T10:57:47.966+0800] {workday.py:36} WARNING - Could not import pandas. Holidays will not be considered.
[2023-11-24T10:57:47.966+0800] {processor.py:841} WARNING - No viable dags retrieved from /home/azfarmustafa/airflow_tutorial/.venv/lib/python3.10/site-packages/airflow/example_dags/plugins/workday.py
[2023-11-24T10:57:47.976+0800] {processor.py:179} INFO - Processing /home/azfarmustafa/airflow_tutorial/.venv/lib/python3.10/site-packages/airflow/example_dags/plugins/workday.py took 0.028 seconds
[2023-11-24T10:58:36.039+0800] {processor.py:157} INFO - Started process (PID=60743) to work on /home/azfarmustafa/airflow_tutorial/.venv/lib/python3.10/site-packages/airflow/example_dags/plugins/workday.py
[2023-11-24T10:58:36.043+0800] {processor.py:829} INFO - Processing file /home/azfarmustafa/airflow_tutorial/.venv/lib/python3.10/site-packages/airflow/example_dags/plugins/workday.py for tasks to queue
[2023-11-24T10:58:36.044+0800] {logging_mixin.py:154} INFO - [2023-11-24T10:58:36.044+0800] {dagbag.py:536} INFO - Filling up the DagBag from /home/azfarmustafa/airflow_tutorial/.venv/lib/python3.10/site-packages/airflow/example_dags/plugins/workday.py
[2023-11-24T10:58:36.046+0800] {logging_mixin.py:154} INFO - [2023-11-24T10:58:36.046+0800] {workday.py:36} WARNING - Could not import pandas. Holidays will not be considered.
[2023-11-24T10:58:36.047+0800] {processor.py:841} WARNING - No viable dags retrieved from /home/azfarmustafa/airflow_tutorial/.venv/lib/python3.10/site-packages/airflow/example_dags/plugins/workday.py
[2023-11-24T10:58:36.055+0800] {processor.py:179} INFO - Processing /home/azfarmustafa/airflow_tutorial/.venv/lib/python3.10/site-packages/airflow/example_dags/plugins/workday.py took 0.020 seconds
[2023-11-24T10:59:22.181+0800] {processor.py:157} INFO - Started process (PID=60790) to work on /home/azfarmustafa/airflow_tutorial/.venv/lib/python3.10/site-packages/airflow/example_dags/plugins/workday.py
[2023-11-24T10:59:22.186+0800] {processor.py:829} INFO - Processing file /home/azfarmustafa/airflow_tutorial/.venv/lib/python3.10/site-packages/airflow/example_dags/plugins/workday.py for tasks to queue
[2023-11-24T10:59:22.187+0800] {logging_mixin.py:154} INFO - [2023-11-24T10:59:22.187+0800] {dagbag.py:536} INFO - Filling up the DagBag from /home/azfarmustafa/airflow_tutorial/.venv/lib/python3.10/site-packages/airflow/example_dags/plugins/workday.py
[2023-11-24T10:59:22.190+0800] {logging_mixin.py:154} INFO - [2023-11-24T10:59:22.190+0800] {workday.py:36} WARNING - Could not import pandas. Holidays will not be considered.
[2023-11-24T10:59:22.190+0800] {processor.py:841} WARNING - No viable dags retrieved from /home/azfarmustafa/airflow_tutorial/.venv/lib/python3.10/site-packages/airflow/example_dags/plugins/workday.py
[2023-11-24T10:59:22.200+0800] {processor.py:179} INFO - Processing /home/azfarmustafa/airflow_tutorial/.venv/lib/python3.10/site-packages/airflow/example_dags/plugins/workday.py took 0.024 seconds
[2023-11-24T11:00:07.343+0800] {processor.py:157} INFO - Started process (PID=60843) to work on /home/azfarmustafa/airflow_tutorial/.venv/lib/python3.10/site-packages/airflow/example_dags/plugins/workday.py
[2023-11-24T11:00:07.347+0800] {processor.py:829} INFO - Processing file /home/azfarmustafa/airflow_tutorial/.venv/lib/python3.10/site-packages/airflow/example_dags/plugins/workday.py for tasks to queue
[2023-11-24T11:00:07.348+0800] {logging_mixin.py:154} INFO - [2023-11-24T11:00:07.348+0800] {dagbag.py:536} INFO - Filling up the DagBag from /home/azfarmustafa/airflow_tutorial/.venv/lib/python3.10/site-packages/airflow/example_dags/plugins/workday.py
[2023-11-24T11:00:07.350+0800] {logging_mixin.py:154} INFO - [2023-11-24T11:00:07.350+0800] {workday.py:36} WARNING - Could not import pandas. Holidays will not be considered.
[2023-11-24T11:00:07.351+0800] {processor.py:841} WARNING - No viable dags retrieved from /home/azfarmustafa/airflow_tutorial/.venv/lib/python3.10/site-packages/airflow/example_dags/plugins/workday.py
[2023-11-24T11:00:07.359+0800] {processor.py:179} INFO - Processing /home/azfarmustafa/airflow_tutorial/.venv/lib/python3.10/site-packages/airflow/example_dags/plugins/workday.py took 0.018 seconds
[2023-11-24T11:00:50.913+0800] {processor.py:157} INFO - Started process (PID=60889) to work on /home/azfarmustafa/airflow_tutorial/.venv/lib/python3.10/site-packages/airflow/example_dags/plugins/workday.py
[2023-11-24T11:00:50.915+0800] {processor.py:829} INFO - Processing file /home/azfarmustafa/airflow_tutorial/.venv/lib/python3.10/site-packages/airflow/example_dags/plugins/workday.py for tasks to queue
[2023-11-24T11:00:50.917+0800] {logging_mixin.py:154} INFO - [2023-11-24T11:00:50.917+0800] {dagbag.py:536} INFO - Filling up the DagBag from /home/azfarmustafa/airflow_tutorial/.venv/lib/python3.10/site-packages/airflow/example_dags/plugins/workday.py
[2023-11-24T11:00:50.920+0800] {logging_mixin.py:154} INFO - [2023-11-24T11:00:50.920+0800] {workday.py:36} WARNING - Could not import pandas. Holidays will not be considered.
[2023-11-24T11:00:50.921+0800] {processor.py:841} WARNING - No viable dags retrieved from /home/azfarmustafa/airflow_tutorial/.venv/lib/python3.10/site-packages/airflow/example_dags/plugins/workday.py
[2023-11-24T11:00:50.929+0800] {processor.py:179} INFO - Processing /home/azfarmustafa/airflow_tutorial/.venv/lib/python3.10/site-packages/airflow/example_dags/plugins/workday.py took 0.019 seconds
[2023-11-24T11:01:39.853+0800] {processor.py:157} INFO - Started process (PID=60939) to work on /home/azfarmustafa/airflow_tutorial/.venv/lib/python3.10/site-packages/airflow/example_dags/plugins/workday.py
[2023-11-24T11:01:39.857+0800] {processor.py:829} INFO - Processing file /home/azfarmustafa/airflow_tutorial/.venv/lib/python3.10/site-packages/airflow/example_dags/plugins/workday.py for tasks to queue
[2023-11-24T11:01:39.859+0800] {logging_mixin.py:154} INFO - [2023-11-24T11:01:39.858+0800] {dagbag.py:536} INFO - Filling up the DagBag from /home/azfarmustafa/airflow_tutorial/.venv/lib/python3.10/site-packages/airflow/example_dags/plugins/workday.py
[2023-11-24T11:01:39.862+0800] {logging_mixin.py:154} INFO - [2023-11-24T11:01:39.862+0800] {workday.py:36} WARNING - Could not import pandas. Holidays will not be considered.
[2023-11-24T11:01:39.862+0800] {processor.py:841} WARNING - No viable dags retrieved from /home/azfarmustafa/airflow_tutorial/.venv/lib/python3.10/site-packages/airflow/example_dags/plugins/workday.py
[2023-11-24T11:01:39.871+0800] {processor.py:179} INFO - Processing /home/azfarmustafa/airflow_tutorial/.venv/lib/python3.10/site-packages/airflow/example_dags/plugins/workday.py took 0.021 seconds
[2023-11-24T11:02:26.492+0800] {processor.py:157} INFO - Started process (PID=60986) to work on /home/azfarmustafa/airflow_tutorial/.venv/lib/python3.10/site-packages/airflow/example_dags/plugins/workday.py
[2023-11-24T11:02:26.497+0800] {processor.py:829} INFO - Processing file /home/azfarmustafa/airflow_tutorial/.venv/lib/python3.10/site-packages/airflow/example_dags/plugins/workday.py for tasks to queue
[2023-11-24T11:02:26.497+0800] {logging_mixin.py:154} INFO - [2023-11-24T11:02:26.497+0800] {dagbag.py:536} INFO - Filling up the DagBag from /home/azfarmustafa/airflow_tutorial/.venv/lib/python3.10/site-packages/airflow/example_dags/plugins/workday.py
[2023-11-24T11:02:26.500+0800] {logging_mixin.py:154} INFO - [2023-11-24T11:02:26.500+0800] {workday.py:36} WARNING - Could not import pandas. Holidays will not be considered.
[2023-11-24T11:02:26.500+0800] {processor.py:841} WARNING - No viable dags retrieved from /home/azfarmustafa/airflow_tutorial/.venv/lib/python3.10/site-packages/airflow/example_dags/plugins/workday.py
[2023-11-24T11:02:26.511+0800] {processor.py:179} INFO - Processing /home/azfarmustafa/airflow_tutorial/.venv/lib/python3.10/site-packages/airflow/example_dags/plugins/workday.py took 0.021 seconds
[2023-11-24T11:03:13.347+0800] {processor.py:157} INFO - Started process (PID=61037) to work on /home/azfarmustafa/airflow_tutorial/.venv/lib/python3.10/site-packages/airflow/example_dags/plugins/workday.py
[2023-11-24T11:03:13.349+0800] {processor.py:829} INFO - Processing file /home/azfarmustafa/airflow_tutorial/.venv/lib/python3.10/site-packages/airflow/example_dags/plugins/workday.py for tasks to queue
[2023-11-24T11:03:13.351+0800] {logging_mixin.py:154} INFO - [2023-11-24T11:03:13.350+0800] {dagbag.py:536} INFO - Filling up the DagBag from /home/azfarmustafa/airflow_tutorial/.venv/lib/python3.10/site-packages/airflow/example_dags/plugins/workday.py
[2023-11-24T11:03:13.354+0800] {logging_mixin.py:154} INFO - [2023-11-24T11:03:13.354+0800] {workday.py:36} WARNING - Could not import pandas. Holidays will not be considered.
[2023-11-24T11:03:13.354+0800] {processor.py:841} WARNING - No viable dags retrieved from /home/azfarmustafa/airflow_tutorial/.venv/lib/python3.10/site-packages/airflow/example_dags/plugins/workday.py
[2023-11-24T11:03:13.365+0800] {processor.py:179} INFO - Processing /home/azfarmustafa/airflow_tutorial/.venv/lib/python3.10/site-packages/airflow/example_dags/plugins/workday.py took 0.022 seconds
[2023-11-24T11:04:00.174+0800] {processor.py:157} INFO - Started process (PID=61087) to work on /home/azfarmustafa/airflow_tutorial/.venv/lib/python3.10/site-packages/airflow/example_dags/plugins/workday.py
[2023-11-24T11:04:00.176+0800] {processor.py:829} INFO - Processing file /home/azfarmustafa/airflow_tutorial/.venv/lib/python3.10/site-packages/airflow/example_dags/plugins/workday.py for tasks to queue
[2023-11-24T11:04:00.176+0800] {logging_mixin.py:154} INFO - [2023-11-24T11:04:00.176+0800] {dagbag.py:536} INFO - Filling up the DagBag from /home/azfarmustafa/airflow_tutorial/.venv/lib/python3.10/site-packages/airflow/example_dags/plugins/workday.py
[2023-11-24T11:04:00.180+0800] {logging_mixin.py:154} INFO - [2023-11-24T11:04:00.180+0800] {workday.py:36} WARNING - Could not import pandas. Holidays will not be considered.
[2023-11-24T11:04:00.181+0800] {processor.py:841} WARNING - No viable dags retrieved from /home/azfarmustafa/airflow_tutorial/.venv/lib/python3.10/site-packages/airflow/example_dags/plugins/workday.py
[2023-11-24T11:04:00.192+0800] {processor.py:179} INFO - Processing /home/azfarmustafa/airflow_tutorial/.venv/lib/python3.10/site-packages/airflow/example_dags/plugins/workday.py took 0.022 seconds
[2023-11-24T11:04:47.716+0800] {processor.py:157} INFO - Started process (PID=61137) to work on /home/azfarmustafa/airflow_tutorial/.venv/lib/python3.10/site-packages/airflow/example_dags/plugins/workday.py
[2023-11-24T11:04:47.718+0800] {processor.py:829} INFO - Processing file /home/azfarmustafa/airflow_tutorial/.venv/lib/python3.10/site-packages/airflow/example_dags/plugins/workday.py for tasks to queue
[2023-11-24T11:04:47.720+0800] {logging_mixin.py:154} INFO - [2023-11-24T11:04:47.719+0800] {dagbag.py:536} INFO - Filling up the DagBag from /home/azfarmustafa/airflow_tutorial/.venv/lib/python3.10/site-packages/airflow/example_dags/plugins/workday.py
[2023-11-24T11:04:47.727+0800] {logging_mixin.py:154} INFO - [2023-11-24T11:04:47.727+0800] {workday.py:36} WARNING - Could not import pandas. Holidays will not be considered.
[2023-11-24T11:04:47.728+0800] {processor.py:841} WARNING - No viable dags retrieved from /home/azfarmustafa/airflow_tutorial/.venv/lib/python3.10/site-packages/airflow/example_dags/plugins/workday.py
[2023-11-24T11:04:47.755+0800] {processor.py:179} INFO - Processing /home/azfarmustafa/airflow_tutorial/.venv/lib/python3.10/site-packages/airflow/example_dags/plugins/workday.py took 0.046 seconds
