[2023-11-24T13:02:53.852+0800] {taskinstance.py:1159} INFO - Dependencies all met for dep_context=non-requeueable deps ti=<TaskInstance: fantasy_premier_league.upload_to_blob manual__2023-11-24T05:02:45.852053+00:00 [queued]>
[2023-11-24T13:02:53.859+0800] {taskinstance.py:1159} INFO - Dependencies all met for dep_context=requeueable deps ti=<TaskInstance: fantasy_premier_league.upload_to_blob manual__2023-11-24T05:02:45.852053+00:00 [queued]>
[2023-11-24T13:02:53.860+0800] {taskinstance.py:1361} INFO - Starting attempt 1 of 1
[2023-11-24T13:02:53.876+0800] {taskinstance.py:1382} INFO - Executing <Task(PythonOperator): upload_to_blob> on 2023-11-24 05:02:45.852053+00:00
[2023-11-24T13:02:53.879+0800] {standard_task_runner.py:57} INFO - Started process 81193 to run task
[2023-11-24T13:02:53.883+0800] {standard_task_runner.py:84} INFO - Running: ['airflow', 'tasks', 'run', 'fantasy_premier_league', 'upload_to_blob', 'manual__2023-11-24T05:02:45.852053+00:00', '--job-id', '38', '--raw', '--subdir', 'DAGS_FOLDER/fantasy_premier_league_dag.py', '--cfg-path', '/tmp/tmpfttwnx3c']
[2023-11-24T13:02:53.884+0800] {standard_task_runner.py:85} INFO - Job 38: Subtask upload_to_blob
[2023-11-24T13:02:53.915+0800] {task_command.py:416} INFO - Running <TaskInstance: fantasy_premier_league.upload_to_blob manual__2023-11-24T05:02:45.852053+00:00 [running]> on host azfartitu.
[2023-11-24T13:02:54.002+0800] {taskinstance.py:1662} INFO - Exporting env vars: AIRFLOW_CTX_DAG_OWNER='airflow' AIRFLOW_CTX_DAG_ID='fantasy_premier_league' AIRFLOW_CTX_TASK_ID='upload_to_blob' AIRFLOW_CTX_EXECUTION_DATE='2023-11-24T05:02:45.852053+00:00' AIRFLOW_CTX_TRY_NUMBER='1' AIRFLOW_CTX_DAG_RUN_ID='manual__2023-11-24T05:02:45.852053+00:00'
[2023-11-24T13:02:54.082+0800] {logging_mixin.py:154} INFO - Temporary file created: /tmp/tmpu3nyzk1o
[2023-11-24T13:02:54.087+0800] {base.py:73} INFO - Using connection ID 'azure_blob_conn_id' for task execution.
[2023-11-24T13:02:54.487+0800] {base.py:73} INFO - Using connection ID 'azure_blob_conn_id' for task execution.
[2023-11-24T13:02:55.518+0800] {logging_mixin.py:154} INFO - Temporary file removed: /tmp/tmpu3nyzk1o
[2023-11-24T13:02:55.519+0800] {fantasy_premier_league_dag.py:78} INFO - File uploaded to Azure Blob Storage: bronze/events_metadata_24112023.json
[2023-11-24T13:02:55.521+0800] {logging_mixin.py:154} INFO - Temporary file created: /tmp/tmpislphi3z
[2023-11-24T13:02:55.524+0800] {base.py:73} INFO - Using connection ID 'azure_blob_conn_id' for task execution.
[2023-11-24T13:02:55.530+0800] {base.py:73} INFO - Using connection ID 'azure_blob_conn_id' for task execution.
[2023-11-24T13:02:56.354+0800] {logging_mixin.py:154} INFO - Temporary file removed: /tmp/tmpislphi3z
[2023-11-24T13:02:56.354+0800] {fantasy_premier_league_dag.py:78} INFO - File uploaded to Azure Blob Storage: bronze/teams_metadata_24112023.json
[2023-11-24T13:02:56.575+0800] {logging_mixin.py:154} INFO - Temporary file created: /tmp/tmpno7fzbpn
[2023-11-24T13:02:56.583+0800] {base.py:73} INFO - Using connection ID 'azure_blob_conn_id' for task execution.
[2023-11-24T13:02:56.590+0800] {base.py:73} INFO - Using connection ID 'azure_blob_conn_id' for task execution.
[2023-11-24T13:02:58.757+0800] {logging_mixin.py:154} INFO - Temporary file removed: /tmp/tmpno7fzbpn
[2023-11-24T13:02:58.757+0800] {fantasy_premier_league_dag.py:78} INFO - File uploaded to Azure Blob Storage: bronze/player_metadata_24112023.json
[2023-11-24T13:02:58.758+0800] {logging_mixin.py:154} INFO - Temporary file created: /tmp/tmp2f2gwd2u
[2023-11-24T13:02:58.760+0800] {base.py:73} INFO - Using connection ID 'azure_blob_conn_id' for task execution.
[2023-11-24T13:02:58.765+0800] {base.py:73} INFO - Using connection ID 'azure_blob_conn_id' for task execution.
[2023-11-24T13:02:59.591+0800] {logging_mixin.py:154} INFO - Temporary file removed: /tmp/tmp2f2gwd2u
[2023-11-24T13:02:59.591+0800] {fantasy_premier_league_dag.py:78} INFO - File uploaded to Azure Blob Storage: bronze/position_metadata_24112023.json
[2023-11-24T13:02:59.594+0800] {python.py:194} INFO - Done. Returned value was: None
[2023-11-24T13:02:59.600+0800] {taskinstance.py:1400} INFO - Marking task as SUCCESS. dag_id=fantasy_premier_league, task_id=upload_to_blob, execution_date=20231124T050245, start_date=20231124T050253, end_date=20231124T050259
[2023-11-24T13:02:59.633+0800] {local_task_job_runner.py:228} INFO - Task exited with return code 0
[2023-11-24T13:02:59.651+0800] {taskinstance.py:2778} INFO - 1 downstream tasks scheduled from follow-on schedule check
