[2023-12-22T16:41:49.141+0800] {taskinstance.py:1159} INFO - Dependencies all met for dep_context=non-requeueable deps ti=<TaskInstance: fantasy_premier_league.delete_file_in_actual_folder scheduled__2023-12-21T08:19:53.939205+00:00 [queued]>
[2023-12-22T16:41:49.149+0800] {taskinstance.py:1159} INFO - Dependencies all met for dep_context=requeueable deps ti=<TaskInstance: fantasy_premier_league.delete_file_in_actual_folder scheduled__2023-12-21T08:19:53.939205+00:00 [queued]>
[2023-12-22T16:41:49.149+0800] {taskinstance.py:1361} INFO - Starting attempt 1 of 1
[2023-12-22T16:41:49.172+0800] {taskinstance.py:1382} INFO - Executing <Task(PythonOperator): delete_file_in_actual_folder> on 2023-12-21 08:19:53.939205+00:00
[2023-12-22T16:41:49.175+0800] {standard_task_runner.py:57} INFO - Started process 111675 to run task
[2023-12-22T16:41:49.178+0800] {standard_task_runner.py:84} INFO - Running: ['airflow', 'tasks', 'run', 'fantasy_premier_league', 'delete_file_in_actual_folder', 'scheduled__2023-12-21T08:19:53.939205+00:00', '--job-id', '239', '--raw', '--subdir', 'DAGS_FOLDER/fantasy_premier_league_dag.py', '--cfg-path', '/tmp/tmp2qhlrupw']
[2023-12-22T16:41:49.180+0800] {standard_task_runner.py:85} INFO - Job 239: Subtask delete_file_in_actual_folder
[2023-12-22T16:41:49.234+0800] {task_command.py:416} INFO - Running <TaskInstance: fantasy_premier_league.delete_file_in_actual_folder scheduled__2023-12-21T08:19:53.939205+00:00 [running]> on host azfartitu.
[2023-12-22T16:41:49.306+0800] {taskinstance.py:1662} INFO - Exporting env vars: AIRFLOW_CTX_DAG_OWNER='airflow' AIRFLOW_CTX_DAG_ID='fantasy_premier_league' AIRFLOW_CTX_TASK_ID='delete_file_in_actual_folder' AIRFLOW_CTX_EXECUTION_DATE='2023-12-21T08:19:53.939205+00:00' AIRFLOW_CTX_TRY_NUMBER='1' AIRFLOW_CTX_DAG_RUN_ID='scheduled__2023-12-21T08:19:53.939205+00:00'
[2023-12-22T16:41:49.317+0800] {base.py:73} INFO - Using connection ID 'azure_blob_conn_id' for task execution.
[2023-12-22T16:41:50.296+0800] {logging_mixin.py:154} INFO - Client is created
[2023-12-22T16:41:50.299+0800] {base.py:73} INFO - Using connection ID 'azure_blob_conn_id' for task execution.
[2023-12-22T16:41:51.195+0800] {logging_mixin.py:154} INFO - Folder 'current_season_history/current/13122023' deleted successfully.
[2023-12-22T16:41:51.196+0800] {logging_mixin.py:154} INFO - Client is created
[2023-12-22T16:41:51.200+0800] {base.py:73} INFO - Using connection ID 'azure_blob_conn_id' for task execution.
[2023-12-22T16:41:52.115+0800] {logging_mixin.py:154} INFO - Folder 'events_metadata/current/13122023' deleted successfully.
[2023-12-22T16:41:52.117+0800] {logging_mixin.py:154} INFO - Client is created
[2023-12-22T16:41:52.121+0800] {base.py:73} INFO - Using connection ID 'azure_blob_conn_id' for task execution.
[2023-12-22T16:41:52.990+0800] {logging_mixin.py:154} INFO - Folder 'player_metadata/current/13122023' deleted successfully.
[2023-12-22T16:41:52.992+0800] {logging_mixin.py:154} INFO - Client is created
[2023-12-22T16:41:52.995+0800] {base.py:73} INFO - Using connection ID 'azure_blob_conn_id' for task execution.
[2023-12-22T16:41:53.858+0800] {logging_mixin.py:154} INFO - Folder 'position_metadata/current/13122023' deleted successfully.
[2023-12-22T16:41:53.860+0800] {logging_mixin.py:154} INFO - Client is created
[2023-12-22T16:41:53.863+0800] {base.py:73} INFO - Using connection ID 'azure_blob_conn_id' for task execution.
[2023-12-22T16:41:54.755+0800] {logging_mixin.py:154} INFO - Folder 'teams_metadata/current/13122023' deleted successfully.
[2023-12-22T16:41:54.758+0800] {python.py:194} INFO - Done. Returned value was: None
[2023-12-22T16:41:54.763+0800] {taskinstance.py:1400} INFO - Marking task as SUCCESS. dag_id=fantasy_premier_league, task_id=delete_file_in_actual_folder, execution_date=20231221T081953, start_date=20231222T084149, end_date=20231222T084154
[2023-12-22T16:41:54.808+0800] {local_task_job_runner.py:228} INFO - Task exited with return code 0
[2023-12-22T16:41:54.827+0800] {taskinstance.py:2778} INFO - 4 downstream tasks scheduled from follow-on schedule check
