[2023-12-13T15:20:14.830+0800] {taskinstance.py:1159} INFO - Dependencies all met for dep_context=non-requeueable deps ti=<TaskInstance: fantasy_premier_league.upload_to_blob scheduled__2023-12-12T07:20:02.453019+00:00 [queued]>
[2023-12-13T15:20:14.840+0800] {taskinstance.py:1159} INFO - Dependencies all met for dep_context=requeueable deps ti=<TaskInstance: fantasy_premier_league.upload_to_blob scheduled__2023-12-12T07:20:02.453019+00:00 [queued]>
[2023-12-13T15:20:14.840+0800] {taskinstance.py:1361} INFO - Starting attempt 1 of 1
[2023-12-13T15:20:14.870+0800] {taskinstance.py:1382} INFO - Executing <Task(PythonOperator): upload_to_blob> on 2023-12-12 07:20:02.453019+00:00
[2023-12-13T15:20:14.875+0800] {standard_task_runner.py:57} INFO - Started process 176986 to run task
[2023-12-13T15:20:14.881+0800] {standard_task_runner.py:84} INFO - Running: ['airflow', 'tasks', 'run', 'fantasy_premier_league', 'upload_to_blob', 'scheduled__2023-12-12T07:20:02.453019+00:00', '--job-id', '199', '--raw', '--subdir', 'DAGS_FOLDER/fantasy_premier_league_dag.py', '--cfg-path', '/tmp/tmpe0fbqffp']
[2023-12-13T15:20:14.883+0800] {standard_task_runner.py:85} INFO - Job 199: Subtask upload_to_blob
[2023-12-13T15:20:14.939+0800] {task_command.py:416} INFO - Running <TaskInstance: fantasy_premier_league.upload_to_blob scheduled__2023-12-12T07:20:02.453019+00:00 [running]> on host azfartitu.
[2023-12-13T15:20:15.014+0800] {taskinstance.py:1662} INFO - Exporting env vars: AIRFLOW_CTX_DAG_OWNER='airflow' AIRFLOW_CTX_DAG_ID='fantasy_premier_league' AIRFLOW_CTX_TASK_ID='upload_to_blob' AIRFLOW_CTX_EXECUTION_DATE='2023-12-12T07:20:02.453019+00:00' AIRFLOW_CTX_TRY_NUMBER='1' AIRFLOW_CTX_DAG_RUN_ID='scheduled__2023-12-12T07:20:02.453019+00:00'
[2023-12-13T15:20:15.166+0800] {logging_mixin.py:154} INFO - Temporary file created: /tmp/tmpo827yrcn
[2023-12-13T15:20:15.171+0800] {base.py:73} INFO - Using connection ID 'azure_blob_conn_id' for task execution.
[2023-12-13T15:20:15.848+0800] {base.py:73} INFO - Using connection ID 'azure_blob_conn_id' for task execution.
[2023-12-13T15:20:16.926+0800] {logging_mixin.py:154} INFO - Temporary file removed: /tmp/tmpo827yrcn
[2023-12-13T15:20:16.926+0800] {fantasy_premier_league_dag.py:83} INFO - File uploaded to Azure Blob Storage: bronze/events_metadata_13122023.json
[2023-12-13T15:20:16.929+0800] {logging_mixin.py:154} INFO - Temporary file created: /tmp/tmpkq4ehtu1
[2023-12-13T15:20:16.934+0800] {base.py:73} INFO - Using connection ID 'azure_blob_conn_id' for task execution.
[2023-12-13T15:20:16.944+0800] {base.py:73} INFO - Using connection ID 'azure_blob_conn_id' for task execution.
[2023-12-13T15:20:17.816+0800] {logging_mixin.py:154} INFO - Temporary file removed: /tmp/tmpkq4ehtu1
[2023-12-13T15:20:17.816+0800] {fantasy_premier_league_dag.py:83} INFO - File uploaded to Azure Blob Storage: bronze/teams_metadata_13122023.json
[2023-12-13T15:20:18.031+0800] {logging_mixin.py:154} INFO - Temporary file created: /tmp/tmpjir59hes
[2023-12-13T15:20:18.034+0800] {base.py:73} INFO - Using connection ID 'azure_blob_conn_id' for task execution.
[2023-12-13T15:20:18.038+0800] {base.py:73} INFO - Using connection ID 'azure_blob_conn_id' for task execution.
[2023-12-13T15:20:20.266+0800] {logging_mixin.py:154} INFO - Temporary file removed: /tmp/tmpjir59hes
[2023-12-13T15:20:20.266+0800] {fantasy_premier_league_dag.py:83} INFO - File uploaded to Azure Blob Storage: bronze/player_metadata_13122023.json
[2023-12-13T15:20:20.267+0800] {logging_mixin.py:154} INFO - Temporary file created: /tmp/tmpzz95x44n
[2023-12-13T15:20:20.270+0800] {base.py:73} INFO - Using connection ID 'azure_blob_conn_id' for task execution.
[2023-12-13T15:20:20.276+0800] {base.py:73} INFO - Using connection ID 'azure_blob_conn_id' for task execution.
[2023-12-13T15:20:21.236+0800] {logging_mixin.py:154} INFO - Temporary file removed: /tmp/tmpzz95x44n
[2023-12-13T15:20:21.236+0800] {fantasy_premier_league_dag.py:83} INFO - File uploaded to Azure Blob Storage: bronze/position_metadata_13122023.json
[2023-12-13T15:20:21.239+0800] {python.py:194} INFO - Done. Returned value was: None
[2023-12-13T15:20:21.249+0800] {taskinstance.py:1400} INFO - Marking task as SUCCESS. dag_id=fantasy_premier_league, task_id=upload_to_blob, execution_date=20231212T072002, start_date=20231213T072014, end_date=20231213T072021
[2023-12-13T15:20:21.290+0800] {local_task_job_runner.py:228} INFO - Task exited with return code 0
[2023-12-13T15:20:21.312+0800] {taskinstance.py:2778} INFO - 1 downstream tasks scheduled from follow-on schedule check
