[2023-12-22 15:48:54 +0800] [106791] [INFO] Starting gunicorn 21.2.0
[2023-12-22 15:48:54 +0800] [106791] [INFO] Listening at: http://[::]:8793 (106791)
[2023-12-22 15:48:54 +0800] [106791] [INFO] Using worker: sync
[2023-12-22 15:48:54 +0800] [106792] [INFO] Booting worker with pid: 106792
[2023-12-22 15:48:54 +0800] [106793] [INFO] Booting worker with pid: 106793
/home/azfarmustafa/airflow_tutorial/.venv/lib/python3.10/site-packages/airflow/models/baseoperator.py:437 AirflowProviderDeprecationWarning: Class `SimpleHttpOperator` is deprecated and will be removed in a future release. Please use `HttpOperator` instead.
/home/azfarmustafa/airflow_tutorial/.venv/lib/python3.10/site-packages/airflow/models/baseoperator.py:437 AirflowProviderDeprecationWarning: Class `SimpleHttpOperator` is deprecated and will be removed in a future release. Please use `HttpOperator` instead.
/home/azfarmustafa/airflow_tutorial/.venv/lib/python3.10/site-packages/airflow/models/baseoperator.py:437 AirflowProviderDeprecationWarning: Class `SimpleHttpOperator` is deprecated and will be removed in a future release. Please use `HttpOperator` instead.
/home/azfarmustafa/airflow_tutorial/.venv/lib/python3.10/site-packages/airflow/models/baseoperator.py:437 AirflowProviderDeprecationWarning: Class `SimpleHttpOperator` is deprecated and will be removed in a future release. Please use `HttpOperator` instead.
/home/azfarmustafa/airflow_tutorial/.venv/lib/python3.10/site-packages/airflow/models/baseoperator.py:437 AirflowProviderDeprecationWarning: Class `SimpleHttpOperator` is deprecated and will be removed in a future release. Please use `HttpOperator` instead.
/home/azfarmustafa/airflow_tutorial/.venv/lib/python3.10/site-packages/airflow/models/baseoperator.py:437 AirflowProviderDeprecationWarning: Class `SimpleHttpOperator` is deprecated and will be removed in a future release. Please use `HttpOperator` instead.
/home/azfarmustafa/airflow_tutorial/.venv/lib/python3.10/site-packages/airflow/models/baseoperator.py:437 AirflowProviderDeprecationWarning: Class `SimpleHttpOperator` is deprecated and will be removed in a future release. Please use `HttpOperator` instead.
/home/azfarmustafa/airflow_tutorial/.venv/lib/python3.10/site-packages/airflow/models/baseoperator.py:437 AirflowProviderDeprecationWarning: Class `SimpleHttpOperator` is deprecated and will be removed in a future release. Please use `HttpOperator` instead.
/home/azfarmustafa/airflow_tutorial/.venv/lib/python3.10/site-packages/airflow/models/baseoperator.py:437 AirflowProviderDeprecationWarning: Class `SimpleHttpOperator` is deprecated and will be removed in a future release. Please use `HttpOperator` instead.
/home/azfarmustafa/airflow_tutorial/.venv/lib/python3.10/site-packages/airflow/models/baseoperator.py:437 AirflowProviderDeprecationWarning: Class `SimpleHttpOperator` is deprecated and will be removed in a future release. Please use `HttpOperator` instead.
/home/azfarmustafa/airflow_tutorial/.venv/lib/python3.10/site-packages/airflow/models/baseoperator.py:437 AirflowProviderDeprecationWarning: Class `SimpleHttpOperator` is deprecated and will be removed in a future release. Please use `HttpOperator` instead.
/home/azfarmustafa/airflow_tutorial/.venv/lib/python3.10/site-packages/airflow/models/baseoperator.py:437 AirflowProviderDeprecationWarning: Class `SimpleHttpOperator` is deprecated and will be removed in a future release. Please use `HttpOperator` instead.
/home/azfarmustafa/airflow_tutorial/.venv/lib/python3.10/site-packages/airflow/models/baseoperator.py:437 AirflowProviderDeprecationWarning: Class `SimpleHttpOperator` is deprecated and will be removed in a future release. Please use `HttpOperator` instead.
/home/azfarmustafa/airflow_tutorial/.venv/lib/python3.10/site-packages/airflow/models/baseoperator.py:437 AirflowProviderDeprecationWarning: Class `SimpleHttpOperator` is deprecated and will be removed in a future release. Please use `HttpOperator` instead.
/home/azfarmustafa/airflow_tutorial/.venv/lib/python3.10/site-packages/airflow/models/baseoperator.py:437 AirflowProviderDeprecationWarning: Class `SimpleHttpOperator` is deprecated and will be removed in a future release. Please use `HttpOperator` instead.
/home/azfarmustafa/airflow_tutorial/.venv/lib/python3.10/site-packages/airflow/models/baseoperator.py:437 AirflowProviderDeprecationWarning: Class `SimpleHttpOperator` is deprecated and will be removed in a future release. Please use `HttpOperator` instead.
/home/azfarmustafa/airflow_tutorial/.venv/lib/python3.10/site-packages/airflow/models/baseoperator.py:437 AirflowProviderDeprecationWarning: Class `SimpleHttpOperator` is deprecated and will be removed in a future release. Please use `HttpOperator` instead.
/home/azfarmustafa/airflow_tutorial/.venv/lib/python3.10/site-packages/airflow/models/baseoperator.py:437 AirflowProviderDeprecationWarning: Class `SimpleHttpOperator` is deprecated and will be removed in a future release. Please use `HttpOperator` instead.
/home/azfarmustafa/airflow_tutorial/.venv/lib/python3.10/site-packages/airflow/models/baseoperator.py:437 AirflowProviderDeprecationWarning: Class `SimpleHttpOperator` is deprecated and will be removed in a future release. Please use `HttpOperator` instead.
[2023-12-22 17:33:48 +0800] [106791] [INFO] Handling signal: term
[2023-12-22 17:33:48 +0800] [106792] [INFO] Worker exiting (pid: 106792)
[2023-12-22 17:33:48 +0800] [106793] [INFO] Worker exiting (pid: 106793)
[2023-12-22 17:33:48 +0800] [106791] [INFO] Shutting down: Master
