[[34m2023-12-20T22:45:28.003+0800[0m] {[34mscheduler_job_runner.py:[0m797} INFO[0m - Starting the scheduler[0m
[[34m2023-12-20T22:45:28.008+0800[0m] {[34mscheduler_job_runner.py:[0m804} INFO[0m - Processing each file at most -1 times[0m
[[34m2023-12-20T22:45:28.055+0800[0m] {[34mmanager.py:[0m166} INFO[0m - Launched DagFileProcessorManager with pid: 179164[0m
[[34m2023-12-20T22:45:28.109+0800[0m] {[34mscheduler_job_runner.py:[0m1605} INFO[0m - Adopting or resetting orphaned tasks for active dag runs[0m
[[34m2023-12-20T22:45:28.122+0800[0m] {[34msettings.py:[0m61} INFO[0m - Configured default timezone Timezone('UTC')[0m
[2023-12-20T22:45:28.407+0800] {manager.py:410} WARNING - Because we cannot use more than 1 thread (parsing_processes = 2) when using sqlite. So we set parallelism to 1.
[[34m2023-12-20T22:45:31.415+0800[0m] {[34mdag.py:[0m3722} INFO[0m - Setting next_dagrun for fantasy_premier_league to 2023-12-19T14:45:31.414824+00:00, run_after=2023-12-20T14:45:31.414824+00:00[0m
[[34m2023-12-20T22:45:31.527+0800[0m] {[34mscheduler_job_runner.py:[0m413} INFO[0m - 1 tasks up for execution:
	<TaskInstance: fantasy_premier_league.fetch_fpl_api_data scheduled__2023-12-13T07:20:02.453019+00:00 [scheduled]>[0m
[[34m2023-12-20T22:45:31.528+0800[0m] {[34mscheduler_job_runner.py:[0m476} INFO[0m - DAG fantasy_premier_league has 0/16 running and queued tasks[0m
[[34m2023-12-20T22:45:31.528+0800[0m] {[34mscheduler_job_runner.py:[0m592} INFO[0m - Setting the following tasks to queued state:
	<TaskInstance: fantasy_premier_league.fetch_fpl_api_data scheduled__2023-12-13T07:20:02.453019+00:00 [scheduled]>[0m
[[34m2023-12-20T22:45:31.532+0800[0m] {[34mtaskinstance.py:[0m1441} WARNING[0m - cannot record scheduled_duration for task fetch_fpl_api_data because previous state change time has not been saved[0m
[[34m2023-12-20T22:45:31.533+0800[0m] {[34mscheduler_job_runner.py:[0m635} INFO[0m - Sending TaskInstanceKey(dag_id='fantasy_premier_league', task_id='fetch_fpl_api_data', run_id='scheduled__2023-12-13T07:20:02.453019+00:00', try_number=1, map_index=-1) to executor with priority 7 and queue default[0m
[[34m2023-12-20T22:45:31.533+0800[0m] {[34mbase_executor.py:[0m146} INFO[0m - Adding to queue: ['airflow', 'tasks', 'run', 'fantasy_premier_league', 'fetch_fpl_api_data', 'scheduled__2023-12-13T07:20:02.453019+00:00', '--local', '--subdir', 'DAGS_FOLDER/fantasy_premier_league_dag.py'][0m
[[34m2023-12-20T22:45:31.548+0800[0m] {[34msequential_executor.py:[0m74} INFO[0m - Executing command: ['airflow', 'tasks', 'run', 'fantasy_premier_league', 'fetch_fpl_api_data', 'scheduled__2023-12-13T07:20:02.453019+00:00', '--local', '--subdir', 'DAGS_FOLDER/fantasy_premier_league_dag.py'][0m
[[34m2023-12-20T22:45:34.241+0800[0m] {[34mdagbag.py:[0m536} INFO[0m - Filling up the DagBag from /home/azfarmustafa/airflow_tutorial/dags/fantasy_premier_league_dag.py[0m
Changing /home/azfarmustafa/airflow_tutorial/logs/dag_id=fantasy_premier_league/run_id=scheduled__2023-12-13T07:20:02.453019+00:00/task_id=fetch_fpl_api_data permission to 509
[[34m2023-12-20T22:45:39.446+0800[0m] {[34mtask_command.py:[0m416} INFO[0m - Running <TaskInstance: fantasy_premier_league.fetch_fpl_api_data scheduled__2023-12-13T07:20:02.453019+00:00 [queued]> on host azfartitu.[0m
[[34m2023-12-20T22:45:43.359+0800[0m] {[34mscheduler_job_runner.py:[0m685} INFO[0m - Received executor event with state success for task instance TaskInstanceKey(dag_id='fantasy_premier_league', task_id='fetch_fpl_api_data', run_id='scheduled__2023-12-13T07:20:02.453019+00:00', try_number=1, map_index=-1)[0m
[[34m2023-12-20T22:45:43.377+0800[0m] {[34mscheduler_job_runner.py:[0m722} INFO[0m - TaskInstance Finished: dag_id=fantasy_premier_league, task_id=fetch_fpl_api_data, run_id=scheduled__2023-12-13T07:20:02.453019+00:00, map_index=-1, run_start_date=2023-12-20 14:45:39.664797+00:00, run_end_date=2023-12-20 14:45:42.466945+00:00, run_duration=2.802148, state=success, executor_state=success, try_number=1, max_tries=0, job_id=203, pool=default_pool, queue=default, priority_weight=7, operator=SimpleHttpOperator, queued_dttm=2023-12-20 14:45:31.529126+00:00, queued_by_job_id=202, pid=179192[0m
[[34m2023-12-20T22:45:43.892+0800[0m] {[34mdag.py:[0m3722} INFO[0m - Setting next_dagrun for fantasy_premier_league to 2023-12-20T14:45:31.414824+00:00, run_after=2023-12-21T14:45:31.414824+00:00[0m
[[34m2023-12-20T22:45:43.972+0800[0m] {[34mscheduler_job_runner.py:[0m413} INFO[0m - 2 tasks up for execution:
	<TaskInstance: fantasy_premier_league.fetch_fpl_api_data scheduled__2023-12-19T14:45:31.414824+00:00 [scheduled]>
	<TaskInstance: fantasy_premier_league.extract_data_from_api scheduled__2023-12-13T07:20:02.453019+00:00 [scheduled]>[0m
[[34m2023-12-20T22:45:43.972+0800[0m] {[34mscheduler_job_runner.py:[0m476} INFO[0m - DAG fantasy_premier_league has 0/16 running and queued tasks[0m
[[34m2023-12-20T22:45:43.973+0800[0m] {[34mscheduler_job_runner.py:[0m476} INFO[0m - DAG fantasy_premier_league has 1/16 running and queued tasks[0m
[[34m2023-12-20T22:45:43.973+0800[0m] {[34mscheduler_job_runner.py:[0m592} INFO[0m - Setting the following tasks to queued state:
	<TaskInstance: fantasy_premier_league.fetch_fpl_api_data scheduled__2023-12-19T14:45:31.414824+00:00 [scheduled]>
	<TaskInstance: fantasy_premier_league.extract_data_from_api scheduled__2023-12-13T07:20:02.453019+00:00 [scheduled]>[0m
[[34m2023-12-20T22:45:43.977+0800[0m] {[34mtaskinstance.py:[0m1441} WARNING[0m - cannot record scheduled_duration for task fetch_fpl_api_data because previous state change time has not been saved[0m
[[34m2023-12-20T22:45:43.977+0800[0m] {[34mtaskinstance.py:[0m1441} WARNING[0m - cannot record scheduled_duration for task extract_data_from_api because previous state change time has not been saved[0m
[[34m2023-12-20T22:45:43.978+0800[0m] {[34mscheduler_job_runner.py:[0m635} INFO[0m - Sending TaskInstanceKey(dag_id='fantasy_premier_league', task_id='fetch_fpl_api_data', run_id='scheduled__2023-12-19T14:45:31.414824+00:00', try_number=1, map_index=-1) to executor with priority 7 and queue default[0m
[[34m2023-12-20T22:45:43.978+0800[0m] {[34mbase_executor.py:[0m146} INFO[0m - Adding to queue: ['airflow', 'tasks', 'run', 'fantasy_premier_league', 'fetch_fpl_api_data', 'scheduled__2023-12-19T14:45:31.414824+00:00', '--local', '--subdir', 'DAGS_FOLDER/fantasy_premier_league_dag.py'][0m
[[34m2023-12-20T22:45:43.978+0800[0m] {[34mscheduler_job_runner.py:[0m635} INFO[0m - Sending TaskInstanceKey(dag_id='fantasy_premier_league', task_id='extract_data_from_api', run_id='scheduled__2023-12-13T07:20:02.453019+00:00', try_number=1, map_index=-1) to executor with priority 6 and queue default[0m
[[34m2023-12-20T22:45:43.979+0800[0m] {[34mbase_executor.py:[0m146} INFO[0m - Adding to queue: ['airflow', 'tasks', 'run', 'fantasy_premier_league', 'extract_data_from_api', 'scheduled__2023-12-13T07:20:02.453019+00:00', '--local', '--subdir', 'DAGS_FOLDER/fantasy_premier_league_dag.py'][0m
[[34m2023-12-20T22:45:43.989+0800[0m] {[34msequential_executor.py:[0m74} INFO[0m - Executing command: ['airflow', 'tasks', 'run', 'fantasy_premier_league', 'fetch_fpl_api_data', 'scheduled__2023-12-19T14:45:31.414824+00:00', '--local', '--subdir', 'DAGS_FOLDER/fantasy_premier_league_dag.py'][0m
[[34m2023-12-20T22:45:45.412+0800[0m] {[34mdagbag.py:[0m536} INFO[0m - Filling up the DagBag from /home/azfarmustafa/airflow_tutorial/dags/fantasy_premier_league_dag.py[0m
Changing /home/azfarmustafa/airflow_tutorial/logs/dag_id=fantasy_premier_league/run_id=scheduled__2023-12-19T14:45:31.414824+00:00/task_id=fetch_fpl_api_data permission to 509
[[34m2023-12-20T22:45:46.756+0800[0m] {[34mtask_command.py:[0m416} INFO[0m - Running <TaskInstance: fantasy_premier_league.fetch_fpl_api_data scheduled__2023-12-19T14:45:31.414824+00:00 [queued]> on host azfartitu.[0m
[[34m2023-12-20T22:45:48.779+0800[0m] {[34msequential_executor.py:[0m74} INFO[0m - Executing command: ['airflow', 'tasks', 'run', 'fantasy_premier_league', 'extract_data_from_api', 'scheduled__2023-12-13T07:20:02.453019+00:00', '--local', '--subdir', 'DAGS_FOLDER/fantasy_premier_league_dag.py'][0m
[[34m2023-12-20T22:45:51.140+0800[0m] {[34mdagbag.py:[0m536} INFO[0m - Filling up the DagBag from /home/azfarmustafa/airflow_tutorial/dags/fantasy_premier_league_dag.py[0m
Changing /home/azfarmustafa/airflow_tutorial/logs/dag_id=fantasy_premier_league/run_id=scheduled__2023-12-13T07:20:02.453019+00:00/task_id=extract_data_from_api permission to 509
[[34m2023-12-20T22:45:52.511+0800[0m] {[34mtask_command.py:[0m416} INFO[0m - Running <TaskInstance: fantasy_premier_league.extract_data_from_api scheduled__2023-12-13T07:20:02.453019+00:00 [queued]> on host azfartitu.[0m
[[34m2023-12-20T22:45:54.598+0800[0m] {[34mscheduler_job_runner.py:[0m685} INFO[0m - Received executor event with state success for task instance TaskInstanceKey(dag_id='fantasy_premier_league', task_id='fetch_fpl_api_data', run_id='scheduled__2023-12-19T14:45:31.414824+00:00', try_number=1, map_index=-1)[0m
[[34m2023-12-20T22:45:54.599+0800[0m] {[34mscheduler_job_runner.py:[0m685} INFO[0m - Received executor event with state success for task instance TaskInstanceKey(dag_id='fantasy_premier_league', task_id='extract_data_from_api', run_id='scheduled__2023-12-13T07:20:02.453019+00:00', try_number=1, map_index=-1)[0m
[[34m2023-12-20T22:45:54.609+0800[0m] {[34mscheduler_job_runner.py:[0m722} INFO[0m - TaskInstance Finished: dag_id=fantasy_premier_league, task_id=extract_data_from_api, run_id=scheduled__2023-12-13T07:20:02.453019+00:00, map_index=-1, run_start_date=2023-12-20 14:45:52.650703+00:00, run_end_date=2023-12-20 14:45:53.918140+00:00, run_duration=1.267437, state=success, executor_state=success, try_number=1, max_tries=0, job_id=205, pool=default_pool, queue=default, priority_weight=6, operator=PythonOperator, queued_dttm=2023-12-20 14:45:43.974279+00:00, queued_by_job_id=202, pid=179223[0m
[[34m2023-12-20T22:45:54.610+0800[0m] {[34mscheduler_job_runner.py:[0m722} INFO[0m - TaskInstance Finished: dag_id=fantasy_premier_league, task_id=fetch_fpl_api_data, run_id=scheduled__2023-12-19T14:45:31.414824+00:00, map_index=-1, run_start_date=2023-12-20 14:45:46.911551+00:00, run_end_date=2023-12-20 14:45:47.955341+00:00, run_duration=1.04379, state=success, executor_state=success, try_number=1, max_tries=0, job_id=204, pool=default_pool, queue=default, priority_weight=7, operator=SimpleHttpOperator, queued_dttm=2023-12-20 14:45:43.974279+00:00, queued_by_job_id=202, pid=179213[0m
[[34m2023-12-20T22:45:54.882+0800[0m] {[34mdag.py:[0m3722} INFO[0m - Setting next_dagrun for fantasy_premier_league_debug to 2023-12-20T14:45:43.754273+00:00, run_after=2023-12-21T14:45:43.754273+00:00[0m
[[34m2023-12-20T22:45:55.013+0800[0m] {[34mscheduler_job_runner.py:[0m413} INFO[0m - 3 tasks up for execution:
	<TaskInstance: fantasy_premier_league.extract_data_from_api scheduled__2023-12-19T14:45:31.414824+00:00 [scheduled]>
	<TaskInstance: fantasy_premier_league.upload_to_blob scheduled__2023-12-13T07:20:02.453019+00:00 [scheduled]>
	<TaskInstance: fantasy_premier_league_debug.current_season_history_bronze_to_silver_test scheduled__2023-12-19T14:45:43.754273+00:00 [scheduled]>[0m
[[34m2023-12-20T22:45:55.013+0800[0m] {[34mscheduler_job_runner.py:[0m476} INFO[0m - DAG fantasy_premier_league has 0/16 running and queued tasks[0m
[[34m2023-12-20T22:45:55.014+0800[0m] {[34mscheduler_job_runner.py:[0m476} INFO[0m - DAG fantasy_premier_league has 1/16 running and queued tasks[0m
[[34m2023-12-20T22:45:55.014+0800[0m] {[34mscheduler_job_runner.py:[0m476} INFO[0m - DAG fantasy_premier_league_debug has 0/16 running and queued tasks[0m
[[34m2023-12-20T22:45:55.015+0800[0m] {[34mscheduler_job_runner.py:[0m592} INFO[0m - Setting the following tasks to queued state:
	<TaskInstance: fantasy_premier_league.extract_data_from_api scheduled__2023-12-19T14:45:31.414824+00:00 [scheduled]>
	<TaskInstance: fantasy_premier_league.upload_to_blob scheduled__2023-12-13T07:20:02.453019+00:00 [scheduled]>
	<TaskInstance: fantasy_premier_league_debug.current_season_history_bronze_to_silver_test scheduled__2023-12-19T14:45:43.754273+00:00 [scheduled]>[0m
[[34m2023-12-20T22:45:55.019+0800[0m] {[34mtaskinstance.py:[0m1441} WARNING[0m - cannot record scheduled_duration for task extract_data_from_api because previous state change time has not been saved[0m
[[34m2023-12-20T22:45:55.020+0800[0m] {[34mtaskinstance.py:[0m1441} WARNING[0m - cannot record scheduled_duration for task upload_to_blob because previous state change time has not been saved[0m
[[34m2023-12-20T22:45:55.020+0800[0m] {[34mtaskinstance.py:[0m1441} WARNING[0m - cannot record scheduled_duration for task current_season_history_bronze_to_silver_test because previous state change time has not been saved[0m
[[34m2023-12-20T22:45:55.021+0800[0m] {[34mscheduler_job_runner.py:[0m635} INFO[0m - Sending TaskInstanceKey(dag_id='fantasy_premier_league', task_id='extract_data_from_api', run_id='scheduled__2023-12-19T14:45:31.414824+00:00', try_number=1, map_index=-1) to executor with priority 6 and queue default[0m
[[34m2023-12-20T22:45:55.022+0800[0m] {[34mbase_executor.py:[0m146} INFO[0m - Adding to queue: ['airflow', 'tasks', 'run', 'fantasy_premier_league', 'extract_data_from_api', 'scheduled__2023-12-19T14:45:31.414824+00:00', '--local', '--subdir', 'DAGS_FOLDER/fantasy_premier_league_dag.py'][0m
[[34m2023-12-20T22:45:55.022+0800[0m] {[34mscheduler_job_runner.py:[0m635} INFO[0m - Sending TaskInstanceKey(dag_id='fantasy_premier_league', task_id='upload_to_blob', run_id='scheduled__2023-12-13T07:20:02.453019+00:00', try_number=1, map_index=-1) to executor with priority 5 and queue default[0m
[[34m2023-12-20T22:45:55.023+0800[0m] {[34mbase_executor.py:[0m146} INFO[0m - Adding to queue: ['airflow', 'tasks', 'run', 'fantasy_premier_league', 'upload_to_blob', 'scheduled__2023-12-13T07:20:02.453019+00:00', '--local', '--subdir', 'DAGS_FOLDER/fantasy_premier_league_dag.py'][0m
[[34m2023-12-20T22:45:55.023+0800[0m] {[34mscheduler_job_runner.py:[0m635} INFO[0m - Sending TaskInstanceKey(dag_id='fantasy_premier_league_debug', task_id='current_season_history_bronze_to_silver_test', run_id='scheduled__2023-12-19T14:45:43.754273+00:00', try_number=1, map_index=-1) to executor with priority 4 and queue default[0m
[[34m2023-12-20T22:45:55.024+0800[0m] {[34mbase_executor.py:[0m146} INFO[0m - Adding to queue: ['airflow', 'tasks', 'run', 'fantasy_premier_league_debug', 'current_season_history_bronze_to_silver_test', 'scheduled__2023-12-19T14:45:43.754273+00:00', '--local', '--subdir', 'DAGS_FOLDER/azfar_dag.py'][0m
[[34m2023-12-20T22:45:55.144+0800[0m] {[34msequential_executor.py:[0m74} INFO[0m - Executing command: ['airflow', 'tasks', 'run', 'fantasy_premier_league', 'extract_data_from_api', 'scheduled__2023-12-19T14:45:31.414824+00:00', '--local', '--subdir', 'DAGS_FOLDER/fantasy_premier_league_dag.py'][0m
[[34m2023-12-20T22:45:56.247+0800[0m] {[34mdagbag.py:[0m536} INFO[0m - Filling up the DagBag from /home/azfarmustafa/airflow_tutorial/dags/fantasy_premier_league_dag.py[0m
Changing /home/azfarmustafa/airflow_tutorial/logs/dag_id=fantasy_premier_league/run_id=scheduled__2023-12-19T14:45:31.414824+00:00/task_id=extract_data_from_api permission to 509
[[34m2023-12-20T22:45:56.933+0800[0m] {[34mtask_command.py:[0m416} INFO[0m - Running <TaskInstance: fantasy_premier_league.extract_data_from_api scheduled__2023-12-19T14:45:31.414824+00:00 [queued]> on host azfartitu.[0m
[[34m2023-12-20T22:46:00.019+0800[0m] {[34msequential_executor.py:[0m74} INFO[0m - Executing command: ['airflow', 'tasks', 'run', 'fantasy_premier_league', 'upload_to_blob', 'scheduled__2023-12-13T07:20:02.453019+00:00', '--local', '--subdir', 'DAGS_FOLDER/fantasy_premier_league_dag.py'][0m
[[34m2023-12-20T22:46:01.242+0800[0m] {[34mdagbag.py:[0m536} INFO[0m - Filling up the DagBag from /home/azfarmustafa/airflow_tutorial/dags/fantasy_premier_league_dag.py[0m
Changing /home/azfarmustafa/airflow_tutorial/logs/dag_id=fantasy_premier_league/run_id=scheduled__2023-12-13T07:20:02.453019+00:00/task_id=upload_to_blob permission to 509
[[34m2023-12-20T22:46:01.819+0800[0m] {[34mtask_command.py:[0m416} INFO[0m - Running <TaskInstance: fantasy_premier_league.upload_to_blob scheduled__2023-12-13T07:20:02.453019+00:00 [queued]> on host azfartitu.[0m
[[34m2023-12-20T22:46:09.463+0800[0m] {[34msequential_executor.py:[0m74} INFO[0m - Executing command: ['airflow', 'tasks', 'run', 'fantasy_premier_league_debug', 'current_season_history_bronze_to_silver_test', 'scheduled__2023-12-19T14:45:43.754273+00:00', '--local', '--subdir', 'DAGS_FOLDER/azfar_dag.py'][0m
[[34m2023-12-20T22:46:10.475+0800[0m] {[34mdagbag.py:[0m536} INFO[0m - Filling up the DagBag from /home/azfarmustafa/airflow_tutorial/dags/azfar_dag.py[0m
Changing /home/azfarmustafa/airflow_tutorial/logs/dag_id=fantasy_premier_league_debug/run_id=scheduled__2023-12-19T14:45:43.754273+00:00/task_id=current_season_history_bronze_to_silver_test permission to 509
[[34m2023-12-20T22:46:11.068+0800[0m] {[34mtask_command.py:[0m416} INFO[0m - Running <TaskInstance: fantasy_premier_league_debug.current_season_history_bronze_to_silver_test scheduled__2023-12-19T14:45:43.754273+00:00 [queued]> on host azfartitu.[0m
[[34m2023-12-20T22:46:21.351+0800[0m] {[34mscheduler_job_runner.py:[0m685} INFO[0m - Received executor event with state success for task instance TaskInstanceKey(dag_id='fantasy_premier_league', task_id='extract_data_from_api', run_id='scheduled__2023-12-19T14:45:31.414824+00:00', try_number=1, map_index=-1)[0m
[[34m2023-12-20T22:46:21.352+0800[0m] {[34mscheduler_job_runner.py:[0m685} INFO[0m - Received executor event with state success for task instance TaskInstanceKey(dag_id='fantasy_premier_league', task_id='upload_to_blob', run_id='scheduled__2023-12-13T07:20:02.453019+00:00', try_number=1, map_index=-1)[0m
[[34m2023-12-20T22:46:21.352+0800[0m] {[34mscheduler_job_runner.py:[0m685} INFO[0m - Received executor event with state success for task instance TaskInstanceKey(dag_id='fantasy_premier_league_debug', task_id='current_season_history_bronze_to_silver_test', run_id='scheduled__2023-12-19T14:45:43.754273+00:00', try_number=1, map_index=-1)[0m
[[34m2023-12-20T22:46:21.363+0800[0m] {[34mscheduler_job_runner.py:[0m722} INFO[0m - TaskInstance Finished: dag_id=fantasy_premier_league, task_id=upload_to_blob, run_id=scheduled__2023-12-13T07:20:02.453019+00:00, map_index=-1, run_start_date=2023-12-20 14:46:01.874131+00:00, run_end_date=2023-12-20 14:46:08.911562+00:00, run_duration=7.037431, state=success, executor_state=success, try_number=1, max_tries=0, job_id=207, pool=default_pool, queue=default, priority_weight=5, operator=PythonOperator, queued_dttm=2023-12-20 14:45:55.016960+00:00, queued_by_job_id=202, pid=179256[0m
[[34m2023-12-20T22:46:21.364+0800[0m] {[34mscheduler_job_runner.py:[0m722} INFO[0m - TaskInstance Finished: dag_id=fantasy_premier_league, task_id=extract_data_from_api, run_id=scheduled__2023-12-19T14:45:31.414824+00:00, map_index=-1, run_start_date=2023-12-20 14:45:57.002149+00:00, run_end_date=2023-12-20 14:45:59.321076+00:00, run_duration=2.318927, state=success, executor_state=success, try_number=1, max_tries=0, job_id=206, pool=default_pool, queue=default, priority_weight=6, operator=PythonOperator, queued_dttm=2023-12-20 14:45:55.016960+00:00, queued_by_job_id=202, pid=179241[0m
[[34m2023-12-20T22:46:21.364+0800[0m] {[34mscheduler_job_runner.py:[0m722} INFO[0m - TaskInstance Finished: dag_id=fantasy_premier_league_debug, task_id=current_season_history_bronze_to_silver_test, run_id=scheduled__2023-12-19T14:45:43.754273+00:00, map_index=-1, run_start_date=2023-12-20 14:46:11.128322+00:00, run_end_date=2023-12-20 14:46:20.860814+00:00, run_duration=9.732492, state=success, executor_state=success, try_number=1, max_tries=0, job_id=208, pool=default_pool, queue=default, priority_weight=4, operator=PythonOperator, queued_dttm=2023-12-20 14:45:55.016960+00:00, queued_by_job_id=202, pid=179272[0m
[[34m2023-12-20T22:46:28.587+0800[0m] {[34mdagrun.py:[0m743} ERROR[0m - Failed to get task for ti <TaskInstance: fantasy_premier_league_debug.current_season_history_bronze_to_silver_test scheduled__2023-12-19T14:45:43.754273+00:00 [success]>. Marking it as removed.[0m
[[34m2023-12-20T22:46:28.594+0800[0m] {[34mdagrun.py:[0m743} ERROR[0m - Failed to get task for ti <TaskInstance: fantasy_premier_league_debug.player_metadata_bronze_to_silver_test scheduled__2023-12-19T14:45:43.754273+00:00 [scheduled]>. Marking it as removed.[0m
[[34m2023-12-20T22:46:28.595+0800[0m] {[34mdagrun.py:[0m743} ERROR[0m - Failed to get task for ti <TaskInstance: fantasy_premier_league_debug.position_metadata_bronze_to_silver_test scheduled__2023-12-19T14:45:43.754273+00:00 [None]>. Marking it as removed.[0m
[[34m2023-12-20T22:46:28.597+0800[0m] {[34mdagrun.py:[0m743} ERROR[0m - Failed to get task for ti <TaskInstance: fantasy_premier_league_debug.teams_metadata_bronze_to_silver_test scheduled__2023-12-19T14:45:43.754273+00:00 [None]>. Marking it as removed.[0m
[[34m2023-12-20T22:46:28.598+0800[0m] {[34mdagrun.py:[0m653} INFO[0m - Marking run <DagRun fantasy_premier_league_debug @ 2023-12-19 14:45:43.754273+00:00: scheduled__2023-12-19T14:45:43.754273+00:00, state:running, queued_at: 2023-12-20 14:45:54.875143+00:00. externally triggered: False> successful[0m
[[34m2023-12-20T22:46:28.599+0800[0m] {[34mdagrun.py:[0m704} INFO[0m - DagRun Finished: dag_id=fantasy_premier_league_debug, execution_date=2023-12-19 14:45:43.754273+00:00, run_id=scheduled__2023-12-19T14:45:43.754273+00:00, run_start_date=2023-12-20 14:45:54.903645+00:00, run_end_date=2023-12-20 14:46:28.599492+00:00, run_duration=33.695847, state=success, external_trigger=False, run_type=scheduled, data_interval_start=2023-12-19 14:45:43.754273+00:00, data_interval_end=2023-12-20 14:45:43.754273+00:00, dag_hash=abbd0944011fe706d659db0cd7a39fc8[0m
[[34m2023-12-20T22:50:28.666+0800[0m] {[34mscheduler_job_runner.py:[0m1605} INFO[0m - Adopting or resetting orphaned tasks for active dag runs[0m
[2023-12-20T22:51:36.300+0800] {manager.py:543} INFO - DAG data_transformation_debug is missing and will be deactivated.
[2023-12-20T22:51:36.307+0800] {manager.py:553} INFO - Deactivated 1 DAGs which are no longer present in file.
[2023-12-20T22:51:36.323+0800] {manager.py:557} INFO - Deleted DAG data_transformation_debug in serialized_dag table
[[34m2023-12-20T22:52:32.699+0800[0m] {[34mdag.py:[0m3722} INFO[0m - Setting next_dagrun for data_transformation_player_metadata_debug to 2023-12-20T14:52:14.444206+00:00, run_after=2023-12-21T14:52:14.444206+00:00[0m
[[34m2023-12-20T22:52:32.920+0800[0m] {[34mscheduler_job_runner.py:[0m413} INFO[0m - 1 tasks up for execution:
	<TaskInstance: data_transformation_player_metadata_debug.player_metadata_bronze_to_silver_test_transform scheduled__2023-12-19T14:52:14.444206+00:00 [scheduled]>[0m
[[34m2023-12-20T22:52:32.921+0800[0m] {[34mscheduler_job_runner.py:[0m476} INFO[0m - DAG data_transformation_player_metadata_debug has 0/16 running and queued tasks[0m
[[34m2023-12-20T22:52:32.921+0800[0m] {[34mscheduler_job_runner.py:[0m592} INFO[0m - Setting the following tasks to queued state:
	<TaskInstance: data_transformation_player_metadata_debug.player_metadata_bronze_to_silver_test_transform scheduled__2023-12-19T14:52:14.444206+00:00 [scheduled]>[0m
[[34m2023-12-20T22:52:32.929+0800[0m] {[34mtaskinstance.py:[0m1441} WARNING[0m - cannot record scheduled_duration for task player_metadata_bronze_to_silver_test_transform because previous state change time has not been saved[0m
[[34m2023-12-20T22:52:32.956+0800[0m] {[34mscheduler_job_runner.py:[0m635} INFO[0m - Sending TaskInstanceKey(dag_id='data_transformation_player_metadata_debug', task_id='player_metadata_bronze_to_silver_test_transform', run_id='scheduled__2023-12-19T14:52:14.444206+00:00', try_number=1, map_index=-1) to executor with priority 1 and queue default[0m
[[34m2023-12-20T22:52:32.957+0800[0m] {[34mbase_executor.py:[0m146} INFO[0m - Adding to queue: ['airflow', 'tasks', 'run', 'data_transformation_player_metadata_debug', 'player_metadata_bronze_to_silver_test_transform', 'scheduled__2023-12-19T14:52:14.444206+00:00', '--local', '--subdir', 'DAGS_FOLDER/data_transformation_dag.py'][0m
[[34m2023-12-20T22:52:32.973+0800[0m] {[34msequential_executor.py:[0m74} INFO[0m - Executing command: ['airflow', 'tasks', 'run', 'data_transformation_player_metadata_debug', 'player_metadata_bronze_to_silver_test_transform', 'scheduled__2023-12-19T14:52:14.444206+00:00', '--local', '--subdir', 'DAGS_FOLDER/data_transformation_dag.py'][0m
[[34m2023-12-20T22:52:37.349+0800[0m] {[34mdagbag.py:[0m536} INFO[0m - Filling up the DagBag from /home/azfarmustafa/airflow_tutorial/dags/data_transformation_dag.py[0m
Changing /home/azfarmustafa/airflow_tutorial/logs/dag_id=data_transformation_player_metadata_debug/run_id=scheduled__2023-12-19T14:52:14.444206+00:00/task_id=player_metadata_bronze_to_silver_test_transform permission to 509
[[34m2023-12-20T22:52:38.997+0800[0m] {[34mtask_command.py:[0m416} INFO[0m - Running <TaskInstance: data_transformation_player_metadata_debug.player_metadata_bronze_to_silver_test_transform scheduled__2023-12-19T14:52:14.444206+00:00 [queued]> on host azfartitu.[0m
[[34m2023-12-20T22:52:49.190+0800[0m] {[34mscheduler_job_runner.py:[0m685} INFO[0m - Received executor event with state success for task instance TaskInstanceKey(dag_id='data_transformation_player_metadata_debug', task_id='player_metadata_bronze_to_silver_test_transform', run_id='scheduled__2023-12-19T14:52:14.444206+00:00', try_number=1, map_index=-1)[0m
[[34m2023-12-20T22:52:49.201+0800[0m] {[34mscheduler_job_runner.py:[0m722} INFO[0m - TaskInstance Finished: dag_id=data_transformation_player_metadata_debug, task_id=player_metadata_bronze_to_silver_test_transform, run_id=scheduled__2023-12-19T14:52:14.444206+00:00, map_index=-1, run_start_date=2023-12-20 14:52:39.096710+00:00, run_end_date=2023-12-20 14:52:48.254292+00:00, run_duration=9.157582, state=success, executor_state=success, try_number=1, max_tries=0, job_id=209, pool=default_pool, queue=default, priority_weight=1, operator=PythonOperator, queued_dttm=2023-12-20 14:52:32.924479+00:00, queued_by_job_id=202, pid=179653[0m
[[34m2023-12-20T22:52:49.746+0800[0m] {[34mdagrun.py:[0m653} INFO[0m - Marking run <DagRun data_transformation_player_metadata_debug @ 2023-12-19 14:52:14.444206+00:00: scheduled__2023-12-19T14:52:14.444206+00:00, state:running, queued_at: 2023-12-20 14:52:32.584397+00:00. externally triggered: False> successful[0m
[[34m2023-12-20T22:52:49.748+0800[0m] {[34mdagrun.py:[0m704} INFO[0m - DagRun Finished: dag_id=data_transformation_player_metadata_debug, execution_date=2023-12-19 14:52:14.444206+00:00, run_id=scheduled__2023-12-19T14:52:14.444206+00:00, run_start_date=2023-12-20 14:52:32.778122+00:00, run_end_date=2023-12-20 14:52:49.747599+00:00, run_duration=16.969477, state=success, external_trigger=False, run_type=scheduled, data_interval_start=2023-12-19 14:52:14.444206+00:00, data_interval_end=2023-12-20 14:52:14.444206+00:00, dag_hash=dd13f771dbc6f4082da18f9823a33f91[0m
[[34m2023-12-20T22:52:49.776+0800[0m] {[34mdag.py:[0m3722} INFO[0m - Setting next_dagrun for data_transformation_player_metadata_debug to 2023-12-20T14:52:14.444206+00:00, run_after=2023-12-21T14:52:14.444206+00:00[0m
[[34m2023-12-20T22:55:29.022+0800[0m] {[34mscheduler_job_runner.py:[0m1605} INFO[0m - Adopting or resetting orphaned tasks for active dag runs[0m
[[34m2023-12-20T23:00:29.092+0800[0m] {[34mscheduler_job_runner.py:[0m1605} INFO[0m - Adopting or resetting orphaned tasks for active dag runs[0m
[[34m2023-12-20T23:05:29.141+0800[0m] {[34mscheduler_job_runner.py:[0m1605} INFO[0m - Adopting or resetting orphaned tasks for active dag runs[0m
[[34m2023-12-20T23:10:29.203+0800[0m] {[34mscheduler_job_runner.py:[0m1605} INFO[0m - Adopting or resetting orphaned tasks for active dag runs[0m
[[34m2023-12-20T23:15:29.264+0800[0m] {[34mscheduler_job_runner.py:[0m1605} INFO[0m - Adopting or resetting orphaned tasks for active dag runs[0m
[[34m2023-12-20T23:20:29.363+0800[0m] {[34mscheduler_job_runner.py:[0m1605} INFO[0m - Adopting or resetting orphaned tasks for active dag runs[0m
[[34m2023-12-20T23:25:29.460+0800[0m] {[34mscheduler_job_runner.py:[0m1605} INFO[0m - Adopting or resetting orphaned tasks for active dag runs[0m
[[34m2023-12-20T23:30:29.515+0800[0m] {[34mscheduler_job_runner.py:[0m1605} INFO[0m - Adopting or resetting orphaned tasks for active dag runs[0m
[[34m2023-12-20T23:35:29.569+0800[0m] {[34mscheduler_job_runner.py:[0m1605} INFO[0m - Adopting or resetting orphaned tasks for active dag runs[0m
[[34m2023-12-20T23:40:29.624+0800[0m] {[34mscheduler_job_runner.py:[0m1605} INFO[0m - Adopting or resetting orphaned tasks for active dag runs[0m
[[34m2023-12-20T23:45:29.682+0800[0m] {[34mscheduler_job_runner.py:[0m1605} INFO[0m - Adopting or resetting orphaned tasks for active dag runs[0m
[[34m2023-12-20T23:50:29.740+0800[0m] {[34mscheduler_job_runner.py:[0m1605} INFO[0m - Adopting or resetting orphaned tasks for active dag runs[0m
[[34m2023-12-20T23:55:29.797+0800[0m] {[34mscheduler_job_runner.py:[0m1605} INFO[0m - Adopting or resetting orphaned tasks for active dag runs[0m
[[34m2023-12-21T00:00:29.852+0800[0m] {[34mscheduler_job_runner.py:[0m1605} INFO[0m - Adopting or resetting orphaned tasks for active dag runs[0m
[[34m2023-12-21T00:05:29.909+0800[0m] {[34mscheduler_job_runner.py:[0m1605} INFO[0m - Adopting or resetting orphaned tasks for active dag runs[0m
[[34m2023-12-21T00:10:29.965+0800[0m] {[34mscheduler_job_runner.py:[0m1605} INFO[0m - Adopting or resetting orphaned tasks for active dag runs[0m
[[34m2023-12-21T00:15:30.017+0800[0m] {[34mscheduler_job_runner.py:[0m1605} INFO[0m - Adopting or resetting orphaned tasks for active dag runs[0m
[[34m2023-12-21T00:20:30.073+0800[0m] {[34mscheduler_job_runner.py:[0m1605} INFO[0m - Adopting or resetting orphaned tasks for active dag runs[0m
[[34m2023-12-21T00:25:30.136+0800[0m] {[34mscheduler_job_runner.py:[0m1605} INFO[0m - Adopting or resetting orphaned tasks for active dag runs[0m
[[34m2023-12-21T00:30:30.174+0800[0m] {[34mscheduler_job_runner.py:[0m1605} INFO[0m - Adopting or resetting orphaned tasks for active dag runs[0m
[[34m2023-12-21T00:35:30.235+0800[0m] {[34mscheduler_job_runner.py:[0m1605} INFO[0m - Adopting or resetting orphaned tasks for active dag runs[0m
[[34m2023-12-21T00:40:30.293+0800[0m] {[34mscheduler_job_runner.py:[0m1605} INFO[0m - Adopting or resetting orphaned tasks for active dag runs[0m
[[34m2023-12-21T09:15:53.313+0800[0m] {[34mscheduler_job_runner.py:[0m1605} INFO[0m - Adopting or resetting orphaned tasks for active dag runs[0m
[[34m2023-12-21T09:16:35.467+0800[0m] {[34mscheduler_job_runner.py:[0m247} INFO[0m - Exiting gracefully upon receiving signal 15[0m
[[34m2023-12-21T09:16:36.493+0800[0m] {[34mprocess_utils.py:[0m131} INFO[0m - Sending Signals.SIGTERM to group 179164. PIDs of all processes in the group: [179164][0m
[[34m2023-12-21T09:16:36.494+0800[0m] {[34mprocess_utils.py:[0m86} INFO[0m - Sending the signal Signals.SIGTERM to group 179164[0m
[[34m2023-12-21T09:16:37.891+0800[0m] {[34mprocess_utils.py:[0m79} INFO[0m - Process psutil.Process(pid=179164, status='terminated', exitcode=0, started='07:15:50') (179164) terminated with exit code 0[0m
[[34m2023-12-21T09:16:37.904+0800[0m] {[34mprocess_utils.py:[0m131} INFO[0m - Sending Signals.SIGTERM to group 179164. PIDs of all processes in the group: [][0m
[[34m2023-12-21T09:16:37.904+0800[0m] {[34mprocess_utils.py:[0m86} INFO[0m - Sending the signal Signals.SIGTERM to group 179164[0m
[[34m2023-12-21T09:16:37.905+0800[0m] {[34mprocess_utils.py:[0m100} INFO[0m - Sending the signal Signals.SIGTERM to process 179164 as process group is missing.[0m
[[34m2023-12-21T09:16:37.905+0800[0m] {[34mscheduler_job_runner.py:[0m873} INFO[0m - Exited execute loop[0m
