[2023-12-04T11:19:00.261+0800] {taskinstance.py:1159} INFO - Dependencies all met for dep_context=non-requeueable deps ti=<TaskInstance: fantasy_premier_league.upload_to_blob scheduled__2023-12-03T03:14:34.012519+00:00 [queued]>
[2023-12-04T11:19:00.279+0800] {taskinstance.py:1159} INFO - Dependencies all met for dep_context=requeueable deps ti=<TaskInstance: fantasy_premier_league.upload_to_blob scheduled__2023-12-03T03:14:34.012519+00:00 [queued]>
[2023-12-04T11:19:00.280+0800] {taskinstance.py:1361} INFO - Starting attempt 1 of 1
[2023-12-04T11:19:00.313+0800] {taskinstance.py:1382} INFO - Executing <Task(PythonOperator): upload_to_blob> on 2023-12-03 03:14:34.012519+00:00
[2023-12-04T11:19:00.318+0800] {standard_task_runner.py:57} INFO - Started process 13598 to run task
[2023-12-04T11:19:00.323+0800] {standard_task_runner.py:84} INFO - Running: ['airflow', 'tasks', 'run', 'fantasy_premier_league', 'upload_to_blob', 'scheduled__2023-12-03T03:14:34.012519+00:00', '--job-id', '108', '--raw', '--subdir', 'DAGS_FOLDER/fantasy_premier_league_dag.py', '--cfg-path', '/tmp/tmp2chsbpz4']
[2023-12-04T11:19:00.325+0800] {standard_task_runner.py:85} INFO - Job 108: Subtask upload_to_blob
[2023-12-04T11:19:00.386+0800] {task_command.py:416} INFO - Running <TaskInstance: fantasy_premier_league.upload_to_blob scheduled__2023-12-03T03:14:34.012519+00:00 [running]> on host azfartitu.
[2023-12-04T11:19:00.476+0800] {taskinstance.py:1662} INFO - Exporting env vars: AIRFLOW_CTX_DAG_OWNER='airflow' AIRFLOW_CTX_DAG_ID='fantasy_premier_league' AIRFLOW_CTX_TASK_ID='upload_to_blob' AIRFLOW_CTX_EXECUTION_DATE='2023-12-03T03:14:34.012519+00:00' AIRFLOW_CTX_TRY_NUMBER='1' AIRFLOW_CTX_DAG_RUN_ID='scheduled__2023-12-03T03:14:34.012519+00:00'
[2023-12-04T11:19:00.703+0800] {logging_mixin.py:154} INFO - Temporary file created: /tmp/tmpn7bisvux
[2023-12-04T11:19:00.712+0800] {base.py:73} INFO - Using connection ID 'azure_blob_conn_id' for task execution.
[2023-12-04T11:19:01.800+0800] {base.py:73} INFO - Using connection ID 'azure_blob_conn_id' for task execution.
[2023-12-04T11:19:02.888+0800] {logging_mixin.py:154} INFO - Temporary file removed: /tmp/tmpn7bisvux
[2023-12-04T11:19:02.888+0800] {fantasy_premier_league_dag.py:83} INFO - File uploaded to Azure Blob Storage: bronze/events_metadata_04122023.json
[2023-12-04T11:19:02.891+0800] {logging_mixin.py:154} INFO - Temporary file created: /tmp/tmp7d__6uax
[2023-12-04T11:19:02.895+0800] {base.py:73} INFO - Using connection ID 'azure_blob_conn_id' for task execution.
[2023-12-04T11:19:02.901+0800] {base.py:73} INFO - Using connection ID 'azure_blob_conn_id' for task execution.
[2023-12-04T11:19:03.832+0800] {logging_mixin.py:154} INFO - Temporary file removed: /tmp/tmp7d__6uax
[2023-12-04T11:19:03.832+0800] {fantasy_premier_league_dag.py:83} INFO - File uploaded to Azure Blob Storage: bronze/teams_metadata_04122023.json
[2023-12-04T11:19:04.198+0800] {logging_mixin.py:154} INFO - Temporary file created: /tmp/tmp3769ygrk
[2023-12-04T11:19:04.202+0800] {base.py:73} INFO - Using connection ID 'azure_blob_conn_id' for task execution.
[2023-12-04T11:19:04.209+0800] {base.py:73} INFO - Using connection ID 'azure_blob_conn_id' for task execution.
[2023-12-04T11:19:06.827+0800] {logging_mixin.py:154} INFO - Temporary file removed: /tmp/tmp3769ygrk
[2023-12-04T11:19:06.827+0800] {fantasy_premier_league_dag.py:83} INFO - File uploaded to Azure Blob Storage: bronze/player_metadata_04122023.json
[2023-12-04T11:19:06.828+0800] {logging_mixin.py:154} INFO - Temporary file created: /tmp/tmpkf50q0u3
[2023-12-04T11:19:06.833+0800] {base.py:73} INFO - Using connection ID 'azure_blob_conn_id' for task execution.
[2023-12-04T11:19:06.840+0800] {base.py:73} INFO - Using connection ID 'azure_blob_conn_id' for task execution.
[2023-12-04T11:19:07.739+0800] {logging_mixin.py:154} INFO - Temporary file removed: /tmp/tmpkf50q0u3
[2023-12-04T11:19:07.739+0800] {fantasy_premier_league_dag.py:83} INFO - File uploaded to Azure Blob Storage: bronze/position_metadata_04122023.json
[2023-12-04T11:19:07.746+0800] {python.py:194} INFO - Done. Returned value was: None
[2023-12-04T11:19:07.756+0800] {taskinstance.py:1400} INFO - Marking task as SUCCESS. dag_id=fantasy_premier_league, task_id=upload_to_blob, execution_date=20231203T031434, start_date=20231204T031900, end_date=20231204T031907
[2023-12-04T11:19:07.805+0800] {local_task_job_runner.py:228} INFO - Task exited with return code 0
[2023-12-04T11:19:07.857+0800] {taskinstance.py:2778} INFO - 1 downstream tasks scheduled from follow-on schedule check
