[2023-12-07T23:46:22.609+0800] {taskinstance.py:1159} INFO - Dependencies all met for dep_context=non-requeueable deps ti=<TaskInstance: fantasy_premier_league.delete_file_in_actual_folder scheduled__2023-12-04T15:50:46.533482+00:00 [queued]>
[2023-12-07T23:46:22.617+0800] {taskinstance.py:1159} INFO - Dependencies all met for dep_context=requeueable deps ti=<TaskInstance: fantasy_premier_league.delete_file_in_actual_folder scheduled__2023-12-04T15:50:46.533482+00:00 [queued]>
[2023-12-07T23:46:22.617+0800] {taskinstance.py:1361} INFO - Starting attempt 1 of 1
[2023-12-07T23:46:22.635+0800] {taskinstance.py:1382} INFO - Executing <Task(PythonOperator): delete_file_in_actual_folder> on 2023-12-04 15:50:46.533482+00:00
[2023-12-07T23:46:22.639+0800] {standard_task_runner.py:57} INFO - Started process 57980 to run task
[2023-12-07T23:46:22.642+0800] {standard_task_runner.py:84} INFO - Running: ['airflow', 'tasks', 'run', 'fantasy_premier_league', 'delete_file_in_actual_folder', 'scheduled__2023-12-04T15:50:46.533482+00:00', '--job-id', '153', '--raw', '--subdir', 'DAGS_FOLDER/fantasy_premier_league_dag.py', '--cfg-path', '/tmp/tmpx50j2jyh']
[2023-12-07T23:46:22.644+0800] {standard_task_runner.py:85} INFO - Job 153: Subtask delete_file_in_actual_folder
[2023-12-07T23:46:22.680+0800] {task_command.py:416} INFO - Running <TaskInstance: fantasy_premier_league.delete_file_in_actual_folder scheduled__2023-12-04T15:50:46.533482+00:00 [running]> on host azfartitu.
[2023-12-07T23:46:22.754+0800] {taskinstance.py:1662} INFO - Exporting env vars: AIRFLOW_CTX_DAG_OWNER='airflow' AIRFLOW_CTX_DAG_ID='fantasy_premier_league' AIRFLOW_CTX_TASK_ID='delete_file_in_actual_folder' AIRFLOW_CTX_EXECUTION_DATE='2023-12-04T15:50:46.533482+00:00' AIRFLOW_CTX_TRY_NUMBER='1' AIRFLOW_CTX_DAG_RUN_ID='scheduled__2023-12-04T15:50:46.533482+00:00'
[2023-12-07T23:46:22.767+0800] {base.py:73} INFO - Using connection ID 'azure_blob_conn_id' for task execution.
[2023-12-07T23:46:23.789+0800] {logging_mixin.py:154} INFO - Client is created
[2023-12-07T23:46:23.792+0800] {base.py:73} INFO - Using connection ID 'azure_blob_conn_id' for task execution.
[2023-12-07T23:46:24.713+0800] {logging_mixin.py:154} INFO - Folder 'current_season_history/04122023' deleted successfully.
[2023-12-07T23:46:24.715+0800] {logging_mixin.py:154} INFO - Client is created
[2023-12-07T23:46:24.718+0800] {base.py:73} INFO - Using connection ID 'azure_blob_conn_id' for task execution.
[2023-12-07T23:46:25.585+0800] {logging_mixin.py:154} INFO - Folder 'events_metadata/04122023' deleted successfully.
[2023-12-07T23:46:25.586+0800] {logging_mixin.py:154} INFO - Client is created
[2023-12-07T23:46:25.591+0800] {base.py:73} INFO - Using connection ID 'azure_blob_conn_id' for task execution.
[2023-12-07T23:46:26.468+0800] {logging_mixin.py:154} INFO - Folder 'player_metadata/04122023' deleted successfully.
[2023-12-07T23:46:26.471+0800] {logging_mixin.py:154} INFO - Client is created
[2023-12-07T23:46:26.476+0800] {base.py:73} INFO - Using connection ID 'azure_blob_conn_id' for task execution.
[2023-12-07T23:46:27.352+0800] {logging_mixin.py:154} INFO - Folder 'position_metadata/04122023' deleted successfully.
[2023-12-07T23:46:27.354+0800] {logging_mixin.py:154} INFO - Client is created
[2023-12-07T23:46:27.357+0800] {base.py:73} INFO - Using connection ID 'azure_blob_conn_id' for task execution.
[2023-12-07T23:46:28.231+0800] {logging_mixin.py:154} INFO - Folder 'teams_metadata/04122023' deleted successfully.
[2023-12-07T23:46:28.235+0800] {python.py:194} INFO - Done. Returned value was: None
[2023-12-07T23:46:28.242+0800] {taskinstance.py:1400} INFO - Marking task as SUCCESS. dag_id=fantasy_premier_league, task_id=delete_file_in_actual_folder, execution_date=20231204T155046, start_date=20231207T154622, end_date=20231207T154628
[2023-12-07T23:46:28.266+0800] {local_task_job_runner.py:228} INFO - Task exited with return code 0
[2023-12-07T23:46:28.279+0800] {taskinstance.py:2778} INFO - 0 downstream tasks scheduled from follow-on schedule check
