[2023-12-11T15:25:17.286+0800] {taskinstance.py:1159} INFO - Dependencies all met for dep_context=non-requeueable deps ti=<TaskInstance: fantasy_premier_league.move_file_into_archive_folder scheduled__2023-12-10T07:20:02.453019+00:00 [queued]>
[2023-12-11T15:25:17.295+0800] {taskinstance.py:1159} INFO - Dependencies all met for dep_context=requeueable deps ti=<TaskInstance: fantasy_premier_league.move_file_into_archive_folder scheduled__2023-12-10T07:20:02.453019+00:00 [queued]>
[2023-12-11T15:25:17.296+0800] {taskinstance.py:1361} INFO - Starting attempt 1 of 1
[2023-12-11T15:25:17.314+0800] {taskinstance.py:1382} INFO - Executing <Task(PythonOperator): move_file_into_archive_folder> on 2023-12-10 07:20:02.453019+00:00
[2023-12-11T15:25:17.318+0800] {standard_task_runner.py:57} INFO - Started process 74260 to run task
[2023-12-11T15:25:17.323+0800] {standard_task_runner.py:84} INFO - Running: ['airflow', 'tasks', 'run', 'fantasy_premier_league', 'move_file_into_archive_folder', 'scheduled__2023-12-10T07:20:02.453019+00:00', '--job-id', '170', '--raw', '--subdir', 'DAGS_FOLDER/fantasy_premier_league_dag.py', '--cfg-path', '/tmp/tmpeld7dwge']
[2023-12-11T15:25:17.324+0800] {standard_task_runner.py:85} INFO - Job 170: Subtask move_file_into_archive_folder
[2023-12-11T15:25:17.361+0800] {task_command.py:416} INFO - Running <TaskInstance: fantasy_premier_league.move_file_into_archive_folder scheduled__2023-12-10T07:20:02.453019+00:00 [running]> on host azfartitu.
[2023-12-11T15:25:17.435+0800] {taskinstance.py:1662} INFO - Exporting env vars: AIRFLOW_CTX_DAG_OWNER='airflow' AIRFLOW_CTX_DAG_ID='fantasy_premier_league' AIRFLOW_CTX_TASK_ID='move_file_into_archive_folder' AIRFLOW_CTX_EXECUTION_DATE='2023-12-10T07:20:02.453019+00:00' AIRFLOW_CTX_TRY_NUMBER='1' AIRFLOW_CTX_DAG_RUN_ID='scheduled__2023-12-10T07:20:02.453019+00:00'
[2023-12-11T15:25:17.444+0800] {logging_mixin.py:154} INFO - value 05122023
[2023-12-11T15:25:17.452+0800] {base.py:73} INFO - Using connection ID 'azure_blob_conn_id' for task execution.
[2023-12-11T15:25:18.685+0800] {base.py:73} INFO - Using connection ID 'azure_blob_conn_id' for task execution.
[2023-12-11T15:25:24.653+0800] {logging_mixin.py:154} INFO - File is downloaded at /tmp/tmpo8uld7eg
[2023-12-11T15:25:37.942+0800] {logging_mixin.py:154} INFO - File is copied to archive
[2023-12-11T15:25:37.953+0800] {base.py:73} INFO - Using connection ID 'azure_blob_conn_id' for task execution.
[2023-12-11T15:25:38.977+0800] {logging_mixin.py:154} INFO - File is downloaded at /tmp/tmprlj6ubea
[2023-12-11T15:25:39.398+0800] {logging_mixin.py:154} INFO - File is copied to archive
[2023-12-11T15:25:39.409+0800] {base.py:73} INFO - Using connection ID 'azure_blob_conn_id' for task execution.
[2023-12-11T15:25:41.908+0800] {logging_mixin.py:154} INFO - File is downloaded at /tmp/tmp332r6rti
[2023-12-11T15:25:45.142+0800] {logging_mixin.py:154} INFO - File is copied to archive
[2023-12-11T15:25:45.153+0800] {base.py:73} INFO - Using connection ID 'azure_blob_conn_id' for task execution.
[2023-12-11T15:25:46.047+0800] {logging_mixin.py:154} INFO - File is downloaded at /tmp/tmpula0jcsq
[2023-12-11T15:25:46.335+0800] {logging_mixin.py:154} INFO - File is copied to archive
[2023-12-11T15:25:46.345+0800] {base.py:73} INFO - Using connection ID 'azure_blob_conn_id' for task execution.
[2023-12-11T15:25:47.193+0800] {logging_mixin.py:154} INFO - File is downloaded at /tmp/tmp90x95pmj
[2023-12-11T15:25:47.412+0800] {logging_mixin.py:154} INFO - File is copied to archive
[2023-12-11T15:25:47.415+0800] {python.py:194} INFO - Done. Returned value was: None
[2023-12-11T15:25:47.421+0800] {taskinstance.py:1400} INFO - Marking task as SUCCESS. dag_id=fantasy_premier_league, task_id=move_file_into_archive_folder, execution_date=20231210T072002, start_date=20231211T072517, end_date=20231211T072547
[2023-12-11T15:25:47.454+0800] {local_task_job_runner.py:228} INFO - Task exited with return code 0
[2023-12-11T15:25:47.469+0800] {taskinstance.py:2778} INFO - 1 downstream tasks scheduled from follow-on schedule check
