[2023-12-22T16:42:18.430+0800] {taskinstance.py:1159} INFO - Dependencies all met for dep_context=non-requeueable deps ti=<TaskInstance: fantasy_premier_league.player_metadata_bronze_to_silver scheduled__2023-12-21T08:19:53.939205+00:00 [queued]>
[2023-12-22T16:42:18.440+0800] {taskinstance.py:1159} INFO - Dependencies all met for dep_context=requeueable deps ti=<TaskInstance: fantasy_premier_league.player_metadata_bronze_to_silver scheduled__2023-12-21T08:19:53.939205+00:00 [queued]>
[2023-12-22T16:42:18.440+0800] {taskinstance.py:1361} INFO - Starting attempt 1 of 1
[2023-12-22T16:42:18.461+0800] {taskinstance.py:1382} INFO - Executing <Task(PythonOperator): player_metadata_bronze_to_silver> on 2023-12-21 08:19:53.939205+00:00
[2023-12-22T16:42:18.465+0800] {standard_task_runner.py:57} INFO - Started process 111724 to run task
[2023-12-22T16:42:18.469+0800] {standard_task_runner.py:84} INFO - Running: ['airflow', 'tasks', 'run', 'fantasy_premier_league', 'player_metadata_bronze_to_silver', 'scheduled__2023-12-21T08:19:53.939205+00:00', '--job-id', '241', '--raw', '--subdir', 'DAGS_FOLDER/fantasy_premier_league_dag.py', '--cfg-path', '/tmp/tmpc1s0sby5']
[2023-12-22T16:42:18.470+0800] {standard_task_runner.py:85} INFO - Job 241: Subtask player_metadata_bronze_to_silver
[2023-12-22T16:42:18.514+0800] {task_command.py:416} INFO - Running <TaskInstance: fantasy_premier_league.player_metadata_bronze_to_silver scheduled__2023-12-21T08:19:53.939205+00:00 [running]> on host azfartitu.
[2023-12-22T16:42:18.599+0800] {taskinstance.py:1662} INFO - Exporting env vars: AIRFLOW_CTX_DAG_OWNER='airflow' AIRFLOW_CTX_DAG_ID='fantasy_premier_league' AIRFLOW_CTX_TASK_ID='player_metadata_bronze_to_silver' AIRFLOW_CTX_EXECUTION_DATE='2023-12-21T08:19:53.939205+00:00' AIRFLOW_CTX_TRY_NUMBER='1' AIRFLOW_CTX_DAG_RUN_ID='scheduled__2023-12-21T08:19:53.939205+00:00'
[2023-12-22T16:42:18.619+0800] {logging_mixin.py:154} INFO - Temporary directory is created: /tmp/tmptprucvym
[2023-12-22T16:42:18.627+0800] {base.py:73} INFO - Using connection ID 'azure_blob_conn_id' for task execution.
[2023-12-22T16:42:19.398+0800] {base.py:73} INFO - Using connection ID 'azure_blob_conn_id' for task execution.
[2023-12-22T16:42:21.612+0800] {logging_mixin.py:154} INFO - player_metadata_22122023.json is downloaded at /tmp/tmptprucvym from player_metadata/current/22122023
[2023-12-22T16:42:21.724+0800] {logging_mixin.py:154} INFO - Table player_metadata is created
[2023-12-22T16:42:21.743+0800] {logging_mixin.py:154} INFO - Copy data from table player_metadata into file player_metadata_22122023.parquet
[2023-12-22T16:42:21.746+0800] {base.py:73} INFO - Using connection ID 'azure_blob_conn_id' for task execution.
[2023-12-22T16:42:21.751+0800] {base.py:73} INFO - Using connection ID 'azure_blob_conn_id' for task execution.
[2023-12-22T16:42:23.143+0800] {logging_mixin.py:154} INFO - File player_metadata_22122023.parquet is uploaded into silver container
[2023-12-22T16:42:23.144+0800] {logging_mixin.py:154} INFO - /tmp/tmptprucvym/player_metadata_22122023.parquet is removed
[2023-12-22T16:42:23.144+0800] {logging_mixin.py:154} INFO - /tmp/tmptprucvym/player_metadata_22122023.json is removed
[2023-12-22T16:42:23.145+0800] {logging_mixin.py:154} INFO - /tmp/tmptprucvym is removed
[2023-12-22T16:42:23.152+0800] {python.py:194} INFO - Done. Returned value was: None
[2023-12-22T16:42:23.164+0800] {taskinstance.py:1400} INFO - Marking task as SUCCESS. dag_id=fantasy_premier_league, task_id=player_metadata_bronze_to_silver, execution_date=20231221T081953, start_date=20231222T084218, end_date=20231222T084223
[2023-12-22T16:42:23.227+0800] {local_task_job_runner.py:228} INFO - Task exited with return code 0
[2023-12-22T16:42:23.239+0800] {taskinstance.py:2778} INFO - 0 downstream tasks scheduled from follow-on schedule check
