[2023-11-24T10:26:14.523+0800] {processor.py:157} INFO - Started process (PID=58734) to work on /home/azfarmustafa/airflow_tutorial/.venv/lib/python3.10/site-packages/airflow/example_dags/example_latest_only.py
[2023-11-24T10:26:14.524+0800] {processor.py:829} INFO - Processing file /home/azfarmustafa/airflow_tutorial/.venv/lib/python3.10/site-packages/airflow/example_dags/example_latest_only.py for tasks to queue
[2023-11-24T10:26:14.525+0800] {logging_mixin.py:154} INFO - [2023-11-24T10:26:14.525+0800] {dagbag.py:536} INFO - Filling up the DagBag from /home/azfarmustafa/airflow_tutorial/.venv/lib/python3.10/site-packages/airflow/example_dags/example_latest_only.py
[2023-11-24T10:26:14.529+0800] {processor.py:839} INFO - DAG(s) dict_keys(['latest_only']) retrieved from /home/azfarmustafa/airflow_tutorial/.venv/lib/python3.10/site-packages/airflow/example_dags/example_latest_only.py
[2023-11-24T10:26:14.546+0800] {logging_mixin.py:154} INFO - [2023-11-24T10:26:14.546+0800] {dag.py:2941} INFO - Sync 1 DAGs
[2023-11-24T10:26:14.563+0800] {logging_mixin.py:154} INFO - [2023-11-24T10:26:14.562+0800] {dag.py:3722} INFO - Setting next_dagrun for latest_only to 2023-11-23T22:26:14.562701+00:00, run_after=2023-11-24T02:26:14.562701+00:00
[2023-11-24T10:26:14.590+0800] {processor.py:179} INFO - Processing /home/azfarmustafa/airflow_tutorial/.venv/lib/python3.10/site-packages/airflow/example_dags/example_latest_only.py took 0.068 seconds
[2023-11-24T10:27:04.815+0800] {processor.py:157} INFO - Started process (PID=58791) to work on /home/azfarmustafa/airflow_tutorial/.venv/lib/python3.10/site-packages/airflow/example_dags/example_latest_only.py
[2023-11-24T10:27:04.817+0800] {processor.py:829} INFO - Processing file /home/azfarmustafa/airflow_tutorial/.venv/lib/python3.10/site-packages/airflow/example_dags/example_latest_only.py for tasks to queue
[2023-11-24T10:27:04.817+0800] {logging_mixin.py:154} INFO - [2023-11-24T10:27:04.817+0800] {dagbag.py:536} INFO - Filling up the DagBag from /home/azfarmustafa/airflow_tutorial/.venv/lib/python3.10/site-packages/airflow/example_dags/example_latest_only.py
[2023-11-24T10:27:04.822+0800] {processor.py:839} INFO - DAG(s) dict_keys(['latest_only']) retrieved from /home/azfarmustafa/airflow_tutorial/.venv/lib/python3.10/site-packages/airflow/example_dags/example_latest_only.py
[2023-11-24T10:27:04.835+0800] {logging_mixin.py:154} INFO - [2023-11-24T10:27:04.835+0800] {dag.py:2941} INFO - Sync 1 DAGs
[2023-11-24T10:27:04.853+0800] {logging_mixin.py:154} INFO - [2023-11-24T10:27:04.853+0800] {dag.py:3722} INFO - Setting next_dagrun for latest_only to 2023-11-23T22:27:04.852870+00:00, run_after=2023-11-24T02:27:04.852870+00:00
[2023-11-24T10:27:04.876+0800] {processor.py:179} INFO - Processing /home/azfarmustafa/airflow_tutorial/.venv/lib/python3.10/site-packages/airflow/example_dags/example_latest_only.py took 0.063 seconds
[2023-11-24T10:27:51.827+0800] {processor.py:157} INFO - Started process (PID=58839) to work on /home/azfarmustafa/airflow_tutorial/.venv/lib/python3.10/site-packages/airflow/example_dags/example_latest_only.py
[2023-11-24T10:27:51.828+0800] {processor.py:829} INFO - Processing file /home/azfarmustafa/airflow_tutorial/.venv/lib/python3.10/site-packages/airflow/example_dags/example_latest_only.py for tasks to queue
[2023-11-24T10:27:51.829+0800] {logging_mixin.py:154} INFO - [2023-11-24T10:27:51.829+0800] {dagbag.py:536} INFO - Filling up the DagBag from /home/azfarmustafa/airflow_tutorial/.venv/lib/python3.10/site-packages/airflow/example_dags/example_latest_only.py
[2023-11-24T10:27:51.833+0800] {processor.py:839} INFO - DAG(s) dict_keys(['latest_only']) retrieved from /home/azfarmustafa/airflow_tutorial/.venv/lib/python3.10/site-packages/airflow/example_dags/example_latest_only.py
[2023-11-24T10:27:51.851+0800] {logging_mixin.py:154} INFO - [2023-11-24T10:27:51.851+0800] {dag.py:2941} INFO - Sync 1 DAGs
[2023-11-24T10:27:51.874+0800] {logging_mixin.py:154} INFO - [2023-11-24T10:27:51.873+0800] {dag.py:3722} INFO - Setting next_dagrun for latest_only to 2023-11-23T22:27:51.873663+00:00, run_after=2023-11-24T02:27:51.873663+00:00
[2023-11-24T10:27:51.901+0800] {processor.py:179} INFO - Processing /home/azfarmustafa/airflow_tutorial/.venv/lib/python3.10/site-packages/airflow/example_dags/example_latest_only.py took 0.078 seconds
[2023-11-24T10:28:38.248+0800] {processor.py:157} INFO - Started process (PID=58891) to work on /home/azfarmustafa/airflow_tutorial/.venv/lib/python3.10/site-packages/airflow/example_dags/example_latest_only.py
[2023-11-24T10:28:38.249+0800] {processor.py:829} INFO - Processing file /home/azfarmustafa/airflow_tutorial/.venv/lib/python3.10/site-packages/airflow/example_dags/example_latest_only.py for tasks to queue
[2023-11-24T10:28:38.250+0800] {logging_mixin.py:154} INFO - [2023-11-24T10:28:38.250+0800] {dagbag.py:536} INFO - Filling up the DagBag from /home/azfarmustafa/airflow_tutorial/.venv/lib/python3.10/site-packages/airflow/example_dags/example_latest_only.py
[2023-11-24T10:28:38.255+0800] {processor.py:839} INFO - DAG(s) dict_keys(['latest_only']) retrieved from /home/azfarmustafa/airflow_tutorial/.venv/lib/python3.10/site-packages/airflow/example_dags/example_latest_only.py
[2023-11-24T10:28:38.275+0800] {logging_mixin.py:154} INFO - [2023-11-24T10:28:38.275+0800] {dag.py:2941} INFO - Sync 1 DAGs
[2023-11-24T10:28:38.296+0800] {logging_mixin.py:154} INFO - [2023-11-24T10:28:38.296+0800] {dag.py:3722} INFO - Setting next_dagrun for latest_only to 2023-11-23T22:28:38.295931+00:00, run_after=2023-11-24T02:28:38.295931+00:00
[2023-11-24T10:28:38.324+0800] {processor.py:179} INFO - Processing /home/azfarmustafa/airflow_tutorial/.venv/lib/python3.10/site-packages/airflow/example_dags/example_latest_only.py took 0.081 seconds
[2023-11-24T10:29:27.232+0800] {processor.py:157} INFO - Started process (PID=58941) to work on /home/azfarmustafa/airflow_tutorial/.venv/lib/python3.10/site-packages/airflow/example_dags/example_latest_only.py
[2023-11-24T10:29:27.233+0800] {processor.py:829} INFO - Processing file /home/azfarmustafa/airflow_tutorial/.venv/lib/python3.10/site-packages/airflow/example_dags/example_latest_only.py for tasks to queue
[2023-11-24T10:29:27.234+0800] {logging_mixin.py:154} INFO - [2023-11-24T10:29:27.233+0800] {dagbag.py:536} INFO - Filling up the DagBag from /home/azfarmustafa/airflow_tutorial/.venv/lib/python3.10/site-packages/airflow/example_dags/example_latest_only.py
[2023-11-24T10:29:27.240+0800] {processor.py:839} INFO - DAG(s) dict_keys(['latest_only']) retrieved from /home/azfarmustafa/airflow_tutorial/.venv/lib/python3.10/site-packages/airflow/example_dags/example_latest_only.py
[2023-11-24T10:29:27.255+0800] {logging_mixin.py:154} INFO - [2023-11-24T10:29:27.255+0800] {dag.py:2941} INFO - Sync 1 DAGs
[2023-11-24T10:29:27.276+0800] {logging_mixin.py:154} INFO - [2023-11-24T10:29:27.276+0800] {dag.py:3722} INFO - Setting next_dagrun for latest_only to 2023-11-23T22:29:27.276066+00:00, run_after=2023-11-24T02:29:27.276066+00:00
[2023-11-24T10:29:27.302+0800] {processor.py:179} INFO - Processing /home/azfarmustafa/airflow_tutorial/.venv/lib/python3.10/site-packages/airflow/example_dags/example_latest_only.py took 0.073 seconds
[2023-11-24T10:30:14.736+0800] {processor.py:157} INFO - Started process (PID=58989) to work on /home/azfarmustafa/airflow_tutorial/.venv/lib/python3.10/site-packages/airflow/example_dags/example_latest_only.py
[2023-11-24T10:30:14.740+0800] {processor.py:829} INFO - Processing file /home/azfarmustafa/airflow_tutorial/.venv/lib/python3.10/site-packages/airflow/example_dags/example_latest_only.py for tasks to queue
[2023-11-24T10:30:14.741+0800] {logging_mixin.py:154} INFO - [2023-11-24T10:30:14.741+0800] {dagbag.py:536} INFO - Filling up the DagBag from /home/azfarmustafa/airflow_tutorial/.venv/lib/python3.10/site-packages/airflow/example_dags/example_latest_only.py
[2023-11-24T10:30:14.746+0800] {processor.py:839} INFO - DAG(s) dict_keys(['latest_only']) retrieved from /home/azfarmustafa/airflow_tutorial/.venv/lib/python3.10/site-packages/airflow/example_dags/example_latest_only.py
[2023-11-24T10:30:14.761+0800] {logging_mixin.py:154} INFO - [2023-11-24T10:30:14.761+0800] {dag.py:2941} INFO - Sync 1 DAGs
[2023-11-24T10:30:14.788+0800] {logging_mixin.py:154} INFO - [2023-11-24T10:30:14.787+0800] {dag.py:3722} INFO - Setting next_dagrun for latest_only to 2023-11-23T22:30:14.787649+00:00, run_after=2023-11-24T02:30:14.787649+00:00
[2023-11-24T10:30:14.815+0800] {processor.py:179} INFO - Processing /home/azfarmustafa/airflow_tutorial/.venv/lib/python3.10/site-packages/airflow/example_dags/example_latest_only.py took 0.082 seconds
[2023-11-24T10:31:01.391+0800] {processor.py:157} INFO - Started process (PID=59037) to work on /home/azfarmustafa/airflow_tutorial/.venv/lib/python3.10/site-packages/airflow/example_dags/example_latest_only.py
[2023-11-24T10:31:01.396+0800] {processor.py:829} INFO - Processing file /home/azfarmustafa/airflow_tutorial/.venv/lib/python3.10/site-packages/airflow/example_dags/example_latest_only.py for tasks to queue
[2023-11-24T10:31:01.396+0800] {logging_mixin.py:154} INFO - [2023-11-24T10:31:01.396+0800] {dagbag.py:536} INFO - Filling up the DagBag from /home/azfarmustafa/airflow_tutorial/.venv/lib/python3.10/site-packages/airflow/example_dags/example_latest_only.py
[2023-11-24T10:31:01.401+0800] {processor.py:839} INFO - DAG(s) dict_keys(['latest_only']) retrieved from /home/azfarmustafa/airflow_tutorial/.venv/lib/python3.10/site-packages/airflow/example_dags/example_latest_only.py
[2023-11-24T10:31:01.417+0800] {logging_mixin.py:154} INFO - [2023-11-24T10:31:01.417+0800] {dag.py:2941} INFO - Sync 1 DAGs
[2023-11-24T10:31:01.437+0800] {logging_mixin.py:154} INFO - [2023-11-24T10:31:01.437+0800] {dag.py:3722} INFO - Setting next_dagrun for latest_only to 2023-11-23T22:31:01.436830+00:00, run_after=2023-11-24T02:31:01.436830+00:00
[2023-11-24T10:31:01.463+0800] {processor.py:179} INFO - Processing /home/azfarmustafa/airflow_tutorial/.venv/lib/python3.10/site-packages/airflow/example_dags/example_latest_only.py took 0.074 seconds
[2023-11-24T10:31:49.419+0800] {processor.py:157} INFO - Started process (PID=59087) to work on /home/azfarmustafa/airflow_tutorial/.venv/lib/python3.10/site-packages/airflow/example_dags/example_latest_only.py
[2023-11-24T10:31:49.421+0800] {processor.py:829} INFO - Processing file /home/azfarmustafa/airflow_tutorial/.venv/lib/python3.10/site-packages/airflow/example_dags/example_latest_only.py for tasks to queue
[2023-11-24T10:31:49.423+0800] {logging_mixin.py:154} INFO - [2023-11-24T10:31:49.422+0800] {dagbag.py:536} INFO - Filling up the DagBag from /home/azfarmustafa/airflow_tutorial/.venv/lib/python3.10/site-packages/airflow/example_dags/example_latest_only.py
[2023-11-24T10:31:49.428+0800] {processor.py:839} INFO - DAG(s) dict_keys(['latest_only']) retrieved from /home/azfarmustafa/airflow_tutorial/.venv/lib/python3.10/site-packages/airflow/example_dags/example_latest_only.py
[2023-11-24T10:31:49.442+0800] {logging_mixin.py:154} INFO - [2023-11-24T10:31:49.442+0800] {dag.py:2941} INFO - Sync 1 DAGs
[2023-11-24T10:31:49.459+0800] {logging_mixin.py:154} INFO - [2023-11-24T10:31:49.459+0800] {dag.py:3722} INFO - Setting next_dagrun for latest_only to 2023-11-23T22:31:49.459543+00:00, run_after=2023-11-24T02:31:49.459543+00:00
[2023-11-24T10:31:49.486+0800] {processor.py:179} INFO - Processing /home/azfarmustafa/airflow_tutorial/.venv/lib/python3.10/site-packages/airflow/example_dags/example_latest_only.py took 0.069 seconds
[2023-11-24T10:32:38.128+0800] {processor.py:157} INFO - Started process (PID=59134) to work on /home/azfarmustafa/airflow_tutorial/.venv/lib/python3.10/site-packages/airflow/example_dags/example_latest_only.py
[2023-11-24T10:32:38.132+0800] {processor.py:829} INFO - Processing file /home/azfarmustafa/airflow_tutorial/.venv/lib/python3.10/site-packages/airflow/example_dags/example_latest_only.py for tasks to queue
[2023-11-24T10:32:38.133+0800] {logging_mixin.py:154} INFO - [2023-11-24T10:32:38.133+0800] {dagbag.py:536} INFO - Filling up the DagBag from /home/azfarmustafa/airflow_tutorial/.venv/lib/python3.10/site-packages/airflow/example_dags/example_latest_only.py
[2023-11-24T10:32:38.139+0800] {processor.py:839} INFO - DAG(s) dict_keys(['latest_only']) retrieved from /home/azfarmustafa/airflow_tutorial/.venv/lib/python3.10/site-packages/airflow/example_dags/example_latest_only.py
[2023-11-24T10:32:38.159+0800] {logging_mixin.py:154} INFO - [2023-11-24T10:32:38.158+0800] {dag.py:2941} INFO - Sync 1 DAGs
[2023-11-24T10:32:38.184+0800] {logging_mixin.py:154} INFO - [2023-11-24T10:32:38.184+0800] {dag.py:3722} INFO - Setting next_dagrun for latest_only to 2023-11-23T22:32:38.184362+00:00, run_after=2023-11-24T02:32:38.184362+00:00
[2023-11-24T10:32:38.211+0800] {processor.py:179} INFO - Processing /home/azfarmustafa/airflow_tutorial/.venv/lib/python3.10/site-packages/airflow/example_dags/example_latest_only.py took 0.086 seconds
[2023-11-24T10:33:27.819+0800] {processor.py:157} INFO - Started process (PID=59184) to work on /home/azfarmustafa/airflow_tutorial/.venv/lib/python3.10/site-packages/airflow/example_dags/example_latest_only.py
[2023-11-24T10:33:27.824+0800] {processor.py:829} INFO - Processing file /home/azfarmustafa/airflow_tutorial/.venv/lib/python3.10/site-packages/airflow/example_dags/example_latest_only.py for tasks to queue
[2023-11-24T10:33:27.825+0800] {logging_mixin.py:154} INFO - [2023-11-24T10:33:27.825+0800] {dagbag.py:536} INFO - Filling up the DagBag from /home/azfarmustafa/airflow_tutorial/.venv/lib/python3.10/site-packages/airflow/example_dags/example_latest_only.py
[2023-11-24T10:33:27.831+0800] {processor.py:839} INFO - DAG(s) dict_keys(['latest_only']) retrieved from /home/azfarmustafa/airflow_tutorial/.venv/lib/python3.10/site-packages/airflow/example_dags/example_latest_only.py
[2023-11-24T10:33:27.846+0800] {logging_mixin.py:154} INFO - [2023-11-24T10:33:27.846+0800] {dag.py:2941} INFO - Sync 1 DAGs
[2023-11-24T10:33:27.868+0800] {logging_mixin.py:154} INFO - [2023-11-24T10:33:27.868+0800] {dag.py:3722} INFO - Setting next_dagrun for latest_only to 2023-11-23T22:33:27.868246+00:00, run_after=2023-11-24T02:33:27.868246+00:00
[2023-11-24T10:33:27.941+0800] {processor.py:179} INFO - Processing /home/azfarmustafa/airflow_tutorial/.venv/lib/python3.10/site-packages/airflow/example_dags/example_latest_only.py took 0.134 seconds
[2023-11-24T10:34:21.294+0800] {processor.py:157} INFO - Started process (PID=59236) to work on /home/azfarmustafa/airflow_tutorial/.venv/lib/python3.10/site-packages/airflow/example_dags/example_latest_only.py
[2023-11-24T10:34:21.299+0800] {processor.py:829} INFO - Processing file /home/azfarmustafa/airflow_tutorial/.venv/lib/python3.10/site-packages/airflow/example_dags/example_latest_only.py for tasks to queue
[2023-11-24T10:34:21.300+0800] {logging_mixin.py:154} INFO - [2023-11-24T10:34:21.299+0800] {dagbag.py:536} INFO - Filling up the DagBag from /home/azfarmustafa/airflow_tutorial/.venv/lib/python3.10/site-packages/airflow/example_dags/example_latest_only.py
[2023-11-24T10:34:21.307+0800] {processor.py:839} INFO - DAG(s) dict_keys(['latest_only']) retrieved from /home/azfarmustafa/airflow_tutorial/.venv/lib/python3.10/site-packages/airflow/example_dags/example_latest_only.py
[2023-11-24T10:34:21.323+0800] {logging_mixin.py:154} INFO - [2023-11-24T10:34:21.323+0800] {dag.py:2941} INFO - Sync 1 DAGs
[2023-11-24T10:34:21.341+0800] {logging_mixin.py:154} INFO - [2023-11-24T10:34:21.341+0800] {dag.py:3722} INFO - Setting next_dagrun for latest_only to 2023-11-23T22:34:21.341480+00:00, run_after=2023-11-24T02:34:21.341480+00:00
[2023-11-24T10:34:21.368+0800] {processor.py:179} INFO - Processing /home/azfarmustafa/airflow_tutorial/.venv/lib/python3.10/site-packages/airflow/example_dags/example_latest_only.py took 0.077 seconds
[2023-11-24T10:35:21.923+0800] {processor.py:157} INFO - Started process (PID=59304) to work on /home/azfarmustafa/airflow_tutorial/.venv/lib/python3.10/site-packages/airflow/example_dags/example_latest_only.py
[2023-11-24T10:35:21.925+0800] {processor.py:829} INFO - Processing file /home/azfarmustafa/airflow_tutorial/.venv/lib/python3.10/site-packages/airflow/example_dags/example_latest_only.py for tasks to queue
[2023-11-24T10:35:21.925+0800] {logging_mixin.py:154} INFO - [2023-11-24T10:35:21.925+0800] {dagbag.py:536} INFO - Filling up the DagBag from /home/azfarmustafa/airflow_tutorial/.venv/lib/python3.10/site-packages/airflow/example_dags/example_latest_only.py
[2023-11-24T10:35:21.930+0800] {processor.py:839} INFO - DAG(s) dict_keys(['latest_only']) retrieved from /home/azfarmustafa/airflow_tutorial/.venv/lib/python3.10/site-packages/airflow/example_dags/example_latest_only.py
[2023-11-24T10:35:21.945+0800] {logging_mixin.py:154} INFO - [2023-11-24T10:35:21.945+0800] {dag.py:2941} INFO - Sync 1 DAGs
[2023-11-24T10:35:21.967+0800] {logging_mixin.py:154} INFO - [2023-11-24T10:35:21.967+0800] {dag.py:3722} INFO - Setting next_dagrun for latest_only to 2023-11-23T22:35:21.966857+00:00, run_after=2023-11-24T02:35:21.966857+00:00
[2023-11-24T10:35:21.998+0800] {processor.py:179} INFO - Processing /home/azfarmustafa/airflow_tutorial/.venv/lib/python3.10/site-packages/airflow/example_dags/example_latest_only.py took 0.080 seconds
[2023-11-24T10:36:04.166+0800] {processor.py:157} INFO - Started process (PID=59350) to work on /home/azfarmustafa/airflow_tutorial/.venv/lib/python3.10/site-packages/airflow/example_dags/example_latest_only.py
[2023-11-24T10:36:04.169+0800] {processor.py:829} INFO - Processing file /home/azfarmustafa/airflow_tutorial/.venv/lib/python3.10/site-packages/airflow/example_dags/example_latest_only.py for tasks to queue
[2023-11-24T10:36:04.170+0800] {logging_mixin.py:154} INFO - [2023-11-24T10:36:04.169+0800] {dagbag.py:536} INFO - Filling up the DagBag from /home/azfarmustafa/airflow_tutorial/.venv/lib/python3.10/site-packages/airflow/example_dags/example_latest_only.py
[2023-11-24T10:36:04.177+0800] {processor.py:839} INFO - DAG(s) dict_keys(['latest_only']) retrieved from /home/azfarmustafa/airflow_tutorial/.venv/lib/python3.10/site-packages/airflow/example_dags/example_latest_only.py
[2023-11-24T10:36:04.191+0800] {logging_mixin.py:154} INFO - [2023-11-24T10:36:04.191+0800] {dag.py:2941} INFO - Sync 1 DAGs
[2023-11-24T10:36:04.209+0800] {logging_mixin.py:154} INFO - [2023-11-24T10:36:04.209+0800] {dag.py:3722} INFO - Setting next_dagrun for latest_only to 2023-11-23T22:36:04.209115+00:00, run_after=2023-11-24T02:36:04.209115+00:00
[2023-11-24T10:36:04.237+0800] {processor.py:179} INFO - Processing /home/azfarmustafa/airflow_tutorial/.venv/lib/python3.10/site-packages/airflow/example_dags/example_latest_only.py took 0.074 seconds
[2023-11-24T10:37:00.945+0800] {processor.py:157} INFO - Started process (PID=59408) to work on /home/azfarmustafa/airflow_tutorial/.venv/lib/python3.10/site-packages/airflow/example_dags/example_latest_only.py
[2023-11-24T10:37:00.950+0800] {processor.py:829} INFO - Processing file /home/azfarmustafa/airflow_tutorial/.venv/lib/python3.10/site-packages/airflow/example_dags/example_latest_only.py for tasks to queue
[2023-11-24T10:37:00.952+0800] {logging_mixin.py:154} INFO - [2023-11-24T10:37:00.951+0800] {dagbag.py:536} INFO - Filling up the DagBag from /home/azfarmustafa/airflow_tutorial/.venv/lib/python3.10/site-packages/airflow/example_dags/example_latest_only.py
[2023-11-24T10:37:00.957+0800] {processor.py:839} INFO - DAG(s) dict_keys(['latest_only']) retrieved from /home/azfarmustafa/airflow_tutorial/.venv/lib/python3.10/site-packages/airflow/example_dags/example_latest_only.py
[2023-11-24T10:37:00.971+0800] {logging_mixin.py:154} INFO - [2023-11-24T10:37:00.971+0800] {dag.py:2941} INFO - Sync 1 DAGs
[2023-11-24T10:37:00.992+0800] {logging_mixin.py:154} INFO - [2023-11-24T10:37:00.992+0800] {dag.py:3722} INFO - Setting next_dagrun for latest_only to 2023-11-23T22:37:00.992312+00:00, run_after=2023-11-24T02:37:00.992312+00:00
[2023-11-24T10:37:01.020+0800] {processor.py:179} INFO - Processing /home/azfarmustafa/airflow_tutorial/.venv/lib/python3.10/site-packages/airflow/example_dags/example_latest_only.py took 0.077 seconds
[2023-11-24T10:37:46.202+0800] {processor.py:157} INFO - Started process (PID=59455) to work on /home/azfarmustafa/airflow_tutorial/.venv/lib/python3.10/site-packages/airflow/example_dags/example_latest_only.py
[2023-11-24T10:37:46.204+0800] {processor.py:829} INFO - Processing file /home/azfarmustafa/airflow_tutorial/.venv/lib/python3.10/site-packages/airflow/example_dags/example_latest_only.py for tasks to queue
[2023-11-24T10:37:46.205+0800] {logging_mixin.py:154} INFO - [2023-11-24T10:37:46.205+0800] {dagbag.py:536} INFO - Filling up the DagBag from /home/azfarmustafa/airflow_tutorial/.venv/lib/python3.10/site-packages/airflow/example_dags/example_latest_only.py
[2023-11-24T10:37:46.211+0800] {processor.py:839} INFO - DAG(s) dict_keys(['latest_only']) retrieved from /home/azfarmustafa/airflow_tutorial/.venv/lib/python3.10/site-packages/airflow/example_dags/example_latest_only.py
[2023-11-24T10:37:46.233+0800] {logging_mixin.py:154} INFO - [2023-11-24T10:37:46.233+0800] {dag.py:2941} INFO - Sync 1 DAGs
[2023-11-24T10:37:46.252+0800] {logging_mixin.py:154} INFO - [2023-11-24T10:37:46.252+0800] {dag.py:3722} INFO - Setting next_dagrun for latest_only to 2023-11-23T22:37:46.252126+00:00, run_after=2023-11-24T02:37:46.252126+00:00
[2023-11-24T10:37:46.274+0800] {processor.py:179} INFO - Processing /home/azfarmustafa/airflow_tutorial/.venv/lib/python3.10/site-packages/airflow/example_dags/example_latest_only.py took 0.075 seconds
[2023-11-24T10:38:34.426+0800] {processor.py:157} INFO - Started process (PID=59504) to work on /home/azfarmustafa/airflow_tutorial/.venv/lib/python3.10/site-packages/airflow/example_dags/example_latest_only.py
[2023-11-24T10:38:34.430+0800] {processor.py:829} INFO - Processing file /home/azfarmustafa/airflow_tutorial/.venv/lib/python3.10/site-packages/airflow/example_dags/example_latest_only.py for tasks to queue
[2023-11-24T10:38:34.431+0800] {logging_mixin.py:154} INFO - [2023-11-24T10:38:34.430+0800] {dagbag.py:536} INFO - Filling up the DagBag from /home/azfarmustafa/airflow_tutorial/.venv/lib/python3.10/site-packages/airflow/example_dags/example_latest_only.py
[2023-11-24T10:38:34.435+0800] {processor.py:839} INFO - DAG(s) dict_keys(['latest_only']) retrieved from /home/azfarmustafa/airflow_tutorial/.venv/lib/python3.10/site-packages/airflow/example_dags/example_latest_only.py
[2023-11-24T10:38:34.458+0800] {logging_mixin.py:154} INFO - [2023-11-24T10:38:34.458+0800] {dag.py:2941} INFO - Sync 1 DAGs
[2023-11-24T10:38:34.475+0800] {logging_mixin.py:154} INFO - [2023-11-24T10:38:34.474+0800] {dag.py:3722} INFO - Setting next_dagrun for latest_only to 2023-11-23T22:38:34.474561+00:00, run_after=2023-11-24T02:38:34.474561+00:00
[2023-11-24T10:38:34.499+0800] {processor.py:179} INFO - Processing /home/azfarmustafa/airflow_tutorial/.venv/lib/python3.10/site-packages/airflow/example_dags/example_latest_only.py took 0.077 seconds
[2023-11-24T10:39:23.662+0800] {processor.py:157} INFO - Started process (PID=59553) to work on /home/azfarmustafa/airflow_tutorial/.venv/lib/python3.10/site-packages/airflow/example_dags/example_latest_only.py
[2023-11-24T10:39:23.666+0800] {processor.py:829} INFO - Processing file /home/azfarmustafa/airflow_tutorial/.venv/lib/python3.10/site-packages/airflow/example_dags/example_latest_only.py for tasks to queue
[2023-11-24T10:39:23.667+0800] {logging_mixin.py:154} INFO - [2023-11-24T10:39:23.667+0800] {dagbag.py:536} INFO - Filling up the DagBag from /home/azfarmustafa/airflow_tutorial/.venv/lib/python3.10/site-packages/airflow/example_dags/example_latest_only.py
[2023-11-24T10:39:23.672+0800] {processor.py:839} INFO - DAG(s) dict_keys(['latest_only']) retrieved from /home/azfarmustafa/airflow_tutorial/.venv/lib/python3.10/site-packages/airflow/example_dags/example_latest_only.py
[2023-11-24T10:39:23.687+0800] {logging_mixin.py:154} INFO - [2023-11-24T10:39:23.686+0800] {dag.py:2941} INFO - Sync 1 DAGs
[2023-11-24T10:39:23.704+0800] {logging_mixin.py:154} INFO - [2023-11-24T10:39:23.704+0800] {dag.py:3722} INFO - Setting next_dagrun for latest_only to 2023-11-23T22:39:23.704329+00:00, run_after=2023-11-24T02:39:23.704329+00:00
[2023-11-24T10:39:23.728+0800] {processor.py:179} INFO - Processing /home/azfarmustafa/airflow_tutorial/.venv/lib/python3.10/site-packages/airflow/example_dags/example_latest_only.py took 0.069 seconds
[2023-11-24T10:40:16.107+0800] {processor.py:157} INFO - Started process (PID=59605) to work on /home/azfarmustafa/airflow_tutorial/.venv/lib/python3.10/site-packages/airflow/example_dags/example_latest_only.py
[2023-11-24T10:40:16.111+0800] {processor.py:829} INFO - Processing file /home/azfarmustafa/airflow_tutorial/.venv/lib/python3.10/site-packages/airflow/example_dags/example_latest_only.py for tasks to queue
[2023-11-24T10:40:16.112+0800] {logging_mixin.py:154} INFO - [2023-11-24T10:40:16.112+0800] {dagbag.py:536} INFO - Filling up the DagBag from /home/azfarmustafa/airflow_tutorial/.venv/lib/python3.10/site-packages/airflow/example_dags/example_latest_only.py
[2023-11-24T10:40:16.116+0800] {processor.py:839} INFO - DAG(s) dict_keys(['latest_only']) retrieved from /home/azfarmustafa/airflow_tutorial/.venv/lib/python3.10/site-packages/airflow/example_dags/example_latest_only.py
[2023-11-24T10:40:16.135+0800] {logging_mixin.py:154} INFO - [2023-11-24T10:40:16.135+0800] {dag.py:2941} INFO - Sync 1 DAGs
[2023-11-24T10:40:16.158+0800] {logging_mixin.py:154} INFO - [2023-11-24T10:40:16.158+0800] {dag.py:3722} INFO - Setting next_dagrun for latest_only to 2023-11-23T22:40:16.158184+00:00, run_after=2023-11-24T02:40:16.158184+00:00
[2023-11-24T10:40:16.183+0800] {processor.py:179} INFO - Processing /home/azfarmustafa/airflow_tutorial/.venv/lib/python3.10/site-packages/airflow/example_dags/example_latest_only.py took 0.079 seconds
[2023-11-24T10:41:15.142+0800] {processor.py:157} INFO - Started process (PID=59671) to work on /home/azfarmustafa/airflow_tutorial/.venv/lib/python3.10/site-packages/airflow/example_dags/example_latest_only.py
[2023-11-24T10:41:15.147+0800] {processor.py:829} INFO - Processing file /home/azfarmustafa/airflow_tutorial/.venv/lib/python3.10/site-packages/airflow/example_dags/example_latest_only.py for tasks to queue
[2023-11-24T10:41:15.148+0800] {logging_mixin.py:154} INFO - [2023-11-24T10:41:15.147+0800] {dagbag.py:536} INFO - Filling up the DagBag from /home/azfarmustafa/airflow_tutorial/.venv/lib/python3.10/site-packages/airflow/example_dags/example_latest_only.py
[2023-11-24T10:41:15.156+0800] {processor.py:839} INFO - DAG(s) dict_keys(['latest_only']) retrieved from /home/azfarmustafa/airflow_tutorial/.venv/lib/python3.10/site-packages/airflow/example_dags/example_latest_only.py
[2023-11-24T10:41:15.171+0800] {logging_mixin.py:154} INFO - [2023-11-24T10:41:15.171+0800] {dag.py:2941} INFO - Sync 1 DAGs
[2023-11-24T10:41:15.192+0800] {logging_mixin.py:154} INFO - [2023-11-24T10:41:15.191+0800] {dag.py:3722} INFO - Setting next_dagrun for latest_only to 2023-11-23T22:41:15.191724+00:00, run_after=2023-11-24T02:41:15.191724+00:00
[2023-11-24T10:41:15.217+0800] {processor.py:179} INFO - Processing /home/azfarmustafa/airflow_tutorial/.venv/lib/python3.10/site-packages/airflow/example_dags/example_latest_only.py took 0.077 seconds
[2023-11-24T10:42:04.327+0800] {processor.py:157} INFO - Started process (PID=59721) to work on /home/azfarmustafa/airflow_tutorial/.venv/lib/python3.10/site-packages/airflow/example_dags/example_latest_only.py
[2023-11-24T10:42:04.331+0800] {processor.py:829} INFO - Processing file /home/azfarmustafa/airflow_tutorial/.venv/lib/python3.10/site-packages/airflow/example_dags/example_latest_only.py for tasks to queue
[2023-11-24T10:42:04.332+0800] {logging_mixin.py:154} INFO - [2023-11-24T10:42:04.332+0800] {dagbag.py:536} INFO - Filling up the DagBag from /home/azfarmustafa/airflow_tutorial/.venv/lib/python3.10/site-packages/airflow/example_dags/example_latest_only.py
[2023-11-24T10:42:04.337+0800] {processor.py:839} INFO - DAG(s) dict_keys(['latest_only']) retrieved from /home/azfarmustafa/airflow_tutorial/.venv/lib/python3.10/site-packages/airflow/example_dags/example_latest_only.py
[2023-11-24T10:42:04.350+0800] {logging_mixin.py:154} INFO - [2023-11-24T10:42:04.350+0800] {dag.py:2941} INFO - Sync 1 DAGs
[2023-11-24T10:42:04.368+0800] {logging_mixin.py:154} INFO - [2023-11-24T10:42:04.367+0800] {dag.py:3722} INFO - Setting next_dagrun for latest_only to 2023-11-23T22:42:04.367439+00:00, run_after=2023-11-24T02:42:04.367439+00:00
[2023-11-24T10:42:04.391+0800] {processor.py:179} INFO - Processing /home/azfarmustafa/airflow_tutorial/.venv/lib/python3.10/site-packages/airflow/example_dags/example_latest_only.py took 0.067 seconds
[2023-11-24T10:42:50.587+0800] {processor.py:157} INFO - Started process (PID=59767) to work on /home/azfarmustafa/airflow_tutorial/.venv/lib/python3.10/site-packages/airflow/example_dags/example_latest_only.py
[2023-11-24T10:42:50.593+0800] {processor.py:829} INFO - Processing file /home/azfarmustafa/airflow_tutorial/.venv/lib/python3.10/site-packages/airflow/example_dags/example_latest_only.py for tasks to queue
[2023-11-24T10:42:50.594+0800] {logging_mixin.py:154} INFO - [2023-11-24T10:42:50.594+0800] {dagbag.py:536} INFO - Filling up the DagBag from /home/azfarmustafa/airflow_tutorial/.venv/lib/python3.10/site-packages/airflow/example_dags/example_latest_only.py
[2023-11-24T10:42:50.599+0800] {processor.py:839} INFO - DAG(s) dict_keys(['latest_only']) retrieved from /home/azfarmustafa/airflow_tutorial/.venv/lib/python3.10/site-packages/airflow/example_dags/example_latest_only.py
[2023-11-24T10:42:50.615+0800] {logging_mixin.py:154} INFO - [2023-11-24T10:42:50.614+0800] {dag.py:2941} INFO - Sync 1 DAGs
[2023-11-24T10:42:50.637+0800] {logging_mixin.py:154} INFO - [2023-11-24T10:42:50.636+0800] {dag.py:3722} INFO - Setting next_dagrun for latest_only to 2023-11-23T22:42:50.636440+00:00, run_after=2023-11-24T02:42:50.636440+00:00
[2023-11-24T10:42:50.666+0800] {processor.py:179} INFO - Processing /home/azfarmustafa/airflow_tutorial/.venv/lib/python3.10/site-packages/airflow/example_dags/example_latest_only.py took 0.082 seconds
[2023-11-24T10:43:37.442+0800] {processor.py:157} INFO - Started process (PID=59816) to work on /home/azfarmustafa/airflow_tutorial/.venv/lib/python3.10/site-packages/airflow/example_dags/example_latest_only.py
[2023-11-24T10:43:37.447+0800] {processor.py:829} INFO - Processing file /home/azfarmustafa/airflow_tutorial/.venv/lib/python3.10/site-packages/airflow/example_dags/example_latest_only.py for tasks to queue
[2023-11-24T10:43:37.447+0800] {logging_mixin.py:154} INFO - [2023-11-24T10:43:37.447+0800] {dagbag.py:536} INFO - Filling up the DagBag from /home/azfarmustafa/airflow_tutorial/.venv/lib/python3.10/site-packages/airflow/example_dags/example_latest_only.py
[2023-11-24T10:43:37.452+0800] {processor.py:839} INFO - DAG(s) dict_keys(['latest_only']) retrieved from /home/azfarmustafa/airflow_tutorial/.venv/lib/python3.10/site-packages/airflow/example_dags/example_latest_only.py
[2023-11-24T10:43:37.468+0800] {logging_mixin.py:154} INFO - [2023-11-24T10:43:37.468+0800] {dag.py:2941} INFO - Sync 1 DAGs
[2023-11-24T10:43:37.486+0800] {logging_mixin.py:154} INFO - [2023-11-24T10:43:37.485+0800] {dag.py:3722} INFO - Setting next_dagrun for latest_only to 2023-11-23T22:43:37.485656+00:00, run_after=2023-11-24T02:43:37.485656+00:00
[2023-11-24T10:43:37.510+0800] {processor.py:179} INFO - Processing /home/azfarmustafa/airflow_tutorial/.venv/lib/python3.10/site-packages/airflow/example_dags/example_latest_only.py took 0.070 seconds
[2023-11-24T10:44:25.945+0800] {processor.py:157} INFO - Started process (PID=59864) to work on /home/azfarmustafa/airflow_tutorial/.venv/lib/python3.10/site-packages/airflow/example_dags/example_latest_only.py
[2023-11-24T10:44:25.950+0800] {processor.py:829} INFO - Processing file /home/azfarmustafa/airflow_tutorial/.venv/lib/python3.10/site-packages/airflow/example_dags/example_latest_only.py for tasks to queue
[2023-11-24T10:44:25.951+0800] {logging_mixin.py:154} INFO - [2023-11-24T10:44:25.950+0800] {dagbag.py:536} INFO - Filling up the DagBag from /home/azfarmustafa/airflow_tutorial/.venv/lib/python3.10/site-packages/airflow/example_dags/example_latest_only.py
[2023-11-24T10:44:25.956+0800] {processor.py:839} INFO - DAG(s) dict_keys(['latest_only']) retrieved from /home/azfarmustafa/airflow_tutorial/.venv/lib/python3.10/site-packages/airflow/example_dags/example_latest_only.py
[2023-11-24T10:44:25.969+0800] {logging_mixin.py:154} INFO - [2023-11-24T10:44:25.969+0800] {dag.py:2941} INFO - Sync 1 DAGs
[2023-11-24T10:44:25.990+0800] {logging_mixin.py:154} INFO - [2023-11-24T10:44:25.990+0800] {dag.py:3722} INFO - Setting next_dagrun for latest_only to 2023-11-23T22:44:25.989796+00:00, run_after=2023-11-24T02:44:25.989796+00:00
[2023-11-24T10:44:26.015+0800] {processor.py:179} INFO - Processing /home/azfarmustafa/airflow_tutorial/.venv/lib/python3.10/site-packages/airflow/example_dags/example_latest_only.py took 0.073 seconds
[2023-11-24T10:45:14.260+0800] {processor.py:157} INFO - Started process (PID=59913) to work on /home/azfarmustafa/airflow_tutorial/.venv/lib/python3.10/site-packages/airflow/example_dags/example_latest_only.py
[2023-11-24T10:45:14.265+0800] {processor.py:829} INFO - Processing file /home/azfarmustafa/airflow_tutorial/.venv/lib/python3.10/site-packages/airflow/example_dags/example_latest_only.py for tasks to queue
[2023-11-24T10:45:14.267+0800] {logging_mixin.py:154} INFO - [2023-11-24T10:45:14.266+0800] {dagbag.py:536} INFO - Filling up the DagBag from /home/azfarmustafa/airflow_tutorial/.venv/lib/python3.10/site-packages/airflow/example_dags/example_latest_only.py
[2023-11-24T10:45:14.272+0800] {processor.py:839} INFO - DAG(s) dict_keys(['latest_only']) retrieved from /home/azfarmustafa/airflow_tutorial/.venv/lib/python3.10/site-packages/airflow/example_dags/example_latest_only.py
[2023-11-24T10:45:14.287+0800] {logging_mixin.py:154} INFO - [2023-11-24T10:45:14.286+0800] {dag.py:2941} INFO - Sync 1 DAGs
[2023-11-24T10:45:14.307+0800] {logging_mixin.py:154} INFO - [2023-11-24T10:45:14.307+0800] {dag.py:3722} INFO - Setting next_dagrun for latest_only to 2023-11-23T22:45:14.307222+00:00, run_after=2023-11-24T02:45:14.307222+00:00
[2023-11-24T10:45:14.333+0800] {processor.py:179} INFO - Processing /home/azfarmustafa/airflow_tutorial/.venv/lib/python3.10/site-packages/airflow/example_dags/example_latest_only.py took 0.075 seconds
[2023-11-24T10:46:01.313+0800] {processor.py:157} INFO - Started process (PID=59961) to work on /home/azfarmustafa/airflow_tutorial/.venv/lib/python3.10/site-packages/airflow/example_dags/example_latest_only.py
[2023-11-24T10:46:01.317+0800] {processor.py:829} INFO - Processing file /home/azfarmustafa/airflow_tutorial/.venv/lib/python3.10/site-packages/airflow/example_dags/example_latest_only.py for tasks to queue
[2023-11-24T10:46:01.318+0800] {logging_mixin.py:154} INFO - [2023-11-24T10:46:01.318+0800] {dagbag.py:536} INFO - Filling up the DagBag from /home/azfarmustafa/airflow_tutorial/.venv/lib/python3.10/site-packages/airflow/example_dags/example_latest_only.py
[2023-11-24T10:46:01.322+0800] {processor.py:839} INFO - DAG(s) dict_keys(['latest_only']) retrieved from /home/azfarmustafa/airflow_tutorial/.venv/lib/python3.10/site-packages/airflow/example_dags/example_latest_only.py
[2023-11-24T10:46:01.338+0800] {logging_mixin.py:154} INFO - [2023-11-24T10:46:01.338+0800] {dag.py:2941} INFO - Sync 1 DAGs
[2023-11-24T10:46:01.356+0800] {logging_mixin.py:154} INFO - [2023-11-24T10:46:01.355+0800] {dag.py:3722} INFO - Setting next_dagrun for latest_only to 2023-11-23T22:46:01.355535+00:00, run_after=2023-11-24T02:46:01.355535+00:00
[2023-11-24T10:46:01.381+0800] {processor.py:179} INFO - Processing /home/azfarmustafa/airflow_tutorial/.venv/lib/python3.10/site-packages/airflow/example_dags/example_latest_only.py took 0.071 seconds
[2023-11-24T10:46:46.775+0800] {processor.py:157} INFO - Started process (PID=60007) to work on /home/azfarmustafa/airflow_tutorial/.venv/lib/python3.10/site-packages/airflow/example_dags/example_latest_only.py
[2023-11-24T10:46:46.777+0800] {processor.py:829} INFO - Processing file /home/azfarmustafa/airflow_tutorial/.venv/lib/python3.10/site-packages/airflow/example_dags/example_latest_only.py for tasks to queue
[2023-11-24T10:46:46.777+0800] {logging_mixin.py:154} INFO - [2023-11-24T10:46:46.777+0800] {dagbag.py:536} INFO - Filling up the DagBag from /home/azfarmustafa/airflow_tutorial/.venv/lib/python3.10/site-packages/airflow/example_dags/example_latest_only.py
[2023-11-24T10:46:46.783+0800] {processor.py:839} INFO - DAG(s) dict_keys(['latest_only']) retrieved from /home/azfarmustafa/airflow_tutorial/.venv/lib/python3.10/site-packages/airflow/example_dags/example_latest_only.py
[2023-11-24T10:46:46.797+0800] {logging_mixin.py:154} INFO - [2023-11-24T10:46:46.797+0800] {dag.py:2941} INFO - Sync 1 DAGs
[2023-11-24T10:46:46.818+0800] {logging_mixin.py:154} INFO - [2023-11-24T10:46:46.818+0800] {dag.py:3722} INFO - Setting next_dagrun for latest_only to 2023-11-23T22:46:46.818102+00:00, run_after=2023-11-24T02:46:46.818102+00:00
[2023-11-24T10:46:46.841+0800] {processor.py:179} INFO - Processing /home/azfarmustafa/airflow_tutorial/.venv/lib/python3.10/site-packages/airflow/example_dags/example_latest_only.py took 0.068 seconds
[2023-11-24T10:47:31.137+0800] {processor.py:157} INFO - Started process (PID=60060) to work on /home/azfarmustafa/airflow_tutorial/.venv/lib/python3.10/site-packages/airflow/example_dags/example_latest_only.py
[2023-11-24T10:47:31.142+0800] {processor.py:829} INFO - Processing file /home/azfarmustafa/airflow_tutorial/.venv/lib/python3.10/site-packages/airflow/example_dags/example_latest_only.py for tasks to queue
[2023-11-24T10:47:31.143+0800] {logging_mixin.py:154} INFO - [2023-11-24T10:47:31.143+0800] {dagbag.py:536} INFO - Filling up the DagBag from /home/azfarmustafa/airflow_tutorial/.venv/lib/python3.10/site-packages/airflow/example_dags/example_latest_only.py
[2023-11-24T10:47:31.150+0800] {processor.py:839} INFO - DAG(s) dict_keys(['latest_only']) retrieved from /home/azfarmustafa/airflow_tutorial/.venv/lib/python3.10/site-packages/airflow/example_dags/example_latest_only.py
[2023-11-24T10:47:31.167+0800] {logging_mixin.py:154} INFO - [2023-11-24T10:47:31.167+0800] {dag.py:2941} INFO - Sync 1 DAGs
[2023-11-24T10:47:31.187+0800] {logging_mixin.py:154} INFO - [2023-11-24T10:47:31.187+0800] {dag.py:3722} INFO - Setting next_dagrun for latest_only to 2023-11-23T22:47:31.187324+00:00, run_after=2023-11-24T02:47:31.187324+00:00
[2023-11-24T10:47:31.213+0800] {processor.py:179} INFO - Processing /home/azfarmustafa/airflow_tutorial/.venv/lib/python3.10/site-packages/airflow/example_dags/example_latest_only.py took 0.083 seconds
[2023-11-24T10:48:16.892+0800] {processor.py:157} INFO - Started process (PID=60106) to work on /home/azfarmustafa/airflow_tutorial/.venv/lib/python3.10/site-packages/airflow/example_dags/example_latest_only.py
[2023-11-24T10:48:16.893+0800] {processor.py:829} INFO - Processing file /home/azfarmustafa/airflow_tutorial/.venv/lib/python3.10/site-packages/airflow/example_dags/example_latest_only.py for tasks to queue
[2023-11-24T10:48:16.894+0800] {logging_mixin.py:154} INFO - [2023-11-24T10:48:16.893+0800] {dagbag.py:536} INFO - Filling up the DagBag from /home/azfarmustafa/airflow_tutorial/.venv/lib/python3.10/site-packages/airflow/example_dags/example_latest_only.py
[2023-11-24T10:48:16.899+0800] {processor.py:839} INFO - DAG(s) dict_keys(['latest_only']) retrieved from /home/azfarmustafa/airflow_tutorial/.venv/lib/python3.10/site-packages/airflow/example_dags/example_latest_only.py
[2023-11-24T10:48:16.912+0800] {logging_mixin.py:154} INFO - [2023-11-24T10:48:16.912+0800] {dag.py:2941} INFO - Sync 1 DAGs
[2023-11-24T10:48:16.929+0800] {logging_mixin.py:154} INFO - [2023-11-24T10:48:16.929+0800] {dag.py:3722} INFO - Setting next_dagrun for latest_only to 2023-11-23T22:48:16.929400+00:00, run_after=2023-11-24T02:48:16.929400+00:00
[2023-11-24T10:48:16.953+0800] {processor.py:179} INFO - Processing /home/azfarmustafa/airflow_tutorial/.venv/lib/python3.10/site-packages/airflow/example_dags/example_latest_only.py took 0.064 seconds
[2023-11-24T10:49:04.441+0800] {processor.py:157} INFO - Started process (PID=60153) to work on /home/azfarmustafa/airflow_tutorial/.venv/lib/python3.10/site-packages/airflow/example_dags/example_latest_only.py
[2023-11-24T10:49:04.445+0800] {processor.py:829} INFO - Processing file /home/azfarmustafa/airflow_tutorial/.venv/lib/python3.10/site-packages/airflow/example_dags/example_latest_only.py for tasks to queue
[2023-11-24T10:49:04.446+0800] {logging_mixin.py:154} INFO - [2023-11-24T10:49:04.446+0800] {dagbag.py:536} INFO - Filling up the DagBag from /home/azfarmustafa/airflow_tutorial/.venv/lib/python3.10/site-packages/airflow/example_dags/example_latest_only.py
[2023-11-24T10:49:04.452+0800] {processor.py:839} INFO - DAG(s) dict_keys(['latest_only']) retrieved from /home/azfarmustafa/airflow_tutorial/.venv/lib/python3.10/site-packages/airflow/example_dags/example_latest_only.py
[2023-11-24T10:49:04.468+0800] {logging_mixin.py:154} INFO - [2023-11-24T10:49:04.467+0800] {dag.py:2941} INFO - Sync 1 DAGs
[2023-11-24T10:49:04.486+0800] {logging_mixin.py:154} INFO - [2023-11-24T10:49:04.485+0800] {dag.py:3722} INFO - Setting next_dagrun for latest_only to 2023-11-23T22:49:04.485613+00:00, run_after=2023-11-24T02:49:04.485613+00:00
[2023-11-24T10:49:04.512+0800] {processor.py:179} INFO - Processing /home/azfarmustafa/airflow_tutorial/.venv/lib/python3.10/site-packages/airflow/example_dags/example_latest_only.py took 0.074 seconds
[2023-11-24T10:49:52.829+0800] {processor.py:157} INFO - Started process (PID=60203) to work on /home/azfarmustafa/airflow_tutorial/.venv/lib/python3.10/site-packages/airflow/example_dags/example_latest_only.py
[2023-11-24T10:49:52.833+0800] {processor.py:829} INFO - Processing file /home/azfarmustafa/airflow_tutorial/.venv/lib/python3.10/site-packages/airflow/example_dags/example_latest_only.py for tasks to queue
[2023-11-24T10:49:52.834+0800] {logging_mixin.py:154} INFO - [2023-11-24T10:49:52.833+0800] {dagbag.py:536} INFO - Filling up the DagBag from /home/azfarmustafa/airflow_tutorial/.venv/lib/python3.10/site-packages/airflow/example_dags/example_latest_only.py
[2023-11-24T10:49:52.838+0800] {processor.py:839} INFO - DAG(s) dict_keys(['latest_only']) retrieved from /home/azfarmustafa/airflow_tutorial/.venv/lib/python3.10/site-packages/airflow/example_dags/example_latest_only.py
[2023-11-24T10:49:52.852+0800] {logging_mixin.py:154} INFO - [2023-11-24T10:49:52.852+0800] {dag.py:2941} INFO - Sync 1 DAGs
[2023-11-24T10:49:52.869+0800] {logging_mixin.py:154} INFO - [2023-11-24T10:49:52.869+0800] {dag.py:3722} INFO - Setting next_dagrun for latest_only to 2023-11-23T22:49:52.869432+00:00, run_after=2023-11-24T02:49:52.869432+00:00
[2023-11-24T10:49:52.892+0800] {processor.py:179} INFO - Processing /home/azfarmustafa/airflow_tutorial/.venv/lib/python3.10/site-packages/airflow/example_dags/example_latest_only.py took 0.066 seconds
[2023-11-24T10:50:38.644+0800] {processor.py:157} INFO - Started process (PID=60250) to work on /home/azfarmustafa/airflow_tutorial/.venv/lib/python3.10/site-packages/airflow/example_dags/example_latest_only.py
[2023-11-24T10:50:38.648+0800] {processor.py:829} INFO - Processing file /home/azfarmustafa/airflow_tutorial/.venv/lib/python3.10/site-packages/airflow/example_dags/example_latest_only.py for tasks to queue
[2023-11-24T10:50:38.650+0800] {logging_mixin.py:154} INFO - [2023-11-24T10:50:38.649+0800] {dagbag.py:536} INFO - Filling up the DagBag from /home/azfarmustafa/airflow_tutorial/.venv/lib/python3.10/site-packages/airflow/example_dags/example_latest_only.py
[2023-11-24T10:50:38.657+0800] {processor.py:839} INFO - DAG(s) dict_keys(['latest_only']) retrieved from /home/azfarmustafa/airflow_tutorial/.venv/lib/python3.10/site-packages/airflow/example_dags/example_latest_only.py
[2023-11-24T10:50:38.671+0800] {logging_mixin.py:154} INFO - [2023-11-24T10:50:38.671+0800] {dag.py:2941} INFO - Sync 1 DAGs
[2023-11-24T10:50:38.695+0800] {logging_mixin.py:154} INFO - [2023-11-24T10:50:38.694+0800] {dag.py:3722} INFO - Setting next_dagrun for latest_only to 2023-11-23T22:50:38.694454+00:00, run_after=2023-11-24T02:50:38.694454+00:00
[2023-11-24T10:50:38.724+0800] {processor.py:179} INFO - Processing /home/azfarmustafa/airflow_tutorial/.venv/lib/python3.10/site-packages/airflow/example_dags/example_latest_only.py took 0.084 seconds
[2023-11-24T10:51:26.009+0800] {processor.py:157} INFO - Started process (PID=60298) to work on /home/azfarmustafa/airflow_tutorial/.venv/lib/python3.10/site-packages/airflow/example_dags/example_latest_only.py
[2023-11-24T10:51:26.014+0800] {processor.py:829} INFO - Processing file /home/azfarmustafa/airflow_tutorial/.venv/lib/python3.10/site-packages/airflow/example_dags/example_latest_only.py for tasks to queue
[2023-11-24T10:51:26.015+0800] {logging_mixin.py:154} INFO - [2023-11-24T10:51:26.014+0800] {dagbag.py:536} INFO - Filling up the DagBag from /home/azfarmustafa/airflow_tutorial/.venv/lib/python3.10/site-packages/airflow/example_dags/example_latest_only.py
[2023-11-24T10:51:26.020+0800] {processor.py:839} INFO - DAG(s) dict_keys(['latest_only']) retrieved from /home/azfarmustafa/airflow_tutorial/.venv/lib/python3.10/site-packages/airflow/example_dags/example_latest_only.py
[2023-11-24T10:51:26.033+0800] {logging_mixin.py:154} INFO - [2023-11-24T10:51:26.033+0800] {dag.py:2941} INFO - Sync 1 DAGs
[2023-11-24T10:51:26.050+0800] {logging_mixin.py:154} INFO - [2023-11-24T10:51:26.050+0800] {dag.py:3722} INFO - Setting next_dagrun for latest_only to 2023-11-23T22:51:26.050363+00:00, run_after=2023-11-24T02:51:26.050363+00:00
[2023-11-24T10:51:26.080+0800] {processor.py:179} INFO - Processing /home/azfarmustafa/airflow_tutorial/.venv/lib/python3.10/site-packages/airflow/example_dags/example_latest_only.py took 0.074 seconds
[2023-11-24T10:52:12.596+0800] {processor.py:157} INFO - Started process (PID=60346) to work on /home/azfarmustafa/airflow_tutorial/.venv/lib/python3.10/site-packages/airflow/example_dags/example_latest_only.py
[2023-11-24T10:52:12.600+0800] {processor.py:829} INFO - Processing file /home/azfarmustafa/airflow_tutorial/.venv/lib/python3.10/site-packages/airflow/example_dags/example_latest_only.py for tasks to queue
[2023-11-24T10:52:12.601+0800] {logging_mixin.py:154} INFO - [2023-11-24T10:52:12.600+0800] {dagbag.py:536} INFO - Filling up the DagBag from /home/azfarmustafa/airflow_tutorial/.venv/lib/python3.10/site-packages/airflow/example_dags/example_latest_only.py
[2023-11-24T10:52:12.606+0800] {processor.py:839} INFO - DAG(s) dict_keys(['latest_only']) retrieved from /home/azfarmustafa/airflow_tutorial/.venv/lib/python3.10/site-packages/airflow/example_dags/example_latest_only.py
[2023-11-24T10:52:12.619+0800] {logging_mixin.py:154} INFO - [2023-11-24T10:52:12.618+0800] {dag.py:2941} INFO - Sync 1 DAGs
[2023-11-24T10:52:12.639+0800] {logging_mixin.py:154} INFO - [2023-11-24T10:52:12.639+0800] {dag.py:3722} INFO - Setting next_dagrun for latest_only to 2023-11-23T22:52:12.639397+00:00, run_after=2023-11-24T02:52:12.639397+00:00
[2023-11-24T10:52:12.667+0800] {processor.py:179} INFO - Processing /home/azfarmustafa/airflow_tutorial/.venv/lib/python3.10/site-packages/airflow/example_dags/example_latest_only.py took 0.074 seconds
[2023-11-24T10:53:02.167+0800] {processor.py:157} INFO - Started process (PID=60395) to work on /home/azfarmustafa/airflow_tutorial/.venv/lib/python3.10/site-packages/airflow/example_dags/example_latest_only.py
[2023-11-24T10:53:02.169+0800] {processor.py:829} INFO - Processing file /home/azfarmustafa/airflow_tutorial/.venv/lib/python3.10/site-packages/airflow/example_dags/example_latest_only.py for tasks to queue
[2023-11-24T10:53:02.169+0800] {logging_mixin.py:154} INFO - [2023-11-24T10:53:02.169+0800] {dagbag.py:536} INFO - Filling up the DagBag from /home/azfarmustafa/airflow_tutorial/.venv/lib/python3.10/site-packages/airflow/example_dags/example_latest_only.py
[2023-11-24T10:53:02.175+0800] {processor.py:839} INFO - DAG(s) dict_keys(['latest_only']) retrieved from /home/azfarmustafa/airflow_tutorial/.venv/lib/python3.10/site-packages/airflow/example_dags/example_latest_only.py
[2023-11-24T10:53:02.192+0800] {logging_mixin.py:154} INFO - [2023-11-24T10:53:02.191+0800] {dag.py:2941} INFO - Sync 1 DAGs
[2023-11-24T10:53:02.212+0800] {logging_mixin.py:154} INFO - [2023-11-24T10:53:02.212+0800] {dag.py:3722} INFO - Setting next_dagrun for latest_only to 2023-11-23T22:53:02.211848+00:00, run_after=2023-11-24T02:53:02.211848+00:00
[2023-11-24T10:53:02.243+0800] {processor.py:179} INFO - Processing /home/azfarmustafa/airflow_tutorial/.venv/lib/python3.10/site-packages/airflow/example_dags/example_latest_only.py took 0.081 seconds
[2023-11-24T10:53:49.151+0800] {processor.py:157} INFO - Started process (PID=60449) to work on /home/azfarmustafa/airflow_tutorial/.venv/lib/python3.10/site-packages/airflow/example_dags/example_latest_only.py
[2023-11-24T10:53:49.156+0800] {processor.py:829} INFO - Processing file /home/azfarmustafa/airflow_tutorial/.venv/lib/python3.10/site-packages/airflow/example_dags/example_latest_only.py for tasks to queue
[2023-11-24T10:53:49.157+0800] {logging_mixin.py:154} INFO - [2023-11-24T10:53:49.156+0800] {dagbag.py:536} INFO - Filling up the DagBag from /home/azfarmustafa/airflow_tutorial/.venv/lib/python3.10/site-packages/airflow/example_dags/example_latest_only.py
[2023-11-24T10:53:49.161+0800] {processor.py:839} INFO - DAG(s) dict_keys(['latest_only']) retrieved from /home/azfarmustafa/airflow_tutorial/.venv/lib/python3.10/site-packages/airflow/example_dags/example_latest_only.py
[2023-11-24T10:53:49.175+0800] {logging_mixin.py:154} INFO - [2023-11-24T10:53:49.174+0800] {dag.py:2941} INFO - Sync 1 DAGs
[2023-11-24T10:53:49.192+0800] {logging_mixin.py:154} INFO - [2023-11-24T10:53:49.192+0800] {dag.py:3722} INFO - Setting next_dagrun for latest_only to 2023-11-23T22:53:49.192517+00:00, run_after=2023-11-24T02:53:49.192517+00:00
[2023-11-24T10:53:49.217+0800] {processor.py:179} INFO - Processing /home/azfarmustafa/airflow_tutorial/.venv/lib/python3.10/site-packages/airflow/example_dags/example_latest_only.py took 0.068 seconds
[2023-11-24T10:54:38.280+0800] {processor.py:157} INFO - Started process (PID=60498) to work on /home/azfarmustafa/airflow_tutorial/.venv/lib/python3.10/site-packages/airflow/example_dags/example_latest_only.py
[2023-11-24T10:54:38.285+0800] {processor.py:829} INFO - Processing file /home/azfarmustafa/airflow_tutorial/.venv/lib/python3.10/site-packages/airflow/example_dags/example_latest_only.py for tasks to queue
[2023-11-24T10:54:38.286+0800] {logging_mixin.py:154} INFO - [2023-11-24T10:54:38.286+0800] {dagbag.py:536} INFO - Filling up the DagBag from /home/azfarmustafa/airflow_tutorial/.venv/lib/python3.10/site-packages/airflow/example_dags/example_latest_only.py
[2023-11-24T10:54:38.291+0800] {processor.py:839} INFO - DAG(s) dict_keys(['latest_only']) retrieved from /home/azfarmustafa/airflow_tutorial/.venv/lib/python3.10/site-packages/airflow/example_dags/example_latest_only.py
[2023-11-24T10:54:38.306+0800] {logging_mixin.py:154} INFO - [2023-11-24T10:54:38.306+0800] {dag.py:2941} INFO - Sync 1 DAGs
[2023-11-24T10:54:38.325+0800] {logging_mixin.py:154} INFO - [2023-11-24T10:54:38.325+0800] {dag.py:3722} INFO - Setting next_dagrun for latest_only to 2023-11-23T22:54:38.325470+00:00, run_after=2023-11-24T02:54:38.325470+00:00
[2023-11-24T10:54:38.350+0800] {processor.py:179} INFO - Processing /home/azfarmustafa/airflow_tutorial/.venv/lib/python3.10/site-packages/airflow/example_dags/example_latest_only.py took 0.072 seconds
[2023-11-24T10:55:24.828+0800] {processor.py:157} INFO - Started process (PID=60546) to work on /home/azfarmustafa/airflow_tutorial/.venv/lib/python3.10/site-packages/airflow/example_dags/example_latest_only.py
[2023-11-24T10:55:24.833+0800] {processor.py:829} INFO - Processing file /home/azfarmustafa/airflow_tutorial/.venv/lib/python3.10/site-packages/airflow/example_dags/example_latest_only.py for tasks to queue
[2023-11-24T10:55:24.833+0800] {logging_mixin.py:154} INFO - [2023-11-24T10:55:24.833+0800] {dagbag.py:536} INFO - Filling up the DagBag from /home/azfarmustafa/airflow_tutorial/.venv/lib/python3.10/site-packages/airflow/example_dags/example_latest_only.py
[2023-11-24T10:55:24.838+0800] {processor.py:839} INFO - DAG(s) dict_keys(['latest_only']) retrieved from /home/azfarmustafa/airflow_tutorial/.venv/lib/python3.10/site-packages/airflow/example_dags/example_latest_only.py
[2023-11-24T10:55:24.851+0800] {logging_mixin.py:154} INFO - [2023-11-24T10:55:24.851+0800] {dag.py:2941} INFO - Sync 1 DAGs
[2023-11-24T10:55:24.867+0800] {logging_mixin.py:154} INFO - [2023-11-24T10:55:24.867+0800] {dag.py:3722} INFO - Setting next_dagrun for latest_only to 2023-11-23T22:55:24.867483+00:00, run_after=2023-11-24T02:55:24.867483+00:00
[2023-11-24T10:55:24.891+0800] {processor.py:179} INFO - Processing /home/azfarmustafa/airflow_tutorial/.venv/lib/python3.10/site-packages/airflow/example_dags/example_latest_only.py took 0.067 seconds
[2023-11-24T10:56:11.197+0800] {processor.py:157} INFO - Started process (PID=60592) to work on /home/azfarmustafa/airflow_tutorial/.venv/lib/python3.10/site-packages/airflow/example_dags/example_latest_only.py
[2023-11-24T10:56:11.201+0800] {processor.py:829} INFO - Processing file /home/azfarmustafa/airflow_tutorial/.venv/lib/python3.10/site-packages/airflow/example_dags/example_latest_only.py for tasks to queue
[2023-11-24T10:56:11.201+0800] {logging_mixin.py:154} INFO - [2023-11-24T10:56:11.201+0800] {dagbag.py:536} INFO - Filling up the DagBag from /home/azfarmustafa/airflow_tutorial/.venv/lib/python3.10/site-packages/airflow/example_dags/example_latest_only.py
[2023-11-24T10:56:11.207+0800] {processor.py:839} INFO - DAG(s) dict_keys(['latest_only']) retrieved from /home/azfarmustafa/airflow_tutorial/.venv/lib/python3.10/site-packages/airflow/example_dags/example_latest_only.py
[2023-11-24T10:56:11.219+0800] {logging_mixin.py:154} INFO - [2023-11-24T10:56:11.219+0800] {dag.py:2941} INFO - Sync 1 DAGs
[2023-11-24T10:56:11.237+0800] {logging_mixin.py:154} INFO - [2023-11-24T10:56:11.236+0800] {dag.py:3722} INFO - Setting next_dagrun for latest_only to 2023-11-23T22:56:11.236717+00:00, run_after=2023-11-24T02:56:11.236717+00:00
[2023-11-24T10:56:11.262+0800] {processor.py:179} INFO - Processing /home/azfarmustafa/airflow_tutorial/.venv/lib/python3.10/site-packages/airflow/example_dags/example_latest_only.py took 0.068 seconds
[2023-11-24T10:57:06.669+0800] {processor.py:157} INFO - Started process (PID=60651) to work on /home/azfarmustafa/airflow_tutorial/.venv/lib/python3.10/site-packages/airflow/example_dags/example_latest_only.py
[2023-11-24T10:57:06.674+0800] {processor.py:829} INFO - Processing file /home/azfarmustafa/airflow_tutorial/.venv/lib/python3.10/site-packages/airflow/example_dags/example_latest_only.py for tasks to queue
[2023-11-24T10:57:06.675+0800] {logging_mixin.py:154} INFO - [2023-11-24T10:57:06.675+0800] {dagbag.py:536} INFO - Filling up the DagBag from /home/azfarmustafa/airflow_tutorial/.venv/lib/python3.10/site-packages/airflow/example_dags/example_latest_only.py
[2023-11-24T10:57:06.680+0800] {processor.py:839} INFO - DAG(s) dict_keys(['latest_only']) retrieved from /home/azfarmustafa/airflow_tutorial/.venv/lib/python3.10/site-packages/airflow/example_dags/example_latest_only.py
[2023-11-24T10:57:06.693+0800] {logging_mixin.py:154} INFO - [2023-11-24T10:57:06.693+0800] {dag.py:2941} INFO - Sync 1 DAGs
[2023-11-24T10:57:06.712+0800] {logging_mixin.py:154} INFO - [2023-11-24T10:57:06.712+0800] {dag.py:3722} INFO - Setting next_dagrun for latest_only to 2023-11-23T22:57:06.711847+00:00, run_after=2023-11-24T02:57:06.711847+00:00
[2023-11-24T10:57:06.735+0800] {processor.py:179} INFO - Processing /home/azfarmustafa/airflow_tutorial/.venv/lib/python3.10/site-packages/airflow/example_dags/example_latest_only.py took 0.069 seconds
[2023-11-24T10:57:50.251+0800] {processor.py:157} INFO - Started process (PID=60697) to work on /home/azfarmustafa/airflow_tutorial/.venv/lib/python3.10/site-packages/airflow/example_dags/example_latest_only.py
[2023-11-24T10:57:50.256+0800] {processor.py:829} INFO - Processing file /home/azfarmustafa/airflow_tutorial/.venv/lib/python3.10/site-packages/airflow/example_dags/example_latest_only.py for tasks to queue
[2023-11-24T10:57:50.257+0800] {logging_mixin.py:154} INFO - [2023-11-24T10:57:50.257+0800] {dagbag.py:536} INFO - Filling up the DagBag from /home/azfarmustafa/airflow_tutorial/.venv/lib/python3.10/site-packages/airflow/example_dags/example_latest_only.py
[2023-11-24T10:57:50.262+0800] {processor.py:839} INFO - DAG(s) dict_keys(['latest_only']) retrieved from /home/azfarmustafa/airflow_tutorial/.venv/lib/python3.10/site-packages/airflow/example_dags/example_latest_only.py
[2023-11-24T10:57:50.277+0800] {logging_mixin.py:154} INFO - [2023-11-24T10:57:50.277+0800] {dag.py:2941} INFO - Sync 1 DAGs
[2023-11-24T10:57:50.296+0800] {logging_mixin.py:154} INFO - [2023-11-24T10:57:50.296+0800] {dag.py:3722} INFO - Setting next_dagrun for latest_only to 2023-11-23T22:57:50.295828+00:00, run_after=2023-11-24T02:57:50.295828+00:00
[2023-11-24T10:57:50.325+0800] {processor.py:179} INFO - Processing /home/azfarmustafa/airflow_tutorial/.venv/lib/python3.10/site-packages/airflow/example_dags/example_latest_only.py took 0.077 seconds
[2023-11-24T10:58:39.481+0800] {processor.py:157} INFO - Started process (PID=60746) to work on /home/azfarmustafa/airflow_tutorial/.venv/lib/python3.10/site-packages/airflow/example_dags/example_latest_only.py
[2023-11-24T10:58:39.485+0800] {processor.py:829} INFO - Processing file /home/azfarmustafa/airflow_tutorial/.venv/lib/python3.10/site-packages/airflow/example_dags/example_latest_only.py for tasks to queue
[2023-11-24T10:58:39.486+0800] {logging_mixin.py:154} INFO - [2023-11-24T10:58:39.486+0800] {dagbag.py:536} INFO - Filling up the DagBag from /home/azfarmustafa/airflow_tutorial/.venv/lib/python3.10/site-packages/airflow/example_dags/example_latest_only.py
[2023-11-24T10:58:39.490+0800] {processor.py:839} INFO - DAG(s) dict_keys(['latest_only']) retrieved from /home/azfarmustafa/airflow_tutorial/.venv/lib/python3.10/site-packages/airflow/example_dags/example_latest_only.py
[2023-11-24T10:58:39.506+0800] {logging_mixin.py:154} INFO - [2023-11-24T10:58:39.505+0800] {dag.py:2941} INFO - Sync 1 DAGs
[2023-11-24T10:58:39.524+0800] {logging_mixin.py:154} INFO - [2023-11-24T10:58:39.524+0800] {dag.py:3722} INFO - Setting next_dagrun for latest_only to 2023-11-23T22:58:39.524068+00:00, run_after=2023-11-24T02:58:39.524068+00:00
[2023-11-24T10:58:39.551+0800] {processor.py:179} INFO - Processing /home/azfarmustafa/airflow_tutorial/.venv/lib/python3.10/site-packages/airflow/example_dags/example_latest_only.py took 0.073 seconds
[2023-11-24T10:59:25.610+0800] {processor.py:157} INFO - Started process (PID=60799) to work on /home/azfarmustafa/airflow_tutorial/.venv/lib/python3.10/site-packages/airflow/example_dags/example_latest_only.py
[2023-11-24T10:59:25.615+0800] {processor.py:829} INFO - Processing file /home/azfarmustafa/airflow_tutorial/.venv/lib/python3.10/site-packages/airflow/example_dags/example_latest_only.py for tasks to queue
[2023-11-24T10:59:25.615+0800] {logging_mixin.py:154} INFO - [2023-11-24T10:59:25.615+0800] {dagbag.py:536} INFO - Filling up the DagBag from /home/azfarmustafa/airflow_tutorial/.venv/lib/python3.10/site-packages/airflow/example_dags/example_latest_only.py
[2023-11-24T10:59:25.620+0800] {processor.py:839} INFO - DAG(s) dict_keys(['latest_only']) retrieved from /home/azfarmustafa/airflow_tutorial/.venv/lib/python3.10/site-packages/airflow/example_dags/example_latest_only.py
[2023-11-24T10:59:25.633+0800] {logging_mixin.py:154} INFO - [2023-11-24T10:59:25.633+0800] {dag.py:2941} INFO - Sync 1 DAGs
[2023-11-24T10:59:25.662+0800] {logging_mixin.py:154} INFO - [2023-11-24T10:59:25.662+0800] {dag.py:3722} INFO - Setting next_dagrun for latest_only to 2023-11-23T22:59:25.662081+00:00, run_after=2023-11-24T02:59:25.662081+00:00
[2023-11-24T10:59:25.686+0800] {processor.py:179} INFO - Processing /home/azfarmustafa/airflow_tutorial/.venv/lib/python3.10/site-packages/airflow/example_dags/example_latest_only.py took 0.079 seconds
[2023-11-24T11:00:10.789+0800] {processor.py:157} INFO - Started process (PID=60846) to work on /home/azfarmustafa/airflow_tutorial/.venv/lib/python3.10/site-packages/airflow/example_dags/example_latest_only.py
[2023-11-24T11:00:10.791+0800] {processor.py:829} INFO - Processing file /home/azfarmustafa/airflow_tutorial/.venv/lib/python3.10/site-packages/airflow/example_dags/example_latest_only.py for tasks to queue
[2023-11-24T11:00:10.792+0800] {logging_mixin.py:154} INFO - [2023-11-24T11:00:10.791+0800] {dagbag.py:536} INFO - Filling up the DagBag from /home/azfarmustafa/airflow_tutorial/.venv/lib/python3.10/site-packages/airflow/example_dags/example_latest_only.py
[2023-11-24T11:00:10.797+0800] {processor.py:839} INFO - DAG(s) dict_keys(['latest_only']) retrieved from /home/azfarmustafa/airflow_tutorial/.venv/lib/python3.10/site-packages/airflow/example_dags/example_latest_only.py
[2023-11-24T11:00:10.811+0800] {logging_mixin.py:154} INFO - [2023-11-24T11:00:10.810+0800] {dag.py:2941} INFO - Sync 1 DAGs
[2023-11-24T11:00:10.828+0800] {logging_mixin.py:154} INFO - [2023-11-24T11:00:10.828+0800] {dag.py:3722} INFO - Setting next_dagrun for latest_only to 2023-11-23T23:00:10.828445+00:00, run_after=2023-11-24T03:00:10.828445+00:00
[2023-11-24T11:00:10.856+0800] {processor.py:179} INFO - Processing /home/azfarmustafa/airflow_tutorial/.venv/lib/python3.10/site-packages/airflow/example_dags/example_latest_only.py took 0.070 seconds
[2023-11-24T11:01:08.269+0800] {processor.py:157} INFO - Started process (PID=60906) to work on /home/azfarmustafa/airflow_tutorial/.venv/lib/python3.10/site-packages/airflow/example_dags/example_latest_only.py
[2023-11-24T11:01:08.274+0800] {processor.py:829} INFO - Processing file /home/azfarmustafa/airflow_tutorial/.venv/lib/python3.10/site-packages/airflow/example_dags/example_latest_only.py for tasks to queue
[2023-11-24T11:01:08.275+0800] {logging_mixin.py:154} INFO - [2023-11-24T11:01:08.274+0800] {dagbag.py:536} INFO - Filling up the DagBag from /home/azfarmustafa/airflow_tutorial/.venv/lib/python3.10/site-packages/airflow/example_dags/example_latest_only.py
[2023-11-24T11:01:08.279+0800] {processor.py:839} INFO - DAG(s) dict_keys(['latest_only']) retrieved from /home/azfarmustafa/airflow_tutorial/.venv/lib/python3.10/site-packages/airflow/example_dags/example_latest_only.py
[2023-11-24T11:01:08.294+0800] {logging_mixin.py:154} INFO - [2023-11-24T11:01:08.294+0800] {dag.py:2941} INFO - Sync 1 DAGs
[2023-11-24T11:01:08.313+0800] {logging_mixin.py:154} INFO - [2023-11-24T11:01:08.313+0800] {dag.py:3722} INFO - Setting next_dagrun for latest_only to 2023-11-23T23:01:08.313193+00:00, run_after=2023-11-24T03:01:08.313193+00:00
[2023-11-24T11:01:08.343+0800] {processor.py:179} INFO - Processing /home/azfarmustafa/airflow_tutorial/.venv/lib/python3.10/site-packages/airflow/example_dags/example_latest_only.py took 0.077 seconds
[2023-11-24T11:01:55.909+0800] {processor.py:157} INFO - Started process (PID=60955) to work on /home/azfarmustafa/airflow_tutorial/.venv/lib/python3.10/site-packages/airflow/example_dags/example_latest_only.py
[2023-11-24T11:01:55.910+0800] {processor.py:829} INFO - Processing file /home/azfarmustafa/airflow_tutorial/.venv/lib/python3.10/site-packages/airflow/example_dags/example_latest_only.py for tasks to queue
[2023-11-24T11:01:55.911+0800] {logging_mixin.py:154} INFO - [2023-11-24T11:01:55.911+0800] {dagbag.py:536} INFO - Filling up the DagBag from /home/azfarmustafa/airflow_tutorial/.venv/lib/python3.10/site-packages/airflow/example_dags/example_latest_only.py
[2023-11-24T11:01:55.916+0800] {processor.py:839} INFO - DAG(s) dict_keys(['latest_only']) retrieved from /home/azfarmustafa/airflow_tutorial/.venv/lib/python3.10/site-packages/airflow/example_dags/example_latest_only.py
[2023-11-24T11:01:55.929+0800] {logging_mixin.py:154} INFO - [2023-11-24T11:01:55.929+0800] {dag.py:2941} INFO - Sync 1 DAGs
[2023-11-24T11:01:55.946+0800] {logging_mixin.py:154} INFO - [2023-11-24T11:01:55.946+0800] {dag.py:3722} INFO - Setting next_dagrun for latest_only to 2023-11-23T23:01:55.945985+00:00, run_after=2023-11-24T03:01:55.945985+00:00
[2023-11-24T11:01:55.969+0800] {processor.py:179} INFO - Processing /home/azfarmustafa/airflow_tutorial/.venv/lib/python3.10/site-packages/airflow/example_dags/example_latest_only.py took 0.063 seconds
[2023-11-24T11:02:41.854+0800] {processor.py:157} INFO - Started process (PID=61002) to work on /home/azfarmustafa/airflow_tutorial/.venv/lib/python3.10/site-packages/airflow/example_dags/example_latest_only.py
[2023-11-24T11:02:41.858+0800] {processor.py:829} INFO - Processing file /home/azfarmustafa/airflow_tutorial/.venv/lib/python3.10/site-packages/airflow/example_dags/example_latest_only.py for tasks to queue
[2023-11-24T11:02:41.859+0800] {logging_mixin.py:154} INFO - [2023-11-24T11:02:41.859+0800] {dagbag.py:536} INFO - Filling up the DagBag from /home/azfarmustafa/airflow_tutorial/.venv/lib/python3.10/site-packages/airflow/example_dags/example_latest_only.py
[2023-11-24T11:02:41.864+0800] {processor.py:839} INFO - DAG(s) dict_keys(['latest_only']) retrieved from /home/azfarmustafa/airflow_tutorial/.venv/lib/python3.10/site-packages/airflow/example_dags/example_latest_only.py
[2023-11-24T11:02:41.878+0800] {logging_mixin.py:154} INFO - [2023-11-24T11:02:41.878+0800] {dag.py:2941} INFO - Sync 1 DAGs
[2023-11-24T11:02:41.897+0800] {logging_mixin.py:154} INFO - [2023-11-24T11:02:41.897+0800] {dag.py:3722} INFO - Setting next_dagrun for latest_only to 2023-11-23T23:02:41.896810+00:00, run_after=2023-11-24T03:02:41.896810+00:00
[2023-11-24T11:02:41.924+0800] {processor.py:179} INFO - Processing /home/azfarmustafa/airflow_tutorial/.venv/lib/python3.10/site-packages/airflow/example_dags/example_latest_only.py took 0.072 seconds
[2023-11-24T11:03:44.580+0800] {processor.py:157} INFO - Started process (PID=61072) to work on /home/azfarmustafa/airflow_tutorial/.venv/lib/python3.10/site-packages/airflow/example_dags/example_latest_only.py
[2023-11-24T11:03:44.581+0800] {processor.py:829} INFO - Processing file /home/azfarmustafa/airflow_tutorial/.venv/lib/python3.10/site-packages/airflow/example_dags/example_latest_only.py for tasks to queue
[2023-11-24T11:03:44.582+0800] {logging_mixin.py:154} INFO - [2023-11-24T11:03:44.582+0800] {dagbag.py:536} INFO - Filling up the DagBag from /home/azfarmustafa/airflow_tutorial/.venv/lib/python3.10/site-packages/airflow/example_dags/example_latest_only.py
[2023-11-24T11:03:44.589+0800] {processor.py:839} INFO - DAG(s) dict_keys(['latest_only']) retrieved from /home/azfarmustafa/airflow_tutorial/.venv/lib/python3.10/site-packages/airflow/example_dags/example_latest_only.py
[2023-11-24T11:03:44.606+0800] {logging_mixin.py:154} INFO - [2023-11-24T11:03:44.606+0800] {dag.py:2941} INFO - Sync 1 DAGs
[2023-11-24T11:03:44.627+0800] {logging_mixin.py:154} INFO - [2023-11-24T11:03:44.626+0800] {dag.py:3722} INFO - Setting next_dagrun for latest_only to 2023-11-23T23:03:44.626706+00:00, run_after=2023-11-24T03:03:44.626706+00:00
[2023-11-24T11:03:44.700+0800] {processor.py:179} INFO - Processing /home/azfarmustafa/airflow_tutorial/.venv/lib/python3.10/site-packages/airflow/example_dags/example_latest_only.py took 0.123 seconds
[2023-11-24T11:04:35.377+0800] {processor.py:157} INFO - Started process (PID=61123) to work on /home/azfarmustafa/airflow_tutorial/.venv/lib/python3.10/site-packages/airflow/example_dags/example_latest_only.py
[2023-11-24T11:04:35.382+0800] {processor.py:829} INFO - Processing file /home/azfarmustafa/airflow_tutorial/.venv/lib/python3.10/site-packages/airflow/example_dags/example_latest_only.py for tasks to queue
[2023-11-24T11:04:35.383+0800] {logging_mixin.py:154} INFO - [2023-11-24T11:04:35.382+0800] {dagbag.py:536} INFO - Filling up the DagBag from /home/azfarmustafa/airflow_tutorial/.venv/lib/python3.10/site-packages/airflow/example_dags/example_latest_only.py
[2023-11-24T11:04:35.388+0800] {processor.py:839} INFO - DAG(s) dict_keys(['latest_only']) retrieved from /home/azfarmustafa/airflow_tutorial/.venv/lib/python3.10/site-packages/airflow/example_dags/example_latest_only.py
[2023-11-24T11:04:35.402+0800] {logging_mixin.py:154} INFO - [2023-11-24T11:04:35.401+0800] {dag.py:2941} INFO - Sync 1 DAGs
[2023-11-24T11:04:35.422+0800] {logging_mixin.py:154} INFO - [2023-11-24T11:04:35.422+0800] {dag.py:3722} INFO - Setting next_dagrun for latest_only to 2023-11-23T23:04:35.422191+00:00, run_after=2023-11-24T03:04:35.422191+00:00
[2023-11-24T11:04:35.450+0800] {processor.py:179} INFO - Processing /home/azfarmustafa/airflow_tutorial/.venv/lib/python3.10/site-packages/airflow/example_dags/example_latest_only.py took 0.075 seconds
