[2023-11-24T10:25:56.066+0800] {processor.py:157} INFO - Started process (PID=58714) to work on /home/azfarmustafa/airflow_tutorial/.venv/lib/python3.10/site-packages/airflow/example_dags/example_dag_decorator.py
[2023-11-24T10:25:56.067+0800] {processor.py:829} INFO - Processing file /home/azfarmustafa/airflow_tutorial/.venv/lib/python3.10/site-packages/airflow/example_dags/example_dag_decorator.py for tasks to queue
[2023-11-24T10:25:56.068+0800] {logging_mixin.py:154} INFO - [2023-11-24T10:25:56.068+0800] {dagbag.py:536} INFO - Filling up the DagBag from /home/azfarmustafa/airflow_tutorial/.venv/lib/python3.10/site-packages/airflow/example_dags/example_dag_decorator.py
[2023-11-24T10:25:56.081+0800] {processor.py:839} INFO - DAG(s) dict_keys(['example_dag_decorator']) retrieved from /home/azfarmustafa/airflow_tutorial/.venv/lib/python3.10/site-packages/airflow/example_dags/example_dag_decorator.py
[2023-11-24T10:25:56.177+0800] {logging_mixin.py:154} INFO - [2023-11-24T10:25:56.177+0800] {dag.py:2941} INFO - Sync 1 DAGs
[2023-11-24T10:25:56.188+0800] {logging_mixin.py:154} INFO - [2023-11-24T10:25:56.187+0800] {dag.py:3722} INFO - Setting next_dagrun for example_dag_decorator to None, run_after=None
[2023-11-24T10:25:56.219+0800] {processor.py:179} INFO - Processing /home/azfarmustafa/airflow_tutorial/.venv/lib/python3.10/site-packages/airflow/example_dags/example_dag_decorator.py took 0.156 seconds
[2023-11-24T10:26:42.626+0800] {processor.py:157} INFO - Started process (PID=58767) to work on /home/azfarmustafa/airflow_tutorial/.venv/lib/python3.10/site-packages/airflow/example_dags/example_dag_decorator.py
[2023-11-24T10:26:42.628+0800] {processor.py:829} INFO - Processing file /home/azfarmustafa/airflow_tutorial/.venv/lib/python3.10/site-packages/airflow/example_dags/example_dag_decorator.py for tasks to queue
[2023-11-24T10:26:42.628+0800] {logging_mixin.py:154} INFO - [2023-11-24T10:26:42.628+0800] {dagbag.py:536} INFO - Filling up the DagBag from /home/azfarmustafa/airflow_tutorial/.venv/lib/python3.10/site-packages/airflow/example_dags/example_dag_decorator.py
[2023-11-24T10:26:42.637+0800] {processor.py:839} INFO - DAG(s) dict_keys(['example_dag_decorator']) retrieved from /home/azfarmustafa/airflow_tutorial/.venv/lib/python3.10/site-packages/airflow/example_dags/example_dag_decorator.py
[2023-11-24T10:26:42.725+0800] {logging_mixin.py:154} INFO - [2023-11-24T10:26:42.725+0800] {dag.py:2941} INFO - Sync 1 DAGs
[2023-11-24T10:26:42.736+0800] {logging_mixin.py:154} INFO - [2023-11-24T10:26:42.735+0800] {dag.py:3722} INFO - Setting next_dagrun for example_dag_decorator to None, run_after=None
[2023-11-24T10:26:42.765+0800] {processor.py:179} INFO - Processing /home/azfarmustafa/airflow_tutorial/.venv/lib/python3.10/site-packages/airflow/example_dags/example_dag_decorator.py took 0.141 seconds
[2023-11-24T10:27:30.998+0800] {processor.py:157} INFO - Started process (PID=58818) to work on /home/azfarmustafa/airflow_tutorial/.venv/lib/python3.10/site-packages/airflow/example_dags/example_dag_decorator.py
[2023-11-24T10:27:31.000+0800] {processor.py:829} INFO - Processing file /home/azfarmustafa/airflow_tutorial/.venv/lib/python3.10/site-packages/airflow/example_dags/example_dag_decorator.py for tasks to queue
[2023-11-24T10:27:31.001+0800] {logging_mixin.py:154} INFO - [2023-11-24T10:27:31.001+0800] {dagbag.py:536} INFO - Filling up the DagBag from /home/azfarmustafa/airflow_tutorial/.venv/lib/python3.10/site-packages/airflow/example_dags/example_dag_decorator.py
[2023-11-24T10:27:31.016+0800] {processor.py:839} INFO - DAG(s) dict_keys(['example_dag_decorator']) retrieved from /home/azfarmustafa/airflow_tutorial/.venv/lib/python3.10/site-packages/airflow/example_dags/example_dag_decorator.py
[2023-11-24T10:27:31.140+0800] {logging_mixin.py:154} INFO - [2023-11-24T10:27:31.140+0800] {dag.py:2941} INFO - Sync 1 DAGs
[2023-11-24T10:27:31.155+0800] {logging_mixin.py:154} INFO - [2023-11-24T10:27:31.155+0800] {dag.py:3722} INFO - Setting next_dagrun for example_dag_decorator to None, run_after=None
[2023-11-24T10:27:31.200+0800] {processor.py:179} INFO - Processing /home/azfarmustafa/airflow_tutorial/.venv/lib/python3.10/site-packages/airflow/example_dags/example_dag_decorator.py took 0.205 seconds
[2023-11-24T10:28:17.051+0800] {processor.py:157} INFO - Started process (PID=58864) to work on /home/azfarmustafa/airflow_tutorial/.venv/lib/python3.10/site-packages/airflow/example_dags/example_dag_decorator.py
[2023-11-24T10:28:17.056+0800] {processor.py:829} INFO - Processing file /home/azfarmustafa/airflow_tutorial/.venv/lib/python3.10/site-packages/airflow/example_dags/example_dag_decorator.py for tasks to queue
[2023-11-24T10:28:17.057+0800] {logging_mixin.py:154} INFO - [2023-11-24T10:28:17.057+0800] {dagbag.py:536} INFO - Filling up the DagBag from /home/azfarmustafa/airflow_tutorial/.venv/lib/python3.10/site-packages/airflow/example_dags/example_dag_decorator.py
[2023-11-24T10:28:17.071+0800] {processor.py:839} INFO - DAG(s) dict_keys(['example_dag_decorator']) retrieved from /home/azfarmustafa/airflow_tutorial/.venv/lib/python3.10/site-packages/airflow/example_dags/example_dag_decorator.py
[2023-11-24T10:28:17.163+0800] {logging_mixin.py:154} INFO - [2023-11-24T10:28:17.163+0800] {dag.py:2941} INFO - Sync 1 DAGs
[2023-11-24T10:28:17.172+0800] {logging_mixin.py:154} INFO - [2023-11-24T10:28:17.172+0800] {dag.py:3722} INFO - Setting next_dagrun for example_dag_decorator to None, run_after=None
[2023-11-24T10:28:17.198+0800] {processor.py:179} INFO - Processing /home/azfarmustafa/airflow_tutorial/.venv/lib/python3.10/site-packages/airflow/example_dags/example_dag_decorator.py took 0.151 seconds
[2023-11-24T10:29:06.161+0800] {processor.py:157} INFO - Started process (PID=58919) to work on /home/azfarmustafa/airflow_tutorial/.venv/lib/python3.10/site-packages/airflow/example_dags/example_dag_decorator.py
[2023-11-24T10:29:06.162+0800] {processor.py:829} INFO - Processing file /home/azfarmustafa/airflow_tutorial/.venv/lib/python3.10/site-packages/airflow/example_dags/example_dag_decorator.py for tasks to queue
[2023-11-24T10:29:06.163+0800] {logging_mixin.py:154} INFO - [2023-11-24T10:29:06.163+0800] {dagbag.py:536} INFO - Filling up the DagBag from /home/azfarmustafa/airflow_tutorial/.venv/lib/python3.10/site-packages/airflow/example_dags/example_dag_decorator.py
[2023-11-24T10:29:06.173+0800] {processor.py:839} INFO - DAG(s) dict_keys(['example_dag_decorator']) retrieved from /home/azfarmustafa/airflow_tutorial/.venv/lib/python3.10/site-packages/airflow/example_dags/example_dag_decorator.py
[2023-11-24T10:29:06.271+0800] {logging_mixin.py:154} INFO - [2023-11-24T10:29:06.270+0800] {dag.py:2941} INFO - Sync 1 DAGs
[2023-11-24T10:29:06.282+0800] {logging_mixin.py:154} INFO - [2023-11-24T10:29:06.282+0800] {dag.py:3722} INFO - Setting next_dagrun for example_dag_decorator to None, run_after=None
[2023-11-24T10:29:06.318+0800] {processor.py:179} INFO - Processing /home/azfarmustafa/airflow_tutorial/.venv/lib/python3.10/site-packages/airflow/example_dags/example_dag_decorator.py took 0.160 seconds
[2023-11-24T10:29:51.023+0800] {processor.py:157} INFO - Started process (PID=58966) to work on /home/azfarmustafa/airflow_tutorial/.venv/lib/python3.10/site-packages/airflow/example_dags/example_dag_decorator.py
[2023-11-24T10:29:51.028+0800] {processor.py:829} INFO - Processing file /home/azfarmustafa/airflow_tutorial/.venv/lib/python3.10/site-packages/airflow/example_dags/example_dag_decorator.py for tasks to queue
[2023-11-24T10:29:51.028+0800] {logging_mixin.py:154} INFO - [2023-11-24T10:29:51.028+0800] {dagbag.py:536} INFO - Filling up the DagBag from /home/azfarmustafa/airflow_tutorial/.venv/lib/python3.10/site-packages/airflow/example_dags/example_dag_decorator.py
[2023-11-24T10:29:51.040+0800] {processor.py:839} INFO - DAG(s) dict_keys(['example_dag_decorator']) retrieved from /home/azfarmustafa/airflow_tutorial/.venv/lib/python3.10/site-packages/airflow/example_dags/example_dag_decorator.py
[2023-11-24T10:29:51.126+0800] {logging_mixin.py:154} INFO - [2023-11-24T10:29:51.125+0800] {dag.py:2941} INFO - Sync 1 DAGs
[2023-11-24T10:29:51.136+0800] {logging_mixin.py:154} INFO - [2023-11-24T10:29:51.135+0800] {dag.py:3722} INFO - Setting next_dagrun for example_dag_decorator to None, run_after=None
[2023-11-24T10:29:51.164+0800] {processor.py:179} INFO - Processing /home/azfarmustafa/airflow_tutorial/.venv/lib/python3.10/site-packages/airflow/example_dags/example_dag_decorator.py took 0.144 seconds
[2023-11-24T10:30:40.511+0800] {processor.py:157} INFO - Started process (PID=59017) to work on /home/azfarmustafa/airflow_tutorial/.venv/lib/python3.10/site-packages/airflow/example_dags/example_dag_decorator.py
[2023-11-24T10:30:40.512+0800] {processor.py:829} INFO - Processing file /home/azfarmustafa/airflow_tutorial/.venv/lib/python3.10/site-packages/airflow/example_dags/example_dag_decorator.py for tasks to queue
[2023-11-24T10:30:40.513+0800] {logging_mixin.py:154} INFO - [2023-11-24T10:30:40.513+0800] {dagbag.py:536} INFO - Filling up the DagBag from /home/azfarmustafa/airflow_tutorial/.venv/lib/python3.10/site-packages/airflow/example_dags/example_dag_decorator.py
[2023-11-24T10:30:40.523+0800] {processor.py:839} INFO - DAG(s) dict_keys(['example_dag_decorator']) retrieved from /home/azfarmustafa/airflow_tutorial/.venv/lib/python3.10/site-packages/airflow/example_dags/example_dag_decorator.py
[2023-11-24T10:30:40.606+0800] {logging_mixin.py:154} INFO - [2023-11-24T10:30:40.606+0800] {dag.py:2941} INFO - Sync 1 DAGs
[2023-11-24T10:30:40.615+0800] {logging_mixin.py:154} INFO - [2023-11-24T10:30:40.615+0800] {dag.py:3722} INFO - Setting next_dagrun for example_dag_decorator to None, run_after=None
[2023-11-24T10:30:40.640+0800] {processor.py:179} INFO - Processing /home/azfarmustafa/airflow_tutorial/.venv/lib/python3.10/site-packages/airflow/example_dags/example_dag_decorator.py took 0.132 seconds
[2023-11-24T10:31:28.696+0800] {processor.py:157} INFO - Started process (PID=59065) to work on /home/azfarmustafa/airflow_tutorial/.venv/lib/python3.10/site-packages/airflow/example_dags/example_dag_decorator.py
[2023-11-24T10:31:28.701+0800] {processor.py:829} INFO - Processing file /home/azfarmustafa/airflow_tutorial/.venv/lib/python3.10/site-packages/airflow/example_dags/example_dag_decorator.py for tasks to queue
[2023-11-24T10:31:28.701+0800] {logging_mixin.py:154} INFO - [2023-11-24T10:31:28.701+0800] {dagbag.py:536} INFO - Filling up the DagBag from /home/azfarmustafa/airflow_tutorial/.venv/lib/python3.10/site-packages/airflow/example_dags/example_dag_decorator.py
[2023-11-24T10:31:28.712+0800] {processor.py:839} INFO - DAG(s) dict_keys(['example_dag_decorator']) retrieved from /home/azfarmustafa/airflow_tutorial/.venv/lib/python3.10/site-packages/airflow/example_dags/example_dag_decorator.py
[2023-11-24T10:31:28.795+0800] {logging_mixin.py:154} INFO - [2023-11-24T10:31:28.795+0800] {dag.py:2941} INFO - Sync 1 DAGs
[2023-11-24T10:31:28.803+0800] {logging_mixin.py:154} INFO - [2023-11-24T10:31:28.803+0800] {dag.py:3722} INFO - Setting next_dagrun for example_dag_decorator to None, run_after=None
[2023-11-24T10:31:28.831+0800] {processor.py:179} INFO - Processing /home/azfarmustafa/airflow_tutorial/.venv/lib/python3.10/site-packages/airflow/example_dags/example_dag_decorator.py took 0.138 seconds
[2023-11-24T10:32:14.240+0800] {processor.py:157} INFO - Started process (PID=59111) to work on /home/azfarmustafa/airflow_tutorial/.venv/lib/python3.10/site-packages/airflow/example_dags/example_dag_decorator.py
[2023-11-24T10:32:14.242+0800] {processor.py:829} INFO - Processing file /home/azfarmustafa/airflow_tutorial/.venv/lib/python3.10/site-packages/airflow/example_dags/example_dag_decorator.py for tasks to queue
[2023-11-24T10:32:14.242+0800] {logging_mixin.py:154} INFO - [2023-11-24T10:32:14.242+0800] {dagbag.py:536} INFO - Filling up the DagBag from /home/azfarmustafa/airflow_tutorial/.venv/lib/python3.10/site-packages/airflow/example_dags/example_dag_decorator.py
[2023-11-24T10:32:14.254+0800] {processor.py:839} INFO - DAG(s) dict_keys(['example_dag_decorator']) retrieved from /home/azfarmustafa/airflow_tutorial/.venv/lib/python3.10/site-packages/airflow/example_dags/example_dag_decorator.py
[2023-11-24T10:32:14.353+0800] {logging_mixin.py:154} INFO - [2023-11-24T10:32:14.352+0800] {dag.py:2941} INFO - Sync 1 DAGs
[2023-11-24T10:32:14.363+0800] {logging_mixin.py:154} INFO - [2023-11-24T10:32:14.362+0800] {dag.py:3722} INFO - Setting next_dagrun for example_dag_decorator to None, run_after=None
[2023-11-24T10:32:14.390+0800] {processor.py:179} INFO - Processing /home/azfarmustafa/airflow_tutorial/.venv/lib/python3.10/site-packages/airflow/example_dags/example_dag_decorator.py took 0.152 seconds
[2023-11-24T10:33:06.060+0800] {processor.py:157} INFO - Started process (PID=59162) to work on /home/azfarmustafa/airflow_tutorial/.venv/lib/python3.10/site-packages/airflow/example_dags/example_dag_decorator.py
[2023-11-24T10:33:06.061+0800] {processor.py:829} INFO - Processing file /home/azfarmustafa/airflow_tutorial/.venv/lib/python3.10/site-packages/airflow/example_dags/example_dag_decorator.py for tasks to queue
[2023-11-24T10:33:06.062+0800] {logging_mixin.py:154} INFO - [2023-11-24T10:33:06.062+0800] {dagbag.py:536} INFO - Filling up the DagBag from /home/azfarmustafa/airflow_tutorial/.venv/lib/python3.10/site-packages/airflow/example_dags/example_dag_decorator.py
[2023-11-24T10:33:06.074+0800] {processor.py:839} INFO - DAG(s) dict_keys(['example_dag_decorator']) retrieved from /home/azfarmustafa/airflow_tutorial/.venv/lib/python3.10/site-packages/airflow/example_dags/example_dag_decorator.py
[2023-11-24T10:33:06.156+0800] {logging_mixin.py:154} INFO - [2023-11-24T10:33:06.156+0800] {dag.py:2941} INFO - Sync 1 DAGs
[2023-11-24T10:33:06.165+0800] {logging_mixin.py:154} INFO - [2023-11-24T10:33:06.164+0800] {dag.py:3722} INFO - Setting next_dagrun for example_dag_decorator to None, run_after=None
[2023-11-24T10:33:06.213+0800] {processor.py:179} INFO - Processing /home/azfarmustafa/airflow_tutorial/.venv/lib/python3.10/site-packages/airflow/example_dags/example_dag_decorator.py took 0.156 seconds
[2023-11-24T10:33:57.029+0800] {processor.py:157} INFO - Started process (PID=59212) to work on /home/azfarmustafa/airflow_tutorial/.venv/lib/python3.10/site-packages/airflow/example_dags/example_dag_decorator.py
[2023-11-24T10:33:57.030+0800] {processor.py:829} INFO - Processing file /home/azfarmustafa/airflow_tutorial/.venv/lib/python3.10/site-packages/airflow/example_dags/example_dag_decorator.py for tasks to queue
[2023-11-24T10:33:57.031+0800] {logging_mixin.py:154} INFO - [2023-11-24T10:33:57.031+0800] {dagbag.py:536} INFO - Filling up the DagBag from /home/azfarmustafa/airflow_tutorial/.venv/lib/python3.10/site-packages/airflow/example_dags/example_dag_decorator.py
[2023-11-24T10:33:57.043+0800] {processor.py:839} INFO - DAG(s) dict_keys(['example_dag_decorator']) retrieved from /home/azfarmustafa/airflow_tutorial/.venv/lib/python3.10/site-packages/airflow/example_dags/example_dag_decorator.py
[2023-11-24T10:33:57.151+0800] {logging_mixin.py:154} INFO - [2023-11-24T10:33:57.151+0800] {dag.py:2941} INFO - Sync 1 DAGs
[2023-11-24T10:33:57.161+0800] {logging_mixin.py:154} INFO - [2023-11-24T10:33:57.161+0800] {dag.py:3722} INFO - Setting next_dagrun for example_dag_decorator to None, run_after=None
[2023-11-24T10:33:57.188+0800] {processor.py:179} INFO - Processing /home/azfarmustafa/airflow_tutorial/.venv/lib/python3.10/site-packages/airflow/example_dags/example_dag_decorator.py took 0.163 seconds
[2023-11-24T10:34:45.274+0800] {processor.py:157} INFO - Started process (PID=59261) to work on /home/azfarmustafa/airflow_tutorial/.venv/lib/python3.10/site-packages/airflow/example_dags/example_dag_decorator.py
[2023-11-24T10:34:45.278+0800] {processor.py:829} INFO - Processing file /home/azfarmustafa/airflow_tutorial/.venv/lib/python3.10/site-packages/airflow/example_dags/example_dag_decorator.py for tasks to queue
[2023-11-24T10:34:45.279+0800] {logging_mixin.py:154} INFO - [2023-11-24T10:34:45.279+0800] {dagbag.py:536} INFO - Filling up the DagBag from /home/azfarmustafa/airflow_tutorial/.venv/lib/python3.10/site-packages/airflow/example_dags/example_dag_decorator.py
[2023-11-24T10:34:45.295+0800] {processor.py:839} INFO - DAG(s) dict_keys(['example_dag_decorator']) retrieved from /home/azfarmustafa/airflow_tutorial/.venv/lib/python3.10/site-packages/airflow/example_dags/example_dag_decorator.py
[2023-11-24T10:34:45.390+0800] {logging_mixin.py:154} INFO - [2023-11-24T10:34:45.390+0800] {dag.py:2941} INFO - Sync 1 DAGs
[2023-11-24T10:34:45.401+0800] {logging_mixin.py:154} INFO - [2023-11-24T10:34:45.401+0800] {dag.py:3722} INFO - Setting next_dagrun for example_dag_decorator to None, run_after=None
[2023-11-24T10:34:45.428+0800] {processor.py:179} INFO - Processing /home/azfarmustafa/airflow_tutorial/.venv/lib/python3.10/site-packages/airflow/example_dags/example_dag_decorator.py took 0.157 seconds
[2023-11-24T10:35:31.692+0800] {processor.py:157} INFO - Started process (PID=59315) to work on /home/azfarmustafa/airflow_tutorial/.venv/lib/python3.10/site-packages/airflow/example_dags/example_dag_decorator.py
[2023-11-24T10:35:31.697+0800] {processor.py:829} INFO - Processing file /home/azfarmustafa/airflow_tutorial/.venv/lib/python3.10/site-packages/airflow/example_dags/example_dag_decorator.py for tasks to queue
[2023-11-24T10:35:31.698+0800] {logging_mixin.py:154} INFO - [2023-11-24T10:35:31.697+0800] {dagbag.py:536} INFO - Filling up the DagBag from /home/azfarmustafa/airflow_tutorial/.venv/lib/python3.10/site-packages/airflow/example_dags/example_dag_decorator.py
[2023-11-24T10:35:31.707+0800] {processor.py:839} INFO - DAG(s) dict_keys(['example_dag_decorator']) retrieved from /home/azfarmustafa/airflow_tutorial/.venv/lib/python3.10/site-packages/airflow/example_dags/example_dag_decorator.py
[2023-11-24T10:35:31.799+0800] {logging_mixin.py:154} INFO - [2023-11-24T10:35:31.799+0800] {dag.py:2941} INFO - Sync 1 DAGs
[2023-11-24T10:35:31.809+0800] {logging_mixin.py:154} INFO - [2023-11-24T10:35:31.809+0800] {dag.py:3722} INFO - Setting next_dagrun for example_dag_decorator to None, run_after=None
[2023-11-24T10:35:31.842+0800] {processor.py:179} INFO - Processing /home/azfarmustafa/airflow_tutorial/.venv/lib/python3.10/site-packages/airflow/example_dags/example_dag_decorator.py took 0.153 seconds
[2023-11-24T10:36:14.475+0800] {processor.py:157} INFO - Started process (PID=59361) to work on /home/azfarmustafa/airflow_tutorial/.venv/lib/python3.10/site-packages/airflow/example_dags/example_dag_decorator.py
[2023-11-24T10:36:14.477+0800] {processor.py:829} INFO - Processing file /home/azfarmustafa/airflow_tutorial/.venv/lib/python3.10/site-packages/airflow/example_dags/example_dag_decorator.py for tasks to queue
[2023-11-24T10:36:14.478+0800] {logging_mixin.py:154} INFO - [2023-11-24T10:36:14.478+0800] {dagbag.py:536} INFO - Filling up the DagBag from /home/azfarmustafa/airflow_tutorial/.venv/lib/python3.10/site-packages/airflow/example_dags/example_dag_decorator.py
[2023-11-24T10:36:14.489+0800] {processor.py:839} INFO - DAG(s) dict_keys(['example_dag_decorator']) retrieved from /home/azfarmustafa/airflow_tutorial/.venv/lib/python3.10/site-packages/airflow/example_dags/example_dag_decorator.py
[2023-11-24T10:36:14.580+0800] {logging_mixin.py:154} INFO - [2023-11-24T10:36:14.580+0800] {dag.py:2941} INFO - Sync 1 DAGs
[2023-11-24T10:36:14.593+0800] {logging_mixin.py:154} INFO - [2023-11-24T10:36:14.592+0800] {dag.py:3722} INFO - Setting next_dagrun for example_dag_decorator to None, run_after=None
[2023-11-24T10:36:14.621+0800] {processor.py:179} INFO - Processing /home/azfarmustafa/airflow_tutorial/.venv/lib/python3.10/site-packages/airflow/example_dags/example_dag_decorator.py took 0.150 seconds
[2023-11-24T10:36:58.543+0800] {processor.py:157} INFO - Started process (PID=59406) to work on /home/azfarmustafa/airflow_tutorial/.venv/lib/python3.10/site-packages/airflow/example_dags/example_dag_decorator.py
[2023-11-24T10:36:58.548+0800] {processor.py:829} INFO - Processing file /home/azfarmustafa/airflow_tutorial/.venv/lib/python3.10/site-packages/airflow/example_dags/example_dag_decorator.py for tasks to queue
[2023-11-24T10:36:58.549+0800] {logging_mixin.py:154} INFO - [2023-11-24T10:36:58.548+0800] {dagbag.py:536} INFO - Filling up the DagBag from /home/azfarmustafa/airflow_tutorial/.venv/lib/python3.10/site-packages/airflow/example_dags/example_dag_decorator.py
[2023-11-24T10:36:58.560+0800] {processor.py:839} INFO - DAG(s) dict_keys(['example_dag_decorator']) retrieved from /home/azfarmustafa/airflow_tutorial/.venv/lib/python3.10/site-packages/airflow/example_dags/example_dag_decorator.py
[2023-11-24T10:36:58.640+0800] {logging_mixin.py:154} INFO - [2023-11-24T10:36:58.639+0800] {dag.py:2941} INFO - Sync 1 DAGs
[2023-11-24T10:36:58.653+0800] {logging_mixin.py:154} INFO - [2023-11-24T10:36:58.653+0800] {dag.py:3722} INFO - Setting next_dagrun for example_dag_decorator to None, run_after=None
[2023-11-24T10:36:58.682+0800] {processor.py:179} INFO - Processing /home/azfarmustafa/airflow_tutorial/.venv/lib/python3.10/site-packages/airflow/example_dags/example_dag_decorator.py took 0.141 seconds
[2023-11-24T10:37:44.497+0800] {processor.py:157} INFO - Started process (PID=59453) to work on /home/azfarmustafa/airflow_tutorial/.venv/lib/python3.10/site-packages/airflow/example_dags/example_dag_decorator.py
[2023-11-24T10:37:44.502+0800] {processor.py:829} INFO - Processing file /home/azfarmustafa/airflow_tutorial/.venv/lib/python3.10/site-packages/airflow/example_dags/example_dag_decorator.py for tasks to queue
[2023-11-24T10:37:44.503+0800] {logging_mixin.py:154} INFO - [2023-11-24T10:37:44.502+0800] {dagbag.py:536} INFO - Filling up the DagBag from /home/azfarmustafa/airflow_tutorial/.venv/lib/python3.10/site-packages/airflow/example_dags/example_dag_decorator.py
[2023-11-24T10:37:44.512+0800] {processor.py:839} INFO - DAG(s) dict_keys(['example_dag_decorator']) retrieved from /home/azfarmustafa/airflow_tutorial/.venv/lib/python3.10/site-packages/airflow/example_dags/example_dag_decorator.py
[2023-11-24T10:37:44.606+0800] {logging_mixin.py:154} INFO - [2023-11-24T10:37:44.605+0800] {dag.py:2941} INFO - Sync 1 DAGs
[2023-11-24T10:37:44.617+0800] {logging_mixin.py:154} INFO - [2023-11-24T10:37:44.616+0800] {dag.py:3722} INFO - Setting next_dagrun for example_dag_decorator to None, run_after=None
[2023-11-24T10:37:44.643+0800] {processor.py:179} INFO - Processing /home/azfarmustafa/airflow_tutorial/.venv/lib/python3.10/site-packages/airflow/example_dags/example_dag_decorator.py took 0.148 seconds
[2023-11-24T10:38:32.564+0800] {processor.py:157} INFO - Started process (PID=59502) to work on /home/azfarmustafa/airflow_tutorial/.venv/lib/python3.10/site-packages/airflow/example_dags/example_dag_decorator.py
[2023-11-24T10:38:32.568+0800] {processor.py:829} INFO - Processing file /home/azfarmustafa/airflow_tutorial/.venv/lib/python3.10/site-packages/airflow/example_dags/example_dag_decorator.py for tasks to queue
[2023-11-24T10:38:32.569+0800] {logging_mixin.py:154} INFO - [2023-11-24T10:38:32.569+0800] {dagbag.py:536} INFO - Filling up the DagBag from /home/azfarmustafa/airflow_tutorial/.venv/lib/python3.10/site-packages/airflow/example_dags/example_dag_decorator.py
[2023-11-24T10:38:32.583+0800] {processor.py:839} INFO - DAG(s) dict_keys(['example_dag_decorator']) retrieved from /home/azfarmustafa/airflow_tutorial/.venv/lib/python3.10/site-packages/airflow/example_dags/example_dag_decorator.py
[2023-11-24T10:38:32.683+0800] {logging_mixin.py:154} INFO - [2023-11-24T10:38:32.683+0800] {dag.py:2941} INFO - Sync 1 DAGs
[2023-11-24T10:38:32.694+0800] {logging_mixin.py:154} INFO - [2023-11-24T10:38:32.693+0800] {dag.py:3722} INFO - Setting next_dagrun for example_dag_decorator to None, run_after=None
[2023-11-24T10:38:32.726+0800] {processor.py:179} INFO - Processing /home/azfarmustafa/airflow_tutorial/.venv/lib/python3.10/site-packages/airflow/example_dags/example_dag_decorator.py took 0.165 seconds
[2023-11-24T10:39:21.167+0800] {processor.py:157} INFO - Started process (PID=59551) to work on /home/azfarmustafa/airflow_tutorial/.venv/lib/python3.10/site-packages/airflow/example_dags/example_dag_decorator.py
[2023-11-24T10:39:21.169+0800] {processor.py:829} INFO - Processing file /home/azfarmustafa/airflow_tutorial/.venv/lib/python3.10/site-packages/airflow/example_dags/example_dag_decorator.py for tasks to queue
[2023-11-24T10:39:21.170+0800] {logging_mixin.py:154} INFO - [2023-11-24T10:39:21.169+0800] {dagbag.py:536} INFO - Filling up the DagBag from /home/azfarmustafa/airflow_tutorial/.venv/lib/python3.10/site-packages/airflow/example_dags/example_dag_decorator.py
[2023-11-24T10:39:21.182+0800] {processor.py:839} INFO - DAG(s) dict_keys(['example_dag_decorator']) retrieved from /home/azfarmustafa/airflow_tutorial/.venv/lib/python3.10/site-packages/airflow/example_dags/example_dag_decorator.py
[2023-11-24T10:39:21.277+0800] {logging_mixin.py:154} INFO - [2023-11-24T10:39:21.277+0800] {dag.py:2941} INFO - Sync 1 DAGs
[2023-11-24T10:39:21.287+0800] {logging_mixin.py:154} INFO - [2023-11-24T10:39:21.287+0800] {dag.py:3722} INFO - Setting next_dagrun for example_dag_decorator to None, run_after=None
[2023-11-24T10:39:21.312+0800] {processor.py:179} INFO - Processing /home/azfarmustafa/airflow_tutorial/.venv/lib/python3.10/site-packages/airflow/example_dags/example_dag_decorator.py took 0.148 seconds
[2023-11-24T10:40:10.849+0800] {processor.py:157} INFO - Started process (PID=59600) to work on /home/azfarmustafa/airflow_tutorial/.venv/lib/python3.10/site-packages/airflow/example_dags/example_dag_decorator.py
[2023-11-24T10:40:10.853+0800] {processor.py:829} INFO - Processing file /home/azfarmustafa/airflow_tutorial/.venv/lib/python3.10/site-packages/airflow/example_dags/example_dag_decorator.py for tasks to queue
[2023-11-24T10:40:10.854+0800] {logging_mixin.py:154} INFO - [2023-11-24T10:40:10.853+0800] {dagbag.py:536} INFO - Filling up the DagBag from /home/azfarmustafa/airflow_tutorial/.venv/lib/python3.10/site-packages/airflow/example_dags/example_dag_decorator.py
[2023-11-24T10:40:10.863+0800] {processor.py:839} INFO - DAG(s) dict_keys(['example_dag_decorator']) retrieved from /home/azfarmustafa/airflow_tutorial/.venv/lib/python3.10/site-packages/airflow/example_dags/example_dag_decorator.py
[2023-11-24T10:40:10.956+0800] {logging_mixin.py:154} INFO - [2023-11-24T10:40:10.956+0800] {dag.py:2941} INFO - Sync 1 DAGs
[2023-11-24T10:40:10.964+0800] {logging_mixin.py:154} INFO - [2023-11-24T10:40:10.964+0800] {dag.py:3722} INFO - Setting next_dagrun for example_dag_decorator to None, run_after=None
[2023-11-24T10:40:10.996+0800] {processor.py:179} INFO - Processing /home/azfarmustafa/airflow_tutorial/.venv/lib/python3.10/site-packages/airflow/example_dags/example_dag_decorator.py took 0.150 seconds
[2023-11-24T10:40:55.677+0800] {processor.py:157} INFO - Started process (PID=59646) to work on /home/azfarmustafa/airflow_tutorial/.venv/lib/python3.10/site-packages/airflow/example_dags/example_dag_decorator.py
[2023-11-24T10:40:55.679+0800] {processor.py:829} INFO - Processing file /home/azfarmustafa/airflow_tutorial/.venv/lib/python3.10/site-packages/airflow/example_dags/example_dag_decorator.py for tasks to queue
[2023-11-24T10:40:55.679+0800] {logging_mixin.py:154} INFO - [2023-11-24T10:40:55.679+0800] {dagbag.py:536} INFO - Filling up the DagBag from /home/azfarmustafa/airflow_tutorial/.venv/lib/python3.10/site-packages/airflow/example_dags/example_dag_decorator.py
[2023-11-24T10:40:55.691+0800] {processor.py:839} INFO - DAG(s) dict_keys(['example_dag_decorator']) retrieved from /home/azfarmustafa/airflow_tutorial/.venv/lib/python3.10/site-packages/airflow/example_dags/example_dag_decorator.py
[2023-11-24T10:40:55.775+0800] {logging_mixin.py:154} INFO - [2023-11-24T10:40:55.775+0800] {dag.py:2941} INFO - Sync 1 DAGs
[2023-11-24T10:40:55.784+0800] {logging_mixin.py:154} INFO - [2023-11-24T10:40:55.783+0800] {dag.py:3722} INFO - Setting next_dagrun for example_dag_decorator to None, run_after=None
[2023-11-24T10:40:55.807+0800] {processor.py:179} INFO - Processing /home/azfarmustafa/airflow_tutorial/.venv/lib/python3.10/site-packages/airflow/example_dags/example_dag_decorator.py took 0.134 seconds
[2023-11-24T10:41:45.999+0800] {processor.py:157} INFO - Started process (PID=59701) to work on /home/azfarmustafa/airflow_tutorial/.venv/lib/python3.10/site-packages/airflow/example_dags/example_dag_decorator.py
[2023-11-24T10:41:46.003+0800] {processor.py:829} INFO - Processing file /home/azfarmustafa/airflow_tutorial/.venv/lib/python3.10/site-packages/airflow/example_dags/example_dag_decorator.py for tasks to queue
[2023-11-24T10:41:46.004+0800] {logging_mixin.py:154} INFO - [2023-11-24T10:41:46.004+0800] {dagbag.py:536} INFO - Filling up the DagBag from /home/azfarmustafa/airflow_tutorial/.venv/lib/python3.10/site-packages/airflow/example_dags/example_dag_decorator.py
[2023-11-24T10:41:46.018+0800] {processor.py:839} INFO - DAG(s) dict_keys(['example_dag_decorator']) retrieved from /home/azfarmustafa/airflow_tutorial/.venv/lib/python3.10/site-packages/airflow/example_dags/example_dag_decorator.py
[2023-11-24T10:41:46.113+0800] {logging_mixin.py:154} INFO - [2023-11-24T10:41:46.113+0800] {dag.py:2941} INFO - Sync 1 DAGs
[2023-11-24T10:41:46.122+0800] {logging_mixin.py:154} INFO - [2023-11-24T10:41:46.122+0800] {dag.py:3722} INFO - Setting next_dagrun for example_dag_decorator to None, run_after=None
[2023-11-24T10:41:46.156+0800] {processor.py:179} INFO - Processing /home/azfarmustafa/airflow_tutorial/.venv/lib/python3.10/site-packages/airflow/example_dags/example_dag_decorator.py took 0.160 seconds
[2023-11-24T10:42:31.269+0800] {processor.py:157} INFO - Started process (PID=59748) to work on /home/azfarmustafa/airflow_tutorial/.venv/lib/python3.10/site-packages/airflow/example_dags/example_dag_decorator.py
[2023-11-24T10:42:31.273+0800] {processor.py:829} INFO - Processing file /home/azfarmustafa/airflow_tutorial/.venv/lib/python3.10/site-packages/airflow/example_dags/example_dag_decorator.py for tasks to queue
[2023-11-24T10:42:31.274+0800] {logging_mixin.py:154} INFO - [2023-11-24T10:42:31.274+0800] {dagbag.py:536} INFO - Filling up the DagBag from /home/azfarmustafa/airflow_tutorial/.venv/lib/python3.10/site-packages/airflow/example_dags/example_dag_decorator.py
[2023-11-24T10:42:31.286+0800] {processor.py:839} INFO - DAG(s) dict_keys(['example_dag_decorator']) retrieved from /home/azfarmustafa/airflow_tutorial/.venv/lib/python3.10/site-packages/airflow/example_dags/example_dag_decorator.py
[2023-11-24T10:42:31.371+0800] {logging_mixin.py:154} INFO - [2023-11-24T10:42:31.371+0800] {dag.py:2941} INFO - Sync 1 DAGs
[2023-11-24T10:42:31.380+0800] {logging_mixin.py:154} INFO - [2023-11-24T10:42:31.380+0800] {dag.py:3722} INFO - Setting next_dagrun for example_dag_decorator to None, run_after=None
[2023-11-24T10:42:31.407+0800] {processor.py:179} INFO - Processing /home/azfarmustafa/airflow_tutorial/.venv/lib/python3.10/site-packages/airflow/example_dags/example_dag_decorator.py took 0.142 seconds
[2023-11-24T10:43:19.745+0800] {processor.py:157} INFO - Started process (PID=59797) to work on /home/azfarmustafa/airflow_tutorial/.venv/lib/python3.10/site-packages/airflow/example_dags/example_dag_decorator.py
[2023-11-24T10:43:19.747+0800] {processor.py:829} INFO - Processing file /home/azfarmustafa/airflow_tutorial/.venv/lib/python3.10/site-packages/airflow/example_dags/example_dag_decorator.py for tasks to queue
[2023-11-24T10:43:19.747+0800] {logging_mixin.py:154} INFO - [2023-11-24T10:43:19.747+0800] {dagbag.py:536} INFO - Filling up the DagBag from /home/azfarmustafa/airflow_tutorial/.venv/lib/python3.10/site-packages/airflow/example_dags/example_dag_decorator.py
[2023-11-24T10:43:19.757+0800] {processor.py:839} INFO - DAG(s) dict_keys(['example_dag_decorator']) retrieved from /home/azfarmustafa/airflow_tutorial/.venv/lib/python3.10/site-packages/airflow/example_dags/example_dag_decorator.py
[2023-11-24T10:43:19.839+0800] {logging_mixin.py:154} INFO - [2023-11-24T10:43:19.839+0800] {dag.py:2941} INFO - Sync 1 DAGs
[2023-11-24T10:43:19.849+0800] {logging_mixin.py:154} INFO - [2023-11-24T10:43:19.849+0800] {dag.py:3722} INFO - Setting next_dagrun for example_dag_decorator to None, run_after=None
[2023-11-24T10:43:19.873+0800] {processor.py:179} INFO - Processing /home/azfarmustafa/airflow_tutorial/.venv/lib/python3.10/site-packages/airflow/example_dags/example_dag_decorator.py took 0.131 seconds
[2023-11-24T10:44:05.652+0800] {processor.py:157} INFO - Started process (PID=59844) to work on /home/azfarmustafa/airflow_tutorial/.venv/lib/python3.10/site-packages/airflow/example_dags/example_dag_decorator.py
[2023-11-24T10:44:05.656+0800] {processor.py:829} INFO - Processing file /home/azfarmustafa/airflow_tutorial/.venv/lib/python3.10/site-packages/airflow/example_dags/example_dag_decorator.py for tasks to queue
[2023-11-24T10:44:05.657+0800] {logging_mixin.py:154} INFO - [2023-11-24T10:44:05.657+0800] {dagbag.py:536} INFO - Filling up the DagBag from /home/azfarmustafa/airflow_tutorial/.venv/lib/python3.10/site-packages/airflow/example_dags/example_dag_decorator.py
[2023-11-24T10:44:05.668+0800] {processor.py:839} INFO - DAG(s) dict_keys(['example_dag_decorator']) retrieved from /home/azfarmustafa/airflow_tutorial/.venv/lib/python3.10/site-packages/airflow/example_dags/example_dag_decorator.py
[2023-11-24T10:44:05.750+0800] {logging_mixin.py:154} INFO - [2023-11-24T10:44:05.750+0800] {dag.py:2941} INFO - Sync 1 DAGs
[2023-11-24T10:44:05.759+0800] {logging_mixin.py:154} INFO - [2023-11-24T10:44:05.758+0800] {dag.py:3722} INFO - Setting next_dagrun for example_dag_decorator to None, run_after=None
[2023-11-24T10:44:05.785+0800] {processor.py:179} INFO - Processing /home/azfarmustafa/airflow_tutorial/.venv/lib/python3.10/site-packages/airflow/example_dags/example_dag_decorator.py took 0.135 seconds
[2023-11-24T10:44:54.265+0800] {processor.py:157} INFO - Started process (PID=59894) to work on /home/azfarmustafa/airflow_tutorial/.venv/lib/python3.10/site-packages/airflow/example_dags/example_dag_decorator.py
[2023-11-24T10:44:54.266+0800] {processor.py:829} INFO - Processing file /home/azfarmustafa/airflow_tutorial/.venv/lib/python3.10/site-packages/airflow/example_dags/example_dag_decorator.py for tasks to queue
[2023-11-24T10:44:54.267+0800] {logging_mixin.py:154} INFO - [2023-11-24T10:44:54.267+0800] {dagbag.py:536} INFO - Filling up the DagBag from /home/azfarmustafa/airflow_tutorial/.venv/lib/python3.10/site-packages/airflow/example_dags/example_dag_decorator.py
[2023-11-24T10:44:54.276+0800] {processor.py:839} INFO - DAG(s) dict_keys(['example_dag_decorator']) retrieved from /home/azfarmustafa/airflow_tutorial/.venv/lib/python3.10/site-packages/airflow/example_dags/example_dag_decorator.py
[2023-11-24T10:44:54.364+0800] {logging_mixin.py:154} INFO - [2023-11-24T10:44:54.364+0800] {dag.py:2941} INFO - Sync 1 DAGs
[2023-11-24T10:44:54.373+0800] {logging_mixin.py:154} INFO - [2023-11-24T10:44:54.373+0800] {dag.py:3722} INFO - Setting next_dagrun for example_dag_decorator to None, run_after=None
[2023-11-24T10:44:54.399+0800] {processor.py:179} INFO - Processing /home/azfarmustafa/airflow_tutorial/.venv/lib/python3.10/site-packages/airflow/example_dags/example_dag_decorator.py took 0.137 seconds
[2023-11-24T10:45:43.144+0800] {processor.py:157} INFO - Started process (PID=59942) to work on /home/azfarmustafa/airflow_tutorial/.venv/lib/python3.10/site-packages/airflow/example_dags/example_dag_decorator.py
[2023-11-24T10:45:43.148+0800] {processor.py:829} INFO - Processing file /home/azfarmustafa/airflow_tutorial/.venv/lib/python3.10/site-packages/airflow/example_dags/example_dag_decorator.py for tasks to queue
[2023-11-24T10:45:43.149+0800] {logging_mixin.py:154} INFO - [2023-11-24T10:45:43.148+0800] {dagbag.py:536} INFO - Filling up the DagBag from /home/azfarmustafa/airflow_tutorial/.venv/lib/python3.10/site-packages/airflow/example_dags/example_dag_decorator.py
[2023-11-24T10:45:43.159+0800] {processor.py:839} INFO - DAG(s) dict_keys(['example_dag_decorator']) retrieved from /home/azfarmustafa/airflow_tutorial/.venv/lib/python3.10/site-packages/airflow/example_dags/example_dag_decorator.py
[2023-11-24T10:45:43.239+0800] {logging_mixin.py:154} INFO - [2023-11-24T10:45:43.239+0800] {dag.py:2941} INFO - Sync 1 DAGs
[2023-11-24T10:45:43.249+0800] {logging_mixin.py:154} INFO - [2023-11-24T10:45:43.249+0800] {dag.py:3722} INFO - Setting next_dagrun for example_dag_decorator to None, run_after=None
[2023-11-24T10:45:43.275+0800] {processor.py:179} INFO - Processing /home/azfarmustafa/airflow_tutorial/.venv/lib/python3.10/site-packages/airflow/example_dags/example_dag_decorator.py took 0.133 seconds
[2023-11-24T10:46:28.264+0800] {processor.py:157} INFO - Started process (PID=59989) to work on /home/azfarmustafa/airflow_tutorial/.venv/lib/python3.10/site-packages/airflow/example_dags/example_dag_decorator.py
[2023-11-24T10:46:28.268+0800] {processor.py:829} INFO - Processing file /home/azfarmustafa/airflow_tutorial/.venv/lib/python3.10/site-packages/airflow/example_dags/example_dag_decorator.py for tasks to queue
[2023-11-24T10:46:28.269+0800] {logging_mixin.py:154} INFO - [2023-11-24T10:46:28.269+0800] {dagbag.py:536} INFO - Filling up the DagBag from /home/azfarmustafa/airflow_tutorial/.venv/lib/python3.10/site-packages/airflow/example_dags/example_dag_decorator.py
[2023-11-24T10:46:28.279+0800] {processor.py:839} INFO - DAG(s) dict_keys(['example_dag_decorator']) retrieved from /home/azfarmustafa/airflow_tutorial/.venv/lib/python3.10/site-packages/airflow/example_dags/example_dag_decorator.py
[2023-11-24T10:46:28.363+0800] {logging_mixin.py:154} INFO - [2023-11-24T10:46:28.362+0800] {dag.py:2941} INFO - Sync 1 DAGs
[2023-11-24T10:46:28.373+0800] {logging_mixin.py:154} INFO - [2023-11-24T10:46:28.372+0800] {dag.py:3722} INFO - Setting next_dagrun for example_dag_decorator to None, run_after=None
[2023-11-24T10:46:28.397+0800] {processor.py:179} INFO - Processing /home/azfarmustafa/airflow_tutorial/.venv/lib/python3.10/site-packages/airflow/example_dags/example_dag_decorator.py took 0.136 seconds
[2023-11-24T10:47:14.526+0800] {processor.py:157} INFO - Started process (PID=60042) to work on /home/azfarmustafa/airflow_tutorial/.venv/lib/python3.10/site-packages/airflow/example_dags/example_dag_decorator.py
[2023-11-24T10:47:14.528+0800] {processor.py:829} INFO - Processing file /home/azfarmustafa/airflow_tutorial/.venv/lib/python3.10/site-packages/airflow/example_dags/example_dag_decorator.py for tasks to queue
[2023-11-24T10:47:14.529+0800] {logging_mixin.py:154} INFO - [2023-11-24T10:47:14.529+0800] {dagbag.py:536} INFO - Filling up the DagBag from /home/azfarmustafa/airflow_tutorial/.venv/lib/python3.10/site-packages/airflow/example_dags/example_dag_decorator.py
[2023-11-24T10:47:14.540+0800] {processor.py:839} INFO - DAG(s) dict_keys(['example_dag_decorator']) retrieved from /home/azfarmustafa/airflow_tutorial/.venv/lib/python3.10/site-packages/airflow/example_dags/example_dag_decorator.py
[2023-11-24T10:47:14.635+0800] {logging_mixin.py:154} INFO - [2023-11-24T10:47:14.635+0800] {dag.py:2941} INFO - Sync 1 DAGs
[2023-11-24T10:47:14.643+0800] {logging_mixin.py:154} INFO - [2023-11-24T10:47:14.643+0800] {dag.py:3722} INFO - Setting next_dagrun for example_dag_decorator to None, run_after=None
[2023-11-24T10:47:14.672+0800] {processor.py:179} INFO - Processing /home/azfarmustafa/airflow_tutorial/.venv/lib/python3.10/site-packages/airflow/example_dags/example_dag_decorator.py took 0.150 seconds
[2023-11-24T10:47:57.750+0800] {processor.py:157} INFO - Started process (PID=60087) to work on /home/azfarmustafa/airflow_tutorial/.venv/lib/python3.10/site-packages/airflow/example_dags/example_dag_decorator.py
[2023-11-24T10:47:57.754+0800] {processor.py:829} INFO - Processing file /home/azfarmustafa/airflow_tutorial/.venv/lib/python3.10/site-packages/airflow/example_dags/example_dag_decorator.py for tasks to queue
[2023-11-24T10:47:57.755+0800] {logging_mixin.py:154} INFO - [2023-11-24T10:47:57.754+0800] {dagbag.py:536} INFO - Filling up the DagBag from /home/azfarmustafa/airflow_tutorial/.venv/lib/python3.10/site-packages/airflow/example_dags/example_dag_decorator.py
[2023-11-24T10:47:57.767+0800] {processor.py:839} INFO - DAG(s) dict_keys(['example_dag_decorator']) retrieved from /home/azfarmustafa/airflow_tutorial/.venv/lib/python3.10/site-packages/airflow/example_dags/example_dag_decorator.py
[2023-11-24T10:47:57.861+0800] {logging_mixin.py:154} INFO - [2023-11-24T10:47:57.861+0800] {dag.py:2941} INFO - Sync 1 DAGs
[2023-11-24T10:47:57.872+0800] {logging_mixin.py:154} INFO - [2023-11-24T10:47:57.872+0800] {dag.py:3722} INFO - Setting next_dagrun for example_dag_decorator to None, run_after=None
[2023-11-24T10:47:57.900+0800] {processor.py:179} INFO - Processing /home/azfarmustafa/airflow_tutorial/.venv/lib/python3.10/site-packages/airflow/example_dags/example_dag_decorator.py took 0.154 seconds
[2023-11-24T10:48:44.798+0800] {processor.py:157} INFO - Started process (PID=60134) to work on /home/azfarmustafa/airflow_tutorial/.venv/lib/python3.10/site-packages/airflow/example_dags/example_dag_decorator.py
[2023-11-24T10:48:44.800+0800] {processor.py:829} INFO - Processing file /home/azfarmustafa/airflow_tutorial/.venv/lib/python3.10/site-packages/airflow/example_dags/example_dag_decorator.py for tasks to queue
[2023-11-24T10:48:44.801+0800] {logging_mixin.py:154} INFO - [2023-11-24T10:48:44.801+0800] {dagbag.py:536} INFO - Filling up the DagBag from /home/azfarmustafa/airflow_tutorial/.venv/lib/python3.10/site-packages/airflow/example_dags/example_dag_decorator.py
[2023-11-24T10:48:44.813+0800] {processor.py:839} INFO - DAG(s) dict_keys(['example_dag_decorator']) retrieved from /home/azfarmustafa/airflow_tutorial/.venv/lib/python3.10/site-packages/airflow/example_dags/example_dag_decorator.py
[2023-11-24T10:48:44.909+0800] {logging_mixin.py:154} INFO - [2023-11-24T10:48:44.908+0800] {dag.py:2941} INFO - Sync 1 DAGs
[2023-11-24T10:48:44.918+0800] {logging_mixin.py:154} INFO - [2023-11-24T10:48:44.918+0800] {dag.py:3722} INFO - Setting next_dagrun for example_dag_decorator to None, run_after=None
[2023-11-24T10:48:44.946+0800] {processor.py:179} INFO - Processing /home/azfarmustafa/airflow_tutorial/.venv/lib/python3.10/site-packages/airflow/example_dags/example_dag_decorator.py took 0.151 seconds
[2023-11-24T10:49:33.981+0800] {processor.py:157} INFO - Started process (PID=60184) to work on /home/azfarmustafa/airflow_tutorial/.venv/lib/python3.10/site-packages/airflow/example_dags/example_dag_decorator.py
[2023-11-24T10:49:33.982+0800] {processor.py:829} INFO - Processing file /home/azfarmustafa/airflow_tutorial/.venv/lib/python3.10/site-packages/airflow/example_dags/example_dag_decorator.py for tasks to queue
[2023-11-24T10:49:33.983+0800] {logging_mixin.py:154} INFO - [2023-11-24T10:49:33.983+0800] {dagbag.py:536} INFO - Filling up the DagBag from /home/azfarmustafa/airflow_tutorial/.venv/lib/python3.10/site-packages/airflow/example_dags/example_dag_decorator.py
[2023-11-24T10:49:33.997+0800] {processor.py:839} INFO - DAG(s) dict_keys(['example_dag_decorator']) retrieved from /home/azfarmustafa/airflow_tutorial/.venv/lib/python3.10/site-packages/airflow/example_dags/example_dag_decorator.py
[2023-11-24T10:49:34.087+0800] {logging_mixin.py:154} INFO - [2023-11-24T10:49:34.087+0800] {dag.py:2941} INFO - Sync 1 DAGs
[2023-11-24T10:49:34.100+0800] {logging_mixin.py:154} INFO - [2023-11-24T10:49:34.099+0800] {dag.py:3722} INFO - Setting next_dagrun for example_dag_decorator to None, run_after=None
[2023-11-24T10:49:34.132+0800] {processor.py:179} INFO - Processing /home/azfarmustafa/airflow_tutorial/.venv/lib/python3.10/site-packages/airflow/example_dags/example_dag_decorator.py took 0.155 seconds
[2023-11-24T10:50:19.172+0800] {processor.py:157} INFO - Started process (PID=60231) to work on /home/azfarmustafa/airflow_tutorial/.venv/lib/python3.10/site-packages/airflow/example_dags/example_dag_decorator.py
[2023-11-24T10:50:19.176+0800] {processor.py:829} INFO - Processing file /home/azfarmustafa/airflow_tutorial/.venv/lib/python3.10/site-packages/airflow/example_dags/example_dag_decorator.py for tasks to queue
[2023-11-24T10:50:19.177+0800] {logging_mixin.py:154} INFO - [2023-11-24T10:50:19.176+0800] {dagbag.py:536} INFO - Filling up the DagBag from /home/azfarmustafa/airflow_tutorial/.venv/lib/python3.10/site-packages/airflow/example_dags/example_dag_decorator.py
[2023-11-24T10:50:19.195+0800] {processor.py:839} INFO - DAG(s) dict_keys(['example_dag_decorator']) retrieved from /home/azfarmustafa/airflow_tutorial/.venv/lib/python3.10/site-packages/airflow/example_dags/example_dag_decorator.py
[2023-11-24T10:50:19.299+0800] {logging_mixin.py:154} INFO - [2023-11-24T10:50:19.299+0800] {dag.py:2941} INFO - Sync 1 DAGs
[2023-11-24T10:50:19.310+0800] {logging_mixin.py:154} INFO - [2023-11-24T10:50:19.309+0800] {dag.py:3722} INFO - Setting next_dagrun for example_dag_decorator to None, run_after=None
[2023-11-24T10:50:19.341+0800] {processor.py:179} INFO - Processing /home/azfarmustafa/airflow_tutorial/.venv/lib/python3.10/site-packages/airflow/example_dags/example_dag_decorator.py took 0.172 seconds
[2023-11-24T10:51:05.759+0800] {processor.py:157} INFO - Started process (PID=60279) to work on /home/azfarmustafa/airflow_tutorial/.venv/lib/python3.10/site-packages/airflow/example_dags/example_dag_decorator.py
[2023-11-24T10:51:05.760+0800] {processor.py:829} INFO - Processing file /home/azfarmustafa/airflow_tutorial/.venv/lib/python3.10/site-packages/airflow/example_dags/example_dag_decorator.py for tasks to queue
[2023-11-24T10:51:05.761+0800] {logging_mixin.py:154} INFO - [2023-11-24T10:51:05.761+0800] {dagbag.py:536} INFO - Filling up the DagBag from /home/azfarmustafa/airflow_tutorial/.venv/lib/python3.10/site-packages/airflow/example_dags/example_dag_decorator.py
[2023-11-24T10:51:05.771+0800] {processor.py:839} INFO - DAG(s) dict_keys(['example_dag_decorator']) retrieved from /home/azfarmustafa/airflow_tutorial/.venv/lib/python3.10/site-packages/airflow/example_dags/example_dag_decorator.py
[2023-11-24T10:51:05.856+0800] {logging_mixin.py:154} INFO - [2023-11-24T10:51:05.855+0800] {dag.py:2941} INFO - Sync 1 DAGs
[2023-11-24T10:51:05.864+0800] {logging_mixin.py:154} INFO - [2023-11-24T10:51:05.864+0800] {dag.py:3722} INFO - Setting next_dagrun for example_dag_decorator to None, run_after=None
[2023-11-24T10:51:05.889+0800] {processor.py:179} INFO - Processing /home/azfarmustafa/airflow_tutorial/.venv/lib/python3.10/site-packages/airflow/example_dags/example_dag_decorator.py took 0.133 seconds
[2023-11-24T10:51:53.425+0800] {processor.py:157} INFO - Started process (PID=60327) to work on /home/azfarmustafa/airflow_tutorial/.venv/lib/python3.10/site-packages/airflow/example_dags/example_dag_decorator.py
[2023-11-24T10:51:53.426+0800] {processor.py:829} INFO - Processing file /home/azfarmustafa/airflow_tutorial/.venv/lib/python3.10/site-packages/airflow/example_dags/example_dag_decorator.py for tasks to queue
[2023-11-24T10:51:53.427+0800] {logging_mixin.py:154} INFO - [2023-11-24T10:51:53.426+0800] {dagbag.py:536} INFO - Filling up the DagBag from /home/azfarmustafa/airflow_tutorial/.venv/lib/python3.10/site-packages/airflow/example_dags/example_dag_decorator.py
[2023-11-24T10:51:53.436+0800] {processor.py:839} INFO - DAG(s) dict_keys(['example_dag_decorator']) retrieved from /home/azfarmustafa/airflow_tutorial/.venv/lib/python3.10/site-packages/airflow/example_dags/example_dag_decorator.py
[2023-11-24T10:51:53.519+0800] {logging_mixin.py:154} INFO - [2023-11-24T10:51:53.519+0800] {dag.py:2941} INFO - Sync 1 DAGs
[2023-11-24T10:51:53.527+0800] {logging_mixin.py:154} INFO - [2023-11-24T10:51:53.527+0800] {dag.py:3722} INFO - Setting next_dagrun for example_dag_decorator to None, run_after=None
[2023-11-24T10:51:53.552+0800] {processor.py:179} INFO - Processing /home/azfarmustafa/airflow_tutorial/.venv/lib/python3.10/site-packages/airflow/example_dags/example_dag_decorator.py took 0.130 seconds
[2023-11-24T10:52:41.881+0800] {processor.py:157} INFO - Started process (PID=60375) to work on /home/azfarmustafa/airflow_tutorial/.venv/lib/python3.10/site-packages/airflow/example_dags/example_dag_decorator.py
[2023-11-24T10:52:41.885+0800] {processor.py:829} INFO - Processing file /home/azfarmustafa/airflow_tutorial/.venv/lib/python3.10/site-packages/airflow/example_dags/example_dag_decorator.py for tasks to queue
[2023-11-24T10:52:41.886+0800] {logging_mixin.py:154} INFO - [2023-11-24T10:52:41.885+0800] {dagbag.py:536} INFO - Filling up the DagBag from /home/azfarmustafa/airflow_tutorial/.venv/lib/python3.10/site-packages/airflow/example_dags/example_dag_decorator.py
[2023-11-24T10:52:41.896+0800] {processor.py:839} INFO - DAG(s) dict_keys(['example_dag_decorator']) retrieved from /home/azfarmustafa/airflow_tutorial/.venv/lib/python3.10/site-packages/airflow/example_dags/example_dag_decorator.py
[2023-11-24T10:52:41.976+0800] {logging_mixin.py:154} INFO - [2023-11-24T10:52:41.976+0800] {dag.py:2941} INFO - Sync 1 DAGs
[2023-11-24T10:52:41.987+0800] {logging_mixin.py:154} INFO - [2023-11-24T10:52:41.987+0800] {dag.py:3722} INFO - Setting next_dagrun for example_dag_decorator to None, run_after=None
[2023-11-24T10:52:42.018+0800] {processor.py:179} INFO - Processing /home/azfarmustafa/airflow_tutorial/.venv/lib/python3.10/site-packages/airflow/example_dags/example_dag_decorator.py took 0.141 seconds
[2023-11-24T10:53:30.729+0800] {processor.py:157} INFO - Started process (PID=60431) to work on /home/azfarmustafa/airflow_tutorial/.venv/lib/python3.10/site-packages/airflow/example_dags/example_dag_decorator.py
[2023-11-24T10:53:30.733+0800] {processor.py:829} INFO - Processing file /home/azfarmustafa/airflow_tutorial/.venv/lib/python3.10/site-packages/airflow/example_dags/example_dag_decorator.py for tasks to queue
[2023-11-24T10:53:30.734+0800] {logging_mixin.py:154} INFO - [2023-11-24T10:53:30.734+0800] {dagbag.py:536} INFO - Filling up the DagBag from /home/azfarmustafa/airflow_tutorial/.venv/lib/python3.10/site-packages/airflow/example_dags/example_dag_decorator.py
[2023-11-24T10:53:30.745+0800] {processor.py:839} INFO - DAG(s) dict_keys(['example_dag_decorator']) retrieved from /home/azfarmustafa/airflow_tutorial/.venv/lib/python3.10/site-packages/airflow/example_dags/example_dag_decorator.py
[2023-11-24T10:53:30.833+0800] {logging_mixin.py:154} INFO - [2023-11-24T10:53:30.832+0800] {dag.py:2941} INFO - Sync 1 DAGs
[2023-11-24T10:53:30.841+0800] {logging_mixin.py:154} INFO - [2023-11-24T10:53:30.841+0800] {dag.py:3722} INFO - Setting next_dagrun for example_dag_decorator to None, run_after=None
[2023-11-24T10:53:30.866+0800] {processor.py:179} INFO - Processing /home/azfarmustafa/airflow_tutorial/.venv/lib/python3.10/site-packages/airflow/example_dags/example_dag_decorator.py took 0.140 seconds
[2023-11-24T10:54:18.888+0800] {processor.py:157} INFO - Started process (PID=60479) to work on /home/azfarmustafa/airflow_tutorial/.venv/lib/python3.10/site-packages/airflow/example_dags/example_dag_decorator.py
[2023-11-24T10:54:18.895+0800] {processor.py:829} INFO - Processing file /home/azfarmustafa/airflow_tutorial/.venv/lib/python3.10/site-packages/airflow/example_dags/example_dag_decorator.py for tasks to queue
[2023-11-24T10:54:18.896+0800] {logging_mixin.py:154} INFO - [2023-11-24T10:54:18.895+0800] {dagbag.py:536} INFO - Filling up the DagBag from /home/azfarmustafa/airflow_tutorial/.venv/lib/python3.10/site-packages/airflow/example_dags/example_dag_decorator.py
[2023-11-24T10:54:18.905+0800] {processor.py:839} INFO - DAG(s) dict_keys(['example_dag_decorator']) retrieved from /home/azfarmustafa/airflow_tutorial/.venv/lib/python3.10/site-packages/airflow/example_dags/example_dag_decorator.py
[2023-11-24T10:54:18.997+0800] {logging_mixin.py:154} INFO - [2023-11-24T10:54:18.997+0800] {dag.py:2941} INFO - Sync 1 DAGs
[2023-11-24T10:54:19.007+0800] {logging_mixin.py:154} INFO - [2023-11-24T10:54:19.007+0800] {dag.py:3722} INFO - Setting next_dagrun for example_dag_decorator to None, run_after=None
[2023-11-24T10:54:19.033+0800] {processor.py:179} INFO - Processing /home/azfarmustafa/airflow_tutorial/.venv/lib/python3.10/site-packages/airflow/example_dags/example_dag_decorator.py took 0.148 seconds
[2023-11-24T10:55:07.615+0800] {processor.py:157} INFO - Started process (PID=60528) to work on /home/azfarmustafa/airflow_tutorial/.venv/lib/python3.10/site-packages/airflow/example_dags/example_dag_decorator.py
[2023-11-24T10:55:07.619+0800] {processor.py:829} INFO - Processing file /home/azfarmustafa/airflow_tutorial/.venv/lib/python3.10/site-packages/airflow/example_dags/example_dag_decorator.py for tasks to queue
[2023-11-24T10:55:07.620+0800] {logging_mixin.py:154} INFO - [2023-11-24T10:55:07.619+0800] {dagbag.py:536} INFO - Filling up the DagBag from /home/azfarmustafa/airflow_tutorial/.venv/lib/python3.10/site-packages/airflow/example_dags/example_dag_decorator.py
[2023-11-24T10:55:07.629+0800] {processor.py:839} INFO - DAG(s) dict_keys(['example_dag_decorator']) retrieved from /home/azfarmustafa/airflow_tutorial/.venv/lib/python3.10/site-packages/airflow/example_dags/example_dag_decorator.py
[2023-11-24T10:55:07.720+0800] {logging_mixin.py:154} INFO - [2023-11-24T10:55:07.720+0800] {dag.py:2941} INFO - Sync 1 DAGs
[2023-11-24T10:55:07.728+0800] {logging_mixin.py:154} INFO - [2023-11-24T10:55:07.728+0800] {dag.py:3722} INFO - Setting next_dagrun for example_dag_decorator to None, run_after=None
[2023-11-24T10:55:07.755+0800] {processor.py:179} INFO - Processing /home/azfarmustafa/airflow_tutorial/.venv/lib/python3.10/site-packages/airflow/example_dags/example_dag_decorator.py took 0.143 seconds
[2023-11-24T10:55:52.911+0800] {processor.py:157} INFO - Started process (PID=60574) to work on /home/azfarmustafa/airflow_tutorial/.venv/lib/python3.10/site-packages/airflow/example_dags/example_dag_decorator.py
[2023-11-24T10:55:52.912+0800] {processor.py:829} INFO - Processing file /home/azfarmustafa/airflow_tutorial/.venv/lib/python3.10/site-packages/airflow/example_dags/example_dag_decorator.py for tasks to queue
[2023-11-24T10:55:52.913+0800] {logging_mixin.py:154} INFO - [2023-11-24T10:55:52.913+0800] {dagbag.py:536} INFO - Filling up the DagBag from /home/azfarmustafa/airflow_tutorial/.venv/lib/python3.10/site-packages/airflow/example_dags/example_dag_decorator.py
[2023-11-24T10:55:52.923+0800] {processor.py:839} INFO - DAG(s) dict_keys(['example_dag_decorator']) retrieved from /home/azfarmustafa/airflow_tutorial/.venv/lib/python3.10/site-packages/airflow/example_dags/example_dag_decorator.py
[2023-11-24T10:55:53.014+0800] {logging_mixin.py:154} INFO - [2023-11-24T10:55:53.014+0800] {dag.py:2941} INFO - Sync 1 DAGs
[2023-11-24T10:55:53.023+0800] {logging_mixin.py:154} INFO - [2023-11-24T10:55:53.023+0800] {dag.py:3722} INFO - Setting next_dagrun for example_dag_decorator to None, run_after=None
[2023-11-24T10:55:53.049+0800] {processor.py:179} INFO - Processing /home/azfarmustafa/airflow_tutorial/.venv/lib/python3.10/site-packages/airflow/example_dags/example_dag_decorator.py took 0.140 seconds
[2023-11-24T10:56:36.895+0800] {processor.py:157} INFO - Started process (PID=60621) to work on /home/azfarmustafa/airflow_tutorial/.venv/lib/python3.10/site-packages/airflow/example_dags/example_dag_decorator.py
[2023-11-24T10:56:36.898+0800] {processor.py:829} INFO - Processing file /home/azfarmustafa/airflow_tutorial/.venv/lib/python3.10/site-packages/airflow/example_dags/example_dag_decorator.py for tasks to queue
[2023-11-24T10:56:36.899+0800] {logging_mixin.py:154} INFO - [2023-11-24T10:56:36.899+0800] {dagbag.py:536} INFO - Filling up the DagBag from /home/azfarmustafa/airflow_tutorial/.venv/lib/python3.10/site-packages/airflow/example_dags/example_dag_decorator.py
[2023-11-24T10:56:36.912+0800] {processor.py:839} INFO - DAG(s) dict_keys(['example_dag_decorator']) retrieved from /home/azfarmustafa/airflow_tutorial/.venv/lib/python3.10/site-packages/airflow/example_dags/example_dag_decorator.py
[2023-11-24T10:56:36.997+0800] {logging_mixin.py:154} INFO - [2023-11-24T10:56:36.997+0800] {dag.py:2941} INFO - Sync 1 DAGs
[2023-11-24T10:56:37.007+0800] {logging_mixin.py:154} INFO - [2023-11-24T10:56:37.006+0800] {dag.py:3722} INFO - Setting next_dagrun for example_dag_decorator to None, run_after=None
[2023-11-24T10:56:37.033+0800] {processor.py:179} INFO - Processing /home/azfarmustafa/airflow_tutorial/.venv/lib/python3.10/site-packages/airflow/example_dags/example_dag_decorator.py took 0.141 seconds
[2023-11-24T10:57:19.283+0800] {processor.py:157} INFO - Started process (PID=60664) to work on /home/azfarmustafa/airflow_tutorial/.venv/lib/python3.10/site-packages/airflow/example_dags/example_dag_decorator.py
[2023-11-24T10:57:19.287+0800] {processor.py:829} INFO - Processing file /home/azfarmustafa/airflow_tutorial/.venv/lib/python3.10/site-packages/airflow/example_dags/example_dag_decorator.py for tasks to queue
[2023-11-24T10:57:19.288+0800] {logging_mixin.py:154} INFO - [2023-11-24T10:57:19.287+0800] {dagbag.py:536} INFO - Filling up the DagBag from /home/azfarmustafa/airflow_tutorial/.venv/lib/python3.10/site-packages/airflow/example_dags/example_dag_decorator.py
[2023-11-24T10:57:19.298+0800] {processor.py:839} INFO - DAG(s) dict_keys(['example_dag_decorator']) retrieved from /home/azfarmustafa/airflow_tutorial/.venv/lib/python3.10/site-packages/airflow/example_dags/example_dag_decorator.py
[2023-11-24T10:57:19.383+0800] {logging_mixin.py:154} INFO - [2023-11-24T10:57:19.383+0800] {dag.py:2941} INFO - Sync 1 DAGs
[2023-11-24T10:57:19.391+0800] {logging_mixin.py:154} INFO - [2023-11-24T10:57:19.391+0800] {dag.py:3722} INFO - Setting next_dagrun for example_dag_decorator to None, run_after=None
[2023-11-24T10:57:19.418+0800] {processor.py:179} INFO - Processing /home/azfarmustafa/airflow_tutorial/.venv/lib/python3.10/site-packages/airflow/example_dags/example_dag_decorator.py took 0.138 seconds
[2023-11-24T10:58:03.419+0800] {processor.py:157} INFO - Started process (PID=60710) to work on /home/azfarmustafa/airflow_tutorial/.venv/lib/python3.10/site-packages/airflow/example_dags/example_dag_decorator.py
[2023-11-24T10:58:03.420+0800] {processor.py:829} INFO - Processing file /home/azfarmustafa/airflow_tutorial/.venv/lib/python3.10/site-packages/airflow/example_dags/example_dag_decorator.py for tasks to queue
[2023-11-24T10:58:03.421+0800] {logging_mixin.py:154} INFO - [2023-11-24T10:58:03.421+0800] {dagbag.py:536} INFO - Filling up the DagBag from /home/azfarmustafa/airflow_tutorial/.venv/lib/python3.10/site-packages/airflow/example_dags/example_dag_decorator.py
[2023-11-24T10:58:03.433+0800] {processor.py:839} INFO - DAG(s) dict_keys(['example_dag_decorator']) retrieved from /home/azfarmustafa/airflow_tutorial/.venv/lib/python3.10/site-packages/airflow/example_dags/example_dag_decorator.py
[2023-11-24T10:58:03.533+0800] {logging_mixin.py:154} INFO - [2023-11-24T10:58:03.533+0800] {dag.py:2941} INFO - Sync 1 DAGs
[2023-11-24T10:58:03.544+0800] {logging_mixin.py:154} INFO - [2023-11-24T10:58:03.543+0800] {dag.py:3722} INFO - Setting next_dagrun for example_dag_decorator to None, run_after=None
[2023-11-24T10:58:03.571+0800] {processor.py:179} INFO - Processing /home/azfarmustafa/airflow_tutorial/.venv/lib/python3.10/site-packages/airflow/example_dags/example_dag_decorator.py took 0.156 seconds
[2023-11-24T10:58:49.957+0800] {processor.py:157} INFO - Started process (PID=60758) to work on /home/azfarmustafa/airflow_tutorial/.venv/lib/python3.10/site-packages/airflow/example_dags/example_dag_decorator.py
[2023-11-24T10:58:49.961+0800] {processor.py:829} INFO - Processing file /home/azfarmustafa/airflow_tutorial/.venv/lib/python3.10/site-packages/airflow/example_dags/example_dag_decorator.py for tasks to queue
[2023-11-24T10:58:49.962+0800] {logging_mixin.py:154} INFO - [2023-11-24T10:58:49.961+0800] {dagbag.py:536} INFO - Filling up the DagBag from /home/azfarmustafa/airflow_tutorial/.venv/lib/python3.10/site-packages/airflow/example_dags/example_dag_decorator.py
[2023-11-24T10:58:49.971+0800] {processor.py:839} INFO - DAG(s) dict_keys(['example_dag_decorator']) retrieved from /home/azfarmustafa/airflow_tutorial/.venv/lib/python3.10/site-packages/airflow/example_dags/example_dag_decorator.py
[2023-11-24T10:58:50.060+0800] {logging_mixin.py:154} INFO - [2023-11-24T10:58:50.060+0800] {dag.py:2941} INFO - Sync 1 DAGs
[2023-11-24T10:58:50.070+0800] {logging_mixin.py:154} INFO - [2023-11-24T10:58:50.070+0800] {dag.py:3722} INFO - Setting next_dagrun for example_dag_decorator to None, run_after=None
[2023-11-24T10:58:50.096+0800] {processor.py:179} INFO - Processing /home/azfarmustafa/airflow_tutorial/.venv/lib/python3.10/site-packages/airflow/example_dags/example_dag_decorator.py took 0.142 seconds
[2023-11-24T10:59:36.925+0800] {processor.py:157} INFO - Started process (PID=60812) to work on /home/azfarmustafa/airflow_tutorial/.venv/lib/python3.10/site-packages/airflow/example_dags/example_dag_decorator.py
[2023-11-24T10:59:36.929+0800] {processor.py:829} INFO - Processing file /home/azfarmustafa/airflow_tutorial/.venv/lib/python3.10/site-packages/airflow/example_dags/example_dag_decorator.py for tasks to queue
[2023-11-24T10:59:36.930+0800] {logging_mixin.py:154} INFO - [2023-11-24T10:59:36.930+0800] {dagbag.py:536} INFO - Filling up the DagBag from /home/azfarmustafa/airflow_tutorial/.venv/lib/python3.10/site-packages/airflow/example_dags/example_dag_decorator.py
[2023-11-24T10:59:36.940+0800] {processor.py:839} INFO - DAG(s) dict_keys(['example_dag_decorator']) retrieved from /home/azfarmustafa/airflow_tutorial/.venv/lib/python3.10/site-packages/airflow/example_dags/example_dag_decorator.py
[2023-11-24T10:59:37.038+0800] {logging_mixin.py:154} INFO - [2023-11-24T10:59:37.038+0800] {dag.py:2941} INFO - Sync 1 DAGs
[2023-11-24T10:59:37.049+0800] {logging_mixin.py:154} INFO - [2023-11-24T10:59:37.049+0800] {dag.py:3722} INFO - Setting next_dagrun for example_dag_decorator to None, run_after=None
[2023-11-24T10:59:37.075+0800] {processor.py:179} INFO - Processing /home/azfarmustafa/airflow_tutorial/.venv/lib/python3.10/site-packages/airflow/example_dags/example_dag_decorator.py took 0.153 seconds
[2023-11-24T11:00:22.528+0800] {processor.py:157} INFO - Started process (PID=60859) to work on /home/azfarmustafa/airflow_tutorial/.venv/lib/python3.10/site-packages/airflow/example_dags/example_dag_decorator.py
[2023-11-24T11:00:22.530+0800] {processor.py:829} INFO - Processing file /home/azfarmustafa/airflow_tutorial/.venv/lib/python3.10/site-packages/airflow/example_dags/example_dag_decorator.py for tasks to queue
[2023-11-24T11:00:22.531+0800] {logging_mixin.py:154} INFO - [2023-11-24T11:00:22.530+0800] {dagbag.py:536} INFO - Filling up the DagBag from /home/azfarmustafa/airflow_tutorial/.venv/lib/python3.10/site-packages/airflow/example_dags/example_dag_decorator.py
[2023-11-24T11:00:22.541+0800] {processor.py:839} INFO - DAG(s) dict_keys(['example_dag_decorator']) retrieved from /home/azfarmustafa/airflow_tutorial/.venv/lib/python3.10/site-packages/airflow/example_dags/example_dag_decorator.py
[2023-11-24T11:00:22.628+0800] {logging_mixin.py:154} INFO - [2023-11-24T11:00:22.627+0800] {dag.py:2941} INFO - Sync 1 DAGs
[2023-11-24T11:00:22.640+0800] {logging_mixin.py:154} INFO - [2023-11-24T11:00:22.640+0800] {dag.py:3722} INFO - Setting next_dagrun for example_dag_decorator to None, run_after=None
[2023-11-24T11:00:22.666+0800] {processor.py:179} INFO - Processing /home/azfarmustafa/airflow_tutorial/.venv/lib/python3.10/site-packages/airflow/example_dags/example_dag_decorator.py took 0.140 seconds
[2023-11-24T11:01:05.477+0800] {processor.py:157} INFO - Started process (PID=60903) to work on /home/azfarmustafa/airflow_tutorial/.venv/lib/python3.10/site-packages/airflow/example_dags/example_dag_decorator.py
[2023-11-24T11:01:05.481+0800] {processor.py:829} INFO - Processing file /home/azfarmustafa/airflow_tutorial/.venv/lib/python3.10/site-packages/airflow/example_dags/example_dag_decorator.py for tasks to queue
[2023-11-24T11:01:05.482+0800] {logging_mixin.py:154} INFO - [2023-11-24T11:01:05.481+0800] {dagbag.py:536} INFO - Filling up the DagBag from /home/azfarmustafa/airflow_tutorial/.venv/lib/python3.10/site-packages/airflow/example_dags/example_dag_decorator.py
[2023-11-24T11:01:05.491+0800] {processor.py:839} INFO - DAG(s) dict_keys(['example_dag_decorator']) retrieved from /home/azfarmustafa/airflow_tutorial/.venv/lib/python3.10/site-packages/airflow/example_dags/example_dag_decorator.py
[2023-11-24T11:01:05.579+0800] {logging_mixin.py:154} INFO - [2023-11-24T11:01:05.578+0800] {dag.py:2941} INFO - Sync 1 DAGs
[2023-11-24T11:01:05.587+0800] {logging_mixin.py:154} INFO - [2023-11-24T11:01:05.587+0800] {dag.py:3722} INFO - Setting next_dagrun for example_dag_decorator to None, run_after=None
[2023-11-24T11:01:05.621+0800] {processor.py:179} INFO - Processing /home/azfarmustafa/airflow_tutorial/.venv/lib/python3.10/site-packages/airflow/example_dags/example_dag_decorator.py took 0.147 seconds
[2023-11-24T11:01:51.912+0800] {processor.py:157} INFO - Started process (PID=60951) to work on /home/azfarmustafa/airflow_tutorial/.venv/lib/python3.10/site-packages/airflow/example_dags/example_dag_decorator.py
[2023-11-24T11:01:51.916+0800] {processor.py:829} INFO - Processing file /home/azfarmustafa/airflow_tutorial/.venv/lib/python3.10/site-packages/airflow/example_dags/example_dag_decorator.py for tasks to queue
[2023-11-24T11:01:51.918+0800] {logging_mixin.py:154} INFO - [2023-11-24T11:01:51.917+0800] {dagbag.py:536} INFO - Filling up the DagBag from /home/azfarmustafa/airflow_tutorial/.venv/lib/python3.10/site-packages/airflow/example_dags/example_dag_decorator.py
[2023-11-24T11:01:51.928+0800] {processor.py:839} INFO - DAG(s) dict_keys(['example_dag_decorator']) retrieved from /home/azfarmustafa/airflow_tutorial/.venv/lib/python3.10/site-packages/airflow/example_dags/example_dag_decorator.py
[2023-11-24T11:01:52.024+0800] {logging_mixin.py:154} INFO - [2023-11-24T11:01:52.024+0800] {dag.py:2941} INFO - Sync 1 DAGs
[2023-11-24T11:01:52.035+0800] {logging_mixin.py:154} INFO - [2023-11-24T11:01:52.035+0800] {dag.py:3722} INFO - Setting next_dagrun for example_dag_decorator to None, run_after=None
[2023-11-24T11:01:52.060+0800] {processor.py:179} INFO - Processing /home/azfarmustafa/airflow_tutorial/.venv/lib/python3.10/site-packages/airflow/example_dags/example_dag_decorator.py took 0.151 seconds
[2023-11-24T11:02:37.279+0800] {processor.py:157} INFO - Started process (PID=60998) to work on /home/azfarmustafa/airflow_tutorial/.venv/lib/python3.10/site-packages/airflow/example_dags/example_dag_decorator.py
[2023-11-24T11:02:37.283+0800] {processor.py:829} INFO - Processing file /home/azfarmustafa/airflow_tutorial/.venv/lib/python3.10/site-packages/airflow/example_dags/example_dag_decorator.py for tasks to queue
[2023-11-24T11:02:37.284+0800] {logging_mixin.py:154} INFO - [2023-11-24T11:02:37.283+0800] {dagbag.py:536} INFO - Filling up the DagBag from /home/azfarmustafa/airflow_tutorial/.venv/lib/python3.10/site-packages/airflow/example_dags/example_dag_decorator.py
[2023-11-24T11:02:37.294+0800] {processor.py:839} INFO - DAG(s) dict_keys(['example_dag_decorator']) retrieved from /home/azfarmustafa/airflow_tutorial/.venv/lib/python3.10/site-packages/airflow/example_dags/example_dag_decorator.py
[2023-11-24T11:02:37.380+0800] {logging_mixin.py:154} INFO - [2023-11-24T11:02:37.379+0800] {dag.py:2941} INFO - Sync 1 DAGs
[2023-11-24T11:02:37.388+0800] {logging_mixin.py:154} INFO - [2023-11-24T11:02:37.388+0800] {dag.py:3722} INFO - Setting next_dagrun for example_dag_decorator to None, run_after=None
[2023-11-24T11:02:37.416+0800] {processor.py:179} INFO - Processing /home/azfarmustafa/airflow_tutorial/.venv/lib/python3.10/site-packages/airflow/example_dags/example_dag_decorator.py took 0.140 seconds
[2023-11-24T11:03:23.612+0800] {processor.py:157} INFO - Started process (PID=61047) to work on /home/azfarmustafa/airflow_tutorial/.venv/lib/python3.10/site-packages/airflow/example_dags/example_dag_decorator.py
[2023-11-24T11:03:23.613+0800] {processor.py:829} INFO - Processing file /home/azfarmustafa/airflow_tutorial/.venv/lib/python3.10/site-packages/airflow/example_dags/example_dag_decorator.py for tasks to queue
[2023-11-24T11:03:23.614+0800] {logging_mixin.py:154} INFO - [2023-11-24T11:03:23.614+0800] {dagbag.py:536} INFO - Filling up the DagBag from /home/azfarmustafa/airflow_tutorial/.venv/lib/python3.10/site-packages/airflow/example_dags/example_dag_decorator.py
[2023-11-24T11:03:23.628+0800] {processor.py:839} INFO - DAG(s) dict_keys(['example_dag_decorator']) retrieved from /home/azfarmustafa/airflow_tutorial/.venv/lib/python3.10/site-packages/airflow/example_dags/example_dag_decorator.py
[2023-11-24T11:03:23.742+0800] {logging_mixin.py:154} INFO - [2023-11-24T11:03:23.742+0800] {dag.py:2941} INFO - Sync 1 DAGs
[2023-11-24T11:03:23.752+0800] {logging_mixin.py:154} INFO - [2023-11-24T11:03:23.752+0800] {dag.py:3722} INFO - Setting next_dagrun for example_dag_decorator to None, run_after=None
[2023-11-24T11:03:23.780+0800] {processor.py:179} INFO - Processing /home/azfarmustafa/airflow_tutorial/.venv/lib/python3.10/site-packages/airflow/example_dags/example_dag_decorator.py took 0.173 seconds
[2023-11-24T11:04:12.290+0800] {processor.py:157} INFO - Started process (PID=61100) to work on /home/azfarmustafa/airflow_tutorial/.venv/lib/python3.10/site-packages/airflow/example_dags/example_dag_decorator.py
[2023-11-24T11:04:12.292+0800] {processor.py:829} INFO - Processing file /home/azfarmustafa/airflow_tutorial/.venv/lib/python3.10/site-packages/airflow/example_dags/example_dag_decorator.py for tasks to queue
[2023-11-24T11:04:12.293+0800] {logging_mixin.py:154} INFO - [2023-11-24T11:04:12.292+0800] {dagbag.py:536} INFO - Filling up the DagBag from /home/azfarmustafa/airflow_tutorial/.venv/lib/python3.10/site-packages/airflow/example_dags/example_dag_decorator.py
[2023-11-24T11:04:12.305+0800] {processor.py:839} INFO - DAG(s) dict_keys(['example_dag_decorator']) retrieved from /home/azfarmustafa/airflow_tutorial/.venv/lib/python3.10/site-packages/airflow/example_dags/example_dag_decorator.py
[2023-11-24T11:04:12.428+0800] {logging_mixin.py:154} INFO - [2023-11-24T11:04:12.428+0800] {dag.py:2941} INFO - Sync 1 DAGs
[2023-11-24T11:04:12.440+0800] {logging_mixin.py:154} INFO - [2023-11-24T11:04:12.440+0800] {dag.py:3722} INFO - Setting next_dagrun for example_dag_decorator to None, run_after=None
[2023-11-24T11:04:12.479+0800] {processor.py:179} INFO - Processing /home/azfarmustafa/airflow_tutorial/.venv/lib/python3.10/site-packages/airflow/example_dags/example_dag_decorator.py took 0.191 seconds
[2023-11-24T11:05:01.455+0800] {processor.py:157} INFO - Started process (PID=61164) to work on /home/azfarmustafa/airflow_tutorial/.venv/lib/python3.10/site-packages/airflow/example_dags/example_dag_decorator.py
[2023-11-24T11:05:01.459+0800] {processor.py:829} INFO - Processing file /home/azfarmustafa/airflow_tutorial/.venv/lib/python3.10/site-packages/airflow/example_dags/example_dag_decorator.py for tasks to queue
[2023-11-24T11:05:01.459+0800] {logging_mixin.py:154} INFO - [2023-11-24T11:05:01.459+0800] {dagbag.py:536} INFO - Filling up the DagBag from /home/azfarmustafa/airflow_tutorial/.venv/lib/python3.10/site-packages/airflow/example_dags/example_dag_decorator.py
[2023-11-24T11:05:01.470+0800] {processor.py:839} INFO - DAG(s) dict_keys(['example_dag_decorator']) retrieved from /home/azfarmustafa/airflow_tutorial/.venv/lib/python3.10/site-packages/airflow/example_dags/example_dag_decorator.py
[2023-11-24T11:05:01.553+0800] {logging_mixin.py:154} INFO - [2023-11-24T11:05:01.553+0800] {dag.py:2941} INFO - Sync 1 DAGs
[2023-11-24T11:05:01.562+0800] {logging_mixin.py:154} INFO - [2023-11-24T11:05:01.562+0800] {dag.py:3722} INFO - Setting next_dagrun for example_dag_decorator to None, run_after=None
[2023-11-24T11:05:01.588+0800] {processor.py:179} INFO - Processing /home/azfarmustafa/airflow_tutorial/.venv/lib/python3.10/site-packages/airflow/example_dags/example_dag_decorator.py took 0.135 seconds
