[2023-11-24T10:25:31.841+0800] {processor.py:157} INFO - Started process (PID=58686) to work on /home/azfarmustafa/airflow_tutorial/.venv/lib/python3.10/site-packages/airflow/example_dags/example_xcomargs.py
[2023-11-24T10:25:31.842+0800] {processor.py:829} INFO - Processing file /home/azfarmustafa/airflow_tutorial/.venv/lib/python3.10/site-packages/airflow/example_dags/example_xcomargs.py for tasks to queue
[2023-11-24T10:25:31.842+0800] {logging_mixin.py:154} INFO - [2023-11-24T10:25:31.842+0800] {dagbag.py:536} INFO - Filling up the DagBag from /home/azfarmustafa/airflow_tutorial/.venv/lib/python3.10/site-packages/airflow/example_dags/example_xcomargs.py
[2023-11-24T10:25:31.851+0800] {processor.py:839} INFO - DAG(s) dict_keys(['example_xcom_args', 'example_xcom_args_with_operators']) retrieved from /home/azfarmustafa/airflow_tutorial/.venv/lib/python3.10/site-packages/airflow/example_dags/example_xcomargs.py
[2023-11-24T10:25:31.873+0800] {logging_mixin.py:154} INFO - [2023-11-24T10:25:31.872+0800] {dag.py:2941} INFO - Sync 2 DAGs
[2023-11-24T10:25:31.885+0800] {logging_mixin.py:154} INFO - [2023-11-24T10:25:31.884+0800] {dag.py:3722} INFO - Setting next_dagrun for example_xcom_args to None, run_after=None
[2023-11-24T10:25:31.888+0800] {logging_mixin.py:154} INFO - [2023-11-24T10:25:31.888+0800] {dag.py:3722} INFO - Setting next_dagrun for example_xcom_args_with_operators to None, run_after=None
[2023-11-24T10:25:31.928+0800] {processor.py:179} INFO - Processing /home/azfarmustafa/airflow_tutorial/.venv/lib/python3.10/site-packages/airflow/example_dags/example_xcomargs.py took 0.091 seconds
[2023-11-24T10:26:19.683+0800] {processor.py:157} INFO - Started process (PID=58739) to work on /home/azfarmustafa/airflow_tutorial/.venv/lib/python3.10/site-packages/airflow/example_dags/example_xcomargs.py
[2023-11-24T10:26:19.685+0800] {processor.py:829} INFO - Processing file /home/azfarmustafa/airflow_tutorial/.venv/lib/python3.10/site-packages/airflow/example_dags/example_xcomargs.py for tasks to queue
[2023-11-24T10:26:19.685+0800] {logging_mixin.py:154} INFO - [2023-11-24T10:26:19.685+0800] {dagbag.py:536} INFO - Filling up the DagBag from /home/azfarmustafa/airflow_tutorial/.venv/lib/python3.10/site-packages/airflow/example_dags/example_xcomargs.py
[2023-11-24T10:26:19.693+0800] {processor.py:839} INFO - DAG(s) dict_keys(['example_xcom_args', 'example_xcom_args_with_operators']) retrieved from /home/azfarmustafa/airflow_tutorial/.venv/lib/python3.10/site-packages/airflow/example_dags/example_xcomargs.py
[2023-11-24T10:26:19.710+0800] {logging_mixin.py:154} INFO - [2023-11-24T10:26:19.709+0800] {dag.py:2941} INFO - Sync 2 DAGs
[2023-11-24T10:26:19.729+0800] {logging_mixin.py:154} INFO - [2023-11-24T10:26:19.729+0800] {dag.py:3722} INFO - Setting next_dagrun for example_xcom_args to None, run_after=None
[2023-11-24T10:26:19.733+0800] {logging_mixin.py:154} INFO - [2023-11-24T10:26:19.732+0800] {dag.py:3722} INFO - Setting next_dagrun for example_xcom_args_with_operators to None, run_after=None
[2023-11-24T10:26:19.755+0800] {processor.py:179} INFO - Processing /home/azfarmustafa/airflow_tutorial/.venv/lib/python3.10/site-packages/airflow/example_dags/example_xcomargs.py took 0.074 seconds
[2023-11-24T10:27:05.185+0800] {processor.py:157} INFO - Started process (PID=58792) to work on /home/azfarmustafa/airflow_tutorial/.venv/lib/python3.10/site-packages/airflow/example_dags/example_xcomargs.py
[2023-11-24T10:27:05.187+0800] {processor.py:829} INFO - Processing file /home/azfarmustafa/airflow_tutorial/.venv/lib/python3.10/site-packages/airflow/example_dags/example_xcomargs.py for tasks to queue
[2023-11-24T10:27:05.187+0800] {logging_mixin.py:154} INFO - [2023-11-24T10:27:05.187+0800] {dagbag.py:536} INFO - Filling up the DagBag from /home/azfarmustafa/airflow_tutorial/.venv/lib/python3.10/site-packages/airflow/example_dags/example_xcomargs.py
[2023-11-24T10:27:05.194+0800] {processor.py:839} INFO - DAG(s) dict_keys(['example_xcom_args_with_operators', 'example_xcom_args']) retrieved from /home/azfarmustafa/airflow_tutorial/.venv/lib/python3.10/site-packages/airflow/example_dags/example_xcomargs.py
[2023-11-24T10:27:05.210+0800] {logging_mixin.py:154} INFO - [2023-11-24T10:27:05.210+0800] {dag.py:2941} INFO - Sync 2 DAGs
[2023-11-24T10:27:05.221+0800] {logging_mixin.py:154} INFO - [2023-11-24T10:27:05.221+0800] {dag.py:3722} INFO - Setting next_dagrun for example_xcom_args to None, run_after=None
[2023-11-24T10:27:05.224+0800] {logging_mixin.py:154} INFO - [2023-11-24T10:27:05.224+0800] {dag.py:3722} INFO - Setting next_dagrun for example_xcom_args_with_operators to None, run_after=None
[2023-11-24T10:27:05.245+0800] {processor.py:179} INFO - Processing /home/azfarmustafa/airflow_tutorial/.venv/lib/python3.10/site-packages/airflow/example_dags/example_xcomargs.py took 0.063 seconds
[2023-11-24T10:27:38.668+0800] {processor.py:157} INFO - Started process (PID=58825) to work on /home/azfarmustafa/airflow_tutorial/.venv/lib/python3.10/site-packages/airflow/example_dags/example_xcomargs.py
[2023-11-24T10:27:38.673+0800] {processor.py:829} INFO - Processing file /home/azfarmustafa/airflow_tutorial/.venv/lib/python3.10/site-packages/airflow/example_dags/example_xcomargs.py for tasks to queue
[2023-11-24T10:27:38.674+0800] {logging_mixin.py:154} INFO - [2023-11-24T10:27:38.673+0800] {dagbag.py:536} INFO - Filling up the DagBag from /home/azfarmustafa/airflow_tutorial/.venv/lib/python3.10/site-packages/airflow/example_dags/example_xcomargs.py
[2023-11-24T10:27:38.685+0800] {processor.py:839} INFO - DAG(s) dict_keys(['example_xcom_args_with_operators', 'example_xcom_args']) retrieved from /home/azfarmustafa/airflow_tutorial/.venv/lib/python3.10/site-packages/airflow/example_dags/example_xcomargs.py
[2023-11-24T10:27:38.707+0800] {logging_mixin.py:154} INFO - [2023-11-24T10:27:38.707+0800] {dag.py:2941} INFO - Sync 2 DAGs
[2023-11-24T10:27:38.720+0800] {logging_mixin.py:154} INFO - [2023-11-24T10:27:38.720+0800] {dag.py:3722} INFO - Setting next_dagrun for example_xcom_args to None, run_after=None
[2023-11-24T10:27:38.723+0800] {logging_mixin.py:154} INFO - [2023-11-24T10:27:38.723+0800] {dag.py:3722} INFO - Setting next_dagrun for example_xcom_args_with_operators to None, run_after=None
[2023-11-24T10:27:38.749+0800] {processor.py:179} INFO - Processing /home/azfarmustafa/airflow_tutorial/.venv/lib/python3.10/site-packages/airflow/example_dags/example_xcomargs.py took 0.084 seconds
[2023-11-24T10:28:23.934+0800] {processor.py:157} INFO - Started process (PID=58871) to work on /home/azfarmustafa/airflow_tutorial/.venv/lib/python3.10/site-packages/airflow/example_dags/example_xcomargs.py
[2023-11-24T10:28:23.938+0800] {processor.py:829} INFO - Processing file /home/azfarmustafa/airflow_tutorial/.venv/lib/python3.10/site-packages/airflow/example_dags/example_xcomargs.py for tasks to queue
[2023-11-24T10:28:23.939+0800] {logging_mixin.py:154} INFO - [2023-11-24T10:28:23.939+0800] {dagbag.py:536} INFO - Filling up the DagBag from /home/azfarmustafa/airflow_tutorial/.venv/lib/python3.10/site-packages/airflow/example_dags/example_xcomargs.py
[2023-11-24T10:28:23.948+0800] {processor.py:839} INFO - DAG(s) dict_keys(['example_xcom_args_with_operators', 'example_xcom_args']) retrieved from /home/azfarmustafa/airflow_tutorial/.venv/lib/python3.10/site-packages/airflow/example_dags/example_xcomargs.py
[2023-11-24T10:28:23.973+0800] {logging_mixin.py:154} INFO - [2023-11-24T10:28:23.973+0800] {dag.py:2941} INFO - Sync 2 DAGs
[2023-11-24T10:28:23.992+0800] {logging_mixin.py:154} INFO - [2023-11-24T10:28:23.992+0800] {dag.py:3722} INFO - Setting next_dagrun for example_xcom_args to None, run_after=None
[2023-11-24T10:28:23.996+0800] {logging_mixin.py:154} INFO - [2023-11-24T10:28:23.996+0800] {dag.py:3722} INFO - Setting next_dagrun for example_xcom_args_with_operators to None, run_after=None
[2023-11-24T10:28:24.021+0800] {processor.py:179} INFO - Processing /home/azfarmustafa/airflow_tutorial/.venv/lib/python3.10/site-packages/airflow/example_dags/example_xcomargs.py took 0.089 seconds
[2023-11-24T10:28:58.250+0800] {processor.py:157} INFO - Started process (PID=58910) to work on /home/azfarmustafa/airflow_tutorial/.venv/lib/python3.10/site-packages/airflow/example_dags/example_xcomargs.py
[2023-11-24T10:28:58.251+0800] {processor.py:829} INFO - Processing file /home/azfarmustafa/airflow_tutorial/.venv/lib/python3.10/site-packages/airflow/example_dags/example_xcomargs.py for tasks to queue
[2023-11-24T10:28:58.253+0800] {logging_mixin.py:154} INFO - [2023-11-24T10:28:58.252+0800] {dagbag.py:536} INFO - Filling up the DagBag from /home/azfarmustafa/airflow_tutorial/.venv/lib/python3.10/site-packages/airflow/example_dags/example_xcomargs.py
[2023-11-24T10:28:58.260+0800] {processor.py:839} INFO - DAG(s) dict_keys(['example_xcom_args', 'example_xcom_args_with_operators']) retrieved from /home/azfarmustafa/airflow_tutorial/.venv/lib/python3.10/site-packages/airflow/example_dags/example_xcomargs.py
[2023-11-24T10:28:58.282+0800] {logging_mixin.py:154} INFO - [2023-11-24T10:28:58.282+0800] {dag.py:2941} INFO - Sync 2 DAGs
[2023-11-24T10:28:58.293+0800] {logging_mixin.py:154} INFO - [2023-11-24T10:28:58.292+0800] {dag.py:3722} INFO - Setting next_dagrun for example_xcom_args to None, run_after=None
[2023-11-24T10:28:58.296+0800] {logging_mixin.py:154} INFO - [2023-11-24T10:28:58.296+0800] {dag.py:3722} INFO - Setting next_dagrun for example_xcom_args_with_operators to None, run_after=None
[2023-11-24T10:28:58.322+0800] {processor.py:179} INFO - Processing /home/azfarmustafa/airflow_tutorial/.venv/lib/python3.10/site-packages/airflow/example_dags/example_xcomargs.py took 0.076 seconds
[2023-11-24T10:29:29.326+0800] {processor.py:157} INFO - Started process (PID=58943) to work on /home/azfarmustafa/airflow_tutorial/.venv/lib/python3.10/site-packages/airflow/example_dags/example_xcomargs.py
[2023-11-24T10:29:29.330+0800] {processor.py:829} INFO - Processing file /home/azfarmustafa/airflow_tutorial/.venv/lib/python3.10/site-packages/airflow/example_dags/example_xcomargs.py for tasks to queue
[2023-11-24T10:29:29.331+0800] {logging_mixin.py:154} INFO - [2023-11-24T10:29:29.331+0800] {dagbag.py:536} INFO - Filling up the DagBag from /home/azfarmustafa/airflow_tutorial/.venv/lib/python3.10/site-packages/airflow/example_dags/example_xcomargs.py
[2023-11-24T10:29:29.338+0800] {processor.py:839} INFO - DAG(s) dict_keys(['example_xcom_args_with_operators', 'example_xcom_args']) retrieved from /home/azfarmustafa/airflow_tutorial/.venv/lib/python3.10/site-packages/airflow/example_dags/example_xcomargs.py
[2023-11-24T10:29:29.354+0800] {logging_mixin.py:154} INFO - [2023-11-24T10:29:29.354+0800] {dag.py:2941} INFO - Sync 2 DAGs
[2023-11-24T10:29:29.364+0800] {logging_mixin.py:154} INFO - [2023-11-24T10:29:29.363+0800] {dag.py:3722} INFO - Setting next_dagrun for example_xcom_args to None, run_after=None
[2023-11-24T10:29:29.367+0800] {logging_mixin.py:154} INFO - [2023-11-24T10:29:29.367+0800] {dag.py:3722} INFO - Setting next_dagrun for example_xcom_args_with_operators to None, run_after=None
[2023-11-24T10:29:29.388+0800] {processor.py:179} INFO - Processing /home/azfarmustafa/airflow_tutorial/.venv/lib/python3.10/site-packages/airflow/example_dags/example_xcomargs.py took 0.065 seconds
[2023-11-24T10:30:16.442+0800] {processor.py:157} INFO - Started process (PID=58991) to work on /home/azfarmustafa/airflow_tutorial/.venv/lib/python3.10/site-packages/airflow/example_dags/example_xcomargs.py
[2023-11-24T10:30:16.446+0800] {processor.py:829} INFO - Processing file /home/azfarmustafa/airflow_tutorial/.venv/lib/python3.10/site-packages/airflow/example_dags/example_xcomargs.py for tasks to queue
[2023-11-24T10:30:16.447+0800] {logging_mixin.py:154} INFO - [2023-11-24T10:30:16.447+0800] {dagbag.py:536} INFO - Filling up the DagBag from /home/azfarmustafa/airflow_tutorial/.venv/lib/python3.10/site-packages/airflow/example_dags/example_xcomargs.py
[2023-11-24T10:30:16.454+0800] {processor.py:839} INFO - DAG(s) dict_keys(['example_xcom_args', 'example_xcom_args_with_operators']) retrieved from /home/azfarmustafa/airflow_tutorial/.venv/lib/python3.10/site-packages/airflow/example_dags/example_xcomargs.py
[2023-11-24T10:30:16.470+0800] {logging_mixin.py:154} INFO - [2023-11-24T10:30:16.470+0800] {dag.py:2941} INFO - Sync 2 DAGs
[2023-11-24T10:30:16.480+0800] {logging_mixin.py:154} INFO - [2023-11-24T10:30:16.480+0800] {dag.py:3722} INFO - Setting next_dagrun for example_xcom_args to None, run_after=None
[2023-11-24T10:30:16.484+0800] {logging_mixin.py:154} INFO - [2023-11-24T10:30:16.483+0800] {dag.py:3722} INFO - Setting next_dagrun for example_xcom_args_with_operators to None, run_after=None
[2023-11-24T10:30:16.505+0800] {processor.py:179} INFO - Processing /home/azfarmustafa/airflow_tutorial/.venv/lib/python3.10/site-packages/airflow/example_dags/example_xcomargs.py took 0.065 seconds
[2023-11-24T10:30:48.490+0800] {processor.py:157} INFO - Started process (PID=59025) to work on /home/azfarmustafa/airflow_tutorial/.venv/lib/python3.10/site-packages/airflow/example_dags/example_xcomargs.py
[2023-11-24T10:30:48.491+0800] {processor.py:829} INFO - Processing file /home/azfarmustafa/airflow_tutorial/.venv/lib/python3.10/site-packages/airflow/example_dags/example_xcomargs.py for tasks to queue
[2023-11-24T10:30:48.492+0800] {logging_mixin.py:154} INFO - [2023-11-24T10:30:48.491+0800] {dagbag.py:536} INFO - Filling up the DagBag from /home/azfarmustafa/airflow_tutorial/.venv/lib/python3.10/site-packages/airflow/example_dags/example_xcomargs.py
[2023-11-24T10:30:48.499+0800] {processor.py:839} INFO - DAG(s) dict_keys(['example_xcom_args_with_operators', 'example_xcom_args']) retrieved from /home/azfarmustafa/airflow_tutorial/.venv/lib/python3.10/site-packages/airflow/example_dags/example_xcomargs.py
[2023-11-24T10:30:48.518+0800] {logging_mixin.py:154} INFO - [2023-11-24T10:30:48.518+0800] {dag.py:2941} INFO - Sync 2 DAGs
[2023-11-24T10:30:48.528+0800] {logging_mixin.py:154} INFO - [2023-11-24T10:30:48.528+0800] {dag.py:3722} INFO - Setting next_dagrun for example_xcom_args to None, run_after=None
[2023-11-24T10:30:48.531+0800] {logging_mixin.py:154} INFO - [2023-11-24T10:30:48.531+0800] {dag.py:3722} INFO - Setting next_dagrun for example_xcom_args_with_operators to None, run_after=None
[2023-11-24T10:30:48.552+0800] {processor.py:179} INFO - Processing /home/azfarmustafa/airflow_tutorial/.venv/lib/python3.10/site-packages/airflow/example_dags/example_xcomargs.py took 0.065 seconds
[2023-11-24T10:31:22.316+0800] {processor.py:157} INFO - Started process (PID=59058) to work on /home/azfarmustafa/airflow_tutorial/.venv/lib/python3.10/site-packages/airflow/example_dags/example_xcomargs.py
[2023-11-24T10:31:22.321+0800] {processor.py:829} INFO - Processing file /home/azfarmustafa/airflow_tutorial/.venv/lib/python3.10/site-packages/airflow/example_dags/example_xcomargs.py for tasks to queue
[2023-11-24T10:31:22.321+0800] {logging_mixin.py:154} INFO - [2023-11-24T10:31:22.321+0800] {dagbag.py:536} INFO - Filling up the DagBag from /home/azfarmustafa/airflow_tutorial/.venv/lib/python3.10/site-packages/airflow/example_dags/example_xcomargs.py
[2023-11-24T10:31:22.328+0800] {processor.py:839} INFO - DAG(s) dict_keys(['example_xcom_args_with_operators', 'example_xcom_args']) retrieved from /home/azfarmustafa/airflow_tutorial/.venv/lib/python3.10/site-packages/airflow/example_dags/example_xcomargs.py
[2023-11-24T10:31:22.345+0800] {logging_mixin.py:154} INFO - [2023-11-24T10:31:22.345+0800] {dag.py:2941} INFO - Sync 2 DAGs
[2023-11-24T10:31:22.355+0800] {logging_mixin.py:154} INFO - [2023-11-24T10:31:22.355+0800] {dag.py:3722} INFO - Setting next_dagrun for example_xcom_args to None, run_after=None
[2023-11-24T10:31:22.358+0800] {logging_mixin.py:154} INFO - [2023-11-24T10:31:22.358+0800] {dag.py:3722} INFO - Setting next_dagrun for example_xcom_args_with_operators to None, run_after=None
[2023-11-24T10:31:22.380+0800] {processor.py:179} INFO - Processing /home/azfarmustafa/airflow_tutorial/.venv/lib/python3.10/site-packages/airflow/example_dags/example_xcomargs.py took 0.068 seconds
[2023-11-24T10:32:07.201+0800] {processor.py:157} INFO - Started process (PID=59104) to work on /home/azfarmustafa/airflow_tutorial/.venv/lib/python3.10/site-packages/airflow/example_dags/example_xcomargs.py
[2023-11-24T10:32:07.202+0800] {processor.py:829} INFO - Processing file /home/azfarmustafa/airflow_tutorial/.venv/lib/python3.10/site-packages/airflow/example_dags/example_xcomargs.py for tasks to queue
[2023-11-24T10:32:07.203+0800] {logging_mixin.py:154} INFO - [2023-11-24T10:32:07.203+0800] {dagbag.py:536} INFO - Filling up the DagBag from /home/azfarmustafa/airflow_tutorial/.venv/lib/python3.10/site-packages/airflow/example_dags/example_xcomargs.py
[2023-11-24T10:32:07.210+0800] {processor.py:839} INFO - DAG(s) dict_keys(['example_xcom_args', 'example_xcom_args_with_operators']) retrieved from /home/azfarmustafa/airflow_tutorial/.venv/lib/python3.10/site-packages/airflow/example_dags/example_xcomargs.py
[2023-11-24T10:32:07.226+0800] {logging_mixin.py:154} INFO - [2023-11-24T10:32:07.226+0800] {dag.py:2941} INFO - Sync 2 DAGs
[2023-11-24T10:32:07.236+0800] {logging_mixin.py:154} INFO - [2023-11-24T10:32:07.236+0800] {dag.py:3722} INFO - Setting next_dagrun for example_xcom_args to None, run_after=None
[2023-11-24T10:32:07.239+0800] {logging_mixin.py:154} INFO - [2023-11-24T10:32:07.239+0800] {dag.py:3722} INFO - Setting next_dagrun for example_xcom_args_with_operators to None, run_after=None
[2023-11-24T10:32:07.260+0800] {processor.py:179} INFO - Processing /home/azfarmustafa/airflow_tutorial/.venv/lib/python3.10/site-packages/airflow/example_dags/example_xcomargs.py took 0.061 seconds
[2023-11-24T10:32:41.001+0800] {processor.py:157} INFO - Started process (PID=59137) to work on /home/azfarmustafa/airflow_tutorial/.venv/lib/python3.10/site-packages/airflow/example_dags/example_xcomargs.py
[2023-11-24T10:32:41.006+0800] {processor.py:829} INFO - Processing file /home/azfarmustafa/airflow_tutorial/.venv/lib/python3.10/site-packages/airflow/example_dags/example_xcomargs.py for tasks to queue
[2023-11-24T10:32:41.007+0800] {logging_mixin.py:154} INFO - [2023-11-24T10:32:41.006+0800] {dagbag.py:536} INFO - Filling up the DagBag from /home/azfarmustafa/airflow_tutorial/.venv/lib/python3.10/site-packages/airflow/example_dags/example_xcomargs.py
[2023-11-24T10:32:41.014+0800] {processor.py:839} INFO - DAG(s) dict_keys(['example_xcom_args', 'example_xcom_args_with_operators']) retrieved from /home/azfarmustafa/airflow_tutorial/.venv/lib/python3.10/site-packages/airflow/example_dags/example_xcomargs.py
[2023-11-24T10:32:41.033+0800] {logging_mixin.py:154} INFO - [2023-11-24T10:32:41.033+0800] {dag.py:2941} INFO - Sync 2 DAGs
[2023-11-24T10:32:41.045+0800] {logging_mixin.py:154} INFO - [2023-11-24T10:32:41.044+0800] {dag.py:3722} INFO - Setting next_dagrun for example_xcom_args to None, run_after=None
[2023-11-24T10:32:41.049+0800] {logging_mixin.py:154} INFO - [2023-11-24T10:32:41.048+0800] {dag.py:3722} INFO - Setting next_dagrun for example_xcom_args_with_operators to None, run_after=None
[2023-11-24T10:32:41.068+0800] {processor.py:179} INFO - Processing /home/azfarmustafa/airflow_tutorial/.venv/lib/python3.10/site-packages/airflow/example_dags/example_xcomargs.py took 0.070 seconds
[2023-11-24T10:33:15.053+0800] {processor.py:157} INFO - Started process (PID=59171) to work on /home/azfarmustafa/airflow_tutorial/.venv/lib/python3.10/site-packages/airflow/example_dags/example_xcomargs.py
[2023-11-24T10:33:15.057+0800] {processor.py:829} INFO - Processing file /home/azfarmustafa/airflow_tutorial/.venv/lib/python3.10/site-packages/airflow/example_dags/example_xcomargs.py for tasks to queue
[2023-11-24T10:33:15.058+0800] {logging_mixin.py:154} INFO - [2023-11-24T10:33:15.058+0800] {dagbag.py:536} INFO - Filling up the DagBag from /home/azfarmustafa/airflow_tutorial/.venv/lib/python3.10/site-packages/airflow/example_dags/example_xcomargs.py
[2023-11-24T10:33:15.066+0800] {processor.py:839} INFO - DAG(s) dict_keys(['example_xcom_args', 'example_xcom_args_with_operators']) retrieved from /home/azfarmustafa/airflow_tutorial/.venv/lib/python3.10/site-packages/airflow/example_dags/example_xcomargs.py
[2023-11-24T10:33:15.086+0800] {logging_mixin.py:154} INFO - [2023-11-24T10:33:15.086+0800] {dag.py:2941} INFO - Sync 2 DAGs
[2023-11-24T10:33:15.097+0800] {logging_mixin.py:154} INFO - [2023-11-24T10:33:15.097+0800] {dag.py:3722} INFO - Setting next_dagrun for example_xcom_args to None, run_after=None
[2023-11-24T10:33:15.101+0800] {logging_mixin.py:154} INFO - [2023-11-24T10:33:15.101+0800] {dag.py:3722} INFO - Setting next_dagrun for example_xcom_args_with_operators to None, run_after=None
[2023-11-24T10:33:15.126+0800] {processor.py:179} INFO - Processing /home/azfarmustafa/airflow_tutorial/.venv/lib/python3.10/site-packages/airflow/example_dags/example_xcomargs.py took 0.075 seconds
[2023-11-24T10:33:48.882+0800] {processor.py:157} INFO - Started process (PID=59204) to work on /home/azfarmustafa/airflow_tutorial/.venv/lib/python3.10/site-packages/airflow/example_dags/example_xcomargs.py
[2023-11-24T10:33:48.884+0800] {processor.py:829} INFO - Processing file /home/azfarmustafa/airflow_tutorial/.venv/lib/python3.10/site-packages/airflow/example_dags/example_xcomargs.py for tasks to queue
[2023-11-24T10:33:48.885+0800] {logging_mixin.py:154} INFO - [2023-11-24T10:33:48.885+0800] {dagbag.py:536} INFO - Filling up the DagBag from /home/azfarmustafa/airflow_tutorial/.venv/lib/python3.10/site-packages/airflow/example_dags/example_xcomargs.py
[2023-11-24T10:33:48.894+0800] {processor.py:839} INFO - DAG(s) dict_keys(['example_xcom_args_with_operators', 'example_xcom_args']) retrieved from /home/azfarmustafa/airflow_tutorial/.venv/lib/python3.10/site-packages/airflow/example_dags/example_xcomargs.py
[2023-11-24T10:33:48.913+0800] {logging_mixin.py:154} INFO - [2023-11-24T10:33:48.913+0800] {dag.py:2941} INFO - Sync 2 DAGs
[2023-11-24T10:33:48.924+0800] {logging_mixin.py:154} INFO - [2023-11-24T10:33:48.924+0800] {dag.py:3722} INFO - Setting next_dagrun for example_xcom_args to None, run_after=None
[2023-11-24T10:33:48.927+0800] {logging_mixin.py:154} INFO - [2023-11-24T10:33:48.927+0800] {dag.py:3722} INFO - Setting next_dagrun for example_xcom_args_with_operators to None, run_after=None
[2023-11-24T10:33:48.999+0800] {processor.py:179} INFO - Processing /home/azfarmustafa/airflow_tutorial/.venv/lib/python3.10/site-packages/airflow/example_dags/example_xcomargs.py took 0.120 seconds
[2023-11-24T10:34:24.741+0800] {processor.py:157} INFO - Started process (PID=59239) to work on /home/azfarmustafa/airflow_tutorial/.venv/lib/python3.10/site-packages/airflow/example_dags/example_xcomargs.py
[2023-11-24T10:34:24.745+0800] {processor.py:829} INFO - Processing file /home/azfarmustafa/airflow_tutorial/.venv/lib/python3.10/site-packages/airflow/example_dags/example_xcomargs.py for tasks to queue
[2023-11-24T10:34:24.746+0800] {logging_mixin.py:154} INFO - [2023-11-24T10:34:24.745+0800] {dagbag.py:536} INFO - Filling up the DagBag from /home/azfarmustafa/airflow_tutorial/.venv/lib/python3.10/site-packages/airflow/example_dags/example_xcomargs.py
[2023-11-24T10:34:24.753+0800] {processor.py:839} INFO - DAG(s) dict_keys(['example_xcom_args', 'example_xcom_args_with_operators']) retrieved from /home/azfarmustafa/airflow_tutorial/.venv/lib/python3.10/site-packages/airflow/example_dags/example_xcomargs.py
[2023-11-24T10:34:24.769+0800] {logging_mixin.py:154} INFO - [2023-11-24T10:34:24.769+0800] {dag.py:2941} INFO - Sync 2 DAGs
[2023-11-24T10:34:24.778+0800] {logging_mixin.py:154} INFO - [2023-11-24T10:34:24.778+0800] {dag.py:3722} INFO - Setting next_dagrun for example_xcom_args to None, run_after=None
[2023-11-24T10:34:24.781+0800] {logging_mixin.py:154} INFO - [2023-11-24T10:34:24.781+0800] {dag.py:3722} INFO - Setting next_dagrun for example_xcom_args_with_operators to None, run_after=None
[2023-11-24T10:34:24.802+0800] {processor.py:179} INFO - Processing /home/azfarmustafa/airflow_tutorial/.venv/lib/python3.10/site-packages/airflow/example_dags/example_xcomargs.py took 0.065 seconds
[2023-11-24T10:35:07.609+0800] {processor.py:157} INFO - Started process (PID=59290) to work on /home/azfarmustafa/airflow_tutorial/.venv/lib/python3.10/site-packages/airflow/example_dags/example_xcomargs.py
[2023-11-24T10:35:07.611+0800] {processor.py:829} INFO - Processing file /home/azfarmustafa/airflow_tutorial/.venv/lib/python3.10/site-packages/airflow/example_dags/example_xcomargs.py for tasks to queue
[2023-11-24T10:35:07.612+0800] {logging_mixin.py:154} INFO - [2023-11-24T10:35:07.611+0800] {dagbag.py:536} INFO - Filling up the DagBag from /home/azfarmustafa/airflow_tutorial/.venv/lib/python3.10/site-packages/airflow/example_dags/example_xcomargs.py
[2023-11-24T10:35:07.619+0800] {processor.py:839} INFO - DAG(s) dict_keys(['example_xcom_args', 'example_xcom_args_with_operators']) retrieved from /home/azfarmustafa/airflow_tutorial/.venv/lib/python3.10/site-packages/airflow/example_dags/example_xcomargs.py
[2023-11-24T10:35:07.636+0800] {logging_mixin.py:154} INFO - [2023-11-24T10:35:07.636+0800] {dag.py:2941} INFO - Sync 2 DAGs
[2023-11-24T10:35:07.649+0800] {logging_mixin.py:154} INFO - [2023-11-24T10:35:07.649+0800] {dag.py:3722} INFO - Setting next_dagrun for example_xcom_args to None, run_after=None
[2023-11-24T10:35:07.654+0800] {logging_mixin.py:154} INFO - [2023-11-24T10:35:07.653+0800] {dag.py:3722} INFO - Setting next_dagrun for example_xcom_args_with_operators to None, run_after=None
[2023-11-24T10:35:07.677+0800] {processor.py:179} INFO - Processing /home/azfarmustafa/airflow_tutorial/.venv/lib/python3.10/site-packages/airflow/example_dags/example_xcomargs.py took 0.071 seconds
[2023-11-24T10:35:40.705+0800] {processor.py:157} INFO - Started process (PID=59324) to work on /home/azfarmustafa/airflow_tutorial/.venv/lib/python3.10/site-packages/airflow/example_dags/example_xcomargs.py
[2023-11-24T10:35:40.706+0800] {processor.py:829} INFO - Processing file /home/azfarmustafa/airflow_tutorial/.venv/lib/python3.10/site-packages/airflow/example_dags/example_xcomargs.py for tasks to queue
[2023-11-24T10:35:40.707+0800] {logging_mixin.py:154} INFO - [2023-11-24T10:35:40.707+0800] {dagbag.py:536} INFO - Filling up the DagBag from /home/azfarmustafa/airflow_tutorial/.venv/lib/python3.10/site-packages/airflow/example_dags/example_xcomargs.py
[2023-11-24T10:35:40.714+0800] {processor.py:839} INFO - DAG(s) dict_keys(['example_xcom_args', 'example_xcom_args_with_operators']) retrieved from /home/azfarmustafa/airflow_tutorial/.venv/lib/python3.10/site-packages/airflow/example_dags/example_xcomargs.py
[2023-11-24T10:35:40.731+0800] {logging_mixin.py:154} INFO - [2023-11-24T10:35:40.730+0800] {dag.py:2941} INFO - Sync 2 DAGs
[2023-11-24T10:35:40.744+0800] {logging_mixin.py:154} INFO - [2023-11-24T10:35:40.743+0800] {dag.py:3722} INFO - Setting next_dagrun for example_xcom_args to None, run_after=None
[2023-11-24T10:35:40.747+0800] {logging_mixin.py:154} INFO - [2023-11-24T10:35:40.747+0800] {dag.py:3722} INFO - Setting next_dagrun for example_xcom_args_with_operators to None, run_after=None
[2023-11-24T10:35:40.771+0800] {processor.py:179} INFO - Processing /home/azfarmustafa/airflow_tutorial/.venv/lib/python3.10/site-packages/airflow/example_dags/example_xcomargs.py took 0.070 seconds
[2023-11-24T10:36:20.780+0800] {processor.py:157} INFO - Started process (PID=59368) to work on /home/azfarmustafa/airflow_tutorial/.venv/lib/python3.10/site-packages/airflow/example_dags/example_xcomargs.py
[2023-11-24T10:36:20.781+0800] {processor.py:829} INFO - Processing file /home/azfarmustafa/airflow_tutorial/.venv/lib/python3.10/site-packages/airflow/example_dags/example_xcomargs.py for tasks to queue
[2023-11-24T10:36:20.782+0800] {logging_mixin.py:154} INFO - [2023-11-24T10:36:20.781+0800] {dagbag.py:536} INFO - Filling up the DagBag from /home/azfarmustafa/airflow_tutorial/.venv/lib/python3.10/site-packages/airflow/example_dags/example_xcomargs.py
[2023-11-24T10:36:20.791+0800] {processor.py:839} INFO - DAG(s) dict_keys(['example_xcom_args_with_operators', 'example_xcom_args']) retrieved from /home/azfarmustafa/airflow_tutorial/.venv/lib/python3.10/site-packages/airflow/example_dags/example_xcomargs.py
[2023-11-24T10:36:20.810+0800] {logging_mixin.py:154} INFO - [2023-11-24T10:36:20.810+0800] {dag.py:2941} INFO - Sync 2 DAGs
[2023-11-24T10:36:20.824+0800] {logging_mixin.py:154} INFO - [2023-11-24T10:36:20.823+0800] {dag.py:3722} INFO - Setting next_dagrun for example_xcom_args to None, run_after=None
[2023-11-24T10:36:20.827+0800] {logging_mixin.py:154} INFO - [2023-11-24T10:36:20.827+0800] {dag.py:3722} INFO - Setting next_dagrun for example_xcom_args_with_operators to None, run_after=None
[2023-11-24T10:36:20.851+0800] {processor.py:179} INFO - Processing /home/azfarmustafa/airflow_tutorial/.venv/lib/python3.10/site-packages/airflow/example_dags/example_xcomargs.py took 0.074 seconds
[2023-11-24T10:37:03.540+0800] {processor.py:157} INFO - Started process (PID=59411) to work on /home/azfarmustafa/airflow_tutorial/.venv/lib/python3.10/site-packages/airflow/example_dags/example_xcomargs.py
[2023-11-24T10:37:03.542+0800] {processor.py:829} INFO - Processing file /home/azfarmustafa/airflow_tutorial/.venv/lib/python3.10/site-packages/airflow/example_dags/example_xcomargs.py for tasks to queue
[2023-11-24T10:37:03.543+0800] {logging_mixin.py:154} INFO - [2023-11-24T10:37:03.543+0800] {dagbag.py:536} INFO - Filling up the DagBag from /home/azfarmustafa/airflow_tutorial/.venv/lib/python3.10/site-packages/airflow/example_dags/example_xcomargs.py
[2023-11-24T10:37:03.554+0800] {processor.py:839} INFO - DAG(s) dict_keys(['example_xcom_args_with_operators', 'example_xcom_args']) retrieved from /home/azfarmustafa/airflow_tutorial/.venv/lib/python3.10/site-packages/airflow/example_dags/example_xcomargs.py
[2023-11-24T10:37:03.571+0800] {logging_mixin.py:154} INFO - [2023-11-24T10:37:03.571+0800] {dag.py:2941} INFO - Sync 2 DAGs
[2023-11-24T10:37:03.582+0800] {logging_mixin.py:154} INFO - [2023-11-24T10:37:03.582+0800] {dag.py:3722} INFO - Setting next_dagrun for example_xcom_args to None, run_after=None
[2023-11-24T10:37:03.587+0800] {logging_mixin.py:154} INFO - [2023-11-24T10:37:03.587+0800] {dag.py:3722} INFO - Setting next_dagrun for example_xcom_args_with_operators to None, run_after=None
[2023-11-24T10:37:03.613+0800] {processor.py:179} INFO - Processing /home/azfarmustafa/airflow_tutorial/.venv/lib/python3.10/site-packages/airflow/example_dags/example_xcomargs.py took 0.076 seconds
[2023-11-24T10:37:48.006+0800] {processor.py:157} INFO - Started process (PID=59457) to work on /home/azfarmustafa/airflow_tutorial/.venv/lib/python3.10/site-packages/airflow/example_dags/example_xcomargs.py
[2023-11-24T10:37:48.010+0800] {processor.py:829} INFO - Processing file /home/azfarmustafa/airflow_tutorial/.venv/lib/python3.10/site-packages/airflow/example_dags/example_xcomargs.py for tasks to queue
[2023-11-24T10:37:48.011+0800] {logging_mixin.py:154} INFO - [2023-11-24T10:37:48.010+0800] {dagbag.py:536} INFO - Filling up the DagBag from /home/azfarmustafa/airflow_tutorial/.venv/lib/python3.10/site-packages/airflow/example_dags/example_xcomargs.py
[2023-11-24T10:37:48.018+0800] {processor.py:839} INFO - DAG(s) dict_keys(['example_xcom_args_with_operators', 'example_xcom_args']) retrieved from /home/azfarmustafa/airflow_tutorial/.venv/lib/python3.10/site-packages/airflow/example_dags/example_xcomargs.py
[2023-11-24T10:37:48.034+0800] {logging_mixin.py:154} INFO - [2023-11-24T10:37:48.034+0800] {dag.py:2941} INFO - Sync 2 DAGs
[2023-11-24T10:37:48.044+0800] {logging_mixin.py:154} INFO - [2023-11-24T10:37:48.044+0800] {dag.py:3722} INFO - Setting next_dagrun for example_xcom_args to None, run_after=None
[2023-11-24T10:37:48.048+0800] {logging_mixin.py:154} INFO - [2023-11-24T10:37:48.048+0800] {dag.py:3722} INFO - Setting next_dagrun for example_xcom_args_with_operators to None, run_after=None
[2023-11-24T10:37:48.073+0800] {processor.py:179} INFO - Processing /home/azfarmustafa/airflow_tutorial/.venv/lib/python3.10/site-packages/airflow/example_dags/example_xcomargs.py took 0.071 seconds
[2023-11-24T10:38:20.422+0800] {processor.py:157} INFO - Started process (PID=59490) to work on /home/azfarmustafa/airflow_tutorial/.venv/lib/python3.10/site-packages/airflow/example_dags/example_xcomargs.py
[2023-11-24T10:38:20.427+0800] {processor.py:829} INFO - Processing file /home/azfarmustafa/airflow_tutorial/.venv/lib/python3.10/site-packages/airflow/example_dags/example_xcomargs.py for tasks to queue
[2023-11-24T10:38:20.428+0800] {logging_mixin.py:154} INFO - [2023-11-24T10:38:20.428+0800] {dagbag.py:536} INFO - Filling up the DagBag from /home/azfarmustafa/airflow_tutorial/.venv/lib/python3.10/site-packages/airflow/example_dags/example_xcomargs.py
[2023-11-24T10:38:20.437+0800] {processor.py:839} INFO - DAG(s) dict_keys(['example_xcom_args', 'example_xcom_args_with_operators']) retrieved from /home/azfarmustafa/airflow_tutorial/.venv/lib/python3.10/site-packages/airflow/example_dags/example_xcomargs.py
[2023-11-24T10:38:20.458+0800] {logging_mixin.py:154} INFO - [2023-11-24T10:38:20.458+0800] {dag.py:2941} INFO - Sync 2 DAGs
[2023-11-24T10:38:20.471+0800] {logging_mixin.py:154} INFO - [2023-11-24T10:38:20.471+0800] {dag.py:3722} INFO - Setting next_dagrun for example_xcom_args to None, run_after=None
[2023-11-24T10:38:20.475+0800] {logging_mixin.py:154} INFO - [2023-11-24T10:38:20.474+0800] {dag.py:3722} INFO - Setting next_dagrun for example_xcom_args_with_operators to None, run_after=None
[2023-11-24T10:38:20.499+0800] {processor.py:179} INFO - Processing /home/azfarmustafa/airflow_tutorial/.venv/lib/python3.10/site-packages/airflow/example_dags/example_xcomargs.py took 0.080 seconds
[2023-11-24T10:38:53.121+0800] {processor.py:157} INFO - Started process (PID=59522) to work on /home/azfarmustafa/airflow_tutorial/.venv/lib/python3.10/site-packages/airflow/example_dags/example_xcomargs.py
[2023-11-24T10:38:53.125+0800] {processor.py:829} INFO - Processing file /home/azfarmustafa/airflow_tutorial/.venv/lib/python3.10/site-packages/airflow/example_dags/example_xcomargs.py for tasks to queue
[2023-11-24T10:38:53.126+0800] {logging_mixin.py:154} INFO - [2023-11-24T10:38:53.125+0800] {dagbag.py:536} INFO - Filling up the DagBag from /home/azfarmustafa/airflow_tutorial/.venv/lib/python3.10/site-packages/airflow/example_dags/example_xcomargs.py
[2023-11-24T10:38:53.133+0800] {processor.py:839} INFO - DAG(s) dict_keys(['example_xcom_args_with_operators', 'example_xcom_args']) retrieved from /home/azfarmustafa/airflow_tutorial/.venv/lib/python3.10/site-packages/airflow/example_dags/example_xcomargs.py
[2023-11-24T10:38:53.150+0800] {logging_mixin.py:154} INFO - [2023-11-24T10:38:53.150+0800] {dag.py:2941} INFO - Sync 2 DAGs
[2023-11-24T10:38:53.160+0800] {logging_mixin.py:154} INFO - [2023-11-24T10:38:53.160+0800] {dag.py:3722} INFO - Setting next_dagrun for example_xcom_args to None, run_after=None
[2023-11-24T10:38:53.163+0800] {logging_mixin.py:154} INFO - [2023-11-24T10:38:53.163+0800] {dag.py:3722} INFO - Setting next_dagrun for example_xcom_args_with_operators to None, run_after=None
[2023-11-24T10:38:53.209+0800] {processor.py:179} INFO - Processing /home/azfarmustafa/airflow_tutorial/.venv/lib/python3.10/site-packages/airflow/example_dags/example_xcomargs.py took 0.091 seconds
[2023-11-24T10:39:25.442+0800] {processor.py:157} INFO - Started process (PID=59555) to work on /home/azfarmustafa/airflow_tutorial/.venv/lib/python3.10/site-packages/airflow/example_dags/example_xcomargs.py
[2023-11-24T10:39:25.446+0800] {processor.py:829} INFO - Processing file /home/azfarmustafa/airflow_tutorial/.venv/lib/python3.10/site-packages/airflow/example_dags/example_xcomargs.py for tasks to queue
[2023-11-24T10:39:25.447+0800] {logging_mixin.py:154} INFO - [2023-11-24T10:39:25.447+0800] {dagbag.py:536} INFO - Filling up the DagBag from /home/azfarmustafa/airflow_tutorial/.venv/lib/python3.10/site-packages/airflow/example_dags/example_xcomargs.py
[2023-11-24T10:39:25.454+0800] {processor.py:839} INFO - DAG(s) dict_keys(['example_xcom_args_with_operators', 'example_xcom_args']) retrieved from /home/azfarmustafa/airflow_tutorial/.venv/lib/python3.10/site-packages/airflow/example_dags/example_xcomargs.py
[2023-11-24T10:39:25.471+0800] {logging_mixin.py:154} INFO - [2023-11-24T10:39:25.471+0800] {dag.py:2941} INFO - Sync 2 DAGs
[2023-11-24T10:39:25.481+0800] {logging_mixin.py:154} INFO - [2023-11-24T10:39:25.481+0800] {dag.py:3722} INFO - Setting next_dagrun for example_xcom_args to None, run_after=None
[2023-11-24T10:39:25.486+0800] {logging_mixin.py:154} INFO - [2023-11-24T10:39:25.486+0800] {dag.py:3722} INFO - Setting next_dagrun for example_xcom_args_with_operators to None, run_after=None
[2023-11-24T10:39:25.510+0800] {processor.py:179} INFO - Processing /home/azfarmustafa/airflow_tutorial/.venv/lib/python3.10/site-packages/airflow/example_dags/example_xcomargs.py took 0.070 seconds
[2023-11-24T10:40:00.539+0800] {processor.py:157} INFO - Started process (PID=59589) to work on /home/azfarmustafa/airflow_tutorial/.venv/lib/python3.10/site-packages/airflow/example_dags/example_xcomargs.py
[2023-11-24T10:40:00.543+0800] {processor.py:829} INFO - Processing file /home/azfarmustafa/airflow_tutorial/.venv/lib/python3.10/site-packages/airflow/example_dags/example_xcomargs.py for tasks to queue
[2023-11-24T10:40:00.544+0800] {logging_mixin.py:154} INFO - [2023-11-24T10:40:00.543+0800] {dagbag.py:536} INFO - Filling up the DagBag from /home/azfarmustafa/airflow_tutorial/.venv/lib/python3.10/site-packages/airflow/example_dags/example_xcomargs.py
[2023-11-24T10:40:00.551+0800] {processor.py:839} INFO - DAG(s) dict_keys(['example_xcom_args_with_operators', 'example_xcom_args']) retrieved from /home/azfarmustafa/airflow_tutorial/.venv/lib/python3.10/site-packages/airflow/example_dags/example_xcomargs.py
[2023-11-24T10:40:00.567+0800] {logging_mixin.py:154} INFO - [2023-11-24T10:40:00.567+0800] {dag.py:2941} INFO - Sync 2 DAGs
[2023-11-24T10:40:00.580+0800] {logging_mixin.py:154} INFO - [2023-11-24T10:40:00.580+0800] {dag.py:3722} INFO - Setting next_dagrun for example_xcom_args to None, run_after=None
[2023-11-24T10:40:00.583+0800] {logging_mixin.py:154} INFO - [2023-11-24T10:40:00.583+0800] {dag.py:3722} INFO - Setting next_dagrun for example_xcom_args_with_operators to None, run_after=None
[2023-11-24T10:40:00.606+0800] {processor.py:179} INFO - Processing /home/azfarmustafa/airflow_tutorial/.venv/lib/python3.10/site-packages/airflow/example_dags/example_xcomargs.py took 0.070 seconds
[2023-11-24T10:40:45.350+0800] {processor.py:157} INFO - Started process (PID=59635) to work on /home/azfarmustafa/airflow_tutorial/.venv/lib/python3.10/site-packages/airflow/example_dags/example_xcomargs.py
[2023-11-24T10:40:45.352+0800] {processor.py:829} INFO - Processing file /home/azfarmustafa/airflow_tutorial/.venv/lib/python3.10/site-packages/airflow/example_dags/example_xcomargs.py for tasks to queue
[2023-11-24T10:40:45.353+0800] {logging_mixin.py:154} INFO - [2023-11-24T10:40:45.352+0800] {dagbag.py:536} INFO - Filling up the DagBag from /home/azfarmustafa/airflow_tutorial/.venv/lib/python3.10/site-packages/airflow/example_dags/example_xcomargs.py
[2023-11-24T10:40:45.363+0800] {processor.py:839} INFO - DAG(s) dict_keys(['example_xcom_args', 'example_xcom_args_with_operators']) retrieved from /home/azfarmustafa/airflow_tutorial/.venv/lib/python3.10/site-packages/airflow/example_dags/example_xcomargs.py
[2023-11-24T10:40:45.383+0800] {logging_mixin.py:154} INFO - [2023-11-24T10:40:45.382+0800] {dag.py:2941} INFO - Sync 2 DAGs
[2023-11-24T10:40:45.394+0800] {logging_mixin.py:154} INFO - [2023-11-24T10:40:45.394+0800] {dag.py:3722} INFO - Setting next_dagrun for example_xcom_args to None, run_after=None
[2023-11-24T10:40:45.398+0800] {logging_mixin.py:154} INFO - [2023-11-24T10:40:45.397+0800] {dag.py:3722} INFO - Setting next_dagrun for example_xcom_args_with_operators to None, run_after=None
[2023-11-24T10:40:45.420+0800] {processor.py:179} INFO - Processing /home/azfarmustafa/airflow_tutorial/.venv/lib/python3.10/site-packages/airflow/example_dags/example_xcomargs.py took 0.072 seconds
[2023-11-24T10:41:17.430+0800] {processor.py:157} INFO - Started process (PID=59673) to work on /home/azfarmustafa/airflow_tutorial/.venv/lib/python3.10/site-packages/airflow/example_dags/example_xcomargs.py
[2023-11-24T10:41:17.430+0800] {processor.py:829} INFO - Processing file /home/azfarmustafa/airflow_tutorial/.venv/lib/python3.10/site-packages/airflow/example_dags/example_xcomargs.py for tasks to queue
[2023-11-24T10:41:17.431+0800] {logging_mixin.py:154} INFO - [2023-11-24T10:41:17.431+0800] {dagbag.py:536} INFO - Filling up the DagBag from /home/azfarmustafa/airflow_tutorial/.venv/lib/python3.10/site-packages/airflow/example_dags/example_xcomargs.py
[2023-11-24T10:41:17.440+0800] {processor.py:839} INFO - DAG(s) dict_keys(['example_xcom_args_with_operators', 'example_xcom_args']) retrieved from /home/azfarmustafa/airflow_tutorial/.venv/lib/python3.10/site-packages/airflow/example_dags/example_xcomargs.py
[2023-11-24T10:41:17.457+0800] {logging_mixin.py:154} INFO - [2023-11-24T10:41:17.457+0800] {dag.py:2941} INFO - Sync 2 DAGs
[2023-11-24T10:41:17.467+0800] {logging_mixin.py:154} INFO - [2023-11-24T10:41:17.467+0800] {dag.py:3722} INFO - Setting next_dagrun for example_xcom_args to None, run_after=None
[2023-11-24T10:41:17.470+0800] {logging_mixin.py:154} INFO - [2023-11-24T10:41:17.470+0800] {dag.py:3722} INFO - Setting next_dagrun for example_xcom_args_with_operators to None, run_after=None
[2023-11-24T10:41:17.491+0800] {processor.py:179} INFO - Processing /home/azfarmustafa/airflow_tutorial/.venv/lib/python3.10/site-packages/airflow/example_dags/example_xcomargs.py took 0.064 seconds
[2023-11-24T10:41:51.160+0800] {processor.py:157} INFO - Started process (PID=59706) to work on /home/azfarmustafa/airflow_tutorial/.venv/lib/python3.10/site-packages/airflow/example_dags/example_xcomargs.py
[2023-11-24T10:41:51.164+0800] {processor.py:829} INFO - Processing file /home/azfarmustafa/airflow_tutorial/.venv/lib/python3.10/site-packages/airflow/example_dags/example_xcomargs.py for tasks to queue
[2023-11-24T10:41:51.165+0800] {logging_mixin.py:154} INFO - [2023-11-24T10:41:51.165+0800] {dagbag.py:536} INFO - Filling up the DagBag from /home/azfarmustafa/airflow_tutorial/.venv/lib/python3.10/site-packages/airflow/example_dags/example_xcomargs.py
[2023-11-24T10:41:51.174+0800] {processor.py:839} INFO - DAG(s) dict_keys(['example_xcom_args_with_operators', 'example_xcom_args']) retrieved from /home/azfarmustafa/airflow_tutorial/.venv/lib/python3.10/site-packages/airflow/example_dags/example_xcomargs.py
[2023-11-24T10:41:51.193+0800] {logging_mixin.py:154} INFO - [2023-11-24T10:41:51.193+0800] {dag.py:2941} INFO - Sync 2 DAGs
[2023-11-24T10:41:51.204+0800] {logging_mixin.py:154} INFO - [2023-11-24T10:41:51.203+0800] {dag.py:3722} INFO - Setting next_dagrun for example_xcom_args to None, run_after=None
[2023-11-24T10:41:51.209+0800] {logging_mixin.py:154} INFO - [2023-11-24T10:41:51.208+0800] {dag.py:3722} INFO - Setting next_dagrun for example_xcom_args_with_operators to None, run_after=None
[2023-11-24T10:41:51.232+0800] {processor.py:179} INFO - Processing /home/azfarmustafa/airflow_tutorial/.venv/lib/python3.10/site-packages/airflow/example_dags/example_xcomargs.py took 0.075 seconds
[2023-11-24T10:42:35.276+0800] {processor.py:157} INFO - Started process (PID=59752) to work on /home/azfarmustafa/airflow_tutorial/.venv/lib/python3.10/site-packages/airflow/example_dags/example_xcomargs.py
[2023-11-24T10:42:35.280+0800] {processor.py:829} INFO - Processing file /home/azfarmustafa/airflow_tutorial/.venv/lib/python3.10/site-packages/airflow/example_dags/example_xcomargs.py for tasks to queue
[2023-11-24T10:42:35.281+0800] {logging_mixin.py:154} INFO - [2023-11-24T10:42:35.280+0800] {dagbag.py:536} INFO - Filling up the DagBag from /home/azfarmustafa/airflow_tutorial/.venv/lib/python3.10/site-packages/airflow/example_dags/example_xcomargs.py
[2023-11-24T10:42:35.288+0800] {processor.py:839} INFO - DAG(s) dict_keys(['example_xcom_args_with_operators', 'example_xcom_args']) retrieved from /home/azfarmustafa/airflow_tutorial/.venv/lib/python3.10/site-packages/airflow/example_dags/example_xcomargs.py
[2023-11-24T10:42:35.306+0800] {logging_mixin.py:154} INFO - [2023-11-24T10:42:35.305+0800] {dag.py:2941} INFO - Sync 2 DAGs
[2023-11-24T10:42:35.318+0800] {logging_mixin.py:154} INFO - [2023-11-24T10:42:35.318+0800] {dag.py:3722} INFO - Setting next_dagrun for example_xcom_args to None, run_after=None
[2023-11-24T10:42:35.322+0800] {logging_mixin.py:154} INFO - [2023-11-24T10:42:35.322+0800] {dag.py:3722} INFO - Setting next_dagrun for example_xcom_args_with_operators to None, run_after=None
[2023-11-24T10:42:35.347+0800] {processor.py:179} INFO - Processing /home/azfarmustafa/airflow_tutorial/.venv/lib/python3.10/site-packages/airflow/example_dags/example_xcomargs.py took 0.074 seconds
[2023-11-24T10:43:07.144+0800] {processor.py:157} INFO - Started process (PID=59784) to work on /home/azfarmustafa/airflow_tutorial/.venv/lib/python3.10/site-packages/airflow/example_dags/example_xcomargs.py
[2023-11-24T10:43:07.145+0800] {processor.py:829} INFO - Processing file /home/azfarmustafa/airflow_tutorial/.venv/lib/python3.10/site-packages/airflow/example_dags/example_xcomargs.py for tasks to queue
[2023-11-24T10:43:07.146+0800] {logging_mixin.py:154} INFO - [2023-11-24T10:43:07.145+0800] {dagbag.py:536} INFO - Filling up the DagBag from /home/azfarmustafa/airflow_tutorial/.venv/lib/python3.10/site-packages/airflow/example_dags/example_xcomargs.py
[2023-11-24T10:43:07.153+0800] {processor.py:839} INFO - DAG(s) dict_keys(['example_xcom_args_with_operators', 'example_xcom_args']) retrieved from /home/azfarmustafa/airflow_tutorial/.venv/lib/python3.10/site-packages/airflow/example_dags/example_xcomargs.py
[2023-11-24T10:43:07.170+0800] {logging_mixin.py:154} INFO - [2023-11-24T10:43:07.169+0800] {dag.py:2941} INFO - Sync 2 DAGs
[2023-11-24T10:43:07.179+0800] {logging_mixin.py:154} INFO - [2023-11-24T10:43:07.179+0800] {dag.py:3722} INFO - Setting next_dagrun for example_xcom_args to None, run_after=None
[2023-11-24T10:43:07.182+0800] {logging_mixin.py:154} INFO - [2023-11-24T10:43:07.182+0800] {dag.py:3722} INFO - Setting next_dagrun for example_xcom_args_with_operators to None, run_after=None
[2023-11-24T10:43:07.206+0800] {processor.py:179} INFO - Processing /home/azfarmustafa/airflow_tutorial/.venv/lib/python3.10/site-packages/airflow/example_dags/example_xcomargs.py took 0.066 seconds
[2023-11-24T10:43:39.742+0800] {processor.py:157} INFO - Started process (PID=59818) to work on /home/azfarmustafa/airflow_tutorial/.venv/lib/python3.10/site-packages/airflow/example_dags/example_xcomargs.py
[2023-11-24T10:43:39.746+0800] {processor.py:829} INFO - Processing file /home/azfarmustafa/airflow_tutorial/.venv/lib/python3.10/site-packages/airflow/example_dags/example_xcomargs.py for tasks to queue
[2023-11-24T10:43:39.747+0800] {logging_mixin.py:154} INFO - [2023-11-24T10:43:39.747+0800] {dagbag.py:536} INFO - Filling up the DagBag from /home/azfarmustafa/airflow_tutorial/.venv/lib/python3.10/site-packages/airflow/example_dags/example_xcomargs.py
[2023-11-24T10:43:39.754+0800] {processor.py:839} INFO - DAG(s) dict_keys(['example_xcom_args_with_operators', 'example_xcom_args']) retrieved from /home/azfarmustafa/airflow_tutorial/.venv/lib/python3.10/site-packages/airflow/example_dags/example_xcomargs.py
[2023-11-24T10:43:39.772+0800] {logging_mixin.py:154} INFO - [2023-11-24T10:43:39.772+0800] {dag.py:2941} INFO - Sync 2 DAGs
[2023-11-24T10:43:39.784+0800] {logging_mixin.py:154} INFO - [2023-11-24T10:43:39.784+0800] {dag.py:3722} INFO - Setting next_dagrun for example_xcom_args to None, run_after=None
[2023-11-24T10:43:39.787+0800] {logging_mixin.py:154} INFO - [2023-11-24T10:43:39.787+0800] {dag.py:3722} INFO - Setting next_dagrun for example_xcom_args_with_operators to None, run_after=None
[2023-11-24T10:43:39.813+0800] {processor.py:179} INFO - Processing /home/azfarmustafa/airflow_tutorial/.venv/lib/python3.10/site-packages/airflow/example_dags/example_xcomargs.py took 0.074 seconds
[2023-11-24T10:44:12.906+0800] {processor.py:157} INFO - Started process (PID=59851) to work on /home/azfarmustafa/airflow_tutorial/.venv/lib/python3.10/site-packages/airflow/example_dags/example_xcomargs.py
[2023-11-24T10:44:12.906+0800] {processor.py:829} INFO - Processing file /home/azfarmustafa/airflow_tutorial/.venv/lib/python3.10/site-packages/airflow/example_dags/example_xcomargs.py for tasks to queue
[2023-11-24T10:44:12.907+0800] {logging_mixin.py:154} INFO - [2023-11-24T10:44:12.907+0800] {dagbag.py:536} INFO - Filling up the DagBag from /home/azfarmustafa/airflow_tutorial/.venv/lib/python3.10/site-packages/airflow/example_dags/example_xcomargs.py
[2023-11-24T10:44:12.914+0800] {processor.py:839} INFO - DAG(s) dict_keys(['example_xcom_args_with_operators', 'example_xcom_args']) retrieved from /home/azfarmustafa/airflow_tutorial/.venv/lib/python3.10/site-packages/airflow/example_dags/example_xcomargs.py
[2023-11-24T10:44:12.930+0800] {logging_mixin.py:154} INFO - [2023-11-24T10:44:12.930+0800] {dag.py:2941} INFO - Sync 2 DAGs
[2023-11-24T10:44:12.940+0800] {logging_mixin.py:154} INFO - [2023-11-24T10:44:12.940+0800] {dag.py:3722} INFO - Setting next_dagrun for example_xcom_args to None, run_after=None
[2023-11-24T10:44:12.943+0800] {logging_mixin.py:154} INFO - [2023-11-24T10:44:12.943+0800] {dag.py:3722} INFO - Setting next_dagrun for example_xcom_args_with_operators to None, run_after=None
[2023-11-24T10:44:12.967+0800] {processor.py:179} INFO - Processing /home/azfarmustafa/airflow_tutorial/.venv/lib/python3.10/site-packages/airflow/example_dags/example_xcomargs.py took 0.066 seconds
[2023-11-24T10:44:46.247+0800] {processor.py:157} INFO - Started process (PID=59885) to work on /home/azfarmustafa/airflow_tutorial/.venv/lib/python3.10/site-packages/airflow/example_dags/example_xcomargs.py
[2023-11-24T10:44:46.252+0800] {processor.py:829} INFO - Processing file /home/azfarmustafa/airflow_tutorial/.venv/lib/python3.10/site-packages/airflow/example_dags/example_xcomargs.py for tasks to queue
[2023-11-24T10:44:46.252+0800] {logging_mixin.py:154} INFO - [2023-11-24T10:44:46.252+0800] {dagbag.py:536} INFO - Filling up the DagBag from /home/azfarmustafa/airflow_tutorial/.venv/lib/python3.10/site-packages/airflow/example_dags/example_xcomargs.py
[2023-11-24T10:44:46.259+0800] {processor.py:839} INFO - DAG(s) dict_keys(['example_xcom_args', 'example_xcom_args_with_operators']) retrieved from /home/azfarmustafa/airflow_tutorial/.venv/lib/python3.10/site-packages/airflow/example_dags/example_xcomargs.py
[2023-11-24T10:44:46.276+0800] {logging_mixin.py:154} INFO - [2023-11-24T10:44:46.275+0800] {dag.py:2941} INFO - Sync 2 DAGs
[2023-11-24T10:44:46.285+0800] {logging_mixin.py:154} INFO - [2023-11-24T10:44:46.285+0800] {dag.py:3722} INFO - Setting next_dagrun for example_xcom_args to None, run_after=None
[2023-11-24T10:44:46.288+0800] {logging_mixin.py:154} INFO - [2023-11-24T10:44:46.288+0800] {dag.py:3722} INFO - Setting next_dagrun for example_xcom_args_with_operators to None, run_after=None
[2023-11-24T10:44:46.315+0800] {processor.py:179} INFO - Processing /home/azfarmustafa/airflow_tutorial/.venv/lib/python3.10/site-packages/airflow/example_dags/example_xcomargs.py took 0.070 seconds
[2023-11-24T10:45:32.853+0800] {processor.py:157} INFO - Started process (PID=59932) to work on /home/azfarmustafa/airflow_tutorial/.venv/lib/python3.10/site-packages/airflow/example_dags/example_xcomargs.py
[2023-11-24T10:45:32.858+0800] {processor.py:829} INFO - Processing file /home/azfarmustafa/airflow_tutorial/.venv/lib/python3.10/site-packages/airflow/example_dags/example_xcomargs.py for tasks to queue
[2023-11-24T10:45:32.859+0800] {logging_mixin.py:154} INFO - [2023-11-24T10:45:32.858+0800] {dagbag.py:536} INFO - Filling up the DagBag from /home/azfarmustafa/airflow_tutorial/.venv/lib/python3.10/site-packages/airflow/example_dags/example_xcomargs.py
[2023-11-24T10:45:32.868+0800] {processor.py:839} INFO - DAG(s) dict_keys(['example_xcom_args_with_operators', 'example_xcom_args']) retrieved from /home/azfarmustafa/airflow_tutorial/.venv/lib/python3.10/site-packages/airflow/example_dags/example_xcomargs.py
[2023-11-24T10:45:32.889+0800] {logging_mixin.py:154} INFO - [2023-11-24T10:45:32.889+0800] {dag.py:2941} INFO - Sync 2 DAGs
[2023-11-24T10:45:32.901+0800] {logging_mixin.py:154} INFO - [2023-11-24T10:45:32.901+0800] {dag.py:3722} INFO - Setting next_dagrun for example_xcom_args to None, run_after=None
[2023-11-24T10:45:32.904+0800] {logging_mixin.py:154} INFO - [2023-11-24T10:45:32.904+0800] {dag.py:3722} INFO - Setting next_dagrun for example_xcom_args_with_operators to None, run_after=None
[2023-11-24T10:45:32.928+0800] {processor.py:179} INFO - Processing /home/azfarmustafa/airflow_tutorial/.venv/lib/python3.10/site-packages/airflow/example_dags/example_xcomargs.py took 0.077 seconds
[2023-11-24T10:46:19.086+0800] {processor.py:157} INFO - Started process (PID=59979) to work on /home/azfarmustafa/airflow_tutorial/.venv/lib/python3.10/site-packages/airflow/example_dags/example_xcomargs.py
[2023-11-24T10:46:19.087+0800] {processor.py:829} INFO - Processing file /home/azfarmustafa/airflow_tutorial/.venv/lib/python3.10/site-packages/airflow/example_dags/example_xcomargs.py for tasks to queue
[2023-11-24T10:46:19.088+0800] {logging_mixin.py:154} INFO - [2023-11-24T10:46:19.087+0800] {dagbag.py:536} INFO - Filling up the DagBag from /home/azfarmustafa/airflow_tutorial/.venv/lib/python3.10/site-packages/airflow/example_dags/example_xcomargs.py
[2023-11-24T10:46:19.095+0800] {processor.py:839} INFO - DAG(s) dict_keys(['example_xcom_args', 'example_xcom_args_with_operators']) retrieved from /home/azfarmustafa/airflow_tutorial/.venv/lib/python3.10/site-packages/airflow/example_dags/example_xcomargs.py
[2023-11-24T10:46:19.112+0800] {logging_mixin.py:154} INFO - [2023-11-24T10:46:19.111+0800] {dag.py:2941} INFO - Sync 2 DAGs
[2023-11-24T10:46:19.121+0800] {logging_mixin.py:154} INFO - [2023-11-24T10:46:19.121+0800] {dag.py:3722} INFO - Setting next_dagrun for example_xcom_args to None, run_after=None
[2023-11-24T10:46:19.125+0800] {logging_mixin.py:154} INFO - [2023-11-24T10:46:19.125+0800] {dag.py:3722} INFO - Setting next_dagrun for example_xcom_args_with_operators to None, run_after=None
[2023-11-24T10:46:19.146+0800] {processor.py:179} INFO - Processing /home/azfarmustafa/airflow_tutorial/.venv/lib/python3.10/site-packages/airflow/example_dags/example_xcomargs.py took 0.063 seconds
[2023-11-24T10:47:05.370+0800] {processor.py:157} INFO - Started process (PID=60026) to work on /home/azfarmustafa/airflow_tutorial/.venv/lib/python3.10/site-packages/airflow/example_dags/example_xcomargs.py
[2023-11-24T10:47:05.374+0800] {processor.py:829} INFO - Processing file /home/azfarmustafa/airflow_tutorial/.venv/lib/python3.10/site-packages/airflow/example_dags/example_xcomargs.py for tasks to queue
[2023-11-24T10:47:05.375+0800] {logging_mixin.py:154} INFO - [2023-11-24T10:47:05.375+0800] {dagbag.py:536} INFO - Filling up the DagBag from /home/azfarmustafa/airflow_tutorial/.venv/lib/python3.10/site-packages/airflow/example_dags/example_xcomargs.py
[2023-11-24T10:47:05.382+0800] {processor.py:839} INFO - DAG(s) dict_keys(['example_xcom_args_with_operators', 'example_xcom_args']) retrieved from /home/azfarmustafa/airflow_tutorial/.venv/lib/python3.10/site-packages/airflow/example_dags/example_xcomargs.py
[2023-11-24T10:47:05.398+0800] {logging_mixin.py:154} INFO - [2023-11-24T10:47:05.398+0800] {dag.py:2941} INFO - Sync 2 DAGs
[2023-11-24T10:47:05.408+0800] {logging_mixin.py:154} INFO - [2023-11-24T10:47:05.408+0800] {dag.py:3722} INFO - Setting next_dagrun for example_xcom_args to None, run_after=None
[2023-11-24T10:47:05.411+0800] {logging_mixin.py:154} INFO - [2023-11-24T10:47:05.411+0800] {dag.py:3722} INFO - Setting next_dagrun for example_xcom_args_with_operators to None, run_after=None
[2023-11-24T10:47:05.433+0800] {processor.py:179} INFO - Processing /home/azfarmustafa/airflow_tutorial/.venv/lib/python3.10/site-packages/airflow/example_dags/example_xcomargs.py took 0.066 seconds
[2023-11-24T10:47:48.749+0800] {processor.py:157} INFO - Started process (PID=60077) to work on /home/azfarmustafa/airflow_tutorial/.venv/lib/python3.10/site-packages/airflow/example_dags/example_xcomargs.py
[2023-11-24T10:47:48.753+0800] {processor.py:829} INFO - Processing file /home/azfarmustafa/airflow_tutorial/.venv/lib/python3.10/site-packages/airflow/example_dags/example_xcomargs.py for tasks to queue
[2023-11-24T10:47:48.753+0800] {logging_mixin.py:154} INFO - [2023-11-24T10:47:48.753+0800] {dagbag.py:536} INFO - Filling up the DagBag from /home/azfarmustafa/airflow_tutorial/.venv/lib/python3.10/site-packages/airflow/example_dags/example_xcomargs.py
[2023-11-24T10:47:48.760+0800] {processor.py:839} INFO - DAG(s) dict_keys(['example_xcom_args_with_operators', 'example_xcom_args']) retrieved from /home/azfarmustafa/airflow_tutorial/.venv/lib/python3.10/site-packages/airflow/example_dags/example_xcomargs.py
[2023-11-24T10:47:48.776+0800] {logging_mixin.py:154} INFO - [2023-11-24T10:47:48.776+0800] {dag.py:2941} INFO - Sync 2 DAGs
[2023-11-24T10:47:48.786+0800] {logging_mixin.py:154} INFO - [2023-11-24T10:47:48.786+0800] {dag.py:3722} INFO - Setting next_dagrun for example_xcom_args to None, run_after=None
[2023-11-24T10:47:48.789+0800] {logging_mixin.py:154} INFO - [2023-11-24T10:47:48.789+0800] {dag.py:3722} INFO - Setting next_dagrun for example_xcom_args_with_operators to None, run_after=None
[2023-11-24T10:47:48.813+0800] {processor.py:179} INFO - Processing /home/azfarmustafa/airflow_tutorial/.venv/lib/python3.10/site-packages/airflow/example_dags/example_xcomargs.py took 0.068 seconds
[2023-11-24T10:48:34.478+0800] {processor.py:157} INFO - Started process (PID=60124) to work on /home/azfarmustafa/airflow_tutorial/.venv/lib/python3.10/site-packages/airflow/example_dags/example_xcomargs.py
[2023-11-24T10:48:34.482+0800] {processor.py:829} INFO - Processing file /home/azfarmustafa/airflow_tutorial/.venv/lib/python3.10/site-packages/airflow/example_dags/example_xcomargs.py for tasks to queue
[2023-11-24T10:48:34.483+0800] {logging_mixin.py:154} INFO - [2023-11-24T10:48:34.482+0800] {dagbag.py:536} INFO - Filling up the DagBag from /home/azfarmustafa/airflow_tutorial/.venv/lib/python3.10/site-packages/airflow/example_dags/example_xcomargs.py
[2023-11-24T10:48:34.489+0800] {processor.py:839} INFO - DAG(s) dict_keys(['example_xcom_args_with_operators', 'example_xcom_args']) retrieved from /home/azfarmustafa/airflow_tutorial/.venv/lib/python3.10/site-packages/airflow/example_dags/example_xcomargs.py
[2023-11-24T10:48:34.506+0800] {logging_mixin.py:154} INFO - [2023-11-24T10:48:34.506+0800] {dag.py:2941} INFO - Sync 2 DAGs
[2023-11-24T10:48:34.516+0800] {logging_mixin.py:154} INFO - [2023-11-24T10:48:34.516+0800] {dag.py:3722} INFO - Setting next_dagrun for example_xcom_args to None, run_after=None
[2023-11-24T10:48:34.519+0800] {logging_mixin.py:154} INFO - [2023-11-24T10:48:34.519+0800] {dag.py:3722} INFO - Setting next_dagrun for example_xcom_args_with_operators to None, run_after=None
[2023-11-24T10:48:34.540+0800] {processor.py:179} INFO - Processing /home/azfarmustafa/airflow_tutorial/.venv/lib/python3.10/site-packages/airflow/example_dags/example_xcomargs.py took 0.065 seconds
[2023-11-24T10:49:07.497+0800] {processor.py:157} INFO - Started process (PID=60157) to work on /home/azfarmustafa/airflow_tutorial/.venv/lib/python3.10/site-packages/airflow/example_dags/example_xcomargs.py
[2023-11-24T10:49:07.498+0800] {processor.py:829} INFO - Processing file /home/azfarmustafa/airflow_tutorial/.venv/lib/python3.10/site-packages/airflow/example_dags/example_xcomargs.py for tasks to queue
[2023-11-24T10:49:07.499+0800] {logging_mixin.py:154} INFO - [2023-11-24T10:49:07.499+0800] {dagbag.py:536} INFO - Filling up the DagBag from /home/azfarmustafa/airflow_tutorial/.venv/lib/python3.10/site-packages/airflow/example_dags/example_xcomargs.py
[2023-11-24T10:49:07.507+0800] {processor.py:839} INFO - DAG(s) dict_keys(['example_xcom_args', 'example_xcom_args_with_operators']) retrieved from /home/azfarmustafa/airflow_tutorial/.venv/lib/python3.10/site-packages/airflow/example_dags/example_xcomargs.py
[2023-11-24T10:49:07.523+0800] {logging_mixin.py:154} INFO - [2023-11-24T10:49:07.523+0800] {dag.py:2941} INFO - Sync 2 DAGs
[2023-11-24T10:49:07.533+0800] {logging_mixin.py:154} INFO - [2023-11-24T10:49:07.533+0800] {dag.py:3722} INFO - Setting next_dagrun for example_xcom_args to None, run_after=None
[2023-11-24T10:49:07.536+0800] {logging_mixin.py:154} INFO - [2023-11-24T10:49:07.536+0800] {dag.py:3722} INFO - Setting next_dagrun for example_xcom_args_with_operators to None, run_after=None
[2023-11-24T10:49:07.559+0800] {processor.py:179} INFO - Processing /home/azfarmustafa/airflow_tutorial/.venv/lib/python3.10/site-packages/airflow/example_dags/example_xcomargs.py took 0.065 seconds
[2023-11-24T10:49:41.109+0800] {processor.py:157} INFO - Started process (PID=60191) to work on /home/azfarmustafa/airflow_tutorial/.venv/lib/python3.10/site-packages/airflow/example_dags/example_xcomargs.py
[2023-11-24T10:49:41.114+0800] {processor.py:829} INFO - Processing file /home/azfarmustafa/airflow_tutorial/.venv/lib/python3.10/site-packages/airflow/example_dags/example_xcomargs.py for tasks to queue
[2023-11-24T10:49:41.115+0800] {logging_mixin.py:154} INFO - [2023-11-24T10:49:41.114+0800] {dagbag.py:536} INFO - Filling up the DagBag from /home/azfarmustafa/airflow_tutorial/.venv/lib/python3.10/site-packages/airflow/example_dags/example_xcomargs.py
[2023-11-24T10:49:41.122+0800] {processor.py:839} INFO - DAG(s) dict_keys(['example_xcom_args', 'example_xcom_args_with_operators']) retrieved from /home/azfarmustafa/airflow_tutorial/.venv/lib/python3.10/site-packages/airflow/example_dags/example_xcomargs.py
[2023-11-24T10:49:41.138+0800] {logging_mixin.py:154} INFO - [2023-11-24T10:49:41.138+0800] {dag.py:2941} INFO - Sync 2 DAGs
[2023-11-24T10:49:41.148+0800] {logging_mixin.py:154} INFO - [2023-11-24T10:49:41.148+0800] {dag.py:3722} INFO - Setting next_dagrun for example_xcom_args to None, run_after=None
[2023-11-24T10:49:41.151+0800] {logging_mixin.py:154} INFO - [2023-11-24T10:49:41.151+0800] {dag.py:3722} INFO - Setting next_dagrun for example_xcom_args_with_operators to None, run_after=None
[2023-11-24T10:49:41.173+0800] {processor.py:179} INFO - Processing /home/azfarmustafa/airflow_tutorial/.venv/lib/python3.10/site-packages/airflow/example_dags/example_xcomargs.py took 0.067 seconds
[2023-11-24T10:50:26.550+0800] {processor.py:157} INFO - Started process (PID=60238) to work on /home/azfarmustafa/airflow_tutorial/.venv/lib/python3.10/site-packages/airflow/example_dags/example_xcomargs.py
[2023-11-24T10:50:26.554+0800] {processor.py:829} INFO - Processing file /home/azfarmustafa/airflow_tutorial/.venv/lib/python3.10/site-packages/airflow/example_dags/example_xcomargs.py for tasks to queue
[2023-11-24T10:50:26.555+0800] {logging_mixin.py:154} INFO - [2023-11-24T10:50:26.555+0800] {dagbag.py:536} INFO - Filling up the DagBag from /home/azfarmustafa/airflow_tutorial/.venv/lib/python3.10/site-packages/airflow/example_dags/example_xcomargs.py
[2023-11-24T10:50:26.564+0800] {processor.py:839} INFO - DAG(s) dict_keys(['example_xcom_args', 'example_xcom_args_with_operators']) retrieved from /home/azfarmustafa/airflow_tutorial/.venv/lib/python3.10/site-packages/airflow/example_dags/example_xcomargs.py
[2023-11-24T10:50:26.583+0800] {logging_mixin.py:154} INFO - [2023-11-24T10:50:26.583+0800] {dag.py:2941} INFO - Sync 2 DAGs
[2023-11-24T10:50:26.595+0800] {logging_mixin.py:154} INFO - [2023-11-24T10:50:26.595+0800] {dag.py:3722} INFO - Setting next_dagrun for example_xcom_args to None, run_after=None
[2023-11-24T10:50:26.600+0800] {logging_mixin.py:154} INFO - [2023-11-24T10:50:26.599+0800] {dag.py:3722} INFO - Setting next_dagrun for example_xcom_args_with_operators to None, run_after=None
[2023-11-24T10:50:26.624+0800] {processor.py:179} INFO - Processing /home/azfarmustafa/airflow_tutorial/.venv/lib/python3.10/site-packages/airflow/example_dags/example_xcomargs.py took 0.077 seconds
[2023-11-24T10:51:11.991+0800] {processor.py:157} INFO - Started process (PID=60285) to work on /home/azfarmustafa/airflow_tutorial/.venv/lib/python3.10/site-packages/airflow/example_dags/example_xcomargs.py
[2023-11-24T10:51:11.995+0800] {processor.py:829} INFO - Processing file /home/azfarmustafa/airflow_tutorial/.venv/lib/python3.10/site-packages/airflow/example_dags/example_xcomargs.py for tasks to queue
[2023-11-24T10:51:11.996+0800] {logging_mixin.py:154} INFO - [2023-11-24T10:51:11.996+0800] {dagbag.py:536} INFO - Filling up the DagBag from /home/azfarmustafa/airflow_tutorial/.venv/lib/python3.10/site-packages/airflow/example_dags/example_xcomargs.py
[2023-11-24T10:51:12.004+0800] {processor.py:839} INFO - DAG(s) dict_keys(['example_xcom_args', 'example_xcom_args_with_operators']) retrieved from /home/azfarmustafa/airflow_tutorial/.venv/lib/python3.10/site-packages/airflow/example_dags/example_xcomargs.py
[2023-11-24T10:51:12.021+0800] {logging_mixin.py:154} INFO - [2023-11-24T10:51:12.021+0800] {dag.py:2941} INFO - Sync 2 DAGs
[2023-11-24T10:51:12.034+0800] {logging_mixin.py:154} INFO - [2023-11-24T10:51:12.034+0800] {dag.py:3722} INFO - Setting next_dagrun for example_xcom_args to None, run_after=None
[2023-11-24T10:51:12.037+0800] {logging_mixin.py:154} INFO - [2023-11-24T10:51:12.037+0800] {dag.py:3722} INFO - Setting next_dagrun for example_xcom_args_with_operators to None, run_after=None
[2023-11-24T10:51:12.061+0800] {processor.py:179} INFO - Processing /home/azfarmustafa/airflow_tutorial/.venv/lib/python3.10/site-packages/airflow/example_dags/example_xcomargs.py took 0.073 seconds
[2023-11-24T10:51:59.740+0800] {processor.py:157} INFO - Started process (PID=60333) to work on /home/azfarmustafa/airflow_tutorial/.venv/lib/python3.10/site-packages/airflow/example_dags/example_xcomargs.py
[2023-11-24T10:51:59.744+0800] {processor.py:829} INFO - Processing file /home/azfarmustafa/airflow_tutorial/.venv/lib/python3.10/site-packages/airflow/example_dags/example_xcomargs.py for tasks to queue
[2023-11-24T10:51:59.745+0800] {logging_mixin.py:154} INFO - [2023-11-24T10:51:59.745+0800] {dagbag.py:536} INFO - Filling up the DagBag from /home/azfarmustafa/airflow_tutorial/.venv/lib/python3.10/site-packages/airflow/example_dags/example_xcomargs.py
[2023-11-24T10:51:59.753+0800] {processor.py:839} INFO - DAG(s) dict_keys(['example_xcom_args', 'example_xcom_args_with_operators']) retrieved from /home/azfarmustafa/airflow_tutorial/.venv/lib/python3.10/site-packages/airflow/example_dags/example_xcomargs.py
[2023-11-24T10:51:59.770+0800] {logging_mixin.py:154} INFO - [2023-11-24T10:51:59.769+0800] {dag.py:2941} INFO - Sync 2 DAGs
[2023-11-24T10:51:59.780+0800] {logging_mixin.py:154} INFO - [2023-11-24T10:51:59.780+0800] {dag.py:3722} INFO - Setting next_dagrun for example_xcom_args to None, run_after=None
[2023-11-24T10:51:59.783+0800] {logging_mixin.py:154} INFO - [2023-11-24T10:51:59.783+0800] {dag.py:3722} INFO - Setting next_dagrun for example_xcom_args_with_operators to None, run_after=None
[2023-11-24T10:51:59.807+0800] {processor.py:179} INFO - Processing /home/azfarmustafa/airflow_tutorial/.venv/lib/python3.10/site-packages/airflow/example_dags/example_xcomargs.py took 0.071 seconds
[2023-11-24T10:52:48.799+0800] {processor.py:157} INFO - Started process (PID=60381) to work on /home/azfarmustafa/airflow_tutorial/.venv/lib/python3.10/site-packages/airflow/example_dags/example_xcomargs.py
[2023-11-24T10:52:48.803+0800] {processor.py:829} INFO - Processing file /home/azfarmustafa/airflow_tutorial/.venv/lib/python3.10/site-packages/airflow/example_dags/example_xcomargs.py for tasks to queue
[2023-11-24T10:52:48.804+0800] {logging_mixin.py:154} INFO - [2023-11-24T10:52:48.804+0800] {dagbag.py:536} INFO - Filling up the DagBag from /home/azfarmustafa/airflow_tutorial/.venv/lib/python3.10/site-packages/airflow/example_dags/example_xcomargs.py
[2023-11-24T10:52:48.812+0800] {processor.py:839} INFO - DAG(s) dict_keys(['example_xcom_args_with_operators', 'example_xcom_args']) retrieved from /home/azfarmustafa/airflow_tutorial/.venv/lib/python3.10/site-packages/airflow/example_dags/example_xcomargs.py
[2023-11-24T10:52:48.828+0800] {logging_mixin.py:154} INFO - [2023-11-24T10:52:48.828+0800] {dag.py:2941} INFO - Sync 2 DAGs
[2023-11-24T10:52:48.838+0800] {logging_mixin.py:154} INFO - [2023-11-24T10:52:48.838+0800] {dag.py:3722} INFO - Setting next_dagrun for example_xcom_args to None, run_after=None
[2023-11-24T10:52:48.841+0800] {logging_mixin.py:154} INFO - [2023-11-24T10:52:48.841+0800] {dag.py:3722} INFO - Setting next_dagrun for example_xcom_args_with_operators to None, run_after=None
[2023-11-24T10:52:48.862+0800] {processor.py:179} INFO - Processing /home/azfarmustafa/airflow_tutorial/.venv/lib/python3.10/site-packages/airflow/example_dags/example_xcomargs.py took 0.066 seconds
[2023-11-24T10:53:21.303+0800] {processor.py:157} INFO - Started process (PID=60421) to work on /home/azfarmustafa/airflow_tutorial/.venv/lib/python3.10/site-packages/airflow/example_dags/example_xcomargs.py
[2023-11-24T10:53:21.305+0800] {processor.py:829} INFO - Processing file /home/azfarmustafa/airflow_tutorial/.venv/lib/python3.10/site-packages/airflow/example_dags/example_xcomargs.py for tasks to queue
[2023-11-24T10:53:21.306+0800] {logging_mixin.py:154} INFO - [2023-11-24T10:53:21.305+0800] {dagbag.py:536} INFO - Filling up the DagBag from /home/azfarmustafa/airflow_tutorial/.venv/lib/python3.10/site-packages/airflow/example_dags/example_xcomargs.py
[2023-11-24T10:53:21.312+0800] {processor.py:839} INFO - DAG(s) dict_keys(['example_xcom_args', 'example_xcom_args_with_operators']) retrieved from /home/azfarmustafa/airflow_tutorial/.venv/lib/python3.10/site-packages/airflow/example_dags/example_xcomargs.py
[2023-11-24T10:53:21.330+0800] {logging_mixin.py:154} INFO - [2023-11-24T10:53:21.330+0800] {dag.py:2941} INFO - Sync 2 DAGs
[2023-11-24T10:53:21.343+0800] {logging_mixin.py:154} INFO - [2023-11-24T10:53:21.342+0800] {dag.py:3722} INFO - Setting next_dagrun for example_xcom_args to None, run_after=None
[2023-11-24T10:53:21.346+0800] {logging_mixin.py:154} INFO - [2023-11-24T10:53:21.345+0800] {dag.py:3722} INFO - Setting next_dagrun for example_xcom_args_with_operators to None, run_after=None
[2023-11-24T10:53:21.371+0800] {processor.py:179} INFO - Processing /home/azfarmustafa/airflow_tutorial/.venv/lib/python3.10/site-packages/airflow/example_dags/example_xcomargs.py took 0.071 seconds
[2023-11-24T10:54:09.712+0800] {processor.py:157} INFO - Started process (PID=60469) to work on /home/azfarmustafa/airflow_tutorial/.venv/lib/python3.10/site-packages/airflow/example_dags/example_xcomargs.py
[2023-11-24T10:54:09.716+0800] {processor.py:829} INFO - Processing file /home/azfarmustafa/airflow_tutorial/.venv/lib/python3.10/site-packages/airflow/example_dags/example_xcomargs.py for tasks to queue
[2023-11-24T10:54:09.717+0800] {logging_mixin.py:154} INFO - [2023-11-24T10:54:09.716+0800] {dagbag.py:536} INFO - Filling up the DagBag from /home/azfarmustafa/airflow_tutorial/.venv/lib/python3.10/site-packages/airflow/example_dags/example_xcomargs.py
[2023-11-24T10:54:09.725+0800] {processor.py:839} INFO - DAG(s) dict_keys(['example_xcom_args', 'example_xcom_args_with_operators']) retrieved from /home/azfarmustafa/airflow_tutorial/.venv/lib/python3.10/site-packages/airflow/example_dags/example_xcomargs.py
[2023-11-24T10:54:09.744+0800] {logging_mixin.py:154} INFO - [2023-11-24T10:54:09.743+0800] {dag.py:2941} INFO - Sync 2 DAGs
[2023-11-24T10:54:09.756+0800] {logging_mixin.py:154} INFO - [2023-11-24T10:54:09.756+0800] {dag.py:3722} INFO - Setting next_dagrun for example_xcom_args to None, run_after=None
[2023-11-24T10:54:09.761+0800] {logging_mixin.py:154} INFO - [2023-11-24T10:54:09.761+0800] {dag.py:3722} INFO - Setting next_dagrun for example_xcom_args_with_operators to None, run_after=None
[2023-11-24T10:54:09.788+0800] {processor.py:179} INFO - Processing /home/azfarmustafa/airflow_tutorial/.venv/lib/python3.10/site-packages/airflow/example_dags/example_xcomargs.py took 0.079 seconds
[2023-11-24T10:54:56.161+0800] {processor.py:157} INFO - Started process (PID=60516) to work on /home/azfarmustafa/airflow_tutorial/.venv/lib/python3.10/site-packages/airflow/example_dags/example_xcomargs.py
[2023-11-24T10:54:56.166+0800] {processor.py:829} INFO - Processing file /home/azfarmustafa/airflow_tutorial/.venv/lib/python3.10/site-packages/airflow/example_dags/example_xcomargs.py for tasks to queue
[2023-11-24T10:54:56.168+0800] {logging_mixin.py:154} INFO - [2023-11-24T10:54:56.167+0800] {dagbag.py:536} INFO - Filling up the DagBag from /home/azfarmustafa/airflow_tutorial/.venv/lib/python3.10/site-packages/airflow/example_dags/example_xcomargs.py
[2023-11-24T10:54:56.184+0800] {processor.py:839} INFO - DAG(s) dict_keys(['example_xcom_args', 'example_xcom_args_with_operators']) retrieved from /home/azfarmustafa/airflow_tutorial/.venv/lib/python3.10/site-packages/airflow/example_dags/example_xcomargs.py
[2023-11-24T10:54:56.228+0800] {logging_mixin.py:154} INFO - [2023-11-24T10:54:56.228+0800] {dag.py:2941} INFO - Sync 2 DAGs
[2023-11-24T10:54:56.241+0800] {logging_mixin.py:154} INFO - [2023-11-24T10:54:56.240+0800] {dag.py:3722} INFO - Setting next_dagrun for example_xcom_args to None, run_after=None
[2023-11-24T10:54:56.244+0800] {logging_mixin.py:154} INFO - [2023-11-24T10:54:56.244+0800] {dag.py:3722} INFO - Setting next_dagrun for example_xcom_args_with_operators to None, run_after=None
[2023-11-24T10:54:56.268+0800] {processor.py:179} INFO - Processing /home/azfarmustafa/airflow_tutorial/.venv/lib/python3.10/site-packages/airflow/example_dags/example_xcomargs.py took 0.110 seconds
[2023-11-24T10:55:40.294+0800] {processor.py:157} INFO - Started process (PID=60562) to work on /home/azfarmustafa/airflow_tutorial/.venv/lib/python3.10/site-packages/airflow/example_dags/example_xcomargs.py
[2023-11-24T10:55:40.299+0800] {processor.py:829} INFO - Processing file /home/azfarmustafa/airflow_tutorial/.venv/lib/python3.10/site-packages/airflow/example_dags/example_xcomargs.py for tasks to queue
[2023-11-24T10:55:40.299+0800] {logging_mixin.py:154} INFO - [2023-11-24T10:55:40.299+0800] {dagbag.py:536} INFO - Filling up the DagBag from /home/azfarmustafa/airflow_tutorial/.venv/lib/python3.10/site-packages/airflow/example_dags/example_xcomargs.py
[2023-11-24T10:55:40.306+0800] {processor.py:839} INFO - DAG(s) dict_keys(['example_xcom_args_with_operators', 'example_xcom_args']) retrieved from /home/azfarmustafa/airflow_tutorial/.venv/lib/python3.10/site-packages/airflow/example_dags/example_xcomargs.py
[2023-11-24T10:55:40.325+0800] {logging_mixin.py:154} INFO - [2023-11-24T10:55:40.325+0800] {dag.py:2941} INFO - Sync 2 DAGs
[2023-11-24T10:55:40.338+0800] {logging_mixin.py:154} INFO - [2023-11-24T10:55:40.338+0800] {dag.py:3722} INFO - Setting next_dagrun for example_xcom_args to None, run_after=None
[2023-11-24T10:55:40.341+0800] {logging_mixin.py:154} INFO - [2023-11-24T10:55:40.341+0800] {dag.py:3722} INFO - Setting next_dagrun for example_xcom_args_with_operators to None, run_after=None
[2023-11-24T10:55:40.365+0800] {processor.py:179} INFO - Processing /home/azfarmustafa/airflow_tutorial/.venv/lib/python3.10/site-packages/airflow/example_dags/example_xcomargs.py took 0.074 seconds
[2023-11-24T10:56:13.890+0800] {processor.py:157} INFO - Started process (PID=60595) to work on /home/azfarmustafa/airflow_tutorial/.venv/lib/python3.10/site-packages/airflow/example_dags/example_xcomargs.py
[2023-11-24T10:56:13.891+0800] {processor.py:829} INFO - Processing file /home/azfarmustafa/airflow_tutorial/.venv/lib/python3.10/site-packages/airflow/example_dags/example_xcomargs.py for tasks to queue
[2023-11-24T10:56:13.892+0800] {logging_mixin.py:154} INFO - [2023-11-24T10:56:13.892+0800] {dagbag.py:536} INFO - Filling up the DagBag from /home/azfarmustafa/airflow_tutorial/.venv/lib/python3.10/site-packages/airflow/example_dags/example_xcomargs.py
[2023-11-24T10:56:13.900+0800] {processor.py:839} INFO - DAG(s) dict_keys(['example_xcom_args_with_operators', 'example_xcom_args']) retrieved from /home/azfarmustafa/airflow_tutorial/.venv/lib/python3.10/site-packages/airflow/example_dags/example_xcomargs.py
[2023-11-24T10:56:13.916+0800] {logging_mixin.py:154} INFO - [2023-11-24T10:56:13.916+0800] {dag.py:2941} INFO - Sync 2 DAGs
[2023-11-24T10:56:13.926+0800] {logging_mixin.py:154} INFO - [2023-11-24T10:56:13.926+0800] {dag.py:3722} INFO - Setting next_dagrun for example_xcom_args to None, run_after=None
[2023-11-24T10:56:13.929+0800] {logging_mixin.py:154} INFO - [2023-11-24T10:56:13.929+0800] {dag.py:3722} INFO - Setting next_dagrun for example_xcom_args_with_operators to None, run_after=None
[2023-11-24T10:56:13.953+0800] {processor.py:179} INFO - Processing /home/azfarmustafa/airflow_tutorial/.venv/lib/python3.10/site-packages/airflow/example_dags/example_xcomargs.py took 0.065 seconds
[2023-11-24T10:56:55.620+0800] {processor.py:157} INFO - Started process (PID=60640) to work on /home/azfarmustafa/airflow_tutorial/.venv/lib/python3.10/site-packages/airflow/example_dags/example_xcomargs.py
[2023-11-24T10:56:55.624+0800] {processor.py:829} INFO - Processing file /home/azfarmustafa/airflow_tutorial/.venv/lib/python3.10/site-packages/airflow/example_dags/example_xcomargs.py for tasks to queue
[2023-11-24T10:56:55.625+0800] {logging_mixin.py:154} INFO - [2023-11-24T10:56:55.625+0800] {dagbag.py:536} INFO - Filling up the DagBag from /home/azfarmustafa/airflow_tutorial/.venv/lib/python3.10/site-packages/airflow/example_dags/example_xcomargs.py
[2023-11-24T10:56:55.634+0800] {processor.py:839} INFO - DAG(s) dict_keys(['example_xcom_args_with_operators', 'example_xcom_args']) retrieved from /home/azfarmustafa/airflow_tutorial/.venv/lib/python3.10/site-packages/airflow/example_dags/example_xcomargs.py
[2023-11-24T10:56:55.658+0800] {logging_mixin.py:154} INFO - [2023-11-24T10:56:55.657+0800] {dag.py:2941} INFO - Sync 2 DAGs
[2023-11-24T10:56:55.669+0800] {logging_mixin.py:154} INFO - [2023-11-24T10:56:55.668+0800] {dag.py:3722} INFO - Setting next_dagrun for example_xcom_args to None, run_after=None
[2023-11-24T10:56:55.672+0800] {logging_mixin.py:154} INFO - [2023-11-24T10:56:55.672+0800] {dag.py:3722} INFO - Setting next_dagrun for example_xcom_args_with_operators to None, run_after=None
[2023-11-24T10:56:55.697+0800] {processor.py:179} INFO - Processing /home/azfarmustafa/airflow_tutorial/.venv/lib/python3.10/site-packages/airflow/example_dags/example_xcomargs.py took 0.079 seconds
[2023-11-24T10:57:38.786+0800] {processor.py:157} INFO - Started process (PID=60686) to work on /home/azfarmustafa/airflow_tutorial/.venv/lib/python3.10/site-packages/airflow/example_dags/example_xcomargs.py
[2023-11-24T10:57:38.787+0800] {processor.py:829} INFO - Processing file /home/azfarmustafa/airflow_tutorial/.venv/lib/python3.10/site-packages/airflow/example_dags/example_xcomargs.py for tasks to queue
[2023-11-24T10:57:38.788+0800] {logging_mixin.py:154} INFO - [2023-11-24T10:57:38.788+0800] {dagbag.py:536} INFO - Filling up the DagBag from /home/azfarmustafa/airflow_tutorial/.venv/lib/python3.10/site-packages/airflow/example_dags/example_xcomargs.py
[2023-11-24T10:57:38.795+0800] {processor.py:839} INFO - DAG(s) dict_keys(['example_xcom_args_with_operators', 'example_xcom_args']) retrieved from /home/azfarmustafa/airflow_tutorial/.venv/lib/python3.10/site-packages/airflow/example_dags/example_xcomargs.py
[2023-11-24T10:57:38.817+0800] {logging_mixin.py:154} INFO - [2023-11-24T10:57:38.817+0800] {dag.py:2941} INFO - Sync 2 DAGs
[2023-11-24T10:57:38.827+0800] {logging_mixin.py:154} INFO - [2023-11-24T10:57:38.827+0800] {dag.py:3722} INFO - Setting next_dagrun for example_xcom_args to None, run_after=None
[2023-11-24T10:57:38.831+0800] {logging_mixin.py:154} INFO - [2023-11-24T10:57:38.830+0800] {dag.py:3722} INFO - Setting next_dagrun for example_xcom_args_with_operators to None, run_after=None
[2023-11-24T10:57:38.857+0800] {processor.py:179} INFO - Processing /home/azfarmustafa/airflow_tutorial/.venv/lib/python3.10/site-packages/airflow/example_dags/example_xcomargs.py took 0.074 seconds
[2023-11-24T10:58:25.894+0800] {processor.py:157} INFO - Started process (PID=60732) to work on /home/azfarmustafa/airflow_tutorial/.venv/lib/python3.10/site-packages/airflow/example_dags/example_xcomargs.py
[2023-11-24T10:58:25.896+0800] {processor.py:829} INFO - Processing file /home/azfarmustafa/airflow_tutorial/.venv/lib/python3.10/site-packages/airflow/example_dags/example_xcomargs.py for tasks to queue
[2023-11-24T10:58:25.897+0800] {logging_mixin.py:154} INFO - [2023-11-24T10:58:25.896+0800] {dagbag.py:536} INFO - Filling up the DagBag from /home/azfarmustafa/airflow_tutorial/.venv/lib/python3.10/site-packages/airflow/example_dags/example_xcomargs.py
[2023-11-24T10:58:25.904+0800] {processor.py:839} INFO - DAG(s) dict_keys(['example_xcom_args_with_operators', 'example_xcom_args']) retrieved from /home/azfarmustafa/airflow_tutorial/.venv/lib/python3.10/site-packages/airflow/example_dags/example_xcomargs.py
[2023-11-24T10:58:25.923+0800] {logging_mixin.py:154} INFO - [2023-11-24T10:58:25.923+0800] {dag.py:2941} INFO - Sync 2 DAGs
[2023-11-24T10:58:25.933+0800] {logging_mixin.py:154} INFO - [2023-11-24T10:58:25.933+0800] {dag.py:3722} INFO - Setting next_dagrun for example_xcom_args to None, run_after=None
[2023-11-24T10:58:25.937+0800] {logging_mixin.py:154} INFO - [2023-11-24T10:58:25.936+0800] {dag.py:3722} INFO - Setting next_dagrun for example_xcom_args_with_operators to None, run_after=None
[2023-11-24T10:58:25.959+0800] {processor.py:179} INFO - Processing /home/azfarmustafa/airflow_tutorial/.venv/lib/python3.10/site-packages/airflow/example_dags/example_xcomargs.py took 0.068 seconds
[2023-11-24T10:59:11.866+0800] {processor.py:157} INFO - Started process (PID=60779) to work on /home/azfarmustafa/airflow_tutorial/.venv/lib/python3.10/site-packages/airflow/example_dags/example_xcomargs.py
[2023-11-24T10:59:11.870+0800] {processor.py:829} INFO - Processing file /home/azfarmustafa/airflow_tutorial/.venv/lib/python3.10/site-packages/airflow/example_dags/example_xcomargs.py for tasks to queue
[2023-11-24T10:59:11.871+0800] {logging_mixin.py:154} INFO - [2023-11-24T10:59:11.871+0800] {dagbag.py:536} INFO - Filling up the DagBag from /home/azfarmustafa/airflow_tutorial/.venv/lib/python3.10/site-packages/airflow/example_dags/example_xcomargs.py
[2023-11-24T10:59:11.879+0800] {processor.py:839} INFO - DAG(s) dict_keys(['example_xcom_args_with_operators', 'example_xcom_args']) retrieved from /home/azfarmustafa/airflow_tutorial/.venv/lib/python3.10/site-packages/airflow/example_dags/example_xcomargs.py
[2023-11-24T10:59:11.897+0800] {logging_mixin.py:154} INFO - [2023-11-24T10:59:11.897+0800] {dag.py:2941} INFO - Sync 2 DAGs
[2023-11-24T10:59:11.907+0800] {logging_mixin.py:154} INFO - [2023-11-24T10:59:11.907+0800] {dag.py:3722} INFO - Setting next_dagrun for example_xcom_args to None, run_after=None
[2023-11-24T10:59:11.910+0800] {logging_mixin.py:154} INFO - [2023-11-24T10:59:11.910+0800] {dag.py:3722} INFO - Setting next_dagrun for example_xcom_args_with_operators to None, run_after=None
[2023-11-24T10:59:11.933+0800] {processor.py:179} INFO - Processing /home/azfarmustafa/airflow_tutorial/.venv/lib/python3.10/site-packages/airflow/example_dags/example_xcomargs.py took 0.070 seconds
[2023-11-24T10:59:57.017+0800] {processor.py:157} INFO - Started process (PID=60832) to work on /home/azfarmustafa/airflow_tutorial/.venv/lib/python3.10/site-packages/airflow/example_dags/example_xcomargs.py
[2023-11-24T10:59:57.021+0800] {processor.py:829} INFO - Processing file /home/azfarmustafa/airflow_tutorial/.venv/lib/python3.10/site-packages/airflow/example_dags/example_xcomargs.py for tasks to queue
[2023-11-24T10:59:57.022+0800] {logging_mixin.py:154} INFO - [2023-11-24T10:59:57.021+0800] {dagbag.py:536} INFO - Filling up the DagBag from /home/azfarmustafa/airflow_tutorial/.venv/lib/python3.10/site-packages/airflow/example_dags/example_xcomargs.py
[2023-11-24T10:59:57.030+0800] {processor.py:839} INFO - DAG(s) dict_keys(['example_xcom_args', 'example_xcom_args_with_operators']) retrieved from /home/azfarmustafa/airflow_tutorial/.venv/lib/python3.10/site-packages/airflow/example_dags/example_xcomargs.py
[2023-11-24T10:59:57.050+0800] {logging_mixin.py:154} INFO - [2023-11-24T10:59:57.050+0800] {dag.py:2941} INFO - Sync 2 DAGs
[2023-11-24T10:59:57.060+0800] {logging_mixin.py:154} INFO - [2023-11-24T10:59:57.060+0800] {dag.py:3722} INFO - Setting next_dagrun for example_xcom_args to None, run_after=None
[2023-11-24T10:59:57.065+0800] {logging_mixin.py:154} INFO - [2023-11-24T10:59:57.064+0800] {dag.py:3722} INFO - Setting next_dagrun for example_xcom_args_with_operators to None, run_after=None
[2023-11-24T10:59:57.090+0800] {processor.py:179} INFO - Processing /home/azfarmustafa/airflow_tutorial/.venv/lib/python3.10/site-packages/airflow/example_dags/example_xcomargs.py took 0.077 seconds
[2023-11-24T11:00:40.598+0800] {processor.py:157} INFO - Started process (PID=60878) to work on /home/azfarmustafa/airflow_tutorial/.venv/lib/python3.10/site-packages/airflow/example_dags/example_xcomargs.py
[2023-11-24T11:00:40.602+0800] {processor.py:829} INFO - Processing file /home/azfarmustafa/airflow_tutorial/.venv/lib/python3.10/site-packages/airflow/example_dags/example_xcomargs.py for tasks to queue
[2023-11-24T11:00:40.602+0800] {logging_mixin.py:154} INFO - [2023-11-24T11:00:40.602+0800] {dagbag.py:536} INFO - Filling up the DagBag from /home/azfarmustafa/airflow_tutorial/.venv/lib/python3.10/site-packages/airflow/example_dags/example_xcomargs.py
[2023-11-24T11:00:40.609+0800] {processor.py:839} INFO - DAG(s) dict_keys(['example_xcom_args', 'example_xcom_args_with_operators']) retrieved from /home/azfarmustafa/airflow_tutorial/.venv/lib/python3.10/site-packages/airflow/example_dags/example_xcomargs.py
[2023-11-24T11:00:40.627+0800] {logging_mixin.py:154} INFO - [2023-11-24T11:00:40.627+0800] {dag.py:2941} INFO - Sync 2 DAGs
[2023-11-24T11:00:40.640+0800] {logging_mixin.py:154} INFO - [2023-11-24T11:00:40.640+0800] {dag.py:3722} INFO - Setting next_dagrun for example_xcom_args to None, run_after=None
[2023-11-24T11:00:40.644+0800] {logging_mixin.py:154} INFO - [2023-11-24T11:00:40.643+0800] {dag.py:3722} INFO - Setting next_dagrun for example_xcom_args_with_operators to None, run_after=None
[2023-11-24T11:00:40.670+0800] {processor.py:179} INFO - Processing /home/azfarmustafa/airflow_tutorial/.venv/lib/python3.10/site-packages/airflow/example_dags/example_xcomargs.py took 0.075 seconds
[2023-11-24T11:01:28.672+0800] {processor.py:157} INFO - Started process (PID=60927) to work on /home/azfarmustafa/airflow_tutorial/.venv/lib/python3.10/site-packages/airflow/example_dags/example_xcomargs.py
[2023-11-24T11:01:28.676+0800] {processor.py:829} INFO - Processing file /home/azfarmustafa/airflow_tutorial/.venv/lib/python3.10/site-packages/airflow/example_dags/example_xcomargs.py for tasks to queue
[2023-11-24T11:01:28.677+0800] {logging_mixin.py:154} INFO - [2023-11-24T11:01:28.677+0800] {dagbag.py:536} INFO - Filling up the DagBag from /home/azfarmustafa/airflow_tutorial/.venv/lib/python3.10/site-packages/airflow/example_dags/example_xcomargs.py
[2023-11-24T11:01:28.685+0800] {processor.py:839} INFO - DAG(s) dict_keys(['example_xcom_args', 'example_xcom_args_with_operators']) retrieved from /home/azfarmustafa/airflow_tutorial/.venv/lib/python3.10/site-packages/airflow/example_dags/example_xcomargs.py
[2023-11-24T11:01:28.701+0800] {logging_mixin.py:154} INFO - [2023-11-24T11:01:28.701+0800] {dag.py:2941} INFO - Sync 2 DAGs
[2023-11-24T11:01:28.714+0800] {logging_mixin.py:154} INFO - [2023-11-24T11:01:28.713+0800] {dag.py:3722} INFO - Setting next_dagrun for example_xcom_args to None, run_after=None
[2023-11-24T11:01:28.717+0800] {logging_mixin.py:154} INFO - [2023-11-24T11:01:28.716+0800] {dag.py:3722} INFO - Setting next_dagrun for example_xcom_args_with_operators to None, run_after=None
[2023-11-24T11:01:28.741+0800] {processor.py:179} INFO - Processing /home/azfarmustafa/airflow_tutorial/.venv/lib/python3.10/site-packages/airflow/example_dags/example_xcomargs.py took 0.072 seconds
[2023-11-24T11:02:16.080+0800] {processor.py:157} INFO - Started process (PID=60974) to work on /home/azfarmustafa/airflow_tutorial/.venv/lib/python3.10/site-packages/airflow/example_dags/example_xcomargs.py
[2023-11-24T11:02:16.084+0800] {processor.py:829} INFO - Processing file /home/azfarmustafa/airflow_tutorial/.venv/lib/python3.10/site-packages/airflow/example_dags/example_xcomargs.py for tasks to queue
[2023-11-24T11:02:16.085+0800] {logging_mixin.py:154} INFO - [2023-11-24T11:02:16.085+0800] {dagbag.py:536} INFO - Filling up the DagBag from /home/azfarmustafa/airflow_tutorial/.venv/lib/python3.10/site-packages/airflow/example_dags/example_xcomargs.py
[2023-11-24T11:02:16.092+0800] {processor.py:839} INFO - DAG(s) dict_keys(['example_xcom_args_with_operators', 'example_xcom_args']) retrieved from /home/azfarmustafa/airflow_tutorial/.venv/lib/python3.10/site-packages/airflow/example_dags/example_xcomargs.py
[2023-11-24T11:02:16.117+0800] {logging_mixin.py:154} INFO - [2023-11-24T11:02:16.116+0800] {dag.py:2941} INFO - Sync 2 DAGs
[2023-11-24T11:02:16.130+0800] {logging_mixin.py:154} INFO - [2023-11-24T11:02:16.130+0800] {dag.py:3722} INFO - Setting next_dagrun for example_xcom_args to None, run_after=None
[2023-11-24T11:02:16.134+0800] {logging_mixin.py:154} INFO - [2023-11-24T11:02:16.133+0800] {dag.py:3722} INFO - Setting next_dagrun for example_xcom_args_with_operators to None, run_after=None
[2023-11-24T11:02:16.162+0800] {processor.py:179} INFO - Processing /home/azfarmustafa/airflow_tutorial/.venv/lib/python3.10/site-packages/airflow/example_dags/example_xcomargs.py took 0.087 seconds
[2023-11-24T11:02:59.172+0800] {processor.py:157} INFO - Started process (PID=61020) to work on /home/azfarmustafa/airflow_tutorial/.venv/lib/python3.10/site-packages/airflow/example_dags/example_xcomargs.py
[2023-11-24T11:02:59.176+0800] {processor.py:829} INFO - Processing file /home/azfarmustafa/airflow_tutorial/.venv/lib/python3.10/site-packages/airflow/example_dags/example_xcomargs.py for tasks to queue
[2023-11-24T11:02:59.177+0800] {logging_mixin.py:154} INFO - [2023-11-24T11:02:59.177+0800] {dagbag.py:536} INFO - Filling up the DagBag from /home/azfarmustafa/airflow_tutorial/.venv/lib/python3.10/site-packages/airflow/example_dags/example_xcomargs.py
[2023-11-24T11:02:59.186+0800] {processor.py:839} INFO - DAG(s) dict_keys(['example_xcom_args_with_operators', 'example_xcom_args']) retrieved from /home/azfarmustafa/airflow_tutorial/.venv/lib/python3.10/site-packages/airflow/example_dags/example_xcomargs.py
[2023-11-24T11:02:59.209+0800] {logging_mixin.py:154} INFO - [2023-11-24T11:02:59.208+0800] {dag.py:2941} INFO - Sync 2 DAGs
[2023-11-24T11:02:59.220+0800] {logging_mixin.py:154} INFO - [2023-11-24T11:02:59.220+0800] {dag.py:3722} INFO - Setting next_dagrun for example_xcom_args to None, run_after=None
[2023-11-24T11:02:59.224+0800] {logging_mixin.py:154} INFO - [2023-11-24T11:02:59.223+0800] {dag.py:3722} INFO - Setting next_dagrun for example_xcom_args_with_operators to None, run_after=None
[2023-11-24T11:02:59.248+0800] {processor.py:179} INFO - Processing /home/azfarmustafa/airflow_tutorial/.venv/lib/python3.10/site-packages/airflow/example_dags/example_xcomargs.py took 0.080 seconds
[2023-11-24T11:03:47.123+0800] {processor.py:157} INFO - Started process (PID=61074) to work on /home/azfarmustafa/airflow_tutorial/.venv/lib/python3.10/site-packages/airflow/example_dags/example_xcomargs.py
[2023-11-24T11:03:47.125+0800] {processor.py:829} INFO - Processing file /home/azfarmustafa/airflow_tutorial/.venv/lib/python3.10/site-packages/airflow/example_dags/example_xcomargs.py for tasks to queue
[2023-11-24T11:03:47.126+0800] {logging_mixin.py:154} INFO - [2023-11-24T11:03:47.126+0800] {dagbag.py:536} INFO - Filling up the DagBag from /home/azfarmustafa/airflow_tutorial/.venv/lib/python3.10/site-packages/airflow/example_dags/example_xcomargs.py
[2023-11-24T11:03:47.141+0800] {processor.py:839} INFO - DAG(s) dict_keys(['example_xcom_args', 'example_xcom_args_with_operators']) retrieved from /home/azfarmustafa/airflow_tutorial/.venv/lib/python3.10/site-packages/airflow/example_dags/example_xcomargs.py
[2023-11-24T11:03:47.175+0800] {logging_mixin.py:154} INFO - [2023-11-24T11:03:47.174+0800] {dag.py:2941} INFO - Sync 2 DAGs
[2023-11-24T11:03:47.193+0800] {logging_mixin.py:154} INFO - [2023-11-24T11:03:47.193+0800] {dag.py:3722} INFO - Setting next_dagrun for example_xcom_args to None, run_after=None
[2023-11-24T11:03:47.200+0800] {logging_mixin.py:154} INFO - [2023-11-24T11:03:47.199+0800] {dag.py:3722} INFO - Setting next_dagrun for example_xcom_args_with_operators to None, run_after=None
[2023-11-24T11:03:47.239+0800] {processor.py:179} INFO - Processing /home/azfarmustafa/airflow_tutorial/.venv/lib/python3.10/site-packages/airflow/example_dags/example_xcomargs.py took 0.120 seconds
[2023-11-24T11:04:20.802+0800] {processor.py:157} INFO - Started process (PID=61108) to work on /home/azfarmustafa/airflow_tutorial/.venv/lib/python3.10/site-packages/airflow/example_dags/example_xcomargs.py
[2023-11-24T11:04:20.807+0800] {processor.py:829} INFO - Processing file /home/azfarmustafa/airflow_tutorial/.venv/lib/python3.10/site-packages/airflow/example_dags/example_xcomargs.py for tasks to queue
[2023-11-24T11:04:20.807+0800] {logging_mixin.py:154} INFO - [2023-11-24T11:04:20.807+0800] {dagbag.py:536} INFO - Filling up the DagBag from /home/azfarmustafa/airflow_tutorial/.venv/lib/python3.10/site-packages/airflow/example_dags/example_xcomargs.py
[2023-11-24T11:04:20.815+0800] {processor.py:839} INFO - DAG(s) dict_keys(['example_xcom_args_with_operators', 'example_xcom_args']) retrieved from /home/azfarmustafa/airflow_tutorial/.venv/lib/python3.10/site-packages/airflow/example_dags/example_xcomargs.py
[2023-11-24T11:04:20.837+0800] {logging_mixin.py:154} INFO - [2023-11-24T11:04:20.836+0800] {dag.py:2941} INFO - Sync 2 DAGs
[2023-11-24T11:04:20.848+0800] {logging_mixin.py:154} INFO - [2023-11-24T11:04:20.847+0800] {dag.py:3722} INFO - Setting next_dagrun for example_xcom_args to None, run_after=None
[2023-11-24T11:04:20.851+0800] {logging_mixin.py:154} INFO - [2023-11-24T11:04:20.850+0800] {dag.py:3722} INFO - Setting next_dagrun for example_xcom_args_with_operators to None, run_after=None
[2023-11-24T11:04:20.875+0800] {processor.py:179} INFO - Processing /home/azfarmustafa/airflow_tutorial/.venv/lib/python3.10/site-packages/airflow/example_dags/example_xcomargs.py took 0.077 seconds
[2023-11-24T11:04:52.854+0800] {processor.py:157} INFO - Started process (PID=61142) to work on /home/azfarmustafa/airflow_tutorial/.venv/lib/python3.10/site-packages/airflow/example_dags/example_xcomargs.py
[2023-11-24T11:04:52.855+0800] {processor.py:829} INFO - Processing file /home/azfarmustafa/airflow_tutorial/.venv/lib/python3.10/site-packages/airflow/example_dags/example_xcomargs.py for tasks to queue
[2023-11-24T11:04:52.856+0800] {logging_mixin.py:154} INFO - [2023-11-24T11:04:52.856+0800] {dagbag.py:536} INFO - Filling up the DagBag from /home/azfarmustafa/airflow_tutorial/.venv/lib/python3.10/site-packages/airflow/example_dags/example_xcomargs.py
[2023-11-24T11:04:52.863+0800] {processor.py:839} INFO - DAG(s) dict_keys(['example_xcom_args', 'example_xcom_args_with_operators']) retrieved from /home/azfarmustafa/airflow_tutorial/.venv/lib/python3.10/site-packages/airflow/example_dags/example_xcomargs.py
[2023-11-24T11:04:52.880+0800] {logging_mixin.py:154} INFO - [2023-11-24T11:04:52.879+0800] {dag.py:2941} INFO - Sync 2 DAGs
[2023-11-24T11:04:52.893+0800] {logging_mixin.py:154} INFO - [2023-11-24T11:04:52.892+0800] {dag.py:3722} INFO - Setting next_dagrun for example_xcom_args to None, run_after=None
[2023-11-24T11:04:52.896+0800] {logging_mixin.py:154} INFO - [2023-11-24T11:04:52.896+0800] {dag.py:3722} INFO - Setting next_dagrun for example_xcom_args_with_operators to None, run_after=None
[2023-11-24T11:04:52.923+0800] {processor.py:179} INFO - Processing /home/azfarmustafa/airflow_tutorial/.venv/lib/python3.10/site-packages/airflow/example_dags/example_xcomargs.py took 0.071 seconds
