[2023-11-24T10:26:09.373+0800] {processor.py:157} INFO - Started process (PID=58729) to work on /home/azfarmustafa/airflow_tutorial/.venv/lib/python3.10/site-packages/airflow/example_dags/example_branch_operator_decorator.py
[2023-11-24T10:26:09.374+0800] {processor.py:829} INFO - Processing file /home/azfarmustafa/airflow_tutorial/.venv/lib/python3.10/site-packages/airflow/example_dags/example_branch_operator_decorator.py for tasks to queue
[2023-11-24T10:26:09.375+0800] {logging_mixin.py:154} INFO - [2023-11-24T10:26:09.374+0800] {dagbag.py:536} INFO - Filling up the DagBag from /home/azfarmustafa/airflow_tutorial/.venv/lib/python3.10/site-packages/airflow/example_dags/example_branch_operator_decorator.py
[2023-11-24T10:26:09.384+0800] {processor.py:839} INFO - DAG(s) dict_keys(['example_branch_python_operator_decorator']) retrieved from /home/azfarmustafa/airflow_tutorial/.venv/lib/python3.10/site-packages/airflow/example_dags/example_branch_operator_decorator.py
[2023-11-24T10:26:09.400+0800] {logging_mixin.py:154} INFO - [2023-11-24T10:26:09.400+0800] {dag.py:2941} INFO - Sync 1 DAGs
[2023-11-24T10:26:09.418+0800] {logging_mixin.py:154} INFO - [2023-11-24T10:26:09.418+0800] {dag.py:3722} INFO - Setting next_dagrun for example_branch_python_operator_decorator to 2023-11-23T00:00:00+00:00, run_after=2023-11-24T00:00:00+00:00
[2023-11-24T10:26:09.446+0800] {processor.py:179} INFO - Processing /home/azfarmustafa/airflow_tutorial/.venv/lib/python3.10/site-packages/airflow/example_dags/example_branch_operator_decorator.py took 0.075 seconds
[2023-11-24T10:26:59.299+0800] {processor.py:157} INFO - Started process (PID=58786) to work on /home/azfarmustafa/airflow_tutorial/.venv/lib/python3.10/site-packages/airflow/example_dags/example_branch_operator_decorator.py
[2023-11-24T10:26:59.303+0800] {processor.py:829} INFO - Processing file /home/azfarmustafa/airflow_tutorial/.venv/lib/python3.10/site-packages/airflow/example_dags/example_branch_operator_decorator.py for tasks to queue
[2023-11-24T10:26:59.304+0800] {logging_mixin.py:154} INFO - [2023-11-24T10:26:59.304+0800] {dagbag.py:536} INFO - Filling up the DagBag from /home/azfarmustafa/airflow_tutorial/.venv/lib/python3.10/site-packages/airflow/example_dags/example_branch_operator_decorator.py
[2023-11-24T10:26:59.313+0800] {processor.py:839} INFO - DAG(s) dict_keys(['example_branch_python_operator_decorator']) retrieved from /home/azfarmustafa/airflow_tutorial/.venv/lib/python3.10/site-packages/airflow/example_dags/example_branch_operator_decorator.py
[2023-11-24T10:26:59.328+0800] {logging_mixin.py:154} INFO - [2023-11-24T10:26:59.328+0800] {dag.py:2941} INFO - Sync 1 DAGs
[2023-11-24T10:26:59.350+0800] {logging_mixin.py:154} INFO - [2023-11-24T10:26:59.350+0800] {dag.py:3722} INFO - Setting next_dagrun for example_branch_python_operator_decorator to 2023-11-23T00:00:00+00:00, run_after=2023-11-24T00:00:00+00:00
[2023-11-24T10:26:59.376+0800] {processor.py:179} INFO - Processing /home/azfarmustafa/airflow_tutorial/.venv/lib/python3.10/site-packages/airflow/example_dags/example_branch_operator_decorator.py took 0.080 seconds
[2023-11-24T10:27:46.674+0800] {processor.py:157} INFO - Started process (PID=58834) to work on /home/azfarmustafa/airflow_tutorial/.venv/lib/python3.10/site-packages/airflow/example_dags/example_branch_operator_decorator.py
[2023-11-24T10:27:46.678+0800] {processor.py:829} INFO - Processing file /home/azfarmustafa/airflow_tutorial/.venv/lib/python3.10/site-packages/airflow/example_dags/example_branch_operator_decorator.py for tasks to queue
[2023-11-24T10:27:46.679+0800] {logging_mixin.py:154} INFO - [2023-11-24T10:27:46.679+0800] {dagbag.py:536} INFO - Filling up the DagBag from /home/azfarmustafa/airflow_tutorial/.venv/lib/python3.10/site-packages/airflow/example_dags/example_branch_operator_decorator.py
[2023-11-24T10:27:46.688+0800] {processor.py:839} INFO - DAG(s) dict_keys(['example_branch_python_operator_decorator']) retrieved from /home/azfarmustafa/airflow_tutorial/.venv/lib/python3.10/site-packages/airflow/example_dags/example_branch_operator_decorator.py
[2023-11-24T10:27:46.703+0800] {logging_mixin.py:154} INFO - [2023-11-24T10:27:46.703+0800] {dag.py:2941} INFO - Sync 1 DAGs
[2023-11-24T10:27:46.722+0800] {logging_mixin.py:154} INFO - [2023-11-24T10:27:46.722+0800] {dag.py:3722} INFO - Setting next_dagrun for example_branch_python_operator_decorator to 2023-11-23T00:00:00+00:00, run_after=2023-11-24T00:00:00+00:00
[2023-11-24T10:27:46.745+0800] {processor.py:179} INFO - Processing /home/azfarmustafa/airflow_tutorial/.venv/lib/python3.10/site-packages/airflow/example_dags/example_branch_operator_decorator.py took 0.074 seconds
[2023-11-24T10:28:33.090+0800] {processor.py:157} INFO - Started process (PID=58880) to work on /home/azfarmustafa/airflow_tutorial/.venv/lib/python3.10/site-packages/airflow/example_dags/example_branch_operator_decorator.py
[2023-11-24T10:28:33.092+0800] {processor.py:829} INFO - Processing file /home/azfarmustafa/airflow_tutorial/.venv/lib/python3.10/site-packages/airflow/example_dags/example_branch_operator_decorator.py for tasks to queue
[2023-11-24T10:28:33.094+0800] {logging_mixin.py:154} INFO - [2023-11-24T10:28:33.093+0800] {dagbag.py:536} INFO - Filling up the DagBag from /home/azfarmustafa/airflow_tutorial/.venv/lib/python3.10/site-packages/airflow/example_dags/example_branch_operator_decorator.py
[2023-11-24T10:28:33.109+0800] {processor.py:839} INFO - DAG(s) dict_keys(['example_branch_python_operator_decorator']) retrieved from /home/azfarmustafa/airflow_tutorial/.venv/lib/python3.10/site-packages/airflow/example_dags/example_branch_operator_decorator.py
[2023-11-24T10:28:33.130+0800] {logging_mixin.py:154} INFO - [2023-11-24T10:28:33.129+0800] {dag.py:2941} INFO - Sync 1 DAGs
[2023-11-24T10:28:33.154+0800] {logging_mixin.py:154} INFO - [2023-11-24T10:28:33.153+0800] {dag.py:3722} INFO - Setting next_dagrun for example_branch_python_operator_decorator to 2023-11-23T00:00:00+00:00, run_after=2023-11-24T00:00:00+00:00
[2023-11-24T10:28:33.182+0800] {processor.py:179} INFO - Processing /home/azfarmustafa/airflow_tutorial/.venv/lib/python3.10/site-packages/airflow/example_dags/example_branch_operator_decorator.py took 0.095 seconds
[2023-11-24T10:29:22.869+0800] {processor.py:157} INFO - Started process (PID=58936) to work on /home/azfarmustafa/airflow_tutorial/.venv/lib/python3.10/site-packages/airflow/example_dags/example_branch_operator_decorator.py
[2023-11-24T10:29:22.873+0800] {processor.py:829} INFO - Processing file /home/azfarmustafa/airflow_tutorial/.venv/lib/python3.10/site-packages/airflow/example_dags/example_branch_operator_decorator.py for tasks to queue
[2023-11-24T10:29:22.874+0800] {logging_mixin.py:154} INFO - [2023-11-24T10:29:22.874+0800] {dagbag.py:536} INFO - Filling up the DagBag from /home/azfarmustafa/airflow_tutorial/.venv/lib/python3.10/site-packages/airflow/example_dags/example_branch_operator_decorator.py
[2023-11-24T10:29:22.883+0800] {processor.py:839} INFO - DAG(s) dict_keys(['example_branch_python_operator_decorator']) retrieved from /home/azfarmustafa/airflow_tutorial/.venv/lib/python3.10/site-packages/airflow/example_dags/example_branch_operator_decorator.py
[2023-11-24T10:29:22.899+0800] {logging_mixin.py:154} INFO - [2023-11-24T10:29:22.898+0800] {dag.py:2941} INFO - Sync 1 DAGs
[2023-11-24T10:29:22.917+0800] {logging_mixin.py:154} INFO - [2023-11-24T10:29:22.917+0800] {dag.py:3722} INFO - Setting next_dagrun for example_branch_python_operator_decorator to 2023-11-23T00:00:00+00:00, run_after=2023-11-24T00:00:00+00:00
[2023-11-24T10:29:22.942+0800] {processor.py:179} INFO - Processing /home/azfarmustafa/airflow_tutorial/.venv/lib/python3.10/site-packages/airflow/example_dags/example_branch_operator_decorator.py took 0.076 seconds
[2023-11-24T10:30:09.464+0800] {processor.py:157} INFO - Started process (PID=58984) to work on /home/azfarmustafa/airflow_tutorial/.venv/lib/python3.10/site-packages/airflow/example_dags/example_branch_operator_decorator.py
[2023-11-24T10:30:09.468+0800] {processor.py:829} INFO - Processing file /home/azfarmustafa/airflow_tutorial/.venv/lib/python3.10/site-packages/airflow/example_dags/example_branch_operator_decorator.py for tasks to queue
[2023-11-24T10:30:09.469+0800] {logging_mixin.py:154} INFO - [2023-11-24T10:30:09.469+0800] {dagbag.py:536} INFO - Filling up the DagBag from /home/azfarmustafa/airflow_tutorial/.venv/lib/python3.10/site-packages/airflow/example_dags/example_branch_operator_decorator.py
[2023-11-24T10:30:09.480+0800] {processor.py:839} INFO - DAG(s) dict_keys(['example_branch_python_operator_decorator']) retrieved from /home/azfarmustafa/airflow_tutorial/.venv/lib/python3.10/site-packages/airflow/example_dags/example_branch_operator_decorator.py
[2023-11-24T10:30:09.496+0800] {logging_mixin.py:154} INFO - [2023-11-24T10:30:09.496+0800] {dag.py:2941} INFO - Sync 1 DAGs
[2023-11-24T10:30:09.518+0800] {logging_mixin.py:154} INFO - [2023-11-24T10:30:09.518+0800] {dag.py:3722} INFO - Setting next_dagrun for example_branch_python_operator_decorator to 2023-11-23T00:00:00+00:00, run_after=2023-11-24T00:00:00+00:00
[2023-11-24T10:30:09.545+0800] {processor.py:179} INFO - Processing /home/azfarmustafa/airflow_tutorial/.venv/lib/python3.10/site-packages/airflow/example_dags/example_branch_operator_decorator.py took 0.084 seconds
[2023-11-24T10:30:56.034+0800] {processor.py:157} INFO - Started process (PID=59032) to work on /home/azfarmustafa/airflow_tutorial/.venv/lib/python3.10/site-packages/airflow/example_dags/example_branch_operator_decorator.py
[2023-11-24T10:30:56.038+0800] {processor.py:829} INFO - Processing file /home/azfarmustafa/airflow_tutorial/.venv/lib/python3.10/site-packages/airflow/example_dags/example_branch_operator_decorator.py for tasks to queue
[2023-11-24T10:30:56.039+0800] {logging_mixin.py:154} INFO - [2023-11-24T10:30:56.039+0800] {dagbag.py:536} INFO - Filling up the DagBag from /home/azfarmustafa/airflow_tutorial/.venv/lib/python3.10/site-packages/airflow/example_dags/example_branch_operator_decorator.py
[2023-11-24T10:30:56.050+0800] {processor.py:839} INFO - DAG(s) dict_keys(['example_branch_python_operator_decorator']) retrieved from /home/azfarmustafa/airflow_tutorial/.venv/lib/python3.10/site-packages/airflow/example_dags/example_branch_operator_decorator.py
[2023-11-24T10:30:56.069+0800] {logging_mixin.py:154} INFO - [2023-11-24T10:30:56.069+0800] {dag.py:2941} INFO - Sync 1 DAGs
[2023-11-24T10:30:56.088+0800] {logging_mixin.py:154} INFO - [2023-11-24T10:30:56.088+0800] {dag.py:3722} INFO - Setting next_dagrun for example_branch_python_operator_decorator to 2023-11-23T00:00:00+00:00, run_after=2023-11-24T00:00:00+00:00
[2023-11-24T10:30:56.110+0800] {processor.py:179} INFO - Processing /home/azfarmustafa/airflow_tutorial/.venv/lib/python3.10/site-packages/airflow/example_dags/example_branch_operator_decorator.py took 0.080 seconds
[2023-11-24T10:31:45.419+0800] {processor.py:157} INFO - Started process (PID=59082) to work on /home/azfarmustafa/airflow_tutorial/.venv/lib/python3.10/site-packages/airflow/example_dags/example_branch_operator_decorator.py
[2023-11-24T10:31:45.421+0800] {processor.py:829} INFO - Processing file /home/azfarmustafa/airflow_tutorial/.venv/lib/python3.10/site-packages/airflow/example_dags/example_branch_operator_decorator.py for tasks to queue
[2023-11-24T10:31:45.422+0800] {logging_mixin.py:154} INFO - [2023-11-24T10:31:45.421+0800] {dagbag.py:536} INFO - Filling up the DagBag from /home/azfarmustafa/airflow_tutorial/.venv/lib/python3.10/site-packages/airflow/example_dags/example_branch_operator_decorator.py
[2023-11-24T10:31:45.433+0800] {processor.py:839} INFO - DAG(s) dict_keys(['example_branch_python_operator_decorator']) retrieved from /home/azfarmustafa/airflow_tutorial/.venv/lib/python3.10/site-packages/airflow/example_dags/example_branch_operator_decorator.py
[2023-11-24T10:31:45.452+0800] {logging_mixin.py:154} INFO - [2023-11-24T10:31:45.452+0800] {dag.py:2941} INFO - Sync 1 DAGs
[2023-11-24T10:31:45.477+0800] {logging_mixin.py:154} INFO - [2023-11-24T10:31:45.476+0800] {dag.py:3722} INFO - Setting next_dagrun for example_branch_python_operator_decorator to 2023-11-23T00:00:00+00:00, run_after=2023-11-24T00:00:00+00:00
[2023-11-24T10:31:45.500+0800] {processor.py:179} INFO - Processing /home/azfarmustafa/airflow_tutorial/.venv/lib/python3.10/site-packages/airflow/example_dags/example_branch_operator_decorator.py took 0.084 seconds
[2023-11-24T10:32:32.289+0800] {processor.py:157} INFO - Started process (PID=59129) to work on /home/azfarmustafa/airflow_tutorial/.venv/lib/python3.10/site-packages/airflow/example_dags/example_branch_operator_decorator.py
[2023-11-24T10:32:32.293+0800] {processor.py:829} INFO - Processing file /home/azfarmustafa/airflow_tutorial/.venv/lib/python3.10/site-packages/airflow/example_dags/example_branch_operator_decorator.py for tasks to queue
[2023-11-24T10:32:32.294+0800] {logging_mixin.py:154} INFO - [2023-11-24T10:32:32.294+0800] {dagbag.py:536} INFO - Filling up the DagBag from /home/azfarmustafa/airflow_tutorial/.venv/lib/python3.10/site-packages/airflow/example_dags/example_branch_operator_decorator.py
[2023-11-24T10:32:32.306+0800] {processor.py:839} INFO - DAG(s) dict_keys(['example_branch_python_operator_decorator']) retrieved from /home/azfarmustafa/airflow_tutorial/.venv/lib/python3.10/site-packages/airflow/example_dags/example_branch_operator_decorator.py
[2023-11-24T10:32:32.326+0800] {logging_mixin.py:154} INFO - [2023-11-24T10:32:32.326+0800] {dag.py:2941} INFO - Sync 1 DAGs
[2023-11-24T10:32:32.346+0800] {logging_mixin.py:154} INFO - [2023-11-24T10:32:32.345+0800] {dag.py:3722} INFO - Setting next_dagrun for example_branch_python_operator_decorator to 2023-11-23T00:00:00+00:00, run_after=2023-11-24T00:00:00+00:00
[2023-11-24T10:32:32.372+0800] {processor.py:179} INFO - Processing /home/azfarmustafa/airflow_tutorial/.venv/lib/python3.10/site-packages/airflow/example_dags/example_branch_operator_decorator.py took 0.086 seconds
[2023-11-24T10:33:23.803+0800] {processor.py:157} INFO - Started process (PID=59179) to work on /home/azfarmustafa/airflow_tutorial/.venv/lib/python3.10/site-packages/airflow/example_dags/example_branch_operator_decorator.py
[2023-11-24T10:33:23.808+0800] {processor.py:829} INFO - Processing file /home/azfarmustafa/airflow_tutorial/.venv/lib/python3.10/site-packages/airflow/example_dags/example_branch_operator_decorator.py for tasks to queue
[2023-11-24T10:33:23.809+0800] {logging_mixin.py:154} INFO - [2023-11-24T10:33:23.808+0800] {dagbag.py:536} INFO - Filling up the DagBag from /home/azfarmustafa/airflow_tutorial/.venv/lib/python3.10/site-packages/airflow/example_dags/example_branch_operator_decorator.py
[2023-11-24T10:33:23.818+0800] {processor.py:839} INFO - DAG(s) dict_keys(['example_branch_python_operator_decorator']) retrieved from /home/azfarmustafa/airflow_tutorial/.venv/lib/python3.10/site-packages/airflow/example_dags/example_branch_operator_decorator.py
[2023-11-24T10:33:23.833+0800] {logging_mixin.py:154} INFO - [2023-11-24T10:33:23.833+0800] {dag.py:2941} INFO - Sync 1 DAGs
[2023-11-24T10:33:23.852+0800] {logging_mixin.py:154} INFO - [2023-11-24T10:33:23.852+0800] {dag.py:3722} INFO - Setting next_dagrun for example_branch_python_operator_decorator to 2023-11-23T00:00:00+00:00, run_after=2023-11-24T00:00:00+00:00
[2023-11-24T10:33:23.877+0800] {processor.py:179} INFO - Processing /home/azfarmustafa/airflow_tutorial/.venv/lib/python3.10/site-packages/airflow/example_dags/example_branch_operator_decorator.py took 0.076 seconds
[2023-11-24T10:34:16.140+0800] {processor.py:157} INFO - Started process (PID=59231) to work on /home/azfarmustafa/airflow_tutorial/.venv/lib/python3.10/site-packages/airflow/example_dags/example_branch_operator_decorator.py
[2023-11-24T10:34:16.145+0800] {processor.py:829} INFO - Processing file /home/azfarmustafa/airflow_tutorial/.venv/lib/python3.10/site-packages/airflow/example_dags/example_branch_operator_decorator.py for tasks to queue
[2023-11-24T10:34:16.146+0800] {logging_mixin.py:154} INFO - [2023-11-24T10:34:16.146+0800] {dagbag.py:536} INFO - Filling up the DagBag from /home/azfarmustafa/airflow_tutorial/.venv/lib/python3.10/site-packages/airflow/example_dags/example_branch_operator_decorator.py
[2023-11-24T10:34:16.155+0800] {processor.py:839} INFO - DAG(s) dict_keys(['example_branch_python_operator_decorator']) retrieved from /home/azfarmustafa/airflow_tutorial/.venv/lib/python3.10/site-packages/airflow/example_dags/example_branch_operator_decorator.py
[2023-11-24T10:34:16.175+0800] {logging_mixin.py:154} INFO - [2023-11-24T10:34:16.175+0800] {dag.py:2941} INFO - Sync 1 DAGs
[2023-11-24T10:34:16.195+0800] {logging_mixin.py:154} INFO - [2023-11-24T10:34:16.195+0800] {dag.py:3722} INFO - Setting next_dagrun for example_branch_python_operator_decorator to 2023-11-23T00:00:00+00:00, run_after=2023-11-24T00:00:00+00:00
[2023-11-24T10:34:16.220+0800] {processor.py:179} INFO - Processing /home/azfarmustafa/airflow_tutorial/.venv/lib/python3.10/site-packages/airflow/example_dags/example_branch_operator_decorator.py took 0.083 seconds
[2023-11-24T10:35:00.816+0800] {processor.py:157} INFO - Started process (PID=59283) to work on /home/azfarmustafa/airflow_tutorial/.venv/lib/python3.10/site-packages/airflow/example_dags/example_branch_operator_decorator.py
[2023-11-24T10:35:00.820+0800] {processor.py:829} INFO - Processing file /home/azfarmustafa/airflow_tutorial/.venv/lib/python3.10/site-packages/airflow/example_dags/example_branch_operator_decorator.py for tasks to queue
[2023-11-24T10:35:00.821+0800] {logging_mixin.py:154} INFO - [2023-11-24T10:35:00.821+0800] {dagbag.py:536} INFO - Filling up the DagBag from /home/azfarmustafa/airflow_tutorial/.venv/lib/python3.10/site-packages/airflow/example_dags/example_branch_operator_decorator.py
[2023-11-24T10:35:00.830+0800] {processor.py:839} INFO - DAG(s) dict_keys(['example_branch_python_operator_decorator']) retrieved from /home/azfarmustafa/airflow_tutorial/.venv/lib/python3.10/site-packages/airflow/example_dags/example_branch_operator_decorator.py
[2023-11-24T10:35:00.846+0800] {logging_mixin.py:154} INFO - [2023-11-24T10:35:00.846+0800] {dag.py:2941} INFO - Sync 1 DAGs
[2023-11-24T10:35:00.865+0800] {logging_mixin.py:154} INFO - [2023-11-24T10:35:00.865+0800] {dag.py:3722} INFO - Setting next_dagrun for example_branch_python_operator_decorator to 2023-11-23T00:00:00+00:00, run_after=2023-11-24T00:00:00+00:00
[2023-11-24T10:35:00.894+0800] {processor.py:179} INFO - Processing /home/azfarmustafa/airflow_tutorial/.venv/lib/python3.10/site-packages/airflow/example_dags/example_branch_operator_decorator.py took 0.080 seconds
[2023-11-24T10:35:47.581+0800] {processor.py:157} INFO - Started process (PID=59332) to work on /home/azfarmustafa/airflow_tutorial/.venv/lib/python3.10/site-packages/airflow/example_dags/example_branch_operator_decorator.py
[2023-11-24T10:35:47.583+0800] {processor.py:829} INFO - Processing file /home/azfarmustafa/airflow_tutorial/.venv/lib/python3.10/site-packages/airflow/example_dags/example_branch_operator_decorator.py for tasks to queue
[2023-11-24T10:35:47.584+0800] {logging_mixin.py:154} INFO - [2023-11-24T10:35:47.583+0800] {dagbag.py:536} INFO - Filling up the DagBag from /home/azfarmustafa/airflow_tutorial/.venv/lib/python3.10/site-packages/airflow/example_dags/example_branch_operator_decorator.py
[2023-11-24T10:35:47.593+0800] {processor.py:839} INFO - DAG(s) dict_keys(['example_branch_python_operator_decorator']) retrieved from /home/azfarmustafa/airflow_tutorial/.venv/lib/python3.10/site-packages/airflow/example_dags/example_branch_operator_decorator.py
[2023-11-24T10:35:47.608+0800] {logging_mixin.py:154} INFO - [2023-11-24T10:35:47.608+0800] {dag.py:2941} INFO - Sync 1 DAGs
[2023-11-24T10:35:47.628+0800] {logging_mixin.py:154} INFO - [2023-11-24T10:35:47.627+0800] {dag.py:3722} INFO - Setting next_dagrun for example_branch_python_operator_decorator to 2023-11-23T00:00:00+00:00, run_after=2023-11-24T00:00:00+00:00
[2023-11-24T10:35:47.655+0800] {processor.py:179} INFO - Processing /home/azfarmustafa/airflow_tutorial/.venv/lib/python3.10/site-packages/airflow/example_dags/example_branch_operator_decorator.py took 0.077 seconds
[2023-11-24T10:36:29.941+0800] {processor.py:157} INFO - Started process (PID=59378) to work on /home/azfarmustafa/airflow_tutorial/.venv/lib/python3.10/site-packages/airflow/example_dags/example_branch_operator_decorator.py
[2023-11-24T10:36:29.945+0800] {processor.py:829} INFO - Processing file /home/azfarmustafa/airflow_tutorial/.venv/lib/python3.10/site-packages/airflow/example_dags/example_branch_operator_decorator.py for tasks to queue
[2023-11-24T10:36:29.946+0800] {logging_mixin.py:154} INFO - [2023-11-24T10:36:29.946+0800] {dagbag.py:536} INFO - Filling up the DagBag from /home/azfarmustafa/airflow_tutorial/.venv/lib/python3.10/site-packages/airflow/example_dags/example_branch_operator_decorator.py
[2023-11-24T10:36:29.957+0800] {processor.py:839} INFO - DAG(s) dict_keys(['example_branch_python_operator_decorator']) retrieved from /home/azfarmustafa/airflow_tutorial/.venv/lib/python3.10/site-packages/airflow/example_dags/example_branch_operator_decorator.py
[2023-11-24T10:36:29.977+0800] {logging_mixin.py:154} INFO - [2023-11-24T10:36:29.977+0800] {dag.py:2941} INFO - Sync 1 DAGs
[2023-11-24T10:36:30.007+0800] {logging_mixin.py:154} INFO - [2023-11-24T10:36:30.007+0800] {dag.py:3722} INFO - Setting next_dagrun for example_branch_python_operator_decorator to 2023-11-23T00:00:00+00:00, run_after=2023-11-24T00:00:00+00:00
[2023-11-24T10:36:30.033+0800] {processor.py:179} INFO - Processing /home/azfarmustafa/airflow_tutorial/.venv/lib/python3.10/site-packages/airflow/example_dags/example_branch_operator_decorator.py took 0.094 seconds
[2023-11-24T10:37:15.253+0800] {processor.py:157} INFO - Started process (PID=59424) to work on /home/azfarmustafa/airflow_tutorial/.venv/lib/python3.10/site-packages/airflow/example_dags/example_branch_operator_decorator.py
[2023-11-24T10:37:15.257+0800] {processor.py:829} INFO - Processing file /home/azfarmustafa/airflow_tutorial/.venv/lib/python3.10/site-packages/airflow/example_dags/example_branch_operator_decorator.py for tasks to queue
[2023-11-24T10:37:15.259+0800] {logging_mixin.py:154} INFO - [2023-11-24T10:37:15.258+0800] {dagbag.py:536} INFO - Filling up the DagBag from /home/azfarmustafa/airflow_tutorial/.venv/lib/python3.10/site-packages/airflow/example_dags/example_branch_operator_decorator.py
[2023-11-24T10:37:15.268+0800] {processor.py:839} INFO - DAG(s) dict_keys(['example_branch_python_operator_decorator']) retrieved from /home/azfarmustafa/airflow_tutorial/.venv/lib/python3.10/site-packages/airflow/example_dags/example_branch_operator_decorator.py
[2023-11-24T10:37:15.285+0800] {logging_mixin.py:154} INFO - [2023-11-24T10:37:15.284+0800] {dag.py:2941} INFO - Sync 1 DAGs
[2023-11-24T10:37:15.305+0800] {logging_mixin.py:154} INFO - [2023-11-24T10:37:15.305+0800] {dag.py:3722} INFO - Setting next_dagrun for example_branch_python_operator_decorator to 2023-11-23T00:00:00+00:00, run_after=2023-11-24T00:00:00+00:00
[2023-11-24T10:37:15.333+0800] {processor.py:179} INFO - Processing /home/azfarmustafa/airflow_tutorial/.venv/lib/python3.10/site-packages/airflow/example_dags/example_branch_operator_decorator.py took 0.082 seconds
[2023-11-24T10:38:01.590+0800] {processor.py:157} INFO - Started process (PID=59470) to work on /home/azfarmustafa/airflow_tutorial/.venv/lib/python3.10/site-packages/airflow/example_dags/example_branch_operator_decorator.py
[2023-11-24T10:38:01.594+0800] {processor.py:829} INFO - Processing file /home/azfarmustafa/airflow_tutorial/.venv/lib/python3.10/site-packages/airflow/example_dags/example_branch_operator_decorator.py for tasks to queue
[2023-11-24T10:38:01.595+0800] {logging_mixin.py:154} INFO - [2023-11-24T10:38:01.595+0800] {dagbag.py:536} INFO - Filling up the DagBag from /home/azfarmustafa/airflow_tutorial/.venv/lib/python3.10/site-packages/airflow/example_dags/example_branch_operator_decorator.py
[2023-11-24T10:38:01.603+0800] {processor.py:839} INFO - DAG(s) dict_keys(['example_branch_python_operator_decorator']) retrieved from /home/azfarmustafa/airflow_tutorial/.venv/lib/python3.10/site-packages/airflow/example_dags/example_branch_operator_decorator.py
[2023-11-24T10:38:01.619+0800] {logging_mixin.py:154} INFO - [2023-11-24T10:38:01.619+0800] {dag.py:2941} INFO - Sync 1 DAGs
[2023-11-24T10:38:01.637+0800] {logging_mixin.py:154} INFO - [2023-11-24T10:38:01.637+0800] {dag.py:3722} INFO - Setting next_dagrun for example_branch_python_operator_decorator to 2023-11-23T00:00:00+00:00, run_after=2023-11-24T00:00:00+00:00
[2023-11-24T10:38:01.671+0800] {processor.py:179} INFO - Processing /home/azfarmustafa/airflow_tutorial/.venv/lib/python3.10/site-packages/airflow/example_dags/example_branch_operator_decorator.py took 0.083 seconds
[2023-11-24T10:38:49.578+0800] {processor.py:157} INFO - Started process (PID=59519) to work on /home/azfarmustafa/airflow_tutorial/.venv/lib/python3.10/site-packages/airflow/example_dags/example_branch_operator_decorator.py
[2023-11-24T10:38:49.583+0800] {processor.py:829} INFO - Processing file /home/azfarmustafa/airflow_tutorial/.venv/lib/python3.10/site-packages/airflow/example_dags/example_branch_operator_decorator.py for tasks to queue
[2023-11-24T10:38:49.584+0800] {logging_mixin.py:154} INFO - [2023-11-24T10:38:49.583+0800] {dagbag.py:536} INFO - Filling up the DagBag from /home/azfarmustafa/airflow_tutorial/.venv/lib/python3.10/site-packages/airflow/example_dags/example_branch_operator_decorator.py
[2023-11-24T10:38:49.592+0800] {processor.py:839} INFO - DAG(s) dict_keys(['example_branch_python_operator_decorator']) retrieved from /home/azfarmustafa/airflow_tutorial/.venv/lib/python3.10/site-packages/airflow/example_dags/example_branch_operator_decorator.py
[2023-11-24T10:38:49.608+0800] {logging_mixin.py:154} INFO - [2023-11-24T10:38:49.608+0800] {dag.py:2941} INFO - Sync 1 DAGs
[2023-11-24T10:38:49.626+0800] {logging_mixin.py:154} INFO - [2023-11-24T10:38:49.626+0800] {dag.py:3722} INFO - Setting next_dagrun for example_branch_python_operator_decorator to 2023-11-23T00:00:00+00:00, run_after=2023-11-24T00:00:00+00:00
[2023-11-24T10:38:49.674+0800] {processor.py:179} INFO - Processing /home/azfarmustafa/airflow_tutorial/.venv/lib/python3.10/site-packages/airflow/example_dags/example_branch_operator_decorator.py took 0.099 seconds
[2023-11-24T10:39:39.656+0800] {processor.py:157} INFO - Started process (PID=59568) to work on /home/azfarmustafa/airflow_tutorial/.venv/lib/python3.10/site-packages/airflow/example_dags/example_branch_operator_decorator.py
[2023-11-24T10:39:39.660+0800] {processor.py:829} INFO - Processing file /home/azfarmustafa/airflow_tutorial/.venv/lib/python3.10/site-packages/airflow/example_dags/example_branch_operator_decorator.py for tasks to queue
[2023-11-24T10:39:39.661+0800] {logging_mixin.py:154} INFO - [2023-11-24T10:39:39.660+0800] {dagbag.py:536} INFO - Filling up the DagBag from /home/azfarmustafa/airflow_tutorial/.venv/lib/python3.10/site-packages/airflow/example_dags/example_branch_operator_decorator.py
[2023-11-24T10:39:39.672+0800] {processor.py:839} INFO - DAG(s) dict_keys(['example_branch_python_operator_decorator']) retrieved from /home/azfarmustafa/airflow_tutorial/.venv/lib/python3.10/site-packages/airflow/example_dags/example_branch_operator_decorator.py
[2023-11-24T10:39:39.690+0800] {logging_mixin.py:154} INFO - [2023-11-24T10:39:39.690+0800] {dag.py:2941} INFO - Sync 1 DAGs
[2023-11-24T10:39:39.709+0800] {logging_mixin.py:154} INFO - [2023-11-24T10:39:39.709+0800] {dag.py:3722} INFO - Setting next_dagrun for example_branch_python_operator_decorator to 2023-11-23T00:00:00+00:00, run_after=2023-11-24T00:00:00+00:00
[2023-11-24T10:39:39.780+0800] {processor.py:179} INFO - Processing /home/azfarmustafa/airflow_tutorial/.venv/lib/python3.10/site-packages/airflow/example_dags/example_branch_operator_decorator.py took 0.126 seconds
[2023-11-24T10:40:28.967+0800] {processor.py:157} INFO - Started process (PID=59619) to work on /home/azfarmustafa/airflow_tutorial/.venv/lib/python3.10/site-packages/airflow/example_dags/example_branch_operator_decorator.py
[2023-11-24T10:40:28.971+0800] {processor.py:829} INFO - Processing file /home/azfarmustafa/airflow_tutorial/.venv/lib/python3.10/site-packages/airflow/example_dags/example_branch_operator_decorator.py for tasks to queue
[2023-11-24T10:40:28.971+0800] {logging_mixin.py:154} INFO - [2023-11-24T10:40:28.971+0800] {dagbag.py:536} INFO - Filling up the DagBag from /home/azfarmustafa/airflow_tutorial/.venv/lib/python3.10/site-packages/airflow/example_dags/example_branch_operator_decorator.py
[2023-11-24T10:40:28.982+0800] {processor.py:839} INFO - DAG(s) dict_keys(['example_branch_python_operator_decorator']) retrieved from /home/azfarmustafa/airflow_tutorial/.venv/lib/python3.10/site-packages/airflow/example_dags/example_branch_operator_decorator.py
[2023-11-24T10:40:28.999+0800] {logging_mixin.py:154} INFO - [2023-11-24T10:40:28.999+0800] {dag.py:2941} INFO - Sync 1 DAGs
[2023-11-24T10:40:29.018+0800] {logging_mixin.py:154} INFO - [2023-11-24T10:40:29.018+0800] {dag.py:3722} INFO - Setting next_dagrun for example_branch_python_operator_decorator to 2023-11-23T00:00:00+00:00, run_after=2023-11-24T00:00:00+00:00
[2023-11-24T10:40:29.041+0800] {processor.py:179} INFO - Processing /home/azfarmustafa/airflow_tutorial/.venv/lib/python3.10/site-packages/airflow/example_dags/example_branch_operator_decorator.py took 0.077 seconds
[2023-11-24T10:41:14.002+0800] {processor.py:157} INFO - Started process (PID=59670) to work on /home/azfarmustafa/airflow_tutorial/.venv/lib/python3.10/site-packages/airflow/example_dags/example_branch_operator_decorator.py
[2023-11-24T10:41:14.006+0800] {processor.py:829} INFO - Processing file /home/azfarmustafa/airflow_tutorial/.venv/lib/python3.10/site-packages/airflow/example_dags/example_branch_operator_decorator.py for tasks to queue
[2023-11-24T10:41:14.007+0800] {logging_mixin.py:154} INFO - [2023-11-24T10:41:14.007+0800] {dagbag.py:536} INFO - Filling up the DagBag from /home/azfarmustafa/airflow_tutorial/.venv/lib/python3.10/site-packages/airflow/example_dags/example_branch_operator_decorator.py
[2023-11-24T10:41:14.016+0800] {processor.py:839} INFO - DAG(s) dict_keys(['example_branch_python_operator_decorator']) retrieved from /home/azfarmustafa/airflow_tutorial/.venv/lib/python3.10/site-packages/airflow/example_dags/example_branch_operator_decorator.py
[2023-11-24T10:41:14.032+0800] {logging_mixin.py:154} INFO - [2023-11-24T10:41:14.032+0800] {dag.py:2941} INFO - Sync 1 DAGs
[2023-11-24T10:41:14.051+0800] {logging_mixin.py:154} INFO - [2023-11-24T10:41:14.051+0800] {dag.py:3722} INFO - Setting next_dagrun for example_branch_python_operator_decorator to 2023-11-23T00:00:00+00:00, run_after=2023-11-24T00:00:00+00:00
[2023-11-24T10:41:14.075+0800] {processor.py:179} INFO - Processing /home/azfarmustafa/airflow_tutorial/.venv/lib/python3.10/site-packages/airflow/example_dags/example_branch_operator_decorator.py took 0.075 seconds
[2023-11-24T10:42:03.868+0800] {processor.py:157} INFO - Started process (PID=59720) to work on /home/azfarmustafa/airflow_tutorial/.venv/lib/python3.10/site-packages/airflow/example_dags/example_branch_operator_decorator.py
[2023-11-24T10:42:03.872+0800] {processor.py:829} INFO - Processing file /home/azfarmustafa/airflow_tutorial/.venv/lib/python3.10/site-packages/airflow/example_dags/example_branch_operator_decorator.py for tasks to queue
[2023-11-24T10:42:03.873+0800] {logging_mixin.py:154} INFO - [2023-11-24T10:42:03.873+0800] {dagbag.py:536} INFO - Filling up the DagBag from /home/azfarmustafa/airflow_tutorial/.venv/lib/python3.10/site-packages/airflow/example_dags/example_branch_operator_decorator.py
[2023-11-24T10:42:03.885+0800] {processor.py:839} INFO - DAG(s) dict_keys(['example_branch_python_operator_decorator']) retrieved from /home/azfarmustafa/airflow_tutorial/.venv/lib/python3.10/site-packages/airflow/example_dags/example_branch_operator_decorator.py
[2023-11-24T10:42:03.905+0800] {logging_mixin.py:154} INFO - [2023-11-24T10:42:03.905+0800] {dag.py:2941} INFO - Sync 1 DAGs
[2023-11-24T10:42:03.927+0800] {logging_mixin.py:154} INFO - [2023-11-24T10:42:03.927+0800] {dag.py:3722} INFO - Setting next_dagrun for example_branch_python_operator_decorator to 2023-11-23T00:00:00+00:00, run_after=2023-11-24T00:00:00+00:00
[2023-11-24T10:42:03.953+0800] {processor.py:179} INFO - Processing /home/azfarmustafa/airflow_tutorial/.venv/lib/python3.10/site-packages/airflow/example_dags/example_branch_operator_decorator.py took 0.087 seconds
[2023-11-24T10:42:50.129+0800] {processor.py:157} INFO - Started process (PID=59766) to work on /home/azfarmustafa/airflow_tutorial/.venv/lib/python3.10/site-packages/airflow/example_dags/example_branch_operator_decorator.py
[2023-11-24T10:42:50.131+0800] {processor.py:829} INFO - Processing file /home/azfarmustafa/airflow_tutorial/.venv/lib/python3.10/site-packages/airflow/example_dags/example_branch_operator_decorator.py for tasks to queue
[2023-11-24T10:42:50.132+0800] {logging_mixin.py:154} INFO - [2023-11-24T10:42:50.132+0800] {dagbag.py:536} INFO - Filling up the DagBag from /home/azfarmustafa/airflow_tutorial/.venv/lib/python3.10/site-packages/airflow/example_dags/example_branch_operator_decorator.py
[2023-11-24T10:42:50.142+0800] {processor.py:839} INFO - DAG(s) dict_keys(['example_branch_python_operator_decorator']) retrieved from /home/azfarmustafa/airflow_tutorial/.venv/lib/python3.10/site-packages/airflow/example_dags/example_branch_operator_decorator.py
[2023-11-24T10:42:50.158+0800] {logging_mixin.py:154} INFO - [2023-11-24T10:42:50.157+0800] {dag.py:2941} INFO - Sync 1 DAGs
[2023-11-24T10:42:50.179+0800] {logging_mixin.py:154} INFO - [2023-11-24T10:42:50.179+0800] {dag.py:3722} INFO - Setting next_dagrun for example_branch_python_operator_decorator to 2023-11-23T00:00:00+00:00, run_after=2023-11-24T00:00:00+00:00
[2023-11-24T10:42:50.204+0800] {processor.py:179} INFO - Processing /home/azfarmustafa/airflow_tutorial/.venv/lib/python3.10/site-packages/airflow/example_dags/example_branch_operator_decorator.py took 0.077 seconds
[2023-11-24T10:43:36.941+0800] {processor.py:157} INFO - Started process (PID=59815) to work on /home/azfarmustafa/airflow_tutorial/.venv/lib/python3.10/site-packages/airflow/example_dags/example_branch_operator_decorator.py
[2023-11-24T10:43:36.945+0800] {processor.py:829} INFO - Processing file /home/azfarmustafa/airflow_tutorial/.venv/lib/python3.10/site-packages/airflow/example_dags/example_branch_operator_decorator.py for tasks to queue
[2023-11-24T10:43:36.946+0800] {logging_mixin.py:154} INFO - [2023-11-24T10:43:36.945+0800] {dagbag.py:536} INFO - Filling up the DagBag from /home/azfarmustafa/airflow_tutorial/.venv/lib/python3.10/site-packages/airflow/example_dags/example_branch_operator_decorator.py
[2023-11-24T10:43:36.955+0800] {processor.py:839} INFO - DAG(s) dict_keys(['example_branch_python_operator_decorator']) retrieved from /home/azfarmustafa/airflow_tutorial/.venv/lib/python3.10/site-packages/airflow/example_dags/example_branch_operator_decorator.py
[2023-11-24T10:43:36.970+0800] {logging_mixin.py:154} INFO - [2023-11-24T10:43:36.970+0800] {dag.py:2941} INFO - Sync 1 DAGs
[2023-11-24T10:43:36.997+0800] {logging_mixin.py:154} INFO - [2023-11-24T10:43:36.997+0800] {dag.py:3722} INFO - Setting next_dagrun for example_branch_python_operator_decorator to 2023-11-23T00:00:00+00:00, run_after=2023-11-24T00:00:00+00:00
[2023-11-24T10:43:37.025+0800] {processor.py:179} INFO - Processing /home/azfarmustafa/airflow_tutorial/.venv/lib/python3.10/site-packages/airflow/example_dags/example_branch_operator_decorator.py took 0.086 seconds
[2023-11-24T10:44:24.803+0800] {processor.py:157} INFO - Started process (PID=59863) to work on /home/azfarmustafa/airflow_tutorial/.venv/lib/python3.10/site-packages/airflow/example_dags/example_branch_operator_decorator.py
[2023-11-24T10:44:24.807+0800] {processor.py:829} INFO - Processing file /home/azfarmustafa/airflow_tutorial/.venv/lib/python3.10/site-packages/airflow/example_dags/example_branch_operator_decorator.py for tasks to queue
[2023-11-24T10:44:24.808+0800] {logging_mixin.py:154} INFO - [2023-11-24T10:44:24.808+0800] {dagbag.py:536} INFO - Filling up the DagBag from /home/azfarmustafa/airflow_tutorial/.venv/lib/python3.10/site-packages/airflow/example_dags/example_branch_operator_decorator.py
[2023-11-24T10:44:24.818+0800] {processor.py:839} INFO - DAG(s) dict_keys(['example_branch_python_operator_decorator']) retrieved from /home/azfarmustafa/airflow_tutorial/.venv/lib/python3.10/site-packages/airflow/example_dags/example_branch_operator_decorator.py
[2023-11-24T10:44:24.833+0800] {logging_mixin.py:154} INFO - [2023-11-24T10:44:24.833+0800] {dag.py:2941} INFO - Sync 1 DAGs
[2023-11-24T10:44:24.851+0800] {logging_mixin.py:154} INFO - [2023-11-24T10:44:24.851+0800] {dag.py:3722} INFO - Setting next_dagrun for example_branch_python_operator_decorator to 2023-11-23T00:00:00+00:00, run_after=2023-11-24T00:00:00+00:00
[2023-11-24T10:44:24.876+0800] {processor.py:179} INFO - Processing /home/azfarmustafa/airflow_tutorial/.venv/lib/python3.10/site-packages/airflow/example_dags/example_branch_operator_decorator.py took 0.076 seconds
[2023-11-24T10:45:13.371+0800] {processor.py:157} INFO - Started process (PID=59912) to work on /home/azfarmustafa/airflow_tutorial/.venv/lib/python3.10/site-packages/airflow/example_dags/example_branch_operator_decorator.py
[2023-11-24T10:45:13.375+0800] {processor.py:829} INFO - Processing file /home/azfarmustafa/airflow_tutorial/.venv/lib/python3.10/site-packages/airflow/example_dags/example_branch_operator_decorator.py for tasks to queue
[2023-11-24T10:45:13.376+0800] {logging_mixin.py:154} INFO - [2023-11-24T10:45:13.375+0800] {dagbag.py:536} INFO - Filling up the DagBag from /home/azfarmustafa/airflow_tutorial/.venv/lib/python3.10/site-packages/airflow/example_dags/example_branch_operator_decorator.py
[2023-11-24T10:45:13.384+0800] {processor.py:839} INFO - DAG(s) dict_keys(['example_branch_python_operator_decorator']) retrieved from /home/azfarmustafa/airflow_tutorial/.venv/lib/python3.10/site-packages/airflow/example_dags/example_branch_operator_decorator.py
[2023-11-24T10:45:13.400+0800] {logging_mixin.py:154} INFO - [2023-11-24T10:45:13.400+0800] {dag.py:2941} INFO - Sync 1 DAGs
[2023-11-24T10:45:13.419+0800] {logging_mixin.py:154} INFO - [2023-11-24T10:45:13.419+0800] {dag.py:3722} INFO - Setting next_dagrun for example_branch_python_operator_decorator to 2023-11-23T00:00:00+00:00, run_after=2023-11-24T00:00:00+00:00
[2023-11-24T10:45:13.444+0800] {processor.py:179} INFO - Processing /home/azfarmustafa/airflow_tutorial/.venv/lib/python3.10/site-packages/airflow/example_dags/example_branch_operator_decorator.py took 0.075 seconds
[2023-11-24T10:46:00.843+0800] {processor.py:157} INFO - Started process (PID=59960) to work on /home/azfarmustafa/airflow_tutorial/.venv/lib/python3.10/site-packages/airflow/example_dags/example_branch_operator_decorator.py
[2023-11-24T10:46:00.847+0800] {processor.py:829} INFO - Processing file /home/azfarmustafa/airflow_tutorial/.venv/lib/python3.10/site-packages/airflow/example_dags/example_branch_operator_decorator.py for tasks to queue
[2023-11-24T10:46:00.847+0800] {logging_mixin.py:154} INFO - [2023-11-24T10:46:00.847+0800] {dagbag.py:536} INFO - Filling up the DagBag from /home/azfarmustafa/airflow_tutorial/.venv/lib/python3.10/site-packages/airflow/example_dags/example_branch_operator_decorator.py
[2023-11-24T10:46:00.857+0800] {processor.py:839} INFO - DAG(s) dict_keys(['example_branch_python_operator_decorator']) retrieved from /home/azfarmustafa/airflow_tutorial/.venv/lib/python3.10/site-packages/airflow/example_dags/example_branch_operator_decorator.py
[2023-11-24T10:46:00.877+0800] {logging_mixin.py:154} INFO - [2023-11-24T10:46:00.876+0800] {dag.py:2941} INFO - Sync 1 DAGs
[2023-11-24T10:46:00.898+0800] {logging_mixin.py:154} INFO - [2023-11-24T10:46:00.897+0800] {dag.py:3722} INFO - Setting next_dagrun for example_branch_python_operator_decorator to 2023-11-23T00:00:00+00:00, run_after=2023-11-24T00:00:00+00:00
[2023-11-24T10:46:00.922+0800] {processor.py:179} INFO - Processing /home/azfarmustafa/airflow_tutorial/.venv/lib/python3.10/site-packages/airflow/example_dags/example_branch_operator_decorator.py took 0.082 seconds
[2023-11-24T10:46:45.626+0800] {processor.py:157} INFO - Started process (PID=60006) to work on /home/azfarmustafa/airflow_tutorial/.venv/lib/python3.10/site-packages/airflow/example_dags/example_branch_operator_decorator.py
[2023-11-24T10:46:45.630+0800] {processor.py:829} INFO - Processing file /home/azfarmustafa/airflow_tutorial/.venv/lib/python3.10/site-packages/airflow/example_dags/example_branch_operator_decorator.py for tasks to queue
[2023-11-24T10:46:45.631+0800] {logging_mixin.py:154} INFO - [2023-11-24T10:46:45.630+0800] {dagbag.py:536} INFO - Filling up the DagBag from /home/azfarmustafa/airflow_tutorial/.venv/lib/python3.10/site-packages/airflow/example_dags/example_branch_operator_decorator.py
[2023-11-24T10:46:45.641+0800] {processor.py:839} INFO - DAG(s) dict_keys(['example_branch_python_operator_decorator']) retrieved from /home/azfarmustafa/airflow_tutorial/.venv/lib/python3.10/site-packages/airflow/example_dags/example_branch_operator_decorator.py
[2023-11-24T10:46:45.660+0800] {logging_mixin.py:154} INFO - [2023-11-24T10:46:45.660+0800] {dag.py:2941} INFO - Sync 1 DAGs
[2023-11-24T10:46:45.684+0800] {logging_mixin.py:154} INFO - [2023-11-24T10:46:45.683+0800] {dag.py:3722} INFO - Setting next_dagrun for example_branch_python_operator_decorator to 2023-11-23T00:00:00+00:00, run_after=2023-11-24T00:00:00+00:00
[2023-11-24T10:46:45.713+0800] {processor.py:179} INFO - Processing /home/azfarmustafa/airflow_tutorial/.venv/lib/python3.10/site-packages/airflow/example_dags/example_branch_operator_decorator.py took 0.091 seconds
[2023-11-24T10:47:29.979+0800] {processor.py:157} INFO - Started process (PID=60059) to work on /home/azfarmustafa/airflow_tutorial/.venv/lib/python3.10/site-packages/airflow/example_dags/example_branch_operator_decorator.py
[2023-11-24T10:47:29.983+0800] {processor.py:829} INFO - Processing file /home/azfarmustafa/airflow_tutorial/.venv/lib/python3.10/site-packages/airflow/example_dags/example_branch_operator_decorator.py for tasks to queue
[2023-11-24T10:47:29.983+0800] {logging_mixin.py:154} INFO - [2023-11-24T10:47:29.983+0800] {dagbag.py:536} INFO - Filling up the DagBag from /home/azfarmustafa/airflow_tutorial/.venv/lib/python3.10/site-packages/airflow/example_dags/example_branch_operator_decorator.py
[2023-11-24T10:47:29.999+0800] {processor.py:839} INFO - DAG(s) dict_keys(['example_branch_python_operator_decorator']) retrieved from /home/azfarmustafa/airflow_tutorial/.venv/lib/python3.10/site-packages/airflow/example_dags/example_branch_operator_decorator.py
[2023-11-24T10:47:30.016+0800] {logging_mixin.py:154} INFO - [2023-11-24T10:47:30.016+0800] {dag.py:2941} INFO - Sync 1 DAGs
[2023-11-24T10:47:30.035+0800] {logging_mixin.py:154} INFO - [2023-11-24T10:47:30.035+0800] {dag.py:3722} INFO - Setting next_dagrun for example_branch_python_operator_decorator to 2023-11-23T00:00:00+00:00, run_after=2023-11-24T00:00:00+00:00
[2023-11-24T10:47:30.062+0800] {processor.py:179} INFO - Processing /home/azfarmustafa/airflow_tutorial/.venv/lib/python3.10/site-packages/airflow/example_dags/example_branch_operator_decorator.py took 0.086 seconds
[2023-11-24T10:48:16.605+0800] {processor.py:157} INFO - Started process (PID=60105) to work on /home/azfarmustafa/airflow_tutorial/.venv/lib/python3.10/site-packages/airflow/example_dags/example_branch_operator_decorator.py
[2023-11-24T10:48:16.609+0800] {processor.py:829} INFO - Processing file /home/azfarmustafa/airflow_tutorial/.venv/lib/python3.10/site-packages/airflow/example_dags/example_branch_operator_decorator.py for tasks to queue
[2023-11-24T10:48:16.609+0800] {logging_mixin.py:154} INFO - [2023-11-24T10:48:16.609+0800] {dagbag.py:536} INFO - Filling up the DagBag from /home/azfarmustafa/airflow_tutorial/.venv/lib/python3.10/site-packages/airflow/example_dags/example_branch_operator_decorator.py
[2023-11-24T10:48:16.618+0800] {processor.py:839} INFO - DAG(s) dict_keys(['example_branch_python_operator_decorator']) retrieved from /home/azfarmustafa/airflow_tutorial/.venv/lib/python3.10/site-packages/airflow/example_dags/example_branch_operator_decorator.py
[2023-11-24T10:48:16.637+0800] {logging_mixin.py:154} INFO - [2023-11-24T10:48:16.636+0800] {dag.py:2941} INFO - Sync 1 DAGs
[2023-11-24T10:48:16.657+0800] {logging_mixin.py:154} INFO - [2023-11-24T10:48:16.657+0800] {dag.py:3722} INFO - Setting next_dagrun for example_branch_python_operator_decorator to 2023-11-23T00:00:00+00:00, run_after=2023-11-24T00:00:00+00:00
[2023-11-24T10:48:16.681+0800] {processor.py:179} INFO - Processing /home/azfarmustafa/airflow_tutorial/.venv/lib/python3.10/site-packages/airflow/example_dags/example_branch_operator_decorator.py took 0.079 seconds
[2023-11-24T10:49:03.189+0800] {processor.py:157} INFO - Started process (PID=60152) to work on /home/azfarmustafa/airflow_tutorial/.venv/lib/python3.10/site-packages/airflow/example_dags/example_branch_operator_decorator.py
[2023-11-24T10:49:03.193+0800] {processor.py:829} INFO - Processing file /home/azfarmustafa/airflow_tutorial/.venv/lib/python3.10/site-packages/airflow/example_dags/example_branch_operator_decorator.py for tasks to queue
[2023-11-24T10:49:03.194+0800] {logging_mixin.py:154} INFO - [2023-11-24T10:49:03.194+0800] {dagbag.py:536} INFO - Filling up the DagBag from /home/azfarmustafa/airflow_tutorial/.venv/lib/python3.10/site-packages/airflow/example_dags/example_branch_operator_decorator.py
[2023-11-24T10:49:03.207+0800] {processor.py:839} INFO - DAG(s) dict_keys(['example_branch_python_operator_decorator']) retrieved from /home/azfarmustafa/airflow_tutorial/.venv/lib/python3.10/site-packages/airflow/example_dags/example_branch_operator_decorator.py
[2023-11-24T10:49:03.225+0800] {logging_mixin.py:154} INFO - [2023-11-24T10:49:03.225+0800] {dag.py:2941} INFO - Sync 1 DAGs
[2023-11-24T10:49:03.250+0800] {logging_mixin.py:154} INFO - [2023-11-24T10:49:03.249+0800] {dag.py:3722} INFO - Setting next_dagrun for example_branch_python_operator_decorator to 2023-11-23T00:00:00+00:00, run_after=2023-11-24T00:00:00+00:00
[2023-11-24T10:49:03.285+0800] {processor.py:179} INFO - Processing /home/azfarmustafa/airflow_tutorial/.venv/lib/python3.10/site-packages/airflow/example_dags/example_branch_operator_decorator.py took 0.101 seconds
[2023-11-24T10:49:51.685+0800] {processor.py:157} INFO - Started process (PID=60202) to work on /home/azfarmustafa/airflow_tutorial/.venv/lib/python3.10/site-packages/airflow/example_dags/example_branch_operator_decorator.py
[2023-11-24T10:49:51.689+0800] {processor.py:829} INFO - Processing file /home/azfarmustafa/airflow_tutorial/.venv/lib/python3.10/site-packages/airflow/example_dags/example_branch_operator_decorator.py for tasks to queue
[2023-11-24T10:49:51.690+0800] {logging_mixin.py:154} INFO - [2023-11-24T10:49:51.690+0800] {dagbag.py:536} INFO - Filling up the DagBag from /home/azfarmustafa/airflow_tutorial/.venv/lib/python3.10/site-packages/airflow/example_dags/example_branch_operator_decorator.py
[2023-11-24T10:49:51.703+0800] {processor.py:839} INFO - DAG(s) dict_keys(['example_branch_python_operator_decorator']) retrieved from /home/azfarmustafa/airflow_tutorial/.venv/lib/python3.10/site-packages/airflow/example_dags/example_branch_operator_decorator.py
[2023-11-24T10:49:51.721+0800] {logging_mixin.py:154} INFO - [2023-11-24T10:49:51.720+0800] {dag.py:2941} INFO - Sync 1 DAGs
[2023-11-24T10:49:51.742+0800] {logging_mixin.py:154} INFO - [2023-11-24T10:49:51.742+0800] {dag.py:3722} INFO - Setting next_dagrun for example_branch_python_operator_decorator to 2023-11-23T00:00:00+00:00, run_after=2023-11-24T00:00:00+00:00
[2023-11-24T10:49:51.772+0800] {processor.py:179} INFO - Processing /home/azfarmustafa/airflow_tutorial/.venv/lib/python3.10/site-packages/airflow/example_dags/example_branch_operator_decorator.py took 0.090 seconds
[2023-11-24T10:50:38.337+0800] {processor.py:157} INFO - Started process (PID=60249) to work on /home/azfarmustafa/airflow_tutorial/.venv/lib/python3.10/site-packages/airflow/example_dags/example_branch_operator_decorator.py
[2023-11-24T10:50:38.342+0800] {processor.py:829} INFO - Processing file /home/azfarmustafa/airflow_tutorial/.venv/lib/python3.10/site-packages/airflow/example_dags/example_branch_operator_decorator.py for tasks to queue
[2023-11-24T10:50:38.343+0800] {logging_mixin.py:154} INFO - [2023-11-24T10:50:38.342+0800] {dagbag.py:536} INFO - Filling up the DagBag from /home/azfarmustafa/airflow_tutorial/.venv/lib/python3.10/site-packages/airflow/example_dags/example_branch_operator_decorator.py
[2023-11-24T10:50:38.352+0800] {processor.py:839} INFO - DAG(s) dict_keys(['example_branch_python_operator_decorator']) retrieved from /home/azfarmustafa/airflow_tutorial/.venv/lib/python3.10/site-packages/airflow/example_dags/example_branch_operator_decorator.py
[2023-11-24T10:50:38.369+0800] {logging_mixin.py:154} INFO - [2023-11-24T10:50:38.368+0800] {dag.py:2941} INFO - Sync 1 DAGs
[2023-11-24T10:50:38.390+0800] {logging_mixin.py:154} INFO - [2023-11-24T10:50:38.390+0800] {dag.py:3722} INFO - Setting next_dagrun for example_branch_python_operator_decorator to 2023-11-23T00:00:00+00:00, run_after=2023-11-24T00:00:00+00:00
[2023-11-24T10:50:38.415+0800] {processor.py:179} INFO - Processing /home/azfarmustafa/airflow_tutorial/.venv/lib/python3.10/site-packages/airflow/example_dags/example_branch_operator_decorator.py took 0.082 seconds
[2023-11-24T10:51:24.868+0800] {processor.py:157} INFO - Started process (PID=60297) to work on /home/azfarmustafa/airflow_tutorial/.venv/lib/python3.10/site-packages/airflow/example_dags/example_branch_operator_decorator.py
[2023-11-24T10:51:24.869+0800] {processor.py:829} INFO - Processing file /home/azfarmustafa/airflow_tutorial/.venv/lib/python3.10/site-packages/airflow/example_dags/example_branch_operator_decorator.py for tasks to queue
[2023-11-24T10:51:24.870+0800] {logging_mixin.py:154} INFO - [2023-11-24T10:51:24.869+0800] {dagbag.py:536} INFO - Filling up the DagBag from /home/azfarmustafa/airflow_tutorial/.venv/lib/python3.10/site-packages/airflow/example_dags/example_branch_operator_decorator.py
[2023-11-24T10:51:24.878+0800] {processor.py:839} INFO - DAG(s) dict_keys(['example_branch_python_operator_decorator']) retrieved from /home/azfarmustafa/airflow_tutorial/.venv/lib/python3.10/site-packages/airflow/example_dags/example_branch_operator_decorator.py
[2023-11-24T10:51:24.896+0800] {logging_mixin.py:154} INFO - [2023-11-24T10:51:24.895+0800] {dag.py:2941} INFO - Sync 1 DAGs
[2023-11-24T10:51:24.915+0800] {logging_mixin.py:154} INFO - [2023-11-24T10:51:24.915+0800] {dag.py:3722} INFO - Setting next_dagrun for example_branch_python_operator_decorator to 2023-11-23T00:00:00+00:00, run_after=2023-11-24T00:00:00+00:00
[2023-11-24T10:51:24.939+0800] {processor.py:179} INFO - Processing /home/azfarmustafa/airflow_tutorial/.venv/lib/python3.10/site-packages/airflow/example_dags/example_branch_operator_decorator.py took 0.074 seconds
[2023-11-24T10:52:11.342+0800] {processor.py:157} INFO - Started process (PID=60345) to work on /home/azfarmustafa/airflow_tutorial/.venv/lib/python3.10/site-packages/airflow/example_dags/example_branch_operator_decorator.py
[2023-11-24T10:52:11.344+0800] {processor.py:829} INFO - Processing file /home/azfarmustafa/airflow_tutorial/.venv/lib/python3.10/site-packages/airflow/example_dags/example_branch_operator_decorator.py for tasks to queue
[2023-11-24T10:52:11.344+0800] {logging_mixin.py:154} INFO - [2023-11-24T10:52:11.344+0800] {dagbag.py:536} INFO - Filling up the DagBag from /home/azfarmustafa/airflow_tutorial/.venv/lib/python3.10/site-packages/airflow/example_dags/example_branch_operator_decorator.py
[2023-11-24T10:52:11.353+0800] {processor.py:839} INFO - DAG(s) dict_keys(['example_branch_python_operator_decorator']) retrieved from /home/azfarmustafa/airflow_tutorial/.venv/lib/python3.10/site-packages/airflow/example_dags/example_branch_operator_decorator.py
[2023-11-24T10:52:11.372+0800] {logging_mixin.py:154} INFO - [2023-11-24T10:52:11.372+0800] {dag.py:2941} INFO - Sync 1 DAGs
[2023-11-24T10:52:11.391+0800] {logging_mixin.py:154} INFO - [2023-11-24T10:52:11.390+0800] {dag.py:3722} INFO - Setting next_dagrun for example_branch_python_operator_decorator to 2023-11-23T00:00:00+00:00, run_after=2023-11-24T00:00:00+00:00
[2023-11-24T10:52:11.443+0800] {processor.py:179} INFO - Processing /home/azfarmustafa/airflow_tutorial/.venv/lib/python3.10/site-packages/airflow/example_dags/example_branch_operator_decorator.py took 0.104 seconds
[2023-11-24T10:53:01.017+0800] {processor.py:157} INFO - Started process (PID=60394) to work on /home/azfarmustafa/airflow_tutorial/.venv/lib/python3.10/site-packages/airflow/example_dags/example_branch_operator_decorator.py
[2023-11-24T10:53:01.022+0800] {processor.py:829} INFO - Processing file /home/azfarmustafa/airflow_tutorial/.venv/lib/python3.10/site-packages/airflow/example_dags/example_branch_operator_decorator.py for tasks to queue
[2023-11-24T10:53:01.024+0800] {logging_mixin.py:154} INFO - [2023-11-24T10:53:01.023+0800] {dagbag.py:536} INFO - Filling up the DagBag from /home/azfarmustafa/airflow_tutorial/.venv/lib/python3.10/site-packages/airflow/example_dags/example_branch_operator_decorator.py
[2023-11-24T10:53:01.034+0800] {processor.py:839} INFO - DAG(s) dict_keys(['example_branch_python_operator_decorator']) retrieved from /home/azfarmustafa/airflow_tutorial/.venv/lib/python3.10/site-packages/airflow/example_dags/example_branch_operator_decorator.py
[2023-11-24T10:53:01.050+0800] {logging_mixin.py:154} INFO - [2023-11-24T10:53:01.050+0800] {dag.py:2941} INFO - Sync 1 DAGs
[2023-11-24T10:53:01.068+0800] {logging_mixin.py:154} INFO - [2023-11-24T10:53:01.068+0800] {dag.py:3722} INFO - Setting next_dagrun for example_branch_python_operator_decorator to 2023-11-23T00:00:00+00:00, run_after=2023-11-24T00:00:00+00:00
[2023-11-24T10:53:01.094+0800] {processor.py:179} INFO - Processing /home/azfarmustafa/airflow_tutorial/.venv/lib/python3.10/site-packages/airflow/example_dags/example_branch_operator_decorator.py took 0.080 seconds
[2023-11-24T10:53:48.010+0800] {processor.py:157} INFO - Started process (PID=60448) to work on /home/azfarmustafa/airflow_tutorial/.venv/lib/python3.10/site-packages/airflow/example_dags/example_branch_operator_decorator.py
[2023-11-24T10:53:48.011+0800] {processor.py:829} INFO - Processing file /home/azfarmustafa/airflow_tutorial/.venv/lib/python3.10/site-packages/airflow/example_dags/example_branch_operator_decorator.py for tasks to queue
[2023-11-24T10:53:48.013+0800] {logging_mixin.py:154} INFO - [2023-11-24T10:53:48.012+0800] {dagbag.py:536} INFO - Filling up the DagBag from /home/azfarmustafa/airflow_tutorial/.venv/lib/python3.10/site-packages/airflow/example_dags/example_branch_operator_decorator.py
[2023-11-24T10:53:48.022+0800] {processor.py:839} INFO - DAG(s) dict_keys(['example_branch_python_operator_decorator']) retrieved from /home/azfarmustafa/airflow_tutorial/.venv/lib/python3.10/site-packages/airflow/example_dags/example_branch_operator_decorator.py
[2023-11-24T10:53:48.038+0800] {logging_mixin.py:154} INFO - [2023-11-24T10:53:48.038+0800] {dag.py:2941} INFO - Sync 1 DAGs
[2023-11-24T10:53:48.061+0800] {logging_mixin.py:154} INFO - [2023-11-24T10:53:48.061+0800] {dag.py:3722} INFO - Setting next_dagrun for example_branch_python_operator_decorator to 2023-11-23T00:00:00+00:00, run_after=2023-11-24T00:00:00+00:00
[2023-11-24T10:53:48.089+0800] {processor.py:179} INFO - Processing /home/azfarmustafa/airflow_tutorial/.venv/lib/python3.10/site-packages/airflow/example_dags/example_branch_operator_decorator.py took 0.082 seconds
[2023-11-24T10:54:37.121+0800] {processor.py:157} INFO - Started process (PID=60497) to work on /home/azfarmustafa/airflow_tutorial/.venv/lib/python3.10/site-packages/airflow/example_dags/example_branch_operator_decorator.py
[2023-11-24T10:54:37.125+0800] {processor.py:829} INFO - Processing file /home/azfarmustafa/airflow_tutorial/.venv/lib/python3.10/site-packages/airflow/example_dags/example_branch_operator_decorator.py for tasks to queue
[2023-11-24T10:54:37.126+0800] {logging_mixin.py:154} INFO - [2023-11-24T10:54:37.125+0800] {dagbag.py:536} INFO - Filling up the DagBag from /home/azfarmustafa/airflow_tutorial/.venv/lib/python3.10/site-packages/airflow/example_dags/example_branch_operator_decorator.py
[2023-11-24T10:54:37.134+0800] {processor.py:839} INFO - DAG(s) dict_keys(['example_branch_python_operator_decorator']) retrieved from /home/azfarmustafa/airflow_tutorial/.venv/lib/python3.10/site-packages/airflow/example_dags/example_branch_operator_decorator.py
[2023-11-24T10:54:37.150+0800] {logging_mixin.py:154} INFO - [2023-11-24T10:54:37.149+0800] {dag.py:2941} INFO - Sync 1 DAGs
[2023-11-24T10:54:37.169+0800] {logging_mixin.py:154} INFO - [2023-11-24T10:54:37.168+0800] {dag.py:3722} INFO - Setting next_dagrun for example_branch_python_operator_decorator to 2023-11-23T00:00:00+00:00, run_after=2023-11-24T00:00:00+00:00
[2023-11-24T10:54:37.192+0800] {processor.py:179} INFO - Processing /home/azfarmustafa/airflow_tutorial/.venv/lib/python3.10/site-packages/airflow/example_dags/example_branch_operator_decorator.py took 0.074 seconds
[2023-11-24T10:55:23.664+0800] {processor.py:157} INFO - Started process (PID=60545) to work on /home/azfarmustafa/airflow_tutorial/.venv/lib/python3.10/site-packages/airflow/example_dags/example_branch_operator_decorator.py
[2023-11-24T10:55:23.668+0800] {processor.py:829} INFO - Processing file /home/azfarmustafa/airflow_tutorial/.venv/lib/python3.10/site-packages/airflow/example_dags/example_branch_operator_decorator.py for tasks to queue
[2023-11-24T10:55:23.669+0800] {logging_mixin.py:154} INFO - [2023-11-24T10:55:23.669+0800] {dagbag.py:536} INFO - Filling up the DagBag from /home/azfarmustafa/airflow_tutorial/.venv/lib/python3.10/site-packages/airflow/example_dags/example_branch_operator_decorator.py
[2023-11-24T10:55:23.678+0800] {processor.py:839} INFO - DAG(s) dict_keys(['example_branch_python_operator_decorator']) retrieved from /home/azfarmustafa/airflow_tutorial/.venv/lib/python3.10/site-packages/airflow/example_dags/example_branch_operator_decorator.py
[2023-11-24T10:55:23.696+0800] {logging_mixin.py:154} INFO - [2023-11-24T10:55:23.695+0800] {dag.py:2941} INFO - Sync 1 DAGs
[2023-11-24T10:55:23.716+0800] {logging_mixin.py:154} INFO - [2023-11-24T10:55:23.715+0800] {dag.py:3722} INFO - Setting next_dagrun for example_branch_python_operator_decorator to 2023-11-23T00:00:00+00:00, run_after=2023-11-24T00:00:00+00:00
[2023-11-24T10:55:23.742+0800] {processor.py:179} INFO - Processing /home/azfarmustafa/airflow_tutorial/.venv/lib/python3.10/site-packages/airflow/example_dags/example_branch_operator_decorator.py took 0.081 seconds
[2023-11-24T10:56:09.478+0800] {processor.py:157} INFO - Started process (PID=60590) to work on /home/azfarmustafa/airflow_tutorial/.venv/lib/python3.10/site-packages/airflow/example_dags/example_branch_operator_decorator.py
[2023-11-24T10:56:09.483+0800] {processor.py:829} INFO - Processing file /home/azfarmustafa/airflow_tutorial/.venv/lib/python3.10/site-packages/airflow/example_dags/example_branch_operator_decorator.py for tasks to queue
[2023-11-24T10:56:09.484+0800] {logging_mixin.py:154} INFO - [2023-11-24T10:56:09.483+0800] {dagbag.py:536} INFO - Filling up the DagBag from /home/azfarmustafa/airflow_tutorial/.venv/lib/python3.10/site-packages/airflow/example_dags/example_branch_operator_decorator.py
[2023-11-24T10:56:09.496+0800] {processor.py:839} INFO - DAG(s) dict_keys(['example_branch_python_operator_decorator']) retrieved from /home/azfarmustafa/airflow_tutorial/.venv/lib/python3.10/site-packages/airflow/example_dags/example_branch_operator_decorator.py
[2023-11-24T10:56:09.512+0800] {logging_mixin.py:154} INFO - [2023-11-24T10:56:09.512+0800] {dag.py:2941} INFO - Sync 1 DAGs
[2023-11-24T10:56:09.532+0800] {logging_mixin.py:154} INFO - [2023-11-24T10:56:09.532+0800] {dag.py:3722} INFO - Setting next_dagrun for example_branch_python_operator_decorator to 2023-11-23T00:00:00+00:00, run_after=2023-11-24T00:00:00+00:00
[2023-11-24T10:56:09.561+0800] {processor.py:179} INFO - Processing /home/azfarmustafa/airflow_tutorial/.venv/lib/python3.10/site-packages/airflow/example_dags/example_branch_operator_decorator.py took 0.086 seconds
[2023-11-24T10:56:51.206+0800] {processor.py:157} INFO - Started process (PID=60636) to work on /home/azfarmustafa/airflow_tutorial/.venv/lib/python3.10/site-packages/airflow/example_dags/example_branch_operator_decorator.py
[2023-11-24T10:56:51.210+0800] {processor.py:829} INFO - Processing file /home/azfarmustafa/airflow_tutorial/.venv/lib/python3.10/site-packages/airflow/example_dags/example_branch_operator_decorator.py for tasks to queue
[2023-11-24T10:56:51.211+0800] {logging_mixin.py:154} INFO - [2023-11-24T10:56:51.211+0800] {dagbag.py:536} INFO - Filling up the DagBag from /home/azfarmustafa/airflow_tutorial/.venv/lib/python3.10/site-packages/airflow/example_dags/example_branch_operator_decorator.py
[2023-11-24T10:56:51.221+0800] {processor.py:839} INFO - DAG(s) dict_keys(['example_branch_python_operator_decorator']) retrieved from /home/azfarmustafa/airflow_tutorial/.venv/lib/python3.10/site-packages/airflow/example_dags/example_branch_operator_decorator.py
[2023-11-24T10:56:51.240+0800] {logging_mixin.py:154} INFO - [2023-11-24T10:56:51.240+0800] {dag.py:2941} INFO - Sync 1 DAGs
[2023-11-24T10:56:51.263+0800] {logging_mixin.py:154} INFO - [2023-11-24T10:56:51.263+0800] {dag.py:3722} INFO - Setting next_dagrun for example_branch_python_operator_decorator to 2023-11-23T00:00:00+00:00, run_after=2023-11-24T00:00:00+00:00
[2023-11-24T10:56:51.293+0800] {processor.py:179} INFO - Processing /home/azfarmustafa/airflow_tutorial/.venv/lib/python3.10/site-packages/airflow/example_dags/example_branch_operator_decorator.py took 0.092 seconds
[2023-11-24T10:57:35.059+0800] {processor.py:157} INFO - Started process (PID=60682) to work on /home/azfarmustafa/airflow_tutorial/.venv/lib/python3.10/site-packages/airflow/example_dags/example_branch_operator_decorator.py
[2023-11-24T10:57:35.063+0800] {processor.py:829} INFO - Processing file /home/azfarmustafa/airflow_tutorial/.venv/lib/python3.10/site-packages/airflow/example_dags/example_branch_operator_decorator.py for tasks to queue
[2023-11-24T10:57:35.064+0800] {logging_mixin.py:154} INFO - [2023-11-24T10:57:35.064+0800] {dagbag.py:536} INFO - Filling up the DagBag from /home/azfarmustafa/airflow_tutorial/.venv/lib/python3.10/site-packages/airflow/example_dags/example_branch_operator_decorator.py
[2023-11-24T10:57:35.074+0800] {processor.py:839} INFO - DAG(s) dict_keys(['example_branch_python_operator_decorator']) retrieved from /home/azfarmustafa/airflow_tutorial/.venv/lib/python3.10/site-packages/airflow/example_dags/example_branch_operator_decorator.py
[2023-11-24T10:57:35.089+0800] {logging_mixin.py:154} INFO - [2023-11-24T10:57:35.089+0800] {dag.py:2941} INFO - Sync 1 DAGs
[2023-11-24T10:57:35.107+0800] {logging_mixin.py:154} INFO - [2023-11-24T10:57:35.107+0800] {dag.py:3722} INFO - Setting next_dagrun for example_branch_python_operator_decorator to 2023-11-23T00:00:00+00:00, run_after=2023-11-24T00:00:00+00:00
[2023-11-24T10:57:35.129+0800] {processor.py:179} INFO - Processing /home/azfarmustafa/airflow_tutorial/.venv/lib/python3.10/site-packages/airflow/example_dags/example_branch_operator_decorator.py took 0.073 seconds
[2023-11-24T10:58:20.166+0800] {processor.py:157} INFO - Started process (PID=60726) to work on /home/azfarmustafa/airflow_tutorial/.venv/lib/python3.10/site-packages/airflow/example_dags/example_branch_operator_decorator.py
[2023-11-24T10:58:20.171+0800] {processor.py:829} INFO - Processing file /home/azfarmustafa/airflow_tutorial/.venv/lib/python3.10/site-packages/airflow/example_dags/example_branch_operator_decorator.py for tasks to queue
[2023-11-24T10:58:20.172+0800] {logging_mixin.py:154} INFO - [2023-11-24T10:58:20.172+0800] {dagbag.py:536} INFO - Filling up the DagBag from /home/azfarmustafa/airflow_tutorial/.venv/lib/python3.10/site-packages/airflow/example_dags/example_branch_operator_decorator.py
[2023-11-24T10:58:20.185+0800] {processor.py:839} INFO - DAG(s) dict_keys(['example_branch_python_operator_decorator']) retrieved from /home/azfarmustafa/airflow_tutorial/.venv/lib/python3.10/site-packages/airflow/example_dags/example_branch_operator_decorator.py
[2023-11-24T10:58:20.210+0800] {logging_mixin.py:154} INFO - [2023-11-24T10:58:20.209+0800] {dag.py:2941} INFO - Sync 1 DAGs
[2023-11-24T10:58:20.231+0800] {logging_mixin.py:154} INFO - [2023-11-24T10:58:20.231+0800] {dag.py:3722} INFO - Setting next_dagrun for example_branch_python_operator_decorator to 2023-11-23T00:00:00+00:00, run_after=2023-11-24T00:00:00+00:00
[2023-11-24T10:58:20.254+0800] {processor.py:179} INFO - Processing /home/azfarmustafa/airflow_tutorial/.venv/lib/python3.10/site-packages/airflow/example_dags/example_branch_operator_decorator.py took 0.091 seconds
[2023-11-24T10:59:06.481+0800] {processor.py:157} INFO - Started process (PID=60774) to work on /home/azfarmustafa/airflow_tutorial/.venv/lib/python3.10/site-packages/airflow/example_dags/example_branch_operator_decorator.py
[2023-11-24T10:59:06.485+0800] {processor.py:829} INFO - Processing file /home/azfarmustafa/airflow_tutorial/.venv/lib/python3.10/site-packages/airflow/example_dags/example_branch_operator_decorator.py for tasks to queue
[2023-11-24T10:59:06.485+0800] {logging_mixin.py:154} INFO - [2023-11-24T10:59:06.485+0800] {dagbag.py:536} INFO - Filling up the DagBag from /home/azfarmustafa/airflow_tutorial/.venv/lib/python3.10/site-packages/airflow/example_dags/example_branch_operator_decorator.py
[2023-11-24T10:59:06.494+0800] {processor.py:839} INFO - DAG(s) dict_keys(['example_branch_python_operator_decorator']) retrieved from /home/azfarmustafa/airflow_tutorial/.venv/lib/python3.10/site-packages/airflow/example_dags/example_branch_operator_decorator.py
[2023-11-24T10:59:06.509+0800] {logging_mixin.py:154} INFO - [2023-11-24T10:59:06.509+0800] {dag.py:2941} INFO - Sync 1 DAGs
[2023-11-24T10:59:06.527+0800] {logging_mixin.py:154} INFO - [2023-11-24T10:59:06.527+0800] {dag.py:3722} INFO - Setting next_dagrun for example_branch_python_operator_decorator to 2023-11-23T00:00:00+00:00, run_after=2023-11-24T00:00:00+00:00
[2023-11-24T10:59:06.550+0800] {processor.py:179} INFO - Processing /home/azfarmustafa/airflow_tutorial/.venv/lib/python3.10/site-packages/airflow/example_dags/example_branch_operator_decorator.py took 0.072 seconds
[2023-11-24T10:59:53.016+0800] {processor.py:157} INFO - Started process (PID=60828) to work on /home/azfarmustafa/airflow_tutorial/.venv/lib/python3.10/site-packages/airflow/example_dags/example_branch_operator_decorator.py
[2023-11-24T10:59:53.018+0800] {processor.py:829} INFO - Processing file /home/azfarmustafa/airflow_tutorial/.venv/lib/python3.10/site-packages/airflow/example_dags/example_branch_operator_decorator.py for tasks to queue
[2023-11-24T10:59:53.018+0800] {logging_mixin.py:154} INFO - [2023-11-24T10:59:53.018+0800] {dagbag.py:536} INFO - Filling up the DagBag from /home/azfarmustafa/airflow_tutorial/.venv/lib/python3.10/site-packages/airflow/example_dags/example_branch_operator_decorator.py
[2023-11-24T10:59:53.027+0800] {processor.py:839} INFO - DAG(s) dict_keys(['example_branch_python_operator_decorator']) retrieved from /home/azfarmustafa/airflow_tutorial/.venv/lib/python3.10/site-packages/airflow/example_dags/example_branch_operator_decorator.py
[2023-11-24T10:59:53.043+0800] {logging_mixin.py:154} INFO - [2023-11-24T10:59:53.043+0800] {dag.py:2941} INFO - Sync 1 DAGs
[2023-11-24T10:59:53.064+0800] {logging_mixin.py:154} INFO - [2023-11-24T10:59:53.064+0800] {dag.py:3722} INFO - Setting next_dagrun for example_branch_python_operator_decorator to 2023-11-23T00:00:00+00:00, run_after=2023-11-24T00:00:00+00:00
[2023-11-24T10:59:53.090+0800] {processor.py:179} INFO - Processing /home/azfarmustafa/airflow_tutorial/.venv/lib/python3.10/site-packages/airflow/example_dags/example_branch_operator_decorator.py took 0.078 seconds
[2023-11-24T11:00:36.585+0800] {processor.py:157} INFO - Started process (PID=60874) to work on /home/azfarmustafa/airflow_tutorial/.venv/lib/python3.10/site-packages/airflow/example_dags/example_branch_operator_decorator.py
[2023-11-24T11:00:36.586+0800] {processor.py:829} INFO - Processing file /home/azfarmustafa/airflow_tutorial/.venv/lib/python3.10/site-packages/airflow/example_dags/example_branch_operator_decorator.py for tasks to queue
[2023-11-24T11:00:36.587+0800] {logging_mixin.py:154} INFO - [2023-11-24T11:00:36.587+0800] {dagbag.py:536} INFO - Filling up the DagBag from /home/azfarmustafa/airflow_tutorial/.venv/lib/python3.10/site-packages/airflow/example_dags/example_branch_operator_decorator.py
[2023-11-24T11:00:36.596+0800] {processor.py:839} INFO - DAG(s) dict_keys(['example_branch_python_operator_decorator']) retrieved from /home/azfarmustafa/airflow_tutorial/.venv/lib/python3.10/site-packages/airflow/example_dags/example_branch_operator_decorator.py
[2023-11-24T11:00:36.611+0800] {logging_mixin.py:154} INFO - [2023-11-24T11:00:36.611+0800] {dag.py:2941} INFO - Sync 1 DAGs
[2023-11-24T11:00:36.629+0800] {logging_mixin.py:154} INFO - [2023-11-24T11:00:36.629+0800] {dag.py:3722} INFO - Setting next_dagrun for example_branch_python_operator_decorator to 2023-11-23T00:00:00+00:00, run_after=2023-11-24T00:00:00+00:00
[2023-11-24T11:00:36.657+0800] {processor.py:179} INFO - Processing /home/azfarmustafa/airflow_tutorial/.venv/lib/python3.10/site-packages/airflow/example_dags/example_branch_operator_decorator.py took 0.075 seconds
[2023-11-24T11:01:21.984+0800] {processor.py:157} INFO - Started process (PID=60920) to work on /home/azfarmustafa/airflow_tutorial/.venv/lib/python3.10/site-packages/airflow/example_dags/example_branch_operator_decorator.py
[2023-11-24T11:01:21.985+0800] {processor.py:829} INFO - Processing file /home/azfarmustafa/airflow_tutorial/.venv/lib/python3.10/site-packages/airflow/example_dags/example_branch_operator_decorator.py for tasks to queue
[2023-11-24T11:01:21.986+0800] {logging_mixin.py:154} INFO - [2023-11-24T11:01:21.986+0800] {dagbag.py:536} INFO - Filling up the DagBag from /home/azfarmustafa/airflow_tutorial/.venv/lib/python3.10/site-packages/airflow/example_dags/example_branch_operator_decorator.py
[2023-11-24T11:01:21.998+0800] {processor.py:839} INFO - DAG(s) dict_keys(['example_branch_python_operator_decorator']) retrieved from /home/azfarmustafa/airflow_tutorial/.venv/lib/python3.10/site-packages/airflow/example_dags/example_branch_operator_decorator.py
[2023-11-24T11:01:22.015+0800] {logging_mixin.py:154} INFO - [2023-11-24T11:01:22.015+0800] {dag.py:2941} INFO - Sync 1 DAGs
[2023-11-24T11:01:22.034+0800] {logging_mixin.py:154} INFO - [2023-11-24T11:01:22.034+0800] {dag.py:3722} INFO - Setting next_dagrun for example_branch_python_operator_decorator to 2023-11-23T00:00:00+00:00, run_after=2023-11-24T00:00:00+00:00
[2023-11-24T11:01:22.062+0800] {processor.py:179} INFO - Processing /home/azfarmustafa/airflow_tutorial/.venv/lib/python3.10/site-packages/airflow/example_dags/example_branch_operator_decorator.py took 0.081 seconds
[2023-11-24T11:02:08.530+0800] {processor.py:157} INFO - Started process (PID=60967) to work on /home/azfarmustafa/airflow_tutorial/.venv/lib/python3.10/site-packages/airflow/example_dags/example_branch_operator_decorator.py
[2023-11-24T11:02:08.534+0800] {processor.py:829} INFO - Processing file /home/azfarmustafa/airflow_tutorial/.venv/lib/python3.10/site-packages/airflow/example_dags/example_branch_operator_decorator.py for tasks to queue
[2023-11-24T11:02:08.535+0800] {logging_mixin.py:154} INFO - [2023-11-24T11:02:08.535+0800] {dagbag.py:536} INFO - Filling up the DagBag from /home/azfarmustafa/airflow_tutorial/.venv/lib/python3.10/site-packages/airflow/example_dags/example_branch_operator_decorator.py
[2023-11-24T11:02:08.548+0800] {processor.py:839} INFO - DAG(s) dict_keys(['example_branch_python_operator_decorator']) retrieved from /home/azfarmustafa/airflow_tutorial/.venv/lib/python3.10/site-packages/airflow/example_dags/example_branch_operator_decorator.py
[2023-11-24T11:02:08.572+0800] {logging_mixin.py:154} INFO - [2023-11-24T11:02:08.571+0800] {dag.py:2941} INFO - Sync 1 DAGs
[2023-11-24T11:02:08.598+0800] {logging_mixin.py:154} INFO - [2023-11-24T11:02:08.597+0800] {dag.py:3722} INFO - Setting next_dagrun for example_branch_python_operator_decorator to 2023-11-23T00:00:00+00:00, run_after=2023-11-24T00:00:00+00:00
[2023-11-24T11:02:08.629+0800] {processor.py:179} INFO - Processing /home/azfarmustafa/airflow_tutorial/.venv/lib/python3.10/site-packages/airflow/example_dags/example_branch_operator_decorator.py took 0.102 seconds
[2023-11-24T11:02:52.001+0800] {processor.py:157} INFO - Started process (PID=61013) to work on /home/azfarmustafa/airflow_tutorial/.venv/lib/python3.10/site-packages/airflow/example_dags/example_branch_operator_decorator.py
[2023-11-24T11:02:52.006+0800] {processor.py:829} INFO - Processing file /home/azfarmustafa/airflow_tutorial/.venv/lib/python3.10/site-packages/airflow/example_dags/example_branch_operator_decorator.py for tasks to queue
[2023-11-24T11:02:52.006+0800] {logging_mixin.py:154} INFO - [2023-11-24T11:02:52.006+0800] {dagbag.py:536} INFO - Filling up the DagBag from /home/azfarmustafa/airflow_tutorial/.venv/lib/python3.10/site-packages/airflow/example_dags/example_branch_operator_decorator.py
[2023-11-24T11:02:52.017+0800] {processor.py:839} INFO - DAG(s) dict_keys(['example_branch_python_operator_decorator']) retrieved from /home/azfarmustafa/airflow_tutorial/.venv/lib/python3.10/site-packages/airflow/example_dags/example_branch_operator_decorator.py
[2023-11-24T11:02:52.033+0800] {logging_mixin.py:154} INFO - [2023-11-24T11:02:52.033+0800] {dag.py:2941} INFO - Sync 1 DAGs
[2023-11-24T11:02:52.056+0800] {logging_mixin.py:154} INFO - [2023-11-24T11:02:52.056+0800] {dag.py:3722} INFO - Setting next_dagrun for example_branch_python_operator_decorator to 2023-11-23T00:00:00+00:00, run_after=2023-11-24T00:00:00+00:00
[2023-11-24T11:02:52.086+0800] {processor.py:179} INFO - Processing /home/azfarmustafa/airflow_tutorial/.venv/lib/python3.10/site-packages/airflow/example_dags/example_branch_operator_decorator.py took 0.088 seconds
[2023-11-24T11:03:40.481+0800] {processor.py:157} INFO - Started process (PID=61068) to work on /home/azfarmustafa/airflow_tutorial/.venv/lib/python3.10/site-packages/airflow/example_dags/example_branch_operator_decorator.py
[2023-11-24T11:03:40.485+0800] {processor.py:829} INFO - Processing file /home/azfarmustafa/airflow_tutorial/.venv/lib/python3.10/site-packages/airflow/example_dags/example_branch_operator_decorator.py for tasks to queue
[2023-11-24T11:03:40.487+0800] {logging_mixin.py:154} INFO - [2023-11-24T11:03:40.486+0800] {dagbag.py:536} INFO - Filling up the DagBag from /home/azfarmustafa/airflow_tutorial/.venv/lib/python3.10/site-packages/airflow/example_dags/example_branch_operator_decorator.py
[2023-11-24T11:03:40.507+0800] {processor.py:839} INFO - DAG(s) dict_keys(['example_branch_python_operator_decorator']) retrieved from /home/azfarmustafa/airflow_tutorial/.venv/lib/python3.10/site-packages/airflow/example_dags/example_branch_operator_decorator.py
[2023-11-24T11:03:40.532+0800] {logging_mixin.py:154} INFO - [2023-11-24T11:03:40.532+0800] {dag.py:2941} INFO - Sync 1 DAGs
[2023-11-24T11:03:40.582+0800] {logging_mixin.py:154} INFO - [2023-11-24T11:03:40.582+0800] {dag.py:3722} INFO - Setting next_dagrun for example_branch_python_operator_decorator to 2023-11-23T00:00:00+00:00, run_after=2023-11-24T00:00:00+00:00
[2023-11-24T11:03:40.631+0800] {processor.py:179} INFO - Processing /home/azfarmustafa/airflow_tutorial/.venv/lib/python3.10/site-packages/airflow/example_dags/example_branch_operator_decorator.py took 0.155 seconds
[2023-11-24T11:04:31.440+0800] {processor.py:157} INFO - Started process (PID=61119) to work on /home/azfarmustafa/airflow_tutorial/.venv/lib/python3.10/site-packages/airflow/example_dags/example_branch_operator_decorator.py
[2023-11-24T11:04:31.441+0800] {processor.py:829} INFO - Processing file /home/azfarmustafa/airflow_tutorial/.venv/lib/python3.10/site-packages/airflow/example_dags/example_branch_operator_decorator.py for tasks to queue
[2023-11-24T11:04:31.442+0800] {logging_mixin.py:154} INFO - [2023-11-24T11:04:31.442+0800] {dagbag.py:536} INFO - Filling up the DagBag from /home/azfarmustafa/airflow_tutorial/.venv/lib/python3.10/site-packages/airflow/example_dags/example_branch_operator_decorator.py
[2023-11-24T11:04:31.451+0800] {processor.py:839} INFO - DAG(s) dict_keys(['example_branch_python_operator_decorator']) retrieved from /home/azfarmustafa/airflow_tutorial/.venv/lib/python3.10/site-packages/airflow/example_dags/example_branch_operator_decorator.py
[2023-11-24T11:04:31.467+0800] {logging_mixin.py:154} INFO - [2023-11-24T11:04:31.466+0800] {dag.py:2941} INFO - Sync 1 DAGs
[2023-11-24T11:04:31.487+0800] {logging_mixin.py:154} INFO - [2023-11-24T11:04:31.487+0800] {dag.py:3722} INFO - Setting next_dagrun for example_branch_python_operator_decorator to 2023-11-23T00:00:00+00:00, run_after=2023-11-24T00:00:00+00:00
[2023-11-24T11:04:31.512+0800] {processor.py:179} INFO - Processing /home/azfarmustafa/airflow_tutorial/.venv/lib/python3.10/site-packages/airflow/example_dags/example_branch_operator_decorator.py took 0.074 seconds
