[2023-11-24T10:26:11.656+0800] {processor.py:157} INFO - Started process (PID=58731) to work on /home/azfarmustafa/airflow_tutorial/.venv/lib/python3.10/site-packages/airflow/example_dags/example_params_ui_tutorial.py
[2023-11-24T10:26:11.657+0800] {processor.py:829} INFO - Processing file /home/azfarmustafa/airflow_tutorial/.venv/lib/python3.10/site-packages/airflow/example_dags/example_params_ui_tutorial.py for tasks to queue
[2023-11-24T10:26:11.658+0800] {logging_mixin.py:154} INFO - [2023-11-24T10:26:11.658+0800] {dagbag.py:536} INFO - Filling up the DagBag from /home/azfarmustafa/airflow_tutorial/.venv/lib/python3.10/site-packages/airflow/example_dags/example_params_ui_tutorial.py
[2023-11-24T10:26:11.691+0800] {processor.py:839} INFO - DAG(s) dict_keys(['example_params_ui_tutorial']) retrieved from /home/azfarmustafa/airflow_tutorial/.venv/lib/python3.10/site-packages/airflow/example_dags/example_params_ui_tutorial.py
[2023-11-24T10:26:11.739+0800] {logging_mixin.py:154} INFO - [2023-11-24T10:26:11.738+0800] {dag.py:2941} INFO - Sync 1 DAGs
[2023-11-24T10:26:11.751+0800] {logging_mixin.py:154} INFO - [2023-11-24T10:26:11.751+0800] {dag.py:3722} INFO - Setting next_dagrun for example_params_ui_tutorial to None, run_after=None
[2023-11-24T10:26:11.782+0800] {processor.py:179} INFO - Processing /home/azfarmustafa/airflow_tutorial/.venv/lib/python3.10/site-packages/airflow/example_dags/example_params_ui_tutorial.py took 0.129 seconds
[2023-11-24T10:27:01.186+0800] {processor.py:157} INFO - Started process (PID=58788) to work on /home/azfarmustafa/airflow_tutorial/.venv/lib/python3.10/site-packages/airflow/example_dags/example_params_ui_tutorial.py
[2023-11-24T10:27:01.187+0800] {processor.py:829} INFO - Processing file /home/azfarmustafa/airflow_tutorial/.venv/lib/python3.10/site-packages/airflow/example_dags/example_params_ui_tutorial.py for tasks to queue
[2023-11-24T10:27:01.188+0800] {logging_mixin.py:154} INFO - [2023-11-24T10:27:01.188+0800] {dagbag.py:536} INFO - Filling up the DagBag from /home/azfarmustafa/airflow_tutorial/.venv/lib/python3.10/site-packages/airflow/example_dags/example_params_ui_tutorial.py
[2023-11-24T10:27:01.220+0800] {processor.py:839} INFO - DAG(s) dict_keys(['example_params_ui_tutorial']) retrieved from /home/azfarmustafa/airflow_tutorial/.venv/lib/python3.10/site-packages/airflow/example_dags/example_params_ui_tutorial.py
[2023-11-24T10:27:01.272+0800] {logging_mixin.py:154} INFO - [2023-11-24T10:27:01.272+0800] {dag.py:2941} INFO - Sync 1 DAGs
[2023-11-24T10:27:01.284+0800] {logging_mixin.py:154} INFO - [2023-11-24T10:27:01.284+0800] {dag.py:3722} INFO - Setting next_dagrun for example_params_ui_tutorial to None, run_after=None
[2023-11-24T10:27:01.307+0800] {processor.py:179} INFO - Processing /home/azfarmustafa/airflow_tutorial/.venv/lib/python3.10/site-packages/airflow/example_dags/example_params_ui_tutorial.py took 0.124 seconds
[2023-11-24T10:27:48.978+0800] {processor.py:157} INFO - Started process (PID=58836) to work on /home/azfarmustafa/airflow_tutorial/.venv/lib/python3.10/site-packages/airflow/example_dags/example_params_ui_tutorial.py
[2023-11-24T10:27:48.979+0800] {processor.py:829} INFO - Processing file /home/azfarmustafa/airflow_tutorial/.venv/lib/python3.10/site-packages/airflow/example_dags/example_params_ui_tutorial.py for tasks to queue
[2023-11-24T10:27:48.980+0800] {logging_mixin.py:154} INFO - [2023-11-24T10:27:48.980+0800] {dagbag.py:536} INFO - Filling up the DagBag from /home/azfarmustafa/airflow_tutorial/.venv/lib/python3.10/site-packages/airflow/example_dags/example_params_ui_tutorial.py
[2023-11-24T10:27:49.018+0800] {processor.py:839} INFO - DAG(s) dict_keys(['example_params_ui_tutorial']) retrieved from /home/azfarmustafa/airflow_tutorial/.venv/lib/python3.10/site-packages/airflow/example_dags/example_params_ui_tutorial.py
[2023-11-24T10:27:49.066+0800] {logging_mixin.py:154} INFO - [2023-11-24T10:27:49.066+0800] {dag.py:2941} INFO - Sync 1 DAGs
[2023-11-24T10:27:49.078+0800] {logging_mixin.py:154} INFO - [2023-11-24T10:27:49.078+0800] {dag.py:3722} INFO - Setting next_dagrun for example_params_ui_tutorial to None, run_after=None
[2023-11-24T10:27:49.103+0800] {processor.py:179} INFO - Processing /home/azfarmustafa/airflow_tutorial/.venv/lib/python3.10/site-packages/airflow/example_dags/example_params_ui_tutorial.py took 0.127 seconds
[2023-11-24T10:28:35.386+0800] {processor.py:157} INFO - Started process (PID=58882) to work on /home/azfarmustafa/airflow_tutorial/.venv/lib/python3.10/site-packages/airflow/example_dags/example_params_ui_tutorial.py
[2023-11-24T10:28:35.390+0800] {processor.py:829} INFO - Processing file /home/azfarmustafa/airflow_tutorial/.venv/lib/python3.10/site-packages/airflow/example_dags/example_params_ui_tutorial.py for tasks to queue
[2023-11-24T10:28:35.391+0800] {logging_mixin.py:154} INFO - [2023-11-24T10:28:35.391+0800] {dagbag.py:536} INFO - Filling up the DagBag from /home/azfarmustafa/airflow_tutorial/.venv/lib/python3.10/site-packages/airflow/example_dags/example_params_ui_tutorial.py
[2023-11-24T10:28:35.422+0800] {processor.py:839} INFO - DAG(s) dict_keys(['example_params_ui_tutorial']) retrieved from /home/azfarmustafa/airflow_tutorial/.venv/lib/python3.10/site-packages/airflow/example_dags/example_params_ui_tutorial.py
[2023-11-24T10:28:35.470+0800] {logging_mixin.py:154} INFO - [2023-11-24T10:28:35.470+0800] {dag.py:2941} INFO - Sync 1 DAGs
[2023-11-24T10:28:35.480+0800] {logging_mixin.py:154} INFO - [2023-11-24T10:28:35.480+0800] {dag.py:3722} INFO - Setting next_dagrun for example_params_ui_tutorial to None, run_after=None
[2023-11-24T10:28:35.510+0800] {processor.py:179} INFO - Processing /home/azfarmustafa/airflow_tutorial/.venv/lib/python3.10/site-packages/airflow/example_dags/example_params_ui_tutorial.py took 0.127 seconds
[2023-11-24T10:29:24.581+0800] {processor.py:157} INFO - Started process (PID=58938) to work on /home/azfarmustafa/airflow_tutorial/.venv/lib/python3.10/site-packages/airflow/example_dags/example_params_ui_tutorial.py
[2023-11-24T10:29:24.586+0800] {processor.py:829} INFO - Processing file /home/azfarmustafa/airflow_tutorial/.venv/lib/python3.10/site-packages/airflow/example_dags/example_params_ui_tutorial.py for tasks to queue
[2023-11-24T10:29:24.586+0800] {logging_mixin.py:154} INFO - [2023-11-24T10:29:24.586+0800] {dagbag.py:536} INFO - Filling up the DagBag from /home/azfarmustafa/airflow_tutorial/.venv/lib/python3.10/site-packages/airflow/example_dags/example_params_ui_tutorial.py
[2023-11-24T10:29:24.617+0800] {processor.py:839} INFO - DAG(s) dict_keys(['example_params_ui_tutorial']) retrieved from /home/azfarmustafa/airflow_tutorial/.venv/lib/python3.10/site-packages/airflow/example_dags/example_params_ui_tutorial.py
[2023-11-24T10:29:24.671+0800] {logging_mixin.py:154} INFO - [2023-11-24T10:29:24.671+0800] {dag.py:2941} INFO - Sync 1 DAGs
[2023-11-24T10:29:24.681+0800] {logging_mixin.py:154} INFO - [2023-11-24T10:29:24.680+0800] {dag.py:3722} INFO - Setting next_dagrun for example_params_ui_tutorial to None, run_after=None
[2023-11-24T10:29:24.706+0800] {processor.py:179} INFO - Processing /home/azfarmustafa/airflow_tutorial/.venv/lib/python3.10/site-packages/airflow/example_dags/example_params_ui_tutorial.py took 0.127 seconds
[2023-11-24T10:30:11.183+0800] {processor.py:157} INFO - Started process (PID=58986) to work on /home/azfarmustafa/airflow_tutorial/.venv/lib/python3.10/site-packages/airflow/example_dags/example_params_ui_tutorial.py
[2023-11-24T10:30:11.188+0800] {processor.py:829} INFO - Processing file /home/azfarmustafa/airflow_tutorial/.venv/lib/python3.10/site-packages/airflow/example_dags/example_params_ui_tutorial.py for tasks to queue
[2023-11-24T10:30:11.188+0800] {logging_mixin.py:154} INFO - [2023-11-24T10:30:11.188+0800] {dagbag.py:536} INFO - Filling up the DagBag from /home/azfarmustafa/airflow_tutorial/.venv/lib/python3.10/site-packages/airflow/example_dags/example_params_ui_tutorial.py
[2023-11-24T10:30:11.220+0800] {processor.py:839} INFO - DAG(s) dict_keys(['example_params_ui_tutorial']) retrieved from /home/azfarmustafa/airflow_tutorial/.venv/lib/python3.10/site-packages/airflow/example_dags/example_params_ui_tutorial.py
[2023-11-24T10:30:11.267+0800] {logging_mixin.py:154} INFO - [2023-11-24T10:30:11.267+0800] {dag.py:2941} INFO - Sync 1 DAGs
[2023-11-24T10:30:11.279+0800] {logging_mixin.py:154} INFO - [2023-11-24T10:30:11.279+0800] {dag.py:3722} INFO - Setting next_dagrun for example_params_ui_tutorial to None, run_after=None
[2023-11-24T10:30:11.304+0800] {processor.py:179} INFO - Processing /home/azfarmustafa/airflow_tutorial/.venv/lib/python3.10/site-packages/airflow/example_dags/example_params_ui_tutorial.py took 0.123 seconds
[2023-11-24T10:30:57.743+0800] {processor.py:157} INFO - Started process (PID=59034) to work on /home/azfarmustafa/airflow_tutorial/.venv/lib/python3.10/site-packages/airflow/example_dags/example_params_ui_tutorial.py
[2023-11-24T10:30:57.748+0800] {processor.py:829} INFO - Processing file /home/azfarmustafa/airflow_tutorial/.venv/lib/python3.10/site-packages/airflow/example_dags/example_params_ui_tutorial.py for tasks to queue
[2023-11-24T10:30:57.749+0800] {logging_mixin.py:154} INFO - [2023-11-24T10:30:57.748+0800] {dagbag.py:536} INFO - Filling up the DagBag from /home/azfarmustafa/airflow_tutorial/.venv/lib/python3.10/site-packages/airflow/example_dags/example_params_ui_tutorial.py
[2023-11-24T10:30:57.785+0800] {processor.py:839} INFO - DAG(s) dict_keys(['example_params_ui_tutorial']) retrieved from /home/azfarmustafa/airflow_tutorial/.venv/lib/python3.10/site-packages/airflow/example_dags/example_params_ui_tutorial.py
[2023-11-24T10:30:57.844+0800] {logging_mixin.py:154} INFO - [2023-11-24T10:30:57.843+0800] {dag.py:2941} INFO - Sync 1 DAGs
[2023-11-24T10:30:57.854+0800] {logging_mixin.py:154} INFO - [2023-11-24T10:30:57.853+0800] {dag.py:3722} INFO - Setting next_dagrun for example_params_ui_tutorial to None, run_after=None
[2023-11-24T10:30:57.883+0800] {processor.py:179} INFO - Processing /home/azfarmustafa/airflow_tutorial/.venv/lib/python3.10/site-packages/airflow/example_dags/example_params_ui_tutorial.py took 0.143 seconds
[2023-11-24T10:31:46.841+0800] {processor.py:157} INFO - Started process (PID=59084) to work on /home/azfarmustafa/airflow_tutorial/.venv/lib/python3.10/site-packages/airflow/example_dags/example_params_ui_tutorial.py
[2023-11-24T10:31:46.842+0800] {processor.py:829} INFO - Processing file /home/azfarmustafa/airflow_tutorial/.venv/lib/python3.10/site-packages/airflow/example_dags/example_params_ui_tutorial.py for tasks to queue
[2023-11-24T10:31:46.843+0800] {logging_mixin.py:154} INFO - [2023-11-24T10:31:46.843+0800] {dagbag.py:536} INFO - Filling up the DagBag from /home/azfarmustafa/airflow_tutorial/.venv/lib/python3.10/site-packages/airflow/example_dags/example_params_ui_tutorial.py
[2023-11-24T10:31:46.874+0800] {processor.py:839} INFO - DAG(s) dict_keys(['example_params_ui_tutorial']) retrieved from /home/azfarmustafa/airflow_tutorial/.venv/lib/python3.10/site-packages/airflow/example_dags/example_params_ui_tutorial.py
[2023-11-24T10:31:46.920+0800] {logging_mixin.py:154} INFO - [2023-11-24T10:31:46.920+0800] {dag.py:2941} INFO - Sync 1 DAGs
[2023-11-24T10:31:46.930+0800] {logging_mixin.py:154} INFO - [2023-11-24T10:31:46.930+0800] {dag.py:3722} INFO - Setting next_dagrun for example_params_ui_tutorial to None, run_after=None
[2023-11-24T10:31:46.954+0800] {processor.py:179} INFO - Processing /home/azfarmustafa/airflow_tutorial/.venv/lib/python3.10/site-packages/airflow/example_dags/example_params_ui_tutorial.py took 0.115 seconds
[2023-11-24T10:32:34.586+0800] {processor.py:157} INFO - Started process (PID=59131) to work on /home/azfarmustafa/airflow_tutorial/.venv/lib/python3.10/site-packages/airflow/example_dags/example_params_ui_tutorial.py
[2023-11-24T10:32:34.590+0800] {processor.py:829} INFO - Processing file /home/azfarmustafa/airflow_tutorial/.venv/lib/python3.10/site-packages/airflow/example_dags/example_params_ui_tutorial.py for tasks to queue
[2023-11-24T10:32:34.590+0800] {logging_mixin.py:154} INFO - [2023-11-24T10:32:34.590+0800] {dagbag.py:536} INFO - Filling up the DagBag from /home/azfarmustafa/airflow_tutorial/.venv/lib/python3.10/site-packages/airflow/example_dags/example_params_ui_tutorial.py
[2023-11-24T10:32:34.624+0800] {processor.py:839} INFO - DAG(s) dict_keys(['example_params_ui_tutorial']) retrieved from /home/azfarmustafa/airflow_tutorial/.venv/lib/python3.10/site-packages/airflow/example_dags/example_params_ui_tutorial.py
[2023-11-24T10:32:34.679+0800] {logging_mixin.py:154} INFO - [2023-11-24T10:32:34.679+0800] {dag.py:2941} INFO - Sync 1 DAGs
[2023-11-24T10:32:34.689+0800] {logging_mixin.py:154} INFO - [2023-11-24T10:32:34.689+0800] {dag.py:3722} INFO - Setting next_dagrun for example_params_ui_tutorial to None, run_after=None
[2023-11-24T10:32:34.715+0800] {processor.py:179} INFO - Processing /home/azfarmustafa/airflow_tutorial/.venv/lib/python3.10/site-packages/airflow/example_dags/example_params_ui_tutorial.py took 0.132 seconds
[2023-11-24T10:33:25.308+0800] {processor.py:157} INFO - Started process (PID=59181) to work on /home/azfarmustafa/airflow_tutorial/.venv/lib/python3.10/site-packages/airflow/example_dags/example_params_ui_tutorial.py
[2023-11-24T10:33:25.309+0800] {processor.py:829} INFO - Processing file /home/azfarmustafa/airflow_tutorial/.venv/lib/python3.10/site-packages/airflow/example_dags/example_params_ui_tutorial.py for tasks to queue
[2023-11-24T10:33:25.310+0800] {logging_mixin.py:154} INFO - [2023-11-24T10:33:25.310+0800] {dagbag.py:536} INFO - Filling up the DagBag from /home/azfarmustafa/airflow_tutorial/.venv/lib/python3.10/site-packages/airflow/example_dags/example_params_ui_tutorial.py
[2023-11-24T10:33:25.344+0800] {processor.py:839} INFO - DAG(s) dict_keys(['example_params_ui_tutorial']) retrieved from /home/azfarmustafa/airflow_tutorial/.venv/lib/python3.10/site-packages/airflow/example_dags/example_params_ui_tutorial.py
[2023-11-24T10:33:25.396+0800] {logging_mixin.py:154} INFO - [2023-11-24T10:33:25.395+0800] {dag.py:2941} INFO - Sync 1 DAGs
[2023-11-24T10:33:25.406+0800] {logging_mixin.py:154} INFO - [2023-11-24T10:33:25.405+0800] {dag.py:3722} INFO - Setting next_dagrun for example_params_ui_tutorial to None, run_after=None
[2023-11-24T10:33:25.428+0800] {processor.py:179} INFO - Processing /home/azfarmustafa/airflow_tutorial/.venv/lib/python3.10/site-packages/airflow/example_dags/example_params_ui_tutorial.py took 0.123 seconds
[2023-11-24T10:34:18.019+0800] {processor.py:157} INFO - Started process (PID=59233) to work on /home/azfarmustafa/airflow_tutorial/.venv/lib/python3.10/site-packages/airflow/example_dags/example_params_ui_tutorial.py
[2023-11-24T10:34:18.024+0800] {processor.py:829} INFO - Processing file /home/azfarmustafa/airflow_tutorial/.venv/lib/python3.10/site-packages/airflow/example_dags/example_params_ui_tutorial.py for tasks to queue
[2023-11-24T10:34:18.025+0800] {logging_mixin.py:154} INFO - [2023-11-24T10:34:18.025+0800] {dagbag.py:536} INFO - Filling up the DagBag from /home/azfarmustafa/airflow_tutorial/.venv/lib/python3.10/site-packages/airflow/example_dags/example_params_ui_tutorial.py
[2023-11-24T10:34:18.056+0800] {processor.py:839} INFO - DAG(s) dict_keys(['example_params_ui_tutorial']) retrieved from /home/azfarmustafa/airflow_tutorial/.venv/lib/python3.10/site-packages/airflow/example_dags/example_params_ui_tutorial.py
[2023-11-24T10:34:18.105+0800] {logging_mixin.py:154} INFO - [2023-11-24T10:34:18.105+0800] {dag.py:2941} INFO - Sync 1 DAGs
[2023-11-24T10:34:18.115+0800] {logging_mixin.py:154} INFO - [2023-11-24T10:34:18.115+0800] {dag.py:3722} INFO - Setting next_dagrun for example_params_ui_tutorial to None, run_after=None
[2023-11-24T10:34:18.139+0800] {processor.py:179} INFO - Processing /home/azfarmustafa/airflow_tutorial/.venv/lib/python3.10/site-packages/airflow/example_dags/example_params_ui_tutorial.py took 0.122 seconds
[2023-11-24T10:35:02.315+0800] {processor.py:157} INFO - Started process (PID=59285) to work on /home/azfarmustafa/airflow_tutorial/.venv/lib/python3.10/site-packages/airflow/example_dags/example_params_ui_tutorial.py
[2023-11-24T10:35:02.320+0800] {processor.py:829} INFO - Processing file /home/azfarmustafa/airflow_tutorial/.venv/lib/python3.10/site-packages/airflow/example_dags/example_params_ui_tutorial.py for tasks to queue
[2023-11-24T10:35:02.321+0800] {logging_mixin.py:154} INFO - [2023-11-24T10:35:02.321+0800] {dagbag.py:536} INFO - Filling up the DagBag from /home/azfarmustafa/airflow_tutorial/.venv/lib/python3.10/site-packages/airflow/example_dags/example_params_ui_tutorial.py
[2023-11-24T10:35:02.356+0800] {processor.py:839} INFO - DAG(s) dict_keys(['example_params_ui_tutorial']) retrieved from /home/azfarmustafa/airflow_tutorial/.venv/lib/python3.10/site-packages/airflow/example_dags/example_params_ui_tutorial.py
[2023-11-24T10:35:02.406+0800] {logging_mixin.py:154} INFO - [2023-11-24T10:35:02.406+0800] {dag.py:2941} INFO - Sync 1 DAGs
[2023-11-24T10:35:02.417+0800] {logging_mixin.py:154} INFO - [2023-11-24T10:35:02.417+0800] {dag.py:3722} INFO - Setting next_dagrun for example_params_ui_tutorial to None, run_after=None
[2023-11-24T10:35:02.447+0800] {processor.py:179} INFO - Processing /home/azfarmustafa/airflow_tutorial/.venv/lib/python3.10/site-packages/airflow/example_dags/example_params_ui_tutorial.py took 0.135 seconds
[2023-11-24T10:35:49.005+0800] {processor.py:157} INFO - Started process (PID=59334) to work on /home/azfarmustafa/airflow_tutorial/.venv/lib/python3.10/site-packages/airflow/example_dags/example_params_ui_tutorial.py
[2023-11-24T10:35:49.006+0800] {processor.py:829} INFO - Processing file /home/azfarmustafa/airflow_tutorial/.venv/lib/python3.10/site-packages/airflow/example_dags/example_params_ui_tutorial.py for tasks to queue
[2023-11-24T10:35:49.007+0800] {logging_mixin.py:154} INFO - [2023-11-24T10:35:49.007+0800] {dagbag.py:536} INFO - Filling up the DagBag from /home/azfarmustafa/airflow_tutorial/.venv/lib/python3.10/site-packages/airflow/example_dags/example_params_ui_tutorial.py
[2023-11-24T10:35:49.041+0800] {processor.py:839} INFO - DAG(s) dict_keys(['example_params_ui_tutorial']) retrieved from /home/azfarmustafa/airflow_tutorial/.venv/lib/python3.10/site-packages/airflow/example_dags/example_params_ui_tutorial.py
[2023-11-24T10:35:49.092+0800] {logging_mixin.py:154} INFO - [2023-11-24T10:35:49.092+0800] {dag.py:2941} INFO - Sync 1 DAGs
[2023-11-24T10:35:49.102+0800] {logging_mixin.py:154} INFO - [2023-11-24T10:35:49.101+0800] {dag.py:3722} INFO - Setting next_dagrun for example_params_ui_tutorial to None, run_after=None
[2023-11-24T10:35:49.124+0800] {processor.py:179} INFO - Processing /home/azfarmustafa/airflow_tutorial/.venv/lib/python3.10/site-packages/airflow/example_dags/example_params_ui_tutorial.py took 0.123 seconds
[2023-11-24T10:36:43.696+0800] {processor.py:157} INFO - Started process (PID=59391) to work on /home/azfarmustafa/airflow_tutorial/.venv/lib/python3.10/site-packages/airflow/example_dags/example_params_ui_tutorial.py
[2023-11-24T10:36:43.700+0800] {processor.py:829} INFO - Processing file /home/azfarmustafa/airflow_tutorial/.venv/lib/python3.10/site-packages/airflow/example_dags/example_params_ui_tutorial.py for tasks to queue
[2023-11-24T10:36:43.701+0800] {logging_mixin.py:154} INFO - [2023-11-24T10:36:43.701+0800] {dagbag.py:536} INFO - Filling up the DagBag from /home/azfarmustafa/airflow_tutorial/.venv/lib/python3.10/site-packages/airflow/example_dags/example_params_ui_tutorial.py
[2023-11-24T10:36:43.733+0800] {processor.py:839} INFO - DAG(s) dict_keys(['example_params_ui_tutorial']) retrieved from /home/azfarmustafa/airflow_tutorial/.venv/lib/python3.10/site-packages/airflow/example_dags/example_params_ui_tutorial.py
[2023-11-24T10:36:43.783+0800] {logging_mixin.py:154} INFO - [2023-11-24T10:36:43.783+0800] {dag.py:2941} INFO - Sync 1 DAGs
[2023-11-24T10:36:43.796+0800] {logging_mixin.py:154} INFO - [2023-11-24T10:36:43.795+0800] {dag.py:3722} INFO - Setting next_dagrun for example_params_ui_tutorial to None, run_after=None
[2023-11-24T10:36:43.819+0800] {processor.py:179} INFO - Processing /home/azfarmustafa/airflow_tutorial/.venv/lib/python3.10/site-packages/airflow/example_dags/example_params_ui_tutorial.py took 0.126 seconds
[2023-11-24T10:37:29.686+0800] {processor.py:157} INFO - Started process (PID=59439) to work on /home/azfarmustafa/airflow_tutorial/.venv/lib/python3.10/site-packages/airflow/example_dags/example_params_ui_tutorial.py
[2023-11-24T10:37:29.690+0800] {processor.py:829} INFO - Processing file /home/azfarmustafa/airflow_tutorial/.venv/lib/python3.10/site-packages/airflow/example_dags/example_params_ui_tutorial.py for tasks to queue
[2023-11-24T10:37:29.691+0800] {logging_mixin.py:154} INFO - [2023-11-24T10:37:29.691+0800] {dagbag.py:536} INFO - Filling up the DagBag from /home/azfarmustafa/airflow_tutorial/.venv/lib/python3.10/site-packages/airflow/example_dags/example_params_ui_tutorial.py
[2023-11-24T10:37:29.729+0800] {processor.py:839} INFO - DAG(s) dict_keys(['example_params_ui_tutorial']) retrieved from /home/azfarmustafa/airflow_tutorial/.venv/lib/python3.10/site-packages/airflow/example_dags/example_params_ui_tutorial.py
[2023-11-24T10:37:29.776+0800] {logging_mixin.py:154} INFO - [2023-11-24T10:37:29.776+0800] {dag.py:2941} INFO - Sync 1 DAGs
[2023-11-24T10:37:29.788+0800] {logging_mixin.py:154} INFO - [2023-11-24T10:37:29.787+0800] {dag.py:3722} INFO - Setting next_dagrun for example_params_ui_tutorial to None, run_after=None
[2023-11-24T10:37:29.816+0800] {processor.py:179} INFO - Processing /home/azfarmustafa/airflow_tutorial/.venv/lib/python3.10/site-packages/airflow/example_dags/example_params_ui_tutorial.py took 0.132 seconds
[2023-11-24T10:38:17.002+0800] {processor.py:157} INFO - Started process (PID=59486) to work on /home/azfarmustafa/airflow_tutorial/.venv/lib/python3.10/site-packages/airflow/example_dags/example_params_ui_tutorial.py
[2023-11-24T10:38:17.003+0800] {processor.py:829} INFO - Processing file /home/azfarmustafa/airflow_tutorial/.venv/lib/python3.10/site-packages/airflow/example_dags/example_params_ui_tutorial.py for tasks to queue
[2023-11-24T10:38:17.004+0800] {logging_mixin.py:154} INFO - [2023-11-24T10:38:17.004+0800] {dagbag.py:536} INFO - Filling up the DagBag from /home/azfarmustafa/airflow_tutorial/.venv/lib/python3.10/site-packages/airflow/example_dags/example_params_ui_tutorial.py
[2023-11-24T10:38:17.037+0800] {processor.py:839} INFO - DAG(s) dict_keys(['example_params_ui_tutorial']) retrieved from /home/azfarmustafa/airflow_tutorial/.venv/lib/python3.10/site-packages/airflow/example_dags/example_params_ui_tutorial.py
[2023-11-24T10:38:17.088+0800] {logging_mixin.py:154} INFO - [2023-11-24T10:38:17.088+0800] {dag.py:2941} INFO - Sync 1 DAGs
[2023-11-24T10:38:17.098+0800] {logging_mixin.py:154} INFO - [2023-11-24T10:38:17.098+0800] {dag.py:3722} INFO - Setting next_dagrun for example_params_ui_tutorial to None, run_after=None
[2023-11-24T10:38:17.124+0800] {processor.py:179} INFO - Processing /home/azfarmustafa/airflow_tutorial/.venv/lib/python3.10/site-packages/airflow/example_dags/example_params_ui_tutorial.py took 0.125 seconds
[2023-11-24T10:39:06.016+0800] {processor.py:157} INFO - Started process (PID=59535) to work on /home/azfarmustafa/airflow_tutorial/.venv/lib/python3.10/site-packages/airflow/example_dags/example_params_ui_tutorial.py
[2023-11-24T10:39:06.022+0800] {processor.py:829} INFO - Processing file /home/azfarmustafa/airflow_tutorial/.venv/lib/python3.10/site-packages/airflow/example_dags/example_params_ui_tutorial.py for tasks to queue
[2023-11-24T10:39:06.024+0800] {logging_mixin.py:154} INFO - [2023-11-24T10:39:06.023+0800] {dagbag.py:536} INFO - Filling up the DagBag from /home/azfarmustafa/airflow_tutorial/.venv/lib/python3.10/site-packages/airflow/example_dags/example_params_ui_tutorial.py
[2023-11-24T10:39:06.091+0800] {processor.py:839} INFO - DAG(s) dict_keys(['example_params_ui_tutorial']) retrieved from /home/azfarmustafa/airflow_tutorial/.venv/lib/python3.10/site-packages/airflow/example_dags/example_params_ui_tutorial.py
[2023-11-24T10:39:06.147+0800] {logging_mixin.py:154} INFO - [2023-11-24T10:39:06.147+0800] {dag.py:2941} INFO - Sync 1 DAGs
[2023-11-24T10:39:06.158+0800] {logging_mixin.py:154} INFO - [2023-11-24T10:39:06.158+0800] {dag.py:3722} INFO - Setting next_dagrun for example_params_ui_tutorial to None, run_after=None
[2023-11-24T10:39:06.206+0800] {processor.py:179} INFO - Processing /home/azfarmustafa/airflow_tutorial/.venv/lib/python3.10/site-packages/airflow/example_dags/example_params_ui_tutorial.py took 0.193 seconds
[2023-11-24T10:39:56.535+0800] {processor.py:157} INFO - Started process (PID=59585) to work on /home/azfarmustafa/airflow_tutorial/.venv/lib/python3.10/site-packages/airflow/example_dags/example_params_ui_tutorial.py
[2023-11-24T10:39:56.540+0800] {processor.py:829} INFO - Processing file /home/azfarmustafa/airflow_tutorial/.venv/lib/python3.10/site-packages/airflow/example_dags/example_params_ui_tutorial.py for tasks to queue
[2023-11-24T10:39:56.541+0800] {logging_mixin.py:154} INFO - [2023-11-24T10:39:56.541+0800] {dagbag.py:536} INFO - Filling up the DagBag from /home/azfarmustafa/airflow_tutorial/.venv/lib/python3.10/site-packages/airflow/example_dags/example_params_ui_tutorial.py
[2023-11-24T10:39:56.578+0800] {processor.py:839} INFO - DAG(s) dict_keys(['example_params_ui_tutorial']) retrieved from /home/azfarmustafa/airflow_tutorial/.venv/lib/python3.10/site-packages/airflow/example_dags/example_params_ui_tutorial.py
[2023-11-24T10:39:56.636+0800] {logging_mixin.py:154} INFO - [2023-11-24T10:39:56.635+0800] {dag.py:2941} INFO - Sync 1 DAGs
[2023-11-24T10:39:56.646+0800] {logging_mixin.py:154} INFO - [2023-11-24T10:39:56.645+0800] {dag.py:3722} INFO - Setting next_dagrun for example_params_ui_tutorial to None, run_after=None
[2023-11-24T10:39:56.677+0800] {processor.py:179} INFO - Processing /home/azfarmustafa/airflow_tutorial/.venv/lib/python3.10/site-packages/airflow/example_dags/example_params_ui_tutorial.py took 0.146 seconds
[2023-11-24T10:40:41.813+0800] {processor.py:157} INFO - Started process (PID=59632) to work on /home/azfarmustafa/airflow_tutorial/.venv/lib/python3.10/site-packages/airflow/example_dags/example_params_ui_tutorial.py
[2023-11-24T10:40:41.817+0800] {processor.py:829} INFO - Processing file /home/azfarmustafa/airflow_tutorial/.venv/lib/python3.10/site-packages/airflow/example_dags/example_params_ui_tutorial.py for tasks to queue
[2023-11-24T10:40:41.818+0800] {logging_mixin.py:154} INFO - [2023-11-24T10:40:41.818+0800] {dagbag.py:536} INFO - Filling up the DagBag from /home/azfarmustafa/airflow_tutorial/.venv/lib/python3.10/site-packages/airflow/example_dags/example_params_ui_tutorial.py
[2023-11-24T10:40:41.851+0800] {processor.py:839} INFO - DAG(s) dict_keys(['example_params_ui_tutorial']) retrieved from /home/azfarmustafa/airflow_tutorial/.venv/lib/python3.10/site-packages/airflow/example_dags/example_params_ui_tutorial.py
[2023-11-24T10:40:41.900+0800] {logging_mixin.py:154} INFO - [2023-11-24T10:40:41.900+0800] {dag.py:2941} INFO - Sync 1 DAGs
[2023-11-24T10:40:41.911+0800] {logging_mixin.py:154} INFO - [2023-11-24T10:40:41.911+0800] {dag.py:3722} INFO - Setting next_dagrun for example_params_ui_tutorial to None, run_after=None
[2023-11-24T10:40:41.936+0800] {processor.py:179} INFO - Processing /home/azfarmustafa/airflow_tutorial/.venv/lib/python3.10/site-packages/airflow/example_dags/example_params_ui_tutorial.py took 0.126 seconds
[2023-11-24T10:41:29.110+0800] {processor.py:157} INFO - Started process (PID=59685) to work on /home/azfarmustafa/airflow_tutorial/.venv/lib/python3.10/site-packages/airflow/example_dags/example_params_ui_tutorial.py
[2023-11-24T10:41:29.115+0800] {processor.py:829} INFO - Processing file /home/azfarmustafa/airflow_tutorial/.venv/lib/python3.10/site-packages/airflow/example_dags/example_params_ui_tutorial.py for tasks to queue
[2023-11-24T10:41:29.116+0800] {logging_mixin.py:154} INFO - [2023-11-24T10:41:29.116+0800] {dagbag.py:536} INFO - Filling up the DagBag from /home/azfarmustafa/airflow_tutorial/.venv/lib/python3.10/site-packages/airflow/example_dags/example_params_ui_tutorial.py
[2023-11-24T10:41:29.148+0800] {processor.py:839} INFO - DAG(s) dict_keys(['example_params_ui_tutorial']) retrieved from /home/azfarmustafa/airflow_tutorial/.venv/lib/python3.10/site-packages/airflow/example_dags/example_params_ui_tutorial.py
[2023-11-24T10:41:29.200+0800] {logging_mixin.py:154} INFO - [2023-11-24T10:41:29.200+0800] {dag.py:2941} INFO - Sync 1 DAGs
[2023-11-24T10:41:29.211+0800] {logging_mixin.py:154} INFO - [2023-11-24T10:41:29.211+0800] {dag.py:3722} INFO - Setting next_dagrun for example_params_ui_tutorial to None, run_after=None
[2023-11-24T10:41:29.240+0800] {processor.py:179} INFO - Processing /home/azfarmustafa/airflow_tutorial/.venv/lib/python3.10/site-packages/airflow/example_dags/example_params_ui_tutorial.py took 0.133 seconds
[2023-11-24T10:42:18.089+0800] {processor.py:157} INFO - Started process (PID=59734) to work on /home/azfarmustafa/airflow_tutorial/.venv/lib/python3.10/site-packages/airflow/example_dags/example_params_ui_tutorial.py
[2023-11-24T10:42:18.091+0800] {processor.py:829} INFO - Processing file /home/azfarmustafa/airflow_tutorial/.venv/lib/python3.10/site-packages/airflow/example_dags/example_params_ui_tutorial.py for tasks to queue
[2023-11-24T10:42:18.092+0800] {logging_mixin.py:154} INFO - [2023-11-24T10:42:18.092+0800] {dagbag.py:536} INFO - Filling up the DagBag from /home/azfarmustafa/airflow_tutorial/.venv/lib/python3.10/site-packages/airflow/example_dags/example_params_ui_tutorial.py
[2023-11-24T10:42:18.129+0800] {processor.py:839} INFO - DAG(s) dict_keys(['example_params_ui_tutorial']) retrieved from /home/azfarmustafa/airflow_tutorial/.venv/lib/python3.10/site-packages/airflow/example_dags/example_params_ui_tutorial.py
[2023-11-24T10:42:18.176+0800] {logging_mixin.py:154} INFO - [2023-11-24T10:42:18.175+0800] {dag.py:2941} INFO - Sync 1 DAGs
[2023-11-24T10:42:18.185+0800] {logging_mixin.py:154} INFO - [2023-11-24T10:42:18.185+0800] {dag.py:3722} INFO - Setting next_dagrun for example_params_ui_tutorial to None, run_after=None
[2023-11-24T10:42:18.212+0800] {processor.py:179} INFO - Processing /home/azfarmustafa/airflow_tutorial/.venv/lib/python3.10/site-packages/airflow/example_dags/example_params_ui_tutorial.py took 0.125 seconds
[2023-11-24T10:43:03.606+0800] {processor.py:157} INFO - Started process (PID=59781) to work on /home/azfarmustafa/airflow_tutorial/.venv/lib/python3.10/site-packages/airflow/example_dags/example_params_ui_tutorial.py
[2023-11-24T10:43:03.611+0800] {processor.py:829} INFO - Processing file /home/azfarmustafa/airflow_tutorial/.venv/lib/python3.10/site-packages/airflow/example_dags/example_params_ui_tutorial.py for tasks to queue
[2023-11-24T10:43:03.612+0800] {logging_mixin.py:154} INFO - [2023-11-24T10:43:03.612+0800] {dagbag.py:536} INFO - Filling up the DagBag from /home/azfarmustafa/airflow_tutorial/.venv/lib/python3.10/site-packages/airflow/example_dags/example_params_ui_tutorial.py
[2023-11-24T10:43:03.648+0800] {processor.py:839} INFO - DAG(s) dict_keys(['example_params_ui_tutorial']) retrieved from /home/azfarmustafa/airflow_tutorial/.venv/lib/python3.10/site-packages/airflow/example_dags/example_params_ui_tutorial.py
[2023-11-24T10:43:03.712+0800] {logging_mixin.py:154} INFO - [2023-11-24T10:43:03.711+0800] {dag.py:2941} INFO - Sync 1 DAGs
[2023-11-24T10:43:03.723+0800] {logging_mixin.py:154} INFO - [2023-11-24T10:43:03.723+0800] {dag.py:3722} INFO - Setting next_dagrun for example_params_ui_tutorial to None, run_after=None
[2023-11-24T10:43:03.752+0800] {processor.py:179} INFO - Processing /home/azfarmustafa/airflow_tutorial/.venv/lib/python3.10/site-packages/airflow/example_dags/example_params_ui_tutorial.py took 0.149 seconds
[2023-11-24T10:43:51.790+0800] {processor.py:157} INFO - Started process (PID=59829) to work on /home/azfarmustafa/airflow_tutorial/.venv/lib/python3.10/site-packages/airflow/example_dags/example_params_ui_tutorial.py
[2023-11-24T10:43:51.794+0800] {processor.py:829} INFO - Processing file /home/azfarmustafa/airflow_tutorial/.venv/lib/python3.10/site-packages/airflow/example_dags/example_params_ui_tutorial.py for tasks to queue
[2023-11-24T10:43:51.795+0800] {logging_mixin.py:154} INFO - [2023-11-24T10:43:51.795+0800] {dagbag.py:536} INFO - Filling up the DagBag from /home/azfarmustafa/airflow_tutorial/.venv/lib/python3.10/site-packages/airflow/example_dags/example_params_ui_tutorial.py
[2023-11-24T10:43:51.831+0800] {processor.py:839} INFO - DAG(s) dict_keys(['example_params_ui_tutorial']) retrieved from /home/azfarmustafa/airflow_tutorial/.venv/lib/python3.10/site-packages/airflow/example_dags/example_params_ui_tutorial.py
[2023-11-24T10:43:51.883+0800] {logging_mixin.py:154} INFO - [2023-11-24T10:43:51.883+0800] {dag.py:2941} INFO - Sync 1 DAGs
[2023-11-24T10:43:51.902+0800] {logging_mixin.py:154} INFO - [2023-11-24T10:43:51.902+0800] {dag.py:3722} INFO - Setting next_dagrun for example_params_ui_tutorial to None, run_after=None
[2023-11-24T10:43:51.929+0800] {processor.py:179} INFO - Processing /home/azfarmustafa/airflow_tutorial/.venv/lib/python3.10/site-packages/airflow/example_dags/example_params_ui_tutorial.py took 0.142 seconds
[2023-11-24T10:44:39.949+0800] {processor.py:157} INFO - Started process (PID=59879) to work on /home/azfarmustafa/airflow_tutorial/.venv/lib/python3.10/site-packages/airflow/example_dags/example_params_ui_tutorial.py
[2023-11-24T10:44:39.954+0800] {processor.py:829} INFO - Processing file /home/azfarmustafa/airflow_tutorial/.venv/lib/python3.10/site-packages/airflow/example_dags/example_params_ui_tutorial.py for tasks to queue
[2023-11-24T10:44:39.954+0800] {logging_mixin.py:154} INFO - [2023-11-24T10:44:39.954+0800] {dagbag.py:536} INFO - Filling up the DagBag from /home/azfarmustafa/airflow_tutorial/.venv/lib/python3.10/site-packages/airflow/example_dags/example_params_ui_tutorial.py
[2023-11-24T10:44:39.994+0800] {processor.py:839} INFO - DAG(s) dict_keys(['example_params_ui_tutorial']) retrieved from /home/azfarmustafa/airflow_tutorial/.venv/lib/python3.10/site-packages/airflow/example_dags/example_params_ui_tutorial.py
[2023-11-24T10:44:40.050+0800] {logging_mixin.py:154} INFO - [2023-11-24T10:44:40.050+0800] {dag.py:2941} INFO - Sync 1 DAGs
[2023-11-24T10:44:40.061+0800] {logging_mixin.py:154} INFO - [2023-11-24T10:44:40.060+0800] {dag.py:3722} INFO - Setting next_dagrun for example_params_ui_tutorial to None, run_after=None
[2023-11-24T10:44:40.088+0800] {processor.py:179} INFO - Processing /home/azfarmustafa/airflow_tutorial/.venv/lib/python3.10/site-packages/airflow/example_dags/example_params_ui_tutorial.py took 0.141 seconds
[2023-11-24T10:45:27.925+0800] {processor.py:157} INFO - Started process (PID=59927) to work on /home/azfarmustafa/airflow_tutorial/.venv/lib/python3.10/site-packages/airflow/example_dags/example_params_ui_tutorial.py
[2023-11-24T10:45:27.927+0800] {processor.py:829} INFO - Processing file /home/azfarmustafa/airflow_tutorial/.venv/lib/python3.10/site-packages/airflow/example_dags/example_params_ui_tutorial.py for tasks to queue
[2023-11-24T10:45:27.928+0800] {logging_mixin.py:154} INFO - [2023-11-24T10:45:27.927+0800] {dagbag.py:536} INFO - Filling up the DagBag from /home/azfarmustafa/airflow_tutorial/.venv/lib/python3.10/site-packages/airflow/example_dags/example_params_ui_tutorial.py
[2023-11-24T10:45:27.965+0800] {processor.py:839} INFO - DAG(s) dict_keys(['example_params_ui_tutorial']) retrieved from /home/azfarmustafa/airflow_tutorial/.venv/lib/python3.10/site-packages/airflow/example_dags/example_params_ui_tutorial.py
[2023-11-24T10:45:28.025+0800] {logging_mixin.py:154} INFO - [2023-11-24T10:45:28.025+0800] {dag.py:2941} INFO - Sync 1 DAGs
[2023-11-24T10:45:28.038+0800] {logging_mixin.py:154} INFO - [2023-11-24T10:45:28.037+0800] {dag.py:3722} INFO - Setting next_dagrun for example_params_ui_tutorial to None, run_after=None
[2023-11-24T10:45:28.063+0800] {processor.py:179} INFO - Processing /home/azfarmustafa/airflow_tutorial/.venv/lib/python3.10/site-packages/airflow/example_dags/example_params_ui_tutorial.py took 0.141 seconds
[2023-11-24T10:46:15.077+0800] {processor.py:157} INFO - Started process (PID=59975) to work on /home/azfarmustafa/airflow_tutorial/.venv/lib/python3.10/site-packages/airflow/example_dags/example_params_ui_tutorial.py
[2023-11-24T10:46:15.082+0800] {processor.py:829} INFO - Processing file /home/azfarmustafa/airflow_tutorial/.venv/lib/python3.10/site-packages/airflow/example_dags/example_params_ui_tutorial.py for tasks to queue
[2023-11-24T10:46:15.083+0800] {logging_mixin.py:154} INFO - [2023-11-24T10:46:15.082+0800] {dagbag.py:536} INFO - Filling up the DagBag from /home/azfarmustafa/airflow_tutorial/.venv/lib/python3.10/site-packages/airflow/example_dags/example_params_ui_tutorial.py
[2023-11-24T10:46:15.119+0800] {processor.py:839} INFO - DAG(s) dict_keys(['example_params_ui_tutorial']) retrieved from /home/azfarmustafa/airflow_tutorial/.venv/lib/python3.10/site-packages/airflow/example_dags/example_params_ui_tutorial.py
[2023-11-24T10:46:15.179+0800] {logging_mixin.py:154} INFO - [2023-11-24T10:46:15.178+0800] {dag.py:2941} INFO - Sync 1 DAGs
[2023-11-24T10:46:15.192+0800] {logging_mixin.py:154} INFO - [2023-11-24T10:46:15.191+0800] {dag.py:3722} INFO - Setting next_dagrun for example_params_ui_tutorial to None, run_after=None
[2023-11-24T10:46:15.221+0800] {processor.py:179} INFO - Processing /home/azfarmustafa/airflow_tutorial/.venv/lib/python3.10/site-packages/airflow/example_dags/example_params_ui_tutorial.py took 0.146 seconds
[2023-11-24T10:47:00.211+0800] {processor.py:157} INFO - Started process (PID=60021) to work on /home/azfarmustafa/airflow_tutorial/.venv/lib/python3.10/site-packages/airflow/example_dags/example_params_ui_tutorial.py
[2023-11-24T10:47:00.213+0800] {processor.py:829} INFO - Processing file /home/azfarmustafa/airflow_tutorial/.venv/lib/python3.10/site-packages/airflow/example_dags/example_params_ui_tutorial.py for tasks to queue
[2023-11-24T10:47:00.214+0800] {logging_mixin.py:154} INFO - [2023-11-24T10:47:00.213+0800] {dagbag.py:536} INFO - Filling up the DagBag from /home/azfarmustafa/airflow_tutorial/.venv/lib/python3.10/site-packages/airflow/example_dags/example_params_ui_tutorial.py
[2023-11-24T10:47:00.245+0800] {processor.py:839} INFO - DAG(s) dict_keys(['example_params_ui_tutorial']) retrieved from /home/azfarmustafa/airflow_tutorial/.venv/lib/python3.10/site-packages/airflow/example_dags/example_params_ui_tutorial.py
[2023-11-24T10:47:00.296+0800] {logging_mixin.py:154} INFO - [2023-11-24T10:47:00.296+0800] {dag.py:2941} INFO - Sync 1 DAGs
[2023-11-24T10:47:00.308+0800] {logging_mixin.py:154} INFO - [2023-11-24T10:47:00.308+0800] {dag.py:3722} INFO - Setting next_dagrun for example_params_ui_tutorial to None, run_after=None
[2023-11-24T10:47:00.330+0800] {processor.py:179} INFO - Processing /home/azfarmustafa/airflow_tutorial/.venv/lib/python3.10/site-packages/airflow/example_dags/example_params_ui_tutorial.py took 0.122 seconds
[2023-11-24T10:47:44.316+0800] {processor.py:157} INFO - Started process (PID=60073) to work on /home/azfarmustafa/airflow_tutorial/.venv/lib/python3.10/site-packages/airflow/example_dags/example_params_ui_tutorial.py
[2023-11-24T10:47:44.320+0800] {processor.py:829} INFO - Processing file /home/azfarmustafa/airflow_tutorial/.venv/lib/python3.10/site-packages/airflow/example_dags/example_params_ui_tutorial.py for tasks to queue
[2023-11-24T10:47:44.321+0800] {logging_mixin.py:154} INFO - [2023-11-24T10:47:44.321+0800] {dagbag.py:536} INFO - Filling up the DagBag from /home/azfarmustafa/airflow_tutorial/.venv/lib/python3.10/site-packages/airflow/example_dags/example_params_ui_tutorial.py
[2023-11-24T10:47:44.358+0800] {processor.py:839} INFO - DAG(s) dict_keys(['example_params_ui_tutorial']) retrieved from /home/azfarmustafa/airflow_tutorial/.venv/lib/python3.10/site-packages/airflow/example_dags/example_params_ui_tutorial.py
[2023-11-24T10:47:44.416+0800] {logging_mixin.py:154} INFO - [2023-11-24T10:47:44.416+0800] {dag.py:2941} INFO - Sync 1 DAGs
[2023-11-24T10:47:44.427+0800] {logging_mixin.py:154} INFO - [2023-11-24T10:47:44.426+0800] {dag.py:3722} INFO - Setting next_dagrun for example_params_ui_tutorial to None, run_after=None
[2023-11-24T10:47:44.453+0800] {processor.py:179} INFO - Processing /home/azfarmustafa/airflow_tutorial/.venv/lib/python3.10/site-packages/airflow/example_dags/example_params_ui_tutorial.py took 0.140 seconds
[2023-11-24T10:48:30.914+0800] {processor.py:157} INFO - Started process (PID=60121) to work on /home/azfarmustafa/airflow_tutorial/.venv/lib/python3.10/site-packages/airflow/example_dags/example_params_ui_tutorial.py
[2023-11-24T10:48:30.918+0800] {processor.py:829} INFO - Processing file /home/azfarmustafa/airflow_tutorial/.venv/lib/python3.10/site-packages/airflow/example_dags/example_params_ui_tutorial.py for tasks to queue
[2023-11-24T10:48:30.919+0800] {logging_mixin.py:154} INFO - [2023-11-24T10:48:30.919+0800] {dagbag.py:536} INFO - Filling up the DagBag from /home/azfarmustafa/airflow_tutorial/.venv/lib/python3.10/site-packages/airflow/example_dags/example_params_ui_tutorial.py
[2023-11-24T10:48:30.950+0800] {processor.py:839} INFO - DAG(s) dict_keys(['example_params_ui_tutorial']) retrieved from /home/azfarmustafa/airflow_tutorial/.venv/lib/python3.10/site-packages/airflow/example_dags/example_params_ui_tutorial.py
[2023-11-24T10:48:31.009+0800] {logging_mixin.py:154} INFO - [2023-11-24T10:48:31.009+0800] {dag.py:2941} INFO - Sync 1 DAGs
[2023-11-24T10:48:31.022+0800] {logging_mixin.py:154} INFO - [2023-11-24T10:48:31.022+0800] {dag.py:3722} INFO - Setting next_dagrun for example_params_ui_tutorial to None, run_after=None
[2023-11-24T10:48:31.050+0800] {processor.py:179} INFO - Processing /home/azfarmustafa/airflow_tutorial/.venv/lib/python3.10/site-packages/airflow/example_dags/example_params_ui_tutorial.py took 0.138 seconds
[2023-11-24T10:49:19.810+0800] {processor.py:157} INFO - Started process (PID=60169) to work on /home/azfarmustafa/airflow_tutorial/.venv/lib/python3.10/site-packages/airflow/example_dags/example_params_ui_tutorial.py
[2023-11-24T10:49:19.815+0800] {processor.py:829} INFO - Processing file /home/azfarmustafa/airflow_tutorial/.venv/lib/python3.10/site-packages/airflow/example_dags/example_params_ui_tutorial.py for tasks to queue
[2023-11-24T10:49:19.815+0800] {logging_mixin.py:154} INFO - [2023-11-24T10:49:19.815+0800] {dagbag.py:536} INFO - Filling up the DagBag from /home/azfarmustafa/airflow_tutorial/.venv/lib/python3.10/site-packages/airflow/example_dags/example_params_ui_tutorial.py
[2023-11-24T10:49:19.850+0800] {processor.py:839} INFO - DAG(s) dict_keys(['example_params_ui_tutorial']) retrieved from /home/azfarmustafa/airflow_tutorial/.venv/lib/python3.10/site-packages/airflow/example_dags/example_params_ui_tutorial.py
[2023-11-24T10:49:19.901+0800] {logging_mixin.py:154} INFO - [2023-11-24T10:49:19.901+0800] {dag.py:2941} INFO - Sync 1 DAGs
[2023-11-24T10:49:19.910+0800] {logging_mixin.py:154} INFO - [2023-11-24T10:49:19.910+0800] {dag.py:3722} INFO - Setting next_dagrun for example_params_ui_tutorial to None, run_after=None
[2023-11-24T10:49:19.936+0800] {processor.py:179} INFO - Processing /home/azfarmustafa/airflow_tutorial/.venv/lib/python3.10/site-packages/airflow/example_dags/example_params_ui_tutorial.py took 0.129 seconds
[2023-11-24T10:50:06.011+0800] {processor.py:157} INFO - Started process (PID=60217) to work on /home/azfarmustafa/airflow_tutorial/.venv/lib/python3.10/site-packages/airflow/example_dags/example_params_ui_tutorial.py
[2023-11-24T10:50:06.012+0800] {processor.py:829} INFO - Processing file /home/azfarmustafa/airflow_tutorial/.venv/lib/python3.10/site-packages/airflow/example_dags/example_params_ui_tutorial.py for tasks to queue
[2023-11-24T10:50:06.013+0800] {logging_mixin.py:154} INFO - [2023-11-24T10:50:06.013+0800] {dagbag.py:536} INFO - Filling up the DagBag from /home/azfarmustafa/airflow_tutorial/.venv/lib/python3.10/site-packages/airflow/example_dags/example_params_ui_tutorial.py
[2023-11-24T10:50:06.052+0800] {processor.py:839} INFO - DAG(s) dict_keys(['example_params_ui_tutorial']) retrieved from /home/azfarmustafa/airflow_tutorial/.venv/lib/python3.10/site-packages/airflow/example_dags/example_params_ui_tutorial.py
[2023-11-24T10:50:06.102+0800] {logging_mixin.py:154} INFO - [2023-11-24T10:50:06.101+0800] {dag.py:2941} INFO - Sync 1 DAGs
[2023-11-24T10:50:06.112+0800] {logging_mixin.py:154} INFO - [2023-11-24T10:50:06.112+0800] {dag.py:3722} INFO - Setting next_dagrun for example_params_ui_tutorial to None, run_after=None
[2023-11-24T10:50:06.138+0800] {processor.py:179} INFO - Processing /home/azfarmustafa/airflow_tutorial/.venv/lib/python3.10/site-packages/airflow/example_dags/example_params_ui_tutorial.py took 0.130 seconds
[2023-11-24T10:50:52.599+0800] {processor.py:157} INFO - Started process (PID=60265) to work on /home/azfarmustafa/airflow_tutorial/.venv/lib/python3.10/site-packages/airflow/example_dags/example_params_ui_tutorial.py
[2023-11-24T10:50:52.604+0800] {processor.py:829} INFO - Processing file /home/azfarmustafa/airflow_tutorial/.venv/lib/python3.10/site-packages/airflow/example_dags/example_params_ui_tutorial.py for tasks to queue
[2023-11-24T10:50:52.605+0800] {logging_mixin.py:154} INFO - [2023-11-24T10:50:52.605+0800] {dagbag.py:536} INFO - Filling up the DagBag from /home/azfarmustafa/airflow_tutorial/.venv/lib/python3.10/site-packages/airflow/example_dags/example_params_ui_tutorial.py
[2023-11-24T10:50:52.646+0800] {processor.py:839} INFO - DAG(s) dict_keys(['example_params_ui_tutorial']) retrieved from /home/azfarmustafa/airflow_tutorial/.venv/lib/python3.10/site-packages/airflow/example_dags/example_params_ui_tutorial.py
[2023-11-24T10:50:52.698+0800] {logging_mixin.py:154} INFO - [2023-11-24T10:50:52.697+0800] {dag.py:2941} INFO - Sync 1 DAGs
[2023-11-24T10:50:52.709+0800] {logging_mixin.py:154} INFO - [2023-11-24T10:50:52.709+0800] {dag.py:3722} INFO - Setting next_dagrun for example_params_ui_tutorial to None, run_after=None
[2023-11-24T10:50:52.731+0800] {processor.py:179} INFO - Processing /home/azfarmustafa/airflow_tutorial/.venv/lib/python3.10/site-packages/airflow/example_dags/example_params_ui_tutorial.py took 0.135 seconds
[2023-11-24T10:51:39.539+0800] {processor.py:157} INFO - Started process (PID=60313) to work on /home/azfarmustafa/airflow_tutorial/.venv/lib/python3.10/site-packages/airflow/example_dags/example_params_ui_tutorial.py
[2023-11-24T10:51:39.543+0800] {processor.py:829} INFO - Processing file /home/azfarmustafa/airflow_tutorial/.venv/lib/python3.10/site-packages/airflow/example_dags/example_params_ui_tutorial.py for tasks to queue
[2023-11-24T10:51:39.544+0800] {logging_mixin.py:154} INFO - [2023-11-24T10:51:39.544+0800] {dagbag.py:536} INFO - Filling up the DagBag from /home/azfarmustafa/airflow_tutorial/.venv/lib/python3.10/site-packages/airflow/example_dags/example_params_ui_tutorial.py
[2023-11-24T10:51:39.584+0800] {processor.py:839} INFO - DAG(s) dict_keys(['example_params_ui_tutorial']) retrieved from /home/azfarmustafa/airflow_tutorial/.venv/lib/python3.10/site-packages/airflow/example_dags/example_params_ui_tutorial.py
[2023-11-24T10:51:39.634+0800] {logging_mixin.py:154} INFO - [2023-11-24T10:51:39.634+0800] {dag.py:2941} INFO - Sync 1 DAGs
[2023-11-24T10:51:39.648+0800] {logging_mixin.py:154} INFO - [2023-11-24T10:51:39.648+0800] {dag.py:3722} INFO - Setting next_dagrun for example_params_ui_tutorial to None, run_after=None
[2023-11-24T10:51:39.679+0800] {processor.py:179} INFO - Processing /home/azfarmustafa/airflow_tutorial/.venv/lib/python3.10/site-packages/airflow/example_dags/example_params_ui_tutorial.py took 0.142 seconds
[2023-11-24T10:52:27.784+0800] {processor.py:157} INFO - Started process (PID=60361) to work on /home/azfarmustafa/airflow_tutorial/.venv/lib/python3.10/site-packages/airflow/example_dags/example_params_ui_tutorial.py
[2023-11-24T10:52:27.788+0800] {processor.py:829} INFO - Processing file /home/azfarmustafa/airflow_tutorial/.venv/lib/python3.10/site-packages/airflow/example_dags/example_params_ui_tutorial.py for tasks to queue
[2023-11-24T10:52:27.789+0800] {logging_mixin.py:154} INFO - [2023-11-24T10:52:27.789+0800] {dagbag.py:536} INFO - Filling up the DagBag from /home/azfarmustafa/airflow_tutorial/.venv/lib/python3.10/site-packages/airflow/example_dags/example_params_ui_tutorial.py
[2023-11-24T10:52:27.827+0800] {processor.py:839} INFO - DAG(s) dict_keys(['example_params_ui_tutorial']) retrieved from /home/azfarmustafa/airflow_tutorial/.venv/lib/python3.10/site-packages/airflow/example_dags/example_params_ui_tutorial.py
[2023-11-24T10:52:27.889+0800] {logging_mixin.py:154} INFO - [2023-11-24T10:52:27.889+0800] {dag.py:2941} INFO - Sync 1 DAGs
[2023-11-24T10:52:27.901+0800] {logging_mixin.py:154} INFO - [2023-11-24T10:52:27.901+0800] {dag.py:3722} INFO - Setting next_dagrun for example_params_ui_tutorial to None, run_after=None
[2023-11-24T10:52:27.927+0800] {processor.py:179} INFO - Processing /home/azfarmustafa/airflow_tutorial/.venv/lib/python3.10/site-packages/airflow/example_dags/example_params_ui_tutorial.py took 0.146 seconds
[2023-11-24T10:53:18.222+0800] {processor.py:157} INFO - Started process (PID=60417) to work on /home/azfarmustafa/airflow_tutorial/.venv/lib/python3.10/site-packages/airflow/example_dags/example_params_ui_tutorial.py
[2023-11-24T10:53:18.226+0800] {processor.py:829} INFO - Processing file /home/azfarmustafa/airflow_tutorial/.venv/lib/python3.10/site-packages/airflow/example_dags/example_params_ui_tutorial.py for tasks to queue
[2023-11-24T10:53:18.227+0800] {logging_mixin.py:154} INFO - [2023-11-24T10:53:18.226+0800] {dagbag.py:536} INFO - Filling up the DagBag from /home/azfarmustafa/airflow_tutorial/.venv/lib/python3.10/site-packages/airflow/example_dags/example_params_ui_tutorial.py
[2023-11-24T10:53:18.258+0800] {processor.py:839} INFO - DAG(s) dict_keys(['example_params_ui_tutorial']) retrieved from /home/azfarmustafa/airflow_tutorial/.venv/lib/python3.10/site-packages/airflow/example_dags/example_params_ui_tutorial.py
[2023-11-24T10:53:18.309+0800] {logging_mixin.py:154} INFO - [2023-11-24T10:53:18.308+0800] {dag.py:2941} INFO - Sync 1 DAGs
[2023-11-24T10:53:18.319+0800] {logging_mixin.py:154} INFO - [2023-11-24T10:53:18.318+0800] {dag.py:3722} INFO - Setting next_dagrun for example_params_ui_tutorial to None, run_after=None
[2023-11-24T10:53:18.344+0800] {processor.py:179} INFO - Processing /home/azfarmustafa/airflow_tutorial/.venv/lib/python3.10/site-packages/airflow/example_dags/example_params_ui_tutorial.py took 0.124 seconds
[2023-11-24T10:54:04.292+0800] {processor.py:157} INFO - Started process (PID=60464) to work on /home/azfarmustafa/airflow_tutorial/.venv/lib/python3.10/site-packages/airflow/example_dags/example_params_ui_tutorial.py
[2023-11-24T10:54:04.297+0800] {processor.py:829} INFO - Processing file /home/azfarmustafa/airflow_tutorial/.venv/lib/python3.10/site-packages/airflow/example_dags/example_params_ui_tutorial.py for tasks to queue
[2023-11-24T10:54:04.297+0800] {logging_mixin.py:154} INFO - [2023-11-24T10:54:04.297+0800] {dagbag.py:536} INFO - Filling up the DagBag from /home/azfarmustafa/airflow_tutorial/.venv/lib/python3.10/site-packages/airflow/example_dags/example_params_ui_tutorial.py
[2023-11-24T10:54:04.332+0800] {processor.py:839} INFO - DAG(s) dict_keys(['example_params_ui_tutorial']) retrieved from /home/azfarmustafa/airflow_tutorial/.venv/lib/python3.10/site-packages/airflow/example_dags/example_params_ui_tutorial.py
[2023-11-24T10:54:04.383+0800] {logging_mixin.py:154} INFO - [2023-11-24T10:54:04.383+0800] {dag.py:2941} INFO - Sync 1 DAGs
[2023-11-24T10:54:04.393+0800] {logging_mixin.py:154} INFO - [2023-11-24T10:54:04.393+0800] {dag.py:3722} INFO - Setting next_dagrun for example_params_ui_tutorial to None, run_after=None
[2023-11-24T10:54:04.420+0800] {processor.py:179} INFO - Processing /home/azfarmustafa/airflow_tutorial/.venv/lib/python3.10/site-packages/airflow/example_dags/example_params_ui_tutorial.py took 0.131 seconds
[2023-11-24T10:54:52.608+0800] {processor.py:157} INFO - Started process (PID=60513) to work on /home/azfarmustafa/airflow_tutorial/.venv/lib/python3.10/site-packages/airflow/example_dags/example_params_ui_tutorial.py
[2023-11-24T10:54:52.610+0800] {processor.py:829} INFO - Processing file /home/azfarmustafa/airflow_tutorial/.venv/lib/python3.10/site-packages/airflow/example_dags/example_params_ui_tutorial.py for tasks to queue
[2023-11-24T10:54:52.611+0800] {logging_mixin.py:154} INFO - [2023-11-24T10:54:52.611+0800] {dagbag.py:536} INFO - Filling up the DagBag from /home/azfarmustafa/airflow_tutorial/.venv/lib/python3.10/site-packages/airflow/example_dags/example_params_ui_tutorial.py
[2023-11-24T10:54:52.668+0800] {processor.py:839} INFO - DAG(s) dict_keys(['example_params_ui_tutorial']) retrieved from /home/azfarmustafa/airflow_tutorial/.venv/lib/python3.10/site-packages/airflow/example_dags/example_params_ui_tutorial.py
[2023-11-24T10:54:52.717+0800] {logging_mixin.py:154} INFO - [2023-11-24T10:54:52.716+0800] {dag.py:2941} INFO - Sync 1 DAGs
[2023-11-24T10:54:52.726+0800] {logging_mixin.py:154} INFO - [2023-11-24T10:54:52.726+0800] {dag.py:3722} INFO - Setting next_dagrun for example_params_ui_tutorial to None, run_after=None
[2023-11-24T10:54:52.754+0800] {processor.py:179} INFO - Processing /home/azfarmustafa/airflow_tutorial/.venv/lib/python3.10/site-packages/airflow/example_dags/example_params_ui_tutorial.py took 0.150 seconds
[2023-11-24T10:55:38.580+0800] {processor.py:157} INFO - Started process (PID=60560) to work on /home/azfarmustafa/airflow_tutorial/.venv/lib/python3.10/site-packages/airflow/example_dags/example_params_ui_tutorial.py
[2023-11-24T10:55:38.585+0800] {processor.py:829} INFO - Processing file /home/azfarmustafa/airflow_tutorial/.venv/lib/python3.10/site-packages/airflow/example_dags/example_params_ui_tutorial.py for tasks to queue
[2023-11-24T10:55:38.586+0800] {logging_mixin.py:154} INFO - [2023-11-24T10:55:38.586+0800] {dagbag.py:536} INFO - Filling up the DagBag from /home/azfarmustafa/airflow_tutorial/.venv/lib/python3.10/site-packages/airflow/example_dags/example_params_ui_tutorial.py
[2023-11-24T10:55:38.621+0800] {processor.py:839} INFO - DAG(s) dict_keys(['example_params_ui_tutorial']) retrieved from /home/azfarmustafa/airflow_tutorial/.venv/lib/python3.10/site-packages/airflow/example_dags/example_params_ui_tutorial.py
[2023-11-24T10:55:38.678+0800] {logging_mixin.py:154} INFO - [2023-11-24T10:55:38.678+0800] {dag.py:2941} INFO - Sync 1 DAGs
[2023-11-24T10:55:38.693+0800] {logging_mixin.py:154} INFO - [2023-11-24T10:55:38.692+0800] {dag.py:3722} INFO - Setting next_dagrun for example_params_ui_tutorial to None, run_after=None
[2023-11-24T10:55:38.722+0800] {processor.py:179} INFO - Processing /home/azfarmustafa/airflow_tutorial/.venv/lib/python3.10/site-packages/airflow/example_dags/example_params_ui_tutorial.py took 0.144 seconds
[2023-11-24T10:56:25.184+0800] {processor.py:157} INFO - Started process (PID=60608) to work on /home/azfarmustafa/airflow_tutorial/.venv/lib/python3.10/site-packages/airflow/example_dags/example_params_ui_tutorial.py
[2023-11-24T10:56:25.188+0800] {processor.py:829} INFO - Processing file /home/azfarmustafa/airflow_tutorial/.venv/lib/python3.10/site-packages/airflow/example_dags/example_params_ui_tutorial.py for tasks to queue
[2023-11-24T10:56:25.189+0800] {logging_mixin.py:154} INFO - [2023-11-24T10:56:25.189+0800] {dagbag.py:536} INFO - Filling up the DagBag from /home/azfarmustafa/airflow_tutorial/.venv/lib/python3.10/site-packages/airflow/example_dags/example_params_ui_tutorial.py
[2023-11-24T10:56:25.220+0800] {processor.py:839} INFO - DAG(s) dict_keys(['example_params_ui_tutorial']) retrieved from /home/azfarmustafa/airflow_tutorial/.venv/lib/python3.10/site-packages/airflow/example_dags/example_params_ui_tutorial.py
[2023-11-24T10:56:25.274+0800] {logging_mixin.py:154} INFO - [2023-11-24T10:56:25.274+0800] {dag.py:2941} INFO - Sync 1 DAGs
[2023-11-24T10:56:25.283+0800] {logging_mixin.py:154} INFO - [2023-11-24T10:56:25.283+0800] {dag.py:3722} INFO - Setting next_dagrun for example_params_ui_tutorial to None, run_after=None
[2023-11-24T10:56:25.306+0800] {processor.py:179} INFO - Processing /home/azfarmustafa/airflow_tutorial/.venv/lib/python3.10/site-packages/airflow/example_dags/example_params_ui_tutorial.py took 0.126 seconds
[2023-11-24T10:57:21.671+0800] {processor.py:157} INFO - Started process (PID=60666) to work on /home/azfarmustafa/airflow_tutorial/.venv/lib/python3.10/site-packages/airflow/example_dags/example_params_ui_tutorial.py
[2023-11-24T10:57:21.675+0800] {processor.py:829} INFO - Processing file /home/azfarmustafa/airflow_tutorial/.venv/lib/python3.10/site-packages/airflow/example_dags/example_params_ui_tutorial.py for tasks to queue
[2023-11-24T10:57:21.676+0800] {logging_mixin.py:154} INFO - [2023-11-24T10:57:21.675+0800] {dagbag.py:536} INFO - Filling up the DagBag from /home/azfarmustafa/airflow_tutorial/.venv/lib/python3.10/site-packages/airflow/example_dags/example_params_ui_tutorial.py
[2023-11-24T10:57:21.713+0800] {processor.py:839} INFO - DAG(s) dict_keys(['example_params_ui_tutorial']) retrieved from /home/azfarmustafa/airflow_tutorial/.venv/lib/python3.10/site-packages/airflow/example_dags/example_params_ui_tutorial.py
[2023-11-24T10:57:21.765+0800] {logging_mixin.py:154} INFO - [2023-11-24T10:57:21.765+0800] {dag.py:2941} INFO - Sync 1 DAGs
[2023-11-24T10:57:21.776+0800] {logging_mixin.py:154} INFO - [2023-11-24T10:57:21.776+0800] {dag.py:3722} INFO - Setting next_dagrun for example_params_ui_tutorial to None, run_after=None
[2023-11-24T10:57:21.804+0800] {processor.py:179} INFO - Processing /home/azfarmustafa/airflow_tutorial/.venv/lib/python3.10/site-packages/airflow/example_dags/example_params_ui_tutorial.py took 0.137 seconds
[2023-11-24T10:58:21.308+0800] {processor.py:157} INFO - Started process (PID=60727) to work on /home/azfarmustafa/airflow_tutorial/.venv/lib/python3.10/site-packages/airflow/example_dags/example_params_ui_tutorial.py
[2023-11-24T10:58:21.313+0800] {processor.py:829} INFO - Processing file /home/azfarmustafa/airflow_tutorial/.venv/lib/python3.10/site-packages/airflow/example_dags/example_params_ui_tutorial.py for tasks to queue
[2023-11-24T10:58:21.314+0800] {logging_mixin.py:154} INFO - [2023-11-24T10:58:21.313+0800] {dagbag.py:536} INFO - Filling up the DagBag from /home/azfarmustafa/airflow_tutorial/.venv/lib/python3.10/site-packages/airflow/example_dags/example_params_ui_tutorial.py
[2023-11-24T10:58:21.352+0800] {processor.py:839} INFO - DAG(s) dict_keys(['example_params_ui_tutorial']) retrieved from /home/azfarmustafa/airflow_tutorial/.venv/lib/python3.10/site-packages/airflow/example_dags/example_params_ui_tutorial.py
[2023-11-24T10:58:21.405+0800] {logging_mixin.py:154} INFO - [2023-11-24T10:58:21.405+0800] {dag.py:2941} INFO - Sync 1 DAGs
[2023-11-24T10:58:21.418+0800] {logging_mixin.py:154} INFO - [2023-11-24T10:58:21.417+0800] {dag.py:3722} INFO - Setting next_dagrun for example_params_ui_tutorial to None, run_after=None
[2023-11-24T10:58:21.450+0800] {processor.py:179} INFO - Processing /home/azfarmustafa/airflow_tutorial/.venv/lib/python3.10/site-packages/airflow/example_dags/example_params_ui_tutorial.py took 0.144 seconds
[2023-11-24T10:59:07.629+0800] {processor.py:157} INFO - Started process (PID=60775) to work on /home/azfarmustafa/airflow_tutorial/.venv/lib/python3.10/site-packages/airflow/example_dags/example_params_ui_tutorial.py
[2023-11-24T10:59:07.630+0800] {processor.py:829} INFO - Processing file /home/azfarmustafa/airflow_tutorial/.venv/lib/python3.10/site-packages/airflow/example_dags/example_params_ui_tutorial.py for tasks to queue
[2023-11-24T10:59:07.631+0800] {logging_mixin.py:154} INFO - [2023-11-24T10:59:07.631+0800] {dagbag.py:536} INFO - Filling up the DagBag from /home/azfarmustafa/airflow_tutorial/.venv/lib/python3.10/site-packages/airflow/example_dags/example_params_ui_tutorial.py
[2023-11-24T10:59:07.671+0800] {processor.py:839} INFO - DAG(s) dict_keys(['example_params_ui_tutorial']) retrieved from /home/azfarmustafa/airflow_tutorial/.venv/lib/python3.10/site-packages/airflow/example_dags/example_params_ui_tutorial.py
[2023-11-24T10:59:07.721+0800] {logging_mixin.py:154} INFO - [2023-11-24T10:59:07.720+0800] {dag.py:2941} INFO - Sync 1 DAGs
[2023-11-24T10:59:07.732+0800] {logging_mixin.py:154} INFO - [2023-11-24T10:59:07.732+0800] {dag.py:3722} INFO - Setting next_dagrun for example_params_ui_tutorial to None, run_after=None
[2023-11-24T10:59:07.758+0800] {processor.py:179} INFO - Processing /home/azfarmustafa/airflow_tutorial/.venv/lib/python3.10/site-packages/airflow/example_dags/example_params_ui_tutorial.py took 0.132 seconds
[2023-11-24T10:59:54.157+0800] {processor.py:157} INFO - Started process (PID=60829) to work on /home/azfarmustafa/airflow_tutorial/.venv/lib/python3.10/site-packages/airflow/example_dags/example_params_ui_tutorial.py
[2023-11-24T10:59:54.161+0800] {processor.py:829} INFO - Processing file /home/azfarmustafa/airflow_tutorial/.venv/lib/python3.10/site-packages/airflow/example_dags/example_params_ui_tutorial.py for tasks to queue
[2023-11-24T10:59:54.162+0800] {logging_mixin.py:154} INFO - [2023-11-24T10:59:54.162+0800] {dagbag.py:536} INFO - Filling up the DagBag from /home/azfarmustafa/airflow_tutorial/.venv/lib/python3.10/site-packages/airflow/example_dags/example_params_ui_tutorial.py
[2023-11-24T10:59:54.194+0800] {processor.py:839} INFO - DAG(s) dict_keys(['example_params_ui_tutorial']) retrieved from /home/azfarmustafa/airflow_tutorial/.venv/lib/python3.10/site-packages/airflow/example_dags/example_params_ui_tutorial.py
[2023-11-24T10:59:54.242+0800] {logging_mixin.py:154} INFO - [2023-11-24T10:59:54.241+0800] {dag.py:2941} INFO - Sync 1 DAGs
[2023-11-24T10:59:54.252+0800] {logging_mixin.py:154} INFO - [2023-11-24T10:59:54.251+0800] {dag.py:3722} INFO - Setting next_dagrun for example_params_ui_tutorial to None, run_after=None
[2023-11-24T10:59:54.276+0800] {processor.py:179} INFO - Processing /home/azfarmustafa/airflow_tutorial/.venv/lib/python3.10/site-packages/airflow/example_dags/example_params_ui_tutorial.py took 0.121 seconds
[2023-11-24T11:00:37.731+0800] {processor.py:157} INFO - Started process (PID=60875) to work on /home/azfarmustafa/airflow_tutorial/.venv/lib/python3.10/site-packages/airflow/example_dags/example_params_ui_tutorial.py
[2023-11-24T11:00:37.735+0800] {processor.py:829} INFO - Processing file /home/azfarmustafa/airflow_tutorial/.venv/lib/python3.10/site-packages/airflow/example_dags/example_params_ui_tutorial.py for tasks to queue
[2023-11-24T11:00:37.736+0800] {logging_mixin.py:154} INFO - [2023-11-24T11:00:37.736+0800] {dagbag.py:536} INFO - Filling up the DagBag from /home/azfarmustafa/airflow_tutorial/.venv/lib/python3.10/site-packages/airflow/example_dags/example_params_ui_tutorial.py
[2023-11-24T11:00:37.768+0800] {processor.py:839} INFO - DAG(s) dict_keys(['example_params_ui_tutorial']) retrieved from /home/azfarmustafa/airflow_tutorial/.venv/lib/python3.10/site-packages/airflow/example_dags/example_params_ui_tutorial.py
[2023-11-24T11:00:37.815+0800] {logging_mixin.py:154} INFO - [2023-11-24T11:00:37.814+0800] {dag.py:2941} INFO - Sync 1 DAGs
[2023-11-24T11:00:37.824+0800] {logging_mixin.py:154} INFO - [2023-11-24T11:00:37.824+0800] {dag.py:3722} INFO - Setting next_dagrun for example_params_ui_tutorial to None, run_after=None
[2023-11-24T11:00:37.848+0800] {processor.py:179} INFO - Processing /home/azfarmustafa/airflow_tutorial/.venv/lib/python3.10/site-packages/airflow/example_dags/example_params_ui_tutorial.py took 0.120 seconds
[2023-11-24T11:01:24.270+0800] {processor.py:157} INFO - Started process (PID=60922) to work on /home/azfarmustafa/airflow_tutorial/.venv/lib/python3.10/site-packages/airflow/example_dags/example_params_ui_tutorial.py
[2023-11-24T11:01:24.272+0800] {processor.py:829} INFO - Processing file /home/azfarmustafa/airflow_tutorial/.venv/lib/python3.10/site-packages/airflow/example_dags/example_params_ui_tutorial.py for tasks to queue
[2023-11-24T11:01:24.272+0800] {logging_mixin.py:154} INFO - [2023-11-24T11:01:24.272+0800] {dagbag.py:536} INFO - Filling up the DagBag from /home/azfarmustafa/airflow_tutorial/.venv/lib/python3.10/site-packages/airflow/example_dags/example_params_ui_tutorial.py
[2023-11-24T11:01:24.304+0800] {processor.py:839} INFO - DAG(s) dict_keys(['example_params_ui_tutorial']) retrieved from /home/azfarmustafa/airflow_tutorial/.venv/lib/python3.10/site-packages/airflow/example_dags/example_params_ui_tutorial.py
[2023-11-24T11:01:24.351+0800] {logging_mixin.py:154} INFO - [2023-11-24T11:01:24.351+0800] {dag.py:2941} INFO - Sync 1 DAGs
[2023-11-24T11:01:24.361+0800] {logging_mixin.py:154} INFO - [2023-11-24T11:01:24.360+0800] {dag.py:3722} INFO - Setting next_dagrun for example_params_ui_tutorial to None, run_after=None
[2023-11-24T11:01:24.384+0800] {processor.py:179} INFO - Processing /home/azfarmustafa/airflow_tutorial/.venv/lib/python3.10/site-packages/airflow/example_dags/example_params_ui_tutorial.py took 0.116 seconds
[2023-11-24T11:02:10.276+0800] {processor.py:157} INFO - Started process (PID=60969) to work on /home/azfarmustafa/airflow_tutorial/.venv/lib/python3.10/site-packages/airflow/example_dags/example_params_ui_tutorial.py
[2023-11-24T11:02:10.281+0800] {processor.py:829} INFO - Processing file /home/azfarmustafa/airflow_tutorial/.venv/lib/python3.10/site-packages/airflow/example_dags/example_params_ui_tutorial.py for tasks to queue
[2023-11-24T11:02:10.282+0800] {logging_mixin.py:154} INFO - [2023-11-24T11:02:10.281+0800] {dagbag.py:536} INFO - Filling up the DagBag from /home/azfarmustafa/airflow_tutorial/.venv/lib/python3.10/site-packages/airflow/example_dags/example_params_ui_tutorial.py
[2023-11-24T11:02:10.323+0800] {processor.py:839} INFO - DAG(s) dict_keys(['example_params_ui_tutorial']) retrieved from /home/azfarmustafa/airflow_tutorial/.venv/lib/python3.10/site-packages/airflow/example_dags/example_params_ui_tutorial.py
[2023-11-24T11:02:10.391+0800] {logging_mixin.py:154} INFO - [2023-11-24T11:02:10.391+0800] {dag.py:2941} INFO - Sync 1 DAGs
[2023-11-24T11:02:10.403+0800] {logging_mixin.py:154} INFO - [2023-11-24T11:02:10.403+0800] {dag.py:3722} INFO - Setting next_dagrun for example_params_ui_tutorial to None, run_after=None
[2023-11-24T11:02:10.432+0800] {processor.py:179} INFO - Processing /home/azfarmustafa/airflow_tutorial/.venv/lib/python3.10/site-packages/airflow/example_dags/example_params_ui_tutorial.py took 0.159 seconds
[2023-11-24T11:02:54.014+0800] {processor.py:157} INFO - Started process (PID=61015) to work on /home/azfarmustafa/airflow_tutorial/.venv/lib/python3.10/site-packages/airflow/example_dags/example_params_ui_tutorial.py
[2023-11-24T11:02:54.016+0800] {processor.py:829} INFO - Processing file /home/azfarmustafa/airflow_tutorial/.venv/lib/python3.10/site-packages/airflow/example_dags/example_params_ui_tutorial.py for tasks to queue
[2023-11-24T11:02:54.018+0800] {logging_mixin.py:154} INFO - [2023-11-24T11:02:54.017+0800] {dagbag.py:536} INFO - Filling up the DagBag from /home/azfarmustafa/airflow_tutorial/.venv/lib/python3.10/site-packages/airflow/example_dags/example_params_ui_tutorial.py
[2023-11-24T11:02:54.055+0800] {processor.py:839} INFO - DAG(s) dict_keys(['example_params_ui_tutorial']) retrieved from /home/azfarmustafa/airflow_tutorial/.venv/lib/python3.10/site-packages/airflow/example_dags/example_params_ui_tutorial.py
[2023-11-24T11:02:54.113+0800] {logging_mixin.py:154} INFO - [2023-11-24T11:02:54.113+0800] {dag.py:2941} INFO - Sync 1 DAGs
[2023-11-24T11:02:54.124+0800] {logging_mixin.py:154} INFO - [2023-11-24T11:02:54.124+0800] {dag.py:3722} INFO - Setting next_dagrun for example_params_ui_tutorial to None, run_after=None
[2023-11-24T11:02:54.154+0800] {processor.py:179} INFO - Processing /home/azfarmustafa/airflow_tutorial/.venv/lib/python3.10/site-packages/airflow/example_dags/example_params_ui_tutorial.py took 0.144 seconds
[2023-11-24T11:03:43.001+0800] {processor.py:157} INFO - Started process (PID=61070) to work on /home/azfarmustafa/airflow_tutorial/.venv/lib/python3.10/site-packages/airflow/example_dags/example_params_ui_tutorial.py
[2023-11-24T11:03:43.003+0800] {processor.py:829} INFO - Processing file /home/azfarmustafa/airflow_tutorial/.venv/lib/python3.10/site-packages/airflow/example_dags/example_params_ui_tutorial.py for tasks to queue
[2023-11-24T11:03:43.005+0800] {logging_mixin.py:154} INFO - [2023-11-24T11:03:43.004+0800] {dagbag.py:536} INFO - Filling up the DagBag from /home/azfarmustafa/airflow_tutorial/.venv/lib/python3.10/site-packages/airflow/example_dags/example_params_ui_tutorial.py
[2023-11-24T11:03:43.054+0800] {processor.py:839} INFO - DAG(s) dict_keys(['example_params_ui_tutorial']) retrieved from /home/azfarmustafa/airflow_tutorial/.venv/lib/python3.10/site-packages/airflow/example_dags/example_params_ui_tutorial.py
[2023-11-24T11:03:43.113+0800] {logging_mixin.py:154} INFO - [2023-11-24T11:03:43.113+0800] {dag.py:2941} INFO - Sync 1 DAGs
[2023-11-24T11:03:43.129+0800] {logging_mixin.py:154} INFO - [2023-11-24T11:03:43.128+0800] {dag.py:3722} INFO - Setting next_dagrun for example_params_ui_tutorial to None, run_after=None
[2023-11-24T11:03:43.158+0800] {processor.py:179} INFO - Processing /home/azfarmustafa/airflow_tutorial/.venv/lib/python3.10/site-packages/airflow/example_dags/example_params_ui_tutorial.py took 0.161 seconds
[2023-11-24T11:04:33.678+0800] {processor.py:157} INFO - Started process (PID=61121) to work on /home/azfarmustafa/airflow_tutorial/.venv/lib/python3.10/site-packages/airflow/example_dags/example_params_ui_tutorial.py
[2023-11-24T11:04:33.682+0800] {processor.py:829} INFO - Processing file /home/azfarmustafa/airflow_tutorial/.venv/lib/python3.10/site-packages/airflow/example_dags/example_params_ui_tutorial.py for tasks to queue
[2023-11-24T11:04:33.683+0800] {logging_mixin.py:154} INFO - [2023-11-24T11:04:33.683+0800] {dagbag.py:536} INFO - Filling up the DagBag from /home/azfarmustafa/airflow_tutorial/.venv/lib/python3.10/site-packages/airflow/example_dags/example_params_ui_tutorial.py
[2023-11-24T11:04:33.715+0800] {processor.py:839} INFO - DAG(s) dict_keys(['example_params_ui_tutorial']) retrieved from /home/azfarmustafa/airflow_tutorial/.venv/lib/python3.10/site-packages/airflow/example_dags/example_params_ui_tutorial.py
[2023-11-24T11:04:33.763+0800] {logging_mixin.py:154} INFO - [2023-11-24T11:04:33.763+0800] {dag.py:2941} INFO - Sync 1 DAGs
[2023-11-24T11:04:33.773+0800] {logging_mixin.py:154} INFO - [2023-11-24T11:04:33.773+0800] {dag.py:3722} INFO - Setting next_dagrun for example_params_ui_tutorial to None, run_after=None
[2023-11-24T11:04:33.798+0800] {processor.py:179} INFO - Processing /home/azfarmustafa/airflow_tutorial/.venv/lib/python3.10/site-packages/airflow/example_dags/example_params_ui_tutorial.py took 0.122 seconds
