[2023-11-24T10:25:26.893+0800] {processor.py:157} INFO - Started process (PID=58682) to work on /home/azfarmustafa/airflow_tutorial/.venv/lib/python3.10/site-packages/airflow/example_dags/example_skip_dag.py
[2023-11-24T10:25:26.895+0800] {processor.py:829} INFO - Processing file /home/azfarmustafa/airflow_tutorial/.venv/lib/python3.10/site-packages/airflow/example_dags/example_skip_dag.py for tasks to queue
[2023-11-24T10:25:26.897+0800] {logging_mixin.py:154} INFO - [2023-11-24T10:25:26.897+0800] {dagbag.py:536} INFO - Filling up the DagBag from /home/azfarmustafa/airflow_tutorial/.venv/lib/python3.10/site-packages/airflow/example_dags/example_skip_dag.py
[2023-11-24T10:25:26.913+0800] {processor.py:839} INFO - DAG(s) dict_keys(['example_skip_dag']) retrieved from /home/azfarmustafa/airflow_tutorial/.venv/lib/python3.10/site-packages/airflow/example_dags/example_skip_dag.py
[2023-11-24T10:25:26.950+0800] {logging_mixin.py:154} INFO - [2023-11-24T10:25:26.949+0800] {dag.py:2941} INFO - Sync 1 DAGs
[2023-11-24T10:25:26.971+0800] {logging_mixin.py:154} INFO - [2023-11-24T10:25:26.971+0800] {dag.py:3722} INFO - Setting next_dagrun for example_skip_dag to 2023-11-23T02:25:26.970886+00:00, run_after=2023-11-24T02:25:26.970886+00:00
[2023-11-24T10:25:26.996+0800] {processor.py:179} INFO - Processing /home/azfarmustafa/airflow_tutorial/.venv/lib/python3.10/site-packages/airflow/example_dags/example_skip_dag.py took 0.108 seconds
[2023-11-24T10:26:15.665+0800] {processor.py:157} INFO - Started process (PID=58735) to work on /home/azfarmustafa/airflow_tutorial/.venv/lib/python3.10/site-packages/airflow/example_dags/example_skip_dag.py
[2023-11-24T10:26:15.669+0800] {processor.py:829} INFO - Processing file /home/azfarmustafa/airflow_tutorial/.venv/lib/python3.10/site-packages/airflow/example_dags/example_skip_dag.py for tasks to queue
[2023-11-24T10:26:15.670+0800] {logging_mixin.py:154} INFO - [2023-11-24T10:26:15.670+0800] {dagbag.py:536} INFO - Filling up the DagBag from /home/azfarmustafa/airflow_tutorial/.venv/lib/python3.10/site-packages/airflow/example_dags/example_skip_dag.py
[2023-11-24T10:26:15.677+0800] {processor.py:839} INFO - DAG(s) dict_keys(['example_skip_dag']) retrieved from /home/azfarmustafa/airflow_tutorial/.venv/lib/python3.10/site-packages/airflow/example_dags/example_skip_dag.py
[2023-11-24T10:26:15.691+0800] {logging_mixin.py:154} INFO - [2023-11-24T10:26:15.691+0800] {dag.py:2941} INFO - Sync 1 DAGs
[2023-11-24T10:26:15.708+0800] {logging_mixin.py:154} INFO - [2023-11-24T10:26:15.708+0800] {dag.py:3722} INFO - Setting next_dagrun for example_skip_dag to 2023-11-23T02:26:15.708234+00:00, run_after=2023-11-24T02:26:15.708234+00:00
[2023-11-24T10:26:15.731+0800] {processor.py:179} INFO - Processing /home/azfarmustafa/airflow_tutorial/.venv/lib/python3.10/site-packages/airflow/example_dags/example_skip_dag.py took 0.068 seconds
[2023-11-24T10:26:49.149+0800] {processor.py:157} INFO - Started process (PID=58775) to work on /home/azfarmustafa/airflow_tutorial/.venv/lib/python3.10/site-packages/airflow/example_dags/example_skip_dag.py
[2023-11-24T10:26:49.151+0800] {processor.py:829} INFO - Processing file /home/azfarmustafa/airflow_tutorial/.venv/lib/python3.10/site-packages/airflow/example_dags/example_skip_dag.py for tasks to queue
[2023-11-24T10:26:49.153+0800] {logging_mixin.py:154} INFO - [2023-11-24T10:26:49.152+0800] {dagbag.py:536} INFO - Filling up the DagBag from /home/azfarmustafa/airflow_tutorial/.venv/lib/python3.10/site-packages/airflow/example_dags/example_skip_dag.py
[2023-11-24T10:26:49.161+0800] {processor.py:839} INFO - DAG(s) dict_keys(['example_skip_dag']) retrieved from /home/azfarmustafa/airflow_tutorial/.venv/lib/python3.10/site-packages/airflow/example_dags/example_skip_dag.py
[2023-11-24T10:26:49.177+0800] {logging_mixin.py:154} INFO - [2023-11-24T10:26:49.177+0800] {dag.py:2941} INFO - Sync 1 DAGs
[2023-11-24T10:26:49.198+0800] {logging_mixin.py:154} INFO - [2023-11-24T10:26:49.197+0800] {dag.py:3722} INFO - Setting next_dagrun for example_skip_dag to 2023-11-23T02:26:49.197542+00:00, run_after=2023-11-24T02:26:49.197542+00:00
[2023-11-24T10:26:49.231+0800] {processor.py:179} INFO - Processing /home/azfarmustafa/airflow_tutorial/.venv/lib/python3.10/site-packages/airflow/example_dags/example_skip_dag.py took 0.084 seconds
[2023-11-24T10:27:21.863+0800] {processor.py:157} INFO - Started process (PID=58808) to work on /home/azfarmustafa/airflow_tutorial/.venv/lib/python3.10/site-packages/airflow/example_dags/example_skip_dag.py
[2023-11-24T10:27:21.867+0800] {processor.py:829} INFO - Processing file /home/azfarmustafa/airflow_tutorial/.venv/lib/python3.10/site-packages/airflow/example_dags/example_skip_dag.py for tasks to queue
[2023-11-24T10:27:21.868+0800] {logging_mixin.py:154} INFO - [2023-11-24T10:27:21.868+0800] {dagbag.py:536} INFO - Filling up the DagBag from /home/azfarmustafa/airflow_tutorial/.venv/lib/python3.10/site-packages/airflow/example_dags/example_skip_dag.py
[2023-11-24T10:27:21.874+0800] {processor.py:839} INFO - DAG(s) dict_keys(['example_skip_dag']) retrieved from /home/azfarmustafa/airflow_tutorial/.venv/lib/python3.10/site-packages/airflow/example_dags/example_skip_dag.py
[2023-11-24T10:27:21.892+0800] {logging_mixin.py:154} INFO - [2023-11-24T10:27:21.892+0800] {dag.py:2941} INFO - Sync 1 DAGs
[2023-11-24T10:27:21.919+0800] {logging_mixin.py:154} INFO - [2023-11-24T10:27:21.918+0800] {dag.py:3722} INFO - Setting next_dagrun for example_skip_dag to 2023-11-23T02:27:21.918552+00:00, run_after=2023-11-24T02:27:21.918552+00:00
[2023-11-24T10:27:21.957+0800] {processor.py:179} INFO - Processing /home/azfarmustafa/airflow_tutorial/.venv/lib/python3.10/site-packages/airflow/example_dags/example_skip_dag.py took 0.099 seconds
[2023-11-24T10:27:52.992+0800] {processor.py:157} INFO - Started process (PID=58840) to work on /home/azfarmustafa/airflow_tutorial/.venv/lib/python3.10/site-packages/airflow/example_dags/example_skip_dag.py
[2023-11-24T10:27:52.993+0800] {processor.py:829} INFO - Processing file /home/azfarmustafa/airflow_tutorial/.venv/lib/python3.10/site-packages/airflow/example_dags/example_skip_dag.py for tasks to queue
[2023-11-24T10:27:52.994+0800] {logging_mixin.py:154} INFO - [2023-11-24T10:27:52.994+0800] {dagbag.py:536} INFO - Filling up the DagBag from /home/azfarmustafa/airflow_tutorial/.venv/lib/python3.10/site-packages/airflow/example_dags/example_skip_dag.py
[2023-11-24T10:27:53.001+0800] {processor.py:839} INFO - DAG(s) dict_keys(['example_skip_dag']) retrieved from /home/azfarmustafa/airflow_tutorial/.venv/lib/python3.10/site-packages/airflow/example_dags/example_skip_dag.py
[2023-11-24T10:27:53.018+0800] {logging_mixin.py:154} INFO - [2023-11-24T10:27:53.018+0800] {dag.py:2941} INFO - Sync 1 DAGs
[2023-11-24T10:27:53.039+0800] {logging_mixin.py:154} INFO - [2023-11-24T10:27:53.039+0800] {dag.py:3722} INFO - Setting next_dagrun for example_skip_dag to 2023-11-23T02:27:53.038827+00:00, run_after=2023-11-24T02:27:53.038827+00:00
[2023-11-24T10:27:53.068+0800] {processor.py:179} INFO - Processing /home/azfarmustafa/airflow_tutorial/.venv/lib/python3.10/site-packages/airflow/example_dags/example_skip_dag.py took 0.080 seconds
[2023-11-24T10:28:39.402+0800] {processor.py:157} INFO - Started process (PID=58892) to work on /home/azfarmustafa/airflow_tutorial/.venv/lib/python3.10/site-packages/airflow/example_dags/example_skip_dag.py
[2023-11-24T10:28:39.406+0800] {processor.py:829} INFO - Processing file /home/azfarmustafa/airflow_tutorial/.venv/lib/python3.10/site-packages/airflow/example_dags/example_skip_dag.py for tasks to queue
[2023-11-24T10:28:39.407+0800] {logging_mixin.py:154} INFO - [2023-11-24T10:28:39.407+0800] {dagbag.py:536} INFO - Filling up the DagBag from /home/azfarmustafa/airflow_tutorial/.venv/lib/python3.10/site-packages/airflow/example_dags/example_skip_dag.py
[2023-11-24T10:28:39.417+0800] {processor.py:839} INFO - DAG(s) dict_keys(['example_skip_dag']) retrieved from /home/azfarmustafa/airflow_tutorial/.venv/lib/python3.10/site-packages/airflow/example_dags/example_skip_dag.py
[2023-11-24T10:28:39.434+0800] {logging_mixin.py:154} INFO - [2023-11-24T10:28:39.434+0800] {dag.py:2941} INFO - Sync 1 DAGs
[2023-11-24T10:28:39.454+0800] {logging_mixin.py:154} INFO - [2023-11-24T10:28:39.453+0800] {dag.py:3722} INFO - Setting next_dagrun for example_skip_dag to 2023-11-23T02:28:39.453664+00:00, run_after=2023-11-24T02:28:39.453664+00:00
[2023-11-24T10:28:39.479+0800] {processor.py:179} INFO - Processing /home/azfarmustafa/airflow_tutorial/.venv/lib/python3.10/site-packages/airflow/example_dags/example_skip_dag.py took 0.080 seconds
[2023-11-24T10:29:12.852+0800] {processor.py:157} INFO - Started process (PID=58926) to work on /home/azfarmustafa/airflow_tutorial/.venv/lib/python3.10/site-packages/airflow/example_dags/example_skip_dag.py
[2023-11-24T10:29:12.856+0800] {processor.py:829} INFO - Processing file /home/azfarmustafa/airflow_tutorial/.venv/lib/python3.10/site-packages/airflow/example_dags/example_skip_dag.py for tasks to queue
[2023-11-24T10:29:12.856+0800] {logging_mixin.py:154} INFO - [2023-11-24T10:29:12.856+0800] {dagbag.py:536} INFO - Filling up the DagBag from /home/azfarmustafa/airflow_tutorial/.venv/lib/python3.10/site-packages/airflow/example_dags/example_skip_dag.py
[2023-11-24T10:29:12.862+0800] {processor.py:839} INFO - DAG(s) dict_keys(['example_skip_dag']) retrieved from /home/azfarmustafa/airflow_tutorial/.venv/lib/python3.10/site-packages/airflow/example_dags/example_skip_dag.py
[2023-11-24T10:29:12.877+0800] {logging_mixin.py:154} INFO - [2023-11-24T10:29:12.877+0800] {dag.py:2941} INFO - Sync 1 DAGs
[2023-11-24T10:29:12.895+0800] {logging_mixin.py:154} INFO - [2023-11-24T10:29:12.894+0800] {dag.py:3722} INFO - Setting next_dagrun for example_skip_dag to 2023-11-23T02:29:12.894520+00:00, run_after=2023-11-24T02:29:12.894520+00:00
[2023-11-24T10:29:12.918+0800] {processor.py:179} INFO - Processing /home/azfarmustafa/airflow_tutorial/.venv/lib/python3.10/site-packages/airflow/example_dags/example_skip_dag.py took 0.069 seconds
[2023-11-24T10:29:43.175+0800] {processor.py:157} INFO - Started process (PID=58957) to work on /home/azfarmustafa/airflow_tutorial/.venv/lib/python3.10/site-packages/airflow/example_dags/example_skip_dag.py
[2023-11-24T10:29:43.175+0800] {processor.py:829} INFO - Processing file /home/azfarmustafa/airflow_tutorial/.venv/lib/python3.10/site-packages/airflow/example_dags/example_skip_dag.py for tasks to queue
[2023-11-24T10:29:43.176+0800] {logging_mixin.py:154} INFO - [2023-11-24T10:29:43.176+0800] {dagbag.py:536} INFO - Filling up the DagBag from /home/azfarmustafa/airflow_tutorial/.venv/lib/python3.10/site-packages/airflow/example_dags/example_skip_dag.py
[2023-11-24T10:29:43.182+0800] {processor.py:839} INFO - DAG(s) dict_keys(['example_skip_dag']) retrieved from /home/azfarmustafa/airflow_tutorial/.venv/lib/python3.10/site-packages/airflow/example_dags/example_skip_dag.py
[2023-11-24T10:29:43.195+0800] {logging_mixin.py:154} INFO - [2023-11-24T10:29:43.195+0800] {dag.py:2941} INFO - Sync 1 DAGs
[2023-11-24T10:29:43.212+0800] {logging_mixin.py:154} INFO - [2023-11-24T10:29:43.212+0800] {dag.py:3722} INFO - Setting next_dagrun for example_skip_dag to 2023-11-23T02:29:43.211958+00:00, run_after=2023-11-24T02:29:43.211958+00:00
[2023-11-24T10:29:43.235+0800] {processor.py:179} INFO - Processing /home/azfarmustafa/airflow_tutorial/.venv/lib/python3.10/site-packages/airflow/example_dags/example_skip_dag.py took 0.063 seconds
[2023-11-24T10:30:15.885+0800] {processor.py:157} INFO - Started process (PID=58990) to work on /home/azfarmustafa/airflow_tutorial/.venv/lib/python3.10/site-packages/airflow/example_dags/example_skip_dag.py
[2023-11-24T10:30:15.886+0800] {processor.py:829} INFO - Processing file /home/azfarmustafa/airflow_tutorial/.venv/lib/python3.10/site-packages/airflow/example_dags/example_skip_dag.py for tasks to queue
[2023-11-24T10:30:15.887+0800] {logging_mixin.py:154} INFO - [2023-11-24T10:30:15.886+0800] {dagbag.py:536} INFO - Filling up the DagBag from /home/azfarmustafa/airflow_tutorial/.venv/lib/python3.10/site-packages/airflow/example_dags/example_skip_dag.py
[2023-11-24T10:30:15.892+0800] {processor.py:839} INFO - DAG(s) dict_keys(['example_skip_dag']) retrieved from /home/azfarmustafa/airflow_tutorial/.venv/lib/python3.10/site-packages/airflow/example_dags/example_skip_dag.py
[2023-11-24T10:30:15.908+0800] {logging_mixin.py:154} INFO - [2023-11-24T10:30:15.908+0800] {dag.py:2941} INFO - Sync 1 DAGs
[2023-11-24T10:30:15.928+0800] {logging_mixin.py:154} INFO - [2023-11-24T10:30:15.928+0800] {dag.py:3722} INFO - Setting next_dagrun for example_skip_dag to 2023-11-23T02:30:15.927965+00:00, run_after=2023-11-24T02:30:15.927965+00:00
[2023-11-24T10:30:15.957+0800] {processor.py:179} INFO - Processing /home/azfarmustafa/airflow_tutorial/.venv/lib/python3.10/site-packages/airflow/example_dags/example_skip_dag.py took 0.076 seconds
[2023-11-24T10:30:47.328+0800] {processor.py:157} INFO - Started process (PID=59024) to work on /home/azfarmustafa/airflow_tutorial/.venv/lib/python3.10/site-packages/airflow/example_dags/example_skip_dag.py
[2023-11-24T10:30:47.329+0800] {processor.py:829} INFO - Processing file /home/azfarmustafa/airflow_tutorial/.venv/lib/python3.10/site-packages/airflow/example_dags/example_skip_dag.py for tasks to queue
[2023-11-24T10:30:47.330+0800] {logging_mixin.py:154} INFO - [2023-11-24T10:30:47.329+0800] {dagbag.py:536} INFO - Filling up the DagBag from /home/azfarmustafa/airflow_tutorial/.venv/lib/python3.10/site-packages/airflow/example_dags/example_skip_dag.py
[2023-11-24T10:30:47.336+0800] {processor.py:839} INFO - DAG(s) dict_keys(['example_skip_dag']) retrieved from /home/azfarmustafa/airflow_tutorial/.venv/lib/python3.10/site-packages/airflow/example_dags/example_skip_dag.py
[2023-11-24T10:30:47.352+0800] {logging_mixin.py:154} INFO - [2023-11-24T10:30:47.352+0800] {dag.py:2941} INFO - Sync 1 DAGs
[2023-11-24T10:30:47.370+0800] {logging_mixin.py:154} INFO - [2023-11-24T10:30:47.369+0800] {dag.py:3722} INFO - Setting next_dagrun for example_skip_dag to 2023-11-23T02:30:47.369640+00:00, run_after=2023-11-24T02:30:47.369640+00:00
[2023-11-24T10:30:47.395+0800] {processor.py:179} INFO - Processing /home/azfarmustafa/airflow_tutorial/.venv/lib/python3.10/site-packages/airflow/example_dags/example_skip_dag.py took 0.069 seconds
[2023-11-24T10:31:20.775+0800] {processor.py:157} INFO - Started process (PID=59056) to work on /home/azfarmustafa/airflow_tutorial/.venv/lib/python3.10/site-packages/airflow/example_dags/example_skip_dag.py
[2023-11-24T10:31:20.780+0800] {processor.py:829} INFO - Processing file /home/azfarmustafa/airflow_tutorial/.venv/lib/python3.10/site-packages/airflow/example_dags/example_skip_dag.py for tasks to queue
[2023-11-24T10:31:20.781+0800] {logging_mixin.py:154} INFO - [2023-11-24T10:31:20.781+0800] {dagbag.py:536} INFO - Filling up the DagBag from /home/azfarmustafa/airflow_tutorial/.venv/lib/python3.10/site-packages/airflow/example_dags/example_skip_dag.py
[2023-11-24T10:31:20.787+0800] {processor.py:839} INFO - DAG(s) dict_keys(['example_skip_dag']) retrieved from /home/azfarmustafa/airflow_tutorial/.venv/lib/python3.10/site-packages/airflow/example_dags/example_skip_dag.py
[2023-11-24T10:31:20.809+0800] {logging_mixin.py:154} INFO - [2023-11-24T10:31:20.808+0800] {dag.py:2941} INFO - Sync 1 DAGs
[2023-11-24T10:31:20.828+0800] {logging_mixin.py:154} INFO - [2023-11-24T10:31:20.827+0800] {dag.py:3722} INFO - Setting next_dagrun for example_skip_dag to 2023-11-23T02:31:20.827601+00:00, run_after=2023-11-24T02:31:20.827601+00:00
[2023-11-24T10:31:20.854+0800] {processor.py:179} INFO - Processing /home/azfarmustafa/airflow_tutorial/.venv/lib/python3.10/site-packages/airflow/example_dags/example_skip_dag.py took 0.083 seconds
[2023-11-24T10:32:04.894+0800] {processor.py:157} INFO - Started process (PID=59102) to work on /home/azfarmustafa/airflow_tutorial/.venv/lib/python3.10/site-packages/airflow/example_dags/example_skip_dag.py
[2023-11-24T10:32:04.898+0800] {processor.py:829} INFO - Processing file /home/azfarmustafa/airflow_tutorial/.venv/lib/python3.10/site-packages/airflow/example_dags/example_skip_dag.py for tasks to queue
[2023-11-24T10:32:04.899+0800] {logging_mixin.py:154} INFO - [2023-11-24T10:32:04.899+0800] {dagbag.py:536} INFO - Filling up the DagBag from /home/azfarmustafa/airflow_tutorial/.venv/lib/python3.10/site-packages/airflow/example_dags/example_skip_dag.py
[2023-11-24T10:32:04.906+0800] {processor.py:839} INFO - DAG(s) dict_keys(['example_skip_dag']) retrieved from /home/azfarmustafa/airflow_tutorial/.venv/lib/python3.10/site-packages/airflow/example_dags/example_skip_dag.py
[2023-11-24T10:32:04.920+0800] {logging_mixin.py:154} INFO - [2023-11-24T10:32:04.920+0800] {dag.py:2941} INFO - Sync 1 DAGs
[2023-11-24T10:32:04.938+0800] {logging_mixin.py:154} INFO - [2023-11-24T10:32:04.938+0800] {dag.py:3722} INFO - Setting next_dagrun for example_skip_dag to 2023-11-23T02:32:04.938217+00:00, run_after=2023-11-24T02:32:04.938217+00:00
[2023-11-24T10:32:04.961+0800] {processor.py:179} INFO - Processing /home/azfarmustafa/airflow_tutorial/.venv/lib/python3.10/site-packages/airflow/example_dags/example_skip_dag.py took 0.069 seconds
[2023-11-24T10:32:39.269+0800] {processor.py:157} INFO - Started process (PID=59135) to work on /home/azfarmustafa/airflow_tutorial/.venv/lib/python3.10/site-packages/airflow/example_dags/example_skip_dag.py
[2023-11-24T10:32:39.274+0800] {processor.py:829} INFO - Processing file /home/azfarmustafa/airflow_tutorial/.venv/lib/python3.10/site-packages/airflow/example_dags/example_skip_dag.py for tasks to queue
[2023-11-24T10:32:39.275+0800] {logging_mixin.py:154} INFO - [2023-11-24T10:32:39.274+0800] {dagbag.py:536} INFO - Filling up the DagBag from /home/azfarmustafa/airflow_tutorial/.venv/lib/python3.10/site-packages/airflow/example_dags/example_skip_dag.py
[2023-11-24T10:32:39.281+0800] {processor.py:839} INFO - DAG(s) dict_keys(['example_skip_dag']) retrieved from /home/azfarmustafa/airflow_tutorial/.venv/lib/python3.10/site-packages/airflow/example_dags/example_skip_dag.py
[2023-11-24T10:32:39.297+0800] {logging_mixin.py:154} INFO - [2023-11-24T10:32:39.297+0800] {dag.py:2941} INFO - Sync 1 DAGs
[2023-11-24T10:32:39.317+0800] {logging_mixin.py:154} INFO - [2023-11-24T10:32:39.316+0800] {dag.py:3722} INFO - Setting next_dagrun for example_skip_dag to 2023-11-23T02:32:39.316608+00:00, run_after=2023-11-24T02:32:39.316608+00:00
[2023-11-24T10:32:39.345+0800] {processor.py:179} INFO - Processing /home/azfarmustafa/airflow_tutorial/.venv/lib/python3.10/site-packages/airflow/example_dags/example_skip_dag.py took 0.078 seconds
[2023-11-24T10:33:13.396+0800] {processor.py:157} INFO - Started process (PID=59169) to work on /home/azfarmustafa/airflow_tutorial/.venv/lib/python3.10/site-packages/airflow/example_dags/example_skip_dag.py
[2023-11-24T10:33:13.400+0800] {processor.py:829} INFO - Processing file /home/azfarmustafa/airflow_tutorial/.venv/lib/python3.10/site-packages/airflow/example_dags/example_skip_dag.py for tasks to queue
[2023-11-24T10:33:13.400+0800] {logging_mixin.py:154} INFO - [2023-11-24T10:33:13.400+0800] {dagbag.py:536} INFO - Filling up the DagBag from /home/azfarmustafa/airflow_tutorial/.venv/lib/python3.10/site-packages/airflow/example_dags/example_skip_dag.py
[2023-11-24T10:33:13.407+0800] {processor.py:839} INFO - DAG(s) dict_keys(['example_skip_dag']) retrieved from /home/azfarmustafa/airflow_tutorial/.venv/lib/python3.10/site-packages/airflow/example_dags/example_skip_dag.py
[2023-11-24T10:33:13.421+0800] {logging_mixin.py:154} INFO - [2023-11-24T10:33:13.420+0800] {dag.py:2941} INFO - Sync 1 DAGs
[2023-11-24T10:33:13.438+0800] {logging_mixin.py:154} INFO - [2023-11-24T10:33:13.438+0800] {dag.py:3722} INFO - Setting next_dagrun for example_skip_dag to 2023-11-23T02:33:13.438329+00:00, run_after=2023-11-24T02:33:13.438329+00:00
[2023-11-24T10:33:13.511+0800] {processor.py:179} INFO - Processing /home/azfarmustafa/airflow_tutorial/.venv/lib/python3.10/site-packages/airflow/example_dags/example_skip_dag.py took 0.118 seconds
[2023-11-24T10:33:46.597+0800] {processor.py:157} INFO - Started process (PID=59202) to work on /home/azfarmustafa/airflow_tutorial/.venv/lib/python3.10/site-packages/airflow/example_dags/example_skip_dag.py
[2023-11-24T10:33:46.601+0800] {processor.py:829} INFO - Processing file /home/azfarmustafa/airflow_tutorial/.venv/lib/python3.10/site-packages/airflow/example_dags/example_skip_dag.py for tasks to queue
[2023-11-24T10:33:46.602+0800] {logging_mixin.py:154} INFO - [2023-11-24T10:33:46.601+0800] {dagbag.py:536} INFO - Filling up the DagBag from /home/azfarmustafa/airflow_tutorial/.venv/lib/python3.10/site-packages/airflow/example_dags/example_skip_dag.py
[2023-11-24T10:33:46.608+0800] {processor.py:839} INFO - DAG(s) dict_keys(['example_skip_dag']) retrieved from /home/azfarmustafa/airflow_tutorial/.venv/lib/python3.10/site-packages/airflow/example_dags/example_skip_dag.py
[2023-11-24T10:33:46.622+0800] {logging_mixin.py:154} INFO - [2023-11-24T10:33:46.622+0800] {dag.py:2941} INFO - Sync 1 DAGs
[2023-11-24T10:33:46.645+0800] {logging_mixin.py:154} INFO - [2023-11-24T10:33:46.645+0800] {dag.py:3722} INFO - Setting next_dagrun for example_skip_dag to 2023-11-23T02:33:46.644440+00:00, run_after=2023-11-24T02:33:46.644440+00:00
[2023-11-24T10:33:46.713+0800] {processor.py:179} INFO - Processing /home/azfarmustafa/airflow_tutorial/.venv/lib/python3.10/site-packages/airflow/example_dags/example_skip_dag.py took 0.119 seconds
[2023-11-24T10:34:22.439+0800] {processor.py:157} INFO - Started process (PID=59237) to work on /home/azfarmustafa/airflow_tutorial/.venv/lib/python3.10/site-packages/airflow/example_dags/example_skip_dag.py
[2023-11-24T10:34:22.443+0800] {processor.py:829} INFO - Processing file /home/azfarmustafa/airflow_tutorial/.venv/lib/python3.10/site-packages/airflow/example_dags/example_skip_dag.py for tasks to queue
[2023-11-24T10:34:22.444+0800] {logging_mixin.py:154} INFO - [2023-11-24T10:34:22.444+0800] {dagbag.py:536} INFO - Filling up the DagBag from /home/azfarmustafa/airflow_tutorial/.venv/lib/python3.10/site-packages/airflow/example_dags/example_skip_dag.py
[2023-11-24T10:34:22.450+0800] {processor.py:839} INFO - DAG(s) dict_keys(['example_skip_dag']) retrieved from /home/azfarmustafa/airflow_tutorial/.venv/lib/python3.10/site-packages/airflow/example_dags/example_skip_dag.py
[2023-11-24T10:34:22.467+0800] {logging_mixin.py:154} INFO - [2023-11-24T10:34:22.466+0800] {dag.py:2941} INFO - Sync 1 DAGs
[2023-11-24T10:34:22.486+0800] {logging_mixin.py:154} INFO - [2023-11-24T10:34:22.486+0800] {dag.py:3722} INFO - Setting next_dagrun for example_skip_dag to 2023-11-23T02:34:22.486379+00:00, run_after=2023-11-24T02:34:22.486379+00:00
[2023-11-24T10:34:22.509+0800] {processor.py:179} INFO - Processing /home/azfarmustafa/airflow_tutorial/.venv/lib/python3.10/site-packages/airflow/example_dags/example_skip_dag.py took 0.073 seconds
[2023-11-24T10:35:05.664+0800] {processor.py:157} INFO - Started process (PID=59288) to work on /home/azfarmustafa/airflow_tutorial/.venv/lib/python3.10/site-packages/airflow/example_dags/example_skip_dag.py
[2023-11-24T10:35:05.667+0800] {processor.py:829} INFO - Processing file /home/azfarmustafa/airflow_tutorial/.venv/lib/python3.10/site-packages/airflow/example_dags/example_skip_dag.py for tasks to queue
[2023-11-24T10:35:05.667+0800] {logging_mixin.py:154} INFO - [2023-11-24T10:35:05.667+0800] {dagbag.py:536} INFO - Filling up the DagBag from /home/azfarmustafa/airflow_tutorial/.venv/lib/python3.10/site-packages/airflow/example_dags/example_skip_dag.py
[2023-11-24T10:35:05.673+0800] {processor.py:839} INFO - DAG(s) dict_keys(['example_skip_dag']) retrieved from /home/azfarmustafa/airflow_tutorial/.venv/lib/python3.10/site-packages/airflow/example_dags/example_skip_dag.py
[2023-11-24T10:35:05.688+0800] {logging_mixin.py:154} INFO - [2023-11-24T10:35:05.688+0800] {dag.py:2941} INFO - Sync 1 DAGs
[2023-11-24T10:35:05.706+0800] {logging_mixin.py:154} INFO - [2023-11-24T10:35:05.705+0800] {dag.py:3722} INFO - Setting next_dagrun for example_skip_dag to 2023-11-23T02:35:05.705637+00:00, run_after=2023-11-24T02:35:05.705637+00:00
[2023-11-24T10:35:05.729+0800] {processor.py:179} INFO - Processing /home/azfarmustafa/airflow_tutorial/.venv/lib/python3.10/site-packages/airflow/example_dags/example_skip_dag.py took 0.067 seconds
[2023-11-24T10:35:38.423+0800] {processor.py:157} INFO - Started process (PID=59322) to work on /home/azfarmustafa/airflow_tutorial/.venv/lib/python3.10/site-packages/airflow/example_dags/example_skip_dag.py
[2023-11-24T10:35:38.428+0800] {processor.py:829} INFO - Processing file /home/azfarmustafa/airflow_tutorial/.venv/lib/python3.10/site-packages/airflow/example_dags/example_skip_dag.py for tasks to queue
[2023-11-24T10:35:38.428+0800] {logging_mixin.py:154} INFO - [2023-11-24T10:35:38.428+0800] {dagbag.py:536} INFO - Filling up the DagBag from /home/azfarmustafa/airflow_tutorial/.venv/lib/python3.10/site-packages/airflow/example_dags/example_skip_dag.py
[2023-11-24T10:35:38.434+0800] {processor.py:839} INFO - DAG(s) dict_keys(['example_skip_dag']) retrieved from /home/azfarmustafa/airflow_tutorial/.venv/lib/python3.10/site-packages/airflow/example_dags/example_skip_dag.py
[2023-11-24T10:35:38.450+0800] {logging_mixin.py:154} INFO - [2023-11-24T10:35:38.450+0800] {dag.py:2941} INFO - Sync 1 DAGs
[2023-11-24T10:35:38.471+0800] {logging_mixin.py:154} INFO - [2023-11-24T10:35:38.470+0800] {dag.py:3722} INFO - Setting next_dagrun for example_skip_dag to 2023-11-23T02:35:38.470468+00:00, run_after=2023-11-24T02:35:38.470468+00:00
[2023-11-24T10:35:38.498+0800] {processor.py:179} INFO - Processing /home/azfarmustafa/airflow_tutorial/.venv/lib/python3.10/site-packages/airflow/example_dags/example_skip_dag.py took 0.080 seconds
[2023-11-24T10:36:18.481+0800] {processor.py:157} INFO - Started process (PID=59366) to work on /home/azfarmustafa/airflow_tutorial/.venv/lib/python3.10/site-packages/airflow/example_dags/example_skip_dag.py
[2023-11-24T10:36:18.483+0800] {processor.py:829} INFO - Processing file /home/azfarmustafa/airflow_tutorial/.venv/lib/python3.10/site-packages/airflow/example_dags/example_skip_dag.py for tasks to queue
[2023-11-24T10:36:18.484+0800] {logging_mixin.py:154} INFO - [2023-11-24T10:36:18.483+0800] {dagbag.py:536} INFO - Filling up the DagBag from /home/azfarmustafa/airflow_tutorial/.venv/lib/python3.10/site-packages/airflow/example_dags/example_skip_dag.py
[2023-11-24T10:36:18.492+0800] {processor.py:839} INFO - DAG(s) dict_keys(['example_skip_dag']) retrieved from /home/azfarmustafa/airflow_tutorial/.venv/lib/python3.10/site-packages/airflow/example_dags/example_skip_dag.py
[2023-11-24T10:36:18.510+0800] {logging_mixin.py:154} INFO - [2023-11-24T10:36:18.510+0800] {dag.py:2941} INFO - Sync 1 DAGs
[2023-11-24T10:36:18.532+0800] {logging_mixin.py:154} INFO - [2023-11-24T10:36:18.532+0800] {dag.py:3722} INFO - Setting next_dagrun for example_skip_dag to 2023-11-23T02:36:18.531875+00:00, run_after=2023-11-24T02:36:18.531875+00:00
[2023-11-24T10:36:18.560+0800] {processor.py:179} INFO - Processing /home/azfarmustafa/airflow_tutorial/.venv/lib/python3.10/site-packages/airflow/example_dags/example_skip_dag.py took 0.082 seconds
[2023-11-24T10:37:02.093+0800] {processor.py:157} INFO - Started process (PID=59409) to work on /home/azfarmustafa/airflow_tutorial/.venv/lib/python3.10/site-packages/airflow/example_dags/example_skip_dag.py
[2023-11-24T10:37:02.095+0800] {processor.py:829} INFO - Processing file /home/azfarmustafa/airflow_tutorial/.venv/lib/python3.10/site-packages/airflow/example_dags/example_skip_dag.py for tasks to queue
[2023-11-24T10:37:02.096+0800] {logging_mixin.py:154} INFO - [2023-11-24T10:37:02.095+0800] {dagbag.py:536} INFO - Filling up the DagBag from /home/azfarmustafa/airflow_tutorial/.venv/lib/python3.10/site-packages/airflow/example_dags/example_skip_dag.py
[2023-11-24T10:37:02.102+0800] {processor.py:839} INFO - DAG(s) dict_keys(['example_skip_dag']) retrieved from /home/azfarmustafa/airflow_tutorial/.venv/lib/python3.10/site-packages/airflow/example_dags/example_skip_dag.py
[2023-11-24T10:37:02.117+0800] {logging_mixin.py:154} INFO - [2023-11-24T10:37:02.117+0800] {dag.py:2941} INFO - Sync 1 DAGs
[2023-11-24T10:37:02.135+0800] {logging_mixin.py:154} INFO - [2023-11-24T10:37:02.135+0800] {dag.py:3722} INFO - Setting next_dagrun for example_skip_dag to 2023-11-23T02:37:02.135491+00:00, run_after=2023-11-24T02:37:02.135491+00:00
[2023-11-24T10:37:02.163+0800] {processor.py:179} INFO - Processing /home/azfarmustafa/airflow_tutorial/.venv/lib/python3.10/site-packages/airflow/example_dags/example_skip_dag.py took 0.072 seconds
[2023-11-24T10:37:33.030+0800] {processor.py:157} INFO - Started process (PID=59442) to work on /home/azfarmustafa/airflow_tutorial/.venv/lib/python3.10/site-packages/airflow/example_dags/example_skip_dag.py
[2023-11-24T10:37:33.031+0800] {processor.py:829} INFO - Processing file /home/azfarmustafa/airflow_tutorial/.venv/lib/python3.10/site-packages/airflow/example_dags/example_skip_dag.py for tasks to queue
[2023-11-24T10:37:33.031+0800] {logging_mixin.py:154} INFO - [2023-11-24T10:37:33.031+0800] {dagbag.py:536} INFO - Filling up the DagBag from /home/azfarmustafa/airflow_tutorial/.venv/lib/python3.10/site-packages/airflow/example_dags/example_skip_dag.py
[2023-11-24T10:37:33.037+0800] {processor.py:839} INFO - DAG(s) dict_keys(['example_skip_dag']) retrieved from /home/azfarmustafa/airflow_tutorial/.venv/lib/python3.10/site-packages/airflow/example_dags/example_skip_dag.py
[2023-11-24T10:37:33.055+0800] {logging_mixin.py:154} INFO - [2023-11-24T10:37:33.055+0800] {dag.py:2941} INFO - Sync 1 DAGs
[2023-11-24T10:37:33.077+0800] {logging_mixin.py:154} INFO - [2023-11-24T10:37:33.077+0800] {dag.py:3722} INFO - Setting next_dagrun for example_skip_dag to 2023-11-23T02:37:33.076970+00:00, run_after=2023-11-24T02:37:33.076970+00:00
[2023-11-24T10:37:33.104+0800] {processor.py:179} INFO - Processing /home/azfarmustafa/airflow_tutorial/.venv/lib/python3.10/site-packages/airflow/example_dags/example_skip_dag.py took 0.077 seconds
[2023-11-24T10:38:03.887+0800] {processor.py:157} INFO - Started process (PID=59472) to work on /home/azfarmustafa/airflow_tutorial/.venv/lib/python3.10/site-packages/airflow/example_dags/example_skip_dag.py
[2023-11-24T10:38:03.892+0800] {processor.py:829} INFO - Processing file /home/azfarmustafa/airflow_tutorial/.venv/lib/python3.10/site-packages/airflow/example_dags/example_skip_dag.py for tasks to queue
[2023-11-24T10:38:03.893+0800] {logging_mixin.py:154} INFO - [2023-11-24T10:38:03.893+0800] {dagbag.py:536} INFO - Filling up the DagBag from /home/azfarmustafa/airflow_tutorial/.venv/lib/python3.10/site-packages/airflow/example_dags/example_skip_dag.py
[2023-11-24T10:38:03.904+0800] {processor.py:839} INFO - DAG(s) dict_keys(['example_skip_dag']) retrieved from /home/azfarmustafa/airflow_tutorial/.venv/lib/python3.10/site-packages/airflow/example_dags/example_skip_dag.py
[2023-11-24T10:38:03.924+0800] {logging_mixin.py:154} INFO - [2023-11-24T10:38:03.923+0800] {dag.py:2941} INFO - Sync 1 DAGs
[2023-11-24T10:38:03.944+0800] {logging_mixin.py:154} INFO - [2023-11-24T10:38:03.944+0800] {dag.py:3722} INFO - Setting next_dagrun for example_skip_dag to 2023-11-23T02:38:03.943793+00:00, run_after=2023-11-24T02:38:03.943793+00:00
[2023-11-24T10:38:03.972+0800] {processor.py:179} INFO - Processing /home/azfarmustafa/airflow_tutorial/.venv/lib/python3.10/site-packages/airflow/example_dags/example_skip_dag.py took 0.089 seconds
[2023-11-24T10:38:35.581+0800] {processor.py:157} INFO - Started process (PID=59505) to work on /home/azfarmustafa/airflow_tutorial/.venv/lib/python3.10/site-packages/airflow/example_dags/example_skip_dag.py
[2023-11-24T10:38:35.585+0800] {processor.py:829} INFO - Processing file /home/azfarmustafa/airflow_tutorial/.venv/lib/python3.10/site-packages/airflow/example_dags/example_skip_dag.py for tasks to queue
[2023-11-24T10:38:35.586+0800] {logging_mixin.py:154} INFO - [2023-11-24T10:38:35.586+0800] {dagbag.py:536} INFO - Filling up the DagBag from /home/azfarmustafa/airflow_tutorial/.venv/lib/python3.10/site-packages/airflow/example_dags/example_skip_dag.py
[2023-11-24T10:38:35.592+0800] {processor.py:839} INFO - DAG(s) dict_keys(['example_skip_dag']) retrieved from /home/azfarmustafa/airflow_tutorial/.venv/lib/python3.10/site-packages/airflow/example_dags/example_skip_dag.py
[2023-11-24T10:38:35.606+0800] {logging_mixin.py:154} INFO - [2023-11-24T10:38:35.606+0800] {dag.py:2941} INFO - Sync 1 DAGs
[2023-11-24T10:38:35.623+0800] {logging_mixin.py:154} INFO - [2023-11-24T10:38:35.622+0800] {dag.py:3722} INFO - Setting next_dagrun for example_skip_dag to 2023-11-23T02:38:35.622648+00:00, run_after=2023-11-24T02:38:35.622648+00:00
[2023-11-24T10:38:35.649+0800] {processor.py:179} INFO - Processing /home/azfarmustafa/airflow_tutorial/.venv/lib/python3.10/site-packages/airflow/example_dags/example_skip_dag.py took 0.073 seconds
[2023-11-24T10:39:08.752+0800] {processor.py:157} INFO - Started process (PID=59538) to work on /home/azfarmustafa/airflow_tutorial/.venv/lib/python3.10/site-packages/airflow/example_dags/example_skip_dag.py
[2023-11-24T10:39:08.756+0800] {processor.py:829} INFO - Processing file /home/azfarmustafa/airflow_tutorial/.venv/lib/python3.10/site-packages/airflow/example_dags/example_skip_dag.py for tasks to queue
[2023-11-24T10:39:08.757+0800] {logging_mixin.py:154} INFO - [2023-11-24T10:39:08.756+0800] {dagbag.py:536} INFO - Filling up the DagBag from /home/azfarmustafa/airflow_tutorial/.venv/lib/python3.10/site-packages/airflow/example_dags/example_skip_dag.py
[2023-11-24T10:39:08.765+0800] {processor.py:839} INFO - DAG(s) dict_keys(['example_skip_dag']) retrieved from /home/azfarmustafa/airflow_tutorial/.venv/lib/python3.10/site-packages/airflow/example_dags/example_skip_dag.py
[2023-11-24T10:39:08.781+0800] {logging_mixin.py:154} INFO - [2023-11-24T10:39:08.781+0800] {dag.py:2941} INFO - Sync 1 DAGs
[2023-11-24T10:39:08.799+0800] {logging_mixin.py:154} INFO - [2023-11-24T10:39:08.799+0800] {dag.py:3722} INFO - Setting next_dagrun for example_skip_dag to 2023-11-23T02:39:08.799211+00:00, run_after=2023-11-24T02:39:08.799211+00:00
[2023-11-24T10:39:08.829+0800] {processor.py:179} INFO - Processing /home/azfarmustafa/airflow_tutorial/.venv/lib/python3.10/site-packages/airflow/example_dags/example_skip_dag.py took 0.081 seconds
[2023-11-24T10:39:42.070+0800] {processor.py:157} INFO - Started process (PID=59570) to work on /home/azfarmustafa/airflow_tutorial/.venv/lib/python3.10/site-packages/airflow/example_dags/example_skip_dag.py
[2023-11-24T10:39:42.072+0800] {processor.py:829} INFO - Processing file /home/azfarmustafa/airflow_tutorial/.venv/lib/python3.10/site-packages/airflow/example_dags/example_skip_dag.py for tasks to queue
[2023-11-24T10:39:42.072+0800] {logging_mixin.py:154} INFO - [2023-11-24T10:39:42.072+0800] {dagbag.py:536} INFO - Filling up the DagBag from /home/azfarmustafa/airflow_tutorial/.venv/lib/python3.10/site-packages/airflow/example_dags/example_skip_dag.py
[2023-11-24T10:39:42.079+0800] {processor.py:839} INFO - DAG(s) dict_keys(['example_skip_dag']) retrieved from /home/azfarmustafa/airflow_tutorial/.venv/lib/python3.10/site-packages/airflow/example_dags/example_skip_dag.py
[2023-11-24T10:39:42.094+0800] {logging_mixin.py:154} INFO - [2023-11-24T10:39:42.094+0800] {dag.py:2941} INFO - Sync 1 DAGs
[2023-11-24T10:39:42.112+0800] {logging_mixin.py:154} INFO - [2023-11-24T10:39:42.112+0800] {dag.py:3722} INFO - Setting next_dagrun for example_skip_dag to 2023-11-23T02:39:42.111607+00:00, run_after=2023-11-24T02:39:42.111607+00:00
[2023-11-24T10:39:42.137+0800] {processor.py:179} INFO - Processing /home/azfarmustafa/airflow_tutorial/.venv/lib/python3.10/site-packages/airflow/example_dags/example_skip_dag.py took 0.070 seconds
[2023-11-24T10:40:17.262+0800] {processor.py:157} INFO - Started process (PID=59606) to work on /home/azfarmustafa/airflow_tutorial/.venv/lib/python3.10/site-packages/airflow/example_dags/example_skip_dag.py
[2023-11-24T10:40:17.263+0800] {processor.py:829} INFO - Processing file /home/azfarmustafa/airflow_tutorial/.venv/lib/python3.10/site-packages/airflow/example_dags/example_skip_dag.py for tasks to queue
[2023-11-24T10:40:17.264+0800] {logging_mixin.py:154} INFO - [2023-11-24T10:40:17.264+0800] {dagbag.py:536} INFO - Filling up the DagBag from /home/azfarmustafa/airflow_tutorial/.venv/lib/python3.10/site-packages/airflow/example_dags/example_skip_dag.py
[2023-11-24T10:40:17.270+0800] {processor.py:839} INFO - DAG(s) dict_keys(['example_skip_dag']) retrieved from /home/azfarmustafa/airflow_tutorial/.venv/lib/python3.10/site-packages/airflow/example_dags/example_skip_dag.py
[2023-11-24T10:40:17.284+0800] {logging_mixin.py:154} INFO - [2023-11-24T10:40:17.284+0800] {dag.py:2941} INFO - Sync 1 DAGs
[2023-11-24T10:40:17.303+0800] {logging_mixin.py:154} INFO - [2023-11-24T10:40:17.303+0800] {dag.py:3722} INFO - Setting next_dagrun for example_skip_dag to 2023-11-23T02:40:17.302837+00:00, run_after=2023-11-24T02:40:17.302837+00:00
[2023-11-24T10:40:17.327+0800] {processor.py:179} INFO - Processing /home/azfarmustafa/airflow_tutorial/.venv/lib/python3.10/site-packages/airflow/example_dags/example_skip_dag.py took 0.067 seconds
[2023-11-24T10:40:59.679+0800] {processor.py:157} INFO - Started process (PID=59656) to work on /home/azfarmustafa/airflow_tutorial/.venv/lib/python3.10/site-packages/airflow/example_dags/example_skip_dag.py
[2023-11-24T10:40:59.683+0800] {processor.py:829} INFO - Processing file /home/azfarmustafa/airflow_tutorial/.venv/lib/python3.10/site-packages/airflow/example_dags/example_skip_dag.py for tasks to queue
[2023-11-24T10:40:59.685+0800] {logging_mixin.py:154} INFO - [2023-11-24T10:40:59.684+0800] {dagbag.py:536} INFO - Filling up the DagBag from /home/azfarmustafa/airflow_tutorial/.venv/lib/python3.10/site-packages/airflow/example_dags/example_skip_dag.py
[2023-11-24T10:40:59.691+0800] {processor.py:839} INFO - DAG(s) dict_keys(['example_skip_dag']) retrieved from /home/azfarmustafa/airflow_tutorial/.venv/lib/python3.10/site-packages/airflow/example_dags/example_skip_dag.py
[2023-11-24T10:40:59.705+0800] {logging_mixin.py:154} INFO - [2023-11-24T10:40:59.705+0800] {dag.py:2941} INFO - Sync 1 DAGs
[2023-11-24T10:40:59.721+0800] {logging_mixin.py:154} INFO - [2023-11-24T10:40:59.721+0800] {dag.py:3722} INFO - Setting next_dagrun for example_skip_dag to 2023-11-23T02:40:59.721419+00:00, run_after=2023-11-24T02:40:59.721419+00:00
[2023-11-24T10:40:59.744+0800] {processor.py:179} INFO - Processing /home/azfarmustafa/airflow_tutorial/.venv/lib/python3.10/site-packages/airflow/example_dags/example_skip_dag.py took 0.068 seconds
[2023-11-24T10:41:32.403+0800] {processor.py:157} INFO - Started process (PID=59688) to work on /home/azfarmustafa/airflow_tutorial/.venv/lib/python3.10/site-packages/airflow/example_dags/example_skip_dag.py
[2023-11-24T10:41:32.404+0800] {processor.py:829} INFO - Processing file /home/azfarmustafa/airflow_tutorial/.venv/lib/python3.10/site-packages/airflow/example_dags/example_skip_dag.py for tasks to queue
[2023-11-24T10:41:32.406+0800] {logging_mixin.py:154} INFO - [2023-11-24T10:41:32.405+0800] {dagbag.py:536} INFO - Filling up the DagBag from /home/azfarmustafa/airflow_tutorial/.venv/lib/python3.10/site-packages/airflow/example_dags/example_skip_dag.py
[2023-11-24T10:41:32.416+0800] {processor.py:839} INFO - DAG(s) dict_keys(['example_skip_dag']) retrieved from /home/azfarmustafa/airflow_tutorial/.venv/lib/python3.10/site-packages/airflow/example_dags/example_skip_dag.py
[2023-11-24T10:41:32.434+0800] {logging_mixin.py:154} INFO - [2023-11-24T10:41:32.434+0800] {dag.py:2941} INFO - Sync 1 DAGs
[2023-11-24T10:41:32.455+0800] {logging_mixin.py:154} INFO - [2023-11-24T10:41:32.454+0800] {dag.py:3722} INFO - Setting next_dagrun for example_skip_dag to 2023-11-23T02:41:32.454579+00:00, run_after=2023-11-24T02:41:32.454579+00:00
[2023-11-24T10:41:32.480+0800] {processor.py:179} INFO - Processing /home/azfarmustafa/airflow_tutorial/.venv/lib/python3.10/site-packages/airflow/example_dags/example_skip_dag.py took 0.080 seconds
[2023-11-24T10:42:05.482+0800] {processor.py:157} INFO - Started process (PID=59722) to work on /home/azfarmustafa/airflow_tutorial/.venv/lib/python3.10/site-packages/airflow/example_dags/example_skip_dag.py
[2023-11-24T10:42:05.486+0800] {processor.py:829} INFO - Processing file /home/azfarmustafa/airflow_tutorial/.venv/lib/python3.10/site-packages/airflow/example_dags/example_skip_dag.py for tasks to queue
[2023-11-24T10:42:05.487+0800] {logging_mixin.py:154} INFO - [2023-11-24T10:42:05.487+0800] {dagbag.py:536} INFO - Filling up the DagBag from /home/azfarmustafa/airflow_tutorial/.venv/lib/python3.10/site-packages/airflow/example_dags/example_skip_dag.py
[2023-11-24T10:42:05.495+0800] {processor.py:839} INFO - DAG(s) dict_keys(['example_skip_dag']) retrieved from /home/azfarmustafa/airflow_tutorial/.venv/lib/python3.10/site-packages/airflow/example_dags/example_skip_dag.py
[2023-11-24T10:42:05.510+0800] {logging_mixin.py:154} INFO - [2023-11-24T10:42:05.510+0800] {dag.py:2941} INFO - Sync 1 DAGs
[2023-11-24T10:42:05.529+0800] {logging_mixin.py:154} INFO - [2023-11-24T10:42:05.528+0800] {dag.py:3722} INFO - Setting next_dagrun for example_skip_dag to 2023-11-23T02:42:05.528645+00:00, run_after=2023-11-24T02:42:05.528645+00:00
[2023-11-24T10:42:05.554+0800] {processor.py:179} INFO - Processing /home/azfarmustafa/airflow_tutorial/.venv/lib/python3.10/site-packages/airflow/example_dags/example_skip_dag.py took 0.075 seconds
[2023-11-24T10:42:51.742+0800] {processor.py:157} INFO - Started process (PID=59768) to work on /home/azfarmustafa/airflow_tutorial/.venv/lib/python3.10/site-packages/airflow/example_dags/example_skip_dag.py
[2023-11-24T10:42:51.744+0800] {processor.py:829} INFO - Processing file /home/azfarmustafa/airflow_tutorial/.venv/lib/python3.10/site-packages/airflow/example_dags/example_skip_dag.py for tasks to queue
[2023-11-24T10:42:51.744+0800] {logging_mixin.py:154} INFO - [2023-11-24T10:42:51.744+0800] {dagbag.py:536} INFO - Filling up the DagBag from /home/azfarmustafa/airflow_tutorial/.venv/lib/python3.10/site-packages/airflow/example_dags/example_skip_dag.py
[2023-11-24T10:42:51.750+0800] {processor.py:839} INFO - DAG(s) dict_keys(['example_skip_dag']) retrieved from /home/azfarmustafa/airflow_tutorial/.venv/lib/python3.10/site-packages/airflow/example_dags/example_skip_dag.py
[2023-11-24T10:42:51.767+0800] {logging_mixin.py:154} INFO - [2023-11-24T10:42:51.767+0800] {dag.py:2941} INFO - Sync 1 DAGs
[2023-11-24T10:42:51.791+0800] {logging_mixin.py:154} INFO - [2023-11-24T10:42:51.790+0800] {dag.py:3722} INFO - Setting next_dagrun for example_skip_dag to 2023-11-23T02:42:51.790580+00:00, run_after=2023-11-24T02:42:51.790580+00:00
[2023-11-24T10:42:51.814+0800] {processor.py:179} INFO - Processing /home/azfarmustafa/airflow_tutorial/.venv/lib/python3.10/site-packages/airflow/example_dags/example_skip_dag.py took 0.075 seconds
[2023-11-24T10:43:22.760+0800] {processor.py:157} INFO - Started process (PID=59801) to work on /home/azfarmustafa/airflow_tutorial/.venv/lib/python3.10/site-packages/airflow/example_dags/example_skip_dag.py
[2023-11-24T10:43:22.761+0800] {processor.py:829} INFO - Processing file /home/azfarmustafa/airflow_tutorial/.venv/lib/python3.10/site-packages/airflow/example_dags/example_skip_dag.py for tasks to queue
[2023-11-24T10:43:22.762+0800] {logging_mixin.py:154} INFO - [2023-11-24T10:43:22.761+0800] {dagbag.py:536} INFO - Filling up the DagBag from /home/azfarmustafa/airflow_tutorial/.venv/lib/python3.10/site-packages/airflow/example_dags/example_skip_dag.py
[2023-11-24T10:43:22.768+0800] {processor.py:839} INFO - DAG(s) dict_keys(['example_skip_dag']) retrieved from /home/azfarmustafa/airflow_tutorial/.venv/lib/python3.10/site-packages/airflow/example_dags/example_skip_dag.py
[2023-11-24T10:43:22.781+0800] {logging_mixin.py:154} INFO - [2023-11-24T10:43:22.781+0800] {dag.py:2941} INFO - Sync 1 DAGs
[2023-11-24T10:43:22.802+0800] {logging_mixin.py:154} INFO - [2023-11-24T10:43:22.801+0800] {dag.py:3722} INFO - Setting next_dagrun for example_skip_dag to 2023-11-23T02:43:22.801597+00:00, run_after=2023-11-24T02:43:22.801597+00:00
[2023-11-24T10:43:22.823+0800] {processor.py:179} INFO - Processing /home/azfarmustafa/airflow_tutorial/.venv/lib/python3.10/site-packages/airflow/example_dags/example_skip_dag.py took 0.067 seconds
[2023-11-24T10:43:53.209+0800] {processor.py:157} INFO - Started process (PID=59832) to work on /home/azfarmustafa/airflow_tutorial/.venv/lib/python3.10/site-packages/airflow/example_dags/example_skip_dag.py
[2023-11-24T10:43:53.211+0800] {processor.py:829} INFO - Processing file /home/azfarmustafa/airflow_tutorial/.venv/lib/python3.10/site-packages/airflow/example_dags/example_skip_dag.py for tasks to queue
[2023-11-24T10:43:53.212+0800] {logging_mixin.py:154} INFO - [2023-11-24T10:43:53.211+0800] {dagbag.py:536} INFO - Filling up the DagBag from /home/azfarmustafa/airflow_tutorial/.venv/lib/python3.10/site-packages/airflow/example_dags/example_skip_dag.py
[2023-11-24T10:43:53.217+0800] {processor.py:839} INFO - DAG(s) dict_keys(['example_skip_dag']) retrieved from /home/azfarmustafa/airflow_tutorial/.venv/lib/python3.10/site-packages/airflow/example_dags/example_skip_dag.py
[2023-11-24T10:43:53.232+0800] {logging_mixin.py:154} INFO - [2023-11-24T10:43:53.231+0800] {dag.py:2941} INFO - Sync 1 DAGs
[2023-11-24T10:43:53.252+0800] {logging_mixin.py:154} INFO - [2023-11-24T10:43:53.252+0800] {dag.py:3722} INFO - Setting next_dagrun for example_skip_dag to 2023-11-23T02:43:53.251927+00:00, run_after=2023-11-24T02:43:53.251927+00:00
[2023-11-24T10:43:53.281+0800] {processor.py:179} INFO - Processing /home/azfarmustafa/airflow_tutorial/.venv/lib/python3.10/site-packages/airflow/example_dags/example_skip_dag.py took 0.076 seconds
[2023-11-24T10:44:27.086+0800] {processor.py:157} INFO - Started process (PID=59865) to work on /home/azfarmustafa/airflow_tutorial/.venv/lib/python3.10/site-packages/airflow/example_dags/example_skip_dag.py
[2023-11-24T10:44:27.088+0800] {processor.py:829} INFO - Processing file /home/azfarmustafa/airflow_tutorial/.venv/lib/python3.10/site-packages/airflow/example_dags/example_skip_dag.py for tasks to queue
[2023-11-24T10:44:27.089+0800] {logging_mixin.py:154} INFO - [2023-11-24T10:44:27.088+0800] {dagbag.py:536} INFO - Filling up the DagBag from /home/azfarmustafa/airflow_tutorial/.venv/lib/python3.10/site-packages/airflow/example_dags/example_skip_dag.py
[2023-11-24T10:44:27.097+0800] {processor.py:839} INFO - DAG(s) dict_keys(['example_skip_dag']) retrieved from /home/azfarmustafa/airflow_tutorial/.venv/lib/python3.10/site-packages/airflow/example_dags/example_skip_dag.py
[2023-11-24T10:44:27.112+0800] {logging_mixin.py:154} INFO - [2023-11-24T10:44:27.112+0800] {dag.py:2941} INFO - Sync 1 DAGs
[2023-11-24T10:44:27.134+0800] {logging_mixin.py:154} INFO - [2023-11-24T10:44:27.134+0800] {dag.py:3722} INFO - Setting next_dagrun for example_skip_dag to 2023-11-23T02:44:27.133878+00:00, run_after=2023-11-24T02:44:27.133878+00:00
[2023-11-24T10:44:27.163+0800] {processor.py:179} INFO - Processing /home/azfarmustafa/airflow_tutorial/.venv/lib/python3.10/site-packages/airflow/example_dags/example_skip_dag.py took 0.080 seconds
[2023-11-24T10:44:58.952+0800] {processor.py:157} INFO - Started process (PID=59898) to work on /home/azfarmustafa/airflow_tutorial/.venv/lib/python3.10/site-packages/airflow/example_dags/example_skip_dag.py
[2023-11-24T10:44:58.953+0800] {processor.py:829} INFO - Processing file /home/azfarmustafa/airflow_tutorial/.venv/lib/python3.10/site-packages/airflow/example_dags/example_skip_dag.py for tasks to queue
[2023-11-24T10:44:58.954+0800] {logging_mixin.py:154} INFO - [2023-11-24T10:44:58.953+0800] {dagbag.py:536} INFO - Filling up the DagBag from /home/azfarmustafa/airflow_tutorial/.venv/lib/python3.10/site-packages/airflow/example_dags/example_skip_dag.py
[2023-11-24T10:44:58.959+0800] {processor.py:839} INFO - DAG(s) dict_keys(['example_skip_dag']) retrieved from /home/azfarmustafa/airflow_tutorial/.venv/lib/python3.10/site-packages/airflow/example_dags/example_skip_dag.py
[2023-11-24T10:44:58.973+0800] {logging_mixin.py:154} INFO - [2023-11-24T10:44:58.973+0800] {dag.py:2941} INFO - Sync 1 DAGs
[2023-11-24T10:44:59.003+0800] {logging_mixin.py:154} INFO - [2023-11-24T10:44:59.003+0800] {dag.py:3722} INFO - Setting next_dagrun for example_skip_dag to 2023-11-23T02:44:59.003390+00:00, run_after=2023-11-24T02:44:59.003390+00:00
[2023-11-24T10:44:59.030+0800] {processor.py:179} INFO - Processing /home/azfarmustafa/airflow_tutorial/.venv/lib/python3.10/site-packages/airflow/example_dags/example_skip_dag.py took 0.080 seconds
[2023-11-24T10:45:30.559+0800] {processor.py:157} INFO - Started process (PID=59930) to work on /home/azfarmustafa/airflow_tutorial/.venv/lib/python3.10/site-packages/airflow/example_dags/example_skip_dag.py
[2023-11-24T10:45:30.564+0800] {processor.py:829} INFO - Processing file /home/azfarmustafa/airflow_tutorial/.venv/lib/python3.10/site-packages/airflow/example_dags/example_skip_dag.py for tasks to queue
[2023-11-24T10:45:30.565+0800] {logging_mixin.py:154} INFO - [2023-11-24T10:45:30.564+0800] {dagbag.py:536} INFO - Filling up the DagBag from /home/azfarmustafa/airflow_tutorial/.venv/lib/python3.10/site-packages/airflow/example_dags/example_skip_dag.py
[2023-11-24T10:45:30.571+0800] {processor.py:839} INFO - DAG(s) dict_keys(['example_skip_dag']) retrieved from /home/azfarmustafa/airflow_tutorial/.venv/lib/python3.10/site-packages/airflow/example_dags/example_skip_dag.py
[2023-11-24T10:45:30.586+0800] {logging_mixin.py:154} INFO - [2023-11-24T10:45:30.586+0800] {dag.py:2941} INFO - Sync 1 DAGs
[2023-11-24T10:45:30.605+0800] {logging_mixin.py:154} INFO - [2023-11-24T10:45:30.605+0800] {dag.py:3722} INFO - Setting next_dagrun for example_skip_dag to 2023-11-23T02:45:30.605110+00:00, run_after=2023-11-24T02:45:30.605110+00:00
[2023-11-24T10:45:30.627+0800] {processor.py:179} INFO - Processing /home/azfarmustafa/airflow_tutorial/.venv/lib/python3.10/site-packages/airflow/example_dags/example_skip_dag.py took 0.071 seconds
[2023-11-24T10:46:02.471+0800] {processor.py:157} INFO - Started process (PID=59962) to work on /home/azfarmustafa/airflow_tutorial/.venv/lib/python3.10/site-packages/airflow/example_dags/example_skip_dag.py
[2023-11-24T10:46:02.475+0800] {processor.py:829} INFO - Processing file /home/azfarmustafa/airflow_tutorial/.venv/lib/python3.10/site-packages/airflow/example_dags/example_skip_dag.py for tasks to queue
[2023-11-24T10:46:02.476+0800] {logging_mixin.py:154} INFO - [2023-11-24T10:46:02.475+0800] {dagbag.py:536} INFO - Filling up the DagBag from /home/azfarmustafa/airflow_tutorial/.venv/lib/python3.10/site-packages/airflow/example_dags/example_skip_dag.py
[2023-11-24T10:46:02.482+0800] {processor.py:839} INFO - DAG(s) dict_keys(['example_skip_dag']) retrieved from /home/azfarmustafa/airflow_tutorial/.venv/lib/python3.10/site-packages/airflow/example_dags/example_skip_dag.py
[2023-11-24T10:46:02.499+0800] {logging_mixin.py:154} INFO - [2023-11-24T10:46:02.498+0800] {dag.py:2941} INFO - Sync 1 DAGs
[2023-11-24T10:46:02.518+0800] {logging_mixin.py:154} INFO - [2023-11-24T10:46:02.518+0800] {dag.py:3722} INFO - Setting next_dagrun for example_skip_dag to 2023-11-23T02:46:02.517841+00:00, run_after=2023-11-24T02:46:02.517841+00:00
[2023-11-24T10:46:02.546+0800] {processor.py:179} INFO - Processing /home/azfarmustafa/airflow_tutorial/.venv/lib/python3.10/site-packages/airflow/example_dags/example_skip_dag.py took 0.078 seconds
[2023-11-24T10:46:47.596+0800] {processor.py:157} INFO - Started process (PID=60008) to work on /home/azfarmustafa/airflow_tutorial/.venv/lib/python3.10/site-packages/airflow/example_dags/example_skip_dag.py
[2023-11-24T10:46:47.601+0800] {processor.py:829} INFO - Processing file /home/azfarmustafa/airflow_tutorial/.venv/lib/python3.10/site-packages/airflow/example_dags/example_skip_dag.py for tasks to queue
[2023-11-24T10:46:47.601+0800] {logging_mixin.py:154} INFO - [2023-11-24T10:46:47.601+0800] {dagbag.py:536} INFO - Filling up the DagBag from /home/azfarmustafa/airflow_tutorial/.venv/lib/python3.10/site-packages/airflow/example_dags/example_skip_dag.py
[2023-11-24T10:46:47.607+0800] {processor.py:839} INFO - DAG(s) dict_keys(['example_skip_dag']) retrieved from /home/azfarmustafa/airflow_tutorial/.venv/lib/python3.10/site-packages/airflow/example_dags/example_skip_dag.py
[2023-11-24T10:46:47.622+0800] {logging_mixin.py:154} INFO - [2023-11-24T10:46:47.621+0800] {dag.py:2941} INFO - Sync 1 DAGs
[2023-11-24T10:46:47.638+0800] {logging_mixin.py:154} INFO - [2023-11-24T10:46:47.638+0800] {dag.py:3722} INFO - Setting next_dagrun for example_skip_dag to 2023-11-23T02:46:47.638172+00:00, run_after=2023-11-24T02:46:47.638172+00:00
[2023-11-24T10:46:47.665+0800] {processor.py:179} INFO - Processing /home/azfarmustafa/airflow_tutorial/.venv/lib/python3.10/site-packages/airflow/example_dags/example_skip_dag.py took 0.071 seconds
[2023-11-24T10:47:18.359+0800] {processor.py:157} INFO - Started process (PID=60046) to work on /home/azfarmustafa/airflow_tutorial/.venv/lib/python3.10/site-packages/airflow/example_dags/example_skip_dag.py
[2023-11-24T10:47:18.360+0800] {processor.py:829} INFO - Processing file /home/azfarmustafa/airflow_tutorial/.venv/lib/python3.10/site-packages/airflow/example_dags/example_skip_dag.py for tasks to queue
[2023-11-24T10:47:18.361+0800] {logging_mixin.py:154} INFO - [2023-11-24T10:47:18.361+0800] {dagbag.py:536} INFO - Filling up the DagBag from /home/azfarmustafa/airflow_tutorial/.venv/lib/python3.10/site-packages/airflow/example_dags/example_skip_dag.py
[2023-11-24T10:47:18.367+0800] {processor.py:839} INFO - DAG(s) dict_keys(['example_skip_dag']) retrieved from /home/azfarmustafa/airflow_tutorial/.venv/lib/python3.10/site-packages/airflow/example_dags/example_skip_dag.py
[2023-11-24T10:47:18.381+0800] {logging_mixin.py:154} INFO - [2023-11-24T10:47:18.381+0800] {dag.py:2941} INFO - Sync 1 DAGs
[2023-11-24T10:47:18.401+0800] {logging_mixin.py:154} INFO - [2023-11-24T10:47:18.400+0800] {dag.py:3722} INFO - Setting next_dagrun for example_skip_dag to 2023-11-23T02:47:18.400734+00:00, run_after=2023-11-24T02:47:18.400734+00:00
[2023-11-24T10:47:18.423+0800] {processor.py:179} INFO - Processing /home/azfarmustafa/airflow_tutorial/.venv/lib/python3.10/site-packages/airflow/example_dags/example_skip_dag.py took 0.067 seconds
[2023-11-24T10:48:02.190+0800] {processor.py:157} INFO - Started process (PID=60091) to work on /home/azfarmustafa/airflow_tutorial/.venv/lib/python3.10/site-packages/airflow/example_dags/example_skip_dag.py
[2023-11-24T10:48:02.194+0800] {processor.py:829} INFO - Processing file /home/azfarmustafa/airflow_tutorial/.venv/lib/python3.10/site-packages/airflow/example_dags/example_skip_dag.py for tasks to queue
[2023-11-24T10:48:02.195+0800] {logging_mixin.py:154} INFO - [2023-11-24T10:48:02.195+0800] {dagbag.py:536} INFO - Filling up the DagBag from /home/azfarmustafa/airflow_tutorial/.venv/lib/python3.10/site-packages/airflow/example_dags/example_skip_dag.py
[2023-11-24T10:48:02.201+0800] {processor.py:839} INFO - DAG(s) dict_keys(['example_skip_dag']) retrieved from /home/azfarmustafa/airflow_tutorial/.venv/lib/python3.10/site-packages/airflow/example_dags/example_skip_dag.py
[2023-11-24T10:48:02.216+0800] {logging_mixin.py:154} INFO - [2023-11-24T10:48:02.215+0800] {dag.py:2941} INFO - Sync 1 DAGs
[2023-11-24T10:48:02.234+0800] {logging_mixin.py:154} INFO - [2023-11-24T10:48:02.233+0800] {dag.py:3722} INFO - Setting next_dagrun for example_skip_dag to 2023-11-23T02:48:02.233599+00:00, run_after=2023-11-24T02:48:02.233599+00:00
[2023-11-24T10:48:02.262+0800] {processor.py:179} INFO - Processing /home/azfarmustafa/airflow_tutorial/.venv/lib/python3.10/site-packages/airflow/example_dags/example_skip_dag.py took 0.075 seconds
[2023-11-24T10:48:33.332+0800] {processor.py:157} INFO - Started process (PID=60123) to work on /home/azfarmustafa/airflow_tutorial/.venv/lib/python3.10/site-packages/airflow/example_dags/example_skip_dag.py
[2023-11-24T10:48:33.337+0800] {processor.py:829} INFO - Processing file /home/azfarmustafa/airflow_tutorial/.venv/lib/python3.10/site-packages/airflow/example_dags/example_skip_dag.py for tasks to queue
[2023-11-24T10:48:33.338+0800] {logging_mixin.py:154} INFO - [2023-11-24T10:48:33.337+0800] {dagbag.py:536} INFO - Filling up the DagBag from /home/azfarmustafa/airflow_tutorial/.venv/lib/python3.10/site-packages/airflow/example_dags/example_skip_dag.py
[2023-11-24T10:48:33.346+0800] {processor.py:839} INFO - DAG(s) dict_keys(['example_skip_dag']) retrieved from /home/azfarmustafa/airflow_tutorial/.venv/lib/python3.10/site-packages/airflow/example_dags/example_skip_dag.py
[2023-11-24T10:48:33.362+0800] {logging_mixin.py:154} INFO - [2023-11-24T10:48:33.362+0800] {dag.py:2941} INFO - Sync 1 DAGs
[2023-11-24T10:48:33.380+0800] {logging_mixin.py:154} INFO - [2023-11-24T10:48:33.380+0800] {dag.py:3722} INFO - Setting next_dagrun for example_skip_dag to 2023-11-23T02:48:33.380492+00:00, run_after=2023-11-24T02:48:33.380492+00:00
[2023-11-24T10:48:33.404+0800] {processor.py:179} INFO - Processing /home/azfarmustafa/airflow_tutorial/.venv/lib/python3.10/site-packages/airflow/example_dags/example_skip_dag.py took 0.075 seconds
[2023-11-24T10:49:05.584+0800] {processor.py:157} INFO - Started process (PID=60154) to work on /home/azfarmustafa/airflow_tutorial/.venv/lib/python3.10/site-packages/airflow/example_dags/example_skip_dag.py
[2023-11-24T10:49:05.588+0800] {processor.py:829} INFO - Processing file /home/azfarmustafa/airflow_tutorial/.venv/lib/python3.10/site-packages/airflow/example_dags/example_skip_dag.py for tasks to queue
[2023-11-24T10:49:05.589+0800] {logging_mixin.py:154} INFO - [2023-11-24T10:49:05.589+0800] {dagbag.py:536} INFO - Filling up the DagBag from /home/azfarmustafa/airflow_tutorial/.venv/lib/python3.10/site-packages/airflow/example_dags/example_skip_dag.py
[2023-11-24T10:49:05.595+0800] {processor.py:839} INFO - DAG(s) dict_keys(['example_skip_dag']) retrieved from /home/azfarmustafa/airflow_tutorial/.venv/lib/python3.10/site-packages/airflow/example_dags/example_skip_dag.py
[2023-11-24T10:49:05.609+0800] {logging_mixin.py:154} INFO - [2023-11-24T10:49:05.609+0800] {dag.py:2941} INFO - Sync 1 DAGs
[2023-11-24T10:49:05.626+0800] {logging_mixin.py:154} INFO - [2023-11-24T10:49:05.626+0800] {dag.py:3722} INFO - Setting next_dagrun for example_skip_dag to 2023-11-23T02:49:05.626251+00:00, run_after=2023-11-24T02:49:05.626251+00:00
[2023-11-24T10:49:05.657+0800] {processor.py:179} INFO - Processing /home/azfarmustafa/airflow_tutorial/.venv/lib/python3.10/site-packages/airflow/example_dags/example_skip_dag.py took 0.076 seconds
[2023-11-24T10:49:37.828+0800] {processor.py:157} INFO - Started process (PID=60188) to work on /home/azfarmustafa/airflow_tutorial/.venv/lib/python3.10/site-packages/airflow/example_dags/example_skip_dag.py
[2023-11-24T10:49:37.828+0800] {processor.py:829} INFO - Processing file /home/azfarmustafa/airflow_tutorial/.venv/lib/python3.10/site-packages/airflow/example_dags/example_skip_dag.py for tasks to queue
[2023-11-24T10:49:37.829+0800] {logging_mixin.py:154} INFO - [2023-11-24T10:49:37.829+0800] {dagbag.py:536} INFO - Filling up the DagBag from /home/azfarmustafa/airflow_tutorial/.venv/lib/python3.10/site-packages/airflow/example_dags/example_skip_dag.py
[2023-11-24T10:49:37.835+0800] {processor.py:839} INFO - DAG(s) dict_keys(['example_skip_dag']) retrieved from /home/azfarmustafa/airflow_tutorial/.venv/lib/python3.10/site-packages/airflow/example_dags/example_skip_dag.py
[2023-11-24T10:49:37.850+0800] {logging_mixin.py:154} INFO - [2023-11-24T10:49:37.850+0800] {dag.py:2941} INFO - Sync 1 DAGs
[2023-11-24T10:49:37.868+0800] {logging_mixin.py:154} INFO - [2023-11-24T10:49:37.867+0800] {dag.py:3722} INFO - Setting next_dagrun for example_skip_dag to 2023-11-23T02:49:37.867677+00:00, run_after=2023-11-24T02:49:37.867677+00:00
[2023-11-24T10:49:37.892+0800] {processor.py:179} INFO - Processing /home/azfarmustafa/airflow_tutorial/.venv/lib/python3.10/site-packages/airflow/example_dags/example_skip_dag.py took 0.068 seconds
[2023-11-24T10:50:08.278+0800] {processor.py:157} INFO - Started process (PID=60219) to work on /home/azfarmustafa/airflow_tutorial/.venv/lib/python3.10/site-packages/airflow/example_dags/example_skip_dag.py
[2023-11-24T10:50:08.283+0800] {processor.py:829} INFO - Processing file /home/azfarmustafa/airflow_tutorial/.venv/lib/python3.10/site-packages/airflow/example_dags/example_skip_dag.py for tasks to queue
[2023-11-24T10:50:08.285+0800] {logging_mixin.py:154} INFO - [2023-11-24T10:50:08.284+0800] {dagbag.py:536} INFO - Filling up the DagBag from /home/azfarmustafa/airflow_tutorial/.venv/lib/python3.10/site-packages/airflow/example_dags/example_skip_dag.py
[2023-11-24T10:50:08.292+0800] {processor.py:839} INFO - DAG(s) dict_keys(['example_skip_dag']) retrieved from /home/azfarmustafa/airflow_tutorial/.venv/lib/python3.10/site-packages/airflow/example_dags/example_skip_dag.py
[2023-11-24T10:50:08.307+0800] {logging_mixin.py:154} INFO - [2023-11-24T10:50:08.306+0800] {dag.py:2941} INFO - Sync 1 DAGs
[2023-11-24T10:50:08.324+0800] {logging_mixin.py:154} INFO - [2023-11-24T10:50:08.324+0800] {dag.py:3722} INFO - Setting next_dagrun for example_skip_dag to 2023-11-23T02:50:08.324323+00:00, run_after=2023-11-24T02:50:08.324323+00:00
[2023-11-24T10:50:08.355+0800] {processor.py:179} INFO - Processing /home/azfarmustafa/airflow_tutorial/.venv/lib/python3.10/site-packages/airflow/example_dags/example_skip_dag.py took 0.080 seconds
[2023-11-24T10:50:39.797+0800] {processor.py:157} INFO - Started process (PID=60251) to work on /home/azfarmustafa/airflow_tutorial/.venv/lib/python3.10/site-packages/airflow/example_dags/example_skip_dag.py
[2023-11-24T10:50:39.801+0800] {processor.py:829} INFO - Processing file /home/azfarmustafa/airflow_tutorial/.venv/lib/python3.10/site-packages/airflow/example_dags/example_skip_dag.py for tasks to queue
[2023-11-24T10:50:39.802+0800] {logging_mixin.py:154} INFO - [2023-11-24T10:50:39.801+0800] {dagbag.py:536} INFO - Filling up the DagBag from /home/azfarmustafa/airflow_tutorial/.venv/lib/python3.10/site-packages/airflow/example_dags/example_skip_dag.py
[2023-11-24T10:50:39.810+0800] {processor.py:839} INFO - DAG(s) dict_keys(['example_skip_dag']) retrieved from /home/azfarmustafa/airflow_tutorial/.venv/lib/python3.10/site-packages/airflow/example_dags/example_skip_dag.py
[2023-11-24T10:50:39.827+0800] {logging_mixin.py:154} INFO - [2023-11-24T10:50:39.826+0800] {dag.py:2941} INFO - Sync 1 DAGs
[2023-11-24T10:50:39.846+0800] {logging_mixin.py:154} INFO - [2023-11-24T10:50:39.846+0800] {dag.py:3722} INFO - Setting next_dagrun for example_skip_dag to 2023-11-23T02:50:39.845799+00:00, run_after=2023-11-24T02:50:39.845799+00:00
[2023-11-24T10:50:39.875+0800] {processor.py:179} INFO - Processing /home/azfarmustafa/airflow_tutorial/.venv/lib/python3.10/site-packages/airflow/example_dags/example_skip_dag.py took 0.080 seconds
[2023-11-24T10:51:10.236+0800] {processor.py:157} INFO - Started process (PID=60283) to work on /home/azfarmustafa/airflow_tutorial/.venv/lib/python3.10/site-packages/airflow/example_dags/example_skip_dag.py
[2023-11-24T10:51:10.238+0800] {processor.py:829} INFO - Processing file /home/azfarmustafa/airflow_tutorial/.venv/lib/python3.10/site-packages/airflow/example_dags/example_skip_dag.py for tasks to queue
[2023-11-24T10:51:10.239+0800] {logging_mixin.py:154} INFO - [2023-11-24T10:51:10.238+0800] {dagbag.py:536} INFO - Filling up the DagBag from /home/azfarmustafa/airflow_tutorial/.venv/lib/python3.10/site-packages/airflow/example_dags/example_skip_dag.py
[2023-11-24T10:51:10.246+0800] {processor.py:839} INFO - DAG(s) dict_keys(['example_skip_dag']) retrieved from /home/azfarmustafa/airflow_tutorial/.venv/lib/python3.10/site-packages/airflow/example_dags/example_skip_dag.py
[2023-11-24T10:51:10.261+0800] {logging_mixin.py:154} INFO - [2023-11-24T10:51:10.261+0800] {dag.py:2941} INFO - Sync 1 DAGs
[2023-11-24T10:51:10.279+0800] {logging_mixin.py:154} INFO - [2023-11-24T10:51:10.278+0800] {dag.py:3722} INFO - Setting next_dagrun for example_skip_dag to 2023-11-23T02:51:10.278584+00:00, run_after=2023-11-24T02:51:10.278584+00:00
[2023-11-24T10:51:10.301+0800] {processor.py:179} INFO - Processing /home/azfarmustafa/airflow_tutorial/.venv/lib/python3.10/site-packages/airflow/example_dags/example_skip_dag.py took 0.068 seconds
[2023-11-24T10:51:41.934+0800] {processor.py:157} INFO - Started process (PID=60315) to work on /home/azfarmustafa/airflow_tutorial/.venv/lib/python3.10/site-packages/airflow/example_dags/example_skip_dag.py
[2023-11-24T10:51:41.938+0800] {processor.py:829} INFO - Processing file /home/azfarmustafa/airflow_tutorial/.venv/lib/python3.10/site-packages/airflow/example_dags/example_skip_dag.py for tasks to queue
[2023-11-24T10:51:41.939+0800] {logging_mixin.py:154} INFO - [2023-11-24T10:51:41.939+0800] {dagbag.py:536} INFO - Filling up the DagBag from /home/azfarmustafa/airflow_tutorial/.venv/lib/python3.10/site-packages/airflow/example_dags/example_skip_dag.py
[2023-11-24T10:51:41.945+0800] {processor.py:839} INFO - DAG(s) dict_keys(['example_skip_dag']) retrieved from /home/azfarmustafa/airflow_tutorial/.venv/lib/python3.10/site-packages/airflow/example_dags/example_skip_dag.py
[2023-11-24T10:51:41.960+0800] {logging_mixin.py:154} INFO - [2023-11-24T10:51:41.959+0800] {dag.py:2941} INFO - Sync 1 DAGs
[2023-11-24T10:51:41.977+0800] {logging_mixin.py:154} INFO - [2023-11-24T10:51:41.977+0800] {dag.py:3722} INFO - Setting next_dagrun for example_skip_dag to 2023-11-23T02:51:41.977063+00:00, run_after=2023-11-24T02:51:41.977063+00:00
[2023-11-24T10:51:42.024+0800] {processor.py:179} INFO - Processing /home/azfarmustafa/airflow_tutorial/.venv/lib/python3.10/site-packages/airflow/example_dags/example_skip_dag.py took 0.092 seconds
[2023-11-24T10:52:13.094+0800] {processor.py:157} INFO - Started process (PID=60347) to work on /home/azfarmustafa/airflow_tutorial/.venv/lib/python3.10/site-packages/airflow/example_dags/example_skip_dag.py
[2023-11-24T10:52:13.098+0800] {processor.py:829} INFO - Processing file /home/azfarmustafa/airflow_tutorial/.venv/lib/python3.10/site-packages/airflow/example_dags/example_skip_dag.py for tasks to queue
[2023-11-24T10:52:13.099+0800] {logging_mixin.py:154} INFO - [2023-11-24T10:52:13.099+0800] {dagbag.py:536} INFO - Filling up the DagBag from /home/azfarmustafa/airflow_tutorial/.venv/lib/python3.10/site-packages/airflow/example_dags/example_skip_dag.py
[2023-11-24T10:52:13.105+0800] {processor.py:839} INFO - DAG(s) dict_keys(['example_skip_dag']) retrieved from /home/azfarmustafa/airflow_tutorial/.venv/lib/python3.10/site-packages/airflow/example_dags/example_skip_dag.py
[2023-11-24T10:52:13.119+0800] {logging_mixin.py:154} INFO - [2023-11-24T10:52:13.119+0800] {dag.py:2941} INFO - Sync 1 DAGs
[2023-11-24T10:52:13.137+0800] {logging_mixin.py:154} INFO - [2023-11-24T10:52:13.137+0800] {dag.py:3722} INFO - Setting next_dagrun for example_skip_dag to 2023-11-23T02:52:13.136775+00:00, run_after=2023-11-24T02:52:13.136775+00:00
[2023-11-24T10:52:13.162+0800] {processor.py:179} INFO - Processing /home/azfarmustafa/airflow_tutorial/.venv/lib/python3.10/site-packages/airflow/example_dags/example_skip_dag.py took 0.071 seconds
[2023-11-24T10:52:46.502+0800] {processor.py:157} INFO - Started process (PID=60379) to work on /home/azfarmustafa/airflow_tutorial/.venv/lib/python3.10/site-packages/airflow/example_dags/example_skip_dag.py
[2023-11-24T10:52:46.503+0800] {processor.py:829} INFO - Processing file /home/azfarmustafa/airflow_tutorial/.venv/lib/python3.10/site-packages/airflow/example_dags/example_skip_dag.py for tasks to queue
[2023-11-24T10:52:46.504+0800] {logging_mixin.py:154} INFO - [2023-11-24T10:52:46.503+0800] {dagbag.py:536} INFO - Filling up the DagBag from /home/azfarmustafa/airflow_tutorial/.venv/lib/python3.10/site-packages/airflow/example_dags/example_skip_dag.py
[2023-11-24T10:52:46.511+0800] {processor.py:839} INFO - DAG(s) dict_keys(['example_skip_dag']) retrieved from /home/azfarmustafa/airflow_tutorial/.venv/lib/python3.10/site-packages/airflow/example_dags/example_skip_dag.py
[2023-11-24T10:52:46.525+0800] {logging_mixin.py:154} INFO - [2023-11-24T10:52:46.525+0800] {dag.py:2941} INFO - Sync 1 DAGs
[2023-11-24T10:52:46.543+0800] {logging_mixin.py:154} INFO - [2023-11-24T10:52:46.543+0800] {dag.py:3722} INFO - Setting next_dagrun for example_skip_dag to 2023-11-23T02:52:46.543177+00:00, run_after=2023-11-24T02:52:46.543177+00:00
[2023-11-24T10:52:46.567+0800] {processor.py:179} INFO - Processing /home/azfarmustafa/airflow_tutorial/.venv/lib/python3.10/site-packages/airflow/example_dags/example_skip_dag.py took 0.068 seconds
[2023-11-24T10:53:19.922+0800] {processor.py:157} INFO - Started process (PID=60419) to work on /home/azfarmustafa/airflow_tutorial/.venv/lib/python3.10/site-packages/airflow/example_dags/example_skip_dag.py
[2023-11-24T10:53:19.926+0800] {processor.py:829} INFO - Processing file /home/azfarmustafa/airflow_tutorial/.venv/lib/python3.10/site-packages/airflow/example_dags/example_skip_dag.py for tasks to queue
[2023-11-24T10:53:19.927+0800] {logging_mixin.py:154} INFO - [2023-11-24T10:53:19.926+0800] {dagbag.py:536} INFO - Filling up the DagBag from /home/azfarmustafa/airflow_tutorial/.venv/lib/python3.10/site-packages/airflow/example_dags/example_skip_dag.py
[2023-11-24T10:53:19.932+0800] {processor.py:839} INFO - DAG(s) dict_keys(['example_skip_dag']) retrieved from /home/azfarmustafa/airflow_tutorial/.venv/lib/python3.10/site-packages/airflow/example_dags/example_skip_dag.py
[2023-11-24T10:53:19.947+0800] {logging_mixin.py:154} INFO - [2023-11-24T10:53:19.946+0800] {dag.py:2941} INFO - Sync 1 DAGs
[2023-11-24T10:53:19.963+0800] {logging_mixin.py:154} INFO - [2023-11-24T10:53:19.963+0800] {dag.py:3722} INFO - Setting next_dagrun for example_skip_dag to 2023-11-23T02:53:19.963548+00:00, run_after=2023-11-24T02:53:19.963548+00:00
[2023-11-24T10:53:19.993+0800] {processor.py:179} INFO - Processing /home/azfarmustafa/airflow_tutorial/.venv/lib/python3.10/site-packages/airflow/example_dags/example_skip_dag.py took 0.074 seconds
[2023-11-24T10:53:50.293+0800] {processor.py:157} INFO - Started process (PID=60450) to work on /home/azfarmustafa/airflow_tutorial/.venv/lib/python3.10/site-packages/airflow/example_dags/example_skip_dag.py
[2023-11-24T10:53:50.298+0800] {processor.py:829} INFO - Processing file /home/azfarmustafa/airflow_tutorial/.venv/lib/python3.10/site-packages/airflow/example_dags/example_skip_dag.py for tasks to queue
[2023-11-24T10:53:50.299+0800] {logging_mixin.py:154} INFO - [2023-11-24T10:53:50.299+0800] {dagbag.py:536} INFO - Filling up the DagBag from /home/azfarmustafa/airflow_tutorial/.venv/lib/python3.10/site-packages/airflow/example_dags/example_skip_dag.py
[2023-11-24T10:53:50.305+0800] {processor.py:839} INFO - DAG(s) dict_keys(['example_skip_dag']) retrieved from /home/azfarmustafa/airflow_tutorial/.venv/lib/python3.10/site-packages/airflow/example_dags/example_skip_dag.py
[2023-11-24T10:53:50.321+0800] {logging_mixin.py:154} INFO - [2023-11-24T10:53:50.321+0800] {dag.py:2941} INFO - Sync 1 DAGs
[2023-11-24T10:53:50.341+0800] {logging_mixin.py:154} INFO - [2023-11-24T10:53:50.340+0800] {dag.py:3722} INFO - Setting next_dagrun for example_skip_dag to 2023-11-23T02:53:50.340547+00:00, run_after=2023-11-24T02:53:50.340547+00:00
[2023-11-24T10:53:50.372+0800] {processor.py:179} INFO - Processing /home/azfarmustafa/airflow_tutorial/.venv/lib/python3.10/site-packages/airflow/example_dags/example_skip_dag.py took 0.081 seconds
[2023-11-24T10:54:22.301+0800] {processor.py:157} INFO - Started process (PID=60483) to work on /home/azfarmustafa/airflow_tutorial/.venv/lib/python3.10/site-packages/airflow/example_dags/example_skip_dag.py
[2023-11-24T10:54:22.305+0800] {processor.py:829} INFO - Processing file /home/azfarmustafa/airflow_tutorial/.venv/lib/python3.10/site-packages/airflow/example_dags/example_skip_dag.py for tasks to queue
[2023-11-24T10:54:22.305+0800] {logging_mixin.py:154} INFO - [2023-11-24T10:54:22.305+0800] {dagbag.py:536} INFO - Filling up the DagBag from /home/azfarmustafa/airflow_tutorial/.venv/lib/python3.10/site-packages/airflow/example_dags/example_skip_dag.py
[2023-11-24T10:54:22.311+0800] {processor.py:839} INFO - DAG(s) dict_keys(['example_skip_dag']) retrieved from /home/azfarmustafa/airflow_tutorial/.venv/lib/python3.10/site-packages/airflow/example_dags/example_skip_dag.py
[2023-11-24T10:54:22.326+0800] {logging_mixin.py:154} INFO - [2023-11-24T10:54:22.326+0800] {dag.py:2941} INFO - Sync 1 DAGs
[2023-11-24T10:54:22.343+0800] {logging_mixin.py:154} INFO - [2023-11-24T10:54:22.343+0800] {dag.py:3722} INFO - Setting next_dagrun for example_skip_dag to 2023-11-23T02:54:22.343527+00:00, run_after=2023-11-24T02:54:22.343527+00:00
[2023-11-24T10:54:22.367+0800] {processor.py:179} INFO - Processing /home/azfarmustafa/airflow_tutorial/.venv/lib/python3.10/site-packages/airflow/example_dags/example_skip_dag.py took 0.068 seconds
[2023-11-24T10:54:55.016+0800] {processor.py:157} INFO - Started process (PID=60515) to work on /home/azfarmustafa/airflow_tutorial/.venv/lib/python3.10/site-packages/airflow/example_dags/example_skip_dag.py
[2023-11-24T10:54:55.021+0800] {processor.py:829} INFO - Processing file /home/azfarmustafa/airflow_tutorial/.venv/lib/python3.10/site-packages/airflow/example_dags/example_skip_dag.py for tasks to queue
[2023-11-24T10:54:55.022+0800] {logging_mixin.py:154} INFO - [2023-11-24T10:54:55.022+0800] {dagbag.py:536} INFO - Filling up the DagBag from /home/azfarmustafa/airflow_tutorial/.venv/lib/python3.10/site-packages/airflow/example_dags/example_skip_dag.py
[2023-11-24T10:54:55.028+0800] {processor.py:839} INFO - DAG(s) dict_keys(['example_skip_dag']) retrieved from /home/azfarmustafa/airflow_tutorial/.venv/lib/python3.10/site-packages/airflow/example_dags/example_skip_dag.py
[2023-11-24T10:54:55.043+0800] {logging_mixin.py:154} INFO - [2023-11-24T10:54:55.042+0800] {dag.py:2941} INFO - Sync 1 DAGs
[2023-11-24T10:54:55.060+0800] {logging_mixin.py:154} INFO - [2023-11-24T10:54:55.059+0800] {dag.py:3722} INFO - Setting next_dagrun for example_skip_dag to 2023-11-23T02:54:55.059728+00:00, run_after=2023-11-24T02:54:55.059728+00:00
[2023-11-24T10:54:55.088+0800] {processor.py:179} INFO - Processing /home/azfarmustafa/airflow_tutorial/.venv/lib/python3.10/site-packages/airflow/example_dags/example_skip_dag.py took 0.074 seconds
[2023-11-24T10:55:25.992+0800] {processor.py:157} INFO - Started process (PID=60547) to work on /home/azfarmustafa/airflow_tutorial/.venv/lib/python3.10/site-packages/airflow/example_dags/example_skip_dag.py
[2023-11-24T10:55:25.994+0800] {processor.py:829} INFO - Processing file /home/azfarmustafa/airflow_tutorial/.venv/lib/python3.10/site-packages/airflow/example_dags/example_skip_dag.py for tasks to queue
[2023-11-24T10:55:25.994+0800] {logging_mixin.py:154} INFO - [2023-11-24T10:55:25.994+0800] {dagbag.py:536} INFO - Filling up the DagBag from /home/azfarmustafa/airflow_tutorial/.venv/lib/python3.10/site-packages/airflow/example_dags/example_skip_dag.py
[2023-11-24T10:55:26.001+0800] {processor.py:839} INFO - DAG(s) dict_keys(['example_skip_dag']) retrieved from /home/azfarmustafa/airflow_tutorial/.venv/lib/python3.10/site-packages/airflow/example_dags/example_skip_dag.py
[2023-11-24T10:55:26.016+0800] {logging_mixin.py:154} INFO - [2023-11-24T10:55:26.016+0800] {dag.py:2941} INFO - Sync 1 DAGs
[2023-11-24T10:55:26.033+0800] {logging_mixin.py:154} INFO - [2023-11-24T10:55:26.033+0800] {dag.py:3722} INFO - Setting next_dagrun for example_skip_dag to 2023-11-23T02:55:26.032876+00:00, run_after=2023-11-24T02:55:26.032876+00:00
[2023-11-24T10:55:26.057+0800] {processor.py:179} INFO - Processing /home/azfarmustafa/airflow_tutorial/.venv/lib/python3.10/site-packages/airflow/example_dags/example_skip_dag.py took 0.069 seconds
[2023-11-24T10:56:12.339+0800] {processor.py:157} INFO - Started process (PID=60593) to work on /home/azfarmustafa/airflow_tutorial/.venv/lib/python3.10/site-packages/airflow/example_dags/example_skip_dag.py
[2023-11-24T10:56:12.340+0800] {processor.py:829} INFO - Processing file /home/azfarmustafa/airflow_tutorial/.venv/lib/python3.10/site-packages/airflow/example_dags/example_skip_dag.py for tasks to queue
[2023-11-24T10:56:12.342+0800] {logging_mixin.py:154} INFO - [2023-11-24T10:56:12.341+0800] {dagbag.py:536} INFO - Filling up the DagBag from /home/azfarmustafa/airflow_tutorial/.venv/lib/python3.10/site-packages/airflow/example_dags/example_skip_dag.py
[2023-11-24T10:56:12.351+0800] {processor.py:839} INFO - DAG(s) dict_keys(['example_skip_dag']) retrieved from /home/azfarmustafa/airflow_tutorial/.venv/lib/python3.10/site-packages/airflow/example_dags/example_skip_dag.py
[2023-11-24T10:56:12.368+0800] {logging_mixin.py:154} INFO - [2023-11-24T10:56:12.368+0800] {dag.py:2941} INFO - Sync 1 DAGs
[2023-11-24T10:56:12.393+0800] {logging_mixin.py:154} INFO - [2023-11-24T10:56:12.392+0800] {dag.py:3722} INFO - Setting next_dagrun for example_skip_dag to 2023-11-23T02:56:12.392543+00:00, run_after=2023-11-24T02:56:12.392543+00:00
[2023-11-24T10:56:12.422+0800] {processor.py:179} INFO - Processing /home/azfarmustafa/airflow_tutorial/.venv/lib/python3.10/site-packages/airflow/example_dags/example_skip_dag.py took 0.086 seconds
[2023-11-24T10:56:53.505+0800] {processor.py:157} INFO - Started process (PID=60638) to work on /home/azfarmustafa/airflow_tutorial/.venv/lib/python3.10/site-packages/airflow/example_dags/example_skip_dag.py
[2023-11-24T10:56:53.509+0800] {processor.py:829} INFO - Processing file /home/azfarmustafa/airflow_tutorial/.venv/lib/python3.10/site-packages/airflow/example_dags/example_skip_dag.py for tasks to queue
[2023-11-24T10:56:53.510+0800] {logging_mixin.py:154} INFO - [2023-11-24T10:56:53.510+0800] {dagbag.py:536} INFO - Filling up the DagBag from /home/azfarmustafa/airflow_tutorial/.venv/lib/python3.10/site-packages/airflow/example_dags/example_skip_dag.py
[2023-11-24T10:56:53.516+0800] {processor.py:839} INFO - DAG(s) dict_keys(['example_skip_dag']) retrieved from /home/azfarmustafa/airflow_tutorial/.venv/lib/python3.10/site-packages/airflow/example_dags/example_skip_dag.py
[2023-11-24T10:56:53.531+0800] {logging_mixin.py:154} INFO - [2023-11-24T10:56:53.531+0800] {dag.py:2941} INFO - Sync 1 DAGs
[2023-11-24T10:56:53.548+0800] {logging_mixin.py:154} INFO - [2023-11-24T10:56:53.548+0800] {dag.py:3722} INFO - Setting next_dagrun for example_skip_dag to 2023-11-23T02:56:53.548148+00:00, run_after=2023-11-24T02:56:53.548148+00:00
[2023-11-24T10:56:53.573+0800] {processor.py:179} INFO - Processing /home/azfarmustafa/airflow_tutorial/.venv/lib/python3.10/site-packages/airflow/example_dags/example_skip_dag.py took 0.071 seconds
[2023-11-24T10:57:37.351+0800] {processor.py:157} INFO - Started process (PID=60684) to work on /home/azfarmustafa/airflow_tutorial/.venv/lib/python3.10/site-packages/airflow/example_dags/example_skip_dag.py
[2023-11-24T10:57:37.355+0800] {processor.py:829} INFO - Processing file /home/azfarmustafa/airflow_tutorial/.venv/lib/python3.10/site-packages/airflow/example_dags/example_skip_dag.py for tasks to queue
[2023-11-24T10:57:37.356+0800] {logging_mixin.py:154} INFO - [2023-11-24T10:57:37.355+0800] {dagbag.py:536} INFO - Filling up the DagBag from /home/azfarmustafa/airflow_tutorial/.venv/lib/python3.10/site-packages/airflow/example_dags/example_skip_dag.py
[2023-11-24T10:57:37.362+0800] {processor.py:839} INFO - DAG(s) dict_keys(['example_skip_dag']) retrieved from /home/azfarmustafa/airflow_tutorial/.venv/lib/python3.10/site-packages/airflow/example_dags/example_skip_dag.py
[2023-11-24T10:57:37.377+0800] {logging_mixin.py:154} INFO - [2023-11-24T10:57:37.377+0800] {dag.py:2941} INFO - Sync 1 DAGs
[2023-11-24T10:57:37.394+0800] {logging_mixin.py:154} INFO - [2023-11-24T10:57:37.394+0800] {dag.py:3722} INFO - Setting next_dagrun for example_skip_dag to 2023-11-23T02:57:37.393814+00:00, run_after=2023-11-24T02:57:37.393814+00:00
[2023-11-24T10:57:37.416+0800] {processor.py:179} INFO - Processing /home/azfarmustafa/airflow_tutorial/.venv/lib/python3.10/site-packages/airflow/example_dags/example_skip_dag.py took 0.069 seconds
[2023-11-24T10:58:23.693+0800] {processor.py:157} INFO - Started process (PID=60729) to work on /home/azfarmustafa/airflow_tutorial/.venv/lib/python3.10/site-packages/airflow/example_dags/example_skip_dag.py
[2023-11-24T10:58:23.698+0800] {processor.py:829} INFO - Processing file /home/azfarmustafa/airflow_tutorial/.venv/lib/python3.10/site-packages/airflow/example_dags/example_skip_dag.py for tasks to queue
[2023-11-24T10:58:23.698+0800] {logging_mixin.py:154} INFO - [2023-11-24T10:58:23.698+0800] {dagbag.py:536} INFO - Filling up the DagBag from /home/azfarmustafa/airflow_tutorial/.venv/lib/python3.10/site-packages/airflow/example_dags/example_skip_dag.py
[2023-11-24T10:58:23.704+0800] {processor.py:839} INFO - DAG(s) dict_keys(['example_skip_dag']) retrieved from /home/azfarmustafa/airflow_tutorial/.venv/lib/python3.10/site-packages/airflow/example_dags/example_skip_dag.py
[2023-11-24T10:58:23.719+0800] {logging_mixin.py:154} INFO - [2023-11-24T10:58:23.719+0800] {dag.py:2941} INFO - Sync 1 DAGs
[2023-11-24T10:58:23.736+0800] {logging_mixin.py:154} INFO - [2023-11-24T10:58:23.736+0800] {dag.py:3722} INFO - Setting next_dagrun for example_skip_dag to 2023-11-23T02:58:23.736496+00:00, run_after=2023-11-24T02:58:23.736496+00:00
[2023-11-24T10:58:23.760+0800] {processor.py:179} INFO - Processing /home/azfarmustafa/airflow_tutorial/.venv/lib/python3.10/site-packages/airflow/example_dags/example_skip_dag.py took 0.069 seconds
[2023-11-24T10:58:54.661+0800] {processor.py:157} INFO - Started process (PID=60762) to work on /home/azfarmustafa/airflow_tutorial/.venv/lib/python3.10/site-packages/airflow/example_dags/example_skip_dag.py
[2023-11-24T10:58:54.662+0800] {processor.py:829} INFO - Processing file /home/azfarmustafa/airflow_tutorial/.venv/lib/python3.10/site-packages/airflow/example_dags/example_skip_dag.py for tasks to queue
[2023-11-24T10:58:54.663+0800] {logging_mixin.py:154} INFO - [2023-11-24T10:58:54.662+0800] {dagbag.py:536} INFO - Filling up the DagBag from /home/azfarmustafa/airflow_tutorial/.venv/lib/python3.10/site-packages/airflow/example_dags/example_skip_dag.py
[2023-11-24T10:58:54.669+0800] {processor.py:839} INFO - DAG(s) dict_keys(['example_skip_dag']) retrieved from /home/azfarmustafa/airflow_tutorial/.venv/lib/python3.10/site-packages/airflow/example_dags/example_skip_dag.py
[2023-11-24T10:58:54.684+0800] {logging_mixin.py:154} INFO - [2023-11-24T10:58:54.683+0800] {dag.py:2941} INFO - Sync 1 DAGs
[2023-11-24T10:58:54.707+0800] {logging_mixin.py:154} INFO - [2023-11-24T10:58:54.706+0800] {dag.py:3722} INFO - Setting next_dagrun for example_skip_dag to 2023-11-23T02:58:54.706602+00:00, run_after=2023-11-24T02:58:54.706602+00:00
[2023-11-24T10:58:54.733+0800] {processor.py:179} INFO - Processing /home/azfarmustafa/airflow_tutorial/.venv/lib/python3.10/site-packages/airflow/example_dags/example_skip_dag.py took 0.074 seconds
[2023-11-24T10:59:26.196+0800] {processor.py:157} INFO - Started process (PID=60800) to work on /home/azfarmustafa/airflow_tutorial/.venv/lib/python3.10/site-packages/airflow/example_dags/example_skip_dag.py
[2023-11-24T10:59:26.200+0800] {processor.py:829} INFO - Processing file /home/azfarmustafa/airflow_tutorial/.venv/lib/python3.10/site-packages/airflow/example_dags/example_skip_dag.py for tasks to queue
[2023-11-24T10:59:26.201+0800] {logging_mixin.py:154} INFO - [2023-11-24T10:59:26.201+0800] {dagbag.py:536} INFO - Filling up the DagBag from /home/azfarmustafa/airflow_tutorial/.venv/lib/python3.10/site-packages/airflow/example_dags/example_skip_dag.py
[2023-11-24T10:59:26.209+0800] {processor.py:839} INFO - DAG(s) dict_keys(['example_skip_dag']) retrieved from /home/azfarmustafa/airflow_tutorial/.venv/lib/python3.10/site-packages/airflow/example_dags/example_skip_dag.py
[2023-11-24T10:59:26.226+0800] {logging_mixin.py:154} INFO - [2023-11-24T10:59:26.225+0800] {dag.py:2941} INFO - Sync 1 DAGs
[2023-11-24T10:59:26.245+0800] {logging_mixin.py:154} INFO - [2023-11-24T10:59:26.245+0800] {dag.py:3722} INFO - Setting next_dagrun for example_skip_dag to 2023-11-23T02:59:26.244761+00:00, run_after=2023-11-24T02:59:26.244761+00:00
[2023-11-24T10:59:26.272+0800] {processor.py:179} INFO - Processing /home/azfarmustafa/airflow_tutorial/.venv/lib/python3.10/site-packages/airflow/example_dags/example_skip_dag.py took 0.078 seconds
[2023-11-24T10:59:56.545+0800] {processor.py:157} INFO - Started process (PID=60831) to work on /home/azfarmustafa/airflow_tutorial/.venv/lib/python3.10/site-packages/airflow/example_dags/example_skip_dag.py
[2023-11-24T10:59:56.550+0800] {processor.py:829} INFO - Processing file /home/azfarmustafa/airflow_tutorial/.venv/lib/python3.10/site-packages/airflow/example_dags/example_skip_dag.py for tasks to queue
[2023-11-24T10:59:56.551+0800] {logging_mixin.py:154} INFO - [2023-11-24T10:59:56.550+0800] {dagbag.py:536} INFO - Filling up the DagBag from /home/azfarmustafa/airflow_tutorial/.venv/lib/python3.10/site-packages/airflow/example_dags/example_skip_dag.py
[2023-11-24T10:59:56.556+0800] {processor.py:839} INFO - DAG(s) dict_keys(['example_skip_dag']) retrieved from /home/azfarmustafa/airflow_tutorial/.venv/lib/python3.10/site-packages/airflow/example_dags/example_skip_dag.py
[2023-11-24T10:59:56.581+0800] {logging_mixin.py:154} INFO - [2023-11-24T10:59:56.581+0800] {dag.py:2941} INFO - Sync 1 DAGs
[2023-11-24T10:59:56.601+0800] {logging_mixin.py:154} INFO - [2023-11-24T10:59:56.601+0800] {dag.py:3722} INFO - Setting next_dagrun for example_skip_dag to 2023-11-23T02:59:56.600878+00:00, run_after=2023-11-24T02:59:56.600878+00:00
[2023-11-24T10:59:56.624+0800] {processor.py:179} INFO - Processing /home/azfarmustafa/airflow_tutorial/.venv/lib/python3.10/site-packages/airflow/example_dags/example_skip_dag.py took 0.082 seconds
[2023-11-24T11:00:39.452+0800] {processor.py:157} INFO - Started process (PID=60877) to work on /home/azfarmustafa/airflow_tutorial/.venv/lib/python3.10/site-packages/airflow/example_dags/example_skip_dag.py
[2023-11-24T11:00:39.456+0800] {processor.py:829} INFO - Processing file /home/azfarmustafa/airflow_tutorial/.venv/lib/python3.10/site-packages/airflow/example_dags/example_skip_dag.py for tasks to queue
[2023-11-24T11:00:39.457+0800] {logging_mixin.py:154} INFO - [2023-11-24T11:00:39.456+0800] {dagbag.py:536} INFO - Filling up the DagBag from /home/azfarmustafa/airflow_tutorial/.venv/lib/python3.10/site-packages/airflow/example_dags/example_skip_dag.py
[2023-11-24T11:00:39.465+0800] {processor.py:839} INFO - DAG(s) dict_keys(['example_skip_dag']) retrieved from /home/azfarmustafa/airflow_tutorial/.venv/lib/python3.10/site-packages/airflow/example_dags/example_skip_dag.py
[2023-11-24T11:00:39.483+0800] {logging_mixin.py:154} INFO - [2023-11-24T11:00:39.482+0800] {dag.py:2941} INFO - Sync 1 DAGs
[2023-11-24T11:00:39.501+0800] {logging_mixin.py:154} INFO - [2023-11-24T11:00:39.501+0800] {dag.py:3722} INFO - Setting next_dagrun for example_skip_dag to 2023-11-23T03:00:39.501488+00:00, run_after=2023-11-24T03:00:39.501488+00:00
[2023-11-24T11:00:39.532+0800] {processor.py:179} INFO - Processing /home/azfarmustafa/airflow_tutorial/.venv/lib/python3.10/site-packages/airflow/example_dags/example_skip_dag.py took 0.083 seconds
[2023-11-24T11:01:25.993+0800] {processor.py:157} INFO - Started process (PID=60924) to work on /home/azfarmustafa/airflow_tutorial/.venv/lib/python3.10/site-packages/airflow/example_dags/example_skip_dag.py
[2023-11-24T11:01:25.994+0800] {processor.py:829} INFO - Processing file /home/azfarmustafa/airflow_tutorial/.venv/lib/python3.10/site-packages/airflow/example_dags/example_skip_dag.py for tasks to queue
[2023-11-24T11:01:25.995+0800] {logging_mixin.py:154} INFO - [2023-11-24T11:01:25.995+0800] {dagbag.py:536} INFO - Filling up the DagBag from /home/azfarmustafa/airflow_tutorial/.venv/lib/python3.10/site-packages/airflow/example_dags/example_skip_dag.py
[2023-11-24T11:01:26.001+0800] {processor.py:839} INFO - DAG(s) dict_keys(['example_skip_dag']) retrieved from /home/azfarmustafa/airflow_tutorial/.venv/lib/python3.10/site-packages/airflow/example_dags/example_skip_dag.py
[2023-11-24T11:01:26.018+0800] {logging_mixin.py:154} INFO - [2023-11-24T11:01:26.017+0800] {dag.py:2941} INFO - Sync 1 DAGs
[2023-11-24T11:01:26.036+0800] {logging_mixin.py:154} INFO - [2023-11-24T11:01:26.036+0800] {dag.py:3722} INFO - Setting next_dagrun for example_skip_dag to 2023-11-23T03:01:26.036530+00:00, run_after=2023-11-24T03:01:26.036530+00:00
[2023-11-24T11:01:26.059+0800] {processor.py:179} INFO - Processing /home/azfarmustafa/airflow_tutorial/.venv/lib/python3.10/site-packages/airflow/example_dags/example_skip_dag.py took 0.069 seconds
[2023-11-24T11:01:57.070+0800] {processor.py:157} INFO - Started process (PID=60956) to work on /home/azfarmustafa/airflow_tutorial/.venv/lib/python3.10/site-packages/airflow/example_dags/example_skip_dag.py
[2023-11-24T11:01:57.071+0800] {processor.py:829} INFO - Processing file /home/azfarmustafa/airflow_tutorial/.venv/lib/python3.10/site-packages/airflow/example_dags/example_skip_dag.py for tasks to queue
[2023-11-24T11:01:57.071+0800] {logging_mixin.py:154} INFO - [2023-11-24T11:01:57.071+0800] {dagbag.py:536} INFO - Filling up the DagBag from /home/azfarmustafa/airflow_tutorial/.venv/lib/python3.10/site-packages/airflow/example_dags/example_skip_dag.py
[2023-11-24T11:01:57.081+0800] {processor.py:839} INFO - DAG(s) dict_keys(['example_skip_dag']) retrieved from /home/azfarmustafa/airflow_tutorial/.venv/lib/python3.10/site-packages/airflow/example_dags/example_skip_dag.py
[2023-11-24T11:01:57.098+0800] {logging_mixin.py:154} INFO - [2023-11-24T11:01:57.098+0800] {dag.py:2941} INFO - Sync 1 DAGs
[2023-11-24T11:01:57.119+0800] {logging_mixin.py:154} INFO - [2023-11-24T11:01:57.119+0800] {dag.py:3722} INFO - Setting next_dagrun for example_skip_dag to 2023-11-23T03:01:57.119066+00:00, run_after=2023-11-24T03:01:57.119066+00:00
[2023-11-24T11:01:57.149+0800] {processor.py:179} INFO - Processing /home/azfarmustafa/airflow_tutorial/.venv/lib/python3.10/site-packages/airflow/example_dags/example_skip_dag.py took 0.083 seconds
[2023-11-24T11:02:28.124+0800] {processor.py:157} INFO - Started process (PID=60988) to work on /home/azfarmustafa/airflow_tutorial/.venv/lib/python3.10/site-packages/airflow/example_dags/example_skip_dag.py
[2023-11-24T11:02:28.128+0800] {processor.py:829} INFO - Processing file /home/azfarmustafa/airflow_tutorial/.venv/lib/python3.10/site-packages/airflow/example_dags/example_skip_dag.py for tasks to queue
[2023-11-24T11:02:28.129+0800] {logging_mixin.py:154} INFO - [2023-11-24T11:02:28.129+0800] {dagbag.py:536} INFO - Filling up the DagBag from /home/azfarmustafa/airflow_tutorial/.venv/lib/python3.10/site-packages/airflow/example_dags/example_skip_dag.py
[2023-11-24T11:02:28.140+0800] {processor.py:839} INFO - DAG(s) dict_keys(['example_skip_dag']) retrieved from /home/azfarmustafa/airflow_tutorial/.venv/lib/python3.10/site-packages/airflow/example_dags/example_skip_dag.py
[2023-11-24T11:02:28.158+0800] {logging_mixin.py:154} INFO - [2023-11-24T11:02:28.158+0800] {dag.py:2941} INFO - Sync 1 DAGs
[2023-11-24T11:02:28.181+0800] {logging_mixin.py:154} INFO - [2023-11-24T11:02:28.181+0800] {dag.py:3722} INFO - Setting next_dagrun for example_skip_dag to 2023-11-23T03:02:28.180801+00:00, run_after=2023-11-24T03:02:28.180801+00:00
[2023-11-24T11:02:28.213+0800] {processor.py:179} INFO - Processing /home/azfarmustafa/airflow_tutorial/.venv/lib/python3.10/site-packages/airflow/example_dags/example_skip_dag.py took 0.094 seconds
[2023-11-24T11:03:11.189+0800] {processor.py:157} INFO - Started process (PID=61035) to work on /home/azfarmustafa/airflow_tutorial/.venv/lib/python3.10/site-packages/airflow/example_dags/example_skip_dag.py
[2023-11-24T11:03:11.193+0800] {processor.py:829} INFO - Processing file /home/azfarmustafa/airflow_tutorial/.venv/lib/python3.10/site-packages/airflow/example_dags/example_skip_dag.py for tasks to queue
[2023-11-24T11:03:11.195+0800] {logging_mixin.py:154} INFO - [2023-11-24T11:03:11.194+0800] {dagbag.py:536} INFO - Filling up the DagBag from /home/azfarmustafa/airflow_tutorial/.venv/lib/python3.10/site-packages/airflow/example_dags/example_skip_dag.py
[2023-11-24T11:03:11.206+0800] {processor.py:839} INFO - DAG(s) dict_keys(['example_skip_dag']) retrieved from /home/azfarmustafa/airflow_tutorial/.venv/lib/python3.10/site-packages/airflow/example_dags/example_skip_dag.py
[2023-11-24T11:03:11.234+0800] {logging_mixin.py:154} INFO - [2023-11-24T11:03:11.234+0800] {dag.py:2941} INFO - Sync 1 DAGs
[2023-11-24T11:03:11.260+0800] {logging_mixin.py:154} INFO - [2023-11-24T11:03:11.260+0800] {dag.py:3722} INFO - Setting next_dagrun for example_skip_dag to 2023-11-23T03:03:11.260191+00:00, run_after=2023-11-24T03:03:11.260191+00:00
[2023-11-24T11:03:11.310+0800] {processor.py:179} INFO - Processing /home/azfarmustafa/airflow_tutorial/.venv/lib/python3.10/site-packages/airflow/example_dags/example_skip_dag.py took 0.125 seconds
[2023-11-24T11:03:45.840+0800] {processor.py:157} INFO - Started process (PID=61073) to work on /home/azfarmustafa/airflow_tutorial/.venv/lib/python3.10/site-packages/airflow/example_dags/example_skip_dag.py
[2023-11-24T11:03:45.841+0800] {processor.py:829} INFO - Processing file /home/azfarmustafa/airflow_tutorial/.venv/lib/python3.10/site-packages/airflow/example_dags/example_skip_dag.py for tasks to queue
[2023-11-24T11:03:45.842+0800] {logging_mixin.py:154} INFO - [2023-11-24T11:03:45.842+0800] {dagbag.py:536} INFO - Filling up the DagBag from /home/azfarmustafa/airflow_tutorial/.venv/lib/python3.10/site-packages/airflow/example_dags/example_skip_dag.py
[2023-11-24T11:03:45.849+0800] {processor.py:839} INFO - DAG(s) dict_keys(['example_skip_dag']) retrieved from /home/azfarmustafa/airflow_tutorial/.venv/lib/python3.10/site-packages/airflow/example_dags/example_skip_dag.py
[2023-11-24T11:03:45.870+0800] {logging_mixin.py:154} INFO - [2023-11-24T11:03:45.870+0800] {dag.py:2941} INFO - Sync 1 DAGs
[2023-11-24T11:03:45.903+0800] {logging_mixin.py:154} INFO - [2023-11-24T11:03:45.903+0800] {dag.py:3722} INFO - Setting next_dagrun for example_skip_dag to 2023-11-23T03:03:45.902373+00:00, run_after=2023-11-24T03:03:45.902373+00:00
[2023-11-24T11:03:45.958+0800] {processor.py:179} INFO - Processing /home/azfarmustafa/airflow_tutorial/.venv/lib/python3.10/site-packages/airflow/example_dags/example_skip_dag.py took 0.121 seconds
[2023-11-24T11:04:20.233+0800] {processor.py:157} INFO - Started process (PID=61107) to work on /home/azfarmustafa/airflow_tutorial/.venv/lib/python3.10/site-packages/airflow/example_dags/example_skip_dag.py
[2023-11-24T11:04:20.237+0800] {processor.py:829} INFO - Processing file /home/azfarmustafa/airflow_tutorial/.venv/lib/python3.10/site-packages/airflow/example_dags/example_skip_dag.py for tasks to queue
[2023-11-24T11:04:20.238+0800] {logging_mixin.py:154} INFO - [2023-11-24T11:04:20.237+0800] {dagbag.py:536} INFO - Filling up the DagBag from /home/azfarmustafa/airflow_tutorial/.venv/lib/python3.10/site-packages/airflow/example_dags/example_skip_dag.py
[2023-11-24T11:04:20.244+0800] {processor.py:839} INFO - DAG(s) dict_keys(['example_skip_dag']) retrieved from /home/azfarmustafa/airflow_tutorial/.venv/lib/python3.10/site-packages/airflow/example_dags/example_skip_dag.py
[2023-11-24T11:04:20.259+0800] {logging_mixin.py:154} INFO - [2023-11-24T11:04:20.259+0800] {dag.py:2941} INFO - Sync 1 DAGs
[2023-11-24T11:04:20.278+0800] {logging_mixin.py:154} INFO - [2023-11-24T11:04:20.277+0800] {dag.py:3722} INFO - Setting next_dagrun for example_skip_dag to 2023-11-23T03:04:20.277617+00:00, run_after=2023-11-24T03:04:20.277617+00:00
[2023-11-24T11:04:20.302+0800] {processor.py:179} INFO - Processing /home/azfarmustafa/airflow_tutorial/.venv/lib/python3.10/site-packages/airflow/example_dags/example_skip_dag.py took 0.074 seconds
[2023-11-24T11:04:51.668+0800] {processor.py:157} INFO - Started process (PID=61141) to work on /home/azfarmustafa/airflow_tutorial/.venv/lib/python3.10/site-packages/airflow/example_dags/example_skip_dag.py
[2023-11-24T11:04:51.673+0800] {processor.py:829} INFO - Processing file /home/azfarmustafa/airflow_tutorial/.venv/lib/python3.10/site-packages/airflow/example_dags/example_skip_dag.py for tasks to queue
[2023-11-24T11:04:51.673+0800] {logging_mixin.py:154} INFO - [2023-11-24T11:04:51.673+0800] {dagbag.py:536} INFO - Filling up the DagBag from /home/azfarmustafa/airflow_tutorial/.venv/lib/python3.10/site-packages/airflow/example_dags/example_skip_dag.py
[2023-11-24T11:04:51.682+0800] {processor.py:839} INFO - DAG(s) dict_keys(['example_skip_dag']) retrieved from /home/azfarmustafa/airflow_tutorial/.venv/lib/python3.10/site-packages/airflow/example_dags/example_skip_dag.py
[2023-11-24T11:04:51.700+0800] {logging_mixin.py:154} INFO - [2023-11-24T11:04:51.700+0800] {dag.py:2941} INFO - Sync 1 DAGs
[2023-11-24T11:04:51.719+0800] {logging_mixin.py:154} INFO - [2023-11-24T11:04:51.718+0800] {dag.py:3722} INFO - Setting next_dagrun for example_skip_dag to 2023-11-23T03:04:51.718675+00:00, run_after=2023-11-24T03:04:51.718675+00:00
[2023-11-24T11:04:51.743+0800] {processor.py:179} INFO - Processing /home/azfarmustafa/airflow_tutorial/.venv/lib/python3.10/site-packages/airflow/example_dags/example_skip_dag.py took 0.078 seconds
