[2023-11-24T10:25:29.325+0800] {processor.py:157} INFO - Started process (PID=58684) to work on /home/azfarmustafa/airflow_tutorial/.venv/lib/python3.10/site-packages/airflow/example_dags/example_sla_dag.py
[2023-11-24T10:25:29.326+0800] {processor.py:829} INFO - Processing file /home/azfarmustafa/airflow_tutorial/.venv/lib/python3.10/site-packages/airflow/example_dags/example_sla_dag.py for tasks to queue
[2023-11-24T10:25:29.327+0800] {logging_mixin.py:154} INFO - [2023-11-24T10:25:29.327+0800] {dagbag.py:536} INFO - Filling up the DagBag from /home/azfarmustafa/airflow_tutorial/.venv/lib/python3.10/site-packages/airflow/example_dags/example_sla_dag.py
[2023-11-24T10:25:29.336+0800] {processor.py:839} INFO - DAG(s) dict_keys(['example_sla_dag']) retrieved from /home/azfarmustafa/airflow_tutorial/.venv/lib/python3.10/site-packages/airflow/example_dags/example_sla_dag.py
[2023-11-24T10:25:29.355+0800] {logging_mixin.py:154} INFO - [2023-11-24T10:25:29.355+0800] {dag.py:2941} INFO - Sync 1 DAGs
[2023-11-24T10:25:29.379+0800] {logging_mixin.py:154} INFO - [2023-11-24T10:25:29.378+0800] {dag.py:3722} INFO - Setting next_dagrun for example_sla_dag to 2023-11-24T02:22:00+00:00, run_after=2023-11-24T02:24:00+00:00
[2023-11-24T10:25:29.579+0800] {processor.py:179} INFO - Processing /home/azfarmustafa/airflow_tutorial/.venv/lib/python3.10/site-packages/airflow/example_dags/example_sla_dag.py took 0.256 seconds
[2023-11-24T10:26:17.372+0800] {processor.py:157} INFO - Started process (PID=58737) to work on /home/azfarmustafa/airflow_tutorial/.venv/lib/python3.10/site-packages/airflow/example_dags/example_sla_dag.py
[2023-11-24T10:26:17.374+0800] {processor.py:829} INFO - Processing file /home/azfarmustafa/airflow_tutorial/.venv/lib/python3.10/site-packages/airflow/example_dags/example_sla_dag.py for tasks to queue
[2023-11-24T10:26:17.375+0800] {logging_mixin.py:154} INFO - [2023-11-24T10:26:17.375+0800] {dagbag.py:536} INFO - Filling up the DagBag from /home/azfarmustafa/airflow_tutorial/.venv/lib/python3.10/site-packages/airflow/example_dags/example_sla_dag.py
[2023-11-24T10:26:17.387+0800] {processor.py:839} INFO - DAG(s) dict_keys(['example_sla_dag']) retrieved from /home/azfarmustafa/airflow_tutorial/.venv/lib/python3.10/site-packages/airflow/example_dags/example_sla_dag.py
[2023-11-24T10:26:17.404+0800] {logging_mixin.py:154} INFO - [2023-11-24T10:26:17.404+0800] {dag.py:2941} INFO - Sync 1 DAGs
[2023-11-24T10:26:17.428+0800] {logging_mixin.py:154} INFO - [2023-11-24T10:26:17.428+0800] {dag.py:3722} INFO - Setting next_dagrun for example_sla_dag to 2023-11-24T02:24:00+00:00, run_after=2023-11-24T02:26:00+00:00
[2023-11-24T10:26:17.456+0800] {processor.py:179} INFO - Processing /home/azfarmustafa/airflow_tutorial/.venv/lib/python3.10/site-packages/airflow/example_dags/example_sla_dag.py took 0.086 seconds
[2023-11-24T10:26:50.867+0800] {processor.py:157} INFO - Started process (PID=58777) to work on /home/azfarmustafa/airflow_tutorial/.venv/lib/python3.10/site-packages/airflow/example_dags/example_sla_dag.py
[2023-11-24T10:26:50.869+0800] {processor.py:829} INFO - Processing file /home/azfarmustafa/airflow_tutorial/.venv/lib/python3.10/site-packages/airflow/example_dags/example_sla_dag.py for tasks to queue
[2023-11-24T10:26:50.871+0800] {logging_mixin.py:154} INFO - [2023-11-24T10:26:50.870+0800] {dagbag.py:536} INFO - Filling up the DagBag from /home/azfarmustafa/airflow_tutorial/.venv/lib/python3.10/site-packages/airflow/example_dags/example_sla_dag.py
[2023-11-24T10:26:50.882+0800] {processor.py:839} INFO - DAG(s) dict_keys(['example_sla_dag']) retrieved from /home/azfarmustafa/airflow_tutorial/.venv/lib/python3.10/site-packages/airflow/example_dags/example_sla_dag.py
[2023-11-24T10:26:50.904+0800] {logging_mixin.py:154} INFO - [2023-11-24T10:26:50.904+0800] {dag.py:2941} INFO - Sync 1 DAGs
[2023-11-24T10:26:50.930+0800] {logging_mixin.py:154} INFO - [2023-11-24T10:26:50.930+0800] {dag.py:3722} INFO - Setting next_dagrun for example_sla_dag to 2023-11-24T02:24:00+00:00, run_after=2023-11-24T02:26:00+00:00
[2023-11-24T10:26:50.962+0800] {processor.py:179} INFO - Processing /home/azfarmustafa/airflow_tutorial/.venv/lib/python3.10/site-packages/airflow/example_dags/example_sla_dag.py took 0.099 seconds
[2023-11-24T10:27:24.250+0800] {processor.py:157} INFO - Started process (PID=58810) to work on /home/azfarmustafa/airflow_tutorial/.venv/lib/python3.10/site-packages/airflow/example_dags/example_sla_dag.py
[2023-11-24T10:27:24.254+0800] {processor.py:829} INFO - Processing file /home/azfarmustafa/airflow_tutorial/.venv/lib/python3.10/site-packages/airflow/example_dags/example_sla_dag.py for tasks to queue
[2023-11-24T10:27:24.255+0800] {logging_mixin.py:154} INFO - [2023-11-24T10:27:24.255+0800] {dagbag.py:536} INFO - Filling up the DagBag from /home/azfarmustafa/airflow_tutorial/.venv/lib/python3.10/site-packages/airflow/example_dags/example_sla_dag.py
[2023-11-24T10:27:24.263+0800] {processor.py:839} INFO - DAG(s) dict_keys(['example_sla_dag']) retrieved from /home/azfarmustafa/airflow_tutorial/.venv/lib/python3.10/site-packages/airflow/example_dags/example_sla_dag.py
[2023-11-24T10:27:24.279+0800] {logging_mixin.py:154} INFO - [2023-11-24T10:27:24.278+0800] {dag.py:2941} INFO - Sync 1 DAGs
[2023-11-24T10:27:24.302+0800] {logging_mixin.py:154} INFO - [2023-11-24T10:27:24.301+0800] {dag.py:3722} INFO - Setting next_dagrun for example_sla_dag to 2023-11-24T02:24:00+00:00, run_after=2023-11-24T02:26:00+00:00
[2023-11-24T10:27:24.323+0800] {processor.py:179} INFO - Processing /home/azfarmustafa/airflow_tutorial/.venv/lib/python3.10/site-packages/airflow/example_dags/example_sla_dag.py took 0.076 seconds
[2023-11-24T10:28:08.459+0800] {processor.py:157} INFO - Started process (PID=58856) to work on /home/azfarmustafa/airflow_tutorial/.venv/lib/python3.10/site-packages/airflow/example_dags/example_sla_dag.py
[2023-11-24T10:28:08.463+0800] {processor.py:829} INFO - Processing file /home/azfarmustafa/airflow_tutorial/.venv/lib/python3.10/site-packages/airflow/example_dags/example_sla_dag.py for tasks to queue
[2023-11-24T10:28:08.464+0800] {logging_mixin.py:154} INFO - [2023-11-24T10:28:08.464+0800] {dagbag.py:536} INFO - Filling up the DagBag from /home/azfarmustafa/airflow_tutorial/.venv/lib/python3.10/site-packages/airflow/example_dags/example_sla_dag.py
[2023-11-24T10:28:08.473+0800] {processor.py:839} INFO - DAG(s) dict_keys(['example_sla_dag']) retrieved from /home/azfarmustafa/airflow_tutorial/.venv/lib/python3.10/site-packages/airflow/example_dags/example_sla_dag.py
[2023-11-24T10:28:08.490+0800] {logging_mixin.py:154} INFO - [2023-11-24T10:28:08.489+0800] {dag.py:2941} INFO - Sync 1 DAGs
[2023-11-24T10:28:08.514+0800] {logging_mixin.py:154} INFO - [2023-11-24T10:28:08.513+0800] {dag.py:3722} INFO - Setting next_dagrun for example_sla_dag to 2023-11-24T02:26:00+00:00, run_after=2023-11-24T02:28:00+00:00
[2023-11-24T10:28:08.540+0800] {processor.py:179} INFO - Processing /home/azfarmustafa/airflow_tutorial/.venv/lib/python3.10/site-packages/airflow/example_dags/example_sla_dag.py took 0.085 seconds
[2023-11-24T10:28:41.171+0800] {processor.py:157} INFO - Started process (PID=58894) to work on /home/azfarmustafa/airflow_tutorial/.venv/lib/python3.10/site-packages/airflow/example_dags/example_sla_dag.py
[2023-11-24T10:28:41.172+0800] {processor.py:829} INFO - Processing file /home/azfarmustafa/airflow_tutorial/.venv/lib/python3.10/site-packages/airflow/example_dags/example_sla_dag.py for tasks to queue
[2023-11-24T10:28:41.173+0800] {logging_mixin.py:154} INFO - [2023-11-24T10:28:41.173+0800] {dagbag.py:536} INFO - Filling up the DagBag from /home/azfarmustafa/airflow_tutorial/.venv/lib/python3.10/site-packages/airflow/example_dags/example_sla_dag.py
[2023-11-24T10:28:41.180+0800] {processor.py:839} INFO - DAG(s) dict_keys(['example_sla_dag']) retrieved from /home/azfarmustafa/airflow_tutorial/.venv/lib/python3.10/site-packages/airflow/example_dags/example_sla_dag.py
[2023-11-24T10:28:41.196+0800] {logging_mixin.py:154} INFO - [2023-11-24T10:28:41.196+0800] {dag.py:2941} INFO - Sync 1 DAGs
[2023-11-24T10:28:41.219+0800] {logging_mixin.py:154} INFO - [2023-11-24T10:28:41.219+0800] {dag.py:3722} INFO - Setting next_dagrun for example_sla_dag to 2023-11-24T02:26:00+00:00, run_after=2023-11-24T02:28:00+00:00
[2023-11-24T10:28:41.240+0800] {processor.py:179} INFO - Processing /home/azfarmustafa/airflow_tutorial/.venv/lib/python3.10/site-packages/airflow/example_dags/example_sla_dag.py took 0.071 seconds
[2023-11-24T10:29:14.176+0800] {processor.py:157} INFO - Started process (PID=58928) to work on /home/azfarmustafa/airflow_tutorial/.venv/lib/python3.10/site-packages/airflow/example_dags/example_sla_dag.py
[2023-11-24T10:29:14.178+0800] {processor.py:829} INFO - Processing file /home/azfarmustafa/airflow_tutorial/.venv/lib/python3.10/site-packages/airflow/example_dags/example_sla_dag.py for tasks to queue
[2023-11-24T10:29:14.179+0800] {logging_mixin.py:154} INFO - [2023-11-24T10:29:14.179+0800] {dagbag.py:536} INFO - Filling up the DagBag from /home/azfarmustafa/airflow_tutorial/.venv/lib/python3.10/site-packages/airflow/example_dags/example_sla_dag.py
[2023-11-24T10:29:14.190+0800] {processor.py:839} INFO - DAG(s) dict_keys(['example_sla_dag']) retrieved from /home/azfarmustafa/airflow_tutorial/.venv/lib/python3.10/site-packages/airflow/example_dags/example_sla_dag.py
[2023-11-24T10:29:14.205+0800] {logging_mixin.py:154} INFO - [2023-11-24T10:29:14.205+0800] {dag.py:2941} INFO - Sync 1 DAGs
[2023-11-24T10:29:14.229+0800] {logging_mixin.py:154} INFO - [2023-11-24T10:29:14.229+0800] {dag.py:3722} INFO - Setting next_dagrun for example_sla_dag to 2023-11-24T02:26:00+00:00, run_after=2023-11-24T02:28:00+00:00
[2023-11-24T10:29:14.259+0800] {processor.py:179} INFO - Processing /home/azfarmustafa/airflow_tutorial/.venv/lib/python3.10/site-packages/airflow/example_dags/example_sla_dag.py took 0.087 seconds
[2023-11-24T10:29:59.618+0800] {processor.py:157} INFO - Started process (PID=58974) to work on /home/azfarmustafa/airflow_tutorial/.venv/lib/python3.10/site-packages/airflow/example_dags/example_sla_dag.py
[2023-11-24T10:29:59.623+0800] {processor.py:829} INFO - Processing file /home/azfarmustafa/airflow_tutorial/.venv/lib/python3.10/site-packages/airflow/example_dags/example_sla_dag.py for tasks to queue
[2023-11-24T10:29:59.623+0800] {logging_mixin.py:154} INFO - [2023-11-24T10:29:59.623+0800] {dagbag.py:536} INFO - Filling up the DagBag from /home/azfarmustafa/airflow_tutorial/.venv/lib/python3.10/site-packages/airflow/example_dags/example_sla_dag.py
[2023-11-24T10:29:59.632+0800] {processor.py:839} INFO - DAG(s) dict_keys(['example_sla_dag']) retrieved from /home/azfarmustafa/airflow_tutorial/.venv/lib/python3.10/site-packages/airflow/example_dags/example_sla_dag.py
[2023-11-24T10:29:59.648+0800] {logging_mixin.py:154} INFO - [2023-11-24T10:29:59.647+0800] {dag.py:2941} INFO - Sync 1 DAGs
[2023-11-24T10:29:59.672+0800] {logging_mixin.py:154} INFO - [2023-11-24T10:29:59.671+0800] {dag.py:3722} INFO - Setting next_dagrun for example_sla_dag to 2023-11-24T02:26:00+00:00, run_after=2023-11-24T02:28:00+00:00
[2023-11-24T10:29:59.699+0800] {processor.py:179} INFO - Processing /home/azfarmustafa/airflow_tutorial/.venv/lib/python3.10/site-packages/airflow/example_dags/example_sla_dag.py took 0.083 seconds
[2023-11-24T10:30:31.910+0800] {processor.py:157} INFO - Started process (PID=59009) to work on /home/azfarmustafa/airflow_tutorial/.venv/lib/python3.10/site-packages/airflow/example_dags/example_sla_dag.py
[2023-11-24T10:30:31.910+0800] {processor.py:829} INFO - Processing file /home/azfarmustafa/airflow_tutorial/.venv/lib/python3.10/site-packages/airflow/example_dags/example_sla_dag.py for tasks to queue
[2023-11-24T10:30:31.911+0800] {logging_mixin.py:154} INFO - [2023-11-24T10:30:31.911+0800] {dagbag.py:536} INFO - Filling up the DagBag from /home/azfarmustafa/airflow_tutorial/.venv/lib/python3.10/site-packages/airflow/example_dags/example_sla_dag.py
[2023-11-24T10:30:31.918+0800] {processor.py:839} INFO - DAG(s) dict_keys(['example_sla_dag']) retrieved from /home/azfarmustafa/airflow_tutorial/.venv/lib/python3.10/site-packages/airflow/example_dags/example_sla_dag.py
[2023-11-24T10:30:31.931+0800] {logging_mixin.py:154} INFO - [2023-11-24T10:30:31.931+0800] {dag.py:2941} INFO - Sync 1 DAGs
[2023-11-24T10:30:31.951+0800] {logging_mixin.py:154} INFO - [2023-11-24T10:30:31.950+0800] {dag.py:3722} INFO - Setting next_dagrun for example_sla_dag to 2023-11-24T02:28:00+00:00, run_after=2023-11-24T02:30:00+00:00
[2023-11-24T10:30:31.974+0800] {processor.py:179} INFO - Processing /home/azfarmustafa/airflow_tutorial/.venv/lib/python3.10/site-packages/airflow/example_dags/example_sla_dag.py took 0.066 seconds
[2023-11-24T10:31:03.002+0800] {processor.py:157} INFO - Started process (PID=59039) to work on /home/azfarmustafa/airflow_tutorial/.venv/lib/python3.10/site-packages/airflow/example_dags/example_sla_dag.py
[2023-11-24T10:31:03.007+0800] {processor.py:829} INFO - Processing file /home/azfarmustafa/airflow_tutorial/.venv/lib/python3.10/site-packages/airflow/example_dags/example_sla_dag.py for tasks to queue
[2023-11-24T10:31:03.008+0800] {logging_mixin.py:154} INFO - [2023-11-24T10:31:03.008+0800] {dagbag.py:536} INFO - Filling up the DagBag from /home/azfarmustafa/airflow_tutorial/.venv/lib/python3.10/site-packages/airflow/example_dags/example_sla_dag.py
[2023-11-24T10:31:03.017+0800] {processor.py:839} INFO - DAG(s) dict_keys(['example_sla_dag']) retrieved from /home/azfarmustafa/airflow_tutorial/.venv/lib/python3.10/site-packages/airflow/example_dags/example_sla_dag.py
[2023-11-24T10:31:03.034+0800] {logging_mixin.py:154} INFO - [2023-11-24T10:31:03.034+0800] {dag.py:2941} INFO - Sync 1 DAGs
[2023-11-24T10:31:03.060+0800] {logging_mixin.py:154} INFO - [2023-11-24T10:31:03.060+0800] {dag.py:3722} INFO - Setting next_dagrun for example_sla_dag to 2023-11-24T02:28:00+00:00, run_after=2023-11-24T02:30:00+00:00
[2023-11-24T10:31:03.083+0800] {processor.py:179} INFO - Processing /home/azfarmustafa/airflow_tutorial/.venv/lib/python3.10/site-packages/airflow/example_dags/example_sla_dag.py took 0.084 seconds
[2023-11-24T10:31:37.395+0800] {processor.py:157} INFO - Started process (PID=59074) to work on /home/azfarmustafa/airflow_tutorial/.venv/lib/python3.10/site-packages/airflow/example_dags/example_sla_dag.py
[2023-11-24T10:31:37.399+0800] {processor.py:829} INFO - Processing file /home/azfarmustafa/airflow_tutorial/.venv/lib/python3.10/site-packages/airflow/example_dags/example_sla_dag.py for tasks to queue
[2023-11-24T10:31:37.400+0800] {logging_mixin.py:154} INFO - [2023-11-24T10:31:37.399+0800] {dagbag.py:536} INFO - Filling up the DagBag from /home/azfarmustafa/airflow_tutorial/.venv/lib/python3.10/site-packages/airflow/example_dags/example_sla_dag.py
[2023-11-24T10:31:37.407+0800] {processor.py:839} INFO - DAG(s) dict_keys(['example_sla_dag']) retrieved from /home/azfarmustafa/airflow_tutorial/.venv/lib/python3.10/site-packages/airflow/example_dags/example_sla_dag.py
[2023-11-24T10:31:37.422+0800] {logging_mixin.py:154} INFO - [2023-11-24T10:31:37.421+0800] {dag.py:2941} INFO - Sync 1 DAGs
[2023-11-24T10:31:37.442+0800] {logging_mixin.py:154} INFO - [2023-11-24T10:31:37.442+0800] {dag.py:3722} INFO - Setting next_dagrun for example_sla_dag to 2023-11-24T02:28:00+00:00, run_after=2023-11-24T02:30:00+00:00
[2023-11-24T10:31:37.465+0800] {processor.py:179} INFO - Processing /home/azfarmustafa/airflow_tutorial/.venv/lib/python3.10/site-packages/airflow/example_dags/example_sla_dag.py took 0.073 seconds
[2023-11-24T10:32:22.662+0800] {processor.py:157} INFO - Started process (PID=59119) to work on /home/azfarmustafa/airflow_tutorial/.venv/lib/python3.10/site-packages/airflow/example_dags/example_sla_dag.py
[2023-11-24T10:32:22.667+0800] {processor.py:829} INFO - Processing file /home/azfarmustafa/airflow_tutorial/.venv/lib/python3.10/site-packages/airflow/example_dags/example_sla_dag.py for tasks to queue
[2023-11-24T10:32:22.668+0800] {logging_mixin.py:154} INFO - [2023-11-24T10:32:22.668+0800] {dagbag.py:536} INFO - Filling up the DagBag from /home/azfarmustafa/airflow_tutorial/.venv/lib/python3.10/site-packages/airflow/example_dags/example_sla_dag.py
[2023-11-24T10:32:22.678+0800] {processor.py:839} INFO - DAG(s) dict_keys(['example_sla_dag']) retrieved from /home/azfarmustafa/airflow_tutorial/.venv/lib/python3.10/site-packages/airflow/example_dags/example_sla_dag.py
[2023-11-24T10:32:22.693+0800] {logging_mixin.py:154} INFO - [2023-11-24T10:32:22.693+0800] {dag.py:2941} INFO - Sync 1 DAGs
[2023-11-24T10:32:22.716+0800] {logging_mixin.py:154} INFO - [2023-11-24T10:32:22.716+0800] {dag.py:3722} INFO - Setting next_dagrun for example_sla_dag to 2023-11-24T02:30:00+00:00, run_after=2023-11-24T02:32:00+00:00
[2023-11-24T10:32:22.739+0800] {processor.py:179} INFO - Processing /home/azfarmustafa/airflow_tutorial/.venv/lib/python3.10/site-packages/airflow/example_dags/example_sla_dag.py took 0.080 seconds
[2023-11-24T10:32:56.465+0800] {processor.py:157} INFO - Started process (PID=59153) to work on /home/azfarmustafa/airflow_tutorial/.venv/lib/python3.10/site-packages/airflow/example_dags/example_sla_dag.py
[2023-11-24T10:32:56.469+0800] {processor.py:829} INFO - Processing file /home/azfarmustafa/airflow_tutorial/.venv/lib/python3.10/site-packages/airflow/example_dags/example_sla_dag.py for tasks to queue
[2023-11-24T10:32:56.470+0800] {logging_mixin.py:154} INFO - [2023-11-24T10:32:56.470+0800] {dagbag.py:536} INFO - Filling up the DagBag from /home/azfarmustafa/airflow_tutorial/.venv/lib/python3.10/site-packages/airflow/example_dags/example_sla_dag.py
[2023-11-24T10:32:56.479+0800] {processor.py:839} INFO - DAG(s) dict_keys(['example_sla_dag']) retrieved from /home/azfarmustafa/airflow_tutorial/.venv/lib/python3.10/site-packages/airflow/example_dags/example_sla_dag.py
[2023-11-24T10:32:56.494+0800] {logging_mixin.py:154} INFO - [2023-11-24T10:32:56.493+0800] {dag.py:2941} INFO - Sync 1 DAGs
[2023-11-24T10:32:56.520+0800] {logging_mixin.py:154} INFO - [2023-11-24T10:32:56.520+0800] {dag.py:3722} INFO - Setting next_dagrun for example_sla_dag to 2023-11-24T02:30:00+00:00, run_after=2023-11-24T02:32:00+00:00
[2023-11-24T10:32:56.545+0800] {processor.py:179} INFO - Processing /home/azfarmustafa/airflow_tutorial/.venv/lib/python3.10/site-packages/airflow/example_dags/example_sla_dag.py took 0.084 seconds
[2023-11-24T10:33:30.311+0800] {processor.py:157} INFO - Started process (PID=59186) to work on /home/azfarmustafa/airflow_tutorial/.venv/lib/python3.10/site-packages/airflow/example_dags/example_sla_dag.py
[2023-11-24T10:33:30.312+0800] {processor.py:829} INFO - Processing file /home/azfarmustafa/airflow_tutorial/.venv/lib/python3.10/site-packages/airflow/example_dags/example_sla_dag.py for tasks to queue
[2023-11-24T10:33:30.313+0800] {logging_mixin.py:154} INFO - [2023-11-24T10:33:30.312+0800] {dagbag.py:536} INFO - Filling up the DagBag from /home/azfarmustafa/airflow_tutorial/.venv/lib/python3.10/site-packages/airflow/example_dags/example_sla_dag.py
[2023-11-24T10:33:30.321+0800] {processor.py:839} INFO - DAG(s) dict_keys(['example_sla_dag']) retrieved from /home/azfarmustafa/airflow_tutorial/.venv/lib/python3.10/site-packages/airflow/example_dags/example_sla_dag.py
[2023-11-24T10:33:30.334+0800] {logging_mixin.py:154} INFO - [2023-11-24T10:33:30.334+0800] {dag.py:2941} INFO - Sync 1 DAGs
[2023-11-24T10:33:30.355+0800] {logging_mixin.py:154} INFO - [2023-11-24T10:33:30.354+0800] {dag.py:3722} INFO - Setting next_dagrun for example_sla_dag to 2023-11-24T02:30:00+00:00, run_after=2023-11-24T02:32:00+00:00
[2023-11-24T10:33:30.378+0800] {processor.py:179} INFO - Processing /home/azfarmustafa/airflow_tutorial/.venv/lib/python3.10/site-packages/airflow/example_dags/example_sla_dag.py took 0.069 seconds
[2023-11-24T10:34:04.858+0800] {processor.py:157} INFO - Started process (PID=59220) to work on /home/azfarmustafa/airflow_tutorial/.venv/lib/python3.10/site-packages/airflow/example_dags/example_sla_dag.py
[2023-11-24T10:34:04.859+0800] {processor.py:829} INFO - Processing file /home/azfarmustafa/airflow_tutorial/.venv/lib/python3.10/site-packages/airflow/example_dags/example_sla_dag.py for tasks to queue
[2023-11-24T10:34:04.859+0800] {logging_mixin.py:154} INFO - [2023-11-24T10:34:04.859+0800] {dagbag.py:536} INFO - Filling up the DagBag from /home/azfarmustafa/airflow_tutorial/.venv/lib/python3.10/site-packages/airflow/example_dags/example_sla_dag.py
[2023-11-24T10:34:04.866+0800] {processor.py:839} INFO - DAG(s) dict_keys(['example_sla_dag']) retrieved from /home/azfarmustafa/airflow_tutorial/.venv/lib/python3.10/site-packages/airflow/example_dags/example_sla_dag.py
[2023-11-24T10:34:04.879+0800] {logging_mixin.py:154} INFO - [2023-11-24T10:34:04.879+0800] {dag.py:2941} INFO - Sync 1 DAGs
[2023-11-24T10:34:04.899+0800] {logging_mixin.py:154} INFO - [2023-11-24T10:34:04.898+0800] {dag.py:3722} INFO - Setting next_dagrun for example_sla_dag to 2023-11-24T02:32:00+00:00, run_after=2023-11-24T02:34:00+00:00
[2023-11-24T10:34:04.922+0800] {processor.py:179} INFO - Processing /home/azfarmustafa/airflow_tutorial/.venv/lib/python3.10/site-packages/airflow/example_dags/example_sla_dag.py took 0.067 seconds
[2023-11-24T10:34:37.816+0800] {processor.py:157} INFO - Started process (PID=59254) to work on /home/azfarmustafa/airflow_tutorial/.venv/lib/python3.10/site-packages/airflow/example_dags/example_sla_dag.py
[2023-11-24T10:34:37.820+0800] {processor.py:829} INFO - Processing file /home/azfarmustafa/airflow_tutorial/.venv/lib/python3.10/site-packages/airflow/example_dags/example_sla_dag.py for tasks to queue
[2023-11-24T10:34:37.821+0800] {logging_mixin.py:154} INFO - [2023-11-24T10:34:37.821+0800] {dagbag.py:536} INFO - Filling up the DagBag from /home/azfarmustafa/airflow_tutorial/.venv/lib/python3.10/site-packages/airflow/example_dags/example_sla_dag.py
[2023-11-24T10:34:37.828+0800] {processor.py:839} INFO - DAG(s) dict_keys(['example_sla_dag']) retrieved from /home/azfarmustafa/airflow_tutorial/.venv/lib/python3.10/site-packages/airflow/example_dags/example_sla_dag.py
[2023-11-24T10:34:37.841+0800] {logging_mixin.py:154} INFO - [2023-11-24T10:34:37.841+0800] {dag.py:2941} INFO - Sync 1 DAGs
[2023-11-24T10:34:37.863+0800] {logging_mixin.py:154} INFO - [2023-11-24T10:34:37.863+0800] {dag.py:3722} INFO - Setting next_dagrun for example_sla_dag to 2023-11-24T02:32:00+00:00, run_after=2023-11-24T02:34:00+00:00
[2023-11-24T10:34:37.889+0800] {processor.py:179} INFO - Processing /home/azfarmustafa/airflow_tutorial/.venv/lib/python3.10/site-packages/airflow/example_dags/example_sla_dag.py took 0.076 seconds
[2023-11-24T10:35:24.225+0800] {processor.py:157} INFO - Started process (PID=59306) to work on /home/azfarmustafa/airflow_tutorial/.venv/lib/python3.10/site-packages/airflow/example_dags/example_sla_dag.py
[2023-11-24T10:35:24.227+0800] {processor.py:829} INFO - Processing file /home/azfarmustafa/airflow_tutorial/.venv/lib/python3.10/site-packages/airflow/example_dags/example_sla_dag.py for tasks to queue
[2023-11-24T10:35:24.227+0800] {logging_mixin.py:154} INFO - [2023-11-24T10:35:24.227+0800] {dagbag.py:536} INFO - Filling up the DagBag from /home/azfarmustafa/airflow_tutorial/.venv/lib/python3.10/site-packages/airflow/example_dags/example_sla_dag.py
[2023-11-24T10:35:24.234+0800] {processor.py:839} INFO - DAG(s) dict_keys(['example_sla_dag']) retrieved from /home/azfarmustafa/airflow_tutorial/.venv/lib/python3.10/site-packages/airflow/example_dags/example_sla_dag.py
[2023-11-24T10:35:24.247+0800] {logging_mixin.py:154} INFO - [2023-11-24T10:35:24.247+0800] {dag.py:2941} INFO - Sync 1 DAGs
[2023-11-24T10:35:24.267+0800] {logging_mixin.py:154} INFO - [2023-11-24T10:35:24.267+0800] {dag.py:3722} INFO - Setting next_dagrun for example_sla_dag to 2023-11-24T02:32:00+00:00, run_after=2023-11-24T02:34:00+00:00
[2023-11-24T10:35:24.289+0800] {processor.py:179} INFO - Processing /home/azfarmustafa/airflow_tutorial/.venv/lib/python3.10/site-packages/airflow/example_dags/example_sla_dag.py took 0.066 seconds
[2023-11-24T10:36:06.448+0800] {processor.py:157} INFO - Started process (PID=59352) to work on /home/azfarmustafa/airflow_tutorial/.venv/lib/python3.10/site-packages/airflow/example_dags/example_sla_dag.py
[2023-11-24T10:36:06.453+0800] {processor.py:829} INFO - Processing file /home/azfarmustafa/airflow_tutorial/.venv/lib/python3.10/site-packages/airflow/example_dags/example_sla_dag.py for tasks to queue
[2023-11-24T10:36:06.454+0800] {logging_mixin.py:154} INFO - [2023-11-24T10:36:06.454+0800] {dagbag.py:536} INFO - Filling up the DagBag from /home/azfarmustafa/airflow_tutorial/.venv/lib/python3.10/site-packages/airflow/example_dags/example_sla_dag.py
[2023-11-24T10:36:06.461+0800] {processor.py:839} INFO - DAG(s) dict_keys(['example_sla_dag']) retrieved from /home/azfarmustafa/airflow_tutorial/.venv/lib/python3.10/site-packages/airflow/example_dags/example_sla_dag.py
[2023-11-24T10:36:06.478+0800] {logging_mixin.py:154} INFO - [2023-11-24T10:36:06.478+0800] {dag.py:2941} INFO - Sync 1 DAGs
[2023-11-24T10:36:06.497+0800] {logging_mixin.py:154} INFO - [2023-11-24T10:36:06.497+0800] {dag.py:3722} INFO - Setting next_dagrun for example_sla_dag to 2023-11-24T02:34:00+00:00, run_after=2023-11-24T02:36:00+00:00
[2023-11-24T10:36:06.522+0800] {processor.py:179} INFO - Processing /home/azfarmustafa/airflow_tutorial/.venv/lib/python3.10/site-packages/airflow/example_dags/example_sla_dag.py took 0.076 seconds
[2023-11-24T10:36:47.249+0800] {processor.py:157} INFO - Started process (PID=59395) to work on /home/azfarmustafa/airflow_tutorial/.venv/lib/python3.10/site-packages/airflow/example_dags/example_sla_dag.py
[2023-11-24T10:36:47.253+0800] {processor.py:829} INFO - Processing file /home/azfarmustafa/airflow_tutorial/.venv/lib/python3.10/site-packages/airflow/example_dags/example_sla_dag.py for tasks to queue
[2023-11-24T10:36:47.254+0800] {logging_mixin.py:154} INFO - [2023-11-24T10:36:47.254+0800] {dagbag.py:536} INFO - Filling up the DagBag from /home/azfarmustafa/airflow_tutorial/.venv/lib/python3.10/site-packages/airflow/example_dags/example_sla_dag.py
[2023-11-24T10:36:47.261+0800] {processor.py:839} INFO - DAG(s) dict_keys(['example_sla_dag']) retrieved from /home/azfarmustafa/airflow_tutorial/.venv/lib/python3.10/site-packages/airflow/example_dags/example_sla_dag.py
[2023-11-24T10:36:47.277+0800] {logging_mixin.py:154} INFO - [2023-11-24T10:36:47.277+0800] {dag.py:2941} INFO - Sync 1 DAGs
[2023-11-24T10:36:47.297+0800] {logging_mixin.py:154} INFO - [2023-11-24T10:36:47.296+0800] {dag.py:3722} INFO - Setting next_dagrun for example_sla_dag to 2023-11-24T02:34:00+00:00, run_after=2023-11-24T02:36:00+00:00
[2023-11-24T10:36:47.321+0800] {processor.py:179} INFO - Processing /home/azfarmustafa/airflow_tutorial/.venv/lib/python3.10/site-packages/airflow/example_dags/example_sla_dag.py took 0.074 seconds
[2023-11-24T10:37:18.691+0800] {processor.py:157} INFO - Started process (PID=59427) to work on /home/azfarmustafa/airflow_tutorial/.venv/lib/python3.10/site-packages/airflow/example_dags/example_sla_dag.py
[2023-11-24T10:37:18.695+0800] {processor.py:829} INFO - Processing file /home/azfarmustafa/airflow_tutorial/.venv/lib/python3.10/site-packages/airflow/example_dags/example_sla_dag.py for tasks to queue
[2023-11-24T10:37:18.696+0800] {logging_mixin.py:154} INFO - [2023-11-24T10:37:18.696+0800] {dagbag.py:536} INFO - Filling up the DagBag from /home/azfarmustafa/airflow_tutorial/.venv/lib/python3.10/site-packages/airflow/example_dags/example_sla_dag.py
[2023-11-24T10:37:18.704+0800] {processor.py:839} INFO - DAG(s) dict_keys(['example_sla_dag']) retrieved from /home/azfarmustafa/airflow_tutorial/.venv/lib/python3.10/site-packages/airflow/example_dags/example_sla_dag.py
[2023-11-24T10:37:18.717+0800] {logging_mixin.py:154} INFO - [2023-11-24T10:37:18.717+0800] {dag.py:2941} INFO - Sync 1 DAGs
[2023-11-24T10:37:18.741+0800] {logging_mixin.py:154} INFO - [2023-11-24T10:37:18.740+0800] {dag.py:3722} INFO - Setting next_dagrun for example_sla_dag to 2023-11-24T02:34:00+00:00, run_after=2023-11-24T02:36:00+00:00
[2023-11-24T10:37:18.766+0800] {processor.py:179} INFO - Processing /home/azfarmustafa/airflow_tutorial/.venv/lib/python3.10/site-packages/airflow/example_dags/example_sla_dag.py took 0.078 seconds
[2023-11-24T10:38:05.281+0800] {processor.py:157} INFO - Started process (PID=59474) to work on /home/azfarmustafa/airflow_tutorial/.venv/lib/python3.10/site-packages/airflow/example_dags/example_sla_dag.py
[2023-11-24T10:38:05.285+0800] {processor.py:829} INFO - Processing file /home/azfarmustafa/airflow_tutorial/.venv/lib/python3.10/site-packages/airflow/example_dags/example_sla_dag.py for tasks to queue
[2023-11-24T10:38:05.286+0800] {logging_mixin.py:154} INFO - [2023-11-24T10:38:05.286+0800] {dagbag.py:536} INFO - Filling up the DagBag from /home/azfarmustafa/airflow_tutorial/.venv/lib/python3.10/site-packages/airflow/example_dags/example_sla_dag.py
[2023-11-24T10:38:05.293+0800] {processor.py:839} INFO - DAG(s) dict_keys(['example_sla_dag']) retrieved from /home/azfarmustafa/airflow_tutorial/.venv/lib/python3.10/site-packages/airflow/example_dags/example_sla_dag.py
[2023-11-24T10:38:05.306+0800] {logging_mixin.py:154} INFO - [2023-11-24T10:38:05.306+0800] {dag.py:2941} INFO - Sync 1 DAGs
[2023-11-24T10:38:05.330+0800] {logging_mixin.py:154} INFO - [2023-11-24T10:38:05.330+0800] {dag.py:3722} INFO - Setting next_dagrun for example_sla_dag to 2023-11-24T02:36:00+00:00, run_after=2023-11-24T02:38:00+00:00
[2023-11-24T10:38:05.353+0800] {processor.py:179} INFO - Processing /home/azfarmustafa/airflow_tutorial/.venv/lib/python3.10/site-packages/airflow/example_dags/example_sla_dag.py took 0.075 seconds
[2023-11-24T10:38:37.821+0800] {processor.py:157} INFO - Started process (PID=59507) to work on /home/azfarmustafa/airflow_tutorial/.venv/lib/python3.10/site-packages/airflow/example_dags/example_sla_dag.py
[2023-11-24T10:38:37.825+0800] {processor.py:829} INFO - Processing file /home/azfarmustafa/airflow_tutorial/.venv/lib/python3.10/site-packages/airflow/example_dags/example_sla_dag.py for tasks to queue
[2023-11-24T10:38:37.825+0800] {logging_mixin.py:154} INFO - [2023-11-24T10:38:37.825+0800] {dagbag.py:536} INFO - Filling up the DagBag from /home/azfarmustafa/airflow_tutorial/.venv/lib/python3.10/site-packages/airflow/example_dags/example_sla_dag.py
[2023-11-24T10:38:37.833+0800] {processor.py:839} INFO - DAG(s) dict_keys(['example_sla_dag']) retrieved from /home/azfarmustafa/airflow_tutorial/.venv/lib/python3.10/site-packages/airflow/example_dags/example_sla_dag.py
[2023-11-24T10:38:37.848+0800] {logging_mixin.py:154} INFO - [2023-11-24T10:38:37.848+0800] {dag.py:2941} INFO - Sync 1 DAGs
[2023-11-24T10:38:37.868+0800] {logging_mixin.py:154} INFO - [2023-11-24T10:38:37.868+0800] {dag.py:3722} INFO - Setting next_dagrun for example_sla_dag to 2023-11-24T02:36:00+00:00, run_after=2023-11-24T02:38:00+00:00
[2023-11-24T10:38:37.892+0800] {processor.py:179} INFO - Processing /home/azfarmustafa/airflow_tutorial/.venv/lib/python3.10/site-packages/airflow/example_dags/example_sla_dag.py took 0.074 seconds
[2023-11-24T10:39:10.320+0800] {processor.py:157} INFO - Started process (PID=59540) to work on /home/azfarmustafa/airflow_tutorial/.venv/lib/python3.10/site-packages/airflow/example_dags/example_sla_dag.py
[2023-11-24T10:39:10.324+0800] {processor.py:829} INFO - Processing file /home/azfarmustafa/airflow_tutorial/.venv/lib/python3.10/site-packages/airflow/example_dags/example_sla_dag.py for tasks to queue
[2023-11-24T10:39:10.325+0800] {logging_mixin.py:154} INFO - [2023-11-24T10:39:10.325+0800] {dagbag.py:536} INFO - Filling up the DagBag from /home/azfarmustafa/airflow_tutorial/.venv/lib/python3.10/site-packages/airflow/example_dags/example_sla_dag.py
[2023-11-24T10:39:10.332+0800] {processor.py:839} INFO - DAG(s) dict_keys(['example_sla_dag']) retrieved from /home/azfarmustafa/airflow_tutorial/.venv/lib/python3.10/site-packages/airflow/example_dags/example_sla_dag.py
[2023-11-24T10:39:10.345+0800] {logging_mixin.py:154} INFO - [2023-11-24T10:39:10.345+0800] {dag.py:2941} INFO - Sync 1 DAGs
[2023-11-24T10:39:10.369+0800] {logging_mixin.py:154} INFO - [2023-11-24T10:39:10.368+0800] {dag.py:3722} INFO - Setting next_dagrun for example_sla_dag to 2023-11-24T02:36:00+00:00, run_after=2023-11-24T02:38:00+00:00
[2023-11-24T10:39:10.417+0800] {processor.py:179} INFO - Processing /home/azfarmustafa/airflow_tutorial/.venv/lib/python3.10/site-packages/airflow/example_dags/example_sla_dag.py took 0.099 seconds
[2023-11-24T10:39:44.357+0800] {processor.py:157} INFO - Started process (PID=59572) to work on /home/azfarmustafa/airflow_tutorial/.venv/lib/python3.10/site-packages/airflow/example_dags/example_sla_dag.py
[2023-11-24T10:39:44.358+0800] {processor.py:829} INFO - Processing file /home/azfarmustafa/airflow_tutorial/.venv/lib/python3.10/site-packages/airflow/example_dags/example_sla_dag.py for tasks to queue
[2023-11-24T10:39:44.359+0800] {logging_mixin.py:154} INFO - [2023-11-24T10:39:44.359+0800] {dagbag.py:536} INFO - Filling up the DagBag from /home/azfarmustafa/airflow_tutorial/.venv/lib/python3.10/site-packages/airflow/example_dags/example_sla_dag.py
[2023-11-24T10:39:44.369+0800] {processor.py:839} INFO - DAG(s) dict_keys(['example_sla_dag']) retrieved from /home/azfarmustafa/airflow_tutorial/.venv/lib/python3.10/site-packages/airflow/example_dags/example_sla_dag.py
[2023-11-24T10:39:44.384+0800] {logging_mixin.py:154} INFO - [2023-11-24T10:39:44.384+0800] {dag.py:2941} INFO - Sync 1 DAGs
[2023-11-24T10:39:44.406+0800] {logging_mixin.py:154} INFO - [2023-11-24T10:39:44.405+0800] {dag.py:3722} INFO - Setting next_dagrun for example_sla_dag to 2023-11-24T02:36:00+00:00, run_after=2023-11-24T02:38:00+00:00
[2023-11-24T10:39:44.430+0800] {processor.py:179} INFO - Processing /home/azfarmustafa/airflow_tutorial/.venv/lib/python3.10/site-packages/airflow/example_dags/example_sla_dag.py took 0.076 seconds
[2023-11-24T10:40:19.552+0800] {processor.py:157} INFO - Started process (PID=59608) to work on /home/azfarmustafa/airflow_tutorial/.venv/lib/python3.10/site-packages/airflow/example_dags/example_sla_dag.py
[2023-11-24T10:40:19.556+0800] {processor.py:829} INFO - Processing file /home/azfarmustafa/airflow_tutorial/.venv/lib/python3.10/site-packages/airflow/example_dags/example_sla_dag.py for tasks to queue
[2023-11-24T10:40:19.557+0800] {logging_mixin.py:154} INFO - [2023-11-24T10:40:19.556+0800] {dagbag.py:536} INFO - Filling up the DagBag from /home/azfarmustafa/airflow_tutorial/.venv/lib/python3.10/site-packages/airflow/example_dags/example_sla_dag.py
[2023-11-24T10:40:19.564+0800] {processor.py:839} INFO - DAG(s) dict_keys(['example_sla_dag']) retrieved from /home/azfarmustafa/airflow_tutorial/.venv/lib/python3.10/site-packages/airflow/example_dags/example_sla_dag.py
[2023-11-24T10:40:19.577+0800] {logging_mixin.py:154} INFO - [2023-11-24T10:40:19.577+0800] {dag.py:2941} INFO - Sync 1 DAGs
[2023-11-24T10:40:19.597+0800] {logging_mixin.py:154} INFO - [2023-11-24T10:40:19.597+0800] {dag.py:3722} INFO - Setting next_dagrun for example_sla_dag to 2023-11-24T02:38:00+00:00, run_after=2023-11-24T02:40:00+00:00
[2023-11-24T10:40:19.620+0800] {processor.py:179} INFO - Processing /home/azfarmustafa/airflow_tutorial/.venv/lib/python3.10/site-packages/airflow/example_dags/example_sla_dag.py took 0.070 seconds
[2023-11-24T10:41:01.970+0800] {processor.py:157} INFO - Started process (PID=59658) to work on /home/azfarmustafa/airflow_tutorial/.venv/lib/python3.10/site-packages/airflow/example_dags/example_sla_dag.py
[2023-11-24T10:41:01.975+0800] {processor.py:829} INFO - Processing file /home/azfarmustafa/airflow_tutorial/.venv/lib/python3.10/site-packages/airflow/example_dags/example_sla_dag.py for tasks to queue
[2023-11-24T10:41:01.975+0800] {logging_mixin.py:154} INFO - [2023-11-24T10:41:01.975+0800] {dagbag.py:536} INFO - Filling up the DagBag from /home/azfarmustafa/airflow_tutorial/.venv/lib/python3.10/site-packages/airflow/example_dags/example_sla_dag.py
[2023-11-24T10:41:01.987+0800] {processor.py:839} INFO - DAG(s) dict_keys(['example_sla_dag']) retrieved from /home/azfarmustafa/airflow_tutorial/.venv/lib/python3.10/site-packages/airflow/example_dags/example_sla_dag.py
[2023-11-24T10:41:02.004+0800] {logging_mixin.py:154} INFO - [2023-11-24T10:41:02.004+0800] {dag.py:2941} INFO - Sync 1 DAGs
[2023-11-24T10:41:02.024+0800] {logging_mixin.py:154} INFO - [2023-11-24T10:41:02.024+0800] {dag.py:3722} INFO - Setting next_dagrun for example_sla_dag to 2023-11-24T02:38:00+00:00, run_after=2023-11-24T02:40:00+00:00
[2023-11-24T10:41:02.049+0800] {processor.py:179} INFO - Processing /home/azfarmustafa/airflow_tutorial/.venv/lib/python3.10/site-packages/airflow/example_dags/example_sla_dag.py took 0.081 seconds
[2023-11-24T10:41:34.634+0800] {processor.py:157} INFO - Started process (PID=59690) to work on /home/azfarmustafa/airflow_tutorial/.venv/lib/python3.10/site-packages/airflow/example_dags/example_sla_dag.py
[2023-11-24T10:41:34.638+0800] {processor.py:829} INFO - Processing file /home/azfarmustafa/airflow_tutorial/.venv/lib/python3.10/site-packages/airflow/example_dags/example_sla_dag.py for tasks to queue
[2023-11-24T10:41:34.639+0800] {logging_mixin.py:154} INFO - [2023-11-24T10:41:34.638+0800] {dagbag.py:536} INFO - Filling up the DagBag from /home/azfarmustafa/airflow_tutorial/.venv/lib/python3.10/site-packages/airflow/example_dags/example_sla_dag.py
[2023-11-24T10:41:34.652+0800] {processor.py:839} INFO - DAG(s) dict_keys(['example_sla_dag']) retrieved from /home/azfarmustafa/airflow_tutorial/.venv/lib/python3.10/site-packages/airflow/example_dags/example_sla_dag.py
[2023-11-24T10:41:34.667+0800] {logging_mixin.py:154} INFO - [2023-11-24T10:41:34.667+0800] {dag.py:2941} INFO - Sync 1 DAGs
[2023-11-24T10:41:34.689+0800] {logging_mixin.py:154} INFO - [2023-11-24T10:41:34.688+0800] {dag.py:3722} INFO - Setting next_dagrun for example_sla_dag to 2023-11-24T02:38:00+00:00, run_after=2023-11-24T02:40:00+00:00
[2023-11-24T10:41:34.714+0800] {processor.py:179} INFO - Processing /home/azfarmustafa/airflow_tutorial/.venv/lib/python3.10/site-packages/airflow/example_dags/example_sla_dag.py took 0.083 seconds
[2023-11-24T10:42:07.697+0800] {processor.py:157} INFO - Started process (PID=59724) to work on /home/azfarmustafa/airflow_tutorial/.venv/lib/python3.10/site-packages/airflow/example_dags/example_sla_dag.py
[2023-11-24T10:42:07.698+0800] {processor.py:829} INFO - Processing file /home/azfarmustafa/airflow_tutorial/.venv/lib/python3.10/site-packages/airflow/example_dags/example_sla_dag.py for tasks to queue
[2023-11-24T10:42:07.699+0800] {logging_mixin.py:154} INFO - [2023-11-24T10:42:07.699+0800] {dagbag.py:536} INFO - Filling up the DagBag from /home/azfarmustafa/airflow_tutorial/.venv/lib/python3.10/site-packages/airflow/example_dags/example_sla_dag.py
[2023-11-24T10:42:07.707+0800] {processor.py:839} INFO - DAG(s) dict_keys(['example_sla_dag']) retrieved from /home/azfarmustafa/airflow_tutorial/.venv/lib/python3.10/site-packages/airflow/example_dags/example_sla_dag.py
[2023-11-24T10:42:07.720+0800] {logging_mixin.py:154} INFO - [2023-11-24T10:42:07.720+0800] {dag.py:2941} INFO - Sync 1 DAGs
[2023-11-24T10:42:07.740+0800] {logging_mixin.py:154} INFO - [2023-11-24T10:42:07.740+0800] {dag.py:3722} INFO - Setting next_dagrun for example_sla_dag to 2023-11-24T02:40:00+00:00, run_after=2023-11-24T02:42:00+00:00
[2023-11-24T10:42:07.761+0800] {processor.py:179} INFO - Processing /home/azfarmustafa/airflow_tutorial/.venv/lib/python3.10/site-packages/airflow/example_dags/example_sla_dag.py took 0.068 seconds
[2023-11-24T10:42:52.312+0800] {processor.py:157} INFO - Started process (PID=59770) to work on /home/azfarmustafa/airflow_tutorial/.venv/lib/python3.10/site-packages/airflow/example_dags/example_sla_dag.py
[2023-11-24T10:42:52.316+0800] {processor.py:829} INFO - Processing file /home/azfarmustafa/airflow_tutorial/.venv/lib/python3.10/site-packages/airflow/example_dags/example_sla_dag.py for tasks to queue
[2023-11-24T10:42:52.317+0800] {logging_mixin.py:154} INFO - [2023-11-24T10:42:52.317+0800] {dagbag.py:536} INFO - Filling up the DagBag from /home/azfarmustafa/airflow_tutorial/.venv/lib/python3.10/site-packages/airflow/example_dags/example_sla_dag.py
[2023-11-24T10:42:52.325+0800] {processor.py:839} INFO - DAG(s) dict_keys(['example_sla_dag']) retrieved from /home/azfarmustafa/airflow_tutorial/.venv/lib/python3.10/site-packages/airflow/example_dags/example_sla_dag.py
[2023-11-24T10:42:52.338+0800] {logging_mixin.py:154} INFO - [2023-11-24T10:42:52.337+0800] {dag.py:2941} INFO - Sync 1 DAGs
[2023-11-24T10:42:52.358+0800] {logging_mixin.py:154} INFO - [2023-11-24T10:42:52.357+0800] {dag.py:3722} INFO - Setting next_dagrun for example_sla_dag to 2023-11-24T02:40:00+00:00, run_after=2023-11-24T02:42:00+00:00
[2023-11-24T10:42:52.380+0800] {processor.py:179} INFO - Processing /home/azfarmustafa/airflow_tutorial/.venv/lib/python3.10/site-packages/airflow/example_dags/example_sla_dag.py took 0.071 seconds
[2023-11-24T10:43:25.052+0800] {processor.py:157} INFO - Started process (PID=59803) to work on /home/azfarmustafa/airflow_tutorial/.venv/lib/python3.10/site-packages/airflow/example_dags/example_sla_dag.py
[2023-11-24T10:43:25.054+0800] {processor.py:829} INFO - Processing file /home/azfarmustafa/airflow_tutorial/.venv/lib/python3.10/site-packages/airflow/example_dags/example_sla_dag.py for tasks to queue
[2023-11-24T10:43:25.055+0800] {logging_mixin.py:154} INFO - [2023-11-24T10:43:25.054+0800] {dagbag.py:536} INFO - Filling up the DagBag from /home/azfarmustafa/airflow_tutorial/.venv/lib/python3.10/site-packages/airflow/example_dags/example_sla_dag.py
[2023-11-24T10:43:25.062+0800] {processor.py:839} INFO - DAG(s) dict_keys(['example_sla_dag']) retrieved from /home/azfarmustafa/airflow_tutorial/.venv/lib/python3.10/site-packages/airflow/example_dags/example_sla_dag.py
[2023-11-24T10:43:25.075+0800] {logging_mixin.py:154} INFO - [2023-11-24T10:43:25.075+0800] {dag.py:2941} INFO - Sync 1 DAGs
[2023-11-24T10:43:25.095+0800] {logging_mixin.py:154} INFO - [2023-11-24T10:43:25.095+0800] {dag.py:3722} INFO - Setting next_dagrun for example_sla_dag to 2023-11-24T02:40:00+00:00, run_after=2023-11-24T02:42:00+00:00
[2023-11-24T10:43:25.120+0800] {processor.py:179} INFO - Processing /home/azfarmustafa/airflow_tutorial/.venv/lib/python3.10/site-packages/airflow/example_dags/example_sla_dag.py took 0.070 seconds
[2023-11-24T10:44:11.193+0800] {processor.py:157} INFO - Started process (PID=59849) to work on /home/azfarmustafa/airflow_tutorial/.venv/lib/python3.10/site-packages/airflow/example_dags/example_sla_dag.py
[2023-11-24T10:44:11.195+0800] {processor.py:829} INFO - Processing file /home/azfarmustafa/airflow_tutorial/.venv/lib/python3.10/site-packages/airflow/example_dags/example_sla_dag.py for tasks to queue
[2023-11-24T10:44:11.195+0800] {logging_mixin.py:154} INFO - [2023-11-24T10:44:11.195+0800] {dagbag.py:536} INFO - Filling up the DagBag from /home/azfarmustafa/airflow_tutorial/.venv/lib/python3.10/site-packages/airflow/example_dags/example_sla_dag.py
[2023-11-24T10:44:11.202+0800] {processor.py:839} INFO - DAG(s) dict_keys(['example_sla_dag']) retrieved from /home/azfarmustafa/airflow_tutorial/.venv/lib/python3.10/site-packages/airflow/example_dags/example_sla_dag.py
[2023-11-24T10:44:11.215+0800] {logging_mixin.py:154} INFO - [2023-11-24T10:44:11.215+0800] {dag.py:2941} INFO - Sync 1 DAGs
[2023-11-24T10:44:11.235+0800] {logging_mixin.py:154} INFO - [2023-11-24T10:44:11.235+0800] {dag.py:3722} INFO - Setting next_dagrun for example_sla_dag to 2023-11-24T02:42:00+00:00, run_after=2023-11-24T02:44:00+00:00
[2023-11-24T10:44:11.258+0800] {processor.py:179} INFO - Processing /home/azfarmustafa/airflow_tutorial/.venv/lib/python3.10/site-packages/airflow/example_dags/example_sla_dag.py took 0.067 seconds
[2023-11-24T10:44:43.944+0800] {processor.py:157} INFO - Started process (PID=59883) to work on /home/azfarmustafa/airflow_tutorial/.venv/lib/python3.10/site-packages/airflow/example_dags/example_sla_dag.py
[2023-11-24T10:44:43.945+0800] {processor.py:829} INFO - Processing file /home/azfarmustafa/airflow_tutorial/.venv/lib/python3.10/site-packages/airflow/example_dags/example_sla_dag.py for tasks to queue
[2023-11-24T10:44:43.946+0800] {logging_mixin.py:154} INFO - [2023-11-24T10:44:43.945+0800] {dagbag.py:536} INFO - Filling up the DagBag from /home/azfarmustafa/airflow_tutorial/.venv/lib/python3.10/site-packages/airflow/example_dags/example_sla_dag.py
[2023-11-24T10:44:43.953+0800] {processor.py:839} INFO - DAG(s) dict_keys(['example_sla_dag']) retrieved from /home/azfarmustafa/airflow_tutorial/.venv/lib/python3.10/site-packages/airflow/example_dags/example_sla_dag.py
[2023-11-24T10:44:43.967+0800] {logging_mixin.py:154} INFO - [2023-11-24T10:44:43.967+0800] {dag.py:2941} INFO - Sync 1 DAGs
[2023-11-24T10:44:43.993+0800] {logging_mixin.py:154} INFO - [2023-11-24T10:44:43.993+0800] {dag.py:3722} INFO - Setting next_dagrun for example_sla_dag to 2023-11-24T02:42:00+00:00, run_after=2023-11-24T02:44:00+00:00
[2023-11-24T10:44:44.018+0800] {processor.py:179} INFO - Processing /home/azfarmustafa/airflow_tutorial/.venv/lib/python3.10/site-packages/airflow/example_dags/example_sla_dag.py took 0.078 seconds
[2023-11-24T10:45:16.236+0800] {processor.py:157} INFO - Started process (PID=59915) to work on /home/azfarmustafa/airflow_tutorial/.venv/lib/python3.10/site-packages/airflow/example_dags/example_sla_dag.py
[2023-11-24T10:45:16.241+0800] {processor.py:829} INFO - Processing file /home/azfarmustafa/airflow_tutorial/.venv/lib/python3.10/site-packages/airflow/example_dags/example_sla_dag.py for tasks to queue
[2023-11-24T10:45:16.242+0800] {logging_mixin.py:154} INFO - [2023-11-24T10:45:16.241+0800] {dagbag.py:536} INFO - Filling up the DagBag from /home/azfarmustafa/airflow_tutorial/.venv/lib/python3.10/site-packages/airflow/example_dags/example_sla_dag.py
[2023-11-24T10:45:16.251+0800] {processor.py:839} INFO - DAG(s) dict_keys(['example_sla_dag']) retrieved from /home/azfarmustafa/airflow_tutorial/.venv/lib/python3.10/site-packages/airflow/example_dags/example_sla_dag.py
[2023-11-24T10:45:16.265+0800] {logging_mixin.py:154} INFO - [2023-11-24T10:45:16.264+0800] {dag.py:2941} INFO - Sync 1 DAGs
[2023-11-24T10:45:16.284+0800] {logging_mixin.py:154} INFO - [2023-11-24T10:45:16.284+0800] {dag.py:3722} INFO - Setting next_dagrun for example_sla_dag to 2023-11-24T02:42:00+00:00, run_after=2023-11-24T02:44:00+00:00
[2023-11-24T10:45:16.318+0800] {processor.py:179} INFO - Processing /home/azfarmustafa/airflow_tutorial/.venv/lib/python3.10/site-packages/airflow/example_dags/example_sla_dag.py took 0.085 seconds
[2023-11-24T10:45:48.150+0800] {processor.py:157} INFO - Started process (PID=59947) to work on /home/azfarmustafa/airflow_tutorial/.venv/lib/python3.10/site-packages/airflow/example_dags/example_sla_dag.py
[2023-11-24T10:45:48.154+0800] {processor.py:829} INFO - Processing file /home/azfarmustafa/airflow_tutorial/.venv/lib/python3.10/site-packages/airflow/example_dags/example_sla_dag.py for tasks to queue
[2023-11-24T10:45:48.155+0800] {logging_mixin.py:154} INFO - [2023-11-24T10:45:48.155+0800] {dagbag.py:536} INFO - Filling up the DagBag from /home/azfarmustafa/airflow_tutorial/.venv/lib/python3.10/site-packages/airflow/example_dags/example_sla_dag.py
[2023-11-24T10:45:48.162+0800] {processor.py:839} INFO - DAG(s) dict_keys(['example_sla_dag']) retrieved from /home/azfarmustafa/airflow_tutorial/.venv/lib/python3.10/site-packages/airflow/example_dags/example_sla_dag.py
[2023-11-24T10:45:48.176+0800] {logging_mixin.py:154} INFO - [2023-11-24T10:45:48.176+0800] {dag.py:2941} INFO - Sync 1 DAGs
[2023-11-24T10:45:48.196+0800] {logging_mixin.py:154} INFO - [2023-11-24T10:45:48.196+0800] {dag.py:3722} INFO - Setting next_dagrun for example_sla_dag to 2023-11-24T02:42:00+00:00, run_after=2023-11-24T02:44:00+00:00
[2023-11-24T10:45:48.219+0800] {processor.py:179} INFO - Processing /home/azfarmustafa/airflow_tutorial/.venv/lib/python3.10/site-packages/airflow/example_dags/example_sla_dag.py took 0.071 seconds
[2023-11-24T10:46:32.123+0800] {processor.py:157} INFO - Started process (PID=59993) to work on /home/azfarmustafa/airflow_tutorial/.venv/lib/python3.10/site-packages/airflow/example_dags/example_sla_dag.py
[2023-11-24T10:46:32.127+0800] {processor.py:829} INFO - Processing file /home/azfarmustafa/airflow_tutorial/.venv/lib/python3.10/site-packages/airflow/example_dags/example_sla_dag.py for tasks to queue
[2023-11-24T10:46:32.128+0800] {logging_mixin.py:154} INFO - [2023-11-24T10:46:32.128+0800] {dagbag.py:536} INFO - Filling up the DagBag from /home/azfarmustafa/airflow_tutorial/.venv/lib/python3.10/site-packages/airflow/example_dags/example_sla_dag.py
[2023-11-24T10:46:32.137+0800] {processor.py:839} INFO - DAG(s) dict_keys(['example_sla_dag']) retrieved from /home/azfarmustafa/airflow_tutorial/.venv/lib/python3.10/site-packages/airflow/example_dags/example_sla_dag.py
[2023-11-24T10:46:32.150+0800] {logging_mixin.py:154} INFO - [2023-11-24T10:46:32.150+0800] {dag.py:2941} INFO - Sync 1 DAGs
[2023-11-24T10:46:32.180+0800] {logging_mixin.py:154} INFO - [2023-11-24T10:46:32.180+0800] {dag.py:3722} INFO - Setting next_dagrun for example_sla_dag to 2023-11-24T02:44:00+00:00, run_after=2023-11-24T02:46:00+00:00
[2023-11-24T10:46:32.210+0800] {processor.py:179} INFO - Processing /home/azfarmustafa/airflow_tutorial/.venv/lib/python3.10/site-packages/airflow/example_dags/example_sla_dag.py took 0.090 seconds
[2023-11-24T10:47:04.226+0800] {processor.py:157} INFO - Started process (PID=60025) to work on /home/azfarmustafa/airflow_tutorial/.venv/lib/python3.10/site-packages/airflow/example_dags/example_sla_dag.py
[2023-11-24T10:47:04.227+0800] {processor.py:829} INFO - Processing file /home/azfarmustafa/airflow_tutorial/.venv/lib/python3.10/site-packages/airflow/example_dags/example_sla_dag.py for tasks to queue
[2023-11-24T10:47:04.228+0800] {logging_mixin.py:154} INFO - [2023-11-24T10:47:04.228+0800] {dagbag.py:536} INFO - Filling up the DagBag from /home/azfarmustafa/airflow_tutorial/.venv/lib/python3.10/site-packages/airflow/example_dags/example_sla_dag.py
[2023-11-24T10:47:04.236+0800] {processor.py:839} INFO - DAG(s) dict_keys(['example_sla_dag']) retrieved from /home/azfarmustafa/airflow_tutorial/.venv/lib/python3.10/site-packages/airflow/example_dags/example_sla_dag.py
[2023-11-24T10:47:04.249+0800] {logging_mixin.py:154} INFO - [2023-11-24T10:47:04.249+0800] {dag.py:2941} INFO - Sync 1 DAGs
[2023-11-24T10:47:04.274+0800] {logging_mixin.py:154} INFO - [2023-11-24T10:47:04.274+0800] {dag.py:3722} INFO - Setting next_dagrun for example_sla_dag to 2023-11-24T02:44:00+00:00, run_after=2023-11-24T02:46:00+00:00
[2023-11-24T10:47:04.297+0800] {processor.py:179} INFO - Processing /home/azfarmustafa/airflow_tutorial/.venv/lib/python3.10/site-packages/airflow/example_dags/example_sla_dag.py took 0.074 seconds
[2023-11-24T10:47:47.605+0800] {processor.py:157} INFO - Started process (PID=60076) to work on /home/azfarmustafa/airflow_tutorial/.venv/lib/python3.10/site-packages/airflow/example_dags/example_sla_dag.py
[2023-11-24T10:47:47.609+0800] {processor.py:829} INFO - Processing file /home/azfarmustafa/airflow_tutorial/.venv/lib/python3.10/site-packages/airflow/example_dags/example_sla_dag.py for tasks to queue
[2023-11-24T10:47:47.610+0800] {logging_mixin.py:154} INFO - [2023-11-24T10:47:47.609+0800] {dagbag.py:536} INFO - Filling up the DagBag from /home/azfarmustafa/airflow_tutorial/.venv/lib/python3.10/site-packages/airflow/example_dags/example_sla_dag.py
[2023-11-24T10:47:47.617+0800] {processor.py:839} INFO - DAG(s) dict_keys(['example_sla_dag']) retrieved from /home/azfarmustafa/airflow_tutorial/.venv/lib/python3.10/site-packages/airflow/example_dags/example_sla_dag.py
[2023-11-24T10:47:47.630+0800] {logging_mixin.py:154} INFO - [2023-11-24T10:47:47.630+0800] {dag.py:2941} INFO - Sync 1 DAGs
[2023-11-24T10:47:47.659+0800] {logging_mixin.py:154} INFO - [2023-11-24T10:47:47.658+0800] {dag.py:3722} INFO - Setting next_dagrun for example_sla_dag to 2023-11-24T02:44:00+00:00, run_after=2023-11-24T02:46:00+00:00
[2023-11-24T10:47:47.682+0800] {processor.py:179} INFO - Processing /home/azfarmustafa/airflow_tutorial/.venv/lib/python3.10/site-packages/airflow/example_dags/example_sla_dag.py took 0.080 seconds
[2023-11-24T10:48:19.183+0800] {processor.py:157} INFO - Started process (PID=60108) to work on /home/azfarmustafa/airflow_tutorial/.venv/lib/python3.10/site-packages/airflow/example_dags/example_sla_dag.py
[2023-11-24T10:48:19.188+0800] {processor.py:829} INFO - Processing file /home/azfarmustafa/airflow_tutorial/.venv/lib/python3.10/site-packages/airflow/example_dags/example_sla_dag.py for tasks to queue
[2023-11-24T10:48:19.188+0800] {logging_mixin.py:154} INFO - [2023-11-24T10:48:19.188+0800] {dagbag.py:536} INFO - Filling up the DagBag from /home/azfarmustafa/airflow_tutorial/.venv/lib/python3.10/site-packages/airflow/example_dags/example_sla_dag.py
[2023-11-24T10:48:19.196+0800] {processor.py:839} INFO - DAG(s) dict_keys(['example_sla_dag']) retrieved from /home/azfarmustafa/airflow_tutorial/.venv/lib/python3.10/site-packages/airflow/example_dags/example_sla_dag.py
[2023-11-24T10:48:19.212+0800] {logging_mixin.py:154} INFO - [2023-11-24T10:48:19.212+0800] {dag.py:2941} INFO - Sync 1 DAGs
[2023-11-24T10:48:19.233+0800] {logging_mixin.py:154} INFO - [2023-11-24T10:48:19.233+0800] {dag.py:3722} INFO - Setting next_dagrun for example_sla_dag to 2023-11-24T02:46:00+00:00, run_after=2023-11-24T02:48:00+00:00
[2023-11-24T10:48:19.256+0800] {processor.py:179} INFO - Processing /home/azfarmustafa/airflow_tutorial/.venv/lib/python3.10/site-packages/airflow/example_dags/example_sla_dag.py took 0.075 seconds
[2023-11-24T10:49:06.728+0800] {processor.py:157} INFO - Started process (PID=60155) to work on /home/azfarmustafa/airflow_tutorial/.venv/lib/python3.10/site-packages/airflow/example_dags/example_sla_dag.py
[2023-11-24T10:49:06.732+0800] {processor.py:829} INFO - Processing file /home/azfarmustafa/airflow_tutorial/.venv/lib/python3.10/site-packages/airflow/example_dags/example_sla_dag.py for tasks to queue
[2023-11-24T10:49:06.733+0800] {logging_mixin.py:154} INFO - [2023-11-24T10:49:06.733+0800] {dagbag.py:536} INFO - Filling up the DagBag from /home/azfarmustafa/airflow_tutorial/.venv/lib/python3.10/site-packages/airflow/example_dags/example_sla_dag.py
[2023-11-24T10:49:06.740+0800] {processor.py:839} INFO - DAG(s) dict_keys(['example_sla_dag']) retrieved from /home/azfarmustafa/airflow_tutorial/.venv/lib/python3.10/site-packages/airflow/example_dags/example_sla_dag.py
[2023-11-24T10:49:06.753+0800] {logging_mixin.py:154} INFO - [2023-11-24T10:49:06.753+0800] {dag.py:2941} INFO - Sync 1 DAGs
[2023-11-24T10:49:06.773+0800] {logging_mixin.py:154} INFO - [2023-11-24T10:49:06.773+0800] {dag.py:3722} INFO - Setting next_dagrun for example_sla_dag to 2023-11-24T02:46:00+00:00, run_after=2023-11-24T02:48:00+00:00
[2023-11-24T10:49:06.797+0800] {processor.py:179} INFO - Processing /home/azfarmustafa/airflow_tutorial/.venv/lib/python3.10/site-packages/airflow/example_dags/example_sla_dag.py took 0.072 seconds
[2023-11-24T10:49:38.999+0800] {processor.py:157} INFO - Started process (PID=60189) to work on /home/azfarmustafa/airflow_tutorial/.venv/lib/python3.10/site-packages/airflow/example_dags/example_sla_dag.py
[2023-11-24T10:49:38.999+0800] {processor.py:829} INFO - Processing file /home/azfarmustafa/airflow_tutorial/.venv/lib/python3.10/site-packages/airflow/example_dags/example_sla_dag.py for tasks to queue
[2023-11-24T10:49:39.000+0800] {logging_mixin.py:154} INFO - [2023-11-24T10:49:39.000+0800] {dagbag.py:536} INFO - Filling up the DagBag from /home/azfarmustafa/airflow_tutorial/.venv/lib/python3.10/site-packages/airflow/example_dags/example_sla_dag.py
[2023-11-24T10:49:39.009+0800] {processor.py:839} INFO - DAG(s) dict_keys(['example_sla_dag']) retrieved from /home/azfarmustafa/airflow_tutorial/.venv/lib/python3.10/site-packages/airflow/example_dags/example_sla_dag.py
[2023-11-24T10:49:39.021+0800] {logging_mixin.py:154} INFO - [2023-11-24T10:49:39.021+0800] {dag.py:2941} INFO - Sync 1 DAGs
[2023-11-24T10:49:39.048+0800] {logging_mixin.py:154} INFO - [2023-11-24T10:49:39.047+0800] {dag.py:3722} INFO - Setting next_dagrun for example_sla_dag to 2023-11-24T02:46:00+00:00, run_after=2023-11-24T02:48:00+00:00
[2023-11-24T10:49:39.074+0800] {processor.py:179} INFO - Processing /home/azfarmustafa/airflow_tutorial/.venv/lib/python3.10/site-packages/airflow/example_dags/example_sla_dag.py took 0.080 seconds
[2023-11-24T10:50:24.431+0800] {processor.py:157} INFO - Started process (PID=60236) to work on /home/azfarmustafa/airflow_tutorial/.venv/lib/python3.10/site-packages/airflow/example_dags/example_sla_dag.py
[2023-11-24T10:50:24.432+0800] {processor.py:829} INFO - Processing file /home/azfarmustafa/airflow_tutorial/.venv/lib/python3.10/site-packages/airflow/example_dags/example_sla_dag.py for tasks to queue
[2023-11-24T10:50:24.433+0800] {logging_mixin.py:154} INFO - [2023-11-24T10:50:24.432+0800] {dagbag.py:536} INFO - Filling up the DagBag from /home/azfarmustafa/airflow_tutorial/.venv/lib/python3.10/site-packages/airflow/example_dags/example_sla_dag.py
[2023-11-24T10:50:24.441+0800] {processor.py:839} INFO - DAG(s) dict_keys(['example_sla_dag']) retrieved from /home/azfarmustafa/airflow_tutorial/.venv/lib/python3.10/site-packages/airflow/example_dags/example_sla_dag.py
[2023-11-24T10:50:24.454+0800] {logging_mixin.py:154} INFO - [2023-11-24T10:50:24.453+0800] {dag.py:2941} INFO - Sync 1 DAGs
[2023-11-24T10:50:24.473+0800] {logging_mixin.py:154} INFO - [2023-11-24T10:50:24.473+0800] {dag.py:3722} INFO - Setting next_dagrun for example_sla_dag to 2023-11-24T02:48:00+00:00, run_after=2023-11-24T02:50:00+00:00
[2023-11-24T10:50:24.499+0800] {processor.py:179} INFO - Processing /home/azfarmustafa/airflow_tutorial/.venv/lib/python3.10/site-packages/airflow/example_dags/example_sla_dag.py took 0.071 seconds
[2023-11-24T10:50:55.452+0800] {processor.py:157} INFO - Started process (PID=60268) to work on /home/azfarmustafa/airflow_tutorial/.venv/lib/python3.10/site-packages/airflow/example_dags/example_sla_dag.py
[2023-11-24T10:50:55.456+0800] {processor.py:829} INFO - Processing file /home/azfarmustafa/airflow_tutorial/.venv/lib/python3.10/site-packages/airflow/example_dags/example_sla_dag.py for tasks to queue
[2023-11-24T10:50:55.457+0800] {logging_mixin.py:154} INFO - [2023-11-24T10:50:55.457+0800] {dagbag.py:536} INFO - Filling up the DagBag from /home/azfarmustafa/airflow_tutorial/.venv/lib/python3.10/site-packages/airflow/example_dags/example_sla_dag.py
[2023-11-24T10:50:55.464+0800] {processor.py:839} INFO - DAG(s) dict_keys(['example_sla_dag']) retrieved from /home/azfarmustafa/airflow_tutorial/.venv/lib/python3.10/site-packages/airflow/example_dags/example_sla_dag.py
[2023-11-24T10:50:55.478+0800] {logging_mixin.py:154} INFO - [2023-11-24T10:50:55.477+0800] {dag.py:2941} INFO - Sync 1 DAGs
[2023-11-24T10:50:55.498+0800] {logging_mixin.py:154} INFO - [2023-11-24T10:50:55.498+0800] {dag.py:3722} INFO - Setting next_dagrun for example_sla_dag to 2023-11-24T02:48:00+00:00, run_after=2023-11-24T02:50:00+00:00
[2023-11-24T10:50:55.522+0800] {processor.py:179} INFO - Processing /home/azfarmustafa/airflow_tutorial/.venv/lib/python3.10/site-packages/airflow/example_dags/example_sla_dag.py took 0.073 seconds
[2023-11-24T10:51:27.137+0800] {processor.py:157} INFO - Started process (PID=60300) to work on /home/azfarmustafa/airflow_tutorial/.venv/lib/python3.10/site-packages/airflow/example_dags/example_sla_dag.py
[2023-11-24T10:51:27.139+0800] {processor.py:829} INFO - Processing file /home/azfarmustafa/airflow_tutorial/.venv/lib/python3.10/site-packages/airflow/example_dags/example_sla_dag.py for tasks to queue
[2023-11-24T10:51:27.140+0800] {logging_mixin.py:154} INFO - [2023-11-24T10:51:27.139+0800] {dagbag.py:536} INFO - Filling up the DagBag from /home/azfarmustafa/airflow_tutorial/.venv/lib/python3.10/site-packages/airflow/example_dags/example_sla_dag.py
[2023-11-24T10:51:27.148+0800] {processor.py:839} INFO - DAG(s) dict_keys(['example_sla_dag']) retrieved from /home/azfarmustafa/airflow_tutorial/.venv/lib/python3.10/site-packages/airflow/example_dags/example_sla_dag.py
[2023-11-24T10:51:27.163+0800] {logging_mixin.py:154} INFO - [2023-11-24T10:51:27.163+0800] {dag.py:2941} INFO - Sync 1 DAGs
[2023-11-24T10:51:27.187+0800] {logging_mixin.py:154} INFO - [2023-11-24T10:51:27.187+0800] {dag.py:3722} INFO - Setting next_dagrun for example_sla_dag to 2023-11-24T02:48:00+00:00, run_after=2023-11-24T02:50:00+00:00
[2023-11-24T10:51:27.210+0800] {processor.py:179} INFO - Processing /home/azfarmustafa/airflow_tutorial/.venv/lib/python3.10/site-packages/airflow/example_dags/example_sla_dag.py took 0.076 seconds
[2023-11-24T10:51:58.600+0800] {processor.py:157} INFO - Started process (PID=60332) to work on /home/azfarmustafa/airflow_tutorial/.venv/lib/python3.10/site-packages/airflow/example_dags/example_sla_dag.py
[2023-11-24T10:51:58.604+0800] {processor.py:829} INFO - Processing file /home/azfarmustafa/airflow_tutorial/.venv/lib/python3.10/site-packages/airflow/example_dags/example_sla_dag.py for tasks to queue
[2023-11-24T10:51:58.604+0800] {logging_mixin.py:154} INFO - [2023-11-24T10:51:58.604+0800] {dagbag.py:536} INFO - Filling up the DagBag from /home/azfarmustafa/airflow_tutorial/.venv/lib/python3.10/site-packages/airflow/example_dags/example_sla_dag.py
[2023-11-24T10:51:58.612+0800] {processor.py:839} INFO - DAG(s) dict_keys(['example_sla_dag']) retrieved from /home/azfarmustafa/airflow_tutorial/.venv/lib/python3.10/site-packages/airflow/example_dags/example_sla_dag.py
[2023-11-24T10:51:58.626+0800] {logging_mixin.py:154} INFO - [2023-11-24T10:51:58.625+0800] {dag.py:2941} INFO - Sync 1 DAGs
[2023-11-24T10:51:58.650+0800] {logging_mixin.py:154} INFO - [2023-11-24T10:51:58.650+0800] {dag.py:3722} INFO - Setting next_dagrun for example_sla_dag to 2023-11-24T02:48:00+00:00, run_after=2023-11-24T02:50:00+00:00
[2023-11-24T10:51:58.677+0800] {processor.py:179} INFO - Processing /home/azfarmustafa/airflow_tutorial/.venv/lib/python3.10/site-packages/airflow/example_dags/example_sla_dag.py took 0.080 seconds
[2023-11-24T10:52:30.584+0800] {processor.py:157} INFO - Started process (PID=60364) to work on /home/azfarmustafa/airflow_tutorial/.venv/lib/python3.10/site-packages/airflow/example_dags/example_sla_dag.py
[2023-11-24T10:52:30.585+0800] {processor.py:829} INFO - Processing file /home/azfarmustafa/airflow_tutorial/.venv/lib/python3.10/site-packages/airflow/example_dags/example_sla_dag.py for tasks to queue
[2023-11-24T10:52:30.586+0800] {logging_mixin.py:154} INFO - [2023-11-24T10:52:30.585+0800] {dagbag.py:536} INFO - Filling up the DagBag from /home/azfarmustafa/airflow_tutorial/.venv/lib/python3.10/site-packages/airflow/example_dags/example_sla_dag.py
[2023-11-24T10:52:30.593+0800] {processor.py:839} INFO - DAG(s) dict_keys(['example_sla_dag']) retrieved from /home/azfarmustafa/airflow_tutorial/.venv/lib/python3.10/site-packages/airflow/example_dags/example_sla_dag.py
[2023-11-24T10:52:30.606+0800] {logging_mixin.py:154} INFO - [2023-11-24T10:52:30.606+0800] {dag.py:2941} INFO - Sync 1 DAGs
[2023-11-24T10:52:30.626+0800] {logging_mixin.py:154} INFO - [2023-11-24T10:52:30.626+0800] {dag.py:3722} INFO - Setting next_dagrun for example_sla_dag to 2023-11-24T02:50:00+00:00, run_after=2023-11-24T02:52:00+00:00
[2023-11-24T10:52:30.650+0800] {processor.py:179} INFO - Processing /home/azfarmustafa/airflow_tutorial/.venv/lib/python3.10/site-packages/airflow/example_dags/example_sla_dag.py took 0.068 seconds
[2023-11-24T10:53:04.454+0800] {processor.py:157} INFO - Started process (PID=60397) to work on /home/azfarmustafa/airflow_tutorial/.venv/lib/python3.10/site-packages/airflow/example_dags/example_sla_dag.py
[2023-11-24T10:53:04.458+0800] {processor.py:829} INFO - Processing file /home/azfarmustafa/airflow_tutorial/.venv/lib/python3.10/site-packages/airflow/example_dags/example_sla_dag.py for tasks to queue
[2023-11-24T10:53:04.458+0800] {logging_mixin.py:154} INFO - [2023-11-24T10:53:04.458+0800] {dagbag.py:536} INFO - Filling up the DagBag from /home/azfarmustafa/airflow_tutorial/.venv/lib/python3.10/site-packages/airflow/example_dags/example_sla_dag.py
[2023-11-24T10:53:04.466+0800] {processor.py:839} INFO - DAG(s) dict_keys(['example_sla_dag']) retrieved from /home/azfarmustafa/airflow_tutorial/.venv/lib/python3.10/site-packages/airflow/example_dags/example_sla_dag.py
[2023-11-24T10:53:04.478+0800] {logging_mixin.py:154} INFO - [2023-11-24T10:53:04.478+0800] {dag.py:2941} INFO - Sync 1 DAGs
[2023-11-24T10:53:04.498+0800] {logging_mixin.py:154} INFO - [2023-11-24T10:53:04.498+0800] {dag.py:3722} INFO - Setting next_dagrun for example_sla_dag to 2023-11-24T02:50:00+00:00, run_after=2023-11-24T02:52:00+00:00
[2023-11-24T10:53:04.523+0800] {processor.py:179} INFO - Processing /home/azfarmustafa/airflow_tutorial/.venv/lib/python3.10/site-packages/airflow/example_dags/example_sla_dag.py took 0.071 seconds
[2023-11-24T10:53:35.391+0800] {processor.py:157} INFO - Started process (PID=60436) to work on /home/azfarmustafa/airflow_tutorial/.venv/lib/python3.10/site-packages/airflow/example_dags/example_sla_dag.py
[2023-11-24T10:53:35.392+0800] {processor.py:829} INFO - Processing file /home/azfarmustafa/airflow_tutorial/.venv/lib/python3.10/site-packages/airflow/example_dags/example_sla_dag.py for tasks to queue
[2023-11-24T10:53:35.393+0800] {logging_mixin.py:154} INFO - [2023-11-24T10:53:35.392+0800] {dagbag.py:536} INFO - Filling up the DagBag from /home/azfarmustafa/airflow_tutorial/.venv/lib/python3.10/site-packages/airflow/example_dags/example_sla_dag.py
[2023-11-24T10:53:35.402+0800] {processor.py:839} INFO - DAG(s) dict_keys(['example_sla_dag']) retrieved from /home/azfarmustafa/airflow_tutorial/.venv/lib/python3.10/site-packages/airflow/example_dags/example_sla_dag.py
[2023-11-24T10:53:35.419+0800] {logging_mixin.py:154} INFO - [2023-11-24T10:53:35.418+0800] {dag.py:2941} INFO - Sync 1 DAGs
[2023-11-24T10:53:35.440+0800] {logging_mixin.py:154} INFO - [2023-11-24T10:53:35.440+0800] {dag.py:3722} INFO - Setting next_dagrun for example_sla_dag to 2023-11-24T02:50:00+00:00, run_after=2023-11-24T02:52:00+00:00
[2023-11-24T10:53:35.464+0800] {processor.py:179} INFO - Processing /home/azfarmustafa/airflow_tutorial/.venv/lib/python3.10/site-packages/airflow/example_dags/example_sla_dag.py took 0.076 seconds
[2023-11-24T10:54:07.429+0800] {processor.py:157} INFO - Started process (PID=60467) to work on /home/azfarmustafa/airflow_tutorial/.venv/lib/python3.10/site-packages/airflow/example_dags/example_sla_dag.py
[2023-11-24T10:54:07.429+0800] {processor.py:829} INFO - Processing file /home/azfarmustafa/airflow_tutorial/.venv/lib/python3.10/site-packages/airflow/example_dags/example_sla_dag.py for tasks to queue
[2023-11-24T10:54:07.430+0800] {logging_mixin.py:154} INFO - [2023-11-24T10:54:07.430+0800] {dagbag.py:536} INFO - Filling up the DagBag from /home/azfarmustafa/airflow_tutorial/.venv/lib/python3.10/site-packages/airflow/example_dags/example_sla_dag.py
[2023-11-24T10:54:07.438+0800] {processor.py:839} INFO - DAG(s) dict_keys(['example_sla_dag']) retrieved from /home/azfarmustafa/airflow_tutorial/.venv/lib/python3.10/site-packages/airflow/example_dags/example_sla_dag.py
[2023-11-24T10:54:07.451+0800] {logging_mixin.py:154} INFO - [2023-11-24T10:54:07.451+0800] {dag.py:2941} INFO - Sync 1 DAGs
[2023-11-24T10:54:07.474+0800] {logging_mixin.py:154} INFO - [2023-11-24T10:54:07.474+0800] {dag.py:3722} INFO - Setting next_dagrun for example_sla_dag to 2023-11-24T02:52:00+00:00, run_after=2023-11-24T02:54:00+00:00
[2023-11-24T10:54:07.495+0800] {processor.py:179} INFO - Processing /home/azfarmustafa/airflow_tutorial/.venv/lib/python3.10/site-packages/airflow/example_dags/example_sla_dag.py took 0.069 seconds
[2023-11-24T10:54:40.565+0800] {processor.py:157} INFO - Started process (PID=60500) to work on /home/azfarmustafa/airflow_tutorial/.venv/lib/python3.10/site-packages/airflow/example_dags/example_sla_dag.py
[2023-11-24T10:54:40.569+0800] {processor.py:829} INFO - Processing file /home/azfarmustafa/airflow_tutorial/.venv/lib/python3.10/site-packages/airflow/example_dags/example_sla_dag.py for tasks to queue
[2023-11-24T10:54:40.570+0800] {logging_mixin.py:154} INFO - [2023-11-24T10:54:40.570+0800] {dagbag.py:536} INFO - Filling up the DagBag from /home/azfarmustafa/airflow_tutorial/.venv/lib/python3.10/site-packages/airflow/example_dags/example_sla_dag.py
[2023-11-24T10:54:40.577+0800] {processor.py:839} INFO - DAG(s) dict_keys(['example_sla_dag']) retrieved from /home/azfarmustafa/airflow_tutorial/.venv/lib/python3.10/site-packages/airflow/example_dags/example_sla_dag.py
[2023-11-24T10:54:40.591+0800] {logging_mixin.py:154} INFO - [2023-11-24T10:54:40.591+0800] {dag.py:2941} INFO - Sync 1 DAGs
[2023-11-24T10:54:40.612+0800] {logging_mixin.py:154} INFO - [2023-11-24T10:54:40.612+0800] {dag.py:3722} INFO - Setting next_dagrun for example_sla_dag to 2023-11-24T02:52:00+00:00, run_after=2023-11-24T02:54:00+00:00
[2023-11-24T10:54:40.636+0800] {processor.py:179} INFO - Processing /home/azfarmustafa/airflow_tutorial/.venv/lib/python3.10/site-packages/airflow/example_dags/example_sla_dag.py took 0.074 seconds
[2023-11-24T10:55:12.776+0800] {processor.py:157} INFO - Started process (PID=60533) to work on /home/azfarmustafa/airflow_tutorial/.venv/lib/python3.10/site-packages/airflow/example_dags/example_sla_dag.py
[2023-11-24T10:55:12.777+0800] {processor.py:829} INFO - Processing file /home/azfarmustafa/airflow_tutorial/.venv/lib/python3.10/site-packages/airflow/example_dags/example_sla_dag.py for tasks to queue
[2023-11-24T10:55:12.778+0800] {logging_mixin.py:154} INFO - [2023-11-24T10:55:12.778+0800] {dagbag.py:536} INFO - Filling up the DagBag from /home/azfarmustafa/airflow_tutorial/.venv/lib/python3.10/site-packages/airflow/example_dags/example_sla_dag.py
[2023-11-24T10:55:12.786+0800] {processor.py:839} INFO - DAG(s) dict_keys(['example_sla_dag']) retrieved from /home/azfarmustafa/airflow_tutorial/.venv/lib/python3.10/site-packages/airflow/example_dags/example_sla_dag.py
[2023-11-24T10:55:12.800+0800] {logging_mixin.py:154} INFO - [2023-11-24T10:55:12.799+0800] {dag.py:2941} INFO - Sync 1 DAGs
[2023-11-24T10:55:12.820+0800] {logging_mixin.py:154} INFO - [2023-11-24T10:55:12.820+0800] {dag.py:3722} INFO - Setting next_dagrun for example_sla_dag to 2023-11-24T02:52:00+00:00, run_after=2023-11-24T02:54:00+00:00
[2023-11-24T10:55:12.842+0800] {processor.py:179} INFO - Processing /home/azfarmustafa/airflow_tutorial/.venv/lib/python3.10/site-packages/airflow/example_dags/example_sla_dag.py took 0.069 seconds
[2023-11-24T10:55:56.914+0800] {processor.py:157} INFO - Started process (PID=60578) to work on /home/azfarmustafa/airflow_tutorial/.venv/lib/python3.10/site-packages/airflow/example_dags/example_sla_dag.py
[2023-11-24T10:55:56.918+0800] {processor.py:829} INFO - Processing file /home/azfarmustafa/airflow_tutorial/.venv/lib/python3.10/site-packages/airflow/example_dags/example_sla_dag.py for tasks to queue
[2023-11-24T10:55:56.920+0800] {logging_mixin.py:154} INFO - [2023-11-24T10:55:56.919+0800] {dagbag.py:536} INFO - Filling up the DagBag from /home/azfarmustafa/airflow_tutorial/.venv/lib/python3.10/site-packages/airflow/example_dags/example_sla_dag.py
[2023-11-24T10:55:56.927+0800] {processor.py:839} INFO - DAG(s) dict_keys(['example_sla_dag']) retrieved from /home/azfarmustafa/airflow_tutorial/.venv/lib/python3.10/site-packages/airflow/example_dags/example_sla_dag.py
[2023-11-24T10:55:56.942+0800] {logging_mixin.py:154} INFO - [2023-11-24T10:55:56.942+0800] {dag.py:2941} INFO - Sync 1 DAGs
[2023-11-24T10:55:56.964+0800] {logging_mixin.py:154} INFO - [2023-11-24T10:55:56.964+0800] {dag.py:3722} INFO - Setting next_dagrun for example_sla_dag to 2023-11-24T02:52:00+00:00, run_after=2023-11-24T02:54:00+00:00
[2023-11-24T10:55:56.994+0800] {processor.py:179} INFO - Processing /home/azfarmustafa/airflow_tutorial/.venv/lib/python3.10/site-packages/airflow/example_dags/example_sla_dag.py took 0.082 seconds
[2023-11-24T10:56:40.423+0800] {processor.py:157} INFO - Started process (PID=60624) to work on /home/azfarmustafa/airflow_tutorial/.venv/lib/python3.10/site-packages/airflow/example_dags/example_sla_dag.py
[2023-11-24T10:56:40.425+0800] {processor.py:829} INFO - Processing file /home/azfarmustafa/airflow_tutorial/.venv/lib/python3.10/site-packages/airflow/example_dags/example_sla_dag.py for tasks to queue
[2023-11-24T10:56:40.425+0800] {logging_mixin.py:154} INFO - [2023-11-24T10:56:40.425+0800] {dagbag.py:536} INFO - Filling up the DagBag from /home/azfarmustafa/airflow_tutorial/.venv/lib/python3.10/site-packages/airflow/example_dags/example_sla_dag.py
[2023-11-24T10:56:40.433+0800] {processor.py:839} INFO - DAG(s) dict_keys(['example_sla_dag']) retrieved from /home/azfarmustafa/airflow_tutorial/.venv/lib/python3.10/site-packages/airflow/example_dags/example_sla_dag.py
[2023-11-24T10:56:40.446+0800] {logging_mixin.py:154} INFO - [2023-11-24T10:56:40.446+0800] {dag.py:2941} INFO - Sync 1 DAGs
[2023-11-24T10:56:40.466+0800] {logging_mixin.py:154} INFO - [2023-11-24T10:56:40.465+0800] {dag.py:3722} INFO - Setting next_dagrun for example_sla_dag to 2023-11-24T02:54:00+00:00, run_after=2023-11-24T02:56:00+00:00
[2023-11-24T10:56:40.489+0800] {processor.py:179} INFO - Processing /home/azfarmustafa/airflow_tutorial/.venv/lib/python3.10/site-packages/airflow/example_dags/example_sla_dag.py took 0.068 seconds
[2023-11-24T10:57:23.289+0800] {processor.py:157} INFO - Started process (PID=60668) to work on /home/azfarmustafa/airflow_tutorial/.venv/lib/python3.10/site-packages/airflow/example_dags/example_sla_dag.py
[2023-11-24T10:57:23.294+0800] {processor.py:829} INFO - Processing file /home/azfarmustafa/airflow_tutorial/.venv/lib/python3.10/site-packages/airflow/example_dags/example_sla_dag.py for tasks to queue
[2023-11-24T10:57:23.294+0800] {logging_mixin.py:154} INFO - [2023-11-24T10:57:23.294+0800] {dagbag.py:536} INFO - Filling up the DagBag from /home/azfarmustafa/airflow_tutorial/.venv/lib/python3.10/site-packages/airflow/example_dags/example_sla_dag.py
[2023-11-24T10:57:23.301+0800] {processor.py:839} INFO - DAG(s) dict_keys(['example_sla_dag']) retrieved from /home/azfarmustafa/airflow_tutorial/.venv/lib/python3.10/site-packages/airflow/example_dags/example_sla_dag.py
[2023-11-24T10:57:23.315+0800] {logging_mixin.py:154} INFO - [2023-11-24T10:57:23.314+0800] {dag.py:2941} INFO - Sync 1 DAGs
[2023-11-24T10:57:23.334+0800] {logging_mixin.py:154} INFO - [2023-11-24T10:57:23.334+0800] {dag.py:3722} INFO - Setting next_dagrun for example_sla_dag to 2023-11-24T02:54:00+00:00, run_after=2023-11-24T02:56:00+00:00
[2023-11-24T10:57:23.358+0800] {processor.py:179} INFO - Processing /home/azfarmustafa/airflow_tutorial/.venv/lib/python3.10/site-packages/airflow/example_dags/example_sla_dag.py took 0.072 seconds
[2023-11-24T10:58:05.491+0800] {processor.py:157} INFO - Started process (PID=60712) to work on /home/azfarmustafa/airflow_tutorial/.venv/lib/python3.10/site-packages/airflow/example_dags/example_sla_dag.py
[2023-11-24T10:58:05.495+0800] {processor.py:829} INFO - Processing file /home/azfarmustafa/airflow_tutorial/.venv/lib/python3.10/site-packages/airflow/example_dags/example_sla_dag.py for tasks to queue
[2023-11-24T10:58:05.496+0800] {logging_mixin.py:154} INFO - [2023-11-24T10:58:05.496+0800] {dagbag.py:536} INFO - Filling up the DagBag from /home/azfarmustafa/airflow_tutorial/.venv/lib/python3.10/site-packages/airflow/example_dags/example_sla_dag.py
[2023-11-24T10:58:05.503+0800] {processor.py:839} INFO - DAG(s) dict_keys(['example_sla_dag']) retrieved from /home/azfarmustafa/airflow_tutorial/.venv/lib/python3.10/site-packages/airflow/example_dags/example_sla_dag.py
[2023-11-24T10:58:05.516+0800] {logging_mixin.py:154} INFO - [2023-11-24T10:58:05.516+0800] {dag.py:2941} INFO - Sync 1 DAGs
[2023-11-24T10:58:05.541+0800] {logging_mixin.py:154} INFO - [2023-11-24T10:58:05.540+0800] {dag.py:3722} INFO - Setting next_dagrun for example_sla_dag to 2023-11-24T02:56:00+00:00, run_after=2023-11-24T02:58:00+00:00
[2023-11-24T10:58:05.597+0800] {processor.py:179} INFO - Processing /home/azfarmustafa/airflow_tutorial/.venv/lib/python3.10/site-packages/airflow/example_dags/example_sla_dag.py took 0.108 seconds
[2023-11-24T10:58:39.642+0800] {processor.py:157} INFO - Started process (PID=60747) to work on /home/azfarmustafa/airflow_tutorial/.venv/lib/python3.10/site-packages/airflow/example_dags/example_sla_dag.py
[2023-11-24T10:58:39.644+0800] {processor.py:829} INFO - Processing file /home/azfarmustafa/airflow_tutorial/.venv/lib/python3.10/site-packages/airflow/example_dags/example_sla_dag.py for tasks to queue
[2023-11-24T10:58:39.646+0800] {logging_mixin.py:154} INFO - [2023-11-24T10:58:39.646+0800] {dagbag.py:536} INFO - Filling up the DagBag from /home/azfarmustafa/airflow_tutorial/.venv/lib/python3.10/site-packages/airflow/example_dags/example_sla_dag.py
[2023-11-24T10:58:39.658+0800] {processor.py:839} INFO - DAG(s) dict_keys(['example_sla_dag']) retrieved from /home/azfarmustafa/airflow_tutorial/.venv/lib/python3.10/site-packages/airflow/example_dags/example_sla_dag.py
[2023-11-24T10:58:39.672+0800] {logging_mixin.py:154} INFO - [2023-11-24T10:58:39.672+0800] {dag.py:2941} INFO - Sync 1 DAGs
[2023-11-24T10:58:39.693+0800] {logging_mixin.py:154} INFO - [2023-11-24T10:58:39.693+0800] {dag.py:3722} INFO - Setting next_dagrun for example_sla_dag to 2023-11-24T02:56:00+00:00, run_after=2023-11-24T02:58:00+00:00
[2023-11-24T10:58:39.718+0800] {processor.py:179} INFO - Processing /home/azfarmustafa/airflow_tutorial/.venv/lib/python3.10/site-packages/airflow/example_dags/example_sla_dag.py took 0.079 seconds
[2023-11-24T10:59:10.014+0800] {processor.py:157} INFO - Started process (PID=60777) to work on /home/azfarmustafa/airflow_tutorial/.venv/lib/python3.10/site-packages/airflow/example_dags/example_sla_dag.py
[2023-11-24T10:59:10.015+0800] {processor.py:829} INFO - Processing file /home/azfarmustafa/airflow_tutorial/.venv/lib/python3.10/site-packages/airflow/example_dags/example_sla_dag.py for tasks to queue
[2023-11-24T10:59:10.016+0800] {logging_mixin.py:154} INFO - [2023-11-24T10:59:10.015+0800] {dagbag.py:536} INFO - Filling up the DagBag from /home/azfarmustafa/airflow_tutorial/.venv/lib/python3.10/site-packages/airflow/example_dags/example_sla_dag.py
[2023-11-24T10:59:10.024+0800] {processor.py:839} INFO - DAG(s) dict_keys(['example_sla_dag']) retrieved from /home/azfarmustafa/airflow_tutorial/.venv/lib/python3.10/site-packages/airflow/example_dags/example_sla_dag.py
[2023-11-24T10:59:10.038+0800] {logging_mixin.py:154} INFO - [2023-11-24T10:59:10.037+0800] {dag.py:2941} INFO - Sync 1 DAGs
[2023-11-24T10:59:10.059+0800] {logging_mixin.py:154} INFO - [2023-11-24T10:59:10.059+0800] {dag.py:3722} INFO - Setting next_dagrun for example_sla_dag to 2023-11-24T02:56:00+00:00, run_after=2023-11-24T02:58:00+00:00
[2023-11-24T10:59:10.087+0800] {processor.py:179} INFO - Processing /home/azfarmustafa/airflow_tutorial/.venv/lib/python3.10/site-packages/airflow/example_dags/example_sla_dag.py took 0.077 seconds
[2023-11-24T10:59:41.551+0800] {processor.py:157} INFO - Started process (PID=60816) to work on /home/azfarmustafa/airflow_tutorial/.venv/lib/python3.10/site-packages/airflow/example_dags/example_sla_dag.py
[2023-11-24T10:59:41.555+0800] {processor.py:829} INFO - Processing file /home/azfarmustafa/airflow_tutorial/.venv/lib/python3.10/site-packages/airflow/example_dags/example_sla_dag.py for tasks to queue
[2023-11-24T10:59:41.556+0800] {logging_mixin.py:154} INFO - [2023-11-24T10:59:41.555+0800] {dagbag.py:536} INFO - Filling up the DagBag from /home/azfarmustafa/airflow_tutorial/.venv/lib/python3.10/site-packages/airflow/example_dags/example_sla_dag.py
[2023-11-24T10:59:41.564+0800] {processor.py:839} INFO - DAG(s) dict_keys(['example_sla_dag']) retrieved from /home/azfarmustafa/airflow_tutorial/.venv/lib/python3.10/site-packages/airflow/example_dags/example_sla_dag.py
[2023-11-24T10:59:41.580+0800] {logging_mixin.py:154} INFO - [2023-11-24T10:59:41.579+0800] {dag.py:2941} INFO - Sync 1 DAGs
[2023-11-24T10:59:41.602+0800] {logging_mixin.py:154} INFO - [2023-11-24T10:59:41.602+0800] {dag.py:3722} INFO - Setting next_dagrun for example_sla_dag to 2023-11-24T02:56:00+00:00, run_after=2023-11-24T02:58:00+00:00
[2023-11-24T10:59:41.624+0800] {processor.py:179} INFO - Processing /home/azfarmustafa/airflow_tutorial/.venv/lib/python3.10/site-packages/airflow/example_dags/example_sla_dag.py took 0.076 seconds
[2023-11-24T11:00:12.503+0800] {processor.py:157} INFO - Started process (PID=60848) to work on /home/azfarmustafa/airflow_tutorial/.venv/lib/python3.10/site-packages/airflow/example_dags/example_sla_dag.py
[2023-11-24T11:00:12.503+0800] {processor.py:829} INFO - Processing file /home/azfarmustafa/airflow_tutorial/.venv/lib/python3.10/site-packages/airflow/example_dags/example_sla_dag.py for tasks to queue
[2023-11-24T11:00:12.504+0800] {logging_mixin.py:154} INFO - [2023-11-24T11:00:12.504+0800] {dagbag.py:536} INFO - Filling up the DagBag from /home/azfarmustafa/airflow_tutorial/.venv/lib/python3.10/site-packages/airflow/example_dags/example_sla_dag.py
[2023-11-24T11:00:12.512+0800] {processor.py:839} INFO - DAG(s) dict_keys(['example_sla_dag']) retrieved from /home/azfarmustafa/airflow_tutorial/.venv/lib/python3.10/site-packages/airflow/example_dags/example_sla_dag.py
[2023-11-24T11:00:12.525+0800] {logging_mixin.py:154} INFO - [2023-11-24T11:00:12.525+0800] {dag.py:2941} INFO - Sync 1 DAGs
[2023-11-24T11:00:12.548+0800] {logging_mixin.py:154} INFO - [2023-11-24T11:00:12.548+0800] {dag.py:3722} INFO - Setting next_dagrun for example_sla_dag to 2023-11-24T02:58:00+00:00, run_after=2023-11-24T03:00:00+00:00
[2023-11-24T11:00:12.573+0800] {processor.py:179} INFO - Processing /home/azfarmustafa/airflow_tutorial/.venv/lib/python3.10/site-packages/airflow/example_dags/example_sla_dag.py took 0.073 seconds
[2023-11-24T11:00:53.774+0800] {processor.py:157} INFO - Started process (PID=60892) to work on /home/azfarmustafa/airflow_tutorial/.venv/lib/python3.10/site-packages/airflow/example_dags/example_sla_dag.py
[2023-11-24T11:00:53.776+0800] {processor.py:829} INFO - Processing file /home/azfarmustafa/airflow_tutorial/.venv/lib/python3.10/site-packages/airflow/example_dags/example_sla_dag.py for tasks to queue
[2023-11-24T11:00:53.777+0800] {logging_mixin.py:154} INFO - [2023-11-24T11:00:53.777+0800] {dagbag.py:536} INFO - Filling up the DagBag from /home/azfarmustafa/airflow_tutorial/.venv/lib/python3.10/site-packages/airflow/example_dags/example_sla_dag.py
[2023-11-24T11:00:53.792+0800] {processor.py:839} INFO - DAG(s) dict_keys(['example_sla_dag']) retrieved from /home/azfarmustafa/airflow_tutorial/.venv/lib/python3.10/site-packages/airflow/example_dags/example_sla_dag.py
[2023-11-24T11:00:53.841+0800] {logging_mixin.py:154} INFO - [2023-11-24T11:00:53.840+0800] {dag.py:2941} INFO - Sync 1 DAGs
[2023-11-24T11:00:53.901+0800] {logging_mixin.py:154} INFO - [2023-11-24T11:00:53.901+0800] {dag.py:3722} INFO - Setting next_dagrun for example_sla_dag to 2023-11-24T02:58:00+00:00, run_after=2023-11-24T03:00:00+00:00
[2023-11-24T11:00:53.987+0800] {processor.py:179} INFO - Processing /home/azfarmustafa/airflow_tutorial/.venv/lib/python3.10/site-packages/airflow/example_dags/example_sla_dag.py took 0.217 seconds
[2023-11-24T11:01:28.275+0800] {processor.py:157} INFO - Started process (PID=60926) to work on /home/azfarmustafa/airflow_tutorial/.venv/lib/python3.10/site-packages/airflow/example_dags/example_sla_dag.py
[2023-11-24T11:01:28.280+0800] {processor.py:829} INFO - Processing file /home/azfarmustafa/airflow_tutorial/.venv/lib/python3.10/site-packages/airflow/example_dags/example_sla_dag.py for tasks to queue
[2023-11-24T11:01:28.281+0800] {logging_mixin.py:154} INFO - [2023-11-24T11:01:28.280+0800] {dagbag.py:536} INFO - Filling up the DagBag from /home/azfarmustafa/airflow_tutorial/.venv/lib/python3.10/site-packages/airflow/example_dags/example_sla_dag.py
[2023-11-24T11:01:28.289+0800] {processor.py:839} INFO - DAG(s) dict_keys(['example_sla_dag']) retrieved from /home/azfarmustafa/airflow_tutorial/.venv/lib/python3.10/site-packages/airflow/example_dags/example_sla_dag.py
[2023-11-24T11:01:28.306+0800] {logging_mixin.py:154} INFO - [2023-11-24T11:01:28.306+0800] {dag.py:2941} INFO - Sync 1 DAGs
[2023-11-24T11:01:28.329+0800] {logging_mixin.py:154} INFO - [2023-11-24T11:01:28.329+0800] {dag.py:3722} INFO - Setting next_dagrun for example_sla_dag to 2023-11-24T02:58:00+00:00, run_after=2023-11-24T03:00:00+00:00
[2023-11-24T11:01:28.357+0800] {processor.py:179} INFO - Processing /home/azfarmustafa/airflow_tutorial/.venv/lib/python3.10/site-packages/airflow/example_dags/example_sla_dag.py took 0.086 seconds
[2023-11-24T11:02:13.787+0800] {processor.py:157} INFO - Started process (PID=60972) to work on /home/azfarmustafa/airflow_tutorial/.venv/lib/python3.10/site-packages/airflow/example_dags/example_sla_dag.py
[2023-11-24T11:02:13.791+0800] {processor.py:829} INFO - Processing file /home/azfarmustafa/airflow_tutorial/.venv/lib/python3.10/site-packages/airflow/example_dags/example_sla_dag.py for tasks to queue
[2023-11-24T11:02:13.792+0800] {logging_mixin.py:154} INFO - [2023-11-24T11:02:13.792+0800] {dagbag.py:536} INFO - Filling up the DagBag from /home/azfarmustafa/airflow_tutorial/.venv/lib/python3.10/site-packages/airflow/example_dags/example_sla_dag.py
[2023-11-24T11:02:13.800+0800] {processor.py:839} INFO - DAG(s) dict_keys(['example_sla_dag']) retrieved from /home/azfarmustafa/airflow_tutorial/.venv/lib/python3.10/site-packages/airflow/example_dags/example_sla_dag.py
[2023-11-24T11:02:13.814+0800] {logging_mixin.py:154} INFO - [2023-11-24T11:02:13.813+0800] {dag.py:2941} INFO - Sync 1 DAGs
[2023-11-24T11:02:13.835+0800] {logging_mixin.py:154} INFO - [2023-11-24T11:02:13.835+0800] {dag.py:3722} INFO - Setting next_dagrun for example_sla_dag to 2023-11-24T03:00:00+00:00, run_after=2023-11-24T03:02:00+00:00
[2023-11-24T11:02:13.857+0800] {processor.py:179} INFO - Processing /home/azfarmustafa/airflow_tutorial/.venv/lib/python3.10/site-packages/airflow/example_dags/example_sla_dag.py took 0.073 seconds
[2023-11-24T11:02:57.650+0800] {processor.py:157} INFO - Started process (PID=61018) to work on /home/azfarmustafa/airflow_tutorial/.venv/lib/python3.10/site-packages/airflow/example_dags/example_sla_dag.py
[2023-11-24T11:02:57.653+0800] {processor.py:829} INFO - Processing file /home/azfarmustafa/airflow_tutorial/.venv/lib/python3.10/site-packages/airflow/example_dags/example_sla_dag.py for tasks to queue
[2023-11-24T11:02:57.653+0800] {logging_mixin.py:154} INFO - [2023-11-24T11:02:57.653+0800] {dagbag.py:536} INFO - Filling up the DagBag from /home/azfarmustafa/airflow_tutorial/.venv/lib/python3.10/site-packages/airflow/example_dags/example_sla_dag.py
[2023-11-24T11:02:57.666+0800] {processor.py:839} INFO - DAG(s) dict_keys(['example_sla_dag']) retrieved from /home/azfarmustafa/airflow_tutorial/.venv/lib/python3.10/site-packages/airflow/example_dags/example_sla_dag.py
[2023-11-24T11:02:57.685+0800] {logging_mixin.py:154} INFO - [2023-11-24T11:02:57.685+0800] {dag.py:2941} INFO - Sync 1 DAGs
[2023-11-24T11:02:57.711+0800] {logging_mixin.py:154} INFO - [2023-11-24T11:02:57.711+0800] {dag.py:3722} INFO - Setting next_dagrun for example_sla_dag to 2023-11-24T03:00:00+00:00, run_after=2023-11-24T03:02:00+00:00
[2023-11-24T11:02:57.744+0800] {processor.py:179} INFO - Processing /home/azfarmustafa/airflow_tutorial/.venv/lib/python3.10/site-packages/airflow/example_dags/example_sla_dag.py took 0.099 seconds
[2023-11-24T11:03:28.874+0800] {processor.py:157} INFO - Started process (PID=61052) to work on /home/azfarmustafa/airflow_tutorial/.venv/lib/python3.10/site-packages/airflow/example_dags/example_sla_dag.py
[2023-11-24T11:03:28.875+0800] {processor.py:829} INFO - Processing file /home/azfarmustafa/airflow_tutorial/.venv/lib/python3.10/site-packages/airflow/example_dags/example_sla_dag.py for tasks to queue
[2023-11-24T11:03:28.877+0800] {logging_mixin.py:154} INFO - [2023-11-24T11:03:28.876+0800] {dagbag.py:536} INFO - Filling up the DagBag from /home/azfarmustafa/airflow_tutorial/.venv/lib/python3.10/site-packages/airflow/example_dags/example_sla_dag.py
[2023-11-24T11:03:28.888+0800] {processor.py:839} INFO - DAG(s) dict_keys(['example_sla_dag']) retrieved from /home/azfarmustafa/airflow_tutorial/.venv/lib/python3.10/site-packages/airflow/example_dags/example_sla_dag.py
[2023-11-24T11:03:28.905+0800] {logging_mixin.py:154} INFO - [2023-11-24T11:03:28.905+0800] {dag.py:2941} INFO - Sync 1 DAGs
[2023-11-24T11:03:28.939+0800] {logging_mixin.py:154} INFO - [2023-11-24T11:03:28.938+0800] {dag.py:3722} INFO - Setting next_dagrun for example_sla_dag to 2023-11-24T03:00:00+00:00, run_after=2023-11-24T03:02:00+00:00
[2023-11-24T11:03:28.994+0800] {processor.py:179} INFO - Processing /home/azfarmustafa/airflow_tutorial/.venv/lib/python3.10/site-packages/airflow/example_dags/example_sla_dag.py took 0.123 seconds
[2023-11-24T11:04:04.432+0800] {processor.py:157} INFO - Started process (PID=61091) to work on /home/azfarmustafa/airflow_tutorial/.venv/lib/python3.10/site-packages/airflow/example_dags/example_sla_dag.py
[2023-11-24T11:04:04.436+0800] {processor.py:829} INFO - Processing file /home/azfarmustafa/airflow_tutorial/.venv/lib/python3.10/site-packages/airflow/example_dags/example_sla_dag.py for tasks to queue
[2023-11-24T11:04:04.437+0800] {logging_mixin.py:154} INFO - [2023-11-24T11:04:04.437+0800] {dagbag.py:536} INFO - Filling up the DagBag from /home/azfarmustafa/airflow_tutorial/.venv/lib/python3.10/site-packages/airflow/example_dags/example_sla_dag.py
[2023-11-24T11:04:04.445+0800] {processor.py:839} INFO - DAG(s) dict_keys(['example_sla_dag']) retrieved from /home/azfarmustafa/airflow_tutorial/.venv/lib/python3.10/site-packages/airflow/example_dags/example_sla_dag.py
[2023-11-24T11:04:04.461+0800] {logging_mixin.py:154} INFO - [2023-11-24T11:04:04.460+0800] {dag.py:2941} INFO - Sync 1 DAGs
[2023-11-24T11:04:04.487+0800] {logging_mixin.py:154} INFO - [2023-11-24T11:04:04.486+0800] {dag.py:3722} INFO - Setting next_dagrun for example_sla_dag to 2023-11-24T03:02:00+00:00, run_after=2023-11-24T03:04:00+00:00
[2023-11-24T11:04:04.512+0800] {processor.py:179} INFO - Processing /home/azfarmustafa/airflow_tutorial/.venv/lib/python3.10/site-packages/airflow/example_dags/example_sla_dag.py took 0.083 seconds
[2023-11-24T11:04:37.328+0800] {processor.py:157} INFO - Started process (PID=61125) to work on /home/azfarmustafa/airflow_tutorial/.venv/lib/python3.10/site-packages/airflow/example_dags/example_sla_dag.py
[2023-11-24T11:04:37.332+0800] {processor.py:829} INFO - Processing file /home/azfarmustafa/airflow_tutorial/.venv/lib/python3.10/site-packages/airflow/example_dags/example_sla_dag.py for tasks to queue
[2023-11-24T11:04:37.333+0800] {logging_mixin.py:154} INFO - [2023-11-24T11:04:37.333+0800] {dagbag.py:536} INFO - Filling up the DagBag from /home/azfarmustafa/airflow_tutorial/.venv/lib/python3.10/site-packages/airflow/example_dags/example_sla_dag.py
[2023-11-24T11:04:37.340+0800] {processor.py:839} INFO - DAG(s) dict_keys(['example_sla_dag']) retrieved from /home/azfarmustafa/airflow_tutorial/.venv/lib/python3.10/site-packages/airflow/example_dags/example_sla_dag.py
[2023-11-24T11:04:37.353+0800] {logging_mixin.py:154} INFO - [2023-11-24T11:04:37.353+0800] {dag.py:2941} INFO - Sync 1 DAGs
[2023-11-24T11:04:37.376+0800] {logging_mixin.py:154} INFO - [2023-11-24T11:04:37.376+0800] {dag.py:3722} INFO - Setting next_dagrun for example_sla_dag to 2023-11-24T03:02:00+00:00, run_after=2023-11-24T03:04:00+00:00
[2023-11-24T11:04:37.402+0800] {processor.py:179} INFO - Processing /home/azfarmustafa/airflow_tutorial/.venv/lib/python3.10/site-packages/airflow/example_dags/example_sla_dag.py took 0.076 seconds
