[2023-11-24T10:25:34.290+0800] {processor.py:157} INFO - Started process (PID=58691) to work on /home/azfarmustafa/airflow_tutorial/.venv/lib/python3.10/site-packages/airflow/example_dags/example_trigger_controller_dag.py
[2023-11-24T10:25:34.290+0800] {processor.py:829} INFO - Processing file /home/azfarmustafa/airflow_tutorial/.venv/lib/python3.10/site-packages/airflow/example_dags/example_trigger_controller_dag.py for tasks to queue
[2023-11-24T10:25:34.291+0800] {logging_mixin.py:154} INFO - [2023-11-24T10:25:34.291+0800] {dagbag.py:536} INFO - Filling up the DagBag from /home/azfarmustafa/airflow_tutorial/.venv/lib/python3.10/site-packages/airflow/example_dags/example_trigger_controller_dag.py
[2023-11-24T10:25:34.298+0800] {processor.py:839} INFO - DAG(s) dict_keys(['example_trigger_controller_dag']) retrieved from /home/azfarmustafa/airflow_tutorial/.venv/lib/python3.10/site-packages/airflow/example_dags/example_trigger_controller_dag.py
[2023-11-24T10:25:34.317+0800] {logging_mixin.py:154} INFO - [2023-11-24T10:25:34.317+0800] {dag.py:2941} INFO - Sync 1 DAGs
[2023-11-24T10:25:34.362+0800] {logging_mixin.py:154} INFO - [2023-11-24T10:25:34.361+0800] {dag.py:3722} INFO - Setting next_dagrun for example_trigger_controller_dag to 2021-01-01T00:00:00+00:00, run_after=2021-01-01T00:00:00+00:00
[2023-11-24T10:25:34.496+0800] {processor.py:179} INFO - Processing /home/azfarmustafa/airflow_tutorial/.venv/lib/python3.10/site-packages/airflow/example_dags/example_trigger_controller_dag.py took 0.212 seconds
[2023-11-24T10:26:21.975+0800] {processor.py:157} INFO - Started process (PID=58741) to work on /home/azfarmustafa/airflow_tutorial/.venv/lib/python3.10/site-packages/airflow/example_dags/example_trigger_controller_dag.py
[2023-11-24T10:26:21.976+0800] {processor.py:829} INFO - Processing file /home/azfarmustafa/airflow_tutorial/.venv/lib/python3.10/site-packages/airflow/example_dags/example_trigger_controller_dag.py for tasks to queue
[2023-11-24T10:26:21.977+0800] {logging_mixin.py:154} INFO - [2023-11-24T10:26:21.977+0800] {dagbag.py:536} INFO - Filling up the DagBag from /home/azfarmustafa/airflow_tutorial/.venv/lib/python3.10/site-packages/airflow/example_dags/example_trigger_controller_dag.py
[2023-11-24T10:26:21.982+0800] {processor.py:839} INFO - DAG(s) dict_keys(['example_trigger_controller_dag']) retrieved from /home/azfarmustafa/airflow_tutorial/.venv/lib/python3.10/site-packages/airflow/example_dags/example_trigger_controller_dag.py
[2023-11-24T10:26:21.998+0800] {logging_mixin.py:154} INFO - [2023-11-24T10:26:21.998+0800] {dag.py:2941} INFO - Sync 1 DAGs
[2023-11-24T10:26:22.015+0800] {logging_mixin.py:154} INFO - [2023-11-24T10:26:22.015+0800] {dag.py:3722} INFO - Setting next_dagrun for example_trigger_controller_dag to 2021-01-01T00:00:00+00:00, run_after=2021-01-01T00:00:00+00:00
[2023-11-24T10:26:22.044+0800] {processor.py:179} INFO - Processing /home/azfarmustafa/airflow_tutorial/.venv/lib/python3.10/site-packages/airflow/example_dags/example_trigger_controller_dag.py took 0.072 seconds
[2023-11-24T10:27:07.490+0800] {processor.py:157} INFO - Started process (PID=58794) to work on /home/azfarmustafa/airflow_tutorial/.venv/lib/python3.10/site-packages/airflow/example_dags/example_trigger_controller_dag.py
[2023-11-24T10:27:07.492+0800] {processor.py:829} INFO - Processing file /home/azfarmustafa/airflow_tutorial/.venv/lib/python3.10/site-packages/airflow/example_dags/example_trigger_controller_dag.py for tasks to queue
[2023-11-24T10:27:07.492+0800] {logging_mixin.py:154} INFO - [2023-11-24T10:27:07.492+0800] {dagbag.py:536} INFO - Filling up the DagBag from /home/azfarmustafa/airflow_tutorial/.venv/lib/python3.10/site-packages/airflow/example_dags/example_trigger_controller_dag.py
[2023-11-24T10:27:07.497+0800] {processor.py:839} INFO - DAG(s) dict_keys(['example_trigger_controller_dag']) retrieved from /home/azfarmustafa/airflow_tutorial/.venv/lib/python3.10/site-packages/airflow/example_dags/example_trigger_controller_dag.py
[2023-11-24T10:27:07.510+0800] {logging_mixin.py:154} INFO - [2023-11-24T10:27:07.509+0800] {dag.py:2941} INFO - Sync 1 DAGs
[2023-11-24T10:27:07.527+0800] {logging_mixin.py:154} INFO - [2023-11-24T10:27:07.527+0800] {dag.py:3722} INFO - Setting next_dagrun for example_trigger_controller_dag to 2021-01-01T00:00:00+00:00, run_after=2021-01-01T00:00:00+00:00
[2023-11-24T10:27:07.553+0800] {processor.py:179} INFO - Processing /home/azfarmustafa/airflow_tutorial/.venv/lib/python3.10/site-packages/airflow/example_dags/example_trigger_controller_dag.py took 0.066 seconds
[2023-11-24T10:27:54.132+0800] {processor.py:157} INFO - Started process (PID=58841) to work on /home/azfarmustafa/airflow_tutorial/.venv/lib/python3.10/site-packages/airflow/example_dags/example_trigger_controller_dag.py
[2023-11-24T10:27:54.134+0800] {processor.py:829} INFO - Processing file /home/azfarmustafa/airflow_tutorial/.venv/lib/python3.10/site-packages/airflow/example_dags/example_trigger_controller_dag.py for tasks to queue
[2023-11-24T10:27:54.135+0800] {logging_mixin.py:154} INFO - [2023-11-24T10:27:54.134+0800] {dagbag.py:536} INFO - Filling up the DagBag from /home/azfarmustafa/airflow_tutorial/.venv/lib/python3.10/site-packages/airflow/example_dags/example_trigger_controller_dag.py
[2023-11-24T10:27:54.139+0800] {processor.py:839} INFO - DAG(s) dict_keys(['example_trigger_controller_dag']) retrieved from /home/azfarmustafa/airflow_tutorial/.venv/lib/python3.10/site-packages/airflow/example_dags/example_trigger_controller_dag.py
[2023-11-24T10:27:54.152+0800] {logging_mixin.py:154} INFO - [2023-11-24T10:27:54.152+0800] {dag.py:2941} INFO - Sync 1 DAGs
[2023-11-24T10:27:54.169+0800] {logging_mixin.py:154} INFO - [2023-11-24T10:27:54.169+0800] {dag.py:3722} INFO - Setting next_dagrun for example_trigger_controller_dag to 2021-01-01T00:00:00+00:00, run_after=2021-01-01T00:00:00+00:00
[2023-11-24T10:27:54.196+0800] {processor.py:179} INFO - Processing /home/azfarmustafa/airflow_tutorial/.venv/lib/python3.10/site-packages/airflow/example_dags/example_trigger_controller_dag.py took 0.067 seconds
[2023-11-24T10:28:42.320+0800] {processor.py:157} INFO - Started process (PID=58895) to work on /home/azfarmustafa/airflow_tutorial/.venv/lib/python3.10/site-packages/airflow/example_dags/example_trigger_controller_dag.py
[2023-11-24T10:28:42.324+0800] {processor.py:829} INFO - Processing file /home/azfarmustafa/airflow_tutorial/.venv/lib/python3.10/site-packages/airflow/example_dags/example_trigger_controller_dag.py for tasks to queue
[2023-11-24T10:28:42.325+0800] {logging_mixin.py:154} INFO - [2023-11-24T10:28:42.325+0800] {dagbag.py:536} INFO - Filling up the DagBag from /home/azfarmustafa/airflow_tutorial/.venv/lib/python3.10/site-packages/airflow/example_dags/example_trigger_controller_dag.py
[2023-11-24T10:28:42.331+0800] {processor.py:839} INFO - DAG(s) dict_keys(['example_trigger_controller_dag']) retrieved from /home/azfarmustafa/airflow_tutorial/.venv/lib/python3.10/site-packages/airflow/example_dags/example_trigger_controller_dag.py
[2023-11-24T10:28:42.350+0800] {logging_mixin.py:154} INFO - [2023-11-24T10:28:42.349+0800] {dag.py:2941} INFO - Sync 1 DAGs
[2023-11-24T10:28:42.369+0800] {logging_mixin.py:154} INFO - [2023-11-24T10:28:42.369+0800] {dag.py:3722} INFO - Setting next_dagrun for example_trigger_controller_dag to 2021-01-01T00:00:00+00:00, run_after=2021-01-01T00:00:00+00:00
[2023-11-24T10:28:42.396+0800] {processor.py:179} INFO - Processing /home/azfarmustafa/airflow_tutorial/.venv/lib/python3.10/site-packages/airflow/example_dags/example_trigger_controller_dag.py took 0.079 seconds
[2023-11-24T10:29:15.322+0800] {processor.py:157} INFO - Started process (PID=58929) to work on /home/azfarmustafa/airflow_tutorial/.venv/lib/python3.10/site-packages/airflow/example_dags/example_trigger_controller_dag.py
[2023-11-24T10:29:15.326+0800] {processor.py:829} INFO - Processing file /home/azfarmustafa/airflow_tutorial/.venv/lib/python3.10/site-packages/airflow/example_dags/example_trigger_controller_dag.py for tasks to queue
[2023-11-24T10:29:15.327+0800] {logging_mixin.py:154} INFO - [2023-11-24T10:29:15.327+0800] {dagbag.py:536} INFO - Filling up the DagBag from /home/azfarmustafa/airflow_tutorial/.venv/lib/python3.10/site-packages/airflow/example_dags/example_trigger_controller_dag.py
[2023-11-24T10:29:15.334+0800] {processor.py:839} INFO - DAG(s) dict_keys(['example_trigger_controller_dag']) retrieved from /home/azfarmustafa/airflow_tutorial/.venv/lib/python3.10/site-packages/airflow/example_dags/example_trigger_controller_dag.py
[2023-11-24T10:29:15.353+0800] {logging_mixin.py:154} INFO - [2023-11-24T10:29:15.353+0800] {dag.py:2941} INFO - Sync 1 DAGs
[2023-11-24T10:29:15.371+0800] {logging_mixin.py:154} INFO - [2023-11-24T10:29:15.370+0800] {dag.py:3722} INFO - Setting next_dagrun for example_trigger_controller_dag to 2021-01-01T00:00:00+00:00, run_after=2021-01-01T00:00:00+00:00
[2023-11-24T10:29:15.397+0800] {processor.py:179} INFO - Processing /home/azfarmustafa/airflow_tutorial/.venv/lib/python3.10/site-packages/airflow/example_dags/example_trigger_controller_dag.py took 0.078 seconds
[2023-11-24T10:30:01.275+0800] {processor.py:157} INFO - Started process (PID=58977) to work on /home/azfarmustafa/airflow_tutorial/.venv/lib/python3.10/site-packages/airflow/example_dags/example_trigger_controller_dag.py
[2023-11-24T10:30:01.277+0800] {processor.py:829} INFO - Processing file /home/azfarmustafa/airflow_tutorial/.venv/lib/python3.10/site-packages/airflow/example_dags/example_trigger_controller_dag.py for tasks to queue
[2023-11-24T10:30:01.277+0800] {logging_mixin.py:154} INFO - [2023-11-24T10:30:01.277+0800] {dagbag.py:536} INFO - Filling up the DagBag from /home/azfarmustafa/airflow_tutorial/.venv/lib/python3.10/site-packages/airflow/example_dags/example_trigger_controller_dag.py
[2023-11-24T10:30:01.281+0800] {processor.py:839} INFO - DAG(s) dict_keys(['example_trigger_controller_dag']) retrieved from /home/azfarmustafa/airflow_tutorial/.venv/lib/python3.10/site-packages/airflow/example_dags/example_trigger_controller_dag.py
[2023-11-24T10:30:01.295+0800] {logging_mixin.py:154} INFO - [2023-11-24T10:30:01.295+0800] {dag.py:2941} INFO - Sync 1 DAGs
[2023-11-24T10:30:01.316+0800] {logging_mixin.py:154} INFO - [2023-11-24T10:30:01.316+0800] {dag.py:3722} INFO - Setting next_dagrun for example_trigger_controller_dag to 2021-01-01T00:00:00+00:00, run_after=2021-01-01T00:00:00+00:00
[2023-11-24T10:30:01.341+0800] {processor.py:179} INFO - Processing /home/azfarmustafa/airflow_tutorial/.venv/lib/python3.10/site-packages/airflow/example_dags/example_trigger_controller_dag.py took 0.069 seconds
[2023-11-24T10:30:34.215+0800] {processor.py:157} INFO - Started process (PID=59011) to work on /home/azfarmustafa/airflow_tutorial/.venv/lib/python3.10/site-packages/airflow/example_dags/example_trigger_controller_dag.py
[2023-11-24T10:30:34.216+0800] {processor.py:829} INFO - Processing file /home/azfarmustafa/airflow_tutorial/.venv/lib/python3.10/site-packages/airflow/example_dags/example_trigger_controller_dag.py for tasks to queue
[2023-11-24T10:30:34.217+0800] {logging_mixin.py:154} INFO - [2023-11-24T10:30:34.217+0800] {dagbag.py:536} INFO - Filling up the DagBag from /home/azfarmustafa/airflow_tutorial/.venv/lib/python3.10/site-packages/airflow/example_dags/example_trigger_controller_dag.py
[2023-11-24T10:30:34.222+0800] {processor.py:839} INFO - DAG(s) dict_keys(['example_trigger_controller_dag']) retrieved from /home/azfarmustafa/airflow_tutorial/.venv/lib/python3.10/site-packages/airflow/example_dags/example_trigger_controller_dag.py
[2023-11-24T10:30:34.236+0800] {logging_mixin.py:154} INFO - [2023-11-24T10:30:34.236+0800] {dag.py:2941} INFO - Sync 1 DAGs
[2023-11-24T10:30:34.254+0800] {logging_mixin.py:154} INFO - [2023-11-24T10:30:34.254+0800] {dag.py:3722} INFO - Setting next_dagrun for example_trigger_controller_dag to 2021-01-01T00:00:00+00:00, run_after=2021-01-01T00:00:00+00:00
[2023-11-24T10:30:34.282+0800] {processor.py:179} INFO - Processing /home/azfarmustafa/airflow_tutorial/.venv/lib/python3.10/site-packages/airflow/example_dags/example_trigger_controller_dag.py took 0.072 seconds
[2023-11-24T10:31:23.457+0800] {processor.py:157} INFO - Started process (PID=59059) to work on /home/azfarmustafa/airflow_tutorial/.venv/lib/python3.10/site-packages/airflow/example_dags/example_trigger_controller_dag.py
[2023-11-24T10:31:23.459+0800] {processor.py:829} INFO - Processing file /home/azfarmustafa/airflow_tutorial/.venv/lib/python3.10/site-packages/airflow/example_dags/example_trigger_controller_dag.py for tasks to queue
[2023-11-24T10:31:23.460+0800] {logging_mixin.py:154} INFO - [2023-11-24T10:31:23.459+0800] {dagbag.py:536} INFO - Filling up the DagBag from /home/azfarmustafa/airflow_tutorial/.venv/lib/python3.10/site-packages/airflow/example_dags/example_trigger_controller_dag.py
[2023-11-24T10:31:23.464+0800] {processor.py:839} INFO - DAG(s) dict_keys(['example_trigger_controller_dag']) retrieved from /home/azfarmustafa/airflow_tutorial/.venv/lib/python3.10/site-packages/airflow/example_dags/example_trigger_controller_dag.py
[2023-11-24T10:31:23.479+0800] {logging_mixin.py:154} INFO - [2023-11-24T10:31:23.478+0800] {dag.py:2941} INFO - Sync 1 DAGs
[2023-11-24T10:31:23.495+0800] {logging_mixin.py:154} INFO - [2023-11-24T10:31:23.495+0800] {dag.py:3722} INFO - Setting next_dagrun for example_trigger_controller_dag to 2021-01-01T00:00:00+00:00, run_after=2021-01-01T00:00:00+00:00
[2023-11-24T10:31:23.522+0800] {processor.py:179} INFO - Processing /home/azfarmustafa/airflow_tutorial/.venv/lib/python3.10/site-packages/airflow/example_dags/example_trigger_controller_dag.py took 0.068 seconds
[2023-11-24T10:32:08.343+0800] {processor.py:157} INFO - Started process (PID=59105) to work on /home/azfarmustafa/airflow_tutorial/.venv/lib/python3.10/site-packages/airflow/example_dags/example_trigger_controller_dag.py
[2023-11-24T10:32:08.347+0800] {processor.py:829} INFO - Processing file /home/azfarmustafa/airflow_tutorial/.venv/lib/python3.10/site-packages/airflow/example_dags/example_trigger_controller_dag.py for tasks to queue
[2023-11-24T10:32:08.348+0800] {logging_mixin.py:154} INFO - [2023-11-24T10:32:08.348+0800] {dagbag.py:536} INFO - Filling up the DagBag from /home/azfarmustafa/airflow_tutorial/.venv/lib/python3.10/site-packages/airflow/example_dags/example_trigger_controller_dag.py
[2023-11-24T10:32:08.355+0800] {processor.py:839} INFO - DAG(s) dict_keys(['example_trigger_controller_dag']) retrieved from /home/azfarmustafa/airflow_tutorial/.venv/lib/python3.10/site-packages/airflow/example_dags/example_trigger_controller_dag.py
[2023-11-24T10:32:08.372+0800] {logging_mixin.py:154} INFO - [2023-11-24T10:32:08.371+0800] {dag.py:2941} INFO - Sync 1 DAGs
[2023-11-24T10:32:08.391+0800] {logging_mixin.py:154} INFO - [2023-11-24T10:32:08.391+0800] {dag.py:3722} INFO - Setting next_dagrun for example_trigger_controller_dag to 2021-01-01T00:00:00+00:00, run_after=2021-01-01T00:00:00+00:00
[2023-11-24T10:32:08.419+0800] {processor.py:179} INFO - Processing /home/azfarmustafa/airflow_tutorial/.venv/lib/python3.10/site-packages/airflow/example_dags/example_trigger_controller_dag.py took 0.079 seconds
[2023-11-24T10:32:42.154+0800] {processor.py:157} INFO - Started process (PID=59138) to work on /home/azfarmustafa/airflow_tutorial/.venv/lib/python3.10/site-packages/airflow/example_dags/example_trigger_controller_dag.py
[2023-11-24T10:32:42.159+0800] {processor.py:829} INFO - Processing file /home/azfarmustafa/airflow_tutorial/.venv/lib/python3.10/site-packages/airflow/example_dags/example_trigger_controller_dag.py for tasks to queue
[2023-11-24T10:32:42.160+0800] {logging_mixin.py:154} INFO - [2023-11-24T10:32:42.159+0800] {dagbag.py:536} INFO - Filling up the DagBag from /home/azfarmustafa/airflow_tutorial/.venv/lib/python3.10/site-packages/airflow/example_dags/example_trigger_controller_dag.py
[2023-11-24T10:32:42.165+0800] {processor.py:839} INFO - DAG(s) dict_keys(['example_trigger_controller_dag']) retrieved from /home/azfarmustafa/airflow_tutorial/.venv/lib/python3.10/site-packages/airflow/example_dags/example_trigger_controller_dag.py
[2023-11-24T10:32:42.182+0800] {logging_mixin.py:154} INFO - [2023-11-24T10:32:42.182+0800] {dag.py:2941} INFO - Sync 1 DAGs
[2023-11-24T10:32:42.204+0800] {logging_mixin.py:154} INFO - [2023-11-24T10:32:42.203+0800] {dag.py:3722} INFO - Setting next_dagrun for example_trigger_controller_dag to 2021-01-01T00:00:00+00:00, run_after=2021-01-01T00:00:00+00:00
[2023-11-24T10:32:42.231+0800] {processor.py:179} INFO - Processing /home/azfarmustafa/airflow_tutorial/.venv/lib/python3.10/site-packages/airflow/example_dags/example_trigger_controller_dag.py took 0.080 seconds
[2023-11-24T10:33:16.195+0800] {processor.py:157} INFO - Started process (PID=59172) to work on /home/azfarmustafa/airflow_tutorial/.venv/lib/python3.10/site-packages/airflow/example_dags/example_trigger_controller_dag.py
[2023-11-24T10:33:16.197+0800] {processor.py:829} INFO - Processing file /home/azfarmustafa/airflow_tutorial/.venv/lib/python3.10/site-packages/airflow/example_dags/example_trigger_controller_dag.py for tasks to queue
[2023-11-24T10:33:16.198+0800] {logging_mixin.py:154} INFO - [2023-11-24T10:33:16.197+0800] {dagbag.py:536} INFO - Filling up the DagBag from /home/azfarmustafa/airflow_tutorial/.venv/lib/python3.10/site-packages/airflow/example_dags/example_trigger_controller_dag.py
[2023-11-24T10:33:16.201+0800] {processor.py:839} INFO - DAG(s) dict_keys(['example_trigger_controller_dag']) retrieved from /home/azfarmustafa/airflow_tutorial/.venv/lib/python3.10/site-packages/airflow/example_dags/example_trigger_controller_dag.py
[2023-11-24T10:33:16.216+0800] {logging_mixin.py:154} INFO - [2023-11-24T10:33:16.215+0800] {dag.py:2941} INFO - Sync 1 DAGs
[2023-11-24T10:33:16.234+0800] {logging_mixin.py:154} INFO - [2023-11-24T10:33:16.234+0800] {dag.py:3722} INFO - Setting next_dagrun for example_trigger_controller_dag to 2021-01-01T00:00:00+00:00, run_after=2021-01-01T00:00:00+00:00
[2023-11-24T10:33:16.258+0800] {processor.py:179} INFO - Processing /home/azfarmustafa/airflow_tutorial/.venv/lib/python3.10/site-packages/airflow/example_dags/example_trigger_controller_dag.py took 0.065 seconds
[2023-11-24T10:33:50.141+0800] {processor.py:157} INFO - Started process (PID=59205) to work on /home/azfarmustafa/airflow_tutorial/.venv/lib/python3.10/site-packages/airflow/example_dags/example_trigger_controller_dag.py
[2023-11-24T10:33:50.142+0800] {processor.py:829} INFO - Processing file /home/azfarmustafa/airflow_tutorial/.venv/lib/python3.10/site-packages/airflow/example_dags/example_trigger_controller_dag.py for tasks to queue
[2023-11-24T10:33:50.143+0800] {logging_mixin.py:154} INFO - [2023-11-24T10:33:50.143+0800] {dagbag.py:536} INFO - Filling up the DagBag from /home/azfarmustafa/airflow_tutorial/.venv/lib/python3.10/site-packages/airflow/example_dags/example_trigger_controller_dag.py
[2023-11-24T10:33:50.147+0800] {processor.py:839} INFO - DAG(s) dict_keys(['example_trigger_controller_dag']) retrieved from /home/azfarmustafa/airflow_tutorial/.venv/lib/python3.10/site-packages/airflow/example_dags/example_trigger_controller_dag.py
[2023-11-24T10:33:50.161+0800] {logging_mixin.py:154} INFO - [2023-11-24T10:33:50.161+0800] {dag.py:2941} INFO - Sync 1 DAGs
[2023-11-24T10:33:50.187+0800] {logging_mixin.py:154} INFO - [2023-11-24T10:33:50.187+0800] {dag.py:3722} INFO - Setting next_dagrun for example_trigger_controller_dag to 2021-01-01T00:00:00+00:00, run_after=2021-01-01T00:00:00+00:00
[2023-11-24T10:33:50.257+0800] {processor.py:179} INFO - Processing /home/azfarmustafa/airflow_tutorial/.venv/lib/python3.10/site-packages/airflow/example_dags/example_trigger_controller_dag.py took 0.119 seconds
[2023-11-24T10:34:25.140+0800] {processor.py:157} INFO - Started process (PID=59240) to work on /home/azfarmustafa/airflow_tutorial/.venv/lib/python3.10/site-packages/airflow/example_dags/example_trigger_controller_dag.py
[2023-11-24T10:34:25.141+0800] {processor.py:829} INFO - Processing file /home/azfarmustafa/airflow_tutorial/.venv/lib/python3.10/site-packages/airflow/example_dags/example_trigger_controller_dag.py for tasks to queue
[2023-11-24T10:34:25.142+0800] {logging_mixin.py:154} INFO - [2023-11-24T10:34:25.142+0800] {dagbag.py:536} INFO - Filling up the DagBag from /home/azfarmustafa/airflow_tutorial/.venv/lib/python3.10/site-packages/airflow/example_dags/example_trigger_controller_dag.py
[2023-11-24T10:34:25.148+0800] {processor.py:839} INFO - DAG(s) dict_keys(['example_trigger_controller_dag']) retrieved from /home/azfarmustafa/airflow_tutorial/.venv/lib/python3.10/site-packages/airflow/example_dags/example_trigger_controller_dag.py
[2023-11-24T10:34:25.163+0800] {logging_mixin.py:154} INFO - [2023-11-24T10:34:25.162+0800] {dag.py:2941} INFO - Sync 1 DAGs
[2023-11-24T10:34:25.190+0800] {logging_mixin.py:154} INFO - [2023-11-24T10:34:25.189+0800] {dag.py:3722} INFO - Setting next_dagrun for example_trigger_controller_dag to 2021-01-01T00:00:00+00:00, run_after=2021-01-01T00:00:00+00:00
[2023-11-24T10:34:25.213+0800] {processor.py:179} INFO - Processing /home/azfarmustafa/airflow_tutorial/.venv/lib/python3.10/site-packages/airflow/example_dags/example_trigger_controller_dag.py took 0.076 seconds
[2023-11-24T10:35:08.751+0800] {processor.py:157} INFO - Started process (PID=59291) to work on /home/azfarmustafa/airflow_tutorial/.venv/lib/python3.10/site-packages/airflow/example_dags/example_trigger_controller_dag.py
[2023-11-24T10:35:08.755+0800] {processor.py:829} INFO - Processing file /home/azfarmustafa/airflow_tutorial/.venv/lib/python3.10/site-packages/airflow/example_dags/example_trigger_controller_dag.py for tasks to queue
[2023-11-24T10:35:08.756+0800] {logging_mixin.py:154} INFO - [2023-11-24T10:35:08.755+0800] {dagbag.py:536} INFO - Filling up the DagBag from /home/azfarmustafa/airflow_tutorial/.venv/lib/python3.10/site-packages/airflow/example_dags/example_trigger_controller_dag.py
[2023-11-24T10:35:08.760+0800] {processor.py:839} INFO - DAG(s) dict_keys(['example_trigger_controller_dag']) retrieved from /home/azfarmustafa/airflow_tutorial/.venv/lib/python3.10/site-packages/airflow/example_dags/example_trigger_controller_dag.py
[2023-11-24T10:35:08.775+0800] {logging_mixin.py:154} INFO - [2023-11-24T10:35:08.775+0800] {dag.py:2941} INFO - Sync 1 DAGs
[2023-11-24T10:35:08.794+0800] {logging_mixin.py:154} INFO - [2023-11-24T10:35:08.794+0800] {dag.py:3722} INFO - Setting next_dagrun for example_trigger_controller_dag to 2021-01-01T00:00:00+00:00, run_after=2021-01-01T00:00:00+00:00
[2023-11-24T10:35:08.825+0800] {processor.py:179} INFO - Processing /home/azfarmustafa/airflow_tutorial/.venv/lib/python3.10/site-packages/airflow/example_dags/example_trigger_controller_dag.py took 0.078 seconds
[2023-11-24T10:35:52.539+0800] {processor.py:157} INFO - Started process (PID=59337) to work on /home/azfarmustafa/airflow_tutorial/.venv/lib/python3.10/site-packages/airflow/example_dags/example_trigger_controller_dag.py
[2023-11-24T10:35:52.540+0800] {processor.py:829} INFO - Processing file /home/azfarmustafa/airflow_tutorial/.venv/lib/python3.10/site-packages/airflow/example_dags/example_trigger_controller_dag.py for tasks to queue
[2023-11-24T10:35:52.540+0800] {logging_mixin.py:154} INFO - [2023-11-24T10:35:52.540+0800] {dagbag.py:536} INFO - Filling up the DagBag from /home/azfarmustafa/airflow_tutorial/.venv/lib/python3.10/site-packages/airflow/example_dags/example_trigger_controller_dag.py
[2023-11-24T10:35:52.544+0800] {processor.py:839} INFO - DAG(s) dict_keys(['example_trigger_controller_dag']) retrieved from /home/azfarmustafa/airflow_tutorial/.venv/lib/python3.10/site-packages/airflow/example_dags/example_trigger_controller_dag.py
[2023-11-24T10:35:52.558+0800] {logging_mixin.py:154} INFO - [2023-11-24T10:35:52.558+0800] {dag.py:2941} INFO - Sync 1 DAGs
[2023-11-24T10:35:52.575+0800] {logging_mixin.py:154} INFO - [2023-11-24T10:35:52.575+0800] {dag.py:3722} INFO - Setting next_dagrun for example_trigger_controller_dag to 2021-01-01T00:00:00+00:00, run_after=2021-01-01T00:00:00+00:00
[2023-11-24T10:35:52.599+0800] {processor.py:179} INFO - Processing /home/azfarmustafa/airflow_tutorial/.venv/lib/python3.10/site-packages/airflow/example_dags/example_trigger_controller_dag.py took 0.063 seconds
[2023-11-24T10:36:32.227+0800] {processor.py:157} INFO - Started process (PID=59380) to work on /home/azfarmustafa/airflow_tutorial/.venv/lib/python3.10/site-packages/airflow/example_dags/example_trigger_controller_dag.py
[2023-11-24T10:36:32.234+0800] {processor.py:829} INFO - Processing file /home/azfarmustafa/airflow_tutorial/.venv/lib/python3.10/site-packages/airflow/example_dags/example_trigger_controller_dag.py for tasks to queue
[2023-11-24T10:36:32.235+0800] {logging_mixin.py:154} INFO - [2023-11-24T10:36:32.235+0800] {dagbag.py:536} INFO - Filling up the DagBag from /home/azfarmustafa/airflow_tutorial/.venv/lib/python3.10/site-packages/airflow/example_dags/example_trigger_controller_dag.py
[2023-11-24T10:36:32.239+0800] {processor.py:839} INFO - DAG(s) dict_keys(['example_trigger_controller_dag']) retrieved from /home/azfarmustafa/airflow_tutorial/.venv/lib/python3.10/site-packages/airflow/example_dags/example_trigger_controller_dag.py
[2023-11-24T10:36:32.255+0800] {logging_mixin.py:154} INFO - [2023-11-24T10:36:32.255+0800] {dag.py:2941} INFO - Sync 1 DAGs
[2023-11-24T10:36:32.277+0800] {logging_mixin.py:154} INFO - [2023-11-24T10:36:32.277+0800] {dag.py:3722} INFO - Setting next_dagrun for example_trigger_controller_dag to 2021-01-01T00:00:00+00:00, run_after=2021-01-01T00:00:00+00:00
[2023-11-24T10:36:32.303+0800] {processor.py:179} INFO - Processing /home/azfarmustafa/airflow_tutorial/.venv/lib/python3.10/site-packages/airflow/example_dags/example_trigger_controller_dag.py took 0.083 seconds
[2023-11-24T10:37:19.833+0800] {processor.py:157} INFO - Started process (PID=59428) to work on /home/azfarmustafa/airflow_tutorial/.venv/lib/python3.10/site-packages/airflow/example_dags/example_trigger_controller_dag.py
[2023-11-24T10:37:19.838+0800] {processor.py:829} INFO - Processing file /home/azfarmustafa/airflow_tutorial/.venv/lib/python3.10/site-packages/airflow/example_dags/example_trigger_controller_dag.py for tasks to queue
[2023-11-24T10:37:19.839+0800] {logging_mixin.py:154} INFO - [2023-11-24T10:37:19.838+0800] {dagbag.py:536} INFO - Filling up the DagBag from /home/azfarmustafa/airflow_tutorial/.venv/lib/python3.10/site-packages/airflow/example_dags/example_trigger_controller_dag.py
[2023-11-24T10:37:19.843+0800] {processor.py:839} INFO - DAG(s) dict_keys(['example_trigger_controller_dag']) retrieved from /home/azfarmustafa/airflow_tutorial/.venv/lib/python3.10/site-packages/airflow/example_dags/example_trigger_controller_dag.py
[2023-11-24T10:37:19.857+0800] {logging_mixin.py:154} INFO - [2023-11-24T10:37:19.856+0800] {dag.py:2941} INFO - Sync 1 DAGs
[2023-11-24T10:37:19.876+0800] {logging_mixin.py:154} INFO - [2023-11-24T10:37:19.876+0800] {dag.py:3722} INFO - Setting next_dagrun for example_trigger_controller_dag to 2021-01-01T00:00:00+00:00, run_after=2021-01-01T00:00:00+00:00
[2023-11-24T10:37:19.902+0800] {processor.py:179} INFO - Processing /home/azfarmustafa/airflow_tutorial/.venv/lib/python3.10/site-packages/airflow/example_dags/example_trigger_controller_dag.py took 0.072 seconds
[2023-11-24T10:38:06.417+0800] {processor.py:157} INFO - Started process (PID=59475) to work on /home/azfarmustafa/airflow_tutorial/.venv/lib/python3.10/site-packages/airflow/example_dags/example_trigger_controller_dag.py
[2023-11-24T10:38:06.418+0800] {processor.py:829} INFO - Processing file /home/azfarmustafa/airflow_tutorial/.venv/lib/python3.10/site-packages/airflow/example_dags/example_trigger_controller_dag.py for tasks to queue
[2023-11-24T10:38:06.419+0800] {logging_mixin.py:154} INFO - [2023-11-24T10:38:06.419+0800] {dagbag.py:536} INFO - Filling up the DagBag from /home/azfarmustafa/airflow_tutorial/.venv/lib/python3.10/site-packages/airflow/example_dags/example_trigger_controller_dag.py
[2023-11-24T10:38:06.423+0800] {processor.py:839} INFO - DAG(s) dict_keys(['example_trigger_controller_dag']) retrieved from /home/azfarmustafa/airflow_tutorial/.venv/lib/python3.10/site-packages/airflow/example_dags/example_trigger_controller_dag.py
[2023-11-24T10:38:06.437+0800] {logging_mixin.py:154} INFO - [2023-11-24T10:38:06.437+0800] {dag.py:2941} INFO - Sync 1 DAGs
[2023-11-24T10:38:06.454+0800] {logging_mixin.py:154} INFO - [2023-11-24T10:38:06.454+0800] {dag.py:3722} INFO - Setting next_dagrun for example_trigger_controller_dag to 2021-01-01T00:00:00+00:00, run_after=2021-01-01T00:00:00+00:00
[2023-11-24T10:38:06.475+0800] {processor.py:179} INFO - Processing /home/azfarmustafa/airflow_tutorial/.venv/lib/python3.10/site-packages/airflow/example_dags/example_trigger_controller_dag.py took 0.061 seconds
[2023-11-24T10:38:54.441+0800] {processor.py:157} INFO - Started process (PID=59524) to work on /home/azfarmustafa/airflow_tutorial/.venv/lib/python3.10/site-packages/airflow/example_dags/example_trigger_controller_dag.py
[2023-11-24T10:38:54.445+0800] {processor.py:829} INFO - Processing file /home/azfarmustafa/airflow_tutorial/.venv/lib/python3.10/site-packages/airflow/example_dags/example_trigger_controller_dag.py for tasks to queue
[2023-11-24T10:38:54.446+0800] {logging_mixin.py:154} INFO - [2023-11-24T10:38:54.446+0800] {dagbag.py:536} INFO - Filling up the DagBag from /home/azfarmustafa/airflow_tutorial/.venv/lib/python3.10/site-packages/airflow/example_dags/example_trigger_controller_dag.py
[2023-11-24T10:38:54.452+0800] {processor.py:839} INFO - DAG(s) dict_keys(['example_trigger_controller_dag']) retrieved from /home/azfarmustafa/airflow_tutorial/.venv/lib/python3.10/site-packages/airflow/example_dags/example_trigger_controller_dag.py
[2023-11-24T10:38:54.476+0800] {logging_mixin.py:154} INFO - [2023-11-24T10:38:54.476+0800] {dag.py:2941} INFO - Sync 1 DAGs
[2023-11-24T10:38:54.498+0800] {logging_mixin.py:154} INFO - [2023-11-24T10:38:54.498+0800] {dag.py:3722} INFO - Setting next_dagrun for example_trigger_controller_dag to 2021-01-01T00:00:00+00:00, run_after=2021-01-01T00:00:00+00:00
[2023-11-24T10:38:54.523+0800] {processor.py:179} INFO - Processing /home/azfarmustafa/airflow_tutorial/.venv/lib/python3.10/site-packages/airflow/example_dags/example_trigger_controller_dag.py took 0.085 seconds
[2023-11-24T10:39:44.918+0800] {processor.py:157} INFO - Started process (PID=59573) to work on /home/azfarmustafa/airflow_tutorial/.venv/lib/python3.10/site-packages/airflow/example_dags/example_trigger_controller_dag.py
[2023-11-24T10:39:44.922+0800] {processor.py:829} INFO - Processing file /home/azfarmustafa/airflow_tutorial/.venv/lib/python3.10/site-packages/airflow/example_dags/example_trigger_controller_dag.py for tasks to queue
[2023-11-24T10:39:44.923+0800] {logging_mixin.py:154} INFO - [2023-11-24T10:39:44.922+0800] {dagbag.py:536} INFO - Filling up the DagBag from /home/azfarmustafa/airflow_tutorial/.venv/lib/python3.10/site-packages/airflow/example_dags/example_trigger_controller_dag.py
[2023-11-24T10:39:44.928+0800] {processor.py:839} INFO - DAG(s) dict_keys(['example_trigger_controller_dag']) retrieved from /home/azfarmustafa/airflow_tutorial/.venv/lib/python3.10/site-packages/airflow/example_dags/example_trigger_controller_dag.py
[2023-11-24T10:39:44.943+0800] {logging_mixin.py:154} INFO - [2023-11-24T10:39:44.942+0800] {dag.py:2941} INFO - Sync 1 DAGs
[2023-11-24T10:39:44.967+0800] {logging_mixin.py:154} INFO - [2023-11-24T10:39:44.967+0800] {dag.py:3722} INFO - Setting next_dagrun for example_trigger_controller_dag to 2021-01-01T00:00:00+00:00, run_after=2021-01-01T00:00:00+00:00
[2023-11-24T10:39:44.993+0800] {processor.py:179} INFO - Processing /home/azfarmustafa/airflow_tutorial/.venv/lib/python3.10/site-packages/airflow/example_dags/example_trigger_controller_dag.py took 0.079 seconds
[2023-11-24T10:40:20.361+0800] {processor.py:157} INFO - Started process (PID=59609) to work on /home/azfarmustafa/airflow_tutorial/.venv/lib/python3.10/site-packages/airflow/example_dags/example_trigger_controller_dag.py
[2023-11-24T10:40:20.365+0800] {processor.py:829} INFO - Processing file /home/azfarmustafa/airflow_tutorial/.venv/lib/python3.10/site-packages/airflow/example_dags/example_trigger_controller_dag.py for tasks to queue
[2023-11-24T10:40:20.366+0800] {logging_mixin.py:154} INFO - [2023-11-24T10:40:20.366+0800] {dagbag.py:536} INFO - Filling up the DagBag from /home/azfarmustafa/airflow_tutorial/.venv/lib/python3.10/site-packages/airflow/example_dags/example_trigger_controller_dag.py
[2023-11-24T10:40:20.371+0800] {processor.py:839} INFO - DAG(s) dict_keys(['example_trigger_controller_dag']) retrieved from /home/azfarmustafa/airflow_tutorial/.venv/lib/python3.10/site-packages/airflow/example_dags/example_trigger_controller_dag.py
[2023-11-24T10:40:20.386+0800] {logging_mixin.py:154} INFO - [2023-11-24T10:40:20.386+0800] {dag.py:2941} INFO - Sync 1 DAGs
[2023-11-24T10:40:20.405+0800] {logging_mixin.py:154} INFO - [2023-11-24T10:40:20.405+0800] {dag.py:3722} INFO - Setting next_dagrun for example_trigger_controller_dag to 2021-01-01T00:00:00+00:00, run_after=2021-01-01T00:00:00+00:00
[2023-11-24T10:40:20.428+0800] {processor.py:179} INFO - Processing /home/azfarmustafa/airflow_tutorial/.venv/lib/python3.10/site-packages/airflow/example_dags/example_trigger_controller_dag.py took 0.071 seconds
[2023-11-24T10:41:02.534+0800] {processor.py:157} INFO - Started process (PID=59659) to work on /home/azfarmustafa/airflow_tutorial/.venv/lib/python3.10/site-packages/airflow/example_dags/example_trigger_controller_dag.py
[2023-11-24T10:41:02.535+0800] {processor.py:829} INFO - Processing file /home/azfarmustafa/airflow_tutorial/.venv/lib/python3.10/site-packages/airflow/example_dags/example_trigger_controller_dag.py for tasks to queue
[2023-11-24T10:41:02.536+0800] {logging_mixin.py:154} INFO - [2023-11-24T10:41:02.536+0800] {dagbag.py:536} INFO - Filling up the DagBag from /home/azfarmustafa/airflow_tutorial/.venv/lib/python3.10/site-packages/airflow/example_dags/example_trigger_controller_dag.py
[2023-11-24T10:41:02.540+0800] {processor.py:839} INFO - DAG(s) dict_keys(['example_trigger_controller_dag']) retrieved from /home/azfarmustafa/airflow_tutorial/.venv/lib/python3.10/site-packages/airflow/example_dags/example_trigger_controller_dag.py
[2023-11-24T10:41:02.555+0800] {logging_mixin.py:154} INFO - [2023-11-24T10:41:02.555+0800] {dag.py:2941} INFO - Sync 1 DAGs
[2023-11-24T10:41:02.575+0800] {logging_mixin.py:154} INFO - [2023-11-24T10:41:02.575+0800] {dag.py:3722} INFO - Setting next_dagrun for example_trigger_controller_dag to 2021-01-01T00:00:00+00:00, run_after=2021-01-01T00:00:00+00:00
[2023-11-24T10:41:02.602+0800] {processor.py:179} INFO - Processing /home/azfarmustafa/airflow_tutorial/.venv/lib/python3.10/site-packages/airflow/example_dags/example_trigger_controller_dag.py took 0.071 seconds
[2023-11-24T10:41:51.398+0800] {processor.py:157} INFO - Started process (PID=59707) to work on /home/azfarmustafa/airflow_tutorial/.venv/lib/python3.10/site-packages/airflow/example_dags/example_trigger_controller_dag.py
[2023-11-24T10:41:51.399+0800] {processor.py:829} INFO - Processing file /home/azfarmustafa/airflow_tutorial/.venv/lib/python3.10/site-packages/airflow/example_dags/example_trigger_controller_dag.py for tasks to queue
[2023-11-24T10:41:51.400+0800] {logging_mixin.py:154} INFO - [2023-11-24T10:41:51.400+0800] {dagbag.py:536} INFO - Filling up the DagBag from /home/azfarmustafa/airflow_tutorial/.venv/lib/python3.10/site-packages/airflow/example_dags/example_trigger_controller_dag.py
[2023-11-24T10:41:51.405+0800] {processor.py:839} INFO - DAG(s) dict_keys(['example_trigger_controller_dag']) retrieved from /home/azfarmustafa/airflow_tutorial/.venv/lib/python3.10/site-packages/airflow/example_dags/example_trigger_controller_dag.py
[2023-11-24T10:41:51.422+0800] {logging_mixin.py:154} INFO - [2023-11-24T10:41:51.422+0800] {dag.py:2941} INFO - Sync 1 DAGs
[2023-11-24T10:41:51.445+0800] {logging_mixin.py:154} INFO - [2023-11-24T10:41:51.445+0800] {dag.py:3722} INFO - Setting next_dagrun for example_trigger_controller_dag to 2021-01-01T00:00:00+00:00, run_after=2021-01-01T00:00:00+00:00
[2023-11-24T10:41:51.471+0800] {processor.py:179} INFO - Processing /home/azfarmustafa/airflow_tutorial/.venv/lib/python3.10/site-packages/airflow/example_dags/example_trigger_controller_dag.py took 0.075 seconds
[2023-11-24T10:42:36.430+0800] {processor.py:157} INFO - Started process (PID=59753) to work on /home/azfarmustafa/airflow_tutorial/.venv/lib/python3.10/site-packages/airflow/example_dags/example_trigger_controller_dag.py
[2023-11-24T10:42:36.434+0800] {processor.py:829} INFO - Processing file /home/azfarmustafa/airflow_tutorial/.venv/lib/python3.10/site-packages/airflow/example_dags/example_trigger_controller_dag.py for tasks to queue
[2023-11-24T10:42:36.435+0800] {logging_mixin.py:154} INFO - [2023-11-24T10:42:36.435+0800] {dagbag.py:536} INFO - Filling up the DagBag from /home/azfarmustafa/airflow_tutorial/.venv/lib/python3.10/site-packages/airflow/example_dags/example_trigger_controller_dag.py
[2023-11-24T10:42:36.439+0800] {processor.py:839} INFO - DAG(s) dict_keys(['example_trigger_controller_dag']) retrieved from /home/azfarmustafa/airflow_tutorial/.venv/lib/python3.10/site-packages/airflow/example_dags/example_trigger_controller_dag.py
[2023-11-24T10:42:36.455+0800] {logging_mixin.py:154} INFO - [2023-11-24T10:42:36.455+0800] {dag.py:2941} INFO - Sync 1 DAGs
[2023-11-24T10:42:36.474+0800] {logging_mixin.py:154} INFO - [2023-11-24T10:42:36.474+0800] {dag.py:3722} INFO - Setting next_dagrun for example_trigger_controller_dag to 2021-01-01T00:00:00+00:00, run_after=2021-01-01T00:00:00+00:00
[2023-11-24T10:42:36.497+0800] {processor.py:179} INFO - Processing /home/azfarmustafa/airflow_tutorial/.venv/lib/python3.10/site-packages/airflow/example_dags/example_trigger_controller_dag.py took 0.070 seconds
[2023-11-24T10:43:09.437+0800] {processor.py:157} INFO - Started process (PID=59786) to work on /home/azfarmustafa/airflow_tutorial/.venv/lib/python3.10/site-packages/airflow/example_dags/example_trigger_controller_dag.py
[2023-11-24T10:43:09.441+0800] {processor.py:829} INFO - Processing file /home/azfarmustafa/airflow_tutorial/.venv/lib/python3.10/site-packages/airflow/example_dags/example_trigger_controller_dag.py for tasks to queue
[2023-11-24T10:43:09.442+0800] {logging_mixin.py:154} INFO - [2023-11-24T10:43:09.442+0800] {dagbag.py:536} INFO - Filling up the DagBag from /home/azfarmustafa/airflow_tutorial/.venv/lib/python3.10/site-packages/airflow/example_dags/example_trigger_controller_dag.py
[2023-11-24T10:43:09.447+0800] {processor.py:839} INFO - DAG(s) dict_keys(['example_trigger_controller_dag']) retrieved from /home/azfarmustafa/airflow_tutorial/.venv/lib/python3.10/site-packages/airflow/example_dags/example_trigger_controller_dag.py
[2023-11-24T10:43:09.463+0800] {logging_mixin.py:154} INFO - [2023-11-24T10:43:09.463+0800] {dag.py:2941} INFO - Sync 1 DAGs
[2023-11-24T10:43:09.484+0800] {logging_mixin.py:154} INFO - [2023-11-24T10:43:09.483+0800] {dag.py:3722} INFO - Setting next_dagrun for example_trigger_controller_dag to 2021-01-01T00:00:00+00:00, run_after=2021-01-01T00:00:00+00:00
[2023-11-24T10:43:09.512+0800] {processor.py:179} INFO - Processing /home/azfarmustafa/airflow_tutorial/.venv/lib/python3.10/site-packages/airflow/example_dags/example_trigger_controller_dag.py took 0.080 seconds
[2023-11-24T10:43:54.350+0800] {processor.py:157} INFO - Started process (PID=59833) to work on /home/azfarmustafa/airflow_tutorial/.venv/lib/python3.10/site-packages/airflow/example_dags/example_trigger_controller_dag.py
[2023-11-24T10:43:54.354+0800] {processor.py:829} INFO - Processing file /home/azfarmustafa/airflow_tutorial/.venv/lib/python3.10/site-packages/airflow/example_dags/example_trigger_controller_dag.py for tasks to queue
[2023-11-24T10:43:54.355+0800] {logging_mixin.py:154} INFO - [2023-11-24T10:43:54.354+0800] {dagbag.py:536} INFO - Filling up the DagBag from /home/azfarmustafa/airflow_tutorial/.venv/lib/python3.10/site-packages/airflow/example_dags/example_trigger_controller_dag.py
[2023-11-24T10:43:54.359+0800] {processor.py:839} INFO - DAG(s) dict_keys(['example_trigger_controller_dag']) retrieved from /home/azfarmustafa/airflow_tutorial/.venv/lib/python3.10/site-packages/airflow/example_dags/example_trigger_controller_dag.py
[2023-11-24T10:43:54.373+0800] {logging_mixin.py:154} INFO - [2023-11-24T10:43:54.372+0800] {dag.py:2941} INFO - Sync 1 DAGs
[2023-11-24T10:43:54.393+0800] {logging_mixin.py:154} INFO - [2023-11-24T10:43:54.393+0800] {dag.py:3722} INFO - Setting next_dagrun for example_trigger_controller_dag to 2021-01-01T00:00:00+00:00, run_after=2021-01-01T00:00:00+00:00
[2023-11-24T10:43:54.419+0800] {processor.py:179} INFO - Processing /home/azfarmustafa/airflow_tutorial/.venv/lib/python3.10/site-packages/airflow/example_dags/example_trigger_controller_dag.py took 0.071 seconds
[2023-11-24T10:44:28.383+0800] {processor.py:157} INFO - Started process (PID=59867) to work on /home/azfarmustafa/airflow_tutorial/.venv/lib/python3.10/site-packages/airflow/example_dags/example_trigger_controller_dag.py
[2023-11-24T10:44:28.384+0800] {processor.py:829} INFO - Processing file /home/azfarmustafa/airflow_tutorial/.venv/lib/python3.10/site-packages/airflow/example_dags/example_trigger_controller_dag.py for tasks to queue
[2023-11-24T10:44:28.385+0800] {logging_mixin.py:154} INFO - [2023-11-24T10:44:28.384+0800] {dagbag.py:536} INFO - Filling up the DagBag from /home/azfarmustafa/airflow_tutorial/.venv/lib/python3.10/site-packages/airflow/example_dags/example_trigger_controller_dag.py
[2023-11-24T10:44:28.388+0800] {processor.py:839} INFO - DAG(s) dict_keys(['example_trigger_controller_dag']) retrieved from /home/azfarmustafa/airflow_tutorial/.venv/lib/python3.10/site-packages/airflow/example_dags/example_trigger_controller_dag.py
[2023-11-24T10:44:28.403+0800] {logging_mixin.py:154} INFO - [2023-11-24T10:44:28.403+0800] {dag.py:2941} INFO - Sync 1 DAGs
[2023-11-24T10:44:28.419+0800] {logging_mixin.py:154} INFO - [2023-11-24T10:44:28.419+0800] {dag.py:3722} INFO - Setting next_dagrun for example_trigger_controller_dag to 2021-01-01T00:00:00+00:00, run_after=2021-01-01T00:00:00+00:00
[2023-11-24T10:44:28.442+0800] {processor.py:179} INFO - Processing /home/azfarmustafa/airflow_tutorial/.venv/lib/python3.10/site-packages/airflow/example_dags/example_trigger_controller_dag.py took 0.062 seconds
[2023-11-24T10:45:00.675+0800] {processor.py:157} INFO - Started process (PID=59900) to work on /home/azfarmustafa/airflow_tutorial/.venv/lib/python3.10/site-packages/airflow/example_dags/example_trigger_controller_dag.py
[2023-11-24T10:45:00.679+0800] {processor.py:829} INFO - Processing file /home/azfarmustafa/airflow_tutorial/.venv/lib/python3.10/site-packages/airflow/example_dags/example_trigger_controller_dag.py for tasks to queue
[2023-11-24T10:45:00.680+0800] {logging_mixin.py:154} INFO - [2023-11-24T10:45:00.680+0800] {dagbag.py:536} INFO - Filling up the DagBag from /home/azfarmustafa/airflow_tutorial/.venv/lib/python3.10/site-packages/airflow/example_dags/example_trigger_controller_dag.py
[2023-11-24T10:45:00.684+0800] {processor.py:839} INFO - DAG(s) dict_keys(['example_trigger_controller_dag']) retrieved from /home/azfarmustafa/airflow_tutorial/.venv/lib/python3.10/site-packages/airflow/example_dags/example_trigger_controller_dag.py
[2023-11-24T10:45:00.698+0800] {logging_mixin.py:154} INFO - [2023-11-24T10:45:00.698+0800] {dag.py:2941} INFO - Sync 1 DAGs
[2023-11-24T10:45:00.716+0800] {logging_mixin.py:154} INFO - [2023-11-24T10:45:00.716+0800] {dag.py:3722} INFO - Setting next_dagrun for example_trigger_controller_dag to 2021-01-01T00:00:00+00:00, run_after=2021-01-01T00:00:00+00:00
[2023-11-24T10:45:00.738+0800] {processor.py:179} INFO - Processing /home/azfarmustafa/airflow_tutorial/.venv/lib/python3.10/site-packages/airflow/example_dags/example_trigger_controller_dag.py took 0.066 seconds
[2023-11-24T10:45:49.296+0800] {processor.py:157} INFO - Started process (PID=59948) to work on /home/azfarmustafa/airflow_tutorial/.venv/lib/python3.10/site-packages/airflow/example_dags/example_trigger_controller_dag.py
[2023-11-24T10:45:49.300+0800] {processor.py:829} INFO - Processing file /home/azfarmustafa/airflow_tutorial/.venv/lib/python3.10/site-packages/airflow/example_dags/example_trigger_controller_dag.py for tasks to queue
[2023-11-24T10:45:49.301+0800] {logging_mixin.py:154} INFO - [2023-11-24T10:45:49.301+0800] {dagbag.py:536} INFO - Filling up the DagBag from /home/azfarmustafa/airflow_tutorial/.venv/lib/python3.10/site-packages/airflow/example_dags/example_trigger_controller_dag.py
[2023-11-24T10:45:49.305+0800] {processor.py:839} INFO - DAG(s) dict_keys(['example_trigger_controller_dag']) retrieved from /home/azfarmustafa/airflow_tutorial/.venv/lib/python3.10/site-packages/airflow/example_dags/example_trigger_controller_dag.py
[2023-11-24T10:45:49.319+0800] {logging_mixin.py:154} INFO - [2023-11-24T10:45:49.319+0800] {dag.py:2941} INFO - Sync 1 DAGs
[2023-11-24T10:45:49.335+0800] {logging_mixin.py:154} INFO - [2023-11-24T10:45:49.335+0800] {dag.py:3722} INFO - Setting next_dagrun for example_trigger_controller_dag to 2021-01-01T00:00:00+00:00, run_after=2021-01-01T00:00:00+00:00
[2023-11-24T10:45:49.361+0800] {processor.py:179} INFO - Processing /home/azfarmustafa/airflow_tutorial/.venv/lib/python3.10/site-packages/airflow/example_dags/example_trigger_controller_dag.py took 0.069 seconds
[2023-11-24T10:46:33.278+0800] {processor.py:157} INFO - Started process (PID=59994) to work on /home/azfarmustafa/airflow_tutorial/.venv/lib/python3.10/site-packages/airflow/example_dags/example_trigger_controller_dag.py
[2023-11-24T10:46:33.283+0800] {processor.py:829} INFO - Processing file /home/azfarmustafa/airflow_tutorial/.venv/lib/python3.10/site-packages/airflow/example_dags/example_trigger_controller_dag.py for tasks to queue
[2023-11-24T10:46:33.285+0800] {logging_mixin.py:154} INFO - [2023-11-24T10:46:33.284+0800] {dagbag.py:536} INFO - Filling up the DagBag from /home/azfarmustafa/airflow_tutorial/.venv/lib/python3.10/site-packages/airflow/example_dags/example_trigger_controller_dag.py
[2023-11-24T10:46:33.289+0800] {processor.py:839} INFO - DAG(s) dict_keys(['example_trigger_controller_dag']) retrieved from /home/azfarmustafa/airflow_tutorial/.venv/lib/python3.10/site-packages/airflow/example_dags/example_trigger_controller_dag.py
[2023-11-24T10:46:33.303+0800] {logging_mixin.py:154} INFO - [2023-11-24T10:46:33.303+0800] {dag.py:2941} INFO - Sync 1 DAGs
[2023-11-24T10:46:33.321+0800] {logging_mixin.py:154} INFO - [2023-11-24T10:46:33.321+0800] {dag.py:3722} INFO - Setting next_dagrun for example_trigger_controller_dag to 2021-01-01T00:00:00+00:00, run_after=2021-01-01T00:00:00+00:00
[2023-11-24T10:46:33.348+0800] {processor.py:179} INFO - Processing /home/azfarmustafa/airflow_tutorial/.venv/lib/python3.10/site-packages/airflow/example_dags/example_trigger_controller_dag.py took 0.073 seconds
[2023-11-24T10:47:18.529+0800] {processor.py:157} INFO - Started process (PID=60047) to work on /home/azfarmustafa/airflow_tutorial/.venv/lib/python3.10/site-packages/airflow/example_dags/example_trigger_controller_dag.py
[2023-11-24T10:47:18.530+0800] {processor.py:829} INFO - Processing file /home/azfarmustafa/airflow_tutorial/.venv/lib/python3.10/site-packages/airflow/example_dags/example_trigger_controller_dag.py for tasks to queue
[2023-11-24T10:47:18.531+0800] {logging_mixin.py:154} INFO - [2023-11-24T10:47:18.530+0800] {dagbag.py:536} INFO - Filling up the DagBag from /home/azfarmustafa/airflow_tutorial/.venv/lib/python3.10/site-packages/airflow/example_dags/example_trigger_controller_dag.py
[2023-11-24T10:47:18.535+0800] {processor.py:839} INFO - DAG(s) dict_keys(['example_trigger_controller_dag']) retrieved from /home/azfarmustafa/airflow_tutorial/.venv/lib/python3.10/site-packages/airflow/example_dags/example_trigger_controller_dag.py
[2023-11-24T10:47:18.548+0800] {logging_mixin.py:154} INFO - [2023-11-24T10:47:18.548+0800] {dag.py:2941} INFO - Sync 1 DAGs
[2023-11-24T10:47:18.565+0800] {logging_mixin.py:154} INFO - [2023-11-24T10:47:18.565+0800] {dag.py:3722} INFO - Setting next_dagrun for example_trigger_controller_dag to 2021-01-01T00:00:00+00:00, run_after=2021-01-01T00:00:00+00:00
[2023-11-24T10:47:18.588+0800] {processor.py:179} INFO - Processing /home/azfarmustafa/airflow_tutorial/.venv/lib/python3.10/site-packages/airflow/example_dags/example_trigger_controller_dag.py took 0.064 seconds
[2023-11-24T10:48:03.332+0800] {processor.py:157} INFO - Started process (PID=60092) to work on /home/azfarmustafa/airflow_tutorial/.venv/lib/python3.10/site-packages/airflow/example_dags/example_trigger_controller_dag.py
[2023-11-24T10:48:03.334+0800] {processor.py:829} INFO - Processing file /home/azfarmustafa/airflow_tutorial/.venv/lib/python3.10/site-packages/airflow/example_dags/example_trigger_controller_dag.py for tasks to queue
[2023-11-24T10:48:03.335+0800] {logging_mixin.py:154} INFO - [2023-11-24T10:48:03.335+0800] {dagbag.py:536} INFO - Filling up the DagBag from /home/azfarmustafa/airflow_tutorial/.venv/lib/python3.10/site-packages/airflow/example_dags/example_trigger_controller_dag.py
[2023-11-24T10:48:03.341+0800] {processor.py:839} INFO - DAG(s) dict_keys(['example_trigger_controller_dag']) retrieved from /home/azfarmustafa/airflow_tutorial/.venv/lib/python3.10/site-packages/airflow/example_dags/example_trigger_controller_dag.py
[2023-11-24T10:48:03.356+0800] {logging_mixin.py:154} INFO - [2023-11-24T10:48:03.356+0800] {dag.py:2941} INFO - Sync 1 DAGs
[2023-11-24T10:48:03.379+0800] {logging_mixin.py:154} INFO - [2023-11-24T10:48:03.379+0800] {dag.py:3722} INFO - Setting next_dagrun for example_trigger_controller_dag to 2021-01-01T00:00:00+00:00, run_after=2021-01-01T00:00:00+00:00
[2023-11-24T10:48:03.406+0800] {processor.py:179} INFO - Processing /home/azfarmustafa/airflow_tutorial/.venv/lib/python3.10/site-packages/airflow/example_dags/example_trigger_controller_dag.py took 0.076 seconds
[2023-11-24T10:48:49.497+0800] {processor.py:157} INFO - Started process (PID=60139) to work on /home/azfarmustafa/airflow_tutorial/.venv/lib/python3.10/site-packages/airflow/example_dags/example_trigger_controller_dag.py
[2023-11-24T10:48:49.504+0800] {processor.py:829} INFO - Processing file /home/azfarmustafa/airflow_tutorial/.venv/lib/python3.10/site-packages/airflow/example_dags/example_trigger_controller_dag.py for tasks to queue
[2023-11-24T10:48:49.505+0800] {logging_mixin.py:154} INFO - [2023-11-24T10:48:49.505+0800] {dagbag.py:536} INFO - Filling up the DagBag from /home/azfarmustafa/airflow_tutorial/.venv/lib/python3.10/site-packages/airflow/example_dags/example_trigger_controller_dag.py
[2023-11-24T10:48:49.509+0800] {processor.py:839} INFO - DAG(s) dict_keys(['example_trigger_controller_dag']) retrieved from /home/azfarmustafa/airflow_tutorial/.venv/lib/python3.10/site-packages/airflow/example_dags/example_trigger_controller_dag.py
[2023-11-24T10:48:49.523+0800] {logging_mixin.py:154} INFO - [2023-11-24T10:48:49.522+0800] {dag.py:2941} INFO - Sync 1 DAGs
[2023-11-24T10:48:49.540+0800] {logging_mixin.py:154} INFO - [2023-11-24T10:48:49.539+0800] {dag.py:3722} INFO - Setting next_dagrun for example_trigger_controller_dag to 2021-01-01T00:00:00+00:00, run_after=2021-01-01T00:00:00+00:00
[2023-11-24T10:48:49.562+0800] {processor.py:179} INFO - Processing /home/azfarmustafa/airflow_tutorial/.venv/lib/python3.10/site-packages/airflow/example_dags/example_trigger_controller_dag.py took 0.068 seconds
[2023-11-24T10:49:23.820+0800] {processor.py:157} INFO - Started process (PID=60173) to work on /home/azfarmustafa/airflow_tutorial/.venv/lib/python3.10/site-packages/airflow/example_dags/example_trigger_controller_dag.py
[2023-11-24T10:49:23.821+0800] {processor.py:829} INFO - Processing file /home/azfarmustafa/airflow_tutorial/.venv/lib/python3.10/site-packages/airflow/example_dags/example_trigger_controller_dag.py for tasks to queue
[2023-11-24T10:49:23.822+0800] {logging_mixin.py:154} INFO - [2023-11-24T10:49:23.822+0800] {dagbag.py:536} INFO - Filling up the DagBag from /home/azfarmustafa/airflow_tutorial/.venv/lib/python3.10/site-packages/airflow/example_dags/example_trigger_controller_dag.py
[2023-11-24T10:49:23.826+0800] {processor.py:839} INFO - DAG(s) dict_keys(['example_trigger_controller_dag']) retrieved from /home/azfarmustafa/airflow_tutorial/.venv/lib/python3.10/site-packages/airflow/example_dags/example_trigger_controller_dag.py
[2023-11-24T10:49:23.840+0800] {logging_mixin.py:154} INFO - [2023-11-24T10:49:23.840+0800] {dag.py:2941} INFO - Sync 1 DAGs
[2023-11-24T10:49:23.861+0800] {logging_mixin.py:154} INFO - [2023-11-24T10:49:23.861+0800] {dag.py:3722} INFO - Setting next_dagrun for example_trigger_controller_dag to 2021-01-01T00:00:00+00:00, run_after=2021-01-01T00:00:00+00:00
[2023-11-24T10:49:23.889+0800] {processor.py:179} INFO - Processing /home/azfarmustafa/airflow_tutorial/.venv/lib/python3.10/site-packages/airflow/example_dags/example_trigger_controller_dag.py took 0.072 seconds
[2023-11-24T10:50:08.863+0800] {processor.py:157} INFO - Started process (PID=60220) to work on /home/azfarmustafa/airflow_tutorial/.venv/lib/python3.10/site-packages/airflow/example_dags/example_trigger_controller_dag.py
[2023-11-24T10:50:08.868+0800] {processor.py:829} INFO - Processing file /home/azfarmustafa/airflow_tutorial/.venv/lib/python3.10/site-packages/airflow/example_dags/example_trigger_controller_dag.py for tasks to queue
[2023-11-24T10:50:08.869+0800] {logging_mixin.py:154} INFO - [2023-11-24T10:50:08.868+0800] {dagbag.py:536} INFO - Filling up the DagBag from /home/azfarmustafa/airflow_tutorial/.venv/lib/python3.10/site-packages/airflow/example_dags/example_trigger_controller_dag.py
[2023-11-24T10:50:08.873+0800] {processor.py:839} INFO - DAG(s) dict_keys(['example_trigger_controller_dag']) retrieved from /home/azfarmustafa/airflow_tutorial/.venv/lib/python3.10/site-packages/airflow/example_dags/example_trigger_controller_dag.py
[2023-11-24T10:50:08.888+0800] {logging_mixin.py:154} INFO - [2023-11-24T10:50:08.888+0800] {dag.py:2941} INFO - Sync 1 DAGs
[2023-11-24T10:50:08.908+0800] {logging_mixin.py:154} INFO - [2023-11-24T10:50:08.908+0800] {dag.py:3722} INFO - Setting next_dagrun for example_trigger_controller_dag to 2021-01-01T00:00:00+00:00, run_after=2021-01-01T00:00:00+00:00
[2023-11-24T10:50:08.937+0800] {processor.py:179} INFO - Processing /home/azfarmustafa/airflow_tutorial/.venv/lib/python3.10/site-packages/airflow/example_dags/example_trigger_controller_dag.py took 0.077 seconds
[2023-11-24T10:50:41.204+0800] {processor.py:157} INFO - Started process (PID=60253) to work on /home/azfarmustafa/airflow_tutorial/.venv/lib/python3.10/site-packages/airflow/example_dags/example_trigger_controller_dag.py
[2023-11-24T10:50:41.208+0800] {processor.py:829} INFO - Processing file /home/azfarmustafa/airflow_tutorial/.venv/lib/python3.10/site-packages/airflow/example_dags/example_trigger_controller_dag.py for tasks to queue
[2023-11-24T10:50:41.209+0800] {logging_mixin.py:154} INFO - [2023-11-24T10:50:41.209+0800] {dagbag.py:536} INFO - Filling up the DagBag from /home/azfarmustafa/airflow_tutorial/.venv/lib/python3.10/site-packages/airflow/example_dags/example_trigger_controller_dag.py
[2023-11-24T10:50:41.213+0800] {processor.py:839} INFO - DAG(s) dict_keys(['example_trigger_controller_dag']) retrieved from /home/azfarmustafa/airflow_tutorial/.venv/lib/python3.10/site-packages/airflow/example_dags/example_trigger_controller_dag.py
[2023-11-24T10:50:41.227+0800] {logging_mixin.py:154} INFO - [2023-11-24T10:50:41.226+0800] {dag.py:2941} INFO - Sync 1 DAGs
[2023-11-24T10:50:41.245+0800] {logging_mixin.py:154} INFO - [2023-11-24T10:50:41.244+0800] {dag.py:3722} INFO - Setting next_dagrun for example_trigger_controller_dag to 2021-01-01T00:00:00+00:00, run_after=2021-01-01T00:00:00+00:00
[2023-11-24T10:50:41.268+0800] {processor.py:179} INFO - Processing /home/azfarmustafa/airflow_tutorial/.venv/lib/python3.10/site-packages/airflow/example_dags/example_trigger_controller_dag.py took 0.067 seconds
[2023-11-24T10:51:28.284+0800] {processor.py:157} INFO - Started process (PID=60301) to work on /home/azfarmustafa/airflow_tutorial/.venv/lib/python3.10/site-packages/airflow/example_dags/example_trigger_controller_dag.py
[2023-11-24T10:51:28.288+0800] {processor.py:829} INFO - Processing file /home/azfarmustafa/airflow_tutorial/.venv/lib/python3.10/site-packages/airflow/example_dags/example_trigger_controller_dag.py for tasks to queue
[2023-11-24T10:51:28.288+0800] {logging_mixin.py:154} INFO - [2023-11-24T10:51:28.288+0800] {dagbag.py:536} INFO - Filling up the DagBag from /home/azfarmustafa/airflow_tutorial/.venv/lib/python3.10/site-packages/airflow/example_dags/example_trigger_controller_dag.py
[2023-11-24T10:51:28.293+0800] {processor.py:839} INFO - DAG(s) dict_keys(['example_trigger_controller_dag']) retrieved from /home/azfarmustafa/airflow_tutorial/.venv/lib/python3.10/site-packages/airflow/example_dags/example_trigger_controller_dag.py
[2023-11-24T10:51:28.309+0800] {logging_mixin.py:154} INFO - [2023-11-24T10:51:28.309+0800] {dag.py:2941} INFO - Sync 1 DAGs
[2023-11-24T10:51:28.329+0800] {logging_mixin.py:154} INFO - [2023-11-24T10:51:28.329+0800] {dag.py:3722} INFO - Setting next_dagrun for example_trigger_controller_dag to 2021-01-01T00:00:00+00:00, run_after=2021-01-01T00:00:00+00:00
[2023-11-24T10:51:28.351+0800] {processor.py:179} INFO - Processing /home/azfarmustafa/airflow_tutorial/.venv/lib/python3.10/site-packages/airflow/example_dags/example_trigger_controller_dag.py took 0.069 seconds
[2023-11-24T10:52:15.391+0800] {processor.py:157} INFO - Started process (PID=60349) to work on /home/azfarmustafa/airflow_tutorial/.venv/lib/python3.10/site-packages/airflow/example_dags/example_trigger_controller_dag.py
[2023-11-24T10:52:15.395+0800] {processor.py:829} INFO - Processing file /home/azfarmustafa/airflow_tutorial/.venv/lib/python3.10/site-packages/airflow/example_dags/example_trigger_controller_dag.py for tasks to queue
[2023-11-24T10:52:15.396+0800] {logging_mixin.py:154} INFO - [2023-11-24T10:52:15.396+0800] {dagbag.py:536} INFO - Filling up the DagBag from /home/azfarmustafa/airflow_tutorial/.venv/lib/python3.10/site-packages/airflow/example_dags/example_trigger_controller_dag.py
[2023-11-24T10:52:15.401+0800] {processor.py:839} INFO - DAG(s) dict_keys(['example_trigger_controller_dag']) retrieved from /home/azfarmustafa/airflow_tutorial/.venv/lib/python3.10/site-packages/airflow/example_dags/example_trigger_controller_dag.py
[2023-11-24T10:52:15.417+0800] {logging_mixin.py:154} INFO - [2023-11-24T10:52:15.417+0800] {dag.py:2941} INFO - Sync 1 DAGs
[2023-11-24T10:52:15.436+0800] {logging_mixin.py:154} INFO - [2023-11-24T10:52:15.435+0800] {dag.py:3722} INFO - Setting next_dagrun for example_trigger_controller_dag to 2021-01-01T00:00:00+00:00, run_after=2021-01-01T00:00:00+00:00
[2023-11-24T10:52:15.485+0800] {processor.py:179} INFO - Processing /home/azfarmustafa/airflow_tutorial/.venv/lib/python3.10/site-packages/airflow/example_dags/example_trigger_controller_dag.py took 0.098 seconds
[2023-11-24T10:52:50.412+0800] {processor.py:157} INFO - Started process (PID=60383) to work on /home/azfarmustafa/airflow_tutorial/.venv/lib/python3.10/site-packages/airflow/example_dags/example_trigger_controller_dag.py
[2023-11-24T10:52:50.417+0800] {processor.py:829} INFO - Processing file /home/azfarmustafa/airflow_tutorial/.venv/lib/python3.10/site-packages/airflow/example_dags/example_trigger_controller_dag.py for tasks to queue
[2023-11-24T10:52:50.418+0800] {logging_mixin.py:154} INFO - [2023-11-24T10:52:50.417+0800] {dagbag.py:536} INFO - Filling up the DagBag from /home/azfarmustafa/airflow_tutorial/.venv/lib/python3.10/site-packages/airflow/example_dags/example_trigger_controller_dag.py
[2023-11-24T10:52:50.422+0800] {processor.py:839} INFO - DAG(s) dict_keys(['example_trigger_controller_dag']) retrieved from /home/azfarmustafa/airflow_tutorial/.venv/lib/python3.10/site-packages/airflow/example_dags/example_trigger_controller_dag.py
[2023-11-24T10:52:50.439+0800] {logging_mixin.py:154} INFO - [2023-11-24T10:52:50.438+0800] {dag.py:2941} INFO - Sync 1 DAGs
[2023-11-24T10:52:50.459+0800] {logging_mixin.py:154} INFO - [2023-11-24T10:52:50.458+0800] {dag.py:3722} INFO - Setting next_dagrun for example_trigger_controller_dag to 2021-01-01T00:00:00+00:00, run_after=2021-01-01T00:00:00+00:00
[2023-11-24T10:52:50.489+0800] {processor.py:179} INFO - Processing /home/azfarmustafa/airflow_tutorial/.venv/lib/python3.10/site-packages/airflow/example_dags/example_trigger_controller_dag.py took 0.081 seconds
[2023-11-24T10:53:36.547+0800] {processor.py:157} INFO - Started process (PID=60437) to work on /home/azfarmustafa/airflow_tutorial/.venv/lib/python3.10/site-packages/airflow/example_dags/example_trigger_controller_dag.py
[2023-11-24T10:53:36.551+0800] {processor.py:829} INFO - Processing file /home/azfarmustafa/airflow_tutorial/.venv/lib/python3.10/site-packages/airflow/example_dags/example_trigger_controller_dag.py for tasks to queue
[2023-11-24T10:53:36.551+0800] {logging_mixin.py:154} INFO - [2023-11-24T10:53:36.551+0800] {dagbag.py:536} INFO - Filling up the DagBag from /home/azfarmustafa/airflow_tutorial/.venv/lib/python3.10/site-packages/airflow/example_dags/example_trigger_controller_dag.py
[2023-11-24T10:53:36.555+0800] {processor.py:839} INFO - DAG(s) dict_keys(['example_trigger_controller_dag']) retrieved from /home/azfarmustafa/airflow_tutorial/.venv/lib/python3.10/site-packages/airflow/example_dags/example_trigger_controller_dag.py
[2023-11-24T10:53:36.569+0800] {logging_mixin.py:154} INFO - [2023-11-24T10:53:36.569+0800] {dag.py:2941} INFO - Sync 1 DAGs
[2023-11-24T10:53:36.587+0800] {logging_mixin.py:154} INFO - [2023-11-24T10:53:36.586+0800] {dag.py:3722} INFO - Setting next_dagrun for example_trigger_controller_dag to 2021-01-01T00:00:00+00:00, run_after=2021-01-01T00:00:00+00:00
[2023-11-24T10:53:36.613+0800] {processor.py:179} INFO - Processing /home/azfarmustafa/airflow_tutorial/.venv/lib/python3.10/site-packages/airflow/example_dags/example_trigger_controller_dag.py took 0.069 seconds
[2023-11-24T10:54:23.448+0800] {processor.py:157} INFO - Started process (PID=60484) to work on /home/azfarmustafa/airflow_tutorial/.venv/lib/python3.10/site-packages/airflow/example_dags/example_trigger_controller_dag.py
[2023-11-24T10:54:23.452+0800] {processor.py:829} INFO - Processing file /home/azfarmustafa/airflow_tutorial/.venv/lib/python3.10/site-packages/airflow/example_dags/example_trigger_controller_dag.py for tasks to queue
[2023-11-24T10:54:23.453+0800] {logging_mixin.py:154} INFO - [2023-11-24T10:54:23.452+0800] {dagbag.py:536} INFO - Filling up the DagBag from /home/azfarmustafa/airflow_tutorial/.venv/lib/python3.10/site-packages/airflow/example_dags/example_trigger_controller_dag.py
[2023-11-24T10:54:23.458+0800] {processor.py:839} INFO - DAG(s) dict_keys(['example_trigger_controller_dag']) retrieved from /home/azfarmustafa/airflow_tutorial/.venv/lib/python3.10/site-packages/airflow/example_dags/example_trigger_controller_dag.py
[2023-11-24T10:54:23.473+0800] {logging_mixin.py:154} INFO - [2023-11-24T10:54:23.472+0800] {dag.py:2941} INFO - Sync 1 DAGs
[2023-11-24T10:54:23.490+0800] {logging_mixin.py:154} INFO - [2023-11-24T10:54:23.490+0800] {dag.py:3722} INFO - Setting next_dagrun for example_trigger_controller_dag to 2021-01-01T00:00:00+00:00, run_after=2021-01-01T00:00:00+00:00
[2023-11-24T10:54:23.515+0800] {processor.py:179} INFO - Processing /home/azfarmustafa/airflow_tutorial/.venv/lib/python3.10/site-packages/airflow/example_dags/example_trigger_controller_dag.py took 0.070 seconds
[2023-11-24T10:54:57.860+0800] {processor.py:157} INFO - Started process (PID=60518) to work on /home/azfarmustafa/airflow_tutorial/.venv/lib/python3.10/site-packages/airflow/example_dags/example_trigger_controller_dag.py
[2023-11-24T10:54:57.861+0800] {processor.py:829} INFO - Processing file /home/azfarmustafa/airflow_tutorial/.venv/lib/python3.10/site-packages/airflow/example_dags/example_trigger_controller_dag.py for tasks to queue
[2023-11-24T10:54:57.862+0800] {logging_mixin.py:154} INFO - [2023-11-24T10:54:57.862+0800] {dagbag.py:536} INFO - Filling up the DagBag from /home/azfarmustafa/airflow_tutorial/.venv/lib/python3.10/site-packages/airflow/example_dags/example_trigger_controller_dag.py
[2023-11-24T10:54:57.867+0800] {processor.py:839} INFO - DAG(s) dict_keys(['example_trigger_controller_dag']) retrieved from /home/azfarmustafa/airflow_tutorial/.venv/lib/python3.10/site-packages/airflow/example_dags/example_trigger_controller_dag.py
[2023-11-24T10:54:57.883+0800] {logging_mixin.py:154} INFO - [2023-11-24T10:54:57.883+0800] {dag.py:2941} INFO - Sync 1 DAGs
[2023-11-24T10:54:57.902+0800] {logging_mixin.py:154} INFO - [2023-11-24T10:54:57.902+0800] {dag.py:3722} INFO - Setting next_dagrun for example_trigger_controller_dag to 2021-01-01T00:00:00+00:00, run_after=2021-01-01T00:00:00+00:00
[2023-11-24T10:54:57.929+0800] {processor.py:179} INFO - Processing /home/azfarmustafa/airflow_tutorial/.venv/lib/python3.10/site-packages/airflow/example_dags/example_trigger_controller_dag.py took 0.071 seconds
[2023-11-24T10:55:42.574+0800] {processor.py:157} INFO - Started process (PID=60564) to work on /home/azfarmustafa/airflow_tutorial/.venv/lib/python3.10/site-packages/airflow/example_dags/example_trigger_controller_dag.py
[2023-11-24T10:55:42.579+0800] {processor.py:829} INFO - Processing file /home/azfarmustafa/airflow_tutorial/.venv/lib/python3.10/site-packages/airflow/example_dags/example_trigger_controller_dag.py for tasks to queue
[2023-11-24T10:55:42.579+0800] {logging_mixin.py:154} INFO - [2023-11-24T10:55:42.579+0800] {dagbag.py:536} INFO - Filling up the DagBag from /home/azfarmustafa/airflow_tutorial/.venv/lib/python3.10/site-packages/airflow/example_dags/example_trigger_controller_dag.py
[2023-11-24T10:55:42.583+0800] {processor.py:839} INFO - DAG(s) dict_keys(['example_trigger_controller_dag']) retrieved from /home/azfarmustafa/airflow_tutorial/.venv/lib/python3.10/site-packages/airflow/example_dags/example_trigger_controller_dag.py
[2023-11-24T10:55:42.597+0800] {logging_mixin.py:154} INFO - [2023-11-24T10:55:42.597+0800] {dag.py:2941} INFO - Sync 1 DAGs
[2023-11-24T10:55:42.614+0800] {logging_mixin.py:154} INFO - [2023-11-24T10:55:42.614+0800] {dag.py:3722} INFO - Setting next_dagrun for example_trigger_controller_dag to 2021-01-01T00:00:00+00:00, run_after=2021-01-01T00:00:00+00:00
[2023-11-24T10:55:42.635+0800] {processor.py:179} INFO - Processing /home/azfarmustafa/airflow_tutorial/.venv/lib/python3.10/site-packages/airflow/example_dags/example_trigger_controller_dag.py took 0.063 seconds
[2023-11-24T10:56:27.809+0800] {processor.py:157} INFO - Started process (PID=60611) to work on /home/azfarmustafa/airflow_tutorial/.venv/lib/python3.10/site-packages/airflow/example_dags/example_trigger_controller_dag.py
[2023-11-24T10:56:27.814+0800] {processor.py:829} INFO - Processing file /home/azfarmustafa/airflow_tutorial/.venv/lib/python3.10/site-packages/airflow/example_dags/example_trigger_controller_dag.py for tasks to queue
[2023-11-24T10:56:27.815+0800] {logging_mixin.py:154} INFO - [2023-11-24T10:56:27.815+0800] {dagbag.py:536} INFO - Filling up the DagBag from /home/azfarmustafa/airflow_tutorial/.venv/lib/python3.10/site-packages/airflow/example_dags/example_trigger_controller_dag.py
[2023-11-24T10:56:27.819+0800] {processor.py:839} INFO - DAG(s) dict_keys(['example_trigger_controller_dag']) retrieved from /home/azfarmustafa/airflow_tutorial/.venv/lib/python3.10/site-packages/airflow/example_dags/example_trigger_controller_dag.py
[2023-11-24T10:56:27.834+0800] {logging_mixin.py:154} INFO - [2023-11-24T10:56:27.834+0800] {dag.py:2941} INFO - Sync 1 DAGs
[2023-11-24T10:56:27.852+0800] {logging_mixin.py:154} INFO - [2023-11-24T10:56:27.852+0800] {dag.py:3722} INFO - Setting next_dagrun for example_trigger_controller_dag to 2021-01-01T00:00:00+00:00, run_after=2021-01-01T00:00:00+00:00
[2023-11-24T10:56:27.881+0800] {processor.py:179} INFO - Processing /home/azfarmustafa/airflow_tutorial/.venv/lib/python3.10/site-packages/airflow/example_dags/example_trigger_controller_dag.py took 0.076 seconds
[2023-11-24T10:57:08.969+0800] {processor.py:157} INFO - Started process (PID=60653) to work on /home/azfarmustafa/airflow_tutorial/.venv/lib/python3.10/site-packages/airflow/example_dags/example_trigger_controller_dag.py
[2023-11-24T10:57:08.973+0800] {processor.py:829} INFO - Processing file /home/azfarmustafa/airflow_tutorial/.venv/lib/python3.10/site-packages/airflow/example_dags/example_trigger_controller_dag.py for tasks to queue
[2023-11-24T10:57:08.975+0800] {logging_mixin.py:154} INFO - [2023-11-24T10:57:08.974+0800] {dagbag.py:536} INFO - Filling up the DagBag from /home/azfarmustafa/airflow_tutorial/.venv/lib/python3.10/site-packages/airflow/example_dags/example_trigger_controller_dag.py
[2023-11-24T10:57:08.979+0800] {processor.py:839} INFO - DAG(s) dict_keys(['example_trigger_controller_dag']) retrieved from /home/azfarmustafa/airflow_tutorial/.venv/lib/python3.10/site-packages/airflow/example_dags/example_trigger_controller_dag.py
[2023-11-24T10:57:08.995+0800] {logging_mixin.py:154} INFO - [2023-11-24T10:57:08.995+0800] {dag.py:2941} INFO - Sync 1 DAGs
[2023-11-24T10:57:09.016+0800] {logging_mixin.py:154} INFO - [2023-11-24T10:57:09.015+0800] {dag.py:3722} INFO - Setting next_dagrun for example_trigger_controller_dag to 2021-01-01T00:00:00+00:00, run_after=2021-01-01T00:00:00+00:00
[2023-11-24T10:57:09.043+0800] {processor.py:179} INFO - Processing /home/azfarmustafa/airflow_tutorial/.venv/lib/python3.10/site-packages/airflow/example_dags/example_trigger_controller_dag.py took 0.076 seconds
[2023-11-24T10:57:52.543+0800] {processor.py:157} INFO - Started process (PID=60699) to work on /home/azfarmustafa/airflow_tutorial/.venv/lib/python3.10/site-packages/airflow/example_dags/example_trigger_controller_dag.py
[2023-11-24T10:57:52.544+0800] {processor.py:829} INFO - Processing file /home/azfarmustafa/airflow_tutorial/.venv/lib/python3.10/site-packages/airflow/example_dags/example_trigger_controller_dag.py for tasks to queue
[2023-11-24T10:57:52.545+0800] {logging_mixin.py:154} INFO - [2023-11-24T10:57:52.545+0800] {dagbag.py:536} INFO - Filling up the DagBag from /home/azfarmustafa/airflow_tutorial/.venv/lib/python3.10/site-packages/airflow/example_dags/example_trigger_controller_dag.py
[2023-11-24T10:57:52.549+0800] {processor.py:839} INFO - DAG(s) dict_keys(['example_trigger_controller_dag']) retrieved from /home/azfarmustafa/airflow_tutorial/.venv/lib/python3.10/site-packages/airflow/example_dags/example_trigger_controller_dag.py
[2023-11-24T10:57:52.562+0800] {logging_mixin.py:154} INFO - [2023-11-24T10:57:52.562+0800] {dag.py:2941} INFO - Sync 1 DAGs
[2023-11-24T10:57:52.579+0800] {logging_mixin.py:154} INFO - [2023-11-24T10:57:52.579+0800] {dag.py:3722} INFO - Setting next_dagrun for example_trigger_controller_dag to 2021-01-01T00:00:00+00:00, run_after=2021-01-01T00:00:00+00:00
[2023-11-24T10:57:52.603+0800] {processor.py:179} INFO - Processing /home/azfarmustafa/airflow_tutorial/.venv/lib/python3.10/site-packages/airflow/example_dags/example_trigger_controller_dag.py took 0.062 seconds
[2023-11-24T10:58:28.186+0800] {processor.py:157} INFO - Started process (PID=60734) to work on /home/azfarmustafa/airflow_tutorial/.venv/lib/python3.10/site-packages/airflow/example_dags/example_trigger_controller_dag.py
[2023-11-24T10:58:28.191+0800] {processor.py:829} INFO - Processing file /home/azfarmustafa/airflow_tutorial/.venv/lib/python3.10/site-packages/airflow/example_dags/example_trigger_controller_dag.py for tasks to queue
[2023-11-24T10:58:28.192+0800] {logging_mixin.py:154} INFO - [2023-11-24T10:58:28.192+0800] {dagbag.py:536} INFO - Filling up the DagBag from /home/azfarmustafa/airflow_tutorial/.venv/lib/python3.10/site-packages/airflow/example_dags/example_trigger_controller_dag.py
[2023-11-24T10:58:28.198+0800] {processor.py:839} INFO - DAG(s) dict_keys(['example_trigger_controller_dag']) retrieved from /home/azfarmustafa/airflow_tutorial/.venv/lib/python3.10/site-packages/airflow/example_dags/example_trigger_controller_dag.py
[2023-11-24T10:58:28.213+0800] {logging_mixin.py:154} INFO - [2023-11-24T10:58:28.212+0800] {dag.py:2941} INFO - Sync 1 DAGs
[2023-11-24T10:58:28.230+0800] {logging_mixin.py:154} INFO - [2023-11-24T10:58:28.230+0800] {dag.py:3722} INFO - Setting next_dagrun for example_trigger_controller_dag to 2021-01-01T00:00:00+00:00, run_after=2021-01-01T00:00:00+00:00
[2023-11-24T10:58:28.255+0800] {processor.py:179} INFO - Processing /home/azfarmustafa/airflow_tutorial/.venv/lib/python3.10/site-packages/airflow/example_dags/example_trigger_controller_dag.py took 0.072 seconds
[2023-11-24T10:59:14.154+0800] {processor.py:157} INFO - Started process (PID=60781) to work on /home/azfarmustafa/airflow_tutorial/.venv/lib/python3.10/site-packages/airflow/example_dags/example_trigger_controller_dag.py
[2023-11-24T10:59:14.158+0800] {processor.py:829} INFO - Processing file /home/azfarmustafa/airflow_tutorial/.venv/lib/python3.10/site-packages/airflow/example_dags/example_trigger_controller_dag.py for tasks to queue
[2023-11-24T10:59:14.159+0800] {logging_mixin.py:154} INFO - [2023-11-24T10:59:14.159+0800] {dagbag.py:536} INFO - Filling up the DagBag from /home/azfarmustafa/airflow_tutorial/.venv/lib/python3.10/site-packages/airflow/example_dags/example_trigger_controller_dag.py
[2023-11-24T10:59:14.163+0800] {processor.py:839} INFO - DAG(s) dict_keys(['example_trigger_controller_dag']) retrieved from /home/azfarmustafa/airflow_tutorial/.venv/lib/python3.10/site-packages/airflow/example_dags/example_trigger_controller_dag.py
[2023-11-24T10:59:14.192+0800] {logging_mixin.py:154} INFO - [2023-11-24T10:59:14.191+0800] {dag.py:2941} INFO - Sync 1 DAGs
[2023-11-24T10:59:14.212+0800] {logging_mixin.py:154} INFO - [2023-11-24T10:59:14.212+0800] {dag.py:3722} INFO - Setting next_dagrun for example_trigger_controller_dag to 2021-01-01T00:00:00+00:00, run_after=2021-01-01T00:00:00+00:00
[2023-11-24T10:59:14.241+0800] {processor.py:179} INFO - Processing /home/azfarmustafa/airflow_tutorial/.venv/lib/python3.10/site-packages/airflow/example_dags/example_trigger_controller_dag.py took 0.089 seconds
[2023-11-24T10:59:58.465+0800] {processor.py:157} INFO - Started process (PID=60834) to work on /home/azfarmustafa/airflow_tutorial/.venv/lib/python3.10/site-packages/airflow/example_dags/example_trigger_controller_dag.py
[2023-11-24T10:59:58.467+0800] {processor.py:829} INFO - Processing file /home/azfarmustafa/airflow_tutorial/.venv/lib/python3.10/site-packages/airflow/example_dags/example_trigger_controller_dag.py for tasks to queue
[2023-11-24T10:59:58.467+0800] {logging_mixin.py:154} INFO - [2023-11-24T10:59:58.467+0800] {dagbag.py:536} INFO - Filling up the DagBag from /home/azfarmustafa/airflow_tutorial/.venv/lib/python3.10/site-packages/airflow/example_dags/example_trigger_controller_dag.py
[2023-11-24T10:59:58.471+0800] {processor.py:839} INFO - DAG(s) dict_keys(['example_trigger_controller_dag']) retrieved from /home/azfarmustafa/airflow_tutorial/.venv/lib/python3.10/site-packages/airflow/example_dags/example_trigger_controller_dag.py
[2023-11-24T10:59:58.485+0800] {logging_mixin.py:154} INFO - [2023-11-24T10:59:58.485+0800] {dag.py:2941} INFO - Sync 1 DAGs
[2023-11-24T10:59:58.502+0800] {logging_mixin.py:154} INFO - [2023-11-24T10:59:58.502+0800] {dag.py:3722} INFO - Setting next_dagrun for example_trigger_controller_dag to 2021-01-01T00:00:00+00:00, run_after=2021-01-01T00:00:00+00:00
[2023-11-24T10:59:58.525+0800] {processor.py:179} INFO - Processing /home/azfarmustafa/airflow_tutorial/.venv/lib/python3.10/site-packages/airflow/example_dags/example_trigger_controller_dag.py took 0.063 seconds
[2023-11-24T11:00:42.887+0800] {processor.py:157} INFO - Started process (PID=60880) to work on /home/azfarmustafa/airflow_tutorial/.venv/lib/python3.10/site-packages/airflow/example_dags/example_trigger_controller_dag.py
[2023-11-24T11:00:42.891+0800] {processor.py:829} INFO - Processing file /home/azfarmustafa/airflow_tutorial/.venv/lib/python3.10/site-packages/airflow/example_dags/example_trigger_controller_dag.py for tasks to queue
[2023-11-24T11:00:42.892+0800] {logging_mixin.py:154} INFO - [2023-11-24T11:00:42.892+0800] {dagbag.py:536} INFO - Filling up the DagBag from /home/azfarmustafa/airflow_tutorial/.venv/lib/python3.10/site-packages/airflow/example_dags/example_trigger_controller_dag.py
[2023-11-24T11:00:42.896+0800] {processor.py:839} INFO - DAG(s) dict_keys(['example_trigger_controller_dag']) retrieved from /home/azfarmustafa/airflow_tutorial/.venv/lib/python3.10/site-packages/airflow/example_dags/example_trigger_controller_dag.py
[2023-11-24T11:00:42.910+0800] {logging_mixin.py:154} INFO - [2023-11-24T11:00:42.909+0800] {dag.py:2941} INFO - Sync 1 DAGs
[2023-11-24T11:00:42.926+0800] {logging_mixin.py:154} INFO - [2023-11-24T11:00:42.926+0800] {dag.py:3722} INFO - Setting next_dagrun for example_trigger_controller_dag to 2021-01-01T00:00:00+00:00, run_after=2021-01-01T00:00:00+00:00
[2023-11-24T11:00:42.956+0800] {processor.py:179} INFO - Processing /home/azfarmustafa/airflow_tutorial/.venv/lib/python3.10/site-packages/airflow/example_dags/example_trigger_controller_dag.py took 0.071 seconds
[2023-11-24T11:01:29.994+0800] {processor.py:157} INFO - Started process (PID=60929) to work on /home/azfarmustafa/airflow_tutorial/.venv/lib/python3.10/site-packages/airflow/example_dags/example_trigger_controller_dag.py
[2023-11-24T11:01:29.998+0800] {processor.py:829} INFO - Processing file /home/azfarmustafa/airflow_tutorial/.venv/lib/python3.10/site-packages/airflow/example_dags/example_trigger_controller_dag.py for tasks to queue
[2023-11-24T11:01:29.999+0800] {logging_mixin.py:154} INFO - [2023-11-24T11:01:29.999+0800] {dagbag.py:536} INFO - Filling up the DagBag from /home/azfarmustafa/airflow_tutorial/.venv/lib/python3.10/site-packages/airflow/example_dags/example_trigger_controller_dag.py
[2023-11-24T11:01:30.009+0800] {processor.py:839} INFO - DAG(s) dict_keys(['example_trigger_controller_dag']) retrieved from /home/azfarmustafa/airflow_tutorial/.venv/lib/python3.10/site-packages/airflow/example_dags/example_trigger_controller_dag.py
[2023-11-24T11:01:30.031+0800] {logging_mixin.py:154} INFO - [2023-11-24T11:01:30.031+0800] {dag.py:2941} INFO - Sync 1 DAGs
[2023-11-24T11:01:30.062+0800] {logging_mixin.py:154} INFO - [2023-11-24T11:01:30.061+0800] {dag.py:3722} INFO - Setting next_dagrun for example_trigger_controller_dag to 2021-01-01T00:00:00+00:00, run_after=2021-01-01T00:00:00+00:00
[2023-11-24T11:01:30.101+0800] {processor.py:179} INFO - Processing /home/azfarmustafa/airflow_tutorial/.venv/lib/python3.10/site-packages/airflow/example_dags/example_trigger_controller_dag.py took 0.110 seconds
[2023-11-24T11:02:17.799+0800] {processor.py:157} INFO - Started process (PID=60976) to work on /home/azfarmustafa/airflow_tutorial/.venv/lib/python3.10/site-packages/airflow/example_dags/example_trigger_controller_dag.py
[2023-11-24T11:02:17.803+0800] {processor.py:829} INFO - Processing file /home/azfarmustafa/airflow_tutorial/.venv/lib/python3.10/site-packages/airflow/example_dags/example_trigger_controller_dag.py for tasks to queue
[2023-11-24T11:02:17.805+0800] {logging_mixin.py:154} INFO - [2023-11-24T11:02:17.804+0800] {dagbag.py:536} INFO - Filling up the DagBag from /home/azfarmustafa/airflow_tutorial/.venv/lib/python3.10/site-packages/airflow/example_dags/example_trigger_controller_dag.py
[2023-11-24T11:02:17.811+0800] {processor.py:839} INFO - DAG(s) dict_keys(['example_trigger_controller_dag']) retrieved from /home/azfarmustafa/airflow_tutorial/.venv/lib/python3.10/site-packages/airflow/example_dags/example_trigger_controller_dag.py
[2023-11-24T11:02:17.827+0800] {logging_mixin.py:154} INFO - [2023-11-24T11:02:17.827+0800] {dag.py:2941} INFO - Sync 1 DAGs
[2023-11-24T11:02:17.850+0800] {logging_mixin.py:154} INFO - [2023-11-24T11:02:17.850+0800] {dag.py:3722} INFO - Setting next_dagrun for example_trigger_controller_dag to 2021-01-01T00:00:00+00:00, run_after=2021-01-01T00:00:00+00:00
[2023-11-24T11:02:17.879+0800] {processor.py:179} INFO - Processing /home/azfarmustafa/airflow_tutorial/.venv/lib/python3.10/site-packages/airflow/example_dags/example_trigger_controller_dag.py took 0.084 seconds
[2023-11-24T11:03:01.002+0800] {processor.py:157} INFO - Started process (PID=61022) to work on /home/azfarmustafa/airflow_tutorial/.venv/lib/python3.10/site-packages/airflow/example_dags/example_trigger_controller_dag.py
[2023-11-24T11:03:01.006+0800] {processor.py:829} INFO - Processing file /home/azfarmustafa/airflow_tutorial/.venv/lib/python3.10/site-packages/airflow/example_dags/example_trigger_controller_dag.py for tasks to queue
[2023-11-24T11:03:01.007+0800] {logging_mixin.py:154} INFO - [2023-11-24T11:03:01.007+0800] {dagbag.py:536} INFO - Filling up the DagBag from /home/azfarmustafa/airflow_tutorial/.venv/lib/python3.10/site-packages/airflow/example_dags/example_trigger_controller_dag.py
[2023-11-24T11:03:01.011+0800] {processor.py:839} INFO - DAG(s) dict_keys(['example_trigger_controller_dag']) retrieved from /home/azfarmustafa/airflow_tutorial/.venv/lib/python3.10/site-packages/airflow/example_dags/example_trigger_controller_dag.py
[2023-11-24T11:03:01.025+0800] {logging_mixin.py:154} INFO - [2023-11-24T11:03:01.025+0800] {dag.py:2941} INFO - Sync 1 DAGs
[2023-11-24T11:03:01.042+0800] {logging_mixin.py:154} INFO - [2023-11-24T11:03:01.042+0800] {dag.py:3722} INFO - Setting next_dagrun for example_trigger_controller_dag to 2021-01-01T00:00:00+00:00, run_after=2021-01-01T00:00:00+00:00
[2023-11-24T11:03:01.066+0800] {processor.py:179} INFO - Processing /home/azfarmustafa/airflow_tutorial/.venv/lib/python3.10/site-packages/airflow/example_dags/example_trigger_controller_dag.py took 0.066 seconds
[2023-11-24T11:03:49.738+0800] {processor.py:157} INFO - Started process (PID=61076) to work on /home/azfarmustafa/airflow_tutorial/.venv/lib/python3.10/site-packages/airflow/example_dags/example_trigger_controller_dag.py
[2023-11-24T11:03:49.740+0800] {processor.py:829} INFO - Processing file /home/azfarmustafa/airflow_tutorial/.venv/lib/python3.10/site-packages/airflow/example_dags/example_trigger_controller_dag.py for tasks to queue
[2023-11-24T11:03:49.741+0800] {logging_mixin.py:154} INFO - [2023-11-24T11:03:49.741+0800] {dagbag.py:536} INFO - Filling up the DagBag from /home/azfarmustafa/airflow_tutorial/.venv/lib/python3.10/site-packages/airflow/example_dags/example_trigger_controller_dag.py
[2023-11-24T11:03:49.746+0800] {processor.py:839} INFO - DAG(s) dict_keys(['example_trigger_controller_dag']) retrieved from /home/azfarmustafa/airflow_tutorial/.venv/lib/python3.10/site-packages/airflow/example_dags/example_trigger_controller_dag.py
[2023-11-24T11:03:49.763+0800] {logging_mixin.py:154} INFO - [2023-11-24T11:03:49.763+0800] {dag.py:2941} INFO - Sync 1 DAGs
[2023-11-24T11:03:49.784+0800] {logging_mixin.py:154} INFO - [2023-11-24T11:03:49.784+0800] {dag.py:3722} INFO - Setting next_dagrun for example_trigger_controller_dag to 2021-01-01T00:00:00+00:00, run_after=2021-01-01T00:00:00+00:00
[2023-11-24T11:03:49.808+0800] {processor.py:179} INFO - Processing /home/azfarmustafa/airflow_tutorial/.venv/lib/python3.10/site-packages/airflow/example_dags/example_trigger_controller_dag.py took 0.072 seconds
[2023-11-24T11:04:22.434+0800] {processor.py:157} INFO - Started process (PID=61110) to work on /home/azfarmustafa/airflow_tutorial/.venv/lib/python3.10/site-packages/airflow/example_dags/example_trigger_controller_dag.py
[2023-11-24T11:04:22.436+0800] {processor.py:829} INFO - Processing file /home/azfarmustafa/airflow_tutorial/.venv/lib/python3.10/site-packages/airflow/example_dags/example_trigger_controller_dag.py for tasks to queue
[2023-11-24T11:04:22.437+0800] {logging_mixin.py:154} INFO - [2023-11-24T11:04:22.437+0800] {dagbag.py:536} INFO - Filling up the DagBag from /home/azfarmustafa/airflow_tutorial/.venv/lib/python3.10/site-packages/airflow/example_dags/example_trigger_controller_dag.py
[2023-11-24T11:04:22.441+0800] {processor.py:839} INFO - DAG(s) dict_keys(['example_trigger_controller_dag']) retrieved from /home/azfarmustafa/airflow_tutorial/.venv/lib/python3.10/site-packages/airflow/example_dags/example_trigger_controller_dag.py
[2023-11-24T11:04:22.455+0800] {logging_mixin.py:154} INFO - [2023-11-24T11:04:22.455+0800] {dag.py:2941} INFO - Sync 1 DAGs
[2023-11-24T11:04:22.473+0800] {logging_mixin.py:154} INFO - [2023-11-24T11:04:22.472+0800] {dag.py:3722} INFO - Setting next_dagrun for example_trigger_controller_dag to 2021-01-01T00:00:00+00:00, run_after=2021-01-01T00:00:00+00:00
[2023-11-24T11:04:22.497+0800] {processor.py:179} INFO - Processing /home/azfarmustafa/airflow_tutorial/.venv/lib/python3.10/site-packages/airflow/example_dags/example_trigger_controller_dag.py took 0.066 seconds
