[2023-11-24T10:25:56.973+0800] {processor.py:157} INFO - Started process (PID=58715) to work on /home/azfarmustafa/airflow_tutorial/.venv/lib/python3.10/site-packages/airflow/example_dags/example_python_operator.py
[2023-11-24T10:25:56.973+0800] {processor.py:829} INFO - Processing file /home/azfarmustafa/airflow_tutorial/.venv/lib/python3.10/site-packages/airflow/example_dags/example_python_operator.py for tasks to queue
[2023-11-24T10:25:56.974+0800] {logging_mixin.py:154} INFO - [2023-11-24T10:25:56.974+0800] {dagbag.py:536} INFO - Filling up the DagBag from /home/azfarmustafa/airflow_tutorial/.venv/lib/python3.10/site-packages/airflow/example_dags/example_python_operator.py
[2023-11-24T10:25:56.985+0800] {processor.py:839} INFO - DAG(s) dict_keys(['example_python_operator']) retrieved from /home/azfarmustafa/airflow_tutorial/.venv/lib/python3.10/site-packages/airflow/example_dags/example_python_operator.py
[2023-11-24T10:25:57.082+0800] {logging_mixin.py:154} INFO - [2023-11-24T10:25:57.081+0800] {dag.py:2941} INFO - Sync 1 DAGs
[2023-11-24T10:25:57.091+0800] {logging_mixin.py:154} INFO - [2023-11-24T10:25:57.091+0800] {dag.py:3722} INFO - Setting next_dagrun for example_python_operator to None, run_after=None
[2023-11-24T10:25:57.123+0800] {processor.py:179} INFO - Processing /home/azfarmustafa/airflow_tutorial/.venv/lib/python3.10/site-packages/airflow/example_dags/example_python_operator.py took 0.153 seconds
[2023-11-24T10:26:43.878+0800] {processor.py:157} INFO - Started process (PID=58770) to work on /home/azfarmustafa/airflow_tutorial/.venv/lib/python3.10/site-packages/airflow/example_dags/example_python_operator.py
[2023-11-24T10:26:43.882+0800] {processor.py:829} INFO - Processing file /home/azfarmustafa/airflow_tutorial/.venv/lib/python3.10/site-packages/airflow/example_dags/example_python_operator.py for tasks to queue
[2023-11-24T10:26:43.882+0800] {logging_mixin.py:154} INFO - [2023-11-24T10:26:43.882+0800] {dagbag.py:536} INFO - Filling up the DagBag from /home/azfarmustafa/airflow_tutorial/.venv/lib/python3.10/site-packages/airflow/example_dags/example_python_operator.py
[2023-11-24T10:26:43.891+0800] {processor.py:839} INFO - DAG(s) dict_keys(['example_python_operator']) retrieved from /home/azfarmustafa/airflow_tutorial/.venv/lib/python3.10/site-packages/airflow/example_dags/example_python_operator.py
[2023-11-24T10:26:43.910+0800] {logging_mixin.py:154} INFO - [2023-11-24T10:26:43.909+0800] {dag.py:2941} INFO - Sync 1 DAGs
[2023-11-24T10:26:43.919+0800] {logging_mixin.py:154} INFO - [2023-11-24T10:26:43.918+0800] {dag.py:3722} INFO - Setting next_dagrun for example_python_operator to None, run_after=None
[2023-11-24T10:26:43.943+0800] {processor.py:179} INFO - Processing /home/azfarmustafa/airflow_tutorial/.venv/lib/python3.10/site-packages/airflow/example_dags/example_python_operator.py took 0.068 seconds
[2023-11-24T10:27:32.367+0800] {processor.py:157} INFO - Started process (PID=58819) to work on /home/azfarmustafa/airflow_tutorial/.venv/lib/python3.10/site-packages/airflow/example_dags/example_python_operator.py
[2023-11-24T10:27:32.369+0800] {processor.py:829} INFO - Processing file /home/azfarmustafa/airflow_tutorial/.venv/lib/python3.10/site-packages/airflow/example_dags/example_python_operator.py for tasks to queue
[2023-11-24T10:27:32.370+0800] {logging_mixin.py:154} INFO - [2023-11-24T10:27:32.370+0800] {dagbag.py:536} INFO - Filling up the DagBag from /home/azfarmustafa/airflow_tutorial/.venv/lib/python3.10/site-packages/airflow/example_dags/example_python_operator.py
[2023-11-24T10:27:32.380+0800] {processor.py:839} INFO - DAG(s) dict_keys(['example_python_operator']) retrieved from /home/azfarmustafa/airflow_tutorial/.venv/lib/python3.10/site-packages/airflow/example_dags/example_python_operator.py
[2023-11-24T10:27:32.398+0800] {logging_mixin.py:154} INFO - [2023-11-24T10:27:32.398+0800] {dag.py:2941} INFO - Sync 1 DAGs
[2023-11-24T10:27:32.410+0800] {logging_mixin.py:154} INFO - [2023-11-24T10:27:32.410+0800] {dag.py:3722} INFO - Setting next_dagrun for example_python_operator to None, run_after=None
[2023-11-24T10:27:32.437+0800] {processor.py:179} INFO - Processing /home/azfarmustafa/airflow_tutorial/.venv/lib/python3.10/site-packages/airflow/example_dags/example_python_operator.py took 0.073 seconds
[2023-11-24T10:28:17.619+0800] {processor.py:157} INFO - Started process (PID=58865) to work on /home/azfarmustafa/airflow_tutorial/.venv/lib/python3.10/site-packages/airflow/example_dags/example_python_operator.py
[2023-11-24T10:28:17.624+0800] {processor.py:829} INFO - Processing file /home/azfarmustafa/airflow_tutorial/.venv/lib/python3.10/site-packages/airflow/example_dags/example_python_operator.py for tasks to queue
[2023-11-24T10:28:17.625+0800] {logging_mixin.py:154} INFO - [2023-11-24T10:28:17.624+0800] {dagbag.py:536} INFO - Filling up the DagBag from /home/azfarmustafa/airflow_tutorial/.venv/lib/python3.10/site-packages/airflow/example_dags/example_python_operator.py
[2023-11-24T10:28:17.635+0800] {processor.py:839} INFO - DAG(s) dict_keys(['example_python_operator']) retrieved from /home/azfarmustafa/airflow_tutorial/.venv/lib/python3.10/site-packages/airflow/example_dags/example_python_operator.py
[2023-11-24T10:28:17.654+0800] {logging_mixin.py:154} INFO - [2023-11-24T10:28:17.653+0800] {dag.py:2941} INFO - Sync 1 DAGs
[2023-11-24T10:28:17.664+0800] {logging_mixin.py:154} INFO - [2023-11-24T10:28:17.664+0800] {dag.py:3722} INFO - Setting next_dagrun for example_python_operator to None, run_after=None
[2023-11-24T10:28:17.687+0800] {processor.py:179} INFO - Processing /home/azfarmustafa/airflow_tutorial/.venv/lib/python3.10/site-packages/airflow/example_dags/example_python_operator.py took 0.070 seconds
[2023-11-24T10:29:07.404+0800] {processor.py:157} INFO - Started process (PID=58920) to work on /home/azfarmustafa/airflow_tutorial/.venv/lib/python3.10/site-packages/airflow/example_dags/example_python_operator.py
[2023-11-24T10:29:07.408+0800] {processor.py:829} INFO - Processing file /home/azfarmustafa/airflow_tutorial/.venv/lib/python3.10/site-packages/airflow/example_dags/example_python_operator.py for tasks to queue
[2023-11-24T10:29:07.408+0800] {logging_mixin.py:154} INFO - [2023-11-24T10:29:07.408+0800] {dagbag.py:536} INFO - Filling up the DagBag from /home/azfarmustafa/airflow_tutorial/.venv/lib/python3.10/site-packages/airflow/example_dags/example_python_operator.py
[2023-11-24T10:29:07.417+0800] {processor.py:839} INFO - DAG(s) dict_keys(['example_python_operator']) retrieved from /home/azfarmustafa/airflow_tutorial/.venv/lib/python3.10/site-packages/airflow/example_dags/example_python_operator.py
[2023-11-24T10:29:07.433+0800] {logging_mixin.py:154} INFO - [2023-11-24T10:29:07.433+0800] {dag.py:2941} INFO - Sync 1 DAGs
[2023-11-24T10:29:07.443+0800] {logging_mixin.py:154} INFO - [2023-11-24T10:29:07.443+0800] {dag.py:3722} INFO - Setting next_dagrun for example_python_operator to None, run_after=None
[2023-11-24T10:29:07.470+0800] {processor.py:179} INFO - Processing /home/azfarmustafa/airflow_tutorial/.venv/lib/python3.10/site-packages/airflow/example_dags/example_python_operator.py took 0.068 seconds
[2023-11-24T10:29:52.274+0800] {processor.py:157} INFO - Started process (PID=58967) to work on /home/azfarmustafa/airflow_tutorial/.venv/lib/python3.10/site-packages/airflow/example_dags/example_python_operator.py
[2023-11-24T10:29:52.278+0800] {processor.py:829} INFO - Processing file /home/azfarmustafa/airflow_tutorial/.venv/lib/python3.10/site-packages/airflow/example_dags/example_python_operator.py for tasks to queue
[2023-11-24T10:29:52.279+0800] {logging_mixin.py:154} INFO - [2023-11-24T10:29:52.279+0800] {dagbag.py:536} INFO - Filling up the DagBag from /home/azfarmustafa/airflow_tutorial/.venv/lib/python3.10/site-packages/airflow/example_dags/example_python_operator.py
[2023-11-24T10:29:52.289+0800] {processor.py:839} INFO - DAG(s) dict_keys(['example_python_operator']) retrieved from /home/azfarmustafa/airflow_tutorial/.venv/lib/python3.10/site-packages/airflow/example_dags/example_python_operator.py
[2023-11-24T10:29:52.308+0800] {logging_mixin.py:154} INFO - [2023-11-24T10:29:52.308+0800] {dag.py:2941} INFO - Sync 1 DAGs
[2023-11-24T10:29:52.317+0800] {logging_mixin.py:154} INFO - [2023-11-24T10:29:52.317+0800] {dag.py:3722} INFO - Setting next_dagrun for example_python_operator to None, run_after=None
[2023-11-24T10:29:52.339+0800] {processor.py:179} INFO - Processing /home/azfarmustafa/airflow_tutorial/.venv/lib/python3.10/site-packages/airflow/example_dags/example_python_operator.py took 0.069 seconds
[2023-11-24T10:30:41.737+0800] {processor.py:157} INFO - Started process (PID=59018) to work on /home/azfarmustafa/airflow_tutorial/.venv/lib/python3.10/site-packages/airflow/example_dags/example_python_operator.py
[2023-11-24T10:30:41.738+0800] {processor.py:829} INFO - Processing file /home/azfarmustafa/airflow_tutorial/.venv/lib/python3.10/site-packages/airflow/example_dags/example_python_operator.py for tasks to queue
[2023-11-24T10:30:41.739+0800] {logging_mixin.py:154} INFO - [2023-11-24T10:30:41.739+0800] {dagbag.py:536} INFO - Filling up the DagBag from /home/azfarmustafa/airflow_tutorial/.venv/lib/python3.10/site-packages/airflow/example_dags/example_python_operator.py
[2023-11-24T10:30:41.749+0800] {processor.py:839} INFO - DAG(s) dict_keys(['example_python_operator']) retrieved from /home/azfarmustafa/airflow_tutorial/.venv/lib/python3.10/site-packages/airflow/example_dags/example_python_operator.py
[2023-11-24T10:30:41.767+0800] {logging_mixin.py:154} INFO - [2023-11-24T10:30:41.767+0800] {dag.py:2941} INFO - Sync 1 DAGs
[2023-11-24T10:30:41.777+0800] {logging_mixin.py:154} INFO - [2023-11-24T10:30:41.776+0800] {dag.py:3722} INFO - Setting next_dagrun for example_python_operator to None, run_after=None
[2023-11-24T10:30:41.803+0800] {processor.py:179} INFO - Processing /home/azfarmustafa/airflow_tutorial/.venv/lib/python3.10/site-packages/airflow/example_dags/example_python_operator.py took 0.069 seconds
[2023-11-24T10:31:29.960+0800] {processor.py:157} INFO - Started process (PID=59066) to work on /home/azfarmustafa/airflow_tutorial/.venv/lib/python3.10/site-packages/airflow/example_dags/example_python_operator.py
[2023-11-24T10:31:29.961+0800] {processor.py:829} INFO - Processing file /home/azfarmustafa/airflow_tutorial/.venv/lib/python3.10/site-packages/airflow/example_dags/example_python_operator.py for tasks to queue
[2023-11-24T10:31:29.962+0800] {logging_mixin.py:154} INFO - [2023-11-24T10:31:29.961+0800] {dagbag.py:536} INFO - Filling up the DagBag from /home/azfarmustafa/airflow_tutorial/.venv/lib/python3.10/site-packages/airflow/example_dags/example_python_operator.py
[2023-11-24T10:31:29.970+0800] {processor.py:839} INFO - DAG(s) dict_keys(['example_python_operator']) retrieved from /home/azfarmustafa/airflow_tutorial/.venv/lib/python3.10/site-packages/airflow/example_dags/example_python_operator.py
[2023-11-24T10:31:29.986+0800] {logging_mixin.py:154} INFO - [2023-11-24T10:31:29.986+0800] {dag.py:2941} INFO - Sync 1 DAGs
[2023-11-24T10:31:30.001+0800] {logging_mixin.py:154} INFO - [2023-11-24T10:31:30.001+0800] {dag.py:3722} INFO - Setting next_dagrun for example_python_operator to None, run_after=None
[2023-11-24T10:31:30.026+0800] {processor.py:179} INFO - Processing /home/azfarmustafa/airflow_tutorial/.venv/lib/python3.10/site-packages/airflow/example_dags/example_python_operator.py took 0.068 seconds
[2023-11-24T10:32:15.204+0800] {processor.py:157} INFO - Started process (PID=59112) to work on /home/azfarmustafa/airflow_tutorial/.venv/lib/python3.10/site-packages/airflow/example_dags/example_python_operator.py
[2023-11-24T10:32:15.208+0800] {processor.py:829} INFO - Processing file /home/azfarmustafa/airflow_tutorial/.venv/lib/python3.10/site-packages/airflow/example_dags/example_python_operator.py for tasks to queue
[2023-11-24T10:32:15.209+0800] {logging_mixin.py:154} INFO - [2023-11-24T10:32:15.208+0800] {dagbag.py:536} INFO - Filling up the DagBag from /home/azfarmustafa/airflow_tutorial/.venv/lib/python3.10/site-packages/airflow/example_dags/example_python_operator.py
[2023-11-24T10:32:15.219+0800] {processor.py:839} INFO - DAG(s) dict_keys(['example_python_operator']) retrieved from /home/azfarmustafa/airflow_tutorial/.venv/lib/python3.10/site-packages/airflow/example_dags/example_python_operator.py
[2023-11-24T10:32:15.240+0800] {logging_mixin.py:154} INFO - [2023-11-24T10:32:15.239+0800] {dag.py:2941} INFO - Sync 1 DAGs
[2023-11-24T10:32:15.251+0800] {logging_mixin.py:154} INFO - [2023-11-24T10:32:15.251+0800] {dag.py:3722} INFO - Setting next_dagrun for example_python_operator to None, run_after=None
[2023-11-24T10:32:15.276+0800] {processor.py:179} INFO - Processing /home/azfarmustafa/airflow_tutorial/.venv/lib/python3.10/site-packages/airflow/example_dags/example_python_operator.py took 0.074 seconds
[2023-11-24T10:33:06.885+0800] {processor.py:157} INFO - Started process (PID=59163) to work on /home/azfarmustafa/airflow_tutorial/.venv/lib/python3.10/site-packages/airflow/example_dags/example_python_operator.py
[2023-11-24T10:33:06.889+0800] {processor.py:829} INFO - Processing file /home/azfarmustafa/airflow_tutorial/.venv/lib/python3.10/site-packages/airflow/example_dags/example_python_operator.py for tasks to queue
[2023-11-24T10:33:06.890+0800] {logging_mixin.py:154} INFO - [2023-11-24T10:33:06.890+0800] {dagbag.py:536} INFO - Filling up the DagBag from /home/azfarmustafa/airflow_tutorial/.venv/lib/python3.10/site-packages/airflow/example_dags/example_python_operator.py
[2023-11-24T10:33:06.901+0800] {processor.py:839} INFO - DAG(s) dict_keys(['example_python_operator']) retrieved from /home/azfarmustafa/airflow_tutorial/.venv/lib/python3.10/site-packages/airflow/example_dags/example_python_operator.py
[2023-11-24T10:33:06.919+0800] {logging_mixin.py:154} INFO - [2023-11-24T10:33:06.919+0800] {dag.py:2941} INFO - Sync 1 DAGs
[2023-11-24T10:33:06.932+0800] {logging_mixin.py:154} INFO - [2023-11-24T10:33:06.931+0800] {dag.py:3722} INFO - Setting next_dagrun for example_python_operator to None, run_after=None
[2023-11-24T10:33:06.957+0800] {processor.py:179} INFO - Processing /home/azfarmustafa/airflow_tutorial/.venv/lib/python3.10/site-packages/airflow/example_dags/example_python_operator.py took 0.075 seconds
[2023-11-24T10:33:58.293+0800] {processor.py:157} INFO - Started process (PID=59213) to work on /home/azfarmustafa/airflow_tutorial/.venv/lib/python3.10/site-packages/airflow/example_dags/example_python_operator.py
[2023-11-24T10:33:58.297+0800] {processor.py:829} INFO - Processing file /home/azfarmustafa/airflow_tutorial/.venv/lib/python3.10/site-packages/airflow/example_dags/example_python_operator.py for tasks to queue
[2023-11-24T10:33:58.298+0800] {logging_mixin.py:154} INFO - [2023-11-24T10:33:58.298+0800] {dagbag.py:536} INFO - Filling up the DagBag from /home/azfarmustafa/airflow_tutorial/.venv/lib/python3.10/site-packages/airflow/example_dags/example_python_operator.py
[2023-11-24T10:33:58.309+0800] {processor.py:839} INFO - DAG(s) dict_keys(['example_python_operator']) retrieved from /home/azfarmustafa/airflow_tutorial/.venv/lib/python3.10/site-packages/airflow/example_dags/example_python_operator.py
[2023-11-24T10:33:58.325+0800] {logging_mixin.py:154} INFO - [2023-11-24T10:33:58.325+0800] {dag.py:2941} INFO - Sync 1 DAGs
[2023-11-24T10:33:58.338+0800] {logging_mixin.py:154} INFO - [2023-11-24T10:33:58.338+0800] {dag.py:3722} INFO - Setting next_dagrun for example_python_operator to None, run_after=None
[2023-11-24T10:33:58.364+0800] {processor.py:179} INFO - Processing /home/azfarmustafa/airflow_tutorial/.venv/lib/python3.10/site-packages/airflow/example_dags/example_python_operator.py took 0.083 seconds
[2023-11-24T10:34:45.824+0800] {processor.py:157} INFO - Started process (PID=59262) to work on /home/azfarmustafa/airflow_tutorial/.venv/lib/python3.10/site-packages/airflow/example_dags/example_python_operator.py
[2023-11-24T10:34:45.826+0800] {processor.py:829} INFO - Processing file /home/azfarmustafa/airflow_tutorial/.venv/lib/python3.10/site-packages/airflow/example_dags/example_python_operator.py for tasks to queue
[2023-11-24T10:34:45.826+0800] {logging_mixin.py:154} INFO - [2023-11-24T10:34:45.826+0800] {dagbag.py:536} INFO - Filling up the DagBag from /home/azfarmustafa/airflow_tutorial/.venv/lib/python3.10/site-packages/airflow/example_dags/example_python_operator.py
[2023-11-24T10:34:45.837+0800] {processor.py:839} INFO - DAG(s) dict_keys(['example_python_operator']) retrieved from /home/azfarmustafa/airflow_tutorial/.venv/lib/python3.10/site-packages/airflow/example_dags/example_python_operator.py
[2023-11-24T10:34:45.855+0800] {logging_mixin.py:154} INFO - [2023-11-24T10:34:45.855+0800] {dag.py:2941} INFO - Sync 1 DAGs
[2023-11-24T10:34:45.866+0800] {logging_mixin.py:154} INFO - [2023-11-24T10:34:45.865+0800] {dag.py:3722} INFO - Setting next_dagrun for example_python_operator to None, run_after=None
[2023-11-24T10:34:45.891+0800] {processor.py:179} INFO - Processing /home/azfarmustafa/airflow_tutorial/.venv/lib/python3.10/site-packages/airflow/example_dags/example_python_operator.py took 0.070 seconds
[2023-11-24T10:35:32.236+0800] {processor.py:157} INFO - Started process (PID=59316) to work on /home/azfarmustafa/airflow_tutorial/.venv/lib/python3.10/site-packages/airflow/example_dags/example_python_operator.py
[2023-11-24T10:35:32.237+0800] {processor.py:829} INFO - Processing file /home/azfarmustafa/airflow_tutorial/.venv/lib/python3.10/site-packages/airflow/example_dags/example_python_operator.py for tasks to queue
[2023-11-24T10:35:32.238+0800] {logging_mixin.py:154} INFO - [2023-11-24T10:35:32.238+0800] {dagbag.py:536} INFO - Filling up the DagBag from /home/azfarmustafa/airflow_tutorial/.venv/lib/python3.10/site-packages/airflow/example_dags/example_python_operator.py
[2023-11-24T10:35:32.249+0800] {processor.py:839} INFO - DAG(s) dict_keys(['example_python_operator']) retrieved from /home/azfarmustafa/airflow_tutorial/.venv/lib/python3.10/site-packages/airflow/example_dags/example_python_operator.py
[2023-11-24T10:35:32.268+0800] {logging_mixin.py:154} INFO - [2023-11-24T10:35:32.268+0800] {dag.py:2941} INFO - Sync 1 DAGs
[2023-11-24T10:35:32.283+0800] {logging_mixin.py:154} INFO - [2023-11-24T10:35:32.282+0800] {dag.py:3722} INFO - Setting next_dagrun for example_python_operator to None, run_after=None
[2023-11-24T10:35:32.308+0800] {processor.py:179} INFO - Processing /home/azfarmustafa/airflow_tutorial/.venv/lib/python3.10/site-packages/airflow/example_dags/example_python_operator.py took 0.074 seconds
[2023-11-24T10:36:15.716+0800] {processor.py:157} INFO - Started process (PID=59362) to work on /home/azfarmustafa/airflow_tutorial/.venv/lib/python3.10/site-packages/airflow/example_dags/example_python_operator.py
[2023-11-24T10:36:15.720+0800] {processor.py:829} INFO - Processing file /home/azfarmustafa/airflow_tutorial/.venv/lib/python3.10/site-packages/airflow/example_dags/example_python_operator.py for tasks to queue
[2023-11-24T10:36:15.721+0800] {logging_mixin.py:154} INFO - [2023-11-24T10:36:15.720+0800] {dagbag.py:536} INFO - Filling up the DagBag from /home/azfarmustafa/airflow_tutorial/.venv/lib/python3.10/site-packages/airflow/example_dags/example_python_operator.py
[2023-11-24T10:36:15.731+0800] {processor.py:839} INFO - DAG(s) dict_keys(['example_python_operator']) retrieved from /home/azfarmustafa/airflow_tutorial/.venv/lib/python3.10/site-packages/airflow/example_dags/example_python_operator.py
[2023-11-24T10:36:15.750+0800] {logging_mixin.py:154} INFO - [2023-11-24T10:36:15.750+0800] {dag.py:2941} INFO - Sync 1 DAGs
[2023-11-24T10:36:15.763+0800] {logging_mixin.py:154} INFO - [2023-11-24T10:36:15.762+0800] {dag.py:3722} INFO - Setting next_dagrun for example_python_operator to None, run_after=None
[2023-11-24T10:36:15.788+0800] {processor.py:179} INFO - Processing /home/azfarmustafa/airflow_tutorial/.venv/lib/python3.10/site-packages/airflow/example_dags/example_python_operator.py took 0.075 seconds
[2023-11-24T10:36:59.791+0800] {processor.py:157} INFO - Started process (PID=59407) to work on /home/azfarmustafa/airflow_tutorial/.venv/lib/python3.10/site-packages/airflow/example_dags/example_python_operator.py
[2023-11-24T10:36:59.792+0800] {processor.py:829} INFO - Processing file /home/azfarmustafa/airflow_tutorial/.venv/lib/python3.10/site-packages/airflow/example_dags/example_python_operator.py for tasks to queue
[2023-11-24T10:36:59.793+0800] {logging_mixin.py:154} INFO - [2023-11-24T10:36:59.793+0800] {dagbag.py:536} INFO - Filling up the DagBag from /home/azfarmustafa/airflow_tutorial/.venv/lib/python3.10/site-packages/airflow/example_dags/example_python_operator.py
[2023-11-24T10:36:59.803+0800] {processor.py:839} INFO - DAG(s) dict_keys(['example_python_operator']) retrieved from /home/azfarmustafa/airflow_tutorial/.venv/lib/python3.10/site-packages/airflow/example_dags/example_python_operator.py
[2023-11-24T10:36:59.821+0800] {logging_mixin.py:154} INFO - [2023-11-24T10:36:59.821+0800] {dag.py:2941} INFO - Sync 1 DAGs
[2023-11-24T10:36:59.832+0800] {logging_mixin.py:154} INFO - [2023-11-24T10:36:59.832+0800] {dag.py:3722} INFO - Setting next_dagrun for example_python_operator to None, run_after=None
[2023-11-24T10:36:59.855+0800] {processor.py:179} INFO - Processing /home/azfarmustafa/airflow_tutorial/.venv/lib/python3.10/site-packages/airflow/example_dags/example_python_operator.py took 0.068 seconds
[2023-11-24T10:37:45.741+0800] {processor.py:157} INFO - Started process (PID=59454) to work on /home/azfarmustafa/airflow_tutorial/.venv/lib/python3.10/site-packages/airflow/example_dags/example_python_operator.py
[2023-11-24T10:37:45.745+0800] {processor.py:829} INFO - Processing file /home/azfarmustafa/airflow_tutorial/.venv/lib/python3.10/site-packages/airflow/example_dags/example_python_operator.py for tasks to queue
[2023-11-24T10:37:45.746+0800] {logging_mixin.py:154} INFO - [2023-11-24T10:37:45.746+0800] {dagbag.py:536} INFO - Filling up the DagBag from /home/azfarmustafa/airflow_tutorial/.venv/lib/python3.10/site-packages/airflow/example_dags/example_python_operator.py
[2023-11-24T10:37:45.756+0800] {processor.py:839} INFO - DAG(s) dict_keys(['example_python_operator']) retrieved from /home/azfarmustafa/airflow_tutorial/.venv/lib/python3.10/site-packages/airflow/example_dags/example_python_operator.py
[2023-11-24T10:37:45.774+0800] {logging_mixin.py:154} INFO - [2023-11-24T10:37:45.774+0800] {dag.py:2941} INFO - Sync 1 DAGs
[2023-11-24T10:37:45.787+0800] {logging_mixin.py:154} INFO - [2023-11-24T10:37:45.787+0800] {dag.py:3722} INFO - Setting next_dagrun for example_python_operator to None, run_after=None
[2023-11-24T10:37:45.813+0800] {processor.py:179} INFO - Processing /home/azfarmustafa/airflow_tutorial/.venv/lib/python3.10/site-packages/airflow/example_dags/example_python_operator.py took 0.075 seconds
[2023-11-24T10:38:33.820+0800] {processor.py:157} INFO - Started process (PID=59503) to work on /home/azfarmustafa/airflow_tutorial/.venv/lib/python3.10/site-packages/airflow/example_dags/example_python_operator.py
[2023-11-24T10:38:33.824+0800] {processor.py:829} INFO - Processing file /home/azfarmustafa/airflow_tutorial/.venv/lib/python3.10/site-packages/airflow/example_dags/example_python_operator.py for tasks to queue
[2023-11-24T10:38:33.826+0800] {logging_mixin.py:154} INFO - [2023-11-24T10:38:33.825+0800] {dagbag.py:536} INFO - Filling up the DagBag from /home/azfarmustafa/airflow_tutorial/.venv/lib/python3.10/site-packages/airflow/example_dags/example_python_operator.py
[2023-11-24T10:38:33.834+0800] {processor.py:839} INFO - DAG(s) dict_keys(['example_python_operator']) retrieved from /home/azfarmustafa/airflow_tutorial/.venv/lib/python3.10/site-packages/airflow/example_dags/example_python_operator.py
[2023-11-24T10:38:33.852+0800] {logging_mixin.py:154} INFO - [2023-11-24T10:38:33.852+0800] {dag.py:2941} INFO - Sync 1 DAGs
[2023-11-24T10:38:33.865+0800] {logging_mixin.py:154} INFO - [2023-11-24T10:38:33.864+0800] {dag.py:3722} INFO - Setting next_dagrun for example_python_operator to None, run_after=None
[2023-11-24T10:38:33.892+0800] {processor.py:179} INFO - Processing /home/azfarmustafa/airflow_tutorial/.venv/lib/python3.10/site-packages/airflow/example_dags/example_python_operator.py took 0.075 seconds
[2023-11-24T10:39:22.412+0800] {processor.py:157} INFO - Started process (PID=59552) to work on /home/azfarmustafa/airflow_tutorial/.venv/lib/python3.10/site-packages/airflow/example_dags/example_python_operator.py
[2023-11-24T10:39:22.414+0800] {processor.py:829} INFO - Processing file /home/azfarmustafa/airflow_tutorial/.venv/lib/python3.10/site-packages/airflow/example_dags/example_python_operator.py for tasks to queue
[2023-11-24T10:39:22.414+0800] {logging_mixin.py:154} INFO - [2023-11-24T10:39:22.414+0800] {dagbag.py:536} INFO - Filling up the DagBag from /home/azfarmustafa/airflow_tutorial/.venv/lib/python3.10/site-packages/airflow/example_dags/example_python_operator.py
[2023-11-24T10:39:22.423+0800] {processor.py:839} INFO - DAG(s) dict_keys(['example_python_operator']) retrieved from /home/azfarmustafa/airflow_tutorial/.venv/lib/python3.10/site-packages/airflow/example_dags/example_python_operator.py
[2023-11-24T10:39:22.439+0800] {logging_mixin.py:154} INFO - [2023-11-24T10:39:22.439+0800] {dag.py:2941} INFO - Sync 1 DAGs
[2023-11-24T10:39:22.448+0800] {logging_mixin.py:154} INFO - [2023-11-24T10:39:22.448+0800] {dag.py:3722} INFO - Setting next_dagrun for example_python_operator to None, run_after=None
[2023-11-24T10:39:22.520+0800] {processor.py:179} INFO - Processing /home/azfarmustafa/airflow_tutorial/.venv/lib/python3.10/site-packages/airflow/example_dags/example_python_operator.py took 0.110 seconds
[2023-11-24T10:40:12.111+0800] {processor.py:157} INFO - Started process (PID=59601) to work on /home/azfarmustafa/airflow_tutorial/.venv/lib/python3.10/site-packages/airflow/example_dags/example_python_operator.py
[2023-11-24T10:40:12.112+0800] {processor.py:829} INFO - Processing file /home/azfarmustafa/airflow_tutorial/.venv/lib/python3.10/site-packages/airflow/example_dags/example_python_operator.py for tasks to queue
[2023-11-24T10:40:12.113+0800] {logging_mixin.py:154} INFO - [2023-11-24T10:40:12.113+0800] {dagbag.py:536} INFO - Filling up the DagBag from /home/azfarmustafa/airflow_tutorial/.venv/lib/python3.10/site-packages/airflow/example_dags/example_python_operator.py
[2023-11-24T10:40:12.124+0800] {processor.py:839} INFO - DAG(s) dict_keys(['example_python_operator']) retrieved from /home/azfarmustafa/airflow_tutorial/.venv/lib/python3.10/site-packages/airflow/example_dags/example_python_operator.py
[2023-11-24T10:40:12.141+0800] {logging_mixin.py:154} INFO - [2023-11-24T10:40:12.140+0800] {dag.py:2941} INFO - Sync 1 DAGs
[2023-11-24T10:40:12.150+0800] {logging_mixin.py:154} INFO - [2023-11-24T10:40:12.150+0800] {dag.py:3722} INFO - Setting next_dagrun for example_python_operator to None, run_after=None
[2023-11-24T10:40:12.176+0800] {processor.py:179} INFO - Processing /home/azfarmustafa/airflow_tutorial/.venv/lib/python3.10/site-packages/airflow/example_dags/example_python_operator.py took 0.067 seconds
[2023-11-24T10:40:56.918+0800] {processor.py:157} INFO - Started process (PID=59653) to work on /home/azfarmustafa/airflow_tutorial/.venv/lib/python3.10/site-packages/airflow/example_dags/example_python_operator.py
[2023-11-24T10:40:56.922+0800] {processor.py:829} INFO - Processing file /home/azfarmustafa/airflow_tutorial/.venv/lib/python3.10/site-packages/airflow/example_dags/example_python_operator.py for tasks to queue
[2023-11-24T10:40:56.923+0800] {logging_mixin.py:154} INFO - [2023-11-24T10:40:56.923+0800] {dagbag.py:536} INFO - Filling up the DagBag from /home/azfarmustafa/airflow_tutorial/.venv/lib/python3.10/site-packages/airflow/example_dags/example_python_operator.py
[2023-11-24T10:40:56.932+0800] {processor.py:839} INFO - DAG(s) dict_keys(['example_python_operator']) retrieved from /home/azfarmustafa/airflow_tutorial/.venv/lib/python3.10/site-packages/airflow/example_dags/example_python_operator.py
[2023-11-24T10:40:56.949+0800] {logging_mixin.py:154} INFO - [2023-11-24T10:40:56.949+0800] {dag.py:2941} INFO - Sync 1 DAGs
[2023-11-24T10:40:56.960+0800] {logging_mixin.py:154} INFO - [2023-11-24T10:40:56.960+0800] {dag.py:3722} INFO - Setting next_dagrun for example_python_operator to None, run_after=None
[2023-11-24T10:40:56.988+0800] {processor.py:179} INFO - Processing /home/azfarmustafa/airflow_tutorial/.venv/lib/python3.10/site-packages/airflow/example_dags/example_python_operator.py took 0.073 seconds
[2023-11-24T10:41:47.246+0800] {processor.py:157} INFO - Started process (PID=59702) to work on /home/azfarmustafa/airflow_tutorial/.venv/lib/python3.10/site-packages/airflow/example_dags/example_python_operator.py
[2023-11-24T10:41:47.250+0800] {processor.py:829} INFO - Processing file /home/azfarmustafa/airflow_tutorial/.venv/lib/python3.10/site-packages/airflow/example_dags/example_python_operator.py for tasks to queue
[2023-11-24T10:41:47.251+0800] {logging_mixin.py:154} INFO - [2023-11-24T10:41:47.251+0800] {dagbag.py:536} INFO - Filling up the DagBag from /home/azfarmustafa/airflow_tutorial/.venv/lib/python3.10/site-packages/airflow/example_dags/example_python_operator.py
[2023-11-24T10:41:47.259+0800] {processor.py:839} INFO - DAG(s) dict_keys(['example_python_operator']) retrieved from /home/azfarmustafa/airflow_tutorial/.venv/lib/python3.10/site-packages/airflow/example_dags/example_python_operator.py
[2023-11-24T10:41:47.276+0800] {logging_mixin.py:154} INFO - [2023-11-24T10:41:47.276+0800] {dag.py:2941} INFO - Sync 1 DAGs
[2023-11-24T10:41:47.286+0800] {logging_mixin.py:154} INFO - [2023-11-24T10:41:47.286+0800] {dag.py:3722} INFO - Setting next_dagrun for example_python_operator to None, run_after=None
[2023-11-24T10:41:47.318+0800] {processor.py:179} INFO - Processing /home/azfarmustafa/airflow_tutorial/.venv/lib/python3.10/site-packages/airflow/example_dags/example_python_operator.py took 0.074 seconds
[2023-11-24T10:42:32.023+0800] {processor.py:157} INFO - Started process (PID=59749) to work on /home/azfarmustafa/airflow_tutorial/.venv/lib/python3.10/site-packages/airflow/example_dags/example_python_operator.py
[2023-11-24T10:42:32.027+0800] {processor.py:829} INFO - Processing file /home/azfarmustafa/airflow_tutorial/.venv/lib/python3.10/site-packages/airflow/example_dags/example_python_operator.py for tasks to queue
[2023-11-24T10:42:32.028+0800] {logging_mixin.py:154} INFO - [2023-11-24T10:42:32.027+0800] {dagbag.py:536} INFO - Filling up the DagBag from /home/azfarmustafa/airflow_tutorial/.venv/lib/python3.10/site-packages/airflow/example_dags/example_python_operator.py
[2023-11-24T10:42:32.036+0800] {processor.py:839} INFO - DAG(s) dict_keys(['example_python_operator']) retrieved from /home/azfarmustafa/airflow_tutorial/.venv/lib/python3.10/site-packages/airflow/example_dags/example_python_operator.py
[2023-11-24T10:42:32.053+0800] {logging_mixin.py:154} INFO - [2023-11-24T10:42:32.052+0800] {dag.py:2941} INFO - Sync 1 DAGs
[2023-11-24T10:42:32.064+0800] {logging_mixin.py:154} INFO - [2023-11-24T10:42:32.063+0800] {dag.py:3722} INFO - Setting next_dagrun for example_python_operator to None, run_after=None
[2023-11-24T10:42:32.088+0800] {processor.py:179} INFO - Processing /home/azfarmustafa/airflow_tutorial/.venv/lib/python3.10/site-packages/airflow/example_dags/example_python_operator.py took 0.068 seconds
[2023-11-24T10:43:20.992+0800] {processor.py:157} INFO - Started process (PID=59798) to work on /home/azfarmustafa/airflow_tutorial/.venv/lib/python3.10/site-packages/airflow/example_dags/example_python_operator.py
[2023-11-24T10:43:20.994+0800] {processor.py:829} INFO - Processing file /home/azfarmustafa/airflow_tutorial/.venv/lib/python3.10/site-packages/airflow/example_dags/example_python_operator.py for tasks to queue
[2023-11-24T10:43:20.995+0800] {logging_mixin.py:154} INFO - [2023-11-24T10:43:20.995+0800] {dagbag.py:536} INFO - Filling up the DagBag from /home/azfarmustafa/airflow_tutorial/.venv/lib/python3.10/site-packages/airflow/example_dags/example_python_operator.py
[2023-11-24T10:43:21.007+0800] {processor.py:839} INFO - DAG(s) dict_keys(['example_python_operator']) retrieved from /home/azfarmustafa/airflow_tutorial/.venv/lib/python3.10/site-packages/airflow/example_dags/example_python_operator.py
[2023-11-24T10:43:21.024+0800] {logging_mixin.py:154} INFO - [2023-11-24T10:43:21.024+0800] {dag.py:2941} INFO - Sync 1 DAGs
[2023-11-24T10:43:21.036+0800] {logging_mixin.py:154} INFO - [2023-11-24T10:43:21.035+0800] {dag.py:3722} INFO - Setting next_dagrun for example_python_operator to None, run_after=None
[2023-11-24T10:43:21.065+0800] {processor.py:179} INFO - Processing /home/azfarmustafa/airflow_tutorial/.venv/lib/python3.10/site-packages/airflow/example_dags/example_python_operator.py took 0.076 seconds
[2023-11-24T10:44:06.902+0800] {processor.py:157} INFO - Started process (PID=59845) to work on /home/azfarmustafa/airflow_tutorial/.venv/lib/python3.10/site-packages/airflow/example_dags/example_python_operator.py
[2023-11-24T10:44:06.904+0800] {processor.py:829} INFO - Processing file /home/azfarmustafa/airflow_tutorial/.venv/lib/python3.10/site-packages/airflow/example_dags/example_python_operator.py for tasks to queue
[2023-11-24T10:44:06.904+0800] {logging_mixin.py:154} INFO - [2023-11-24T10:44:06.904+0800] {dagbag.py:536} INFO - Filling up the DagBag from /home/azfarmustafa/airflow_tutorial/.venv/lib/python3.10/site-packages/airflow/example_dags/example_python_operator.py
[2023-11-24T10:44:06.913+0800] {processor.py:839} INFO - DAG(s) dict_keys(['example_python_operator']) retrieved from /home/azfarmustafa/airflow_tutorial/.venv/lib/python3.10/site-packages/airflow/example_dags/example_python_operator.py
[2023-11-24T10:44:06.929+0800] {logging_mixin.py:154} INFO - [2023-11-24T10:44:06.929+0800] {dag.py:2941} INFO - Sync 1 DAGs
[2023-11-24T10:44:06.941+0800] {logging_mixin.py:154} INFO - [2023-11-24T10:44:06.941+0800] {dag.py:3722} INFO - Setting next_dagrun for example_python_operator to None, run_after=None
[2023-11-24T10:44:06.967+0800] {processor.py:179} INFO - Processing /home/azfarmustafa/airflow_tutorial/.venv/lib/python3.10/site-packages/airflow/example_dags/example_python_operator.py took 0.067 seconds
[2023-11-24T10:44:55.524+0800] {processor.py:157} INFO - Started process (PID=59895) to work on /home/azfarmustafa/airflow_tutorial/.venv/lib/python3.10/site-packages/airflow/example_dags/example_python_operator.py
[2023-11-24T10:44:55.527+0800] {processor.py:829} INFO - Processing file /home/azfarmustafa/airflow_tutorial/.venv/lib/python3.10/site-packages/airflow/example_dags/example_python_operator.py for tasks to queue
[2023-11-24T10:44:55.528+0800] {logging_mixin.py:154} INFO - [2023-11-24T10:44:55.528+0800] {dagbag.py:536} INFO - Filling up the DagBag from /home/azfarmustafa/airflow_tutorial/.venv/lib/python3.10/site-packages/airflow/example_dags/example_python_operator.py
[2023-11-24T10:44:55.537+0800] {processor.py:839} INFO - DAG(s) dict_keys(['example_python_operator']) retrieved from /home/azfarmustafa/airflow_tutorial/.venv/lib/python3.10/site-packages/airflow/example_dags/example_python_operator.py
[2023-11-24T10:44:55.553+0800] {logging_mixin.py:154} INFO - [2023-11-24T10:44:55.553+0800] {dag.py:2941} INFO - Sync 1 DAGs
[2023-11-24T10:44:55.564+0800] {logging_mixin.py:154} INFO - [2023-11-24T10:44:55.564+0800] {dag.py:3722} INFO - Setting next_dagrun for example_python_operator to None, run_after=None
[2023-11-24T10:44:55.586+0800] {processor.py:179} INFO - Processing /home/azfarmustafa/airflow_tutorial/.venv/lib/python3.10/site-packages/airflow/example_dags/example_python_operator.py took 0.065 seconds
[2023-11-24T10:45:44.393+0800] {processor.py:157} INFO - Started process (PID=59943) to work on /home/azfarmustafa/airflow_tutorial/.venv/lib/python3.10/site-packages/airflow/example_dags/example_python_operator.py
[2023-11-24T10:45:44.396+0800] {processor.py:829} INFO - Processing file /home/azfarmustafa/airflow_tutorial/.venv/lib/python3.10/site-packages/airflow/example_dags/example_python_operator.py for tasks to queue
[2023-11-24T10:45:44.397+0800] {logging_mixin.py:154} INFO - [2023-11-24T10:45:44.397+0800] {dagbag.py:536} INFO - Filling up the DagBag from /home/azfarmustafa/airflow_tutorial/.venv/lib/python3.10/site-packages/airflow/example_dags/example_python_operator.py
[2023-11-24T10:45:44.409+0800] {processor.py:839} INFO - DAG(s) dict_keys(['example_python_operator']) retrieved from /home/azfarmustafa/airflow_tutorial/.venv/lib/python3.10/site-packages/airflow/example_dags/example_python_operator.py
[2023-11-24T10:45:44.436+0800] {logging_mixin.py:154} INFO - [2023-11-24T10:45:44.436+0800] {dag.py:2941} INFO - Sync 1 DAGs
[2023-11-24T10:45:44.450+0800] {logging_mixin.py:154} INFO - [2023-11-24T10:45:44.450+0800] {dag.py:3722} INFO - Setting next_dagrun for example_python_operator to None, run_after=None
[2023-11-24T10:45:44.480+0800] {processor.py:179} INFO - Processing /home/azfarmustafa/airflow_tutorial/.venv/lib/python3.10/site-packages/airflow/example_dags/example_python_operator.py took 0.092 seconds
[2023-11-24T10:46:29.511+0800] {processor.py:157} INFO - Started process (PID=59990) to work on /home/azfarmustafa/airflow_tutorial/.venv/lib/python3.10/site-packages/airflow/example_dags/example_python_operator.py
[2023-11-24T10:46:29.516+0800] {processor.py:829} INFO - Processing file /home/azfarmustafa/airflow_tutorial/.venv/lib/python3.10/site-packages/airflow/example_dags/example_python_operator.py for tasks to queue
[2023-11-24T10:46:29.516+0800] {logging_mixin.py:154} INFO - [2023-11-24T10:46:29.516+0800] {dagbag.py:536} INFO - Filling up the DagBag from /home/azfarmustafa/airflow_tutorial/.venv/lib/python3.10/site-packages/airflow/example_dags/example_python_operator.py
[2023-11-24T10:46:29.525+0800] {processor.py:839} INFO - DAG(s) dict_keys(['example_python_operator']) retrieved from /home/azfarmustafa/airflow_tutorial/.venv/lib/python3.10/site-packages/airflow/example_dags/example_python_operator.py
[2023-11-24T10:46:29.540+0800] {logging_mixin.py:154} INFO - [2023-11-24T10:46:29.540+0800] {dag.py:2941} INFO - Sync 1 DAGs
[2023-11-24T10:46:29.551+0800] {logging_mixin.py:154} INFO - [2023-11-24T10:46:29.551+0800] {dag.py:3722} INFO - Setting next_dagrun for example_python_operator to None, run_after=None
[2023-11-24T10:46:29.573+0800] {processor.py:179} INFO - Processing /home/azfarmustafa/airflow_tutorial/.venv/lib/python3.10/site-packages/airflow/example_dags/example_python_operator.py took 0.063 seconds
[2023-11-24T10:47:15.768+0800] {processor.py:157} INFO - Started process (PID=60043) to work on /home/azfarmustafa/airflow_tutorial/.venv/lib/python3.10/site-packages/airflow/example_dags/example_python_operator.py
[2023-11-24T10:47:15.770+0800] {processor.py:829} INFO - Processing file /home/azfarmustafa/airflow_tutorial/.venv/lib/python3.10/site-packages/airflow/example_dags/example_python_operator.py for tasks to queue
[2023-11-24T10:47:15.770+0800] {logging_mixin.py:154} INFO - [2023-11-24T10:47:15.770+0800] {dagbag.py:536} INFO - Filling up the DagBag from /home/azfarmustafa/airflow_tutorial/.venv/lib/python3.10/site-packages/airflow/example_dags/example_python_operator.py
[2023-11-24T10:47:15.781+0800] {processor.py:839} INFO - DAG(s) dict_keys(['example_python_operator']) retrieved from /home/azfarmustafa/airflow_tutorial/.venv/lib/python3.10/site-packages/airflow/example_dags/example_python_operator.py
[2023-11-24T10:47:15.800+0800] {logging_mixin.py:154} INFO - [2023-11-24T10:47:15.799+0800] {dag.py:2941} INFO - Sync 1 DAGs
[2023-11-24T10:47:15.811+0800] {logging_mixin.py:154} INFO - [2023-11-24T10:47:15.811+0800] {dag.py:3722} INFO - Setting next_dagrun for example_python_operator to None, run_after=None
[2023-11-24T10:47:15.839+0800] {processor.py:179} INFO - Processing /home/azfarmustafa/airflow_tutorial/.venv/lib/python3.10/site-packages/airflow/example_dags/example_python_operator.py took 0.073 seconds
[2023-11-24T10:47:58.994+0800] {processor.py:157} INFO - Started process (PID=60088) to work on /home/azfarmustafa/airflow_tutorial/.venv/lib/python3.10/site-packages/airflow/example_dags/example_python_operator.py
[2023-11-24T10:47:58.998+0800] {processor.py:829} INFO - Processing file /home/azfarmustafa/airflow_tutorial/.venv/lib/python3.10/site-packages/airflow/example_dags/example_python_operator.py for tasks to queue
[2023-11-24T10:47:58.999+0800] {logging_mixin.py:154} INFO - [2023-11-24T10:47:58.998+0800] {dagbag.py:536} INFO - Filling up the DagBag from /home/azfarmustafa/airflow_tutorial/.venv/lib/python3.10/site-packages/airflow/example_dags/example_python_operator.py
[2023-11-24T10:47:59.009+0800] {processor.py:839} INFO - DAG(s) dict_keys(['example_python_operator']) retrieved from /home/azfarmustafa/airflow_tutorial/.venv/lib/python3.10/site-packages/airflow/example_dags/example_python_operator.py
[2023-11-24T10:47:59.027+0800] {logging_mixin.py:154} INFO - [2023-11-24T10:47:59.027+0800] {dag.py:2941} INFO - Sync 1 DAGs
[2023-11-24T10:47:59.037+0800] {logging_mixin.py:154} INFO - [2023-11-24T10:47:59.037+0800] {dag.py:3722} INFO - Setting next_dagrun for example_python_operator to None, run_after=None
[2023-11-24T10:47:59.062+0800] {processor.py:179} INFO - Processing /home/azfarmustafa/airflow_tutorial/.venv/lib/python3.10/site-packages/airflow/example_dags/example_python_operator.py took 0.072 seconds
[2023-11-24T10:48:46.042+0800] {processor.py:157} INFO - Started process (PID=60135) to work on /home/azfarmustafa/airflow_tutorial/.venv/lib/python3.10/site-packages/airflow/example_dags/example_python_operator.py
[2023-11-24T10:48:46.046+0800] {processor.py:829} INFO - Processing file /home/azfarmustafa/airflow_tutorial/.venv/lib/python3.10/site-packages/airflow/example_dags/example_python_operator.py for tasks to queue
[2023-11-24T10:48:46.047+0800] {logging_mixin.py:154} INFO - [2023-11-24T10:48:46.047+0800] {dagbag.py:536} INFO - Filling up the DagBag from /home/azfarmustafa/airflow_tutorial/.venv/lib/python3.10/site-packages/airflow/example_dags/example_python_operator.py
[2023-11-24T10:48:46.058+0800] {processor.py:839} INFO - DAG(s) dict_keys(['example_python_operator']) retrieved from /home/azfarmustafa/airflow_tutorial/.venv/lib/python3.10/site-packages/airflow/example_dags/example_python_operator.py
[2023-11-24T10:48:46.076+0800] {logging_mixin.py:154} INFO - [2023-11-24T10:48:46.075+0800] {dag.py:2941} INFO - Sync 1 DAGs
[2023-11-24T10:48:46.089+0800] {logging_mixin.py:154} INFO - [2023-11-24T10:48:46.089+0800] {dag.py:3722} INFO - Setting next_dagrun for example_python_operator to None, run_after=None
[2023-11-24T10:48:46.115+0800] {processor.py:179} INFO - Processing /home/azfarmustafa/airflow_tutorial/.venv/lib/python3.10/site-packages/airflow/example_dags/example_python_operator.py took 0.075 seconds
[2023-11-24T10:49:35.223+0800] {processor.py:157} INFO - Started process (PID=60185) to work on /home/azfarmustafa/airflow_tutorial/.venv/lib/python3.10/site-packages/airflow/example_dags/example_python_operator.py
[2023-11-24T10:49:35.224+0800] {processor.py:829} INFO - Processing file /home/azfarmustafa/airflow_tutorial/.venv/lib/python3.10/site-packages/airflow/example_dags/example_python_operator.py for tasks to queue
[2023-11-24T10:49:35.225+0800] {logging_mixin.py:154} INFO - [2023-11-24T10:49:35.225+0800] {dagbag.py:536} INFO - Filling up the DagBag from /home/azfarmustafa/airflow_tutorial/.venv/lib/python3.10/site-packages/airflow/example_dags/example_python_operator.py
[2023-11-24T10:49:35.237+0800] {processor.py:839} INFO - DAG(s) dict_keys(['example_python_operator']) retrieved from /home/azfarmustafa/airflow_tutorial/.venv/lib/python3.10/site-packages/airflow/example_dags/example_python_operator.py
[2023-11-24T10:49:35.253+0800] {logging_mixin.py:154} INFO - [2023-11-24T10:49:35.253+0800] {dag.py:2941} INFO - Sync 1 DAGs
[2023-11-24T10:49:35.263+0800] {logging_mixin.py:154} INFO - [2023-11-24T10:49:35.263+0800] {dag.py:3722} INFO - Setting next_dagrun for example_python_operator to None, run_after=None
[2023-11-24T10:49:35.288+0800] {processor.py:179} INFO - Processing /home/azfarmustafa/airflow_tutorial/.venv/lib/python3.10/site-packages/airflow/example_dags/example_python_operator.py took 0.068 seconds
[2023-11-24T10:50:20.432+0800] {processor.py:157} INFO - Started process (PID=60232) to work on /home/azfarmustafa/airflow_tutorial/.venv/lib/python3.10/site-packages/airflow/example_dags/example_python_operator.py
[2023-11-24T10:50:20.433+0800] {processor.py:829} INFO - Processing file /home/azfarmustafa/airflow_tutorial/.venv/lib/python3.10/site-packages/airflow/example_dags/example_python_operator.py for tasks to queue
[2023-11-24T10:50:20.434+0800] {logging_mixin.py:154} INFO - [2023-11-24T10:50:20.434+0800] {dagbag.py:536} INFO - Filling up the DagBag from /home/azfarmustafa/airflow_tutorial/.venv/lib/python3.10/site-packages/airflow/example_dags/example_python_operator.py
[2023-11-24T10:50:20.444+0800] {processor.py:839} INFO - DAG(s) dict_keys(['example_python_operator']) retrieved from /home/azfarmustafa/airflow_tutorial/.venv/lib/python3.10/site-packages/airflow/example_dags/example_python_operator.py
[2023-11-24T10:50:20.461+0800] {logging_mixin.py:154} INFO - [2023-11-24T10:50:20.461+0800] {dag.py:2941} INFO - Sync 1 DAGs
[2023-11-24T10:50:20.472+0800] {logging_mixin.py:154} INFO - [2023-11-24T10:50:20.472+0800] {dag.py:3722} INFO - Setting next_dagrun for example_python_operator to None, run_after=None
[2023-11-24T10:50:20.496+0800] {processor.py:179} INFO - Processing /home/azfarmustafa/airflow_tutorial/.venv/lib/python3.10/site-packages/airflow/example_dags/example_python_operator.py took 0.067 seconds
[2023-11-24T10:51:07.014+0800] {processor.py:157} INFO - Started process (PID=60280) to work on /home/azfarmustafa/airflow_tutorial/.venv/lib/python3.10/site-packages/airflow/example_dags/example_python_operator.py
[2023-11-24T10:51:07.019+0800] {processor.py:829} INFO - Processing file /home/azfarmustafa/airflow_tutorial/.venv/lib/python3.10/site-packages/airflow/example_dags/example_python_operator.py for tasks to queue
[2023-11-24T10:51:07.019+0800] {logging_mixin.py:154} INFO - [2023-11-24T10:51:07.019+0800] {dagbag.py:536} INFO - Filling up the DagBag from /home/azfarmustafa/airflow_tutorial/.venv/lib/python3.10/site-packages/airflow/example_dags/example_python_operator.py
[2023-11-24T10:51:07.028+0800] {processor.py:839} INFO - DAG(s) dict_keys(['example_python_operator']) retrieved from /home/azfarmustafa/airflow_tutorial/.venv/lib/python3.10/site-packages/airflow/example_dags/example_python_operator.py
[2023-11-24T10:51:07.044+0800] {logging_mixin.py:154} INFO - [2023-11-24T10:51:07.044+0800] {dag.py:2941} INFO - Sync 1 DAGs
[2023-11-24T10:51:07.055+0800] {logging_mixin.py:154} INFO - [2023-11-24T10:51:07.054+0800] {dag.py:3722} INFO - Setting next_dagrun for example_python_operator to None, run_after=None
[2023-11-24T10:51:07.077+0800] {processor.py:179} INFO - Processing /home/azfarmustafa/airflow_tutorial/.venv/lib/python3.10/site-packages/airflow/example_dags/example_python_operator.py took 0.066 seconds
[2023-11-24T10:51:54.672+0800] {processor.py:157} INFO - Started process (PID=60328) to work on /home/azfarmustafa/airflow_tutorial/.venv/lib/python3.10/site-packages/airflow/example_dags/example_python_operator.py
[2023-11-24T10:51:54.674+0800] {processor.py:829} INFO - Processing file /home/azfarmustafa/airflow_tutorial/.venv/lib/python3.10/site-packages/airflow/example_dags/example_python_operator.py for tasks to queue
[2023-11-24T10:51:54.675+0800] {logging_mixin.py:154} INFO - [2023-11-24T10:51:54.675+0800] {dagbag.py:536} INFO - Filling up the DagBag from /home/azfarmustafa/airflow_tutorial/.venv/lib/python3.10/site-packages/airflow/example_dags/example_python_operator.py
[2023-11-24T10:51:54.683+0800] {processor.py:839} INFO - DAG(s) dict_keys(['example_python_operator']) retrieved from /home/azfarmustafa/airflow_tutorial/.venv/lib/python3.10/site-packages/airflow/example_dags/example_python_operator.py
[2023-11-24T10:51:54.700+0800] {logging_mixin.py:154} INFO - [2023-11-24T10:51:54.700+0800] {dag.py:2941} INFO - Sync 1 DAGs
[2023-11-24T10:51:54.710+0800] {logging_mixin.py:154} INFO - [2023-11-24T10:51:54.710+0800] {dag.py:3722} INFO - Setting next_dagrun for example_python_operator to None, run_after=None
[2023-11-24T10:51:54.758+0800] {processor.py:179} INFO - Processing /home/azfarmustafa/airflow_tutorial/.venv/lib/python3.10/site-packages/airflow/example_dags/example_python_operator.py took 0.089 seconds
[2023-11-24T10:52:43.042+0800] {processor.py:157} INFO - Started process (PID=60376) to work on /home/azfarmustafa/airflow_tutorial/.venv/lib/python3.10/site-packages/airflow/example_dags/example_python_operator.py
[2023-11-24T10:52:43.047+0800] {processor.py:829} INFO - Processing file /home/azfarmustafa/airflow_tutorial/.venv/lib/python3.10/site-packages/airflow/example_dags/example_python_operator.py for tasks to queue
[2023-11-24T10:52:43.048+0800] {logging_mixin.py:154} INFO - [2023-11-24T10:52:43.047+0800] {dagbag.py:536} INFO - Filling up the DagBag from /home/azfarmustafa/airflow_tutorial/.venv/lib/python3.10/site-packages/airflow/example_dags/example_python_operator.py
[2023-11-24T10:52:43.056+0800] {processor.py:839} INFO - DAG(s) dict_keys(['example_python_operator']) retrieved from /home/azfarmustafa/airflow_tutorial/.venv/lib/python3.10/site-packages/airflow/example_dags/example_python_operator.py
[2023-11-24T10:52:43.074+0800] {logging_mixin.py:154} INFO - [2023-11-24T10:52:43.073+0800] {dag.py:2941} INFO - Sync 1 DAGs
[2023-11-24T10:52:43.086+0800] {logging_mixin.py:154} INFO - [2023-11-24T10:52:43.086+0800] {dag.py:3722} INFO - Setting next_dagrun for example_python_operator to None, run_after=None
[2023-11-24T10:52:43.112+0800] {processor.py:179} INFO - Processing /home/azfarmustafa/airflow_tutorial/.venv/lib/python3.10/site-packages/airflow/example_dags/example_python_operator.py took 0.073 seconds
[2023-11-24T10:53:31.450+0800] {processor.py:157} INFO - Started process (PID=60432) to work on /home/azfarmustafa/airflow_tutorial/.venv/lib/python3.10/site-packages/airflow/example_dags/example_python_operator.py
[2023-11-24T10:53:31.454+0800] {processor.py:829} INFO - Processing file /home/azfarmustafa/airflow_tutorial/.venv/lib/python3.10/site-packages/airflow/example_dags/example_python_operator.py for tasks to queue
[2023-11-24T10:53:31.455+0800] {logging_mixin.py:154} INFO - [2023-11-24T10:53:31.454+0800] {dagbag.py:536} INFO - Filling up the DagBag from /home/azfarmustafa/airflow_tutorial/.venv/lib/python3.10/site-packages/airflow/example_dags/example_python_operator.py
[2023-11-24T10:53:31.463+0800] {processor.py:839} INFO - DAG(s) dict_keys(['example_python_operator']) retrieved from /home/azfarmustafa/airflow_tutorial/.venv/lib/python3.10/site-packages/airflow/example_dags/example_python_operator.py
[2023-11-24T10:53:31.481+0800] {logging_mixin.py:154} INFO - [2023-11-24T10:53:31.481+0800] {dag.py:2941} INFO - Sync 1 DAGs
[2023-11-24T10:53:31.493+0800] {logging_mixin.py:154} INFO - [2023-11-24T10:53:31.493+0800] {dag.py:3722} INFO - Setting next_dagrun for example_python_operator to None, run_after=None
[2023-11-24T10:53:31.520+0800] {processor.py:179} INFO - Processing /home/azfarmustafa/airflow_tutorial/.venv/lib/python3.10/site-packages/airflow/example_dags/example_python_operator.py took 0.073 seconds
[2023-11-24T10:54:20.133+0800] {processor.py:157} INFO - Started process (PID=60480) to work on /home/azfarmustafa/airflow_tutorial/.venv/lib/python3.10/site-packages/airflow/example_dags/example_python_operator.py
[2023-11-24T10:54:20.137+0800] {processor.py:829} INFO - Processing file /home/azfarmustafa/airflow_tutorial/.venv/lib/python3.10/site-packages/airflow/example_dags/example_python_operator.py for tasks to queue
[2023-11-24T10:54:20.138+0800] {logging_mixin.py:154} INFO - [2023-11-24T10:54:20.138+0800] {dagbag.py:536} INFO - Filling up the DagBag from /home/azfarmustafa/airflow_tutorial/.venv/lib/python3.10/site-packages/airflow/example_dags/example_python_operator.py
[2023-11-24T10:54:20.147+0800] {processor.py:839} INFO - DAG(s) dict_keys(['example_python_operator']) retrieved from /home/azfarmustafa/airflow_tutorial/.venv/lib/python3.10/site-packages/airflow/example_dags/example_python_operator.py
[2023-11-24T10:54:20.164+0800] {logging_mixin.py:154} INFO - [2023-11-24T10:54:20.164+0800] {dag.py:2941} INFO - Sync 1 DAGs
[2023-11-24T10:54:20.179+0800] {logging_mixin.py:154} INFO - [2023-11-24T10:54:20.179+0800] {dag.py:3722} INFO - Setting next_dagrun for example_python_operator to None, run_after=None
[2023-11-24T10:54:20.206+0800] {processor.py:179} INFO - Processing /home/azfarmustafa/airflow_tutorial/.venv/lib/python3.10/site-packages/airflow/example_dags/example_python_operator.py took 0.075 seconds
[2023-11-24T10:55:08.177+0800] {processor.py:157} INFO - Started process (PID=60529) to work on /home/azfarmustafa/airflow_tutorial/.venv/lib/python3.10/site-packages/airflow/example_dags/example_python_operator.py
[2023-11-24T10:55:08.182+0800] {processor.py:829} INFO - Processing file /home/azfarmustafa/airflow_tutorial/.venv/lib/python3.10/site-packages/airflow/example_dags/example_python_operator.py for tasks to queue
[2023-11-24T10:55:08.183+0800] {logging_mixin.py:154} INFO - [2023-11-24T10:55:08.183+0800] {dagbag.py:536} INFO - Filling up the DagBag from /home/azfarmustafa/airflow_tutorial/.venv/lib/python3.10/site-packages/airflow/example_dags/example_python_operator.py
[2023-11-24T10:55:08.193+0800] {processor.py:839} INFO - DAG(s) dict_keys(['example_python_operator']) retrieved from /home/azfarmustafa/airflow_tutorial/.venv/lib/python3.10/site-packages/airflow/example_dags/example_python_operator.py
[2023-11-24T10:55:08.211+0800] {logging_mixin.py:154} INFO - [2023-11-24T10:55:08.211+0800] {dag.py:2941} INFO - Sync 1 DAGs
[2023-11-24T10:55:08.222+0800] {logging_mixin.py:154} INFO - [2023-11-24T10:55:08.221+0800] {dag.py:3722} INFO - Setting next_dagrun for example_python_operator to None, run_after=None
[2023-11-24T10:55:08.251+0800] {processor.py:179} INFO - Processing /home/azfarmustafa/airflow_tutorial/.venv/lib/python3.10/site-packages/airflow/example_dags/example_python_operator.py took 0.078 seconds
[2023-11-24T10:55:53.595+0800] {processor.py:157} INFO - Started process (PID=60575) to work on /home/azfarmustafa/airflow_tutorial/.venv/lib/python3.10/site-packages/airflow/example_dags/example_python_operator.py
[2023-11-24T10:55:53.600+0800] {processor.py:829} INFO - Processing file /home/azfarmustafa/airflow_tutorial/.venv/lib/python3.10/site-packages/airflow/example_dags/example_python_operator.py for tasks to queue
[2023-11-24T10:55:53.600+0800] {logging_mixin.py:154} INFO - [2023-11-24T10:55:53.600+0800] {dagbag.py:536} INFO - Filling up the DagBag from /home/azfarmustafa/airflow_tutorial/.venv/lib/python3.10/site-packages/airflow/example_dags/example_python_operator.py
[2023-11-24T10:55:53.609+0800] {processor.py:839} INFO - DAG(s) dict_keys(['example_python_operator']) retrieved from /home/azfarmustafa/airflow_tutorial/.venv/lib/python3.10/site-packages/airflow/example_dags/example_python_operator.py
[2023-11-24T10:55:53.625+0800] {logging_mixin.py:154} INFO - [2023-11-24T10:55:53.625+0800] {dag.py:2941} INFO - Sync 1 DAGs
[2023-11-24T10:55:53.634+0800] {logging_mixin.py:154} INFO - [2023-11-24T10:55:53.634+0800] {dag.py:3722} INFO - Setting next_dagrun for example_python_operator to None, run_after=None
[2023-11-24T10:55:53.666+0800] {processor.py:179} INFO - Processing /home/azfarmustafa/airflow_tutorial/.venv/lib/python3.10/site-packages/airflow/example_dags/example_python_operator.py took 0.073 seconds
[2023-11-24T10:56:38.139+0800] {processor.py:157} INFO - Started process (PID=60622) to work on /home/azfarmustafa/airflow_tutorial/.venv/lib/python3.10/site-packages/airflow/example_dags/example_python_operator.py
[2023-11-24T10:56:38.141+0800] {processor.py:829} INFO - Processing file /home/azfarmustafa/airflow_tutorial/.venv/lib/python3.10/site-packages/airflow/example_dags/example_python_operator.py for tasks to queue
[2023-11-24T10:56:38.142+0800] {logging_mixin.py:154} INFO - [2023-11-24T10:56:38.141+0800] {dagbag.py:536} INFO - Filling up the DagBag from /home/azfarmustafa/airflow_tutorial/.venv/lib/python3.10/site-packages/airflow/example_dags/example_python_operator.py
[2023-11-24T10:56:38.150+0800] {processor.py:839} INFO - DAG(s) dict_keys(['example_python_operator']) retrieved from /home/azfarmustafa/airflow_tutorial/.venv/lib/python3.10/site-packages/airflow/example_dags/example_python_operator.py
[2023-11-24T10:56:38.166+0800] {logging_mixin.py:154} INFO - [2023-11-24T10:56:38.166+0800] {dag.py:2941} INFO - Sync 1 DAGs
[2023-11-24T10:56:38.177+0800] {logging_mixin.py:154} INFO - [2023-11-24T10:56:38.177+0800] {dag.py:3722} INFO - Setting next_dagrun for example_python_operator to None, run_after=None
[2023-11-24T10:56:38.211+0800] {processor.py:179} INFO - Processing /home/azfarmustafa/airflow_tutorial/.venv/lib/python3.10/site-packages/airflow/example_dags/example_python_operator.py took 0.075 seconds
[2023-11-24T10:57:24.917+0800] {processor.py:157} INFO - Started process (PID=60670) to work on /home/azfarmustafa/airflow_tutorial/.venv/lib/python3.10/site-packages/airflow/example_dags/example_python_operator.py
[2023-11-24T10:57:24.921+0800] {processor.py:829} INFO - Processing file /home/azfarmustafa/airflow_tutorial/.venv/lib/python3.10/site-packages/airflow/example_dags/example_python_operator.py for tasks to queue
[2023-11-24T10:57:24.922+0800] {logging_mixin.py:154} INFO - [2023-11-24T10:57:24.922+0800] {dagbag.py:536} INFO - Filling up the DagBag from /home/azfarmustafa/airflow_tutorial/.venv/lib/python3.10/site-packages/airflow/example_dags/example_python_operator.py
[2023-11-24T10:57:24.931+0800] {processor.py:839} INFO - DAG(s) dict_keys(['example_python_operator']) retrieved from /home/azfarmustafa/airflow_tutorial/.venv/lib/python3.10/site-packages/airflow/example_dags/example_python_operator.py
[2023-11-24T10:57:24.949+0800] {logging_mixin.py:154} INFO - [2023-11-24T10:57:24.948+0800] {dag.py:2941} INFO - Sync 1 DAGs
[2023-11-24T10:57:24.960+0800] {logging_mixin.py:154} INFO - [2023-11-24T10:57:24.960+0800] {dag.py:3722} INFO - Setting next_dagrun for example_python_operator to None, run_after=None
[2023-11-24T10:57:24.989+0800] {processor.py:179} INFO - Processing /home/azfarmustafa/airflow_tutorial/.venv/lib/python3.10/site-packages/airflow/example_dags/example_python_operator.py took 0.075 seconds
[2023-11-24T10:58:07.887+0800] {processor.py:157} INFO - Started process (PID=60714) to work on /home/azfarmustafa/airflow_tutorial/.venv/lib/python3.10/site-packages/airflow/example_dags/example_python_operator.py
[2023-11-24T10:58:07.891+0800] {processor.py:829} INFO - Processing file /home/azfarmustafa/airflow_tutorial/.venv/lib/python3.10/site-packages/airflow/example_dags/example_python_operator.py for tasks to queue
[2023-11-24T10:58:07.891+0800] {logging_mixin.py:154} INFO - [2023-11-24T10:58:07.891+0800] {dagbag.py:536} INFO - Filling up the DagBag from /home/azfarmustafa/airflow_tutorial/.venv/lib/python3.10/site-packages/airflow/example_dags/example_python_operator.py
[2023-11-24T10:58:07.900+0800] {processor.py:839} INFO - DAG(s) dict_keys(['example_python_operator']) retrieved from /home/azfarmustafa/airflow_tutorial/.venv/lib/python3.10/site-packages/airflow/example_dags/example_python_operator.py
[2023-11-24T10:58:07.916+0800] {logging_mixin.py:154} INFO - [2023-11-24T10:58:07.915+0800] {dag.py:2941} INFO - Sync 1 DAGs
[2023-11-24T10:58:07.925+0800] {logging_mixin.py:154} INFO - [2023-11-24T10:58:07.925+0800] {dag.py:3722} INFO - Setting next_dagrun for example_python_operator to None, run_after=None
[2023-11-24T10:58:07.947+0800] {processor.py:179} INFO - Processing /home/azfarmustafa/airflow_tutorial/.venv/lib/python3.10/site-packages/airflow/example_dags/example_python_operator.py took 0.063 seconds
[2023-11-24T10:58:51.226+0800] {processor.py:157} INFO - Started process (PID=60759) to work on /home/azfarmustafa/airflow_tutorial/.venv/lib/python3.10/site-packages/airflow/example_dags/example_python_operator.py
[2023-11-24T10:58:51.227+0800] {processor.py:829} INFO - Processing file /home/azfarmustafa/airflow_tutorial/.venv/lib/python3.10/site-packages/airflow/example_dags/example_python_operator.py for tasks to queue
[2023-11-24T10:58:51.228+0800] {logging_mixin.py:154} INFO - [2023-11-24T10:58:51.228+0800] {dagbag.py:536} INFO - Filling up the DagBag from /home/azfarmustafa/airflow_tutorial/.venv/lib/python3.10/site-packages/airflow/example_dags/example_python_operator.py
[2023-11-24T10:58:51.240+0800] {processor.py:839} INFO - DAG(s) dict_keys(['example_python_operator']) retrieved from /home/azfarmustafa/airflow_tutorial/.venv/lib/python3.10/site-packages/airflow/example_dags/example_python_operator.py
[2023-11-24T10:58:51.257+0800] {logging_mixin.py:154} INFO - [2023-11-24T10:58:51.257+0800] {dag.py:2941} INFO - Sync 1 DAGs
[2023-11-24T10:58:51.271+0800] {logging_mixin.py:154} INFO - [2023-11-24T10:58:51.271+0800] {dag.py:3722} INFO - Setting next_dagrun for example_python_operator to None, run_after=None
[2023-11-24T10:58:51.296+0800] {processor.py:179} INFO - Processing /home/azfarmustafa/airflow_tutorial/.venv/lib/python3.10/site-packages/airflow/example_dags/example_python_operator.py took 0.073 seconds
[2023-11-24T10:59:38.184+0800] {processor.py:157} INFO - Started process (PID=60813) to work on /home/azfarmustafa/airflow_tutorial/.venv/lib/python3.10/site-packages/airflow/example_dags/example_python_operator.py
[2023-11-24T10:59:38.189+0800] {processor.py:829} INFO - Processing file /home/azfarmustafa/airflow_tutorial/.venv/lib/python3.10/site-packages/airflow/example_dags/example_python_operator.py for tasks to queue
[2023-11-24T10:59:38.190+0800] {logging_mixin.py:154} INFO - [2023-11-24T10:59:38.190+0800] {dagbag.py:536} INFO - Filling up the DagBag from /home/azfarmustafa/airflow_tutorial/.venv/lib/python3.10/site-packages/airflow/example_dags/example_python_operator.py
[2023-11-24T10:59:38.201+0800] {processor.py:839} INFO - DAG(s) dict_keys(['example_python_operator']) retrieved from /home/azfarmustafa/airflow_tutorial/.venv/lib/python3.10/site-packages/airflow/example_dags/example_python_operator.py
[2023-11-24T10:59:38.221+0800] {logging_mixin.py:154} INFO - [2023-11-24T10:59:38.220+0800] {dag.py:2941} INFO - Sync 1 DAGs
[2023-11-24T10:59:38.233+0800] {logging_mixin.py:154} INFO - [2023-11-24T10:59:38.233+0800] {dag.py:3722} INFO - Setting next_dagrun for example_python_operator to None, run_after=None
[2023-11-24T10:59:38.260+0800] {processor.py:179} INFO - Processing /home/azfarmustafa/airflow_tutorial/.venv/lib/python3.10/site-packages/airflow/example_dags/example_python_operator.py took 0.079 seconds
[2023-11-24T11:00:22.821+0800] {processor.py:157} INFO - Started process (PID=60860) to work on /home/azfarmustafa/airflow_tutorial/.venv/lib/python3.10/site-packages/airflow/example_dags/example_python_operator.py
[2023-11-24T11:00:22.822+0800] {processor.py:829} INFO - Processing file /home/azfarmustafa/airflow_tutorial/.venv/lib/python3.10/site-packages/airflow/example_dags/example_python_operator.py for tasks to queue
[2023-11-24T11:00:22.823+0800] {logging_mixin.py:154} INFO - [2023-11-24T11:00:22.823+0800] {dagbag.py:536} INFO - Filling up the DagBag from /home/azfarmustafa/airflow_tutorial/.venv/lib/python3.10/site-packages/airflow/example_dags/example_python_operator.py
[2023-11-24T11:00:22.831+0800] {processor.py:839} INFO - DAG(s) dict_keys(['example_python_operator']) retrieved from /home/azfarmustafa/airflow_tutorial/.venv/lib/python3.10/site-packages/airflow/example_dags/example_python_operator.py
[2023-11-24T11:00:22.848+0800] {logging_mixin.py:154} INFO - [2023-11-24T11:00:22.847+0800] {dag.py:2941} INFO - Sync 1 DAGs
[2023-11-24T11:00:22.859+0800] {logging_mixin.py:154} INFO - [2023-11-24T11:00:22.859+0800] {dag.py:3722} INFO - Setting next_dagrun for example_python_operator to None, run_after=None
[2023-11-24T11:00:22.883+0800] {processor.py:179} INFO - Processing /home/azfarmustafa/airflow_tutorial/.venv/lib/python3.10/site-packages/airflow/example_dags/example_python_operator.py took 0.065 seconds
[2023-11-24T11:01:06.723+0800] {processor.py:157} INFO - Started process (PID=60904) to work on /home/azfarmustafa/airflow_tutorial/.venv/lib/python3.10/site-packages/airflow/example_dags/example_python_operator.py
[2023-11-24T11:01:06.727+0800] {processor.py:829} INFO - Processing file /home/azfarmustafa/airflow_tutorial/.venv/lib/python3.10/site-packages/airflow/example_dags/example_python_operator.py for tasks to queue
[2023-11-24T11:01:06.728+0800] {logging_mixin.py:154} INFO - [2023-11-24T11:01:06.728+0800] {dagbag.py:536} INFO - Filling up the DagBag from /home/azfarmustafa/airflow_tutorial/.venv/lib/python3.10/site-packages/airflow/example_dags/example_python_operator.py
[2023-11-24T11:01:06.739+0800] {processor.py:839} INFO - DAG(s) dict_keys(['example_python_operator']) retrieved from /home/azfarmustafa/airflow_tutorial/.venv/lib/python3.10/site-packages/airflow/example_dags/example_python_operator.py
[2023-11-24T11:01:06.758+0800] {logging_mixin.py:154} INFO - [2023-11-24T11:01:06.758+0800] {dag.py:2941} INFO - Sync 1 DAGs
[2023-11-24T11:01:06.770+0800] {logging_mixin.py:154} INFO - [2023-11-24T11:01:06.770+0800] {dag.py:3722} INFO - Setting next_dagrun for example_python_operator to None, run_after=None
[2023-11-24T11:01:06.797+0800] {processor.py:179} INFO - Processing /home/azfarmustafa/airflow_tutorial/.venv/lib/python3.10/site-packages/airflow/example_dags/example_python_operator.py took 0.076 seconds
[2023-11-24T11:01:53.158+0800] {processor.py:157} INFO - Started process (PID=60952) to work on /home/azfarmustafa/airflow_tutorial/.venv/lib/python3.10/site-packages/airflow/example_dags/example_python_operator.py
[2023-11-24T11:01:53.163+0800] {processor.py:829} INFO - Processing file /home/azfarmustafa/airflow_tutorial/.venv/lib/python3.10/site-packages/airflow/example_dags/example_python_operator.py for tasks to queue
[2023-11-24T11:01:53.164+0800] {logging_mixin.py:154} INFO - [2023-11-24T11:01:53.163+0800] {dagbag.py:536} INFO - Filling up the DagBag from /home/azfarmustafa/airflow_tutorial/.venv/lib/python3.10/site-packages/airflow/example_dags/example_python_operator.py
[2023-11-24T11:01:53.173+0800] {processor.py:839} INFO - DAG(s) dict_keys(['example_python_operator']) retrieved from /home/azfarmustafa/airflow_tutorial/.venv/lib/python3.10/site-packages/airflow/example_dags/example_python_operator.py
[2023-11-24T11:01:53.189+0800] {logging_mixin.py:154} INFO - [2023-11-24T11:01:53.189+0800] {dag.py:2941} INFO - Sync 1 DAGs
[2023-11-24T11:01:53.202+0800] {logging_mixin.py:154} INFO - [2023-11-24T11:01:53.201+0800] {dag.py:3722} INFO - Setting next_dagrun for example_python_operator to None, run_after=None
[2023-11-24T11:01:53.229+0800] {processor.py:179} INFO - Processing /home/azfarmustafa/airflow_tutorial/.venv/lib/python3.10/site-packages/airflow/example_dags/example_python_operator.py took 0.075 seconds
[2023-11-24T11:02:38.538+0800] {processor.py:157} INFO - Started process (PID=60999) to work on /home/azfarmustafa/airflow_tutorial/.venv/lib/python3.10/site-packages/airflow/example_dags/example_python_operator.py
[2023-11-24T11:02:38.543+0800] {processor.py:829} INFO - Processing file /home/azfarmustafa/airflow_tutorial/.venv/lib/python3.10/site-packages/airflow/example_dags/example_python_operator.py for tasks to queue
[2023-11-24T11:02:38.544+0800] {logging_mixin.py:154} INFO - [2023-11-24T11:02:38.544+0800] {dagbag.py:536} INFO - Filling up the DagBag from /home/azfarmustafa/airflow_tutorial/.venv/lib/python3.10/site-packages/airflow/example_dags/example_python_operator.py
[2023-11-24T11:02:38.555+0800] {processor.py:839} INFO - DAG(s) dict_keys(['example_python_operator']) retrieved from /home/azfarmustafa/airflow_tutorial/.venv/lib/python3.10/site-packages/airflow/example_dags/example_python_operator.py
[2023-11-24T11:02:38.580+0800] {logging_mixin.py:154} INFO - [2023-11-24T11:02:38.580+0800] {dag.py:2941} INFO - Sync 1 DAGs
[2023-11-24T11:02:38.592+0800] {logging_mixin.py:154} INFO - [2023-11-24T11:02:38.592+0800] {dag.py:3722} INFO - Setting next_dagrun for example_python_operator to None, run_after=None
[2023-11-24T11:02:38.621+0800] {processor.py:179} INFO - Processing /home/azfarmustafa/airflow_tutorial/.venv/lib/python3.10/site-packages/airflow/example_dags/example_python_operator.py took 0.088 seconds
[2023-11-24T11:03:24.874+0800] {processor.py:157} INFO - Started process (PID=61048) to work on /home/azfarmustafa/airflow_tutorial/.venv/lib/python3.10/site-packages/airflow/example_dags/example_python_operator.py
[2023-11-24T11:03:24.879+0800] {processor.py:829} INFO - Processing file /home/azfarmustafa/airflow_tutorial/.venv/lib/python3.10/site-packages/airflow/example_dags/example_python_operator.py for tasks to queue
[2023-11-24T11:03:24.879+0800] {logging_mixin.py:154} INFO - [2023-11-24T11:03:24.879+0800] {dagbag.py:536} INFO - Filling up the DagBag from /home/azfarmustafa/airflow_tutorial/.venv/lib/python3.10/site-packages/airflow/example_dags/example_python_operator.py
[2023-11-24T11:03:24.889+0800] {processor.py:839} INFO - DAG(s) dict_keys(['example_python_operator']) retrieved from /home/azfarmustafa/airflow_tutorial/.venv/lib/python3.10/site-packages/airflow/example_dags/example_python_operator.py
[2023-11-24T11:03:24.906+0800] {logging_mixin.py:154} INFO - [2023-11-24T11:03:24.905+0800] {dag.py:2941} INFO - Sync 1 DAGs
[2023-11-24T11:03:24.915+0800] {logging_mixin.py:154} INFO - [2023-11-24T11:03:24.915+0800] {dag.py:3722} INFO - Setting next_dagrun for example_python_operator to None, run_after=None
[2023-11-24T11:03:24.943+0800] {processor.py:179} INFO - Processing /home/azfarmustafa/airflow_tutorial/.venv/lib/python3.10/site-packages/airflow/example_dags/example_python_operator.py took 0.072 seconds
[2023-11-24T11:04:13.555+0800] {processor.py:157} INFO - Started process (PID=61101) to work on /home/azfarmustafa/airflow_tutorial/.venv/lib/python3.10/site-packages/airflow/example_dags/example_python_operator.py
[2023-11-24T11:04:13.557+0800] {processor.py:829} INFO - Processing file /home/azfarmustafa/airflow_tutorial/.venv/lib/python3.10/site-packages/airflow/example_dags/example_python_operator.py for tasks to queue
[2023-11-24T11:04:13.560+0800] {logging_mixin.py:154} INFO - [2023-11-24T11:04:13.559+0800] {dagbag.py:536} INFO - Filling up the DagBag from /home/azfarmustafa/airflow_tutorial/.venv/lib/python3.10/site-packages/airflow/example_dags/example_python_operator.py
[2023-11-24T11:04:13.598+0800] {processor.py:839} INFO - DAG(s) dict_keys(['example_python_operator']) retrieved from /home/azfarmustafa/airflow_tutorial/.venv/lib/python3.10/site-packages/airflow/example_dags/example_python_operator.py
[2023-11-24T11:04:13.638+0800] {logging_mixin.py:154} INFO - [2023-11-24T11:04:13.637+0800] {dag.py:2941} INFO - Sync 1 DAGs
[2023-11-24T11:04:13.671+0800] {logging_mixin.py:154} INFO - [2023-11-24T11:04:13.669+0800] {dag.py:3722} INFO - Setting next_dagrun for example_python_operator to None, run_after=None
[2023-11-24T11:04:13.727+0800] {processor.py:179} INFO - Processing /home/azfarmustafa/airflow_tutorial/.venv/lib/python3.10/site-packages/airflow/example_dags/example_python_operator.py took 0.177 seconds
[2023-11-24T11:05:01.856+0800] {processor.py:157} INFO - Started process (PID=61165) to work on /home/azfarmustafa/airflow_tutorial/.venv/lib/python3.10/site-packages/airflow/example_dags/example_python_operator.py
[2023-11-24T11:05:01.861+0800] {processor.py:829} INFO - Processing file /home/azfarmustafa/airflow_tutorial/.venv/lib/python3.10/site-packages/airflow/example_dags/example_python_operator.py for tasks to queue
[2023-11-24T11:05:01.861+0800] {logging_mixin.py:154} INFO - [2023-11-24T11:05:01.861+0800] {dagbag.py:536} INFO - Filling up the DagBag from /home/azfarmustafa/airflow_tutorial/.venv/lib/python3.10/site-packages/airflow/example_dags/example_python_operator.py
[2023-11-24T11:05:01.870+0800] {processor.py:839} INFO - DAG(s) dict_keys(['example_python_operator']) retrieved from /home/azfarmustafa/airflow_tutorial/.venv/lib/python3.10/site-packages/airflow/example_dags/example_python_operator.py
[2023-11-24T11:05:01.886+0800] {logging_mixin.py:154} INFO - [2023-11-24T11:05:01.886+0800] {dag.py:2941} INFO - Sync 1 DAGs
[2023-11-24T11:05:01.898+0800] {logging_mixin.py:154} INFO - [2023-11-24T11:05:01.898+0800] {dag.py:3722} INFO - Setting next_dagrun for example_python_operator to None, run_after=None
[2023-11-24T11:05:01.920+0800] {processor.py:179} INFO - Processing /home/azfarmustafa/airflow_tutorial/.venv/lib/python3.10/site-packages/airflow/example_dags/example_python_operator.py took 0.067 seconds
