[2023-11-24T10:26:00.083+0800] {processor.py:157} INFO - Started process (PID=58718) to work on /home/azfarmustafa/airflow_tutorial/.venv/lib/python3.10/site-packages/airflow/example_dags/example_setup_teardown_taskflow.py
[2023-11-24T10:26:00.083+0800] {processor.py:829} INFO - Processing file /home/azfarmustafa/airflow_tutorial/.venv/lib/python3.10/site-packages/airflow/example_dags/example_setup_teardown_taskflow.py for tasks to queue
[2023-11-24T10:26:00.084+0800] {logging_mixin.py:154} INFO - [2023-11-24T10:26:00.084+0800] {dagbag.py:536} INFO - Filling up the DagBag from /home/azfarmustafa/airflow_tutorial/.venv/lib/python3.10/site-packages/airflow/example_dags/example_setup_teardown_taskflow.py
[2023-11-24T10:26:00.093+0800] {processor.py:839} INFO - DAG(s) dict_keys(['example_setup_teardown_taskflow']) retrieved from /home/azfarmustafa/airflow_tutorial/.venv/lib/python3.10/site-packages/airflow/example_dags/example_setup_teardown_taskflow.py
[2023-11-24T10:26:00.111+0800] {logging_mixin.py:154} INFO - [2023-11-24T10:26:00.111+0800] {dag.py:2941} INFO - Sync 1 DAGs
[2023-11-24T10:26:00.130+0800] {logging_mixin.py:154} INFO - [2023-11-24T10:26:00.130+0800] {dag.py:3722} INFO - Setting next_dagrun for example_setup_teardown_taskflow to 2023-11-23T02:26:00.129870+00:00, run_after=2023-11-24T02:26:00.129870+00:00
[2023-11-24T10:26:00.168+0800] {processor.py:179} INFO - Processing /home/azfarmustafa/airflow_tutorial/.venv/lib/python3.10/site-packages/airflow/example_dags/example_setup_teardown_taskflow.py took 0.088 seconds
[2023-11-24T10:26:46.837+0800] {processor.py:157} INFO - Started process (PID=58773) to work on /home/azfarmustafa/airflow_tutorial/.venv/lib/python3.10/site-packages/airflow/example_dags/example_setup_teardown_taskflow.py
[2023-11-24T10:26:46.841+0800] {processor.py:829} INFO - Processing file /home/azfarmustafa/airflow_tutorial/.venv/lib/python3.10/site-packages/airflow/example_dags/example_setup_teardown_taskflow.py for tasks to queue
[2023-11-24T10:26:46.841+0800] {logging_mixin.py:154} INFO - [2023-11-24T10:26:46.841+0800] {dagbag.py:536} INFO - Filling up the DagBag from /home/azfarmustafa/airflow_tutorial/.venv/lib/python3.10/site-packages/airflow/example_dags/example_setup_teardown_taskflow.py
[2023-11-24T10:26:46.850+0800] {processor.py:839} INFO - DAG(s) dict_keys(['example_setup_teardown_taskflow']) retrieved from /home/azfarmustafa/airflow_tutorial/.venv/lib/python3.10/site-packages/airflow/example_dags/example_setup_teardown_taskflow.py
[2023-11-24T10:26:46.864+0800] {logging_mixin.py:154} INFO - [2023-11-24T10:26:46.863+0800] {dag.py:2941} INFO - Sync 1 DAGs
[2023-11-24T10:26:46.880+0800] {logging_mixin.py:154} INFO - [2023-11-24T10:26:46.880+0800] {dag.py:3722} INFO - Setting next_dagrun for example_setup_teardown_taskflow to 2023-11-23T02:26:46.880517+00:00, run_after=2023-11-24T02:26:46.880517+00:00
[2023-11-24T10:26:46.903+0800] {processor.py:179} INFO - Processing /home/azfarmustafa/airflow_tutorial/.venv/lib/python3.10/site-packages/airflow/example_dags/example_setup_teardown_taskflow.py took 0.069 seconds
[2023-11-24T10:27:35.804+0800] {processor.py:157} INFO - Started process (PID=58822) to work on /home/azfarmustafa/airflow_tutorial/.venv/lib/python3.10/site-packages/airflow/example_dags/example_setup_teardown_taskflow.py
[2023-11-24T10:27:35.809+0800] {processor.py:829} INFO - Processing file /home/azfarmustafa/airflow_tutorial/.venv/lib/python3.10/site-packages/airflow/example_dags/example_setup_teardown_taskflow.py for tasks to queue
[2023-11-24T10:27:35.809+0800] {logging_mixin.py:154} INFO - [2023-11-24T10:27:35.809+0800] {dagbag.py:536} INFO - Filling up the DagBag from /home/azfarmustafa/airflow_tutorial/.venv/lib/python3.10/site-packages/airflow/example_dags/example_setup_teardown_taskflow.py
[2023-11-24T10:27:35.820+0800] {processor.py:839} INFO - DAG(s) dict_keys(['example_setup_teardown_taskflow']) retrieved from /home/azfarmustafa/airflow_tutorial/.venv/lib/python3.10/site-packages/airflow/example_dags/example_setup_teardown_taskflow.py
[2023-11-24T10:27:35.838+0800] {logging_mixin.py:154} INFO - [2023-11-24T10:27:35.838+0800] {dag.py:2941} INFO - Sync 1 DAGs
[2023-11-24T10:27:35.855+0800] {logging_mixin.py:154} INFO - [2023-11-24T10:27:35.855+0800] {dag.py:3722} INFO - Setting next_dagrun for example_setup_teardown_taskflow to 2023-11-23T02:27:35.855410+00:00, run_after=2023-11-24T02:27:35.855410+00:00
[2023-11-24T10:27:35.879+0800] {processor.py:179} INFO - Processing /home/azfarmustafa/airflow_tutorial/.venv/lib/python3.10/site-packages/airflow/example_dags/example_setup_teardown_taskflow.py took 0.077 seconds
[2023-11-24T10:28:20.767+0800] {processor.py:157} INFO - Started process (PID=58868) to work on /home/azfarmustafa/airflow_tutorial/.venv/lib/python3.10/site-packages/airflow/example_dags/example_setup_teardown_taskflow.py
[2023-11-24T10:28:20.771+0800] {processor.py:829} INFO - Processing file /home/azfarmustafa/airflow_tutorial/.venv/lib/python3.10/site-packages/airflow/example_dags/example_setup_teardown_taskflow.py for tasks to queue
[2023-11-24T10:28:20.772+0800] {logging_mixin.py:154} INFO - [2023-11-24T10:28:20.772+0800] {dagbag.py:536} INFO - Filling up the DagBag from /home/azfarmustafa/airflow_tutorial/.venv/lib/python3.10/site-packages/airflow/example_dags/example_setup_teardown_taskflow.py
[2023-11-24T10:28:20.782+0800] {processor.py:839} INFO - DAG(s) dict_keys(['example_setup_teardown_taskflow']) retrieved from /home/azfarmustafa/airflow_tutorial/.venv/lib/python3.10/site-packages/airflow/example_dags/example_setup_teardown_taskflow.py
[2023-11-24T10:28:20.799+0800] {logging_mixin.py:154} INFO - [2023-11-24T10:28:20.798+0800] {dag.py:2941} INFO - Sync 1 DAGs
[2023-11-24T10:28:20.819+0800] {logging_mixin.py:154} INFO - [2023-11-24T10:28:20.818+0800] {dag.py:3722} INFO - Setting next_dagrun for example_setup_teardown_taskflow to 2023-11-23T02:28:20.818581+00:00, run_after=2023-11-24T02:28:20.818581+00:00
[2023-11-24T10:28:20.849+0800] {processor.py:179} INFO - Processing /home/azfarmustafa/airflow_tutorial/.venv/lib/python3.10/site-packages/airflow/example_dags/example_setup_teardown_taskflow.py took 0.086 seconds
[2023-11-24T10:29:10.166+0800] {processor.py:157} INFO - Started process (PID=58923) to work on /home/azfarmustafa/airflow_tutorial/.venv/lib/python3.10/site-packages/airflow/example_dags/example_setup_teardown_taskflow.py
[2023-11-24T10:29:10.171+0800] {processor.py:829} INFO - Processing file /home/azfarmustafa/airflow_tutorial/.venv/lib/python3.10/site-packages/airflow/example_dags/example_setup_teardown_taskflow.py for tasks to queue
[2023-11-24T10:29:10.171+0800] {logging_mixin.py:154} INFO - [2023-11-24T10:29:10.171+0800] {dagbag.py:536} INFO - Filling up the DagBag from /home/azfarmustafa/airflow_tutorial/.venv/lib/python3.10/site-packages/airflow/example_dags/example_setup_teardown_taskflow.py
[2023-11-24T10:29:10.180+0800] {processor.py:839} INFO - DAG(s) dict_keys(['example_setup_teardown_taskflow']) retrieved from /home/azfarmustafa/airflow_tutorial/.venv/lib/python3.10/site-packages/airflow/example_dags/example_setup_teardown_taskflow.py
[2023-11-24T10:29:10.198+0800] {logging_mixin.py:154} INFO - [2023-11-24T10:29:10.198+0800] {dag.py:2941} INFO - Sync 1 DAGs
[2023-11-24T10:29:10.217+0800] {logging_mixin.py:154} INFO - [2023-11-24T10:29:10.216+0800] {dag.py:3722} INFO - Setting next_dagrun for example_setup_teardown_taskflow to 2023-11-23T02:29:10.216765+00:00, run_after=2023-11-24T02:29:10.216765+00:00
[2023-11-24T10:29:10.240+0800] {processor.py:179} INFO - Processing /home/azfarmustafa/airflow_tutorial/.venv/lib/python3.10/site-packages/airflow/example_dags/example_setup_teardown_taskflow.py took 0.078 seconds
[2023-11-24T10:29:55.638+0800] {processor.py:157} INFO - Started process (PID=58970) to work on /home/azfarmustafa/airflow_tutorial/.venv/lib/python3.10/site-packages/airflow/example_dags/example_setup_teardown_taskflow.py
[2023-11-24T10:29:55.639+0800] {processor.py:829} INFO - Processing file /home/azfarmustafa/airflow_tutorial/.venv/lib/python3.10/site-packages/airflow/example_dags/example_setup_teardown_taskflow.py for tasks to queue
[2023-11-24T10:29:55.640+0800] {logging_mixin.py:154} INFO - [2023-11-24T10:29:55.640+0800] {dagbag.py:536} INFO - Filling up the DagBag from /home/azfarmustafa/airflow_tutorial/.venv/lib/python3.10/site-packages/airflow/example_dags/example_setup_teardown_taskflow.py
[2023-11-24T10:29:55.654+0800] {processor.py:839} INFO - DAG(s) dict_keys(['example_setup_teardown_taskflow']) retrieved from /home/azfarmustafa/airflow_tutorial/.venv/lib/python3.10/site-packages/airflow/example_dags/example_setup_teardown_taskflow.py
[2023-11-24T10:29:55.669+0800] {logging_mixin.py:154} INFO - [2023-11-24T10:29:55.669+0800] {dag.py:2941} INFO - Sync 1 DAGs
[2023-11-24T10:29:55.686+0800] {logging_mixin.py:154} INFO - [2023-11-24T10:29:55.686+0800] {dag.py:3722} INFO - Setting next_dagrun for example_setup_teardown_taskflow to 2023-11-23T02:29:55.685962+00:00, run_after=2023-11-24T02:29:55.685962+00:00
[2023-11-24T10:29:55.712+0800] {processor.py:179} INFO - Processing /home/azfarmustafa/airflow_tutorial/.venv/lib/python3.10/site-packages/airflow/example_dags/example_setup_teardown_taskflow.py took 0.078 seconds
[2023-11-24T10:30:44.524+0800] {processor.py:157} INFO - Started process (PID=59021) to work on /home/azfarmustafa/airflow_tutorial/.venv/lib/python3.10/site-packages/airflow/example_dags/example_setup_teardown_taskflow.py
[2023-11-24T10:30:44.529+0800] {processor.py:829} INFO - Processing file /home/azfarmustafa/airflow_tutorial/.venv/lib/python3.10/site-packages/airflow/example_dags/example_setup_teardown_taskflow.py for tasks to queue
[2023-11-24T10:30:44.530+0800] {logging_mixin.py:154} INFO - [2023-11-24T10:30:44.530+0800] {dagbag.py:536} INFO - Filling up the DagBag from /home/azfarmustafa/airflow_tutorial/.venv/lib/python3.10/site-packages/airflow/example_dags/example_setup_teardown_taskflow.py
[2023-11-24T10:30:44.540+0800] {processor.py:839} INFO - DAG(s) dict_keys(['example_setup_teardown_taskflow']) retrieved from /home/azfarmustafa/airflow_tutorial/.venv/lib/python3.10/site-packages/airflow/example_dags/example_setup_teardown_taskflow.py
[2023-11-24T10:30:44.556+0800] {logging_mixin.py:154} INFO - [2023-11-24T10:30:44.556+0800] {dag.py:2941} INFO - Sync 1 DAGs
[2023-11-24T10:30:44.577+0800] {logging_mixin.py:154} INFO - [2023-11-24T10:30:44.577+0800] {dag.py:3722} INFO - Setting next_dagrun for example_setup_teardown_taskflow to 2023-11-23T02:30:44.577300+00:00, run_after=2023-11-24T02:30:44.577300+00:00
[2023-11-24T10:30:44.605+0800] {processor.py:179} INFO - Processing /home/azfarmustafa/airflow_tutorial/.venv/lib/python3.10/site-packages/airflow/example_dags/example_setup_teardown_taskflow.py took 0.084 seconds
[2023-11-24T10:31:32.459+0800] {processor.py:157} INFO - Started process (PID=59069) to work on /home/azfarmustafa/airflow_tutorial/.venv/lib/python3.10/site-packages/airflow/example_dags/example_setup_teardown_taskflow.py
[2023-11-24T10:31:32.464+0800] {processor.py:829} INFO - Processing file /home/azfarmustafa/airflow_tutorial/.venv/lib/python3.10/site-packages/airflow/example_dags/example_setup_teardown_taskflow.py for tasks to queue
[2023-11-24T10:31:32.466+0800] {logging_mixin.py:154} INFO - [2023-11-24T10:31:32.466+0800] {dagbag.py:536} INFO - Filling up the DagBag from /home/azfarmustafa/airflow_tutorial/.venv/lib/python3.10/site-packages/airflow/example_dags/example_setup_teardown_taskflow.py
[2023-11-24T10:31:32.480+0800] {processor.py:839} INFO - DAG(s) dict_keys(['example_setup_teardown_taskflow']) retrieved from /home/azfarmustafa/airflow_tutorial/.venv/lib/python3.10/site-packages/airflow/example_dags/example_setup_teardown_taskflow.py
[2023-11-24T10:31:32.502+0800] {logging_mixin.py:154} INFO - [2023-11-24T10:31:32.502+0800] {dag.py:2941} INFO - Sync 1 DAGs
[2023-11-24T10:31:32.527+0800] {logging_mixin.py:154} INFO - [2023-11-24T10:31:32.527+0800] {dag.py:3722} INFO - Setting next_dagrun for example_setup_teardown_taskflow to 2023-11-23T02:31:32.527062+00:00, run_after=2023-11-24T02:31:32.527062+00:00
[2023-11-24T10:31:32.556+0800] {processor.py:179} INFO - Processing /home/azfarmustafa/airflow_tutorial/.venv/lib/python3.10/site-packages/airflow/example_dags/example_setup_teardown_taskflow.py took 0.100 seconds
[2023-11-24T10:32:18.283+0800] {processor.py:157} INFO - Started process (PID=59115) to work on /home/azfarmustafa/airflow_tutorial/.venv/lib/python3.10/site-packages/airflow/example_dags/example_setup_teardown_taskflow.py
[2023-11-24T10:32:18.287+0800] {processor.py:829} INFO - Processing file /home/azfarmustafa/airflow_tutorial/.venv/lib/python3.10/site-packages/airflow/example_dags/example_setup_teardown_taskflow.py for tasks to queue
[2023-11-24T10:32:18.288+0800] {logging_mixin.py:154} INFO - [2023-11-24T10:32:18.287+0800] {dagbag.py:536} INFO - Filling up the DagBag from /home/azfarmustafa/airflow_tutorial/.venv/lib/python3.10/site-packages/airflow/example_dags/example_setup_teardown_taskflow.py
[2023-11-24T10:32:18.298+0800] {processor.py:839} INFO - DAG(s) dict_keys(['example_setup_teardown_taskflow']) retrieved from /home/azfarmustafa/airflow_tutorial/.venv/lib/python3.10/site-packages/airflow/example_dags/example_setup_teardown_taskflow.py
[2023-11-24T10:32:18.312+0800] {logging_mixin.py:154} INFO - [2023-11-24T10:32:18.311+0800] {dag.py:2941} INFO - Sync 1 DAGs
[2023-11-24T10:32:18.328+0800] {logging_mixin.py:154} INFO - [2023-11-24T10:32:18.328+0800] {dag.py:3722} INFO - Setting next_dagrun for example_setup_teardown_taskflow to 2023-11-23T02:32:18.328569+00:00, run_after=2023-11-24T02:32:18.328569+00:00
[2023-11-24T10:32:18.351+0800] {processor.py:179} INFO - Processing /home/azfarmustafa/airflow_tutorial/.venv/lib/python3.10/site-packages/airflow/example_dags/example_setup_teardown_taskflow.py took 0.071 seconds
[2023-11-24T10:33:10.429+0800] {processor.py:157} INFO - Started process (PID=59166) to work on /home/azfarmustafa/airflow_tutorial/.venv/lib/python3.10/site-packages/airflow/example_dags/example_setup_teardown_taskflow.py
[2023-11-24T10:33:10.431+0800] {processor.py:829} INFO - Processing file /home/azfarmustafa/airflow_tutorial/.venv/lib/python3.10/site-packages/airflow/example_dags/example_setup_teardown_taskflow.py for tasks to queue
[2023-11-24T10:33:10.431+0800] {logging_mixin.py:154} INFO - [2023-11-24T10:33:10.431+0800] {dagbag.py:536} INFO - Filling up the DagBag from /home/azfarmustafa/airflow_tutorial/.venv/lib/python3.10/site-packages/airflow/example_dags/example_setup_teardown_taskflow.py
[2023-11-24T10:33:10.445+0800] {processor.py:839} INFO - DAG(s) dict_keys(['example_setup_teardown_taskflow']) retrieved from /home/azfarmustafa/airflow_tutorial/.venv/lib/python3.10/site-packages/airflow/example_dags/example_setup_teardown_taskflow.py
[2023-11-24T10:33:10.465+0800] {logging_mixin.py:154} INFO - [2023-11-24T10:33:10.464+0800] {dag.py:2941} INFO - Sync 1 DAGs
[2023-11-24T10:33:10.485+0800] {logging_mixin.py:154} INFO - [2023-11-24T10:33:10.485+0800] {dag.py:3722} INFO - Setting next_dagrun for example_setup_teardown_taskflow to 2023-11-23T02:33:10.484928+00:00, run_after=2023-11-24T02:33:10.484928+00:00
[2023-11-24T10:33:10.535+0800] {processor.py:179} INFO - Processing /home/azfarmustafa/airflow_tutorial/.venv/lib/python3.10/site-packages/airflow/example_dags/example_setup_teardown_taskflow.py took 0.110 seconds
[2023-11-24T10:34:01.722+0800] {processor.py:157} INFO - Started process (PID=59216) to work on /home/azfarmustafa/airflow_tutorial/.venv/lib/python3.10/site-packages/airflow/example_dags/example_setup_teardown_taskflow.py
[2023-11-24T10:34:01.726+0800] {processor.py:829} INFO - Processing file /home/azfarmustafa/airflow_tutorial/.venv/lib/python3.10/site-packages/airflow/example_dags/example_setup_teardown_taskflow.py for tasks to queue
[2023-11-24T10:34:01.727+0800] {logging_mixin.py:154} INFO - [2023-11-24T10:34:01.726+0800] {dagbag.py:536} INFO - Filling up the DagBag from /home/azfarmustafa/airflow_tutorial/.venv/lib/python3.10/site-packages/airflow/example_dags/example_setup_teardown_taskflow.py
[2023-11-24T10:34:01.735+0800] {processor.py:839} INFO - DAG(s) dict_keys(['example_setup_teardown_taskflow']) retrieved from /home/azfarmustafa/airflow_tutorial/.venv/lib/python3.10/site-packages/airflow/example_dags/example_setup_teardown_taskflow.py
[2023-11-24T10:34:01.750+0800] {logging_mixin.py:154} INFO - [2023-11-24T10:34:01.750+0800] {dag.py:2941} INFO - Sync 1 DAGs
[2023-11-24T10:34:01.767+0800] {logging_mixin.py:154} INFO - [2023-11-24T10:34:01.767+0800] {dag.py:3722} INFO - Setting next_dagrun for example_setup_teardown_taskflow to 2023-11-23T02:34:01.766984+00:00, run_after=2023-11-24T02:34:01.766984+00:00
[2023-11-24T10:34:01.793+0800] {processor.py:179} INFO - Processing /home/azfarmustafa/airflow_tutorial/.venv/lib/python3.10/site-packages/airflow/example_dags/example_setup_teardown_taskflow.py took 0.074 seconds
[2023-11-24T10:34:48.323+0800] {processor.py:157} INFO - Started process (PID=59271) to work on /home/azfarmustafa/airflow_tutorial/.venv/lib/python3.10/site-packages/airflow/example_dags/example_setup_teardown_taskflow.py
[2023-11-24T10:34:48.328+0800] {processor.py:829} INFO - Processing file /home/azfarmustafa/airflow_tutorial/.venv/lib/python3.10/site-packages/airflow/example_dags/example_setup_teardown_taskflow.py for tasks to queue
[2023-11-24T10:34:48.329+0800] {logging_mixin.py:154} INFO - [2023-11-24T10:34:48.329+0800] {dagbag.py:536} INFO - Filling up the DagBag from /home/azfarmustafa/airflow_tutorial/.venv/lib/python3.10/site-packages/airflow/example_dags/example_setup_teardown_taskflow.py
[2023-11-24T10:34:48.337+0800] {processor.py:839} INFO - DAG(s) dict_keys(['example_setup_teardown_taskflow']) retrieved from /home/azfarmustafa/airflow_tutorial/.venv/lib/python3.10/site-packages/airflow/example_dags/example_setup_teardown_taskflow.py
[2023-11-24T10:34:48.350+0800] {logging_mixin.py:154} INFO - [2023-11-24T10:34:48.350+0800] {dag.py:2941} INFO - Sync 1 DAGs
[2023-11-24T10:34:48.369+0800] {logging_mixin.py:154} INFO - [2023-11-24T10:34:48.368+0800] {dag.py:3722} INFO - Setting next_dagrun for example_setup_teardown_taskflow to 2023-11-23T02:34:48.368693+00:00, run_after=2023-11-24T02:34:48.368693+00:00
[2023-11-24T10:34:48.395+0800] {processor.py:179} INFO - Processing /home/azfarmustafa/airflow_tutorial/.venv/lib/python3.10/site-packages/airflow/example_dags/example_setup_teardown_taskflow.py took 0.075 seconds
[2023-11-24T10:35:35.013+0800] {processor.py:157} INFO - Started process (PID=59319) to work on /home/azfarmustafa/airflow_tutorial/.venv/lib/python3.10/site-packages/airflow/example_dags/example_setup_teardown_taskflow.py
[2023-11-24T10:35:35.017+0800] {processor.py:829} INFO - Processing file /home/azfarmustafa/airflow_tutorial/.venv/lib/python3.10/site-packages/airflow/example_dags/example_setup_teardown_taskflow.py for tasks to queue
[2023-11-24T10:35:35.018+0800] {logging_mixin.py:154} INFO - [2023-11-24T10:35:35.018+0800] {dagbag.py:536} INFO - Filling up the DagBag from /home/azfarmustafa/airflow_tutorial/.venv/lib/python3.10/site-packages/airflow/example_dags/example_setup_teardown_taskflow.py
[2023-11-24T10:35:35.028+0800] {processor.py:839} INFO - DAG(s) dict_keys(['example_setup_teardown_taskflow']) retrieved from /home/azfarmustafa/airflow_tutorial/.venv/lib/python3.10/site-packages/airflow/example_dags/example_setup_teardown_taskflow.py
[2023-11-24T10:35:35.042+0800] {logging_mixin.py:154} INFO - [2023-11-24T10:35:35.042+0800] {dag.py:2941} INFO - Sync 1 DAGs
[2023-11-24T10:35:35.064+0800] {logging_mixin.py:154} INFO - [2023-11-24T10:35:35.064+0800] {dag.py:3722} INFO - Setting next_dagrun for example_setup_teardown_taskflow to 2023-11-23T02:35:35.063620+00:00, run_after=2023-11-24T02:35:35.063620+00:00
[2023-11-24T10:35:35.089+0800] {processor.py:179} INFO - Processing /home/azfarmustafa/airflow_tutorial/.venv/lib/python3.10/site-packages/airflow/example_dags/example_setup_teardown_taskflow.py took 0.079 seconds
[2023-11-24T10:36:18.161+0800] {processor.py:157} INFO - Started process (PID=59365) to work on /home/azfarmustafa/airflow_tutorial/.venv/lib/python3.10/site-packages/airflow/example_dags/example_setup_teardown_taskflow.py
[2023-11-24T10:36:18.162+0800] {processor.py:829} INFO - Processing file /home/azfarmustafa/airflow_tutorial/.venv/lib/python3.10/site-packages/airflow/example_dags/example_setup_teardown_taskflow.py for tasks to queue
[2023-11-24T10:36:18.163+0800] {logging_mixin.py:154} INFO - [2023-11-24T10:36:18.163+0800] {dagbag.py:536} INFO - Filling up the DagBag from /home/azfarmustafa/airflow_tutorial/.venv/lib/python3.10/site-packages/airflow/example_dags/example_setup_teardown_taskflow.py
[2023-11-24T10:36:18.172+0800] {processor.py:839} INFO - DAG(s) dict_keys(['example_setup_teardown_taskflow']) retrieved from /home/azfarmustafa/airflow_tutorial/.venv/lib/python3.10/site-packages/airflow/example_dags/example_setup_teardown_taskflow.py
[2023-11-24T10:36:18.188+0800] {logging_mixin.py:154} INFO - [2023-11-24T10:36:18.187+0800] {dag.py:2941} INFO - Sync 1 DAGs
[2023-11-24T10:36:18.209+0800] {logging_mixin.py:154} INFO - [2023-11-24T10:36:18.208+0800] {dag.py:3722} INFO - Setting next_dagrun for example_setup_teardown_taskflow to 2023-11-23T02:36:18.208294+00:00, run_after=2023-11-24T02:36:18.208294+00:00
[2023-11-24T10:36:18.233+0800] {processor.py:179} INFO - Processing /home/azfarmustafa/airflow_tutorial/.venv/lib/python3.10/site-packages/airflow/example_dags/example_setup_teardown_taskflow.py took 0.074 seconds
[2023-11-24T10:37:07.245+0800] {processor.py:157} INFO - Started process (PID=59415) to work on /home/azfarmustafa/airflow_tutorial/.venv/lib/python3.10/site-packages/airflow/example_dags/example_setup_teardown_taskflow.py
[2023-11-24T10:37:07.249+0800] {processor.py:829} INFO - Processing file /home/azfarmustafa/airflow_tutorial/.venv/lib/python3.10/site-packages/airflow/example_dags/example_setup_teardown_taskflow.py for tasks to queue
[2023-11-24T10:37:07.249+0800] {logging_mixin.py:154} INFO - [2023-11-24T10:37:07.249+0800] {dagbag.py:536} INFO - Filling up the DagBag from /home/azfarmustafa/airflow_tutorial/.venv/lib/python3.10/site-packages/airflow/example_dags/example_setup_teardown_taskflow.py
[2023-11-24T10:37:07.258+0800] {processor.py:839} INFO - DAG(s) dict_keys(['example_setup_teardown_taskflow']) retrieved from /home/azfarmustafa/airflow_tutorial/.venv/lib/python3.10/site-packages/airflow/example_dags/example_setup_teardown_taskflow.py
[2023-11-24T10:37:07.273+0800] {logging_mixin.py:154} INFO - [2023-11-24T10:37:07.272+0800] {dag.py:2941} INFO - Sync 1 DAGs
[2023-11-24T10:37:07.290+0800] {logging_mixin.py:154} INFO - [2023-11-24T10:37:07.290+0800] {dag.py:3722} INFO - Setting next_dagrun for example_setup_teardown_taskflow to 2023-11-23T02:37:07.290309+00:00, run_after=2023-11-24T02:37:07.290309+00:00
[2023-11-24T10:37:07.315+0800] {processor.py:179} INFO - Processing /home/azfarmustafa/airflow_tutorial/.venv/lib/python3.10/site-packages/airflow/example_dags/example_setup_teardown_taskflow.py took 0.073 seconds
[2023-11-24T10:37:52.441+0800] {processor.py:157} INFO - Started process (PID=59461) to work on /home/azfarmustafa/airflow_tutorial/.venv/lib/python3.10/site-packages/airflow/example_dags/example_setup_teardown_taskflow.py
[2023-11-24T10:37:52.443+0800] {processor.py:829} INFO - Processing file /home/azfarmustafa/airflow_tutorial/.venv/lib/python3.10/site-packages/airflow/example_dags/example_setup_teardown_taskflow.py for tasks to queue
[2023-11-24T10:37:52.444+0800] {logging_mixin.py:154} INFO - [2023-11-24T10:37:52.443+0800] {dagbag.py:536} INFO - Filling up the DagBag from /home/azfarmustafa/airflow_tutorial/.venv/lib/python3.10/site-packages/airflow/example_dags/example_setup_teardown_taskflow.py
[2023-11-24T10:37:52.452+0800] {processor.py:839} INFO - DAG(s) dict_keys(['example_setup_teardown_taskflow']) retrieved from /home/azfarmustafa/airflow_tutorial/.venv/lib/python3.10/site-packages/airflow/example_dags/example_setup_teardown_taskflow.py
[2023-11-24T10:37:52.466+0800] {logging_mixin.py:154} INFO - [2023-11-24T10:37:52.466+0800] {dag.py:2941} INFO - Sync 1 DAGs
[2023-11-24T10:37:52.484+0800] {logging_mixin.py:154} INFO - [2023-11-24T10:37:52.484+0800] {dag.py:3722} INFO - Setting next_dagrun for example_setup_teardown_taskflow to 2023-11-23T02:37:52.483759+00:00, run_after=2023-11-24T02:37:52.483759+00:00
[2023-11-24T10:37:52.508+0800] {processor.py:179} INFO - Processing /home/azfarmustafa/airflow_tutorial/.venv/lib/python3.10/site-packages/airflow/example_dags/example_setup_teardown_taskflow.py took 0.070 seconds
[2023-11-24T10:38:41.013+0800] {processor.py:157} INFO - Started process (PID=59510) to work on /home/azfarmustafa/airflow_tutorial/.venv/lib/python3.10/site-packages/airflow/example_dags/example_setup_teardown_taskflow.py
[2023-11-24T10:38:41.017+0800] {processor.py:829} INFO - Processing file /home/azfarmustafa/airflow_tutorial/.venv/lib/python3.10/site-packages/airflow/example_dags/example_setup_teardown_taskflow.py for tasks to queue
[2023-11-24T10:38:41.018+0800] {logging_mixin.py:154} INFO - [2023-11-24T10:38:41.017+0800] {dagbag.py:536} INFO - Filling up the DagBag from /home/azfarmustafa/airflow_tutorial/.venv/lib/python3.10/site-packages/airflow/example_dags/example_setup_teardown_taskflow.py
[2023-11-24T10:38:41.026+0800] {processor.py:839} INFO - DAG(s) dict_keys(['example_setup_teardown_taskflow']) retrieved from /home/azfarmustafa/airflow_tutorial/.venv/lib/python3.10/site-packages/airflow/example_dags/example_setup_teardown_taskflow.py
[2023-11-24T10:38:41.043+0800] {logging_mixin.py:154} INFO - [2023-11-24T10:38:41.042+0800] {dag.py:2941} INFO - Sync 1 DAGs
[2023-11-24T10:38:41.060+0800] {logging_mixin.py:154} INFO - [2023-11-24T10:38:41.060+0800] {dag.py:3722} INFO - Setting next_dagrun for example_setup_teardown_taskflow to 2023-11-23T02:38:41.060345+00:00, run_after=2023-11-24T02:38:41.060345+00:00
[2023-11-24T10:38:41.088+0800] {processor.py:179} INFO - Processing /home/azfarmustafa/airflow_tutorial/.venv/lib/python3.10/site-packages/airflow/example_dags/example_setup_teardown_taskflow.py took 0.077 seconds
[2023-11-24T10:39:29.443+0800] {processor.py:157} INFO - Started process (PID=59559) to work on /home/azfarmustafa/airflow_tutorial/.venv/lib/python3.10/site-packages/airflow/example_dags/example_setup_teardown_taskflow.py
[2023-11-24T10:39:29.447+0800] {processor.py:829} INFO - Processing file /home/azfarmustafa/airflow_tutorial/.venv/lib/python3.10/site-packages/airflow/example_dags/example_setup_teardown_taskflow.py for tasks to queue
[2023-11-24T10:39:29.448+0800] {logging_mixin.py:154} INFO - [2023-11-24T10:39:29.447+0800] {dagbag.py:536} INFO - Filling up the DagBag from /home/azfarmustafa/airflow_tutorial/.venv/lib/python3.10/site-packages/airflow/example_dags/example_setup_teardown_taskflow.py
[2023-11-24T10:39:29.456+0800] {processor.py:839} INFO - DAG(s) dict_keys(['example_setup_teardown_taskflow']) retrieved from /home/azfarmustafa/airflow_tutorial/.venv/lib/python3.10/site-packages/airflow/example_dags/example_setup_teardown_taskflow.py
[2023-11-24T10:39:29.471+0800] {logging_mixin.py:154} INFO - [2023-11-24T10:39:29.471+0800] {dag.py:2941} INFO - Sync 1 DAGs
[2023-11-24T10:39:29.488+0800] {logging_mixin.py:154} INFO - [2023-11-24T10:39:29.488+0800] {dag.py:3722} INFO - Setting next_dagrun for example_setup_teardown_taskflow to 2023-11-23T02:39:29.488491+00:00, run_after=2023-11-24T02:39:29.488491+00:00
[2023-11-24T10:39:29.512+0800] {processor.py:179} INFO - Processing /home/azfarmustafa/airflow_tutorial/.venv/lib/python3.10/site-packages/airflow/example_dags/example_setup_teardown_taskflow.py took 0.072 seconds
[2023-11-24T10:40:15.643+0800] {processor.py:157} INFO - Started process (PID=59604) to work on /home/azfarmustafa/airflow_tutorial/.venv/lib/python3.10/site-packages/airflow/example_dags/example_setup_teardown_taskflow.py
[2023-11-24T10:40:15.649+0800] {processor.py:829} INFO - Processing file /home/azfarmustafa/airflow_tutorial/.venv/lib/python3.10/site-packages/airflow/example_dags/example_setup_teardown_taskflow.py for tasks to queue
[2023-11-24T10:40:15.650+0800] {logging_mixin.py:154} INFO - [2023-11-24T10:40:15.650+0800] {dagbag.py:536} INFO - Filling up the DagBag from /home/azfarmustafa/airflow_tutorial/.venv/lib/python3.10/site-packages/airflow/example_dags/example_setup_teardown_taskflow.py
[2023-11-24T10:40:15.663+0800] {processor.py:839} INFO - DAG(s) dict_keys(['example_setup_teardown_taskflow']) retrieved from /home/azfarmustafa/airflow_tutorial/.venv/lib/python3.10/site-packages/airflow/example_dags/example_setup_teardown_taskflow.py
[2023-11-24T10:40:15.686+0800] {logging_mixin.py:154} INFO - [2023-11-24T10:40:15.686+0800] {dag.py:2941} INFO - Sync 1 DAGs
[2023-11-24T10:40:15.709+0800] {logging_mixin.py:154} INFO - [2023-11-24T10:40:15.709+0800] {dag.py:3722} INFO - Setting next_dagrun for example_setup_teardown_taskflow to 2023-11-23T02:40:15.708809+00:00, run_after=2023-11-24T02:40:15.708809+00:00
[2023-11-24T10:40:15.739+0800] {processor.py:179} INFO - Processing /home/azfarmustafa/airflow_tutorial/.venv/lib/python3.10/site-packages/airflow/example_dags/example_setup_teardown_taskflow.py took 0.102 seconds
[2023-11-24T10:41:04.833+0800] {processor.py:157} INFO - Started process (PID=59661) to work on /home/azfarmustafa/airflow_tutorial/.venv/lib/python3.10/site-packages/airflow/example_dags/example_setup_teardown_taskflow.py
[2023-11-24T10:41:04.835+0800] {processor.py:829} INFO - Processing file /home/azfarmustafa/airflow_tutorial/.venv/lib/python3.10/site-packages/airflow/example_dags/example_setup_teardown_taskflow.py for tasks to queue
[2023-11-24T10:41:04.835+0800] {logging_mixin.py:154} INFO - [2023-11-24T10:41:04.835+0800] {dagbag.py:536} INFO - Filling up the DagBag from /home/azfarmustafa/airflow_tutorial/.venv/lib/python3.10/site-packages/airflow/example_dags/example_setup_teardown_taskflow.py
[2023-11-24T10:41:04.843+0800] {processor.py:839} INFO - DAG(s) dict_keys(['example_setup_teardown_taskflow']) retrieved from /home/azfarmustafa/airflow_tutorial/.venv/lib/python3.10/site-packages/airflow/example_dags/example_setup_teardown_taskflow.py
[2023-11-24T10:41:04.857+0800] {logging_mixin.py:154} INFO - [2023-11-24T10:41:04.857+0800] {dag.py:2941} INFO - Sync 1 DAGs
[2023-11-24T10:41:04.875+0800] {logging_mixin.py:154} INFO - [2023-11-24T10:41:04.874+0800] {dag.py:3722} INFO - Setting next_dagrun for example_setup_teardown_taskflow to 2023-11-23T02:41:04.874410+00:00, run_after=2023-11-24T02:41:04.874410+00:00
[2023-11-24T10:41:04.900+0800] {processor.py:179} INFO - Processing /home/azfarmustafa/airflow_tutorial/.venv/lib/python3.10/site-packages/airflow/example_dags/example_setup_teardown_taskflow.py took 0.070 seconds
[2023-11-24T10:41:54.016+0800] {processor.py:157} INFO - Started process (PID=59711) to work on /home/azfarmustafa/airflow_tutorial/.venv/lib/python3.10/site-packages/airflow/example_dags/example_setup_teardown_taskflow.py
[2023-11-24T10:41:54.018+0800] {processor.py:829} INFO - Processing file /home/azfarmustafa/airflow_tutorial/.venv/lib/python3.10/site-packages/airflow/example_dags/example_setup_teardown_taskflow.py for tasks to queue
[2023-11-24T10:41:54.018+0800] {logging_mixin.py:154} INFO - [2023-11-24T10:41:54.018+0800] {dagbag.py:536} INFO - Filling up the DagBag from /home/azfarmustafa/airflow_tutorial/.venv/lib/python3.10/site-packages/airflow/example_dags/example_setup_teardown_taskflow.py
[2023-11-24T10:41:54.028+0800] {processor.py:839} INFO - DAG(s) dict_keys(['example_setup_teardown_taskflow']) retrieved from /home/azfarmustafa/airflow_tutorial/.venv/lib/python3.10/site-packages/airflow/example_dags/example_setup_teardown_taskflow.py
[2023-11-24T10:41:54.045+0800] {logging_mixin.py:154} INFO - [2023-11-24T10:41:54.045+0800] {dag.py:2941} INFO - Sync 1 DAGs
[2023-11-24T10:41:54.063+0800] {logging_mixin.py:154} INFO - [2023-11-24T10:41:54.062+0800] {dag.py:3722} INFO - Setting next_dagrun for example_setup_teardown_taskflow to 2023-11-23T02:41:54.062661+00:00, run_after=2023-11-24T02:41:54.062661+00:00
[2023-11-24T10:41:54.089+0800] {processor.py:179} INFO - Processing /home/azfarmustafa/airflow_tutorial/.venv/lib/python3.10/site-packages/airflow/example_dags/example_setup_teardown_taskflow.py took 0.076 seconds
[2023-11-24T10:42:40.280+0800] {processor.py:157} INFO - Started process (PID=59757) to work on /home/azfarmustafa/airflow_tutorial/.venv/lib/python3.10/site-packages/airflow/example_dags/example_setup_teardown_taskflow.py
[2023-11-24T10:42:40.284+0800] {processor.py:829} INFO - Processing file /home/azfarmustafa/airflow_tutorial/.venv/lib/python3.10/site-packages/airflow/example_dags/example_setup_teardown_taskflow.py for tasks to queue
[2023-11-24T10:42:40.285+0800] {logging_mixin.py:154} INFO - [2023-11-24T10:42:40.284+0800] {dagbag.py:536} INFO - Filling up the DagBag from /home/azfarmustafa/airflow_tutorial/.venv/lib/python3.10/site-packages/airflow/example_dags/example_setup_teardown_taskflow.py
[2023-11-24T10:42:40.294+0800] {processor.py:839} INFO - DAG(s) dict_keys(['example_setup_teardown_taskflow']) retrieved from /home/azfarmustafa/airflow_tutorial/.venv/lib/python3.10/site-packages/airflow/example_dags/example_setup_teardown_taskflow.py
[2023-11-24T10:42:40.312+0800] {logging_mixin.py:154} INFO - [2023-11-24T10:42:40.312+0800] {dag.py:2941} INFO - Sync 1 DAGs
[2023-11-24T10:42:40.331+0800] {logging_mixin.py:154} INFO - [2023-11-24T10:42:40.331+0800] {dag.py:3722} INFO - Setting next_dagrun for example_setup_teardown_taskflow to 2023-11-23T02:42:40.331540+00:00, run_after=2023-11-24T02:42:40.331540+00:00
[2023-11-24T10:42:40.355+0800] {processor.py:179} INFO - Processing /home/azfarmustafa/airflow_tutorial/.venv/lib/python3.10/site-packages/airflow/example_dags/example_setup_teardown_taskflow.py took 0.077 seconds
[2023-11-24T10:43:27.780+0800] {processor.py:157} INFO - Started process (PID=59806) to work on /home/azfarmustafa/airflow_tutorial/.venv/lib/python3.10/site-packages/airflow/example_dags/example_setup_teardown_taskflow.py
[2023-11-24T10:43:27.782+0800] {processor.py:829} INFO - Processing file /home/azfarmustafa/airflow_tutorial/.venv/lib/python3.10/site-packages/airflow/example_dags/example_setup_teardown_taskflow.py for tasks to queue
[2023-11-24T10:43:27.783+0800] {logging_mixin.py:154} INFO - [2023-11-24T10:43:27.782+0800] {dagbag.py:536} INFO - Filling up the DagBag from /home/azfarmustafa/airflow_tutorial/.venv/lib/python3.10/site-packages/airflow/example_dags/example_setup_teardown_taskflow.py
[2023-11-24T10:43:27.793+0800] {processor.py:839} INFO - DAG(s) dict_keys(['example_setup_teardown_taskflow']) retrieved from /home/azfarmustafa/airflow_tutorial/.venv/lib/python3.10/site-packages/airflow/example_dags/example_setup_teardown_taskflow.py
[2023-11-24T10:43:27.811+0800] {logging_mixin.py:154} INFO - [2023-11-24T10:43:27.810+0800] {dag.py:2941} INFO - Sync 1 DAGs
[2023-11-24T10:43:27.833+0800] {logging_mixin.py:154} INFO - [2023-11-24T10:43:27.832+0800] {dag.py:3722} INFO - Setting next_dagrun for example_setup_teardown_taskflow to 2023-11-23T02:43:27.832708+00:00, run_after=2023-11-24T02:43:27.832708+00:00
[2023-11-24T10:43:27.859+0800] {processor.py:179} INFO - Processing /home/azfarmustafa/airflow_tutorial/.venv/lib/python3.10/site-packages/airflow/example_dags/example_setup_teardown_taskflow.py took 0.082 seconds
[2023-11-24T10:44:15.790+0800] {processor.py:157} INFO - Started process (PID=59854) to work on /home/azfarmustafa/airflow_tutorial/.venv/lib/python3.10/site-packages/airflow/example_dags/example_setup_teardown_taskflow.py
[2023-11-24T10:44:15.794+0800] {processor.py:829} INFO - Processing file /home/azfarmustafa/airflow_tutorial/.venv/lib/python3.10/site-packages/airflow/example_dags/example_setup_teardown_taskflow.py for tasks to queue
[2023-11-24T10:44:15.795+0800] {logging_mixin.py:154} INFO - [2023-11-24T10:44:15.795+0800] {dagbag.py:536} INFO - Filling up the DagBag from /home/azfarmustafa/airflow_tutorial/.venv/lib/python3.10/site-packages/airflow/example_dags/example_setup_teardown_taskflow.py
[2023-11-24T10:44:15.808+0800] {processor.py:839} INFO - DAG(s) dict_keys(['example_setup_teardown_taskflow']) retrieved from /home/azfarmustafa/airflow_tutorial/.venv/lib/python3.10/site-packages/airflow/example_dags/example_setup_teardown_taskflow.py
[2023-11-24T10:44:15.827+0800] {logging_mixin.py:154} INFO - [2023-11-24T10:44:15.826+0800] {dag.py:2941} INFO - Sync 1 DAGs
[2023-11-24T10:44:15.848+0800] {logging_mixin.py:154} INFO - [2023-11-24T10:44:15.847+0800] {dag.py:3722} INFO - Setting next_dagrun for example_setup_teardown_taskflow to 2023-11-23T02:44:15.847148+00:00, run_after=2023-11-24T02:44:15.847148+00:00
[2023-11-24T10:44:15.875+0800] {processor.py:179} INFO - Processing /home/azfarmustafa/airflow_tutorial/.venv/lib/python3.10/site-packages/airflow/example_dags/example_setup_teardown_taskflow.py took 0.088 seconds
[2023-11-24T10:45:04.115+0800] {processor.py:157} INFO - Started process (PID=59903) to work on /home/azfarmustafa/airflow_tutorial/.venv/lib/python3.10/site-packages/airflow/example_dags/example_setup_teardown_taskflow.py
[2023-11-24T10:45:04.117+0800] {processor.py:829} INFO - Processing file /home/azfarmustafa/airflow_tutorial/.venv/lib/python3.10/site-packages/airflow/example_dags/example_setup_teardown_taskflow.py for tasks to queue
[2023-11-24T10:45:04.118+0800] {logging_mixin.py:154} INFO - [2023-11-24T10:45:04.117+0800] {dagbag.py:536} INFO - Filling up the DagBag from /home/azfarmustafa/airflow_tutorial/.venv/lib/python3.10/site-packages/airflow/example_dags/example_setup_teardown_taskflow.py
[2023-11-24T10:45:04.130+0800] {processor.py:839} INFO - DAG(s) dict_keys(['example_setup_teardown_taskflow']) retrieved from /home/azfarmustafa/airflow_tutorial/.venv/lib/python3.10/site-packages/airflow/example_dags/example_setup_teardown_taskflow.py
[2023-11-24T10:45:04.145+0800] {logging_mixin.py:154} INFO - [2023-11-24T10:45:04.145+0800] {dag.py:2941} INFO - Sync 1 DAGs
[2023-11-24T10:45:04.166+0800] {logging_mixin.py:154} INFO - [2023-11-24T10:45:04.165+0800] {dag.py:3722} INFO - Setting next_dagrun for example_setup_teardown_taskflow to 2023-11-23T02:45:04.165237+00:00, run_after=2023-11-24T02:45:04.165237+00:00
[2023-11-24T10:45:04.199+0800] {processor.py:179} INFO - Processing /home/azfarmustafa/airflow_tutorial/.venv/lib/python3.10/site-packages/airflow/example_dags/example_setup_teardown_taskflow.py took 0.087 seconds
[2023-11-24T10:45:52.167+0800] {processor.py:157} INFO - Started process (PID=59951) to work on /home/azfarmustafa/airflow_tutorial/.venv/lib/python3.10/site-packages/airflow/example_dags/example_setup_teardown_taskflow.py
[2023-11-24T10:45:52.171+0800] {processor.py:829} INFO - Processing file /home/azfarmustafa/airflow_tutorial/.venv/lib/python3.10/site-packages/airflow/example_dags/example_setup_teardown_taskflow.py for tasks to queue
[2023-11-24T10:45:52.172+0800] {logging_mixin.py:154} INFO - [2023-11-24T10:45:52.172+0800] {dagbag.py:536} INFO - Filling up the DagBag from /home/azfarmustafa/airflow_tutorial/.venv/lib/python3.10/site-packages/airflow/example_dags/example_setup_teardown_taskflow.py
[2023-11-24T10:45:52.180+0800] {processor.py:839} INFO - DAG(s) dict_keys(['example_setup_teardown_taskflow']) retrieved from /home/azfarmustafa/airflow_tutorial/.venv/lib/python3.10/site-packages/airflow/example_dags/example_setup_teardown_taskflow.py
[2023-11-24T10:45:52.201+0800] {logging_mixin.py:154} INFO - [2023-11-24T10:45:52.201+0800] {dag.py:2941} INFO - Sync 1 DAGs
[2023-11-24T10:45:52.220+0800] {logging_mixin.py:154} INFO - [2023-11-24T10:45:52.220+0800] {dag.py:3722} INFO - Setting next_dagrun for example_setup_teardown_taskflow to 2023-11-23T02:45:52.219974+00:00, run_after=2023-11-24T02:45:52.219974+00:00
[2023-11-24T10:45:52.244+0800] {processor.py:179} INFO - Processing /home/azfarmustafa/airflow_tutorial/.venv/lib/python3.10/site-packages/airflow/example_dags/example_setup_teardown_taskflow.py took 0.082 seconds
[2023-11-24T10:46:36.623+0800] {processor.py:157} INFO - Started process (PID=59997) to work on /home/azfarmustafa/airflow_tutorial/.venv/lib/python3.10/site-packages/airflow/example_dags/example_setup_teardown_taskflow.py
[2023-11-24T10:46:36.625+0800] {processor.py:829} INFO - Processing file /home/azfarmustafa/airflow_tutorial/.venv/lib/python3.10/site-packages/airflow/example_dags/example_setup_teardown_taskflow.py for tasks to queue
[2023-11-24T10:46:36.626+0800] {logging_mixin.py:154} INFO - [2023-11-24T10:46:36.625+0800] {dagbag.py:536} INFO - Filling up the DagBag from /home/azfarmustafa/airflow_tutorial/.venv/lib/python3.10/site-packages/airflow/example_dags/example_setup_teardown_taskflow.py
[2023-11-24T10:46:36.640+0800] {processor.py:839} INFO - DAG(s) dict_keys(['example_setup_teardown_taskflow']) retrieved from /home/azfarmustafa/airflow_tutorial/.venv/lib/python3.10/site-packages/airflow/example_dags/example_setup_teardown_taskflow.py
[2023-11-24T10:46:36.656+0800] {logging_mixin.py:154} INFO - [2023-11-24T10:46:36.655+0800] {dag.py:2941} INFO - Sync 1 DAGs
[2023-11-24T10:46:36.673+0800] {logging_mixin.py:154} INFO - [2023-11-24T10:46:36.673+0800] {dag.py:3722} INFO - Setting next_dagrun for example_setup_teardown_taskflow to 2023-11-23T02:46:36.673251+00:00, run_after=2023-11-24T02:46:36.673251+00:00
[2023-11-24T10:46:36.697+0800] {processor.py:179} INFO - Processing /home/azfarmustafa/airflow_tutorial/.venv/lib/python3.10/site-packages/airflow/example_dags/example_setup_teardown_taskflow.py took 0.076 seconds
[2023-11-24T10:47:21.980+0800] {processor.py:157} INFO - Started process (PID=60050) to work on /home/azfarmustafa/airflow_tutorial/.venv/lib/python3.10/site-packages/airflow/example_dags/example_setup_teardown_taskflow.py
[2023-11-24T10:47:21.984+0800] {processor.py:829} INFO - Processing file /home/azfarmustafa/airflow_tutorial/.venv/lib/python3.10/site-packages/airflow/example_dags/example_setup_teardown_taskflow.py for tasks to queue
[2023-11-24T10:47:21.985+0800] {logging_mixin.py:154} INFO - [2023-11-24T10:47:21.985+0800] {dagbag.py:536} INFO - Filling up the DagBag from /home/azfarmustafa/airflow_tutorial/.venv/lib/python3.10/site-packages/airflow/example_dags/example_setup_teardown_taskflow.py
[2023-11-24T10:47:21.999+0800] {processor.py:839} INFO - DAG(s) dict_keys(['example_setup_teardown_taskflow']) retrieved from /home/azfarmustafa/airflow_tutorial/.venv/lib/python3.10/site-packages/airflow/example_dags/example_setup_teardown_taskflow.py
[2023-11-24T10:47:22.014+0800] {logging_mixin.py:154} INFO - [2023-11-24T10:47:22.014+0800] {dag.py:2941} INFO - Sync 1 DAGs
[2023-11-24T10:47:22.032+0800] {logging_mixin.py:154} INFO - [2023-11-24T10:47:22.032+0800] {dag.py:3722} INFO - Setting next_dagrun for example_setup_teardown_taskflow to 2023-11-23T02:47:22.032483+00:00, run_after=2023-11-24T02:47:22.032483+00:00
[2023-11-24T10:47:22.061+0800] {processor.py:179} INFO - Processing /home/azfarmustafa/airflow_tutorial/.venv/lib/python3.10/site-packages/airflow/example_dags/example_setup_teardown_taskflow.py took 0.084 seconds
[2023-11-24T10:48:06.749+0800] {processor.py:157} INFO - Started process (PID=60096) to work on /home/azfarmustafa/airflow_tutorial/.venv/lib/python3.10/site-packages/airflow/example_dags/example_setup_teardown_taskflow.py
[2023-11-24T10:48:06.751+0800] {processor.py:829} INFO - Processing file /home/azfarmustafa/airflow_tutorial/.venv/lib/python3.10/site-packages/airflow/example_dags/example_setup_teardown_taskflow.py for tasks to queue
[2023-11-24T10:48:06.752+0800] {logging_mixin.py:154} INFO - [2023-11-24T10:48:06.751+0800] {dagbag.py:536} INFO - Filling up the DagBag from /home/azfarmustafa/airflow_tutorial/.venv/lib/python3.10/site-packages/airflow/example_dags/example_setup_teardown_taskflow.py
[2023-11-24T10:48:06.760+0800] {processor.py:839} INFO - DAG(s) dict_keys(['example_setup_teardown_taskflow']) retrieved from /home/azfarmustafa/airflow_tutorial/.venv/lib/python3.10/site-packages/airflow/example_dags/example_setup_teardown_taskflow.py
[2023-11-24T10:48:06.775+0800] {logging_mixin.py:154} INFO - [2023-11-24T10:48:06.774+0800] {dag.py:2941} INFO - Sync 1 DAGs
[2023-11-24T10:48:06.793+0800] {logging_mixin.py:154} INFO - [2023-11-24T10:48:06.793+0800] {dag.py:3722} INFO - Setting next_dagrun for example_setup_teardown_taskflow to 2023-11-23T02:48:06.793199+00:00, run_after=2023-11-24T02:48:06.793199+00:00
[2023-11-24T10:48:06.817+0800] {processor.py:179} INFO - Processing /home/azfarmustafa/airflow_tutorial/.venv/lib/python3.10/site-packages/airflow/example_dags/example_setup_teardown_taskflow.py took 0.071 seconds
[2023-11-24T10:48:53.958+0800] {processor.py:157} INFO - Started process (PID=60143) to work on /home/azfarmustafa/airflow_tutorial/.venv/lib/python3.10/site-packages/airflow/example_dags/example_setup_teardown_taskflow.py
[2023-11-24T10:48:53.960+0800] {processor.py:829} INFO - Processing file /home/azfarmustafa/airflow_tutorial/.venv/lib/python3.10/site-packages/airflow/example_dags/example_setup_teardown_taskflow.py for tasks to queue
[2023-11-24T10:48:53.961+0800] {logging_mixin.py:154} INFO - [2023-11-24T10:48:53.961+0800] {dagbag.py:536} INFO - Filling up the DagBag from /home/azfarmustafa/airflow_tutorial/.venv/lib/python3.10/site-packages/airflow/example_dags/example_setup_teardown_taskflow.py
[2023-11-24T10:48:53.969+0800] {processor.py:839} INFO - DAG(s) dict_keys(['example_setup_teardown_taskflow']) retrieved from /home/azfarmustafa/airflow_tutorial/.venv/lib/python3.10/site-packages/airflow/example_dags/example_setup_teardown_taskflow.py
[2023-11-24T10:48:53.988+0800] {logging_mixin.py:154} INFO - [2023-11-24T10:48:53.987+0800] {dag.py:2941} INFO - Sync 1 DAGs
[2023-11-24T10:48:54.008+0800] {logging_mixin.py:154} INFO - [2023-11-24T10:48:54.007+0800] {dag.py:3722} INFO - Setting next_dagrun for example_setup_teardown_taskflow to 2023-11-23T02:48:54.007586+00:00, run_after=2023-11-24T02:48:54.007586+00:00
[2023-11-24T10:48:54.033+0800] {processor.py:179} INFO - Processing /home/azfarmustafa/airflow_tutorial/.venv/lib/python3.10/site-packages/airflow/example_dags/example_setup_teardown_taskflow.py took 0.077 seconds
[2023-11-24T10:49:42.994+0800] {processor.py:157} INFO - Started process (PID=60193) to work on /home/azfarmustafa/airflow_tutorial/.venv/lib/python3.10/site-packages/airflow/example_dags/example_setup_teardown_taskflow.py
[2023-11-24T10:49:42.999+0800] {processor.py:829} INFO - Processing file /home/azfarmustafa/airflow_tutorial/.venv/lib/python3.10/site-packages/airflow/example_dags/example_setup_teardown_taskflow.py for tasks to queue
[2023-11-24T10:49:43.000+0800] {logging_mixin.py:154} INFO - [2023-11-24T10:49:43.000+0800] {dagbag.py:536} INFO - Filling up the DagBag from /home/azfarmustafa/airflow_tutorial/.venv/lib/python3.10/site-packages/airflow/example_dags/example_setup_teardown_taskflow.py
[2023-11-24T10:49:43.011+0800] {processor.py:839} INFO - DAG(s) dict_keys(['example_setup_teardown_taskflow']) retrieved from /home/azfarmustafa/airflow_tutorial/.venv/lib/python3.10/site-packages/airflow/example_dags/example_setup_teardown_taskflow.py
[2023-11-24T10:49:43.026+0800] {logging_mixin.py:154} INFO - [2023-11-24T10:49:43.026+0800] {dag.py:2941} INFO - Sync 1 DAGs
[2023-11-24T10:49:43.043+0800] {logging_mixin.py:154} INFO - [2023-11-24T10:49:43.043+0800] {dag.py:3722} INFO - Setting next_dagrun for example_setup_teardown_taskflow to 2023-11-23T02:49:43.043233+00:00, run_after=2023-11-24T02:49:43.043233+00:00
[2023-11-24T10:49:43.070+0800] {processor.py:179} INFO - Processing /home/azfarmustafa/airflow_tutorial/.venv/lib/python3.10/site-packages/airflow/example_dags/example_setup_teardown_taskflow.py took 0.079 seconds
[2023-11-24T10:50:28.496+0800] {processor.py:157} INFO - Started process (PID=60240) to work on /home/azfarmustafa/airflow_tutorial/.venv/lib/python3.10/site-packages/airflow/example_dags/example_setup_teardown_taskflow.py
[2023-11-24T10:50:28.500+0800] {processor.py:829} INFO - Processing file /home/azfarmustafa/airflow_tutorial/.venv/lib/python3.10/site-packages/airflow/example_dags/example_setup_teardown_taskflow.py for tasks to queue
[2023-11-24T10:50:28.501+0800] {logging_mixin.py:154} INFO - [2023-11-24T10:50:28.501+0800] {dagbag.py:536} INFO - Filling up the DagBag from /home/azfarmustafa/airflow_tutorial/.venv/lib/python3.10/site-packages/airflow/example_dags/example_setup_teardown_taskflow.py
[2023-11-24T10:50:28.510+0800] {processor.py:839} INFO - DAG(s) dict_keys(['example_setup_teardown_taskflow']) retrieved from /home/azfarmustafa/airflow_tutorial/.venv/lib/python3.10/site-packages/airflow/example_dags/example_setup_teardown_taskflow.py
[2023-11-24T10:50:28.525+0800] {logging_mixin.py:154} INFO - [2023-11-24T10:50:28.524+0800] {dag.py:2941} INFO - Sync 1 DAGs
[2023-11-24T10:50:28.541+0800] {logging_mixin.py:154} INFO - [2023-11-24T10:50:28.541+0800] {dag.py:3722} INFO - Setting next_dagrun for example_setup_teardown_taskflow to 2023-11-23T02:50:28.541230+00:00, run_after=2023-11-24T02:50:28.541230+00:00
[2023-11-24T10:50:28.563+0800] {processor.py:179} INFO - Processing /home/azfarmustafa/airflow_tutorial/.venv/lib/python3.10/site-packages/airflow/example_dags/example_setup_teardown_taskflow.py took 0.070 seconds
[2023-11-24T10:51:15.423+0800] {processor.py:157} INFO - Started process (PID=60288) to work on /home/azfarmustafa/airflow_tutorial/.venv/lib/python3.10/site-packages/airflow/example_dags/example_setup_teardown_taskflow.py
[2023-11-24T10:51:15.428+0800] {processor.py:829} INFO - Processing file /home/azfarmustafa/airflow_tutorial/.venv/lib/python3.10/site-packages/airflow/example_dags/example_setup_teardown_taskflow.py for tasks to queue
[2023-11-24T10:51:15.429+0800] {logging_mixin.py:154} INFO - [2023-11-24T10:51:15.429+0800] {dagbag.py:536} INFO - Filling up the DagBag from /home/azfarmustafa/airflow_tutorial/.venv/lib/python3.10/site-packages/airflow/example_dags/example_setup_teardown_taskflow.py
[2023-11-24T10:51:15.437+0800] {processor.py:839} INFO - DAG(s) dict_keys(['example_setup_teardown_taskflow']) retrieved from /home/azfarmustafa/airflow_tutorial/.venv/lib/python3.10/site-packages/airflow/example_dags/example_setup_teardown_taskflow.py
[2023-11-24T10:51:15.453+0800] {logging_mixin.py:154} INFO - [2023-11-24T10:51:15.453+0800] {dag.py:2941} INFO - Sync 1 DAGs
[2023-11-24T10:51:15.474+0800] {logging_mixin.py:154} INFO - [2023-11-24T10:51:15.473+0800] {dag.py:3722} INFO - Setting next_dagrun for example_setup_teardown_taskflow to 2023-11-23T02:51:15.472296+00:00, run_after=2023-11-24T02:51:15.472296+00:00
[2023-11-24T10:51:15.502+0800] {processor.py:179} INFO - Processing /home/azfarmustafa/airflow_tutorial/.venv/lib/python3.10/site-packages/airflow/example_dags/example_setup_teardown_taskflow.py took 0.082 seconds
[2023-11-24T10:52:02.341+0800] {processor.py:157} INFO - Started process (PID=60336) to work on /home/azfarmustafa/airflow_tutorial/.venv/lib/python3.10/site-packages/airflow/example_dags/example_setup_teardown_taskflow.py
[2023-11-24T10:52:02.347+0800] {processor.py:829} INFO - Processing file /home/azfarmustafa/airflow_tutorial/.venv/lib/python3.10/site-packages/airflow/example_dags/example_setup_teardown_taskflow.py for tasks to queue
[2023-11-24T10:52:02.347+0800] {logging_mixin.py:154} INFO - [2023-11-24T10:52:02.347+0800] {dagbag.py:536} INFO - Filling up the DagBag from /home/azfarmustafa/airflow_tutorial/.venv/lib/python3.10/site-packages/airflow/example_dags/example_setup_teardown_taskflow.py
[2023-11-24T10:52:02.356+0800] {processor.py:839} INFO - DAG(s) dict_keys(['example_setup_teardown_taskflow']) retrieved from /home/azfarmustafa/airflow_tutorial/.venv/lib/python3.10/site-packages/airflow/example_dags/example_setup_teardown_taskflow.py
[2023-11-24T10:52:02.374+0800] {logging_mixin.py:154} INFO - [2023-11-24T10:52:02.374+0800] {dag.py:2941} INFO - Sync 1 DAGs
[2023-11-24T10:52:02.395+0800] {logging_mixin.py:154} INFO - [2023-11-24T10:52:02.394+0800] {dag.py:3722} INFO - Setting next_dagrun for example_setup_teardown_taskflow to 2023-11-23T02:52:02.394702+00:00, run_after=2023-11-24T02:52:02.394702+00:00
[2023-11-24T10:52:02.444+0800] {processor.py:179} INFO - Processing /home/azfarmustafa/airflow_tutorial/.venv/lib/python3.10/site-packages/airflow/example_dags/example_setup_teardown_taskflow.py took 0.106 seconds
[2023-11-24T10:52:52.020+0800] {processor.py:157} INFO - Started process (PID=60385) to work on /home/azfarmustafa/airflow_tutorial/.venv/lib/python3.10/site-packages/airflow/example_dags/example_setup_teardown_taskflow.py
[2023-11-24T10:52:52.025+0800] {processor.py:829} INFO - Processing file /home/azfarmustafa/airflow_tutorial/.venv/lib/python3.10/site-packages/airflow/example_dags/example_setup_teardown_taskflow.py for tasks to queue
[2023-11-24T10:52:52.026+0800] {logging_mixin.py:154} INFO - [2023-11-24T10:52:52.026+0800] {dagbag.py:536} INFO - Filling up the DagBag from /home/azfarmustafa/airflow_tutorial/.venv/lib/python3.10/site-packages/airflow/example_dags/example_setup_teardown_taskflow.py
[2023-11-24T10:52:52.034+0800] {processor.py:839} INFO - DAG(s) dict_keys(['example_setup_teardown_taskflow']) retrieved from /home/azfarmustafa/airflow_tutorial/.venv/lib/python3.10/site-packages/airflow/example_dags/example_setup_teardown_taskflow.py
[2023-11-24T10:52:52.053+0800] {logging_mixin.py:154} INFO - [2023-11-24T10:52:52.052+0800] {dag.py:2941} INFO - Sync 1 DAGs
[2023-11-24T10:52:52.077+0800] {logging_mixin.py:154} INFO - [2023-11-24T10:52:52.077+0800] {dag.py:3722} INFO - Setting next_dagrun for example_setup_teardown_taskflow to 2023-11-23T02:52:52.076792+00:00, run_after=2023-11-24T02:52:52.076792+00:00
[2023-11-24T10:52:52.103+0800] {processor.py:179} INFO - Processing /home/azfarmustafa/airflow_tutorial/.venv/lib/python3.10/site-packages/airflow/example_dags/example_setup_teardown_taskflow.py took 0.086 seconds
[2023-11-24T10:53:38.835+0800] {processor.py:157} INFO - Started process (PID=60439) to work on /home/azfarmustafa/airflow_tutorial/.venv/lib/python3.10/site-packages/airflow/example_dags/example_setup_teardown_taskflow.py
[2023-11-24T10:53:38.840+0800] {processor.py:829} INFO - Processing file /home/azfarmustafa/airflow_tutorial/.venv/lib/python3.10/site-packages/airflow/example_dags/example_setup_teardown_taskflow.py for tasks to queue
[2023-11-24T10:53:38.841+0800] {logging_mixin.py:154} INFO - [2023-11-24T10:53:38.840+0800] {dagbag.py:536} INFO - Filling up the DagBag from /home/azfarmustafa/airflow_tutorial/.venv/lib/python3.10/site-packages/airflow/example_dags/example_setup_teardown_taskflow.py
[2023-11-24T10:53:38.849+0800] {processor.py:839} INFO - DAG(s) dict_keys(['example_setup_teardown_taskflow']) retrieved from /home/azfarmustafa/airflow_tutorial/.venv/lib/python3.10/site-packages/airflow/example_dags/example_setup_teardown_taskflow.py
[2023-11-24T10:53:38.865+0800] {logging_mixin.py:154} INFO - [2023-11-24T10:53:38.864+0800] {dag.py:2941} INFO - Sync 1 DAGs
[2023-11-24T10:53:38.885+0800] {logging_mixin.py:154} INFO - [2023-11-24T10:53:38.884+0800] {dag.py:3722} INFO - Setting next_dagrun for example_setup_teardown_taskflow to 2023-11-23T02:53:38.883867+00:00, run_after=2023-11-24T02:53:38.883867+00:00
[2023-11-24T10:53:38.912+0800] {processor.py:179} INFO - Processing /home/azfarmustafa/airflow_tutorial/.venv/lib/python3.10/site-packages/airflow/example_dags/example_setup_teardown_taskflow.py took 0.081 seconds
[2023-11-24T10:54:28.038+0800] {processor.py:157} INFO - Started process (PID=60488) to work on /home/azfarmustafa/airflow_tutorial/.venv/lib/python3.10/site-packages/airflow/example_dags/example_setup_teardown_taskflow.py
[2023-11-24T10:54:28.042+0800] {processor.py:829} INFO - Processing file /home/azfarmustafa/airflow_tutorial/.venv/lib/python3.10/site-packages/airflow/example_dags/example_setup_teardown_taskflow.py for tasks to queue
[2023-11-24T10:54:28.044+0800] {logging_mixin.py:154} INFO - [2023-11-24T10:54:28.043+0800] {dagbag.py:536} INFO - Filling up the DagBag from /home/azfarmustafa/airflow_tutorial/.venv/lib/python3.10/site-packages/airflow/example_dags/example_setup_teardown_taskflow.py
[2023-11-24T10:54:28.053+0800] {processor.py:839} INFO - DAG(s) dict_keys(['example_setup_teardown_taskflow']) retrieved from /home/azfarmustafa/airflow_tutorial/.venv/lib/python3.10/site-packages/airflow/example_dags/example_setup_teardown_taskflow.py
[2023-11-24T10:54:28.071+0800] {logging_mixin.py:154} INFO - [2023-11-24T10:54:28.071+0800] {dag.py:2941} INFO - Sync 1 DAGs
[2023-11-24T10:54:28.095+0800] {logging_mixin.py:154} INFO - [2023-11-24T10:54:28.095+0800] {dag.py:3722} INFO - Setting next_dagrun for example_setup_teardown_taskflow to 2023-11-23T02:54:28.095149+00:00, run_after=2023-11-24T02:54:28.095149+00:00
[2023-11-24T10:54:28.120+0800] {processor.py:179} INFO - Processing /home/azfarmustafa/airflow_tutorial/.venv/lib/python3.10/site-packages/airflow/example_dags/example_setup_teardown_taskflow.py took 0.086 seconds
[2023-11-24T10:55:14.501+0800] {processor.py:157} INFO - Started process (PID=60536) to work on /home/azfarmustafa/airflow_tutorial/.venv/lib/python3.10/site-packages/airflow/example_dags/example_setup_teardown_taskflow.py
[2023-11-24T10:55:14.506+0800] {processor.py:829} INFO - Processing file /home/azfarmustafa/airflow_tutorial/.venv/lib/python3.10/site-packages/airflow/example_dags/example_setup_teardown_taskflow.py for tasks to queue
[2023-11-24T10:55:14.507+0800] {logging_mixin.py:154} INFO - [2023-11-24T10:55:14.506+0800] {dagbag.py:536} INFO - Filling up the DagBag from /home/azfarmustafa/airflow_tutorial/.venv/lib/python3.10/site-packages/airflow/example_dags/example_setup_teardown_taskflow.py
[2023-11-24T10:55:14.515+0800] {processor.py:839} INFO - DAG(s) dict_keys(['example_setup_teardown_taskflow']) retrieved from /home/azfarmustafa/airflow_tutorial/.venv/lib/python3.10/site-packages/airflow/example_dags/example_setup_teardown_taskflow.py
[2023-11-24T10:55:14.534+0800] {logging_mixin.py:154} INFO - [2023-11-24T10:55:14.533+0800] {dag.py:2941} INFO - Sync 1 DAGs
[2023-11-24T10:55:14.551+0800] {logging_mixin.py:154} INFO - [2023-11-24T10:55:14.551+0800] {dag.py:3722} INFO - Setting next_dagrun for example_setup_teardown_taskflow to 2023-11-23T02:55:14.551451+00:00, run_after=2023-11-24T02:55:14.551451+00:00
[2023-11-24T10:55:14.578+0800] {processor.py:179} INFO - Processing /home/azfarmustafa/airflow_tutorial/.venv/lib/python3.10/site-packages/airflow/example_dags/example_setup_teardown_taskflow.py took 0.079 seconds
[2023-11-24T10:55:59.773+0800] {processor.py:157} INFO - Started process (PID=60581) to work on /home/azfarmustafa/airflow_tutorial/.venv/lib/python3.10/site-packages/airflow/example_dags/example_setup_teardown_taskflow.py
[2023-11-24T10:55:59.777+0800] {processor.py:829} INFO - Processing file /home/azfarmustafa/airflow_tutorial/.venv/lib/python3.10/site-packages/airflow/example_dags/example_setup_teardown_taskflow.py for tasks to queue
[2023-11-24T10:55:59.778+0800] {logging_mixin.py:154} INFO - [2023-11-24T10:55:59.778+0800] {dagbag.py:536} INFO - Filling up the DagBag from /home/azfarmustafa/airflow_tutorial/.venv/lib/python3.10/site-packages/airflow/example_dags/example_setup_teardown_taskflow.py
[2023-11-24T10:55:59.789+0800] {processor.py:839} INFO - DAG(s) dict_keys(['example_setup_teardown_taskflow']) retrieved from /home/azfarmustafa/airflow_tutorial/.venv/lib/python3.10/site-packages/airflow/example_dags/example_setup_teardown_taskflow.py
[2023-11-24T10:55:59.804+0800] {logging_mixin.py:154} INFO - [2023-11-24T10:55:59.803+0800] {dag.py:2941} INFO - Sync 1 DAGs
[2023-11-24T10:55:59.820+0800] {logging_mixin.py:154} INFO - [2023-11-24T10:55:59.820+0800] {dag.py:3722} INFO - Setting next_dagrun for example_setup_teardown_taskflow to 2023-11-23T02:55:59.820440+00:00, run_after=2023-11-24T02:55:59.820440+00:00
[2023-11-24T10:55:59.847+0800] {processor.py:179} INFO - Processing /home/azfarmustafa/airflow_tutorial/.venv/lib/python3.10/site-packages/airflow/example_dags/example_setup_teardown_taskflow.py took 0.076 seconds
[2023-11-24T10:56:43.205+0800] {processor.py:157} INFO - Started process (PID=60627) to work on /home/azfarmustafa/airflow_tutorial/.venv/lib/python3.10/site-packages/airflow/example_dags/example_setup_teardown_taskflow.py
[2023-11-24T10:56:43.206+0800] {processor.py:829} INFO - Processing file /home/azfarmustafa/airflow_tutorial/.venv/lib/python3.10/site-packages/airflow/example_dags/example_setup_teardown_taskflow.py for tasks to queue
[2023-11-24T10:56:43.207+0800] {logging_mixin.py:154} INFO - [2023-11-24T10:56:43.207+0800] {dagbag.py:536} INFO - Filling up the DagBag from /home/azfarmustafa/airflow_tutorial/.venv/lib/python3.10/site-packages/airflow/example_dags/example_setup_teardown_taskflow.py
[2023-11-24T10:56:43.215+0800] {processor.py:839} INFO - DAG(s) dict_keys(['example_setup_teardown_taskflow']) retrieved from /home/azfarmustafa/airflow_tutorial/.venv/lib/python3.10/site-packages/airflow/example_dags/example_setup_teardown_taskflow.py
[2023-11-24T10:56:43.232+0800] {logging_mixin.py:154} INFO - [2023-11-24T10:56:43.232+0800] {dag.py:2941} INFO - Sync 1 DAGs
[2023-11-24T10:56:43.249+0800] {logging_mixin.py:154} INFO - [2023-11-24T10:56:43.249+0800] {dag.py:3722} INFO - Setting next_dagrun for example_setup_teardown_taskflow to 2023-11-23T02:56:43.248787+00:00, run_after=2023-11-24T02:56:43.248787+00:00
[2023-11-24T10:56:43.276+0800] {processor.py:179} INFO - Processing /home/azfarmustafa/airflow_tutorial/.venv/lib/python3.10/site-packages/airflow/example_dags/example_setup_teardown_taskflow.py took 0.073 seconds
[2023-11-24T10:57:28.373+0800] {processor.py:157} INFO - Started process (PID=60673) to work on /home/azfarmustafa/airflow_tutorial/.venv/lib/python3.10/site-packages/airflow/example_dags/example_setup_teardown_taskflow.py
[2023-11-24T10:57:28.375+0800] {processor.py:829} INFO - Processing file /home/azfarmustafa/airflow_tutorial/.venv/lib/python3.10/site-packages/airflow/example_dags/example_setup_teardown_taskflow.py for tasks to queue
[2023-11-24T10:57:28.375+0800] {logging_mixin.py:154} INFO - [2023-11-24T10:57:28.375+0800] {dagbag.py:536} INFO - Filling up the DagBag from /home/azfarmustafa/airflow_tutorial/.venv/lib/python3.10/site-packages/airflow/example_dags/example_setup_teardown_taskflow.py
[2023-11-24T10:57:28.384+0800] {processor.py:839} INFO - DAG(s) dict_keys(['example_setup_teardown_taskflow']) retrieved from /home/azfarmustafa/airflow_tutorial/.venv/lib/python3.10/site-packages/airflow/example_dags/example_setup_teardown_taskflow.py
[2023-11-24T10:57:28.398+0800] {logging_mixin.py:154} INFO - [2023-11-24T10:57:28.398+0800] {dag.py:2941} INFO - Sync 1 DAGs
[2023-11-24T10:57:28.414+0800] {logging_mixin.py:154} INFO - [2023-11-24T10:57:28.414+0800] {dag.py:3722} INFO - Setting next_dagrun for example_setup_teardown_taskflow to 2023-11-23T02:57:28.414256+00:00, run_after=2023-11-24T02:57:28.414256+00:00
[2023-11-24T10:57:28.436+0800] {processor.py:179} INFO - Processing /home/azfarmustafa/airflow_tutorial/.venv/lib/python3.10/site-packages/airflow/example_dags/example_setup_teardown_taskflow.py took 0.066 seconds
[2023-11-24T10:58:10.988+0800] {processor.py:157} INFO - Started process (PID=60717) to work on /home/azfarmustafa/airflow_tutorial/.venv/lib/python3.10/site-packages/airflow/example_dags/example_setup_teardown_taskflow.py
[2023-11-24T10:58:10.992+0800] {processor.py:829} INFO - Processing file /home/azfarmustafa/airflow_tutorial/.venv/lib/python3.10/site-packages/airflow/example_dags/example_setup_teardown_taskflow.py for tasks to queue
[2023-11-24T10:58:10.993+0800] {logging_mixin.py:154} INFO - [2023-11-24T10:58:10.993+0800] {dagbag.py:536} INFO - Filling up the DagBag from /home/azfarmustafa/airflow_tutorial/.venv/lib/python3.10/site-packages/airflow/example_dags/example_setup_teardown_taskflow.py
[2023-11-24T10:58:11.001+0800] {processor.py:839} INFO - DAG(s) dict_keys(['example_setup_teardown_taskflow']) retrieved from /home/azfarmustafa/airflow_tutorial/.venv/lib/python3.10/site-packages/airflow/example_dags/example_setup_teardown_taskflow.py
[2023-11-24T10:58:11.016+0800] {logging_mixin.py:154} INFO - [2023-11-24T10:58:11.016+0800] {dag.py:2941} INFO - Sync 1 DAGs
[2023-11-24T10:58:11.034+0800] {logging_mixin.py:154} INFO - [2023-11-24T10:58:11.033+0800] {dag.py:3722} INFO - Setting next_dagrun for example_setup_teardown_taskflow to 2023-11-23T02:58:11.032888+00:00, run_after=2023-11-24T02:58:11.032888+00:00
[2023-11-24T10:58:11.059+0800] {processor.py:179} INFO - Processing /home/azfarmustafa/airflow_tutorial/.venv/lib/python3.10/site-packages/airflow/example_dags/example_setup_teardown_taskflow.py took 0.076 seconds
[2023-11-24T10:58:57.478+0800] {processor.py:157} INFO - Started process (PID=60765) to work on /home/azfarmustafa/airflow_tutorial/.venv/lib/python3.10/site-packages/airflow/example_dags/example_setup_teardown_taskflow.py
[2023-11-24T10:58:57.483+0800] {processor.py:829} INFO - Processing file /home/azfarmustafa/airflow_tutorial/.venv/lib/python3.10/site-packages/airflow/example_dags/example_setup_teardown_taskflow.py for tasks to queue
[2023-11-24T10:58:57.484+0800] {logging_mixin.py:154} INFO - [2023-11-24T10:58:57.484+0800] {dagbag.py:536} INFO - Filling up the DagBag from /home/azfarmustafa/airflow_tutorial/.venv/lib/python3.10/site-packages/airflow/example_dags/example_setup_teardown_taskflow.py
[2023-11-24T10:58:57.494+0800] {processor.py:839} INFO - DAG(s) dict_keys(['example_setup_teardown_taskflow']) retrieved from /home/azfarmustafa/airflow_tutorial/.venv/lib/python3.10/site-packages/airflow/example_dags/example_setup_teardown_taskflow.py
[2023-11-24T10:58:57.509+0800] {logging_mixin.py:154} INFO - [2023-11-24T10:58:57.509+0800] {dag.py:2941} INFO - Sync 1 DAGs
[2023-11-24T10:58:57.527+0800] {logging_mixin.py:154} INFO - [2023-11-24T10:58:57.527+0800] {dag.py:3722} INFO - Setting next_dagrun for example_setup_teardown_taskflow to 2023-11-23T02:58:57.527421+00:00, run_after=2023-11-24T02:58:57.527421+00:00
[2023-11-24T10:58:57.554+0800] {processor.py:179} INFO - Processing /home/azfarmustafa/airflow_tutorial/.venv/lib/python3.10/site-packages/airflow/example_dags/example_setup_teardown_taskflow.py took 0.079 seconds
[2023-11-24T10:59:45.003+0800] {processor.py:157} INFO - Started process (PID=60819) to work on /home/azfarmustafa/airflow_tutorial/.venv/lib/python3.10/site-packages/airflow/example_dags/example_setup_teardown_taskflow.py
[2023-11-24T10:59:45.008+0800] {processor.py:829} INFO - Processing file /home/azfarmustafa/airflow_tutorial/.venv/lib/python3.10/site-packages/airflow/example_dags/example_setup_teardown_taskflow.py for tasks to queue
[2023-11-24T10:59:45.009+0800] {logging_mixin.py:154} INFO - [2023-11-24T10:59:45.009+0800] {dagbag.py:536} INFO - Filling up the DagBag from /home/azfarmustafa/airflow_tutorial/.venv/lib/python3.10/site-packages/airflow/example_dags/example_setup_teardown_taskflow.py
[2023-11-24T10:59:45.019+0800] {processor.py:839} INFO - DAG(s) dict_keys(['example_setup_teardown_taskflow']) retrieved from /home/azfarmustafa/airflow_tutorial/.venv/lib/python3.10/site-packages/airflow/example_dags/example_setup_teardown_taskflow.py
[2023-11-24T10:59:45.037+0800] {logging_mixin.py:154} INFO - [2023-11-24T10:59:45.037+0800] {dag.py:2941} INFO - Sync 1 DAGs
[2023-11-24T10:59:45.059+0800] {logging_mixin.py:154} INFO - [2023-11-24T10:59:45.059+0800] {dag.py:3722} INFO - Setting next_dagrun for example_setup_teardown_taskflow to 2023-11-23T02:59:45.059047+00:00, run_after=2023-11-24T02:59:45.059047+00:00
[2023-11-24T10:59:45.093+0800] {processor.py:179} INFO - Processing /home/azfarmustafa/airflow_tutorial/.venv/lib/python3.10/site-packages/airflow/example_dags/example_setup_teardown_taskflow.py took 0.094 seconds
[2023-11-24T11:00:27.645+0800] {processor.py:157} INFO - Started process (PID=60865) to work on /home/azfarmustafa/airflow_tutorial/.venv/lib/python3.10/site-packages/airflow/example_dags/example_setup_teardown_taskflow.py
[2023-11-24T11:00:27.647+0800] {processor.py:829} INFO - Processing file /home/azfarmustafa/airflow_tutorial/.venv/lib/python3.10/site-packages/airflow/example_dags/example_setup_teardown_taskflow.py for tasks to queue
[2023-11-24T11:00:27.648+0800] {logging_mixin.py:154} INFO - [2023-11-24T11:00:27.647+0800] {dagbag.py:536} INFO - Filling up the DagBag from /home/azfarmustafa/airflow_tutorial/.venv/lib/python3.10/site-packages/airflow/example_dags/example_setup_teardown_taskflow.py
[2023-11-24T11:00:27.661+0800] {processor.py:839} INFO - DAG(s) dict_keys(['example_setup_teardown_taskflow']) retrieved from /home/azfarmustafa/airflow_tutorial/.venv/lib/python3.10/site-packages/airflow/example_dags/example_setup_teardown_taskflow.py
[2023-11-24T11:00:27.676+0800] {logging_mixin.py:154} INFO - [2023-11-24T11:00:27.676+0800] {dag.py:2941} INFO - Sync 1 DAGs
[2023-11-24T11:00:27.694+0800] {logging_mixin.py:154} INFO - [2023-11-24T11:00:27.694+0800] {dag.py:3722} INFO - Setting next_dagrun for example_setup_teardown_taskflow to 2023-11-23T03:00:27.694138+00:00, run_after=2023-11-24T03:00:27.694138+00:00
[2023-11-24T11:00:27.722+0800] {processor.py:179} INFO - Processing /home/azfarmustafa/airflow_tutorial/.venv/lib/python3.10/site-packages/airflow/example_dags/example_setup_teardown_taskflow.py took 0.080 seconds
[2023-11-24T11:01:12.896+0800] {processor.py:157} INFO - Started process (PID=60911) to work on /home/azfarmustafa/airflow_tutorial/.venv/lib/python3.10/site-packages/airflow/example_dags/example_setup_teardown_taskflow.py
[2023-11-24T11:01:12.900+0800] {processor.py:829} INFO - Processing file /home/azfarmustafa/airflow_tutorial/.venv/lib/python3.10/site-packages/airflow/example_dags/example_setup_teardown_taskflow.py for tasks to queue
[2023-11-24T11:01:12.901+0800] {logging_mixin.py:154} INFO - [2023-11-24T11:01:12.901+0800] {dagbag.py:536} INFO - Filling up the DagBag from /home/azfarmustafa/airflow_tutorial/.venv/lib/python3.10/site-packages/airflow/example_dags/example_setup_teardown_taskflow.py
[2023-11-24T11:01:12.909+0800] {processor.py:839} INFO - DAG(s) dict_keys(['example_setup_teardown_taskflow']) retrieved from /home/azfarmustafa/airflow_tutorial/.venv/lib/python3.10/site-packages/airflow/example_dags/example_setup_teardown_taskflow.py
[2023-11-24T11:01:12.933+0800] {logging_mixin.py:154} INFO - [2023-11-24T11:01:12.933+0800] {dag.py:2941} INFO - Sync 1 DAGs
[2023-11-24T11:01:12.953+0800] {logging_mixin.py:154} INFO - [2023-11-24T11:01:12.953+0800] {dag.py:3722} INFO - Setting next_dagrun for example_setup_teardown_taskflow to 2023-11-23T03:01:12.953027+00:00, run_after=2023-11-24T03:01:12.953027+00:00
[2023-11-24T11:01:12.978+0800] {processor.py:179} INFO - Processing /home/azfarmustafa/airflow_tutorial/.venv/lib/python3.10/site-packages/airflow/example_dags/example_setup_teardown_taskflow.py took 0.084 seconds
[2023-11-24T11:01:58.978+0800] {processor.py:157} INFO - Started process (PID=60958) to work on /home/azfarmustafa/airflow_tutorial/.venv/lib/python3.10/site-packages/airflow/example_dags/example_setup_teardown_taskflow.py
[2023-11-24T11:01:58.982+0800] {processor.py:829} INFO - Processing file /home/azfarmustafa/airflow_tutorial/.venv/lib/python3.10/site-packages/airflow/example_dags/example_setup_teardown_taskflow.py for tasks to queue
[2023-11-24T11:01:58.983+0800] {logging_mixin.py:154} INFO - [2023-11-24T11:01:58.983+0800] {dagbag.py:536} INFO - Filling up the DagBag from /home/azfarmustafa/airflow_tutorial/.venv/lib/python3.10/site-packages/airflow/example_dags/example_setup_teardown_taskflow.py
[2023-11-24T11:01:58.998+0800] {processor.py:839} INFO - DAG(s) dict_keys(['example_setup_teardown_taskflow']) retrieved from /home/azfarmustafa/airflow_tutorial/.venv/lib/python3.10/site-packages/airflow/example_dags/example_setup_teardown_taskflow.py
[2023-11-24T11:01:59.018+0800] {logging_mixin.py:154} INFO - [2023-11-24T11:01:59.018+0800] {dag.py:2941} INFO - Sync 1 DAGs
[2023-11-24T11:01:59.039+0800] {logging_mixin.py:154} INFO - [2023-11-24T11:01:59.039+0800] {dag.py:3722} INFO - Setting next_dagrun for example_setup_teardown_taskflow to 2023-11-23T03:01:59.039044+00:00, run_after=2023-11-24T03:01:59.039044+00:00
[2023-11-24T11:01:59.070+0800] {processor.py:179} INFO - Processing /home/azfarmustafa/airflow_tutorial/.venv/lib/python3.10/site-packages/airflow/example_dags/example_setup_teardown_taskflow.py took 0.095 seconds
[2023-11-24T11:02:43.699+0800] {processor.py:157} INFO - Started process (PID=61004) to work on /home/azfarmustafa/airflow_tutorial/.venv/lib/python3.10/site-packages/airflow/example_dags/example_setup_teardown_taskflow.py
[2023-11-24T11:02:43.704+0800] {processor.py:829} INFO - Processing file /home/azfarmustafa/airflow_tutorial/.venv/lib/python3.10/site-packages/airflow/example_dags/example_setup_teardown_taskflow.py for tasks to queue
[2023-11-24T11:02:43.706+0800] {logging_mixin.py:154} INFO - [2023-11-24T11:02:43.705+0800] {dagbag.py:536} INFO - Filling up the DagBag from /home/azfarmustafa/airflow_tutorial/.venv/lib/python3.10/site-packages/airflow/example_dags/example_setup_teardown_taskflow.py
[2023-11-24T11:02:43.714+0800] {processor.py:839} INFO - DAG(s) dict_keys(['example_setup_teardown_taskflow']) retrieved from /home/azfarmustafa/airflow_tutorial/.venv/lib/python3.10/site-packages/airflow/example_dags/example_setup_teardown_taskflow.py
[2023-11-24T11:02:43.733+0800] {logging_mixin.py:154} INFO - [2023-11-24T11:02:43.733+0800] {dag.py:2941} INFO - Sync 1 DAGs
[2023-11-24T11:02:43.756+0800] {logging_mixin.py:154} INFO - [2023-11-24T11:02:43.756+0800] {dag.py:3722} INFO - Setting next_dagrun for example_setup_teardown_taskflow to 2023-11-23T03:02:43.755960+00:00, run_after=2023-11-24T03:02:43.755960+00:00
[2023-11-24T11:02:43.785+0800] {processor.py:179} INFO - Processing /home/azfarmustafa/airflow_tutorial/.venv/lib/python3.10/site-packages/airflow/example_dags/example_setup_teardown_taskflow.py took 0.090 seconds
[2023-11-24T11:03:31.474+0800] {processor.py:157} INFO - Started process (PID=61055) to work on /home/azfarmustafa/airflow_tutorial/.venv/lib/python3.10/site-packages/airflow/example_dags/example_setup_teardown_taskflow.py
[2023-11-24T11:03:31.478+0800] {processor.py:829} INFO - Processing file /home/azfarmustafa/airflow_tutorial/.venv/lib/python3.10/site-packages/airflow/example_dags/example_setup_teardown_taskflow.py for tasks to queue
[2023-11-24T11:03:31.480+0800] {logging_mixin.py:154} INFO - [2023-11-24T11:03:31.479+0800] {dagbag.py:536} INFO - Filling up the DagBag from /home/azfarmustafa/airflow_tutorial/.venv/lib/python3.10/site-packages/airflow/example_dags/example_setup_teardown_taskflow.py
[2023-11-24T11:03:31.493+0800] {processor.py:839} INFO - DAG(s) dict_keys(['example_setup_teardown_taskflow']) retrieved from /home/azfarmustafa/airflow_tutorial/.venv/lib/python3.10/site-packages/airflow/example_dags/example_setup_teardown_taskflow.py
[2023-11-24T11:03:31.515+0800] {logging_mixin.py:154} INFO - [2023-11-24T11:03:31.515+0800] {dag.py:2941} INFO - Sync 1 DAGs
[2023-11-24T11:03:31.540+0800] {logging_mixin.py:154} INFO - [2023-11-24T11:03:31.540+0800] {dag.py:3722} INFO - Setting next_dagrun for example_setup_teardown_taskflow to 2023-11-23T03:03:31.540024+00:00, run_after=2023-11-24T03:03:31.540024+00:00
[2023-11-24T11:03:31.579+0800] {processor.py:179} INFO - Processing /home/azfarmustafa/airflow_tutorial/.venv/lib/python3.10/site-packages/airflow/example_dags/example_setup_teardown_taskflow.py took 0.109 seconds
[2023-11-24T11:04:16.804+0800] {processor.py:157} INFO - Started process (PID=61104) to work on /home/azfarmustafa/airflow_tutorial/.venv/lib/python3.10/site-packages/airflow/example_dags/example_setup_teardown_taskflow.py
[2023-11-24T11:04:16.806+0800] {processor.py:829} INFO - Processing file /home/azfarmustafa/airflow_tutorial/.venv/lib/python3.10/site-packages/airflow/example_dags/example_setup_teardown_taskflow.py for tasks to queue
[2023-11-24T11:04:16.806+0800] {logging_mixin.py:154} INFO - [2023-11-24T11:04:16.806+0800] {dagbag.py:536} INFO - Filling up the DagBag from /home/azfarmustafa/airflow_tutorial/.venv/lib/python3.10/site-packages/airflow/example_dags/example_setup_teardown_taskflow.py
[2023-11-24T11:04:16.815+0800] {processor.py:839} INFO - DAG(s) dict_keys(['example_setup_teardown_taskflow']) retrieved from /home/azfarmustafa/airflow_tutorial/.venv/lib/python3.10/site-packages/airflow/example_dags/example_setup_teardown_taskflow.py
[2023-11-24T11:04:16.835+0800] {logging_mixin.py:154} INFO - [2023-11-24T11:04:16.834+0800] {dag.py:2941} INFO - Sync 1 DAGs
[2023-11-24T11:04:16.858+0800] {logging_mixin.py:154} INFO - [2023-11-24T11:04:16.857+0800] {dag.py:3722} INFO - Setting next_dagrun for example_setup_teardown_taskflow to 2023-11-23T03:04:16.857437+00:00, run_after=2023-11-24T03:04:16.857437+00:00
[2023-11-24T11:04:16.885+0800] {processor.py:179} INFO - Processing /home/azfarmustafa/airflow_tutorial/.venv/lib/python3.10/site-packages/airflow/example_dags/example_setup_teardown_taskflow.py took 0.083 seconds
