[2023-11-24T10:26:13.369+0800] {processor.py:157} INFO - Started process (PID=58733) to work on /home/azfarmustafa/airflow_tutorial/.venv/lib/python3.10/site-packages/airflow/example_dags/example_short_circuit_decorator.py
[2023-11-24T10:26:13.371+0800] {processor.py:829} INFO - Processing file /home/azfarmustafa/airflow_tutorial/.venv/lib/python3.10/site-packages/airflow/example_dags/example_short_circuit_decorator.py for tasks to queue
[2023-11-24T10:26:13.372+0800] {logging_mixin.py:154} INFO - [2023-11-24T10:26:13.372+0800] {dagbag.py:536} INFO - Filling up the DagBag from /home/azfarmustafa/airflow_tutorial/.venv/lib/python3.10/site-packages/airflow/example_dags/example_short_circuit_decorator.py
[2023-11-24T10:26:13.383+0800] {processor.py:839} INFO - DAG(s) dict_keys(['example_short_circuit_decorator']) retrieved from /home/azfarmustafa/airflow_tutorial/.venv/lib/python3.10/site-packages/airflow/example_dags/example_short_circuit_decorator.py
[2023-11-24T10:26:13.403+0800] {logging_mixin.py:154} INFO - [2023-11-24T10:26:13.403+0800] {dag.py:2941} INFO - Sync 1 DAGs
[2023-11-24T10:26:13.422+0800] {logging_mixin.py:154} INFO - [2023-11-24T10:26:13.422+0800] {dag.py:3722} INFO - Setting next_dagrun for example_short_circuit_decorator to 2023-11-23T02:26:13.422018+00:00, run_after=2023-11-24T02:26:13.422018+00:00
[2023-11-24T10:26:13.452+0800] {processor.py:179} INFO - Processing /home/azfarmustafa/airflow_tutorial/.venv/lib/python3.10/site-packages/airflow/example_dags/example_short_circuit_decorator.py took 0.086 seconds
[2023-11-24T10:27:03.672+0800] {processor.py:157} INFO - Started process (PID=58790) to work on /home/azfarmustafa/airflow_tutorial/.venv/lib/python3.10/site-packages/airflow/example_dags/example_short_circuit_decorator.py
[2023-11-24T10:27:03.676+0800] {processor.py:829} INFO - Processing file /home/azfarmustafa/airflow_tutorial/.venv/lib/python3.10/site-packages/airflow/example_dags/example_short_circuit_decorator.py for tasks to queue
[2023-11-24T10:27:03.678+0800] {logging_mixin.py:154} INFO - [2023-11-24T10:27:03.678+0800] {dagbag.py:536} INFO - Filling up the DagBag from /home/azfarmustafa/airflow_tutorial/.venv/lib/python3.10/site-packages/airflow/example_dags/example_short_circuit_decorator.py
[2023-11-24T10:27:03.688+0800] {processor.py:839} INFO - DAG(s) dict_keys(['example_short_circuit_decorator']) retrieved from /home/azfarmustafa/airflow_tutorial/.venv/lib/python3.10/site-packages/airflow/example_dags/example_short_circuit_decorator.py
[2023-11-24T10:27:03.704+0800] {logging_mixin.py:154} INFO - [2023-11-24T10:27:03.703+0800] {dag.py:2941} INFO - Sync 1 DAGs
[2023-11-24T10:27:03.722+0800] {logging_mixin.py:154} INFO - [2023-11-24T10:27:03.722+0800] {dag.py:3722} INFO - Setting next_dagrun for example_short_circuit_decorator to 2023-11-23T02:27:03.722157+00:00, run_after=2023-11-24T02:27:03.722157+00:00
[2023-11-24T10:27:03.751+0800] {processor.py:179} INFO - Processing /home/azfarmustafa/airflow_tutorial/.venv/lib/python3.10/site-packages/airflow/example_dags/example_short_circuit_decorator.py took 0.082 seconds
[2023-11-24T10:27:51.477+0800] {processor.py:157} INFO - Started process (PID=58838) to work on /home/azfarmustafa/airflow_tutorial/.venv/lib/python3.10/site-packages/airflow/example_dags/example_short_circuit_decorator.py
[2023-11-24T10:27:51.478+0800] {processor.py:829} INFO - Processing file /home/azfarmustafa/airflow_tutorial/.venv/lib/python3.10/site-packages/airflow/example_dags/example_short_circuit_decorator.py for tasks to queue
[2023-11-24T10:27:51.479+0800] {logging_mixin.py:154} INFO - [2023-11-24T10:27:51.479+0800] {dagbag.py:536} INFO - Filling up the DagBag from /home/azfarmustafa/airflow_tutorial/.venv/lib/python3.10/site-packages/airflow/example_dags/example_short_circuit_decorator.py
[2023-11-24T10:27:51.498+0800] {processor.py:839} INFO - DAG(s) dict_keys(['example_short_circuit_decorator']) retrieved from /home/azfarmustafa/airflow_tutorial/.venv/lib/python3.10/site-packages/airflow/example_dags/example_short_circuit_decorator.py
[2023-11-24T10:27:51.520+0800] {logging_mixin.py:154} INFO - [2023-11-24T10:27:51.520+0800] {dag.py:2941} INFO - Sync 1 DAGs
[2023-11-24T10:27:51.540+0800] {logging_mixin.py:154} INFO - [2023-11-24T10:27:51.540+0800] {dag.py:3722} INFO - Setting next_dagrun for example_short_circuit_decorator to 2023-11-23T02:27:51.539826+00:00, run_after=2023-11-24T02:27:51.539826+00:00
[2023-11-24T10:27:51.567+0800] {processor.py:179} INFO - Processing /home/azfarmustafa/airflow_tutorial/.venv/lib/python3.10/site-packages/airflow/example_dags/example_short_circuit_decorator.py took 0.093 seconds
[2023-11-24T10:28:37.882+0800] {processor.py:157} INFO - Started process (PID=58890) to work on /home/azfarmustafa/airflow_tutorial/.venv/lib/python3.10/site-packages/airflow/example_dags/example_short_circuit_decorator.py
[2023-11-24T10:28:37.886+0800] {processor.py:829} INFO - Processing file /home/azfarmustafa/airflow_tutorial/.venv/lib/python3.10/site-packages/airflow/example_dags/example_short_circuit_decorator.py for tasks to queue
[2023-11-24T10:28:37.887+0800] {logging_mixin.py:154} INFO - [2023-11-24T10:28:37.887+0800] {dagbag.py:536} INFO - Filling up the DagBag from /home/azfarmustafa/airflow_tutorial/.venv/lib/python3.10/site-packages/airflow/example_dags/example_short_circuit_decorator.py
[2023-11-24T10:28:37.896+0800] {processor.py:839} INFO - DAG(s) dict_keys(['example_short_circuit_decorator']) retrieved from /home/azfarmustafa/airflow_tutorial/.venv/lib/python3.10/site-packages/airflow/example_dags/example_short_circuit_decorator.py
[2023-11-24T10:28:37.912+0800] {logging_mixin.py:154} INFO - [2023-11-24T10:28:37.912+0800] {dag.py:2941} INFO - Sync 1 DAGs
[2023-11-24T10:28:37.932+0800] {logging_mixin.py:154} INFO - [2023-11-24T10:28:37.932+0800] {dag.py:3722} INFO - Setting next_dagrun for example_short_circuit_decorator to 2023-11-23T02:28:37.932019+00:00, run_after=2023-11-24T02:28:37.932019+00:00
[2023-11-24T10:28:37.958+0800] {processor.py:179} INFO - Processing /home/azfarmustafa/airflow_tutorial/.venv/lib/python3.10/site-packages/airflow/example_dags/example_short_circuit_decorator.py took 0.079 seconds
[2023-11-24T10:29:26.983+0800] {processor.py:157} INFO - Started process (PID=58940) to work on /home/azfarmustafa/airflow_tutorial/.venv/lib/python3.10/site-packages/airflow/example_dags/example_short_circuit_decorator.py
[2023-11-24T10:29:26.988+0800] {processor.py:829} INFO - Processing file /home/azfarmustafa/airflow_tutorial/.venv/lib/python3.10/site-packages/airflow/example_dags/example_short_circuit_decorator.py for tasks to queue
[2023-11-24T10:29:26.989+0800] {logging_mixin.py:154} INFO - [2023-11-24T10:29:26.989+0800] {dagbag.py:536} INFO - Filling up the DagBag from /home/azfarmustafa/airflow_tutorial/.venv/lib/python3.10/site-packages/airflow/example_dags/example_short_circuit_decorator.py
[2023-11-24T10:29:27.000+0800] {processor.py:839} INFO - DAG(s) dict_keys(['example_short_circuit_decorator']) retrieved from /home/azfarmustafa/airflow_tutorial/.venv/lib/python3.10/site-packages/airflow/example_dags/example_short_circuit_decorator.py
[2023-11-24T10:29:27.017+0800] {logging_mixin.py:154} INFO - [2023-11-24T10:29:27.017+0800] {dag.py:2941} INFO - Sync 1 DAGs
[2023-11-24T10:29:27.035+0800] {logging_mixin.py:154} INFO - [2023-11-24T10:29:27.035+0800] {dag.py:3722} INFO - Setting next_dagrun for example_short_circuit_decorator to 2023-11-23T02:29:27.035472+00:00, run_after=2023-11-24T02:29:27.035472+00:00
[2023-11-24T10:29:27.065+0800] {processor.py:179} INFO - Processing /home/azfarmustafa/airflow_tutorial/.venv/lib/python3.10/site-packages/airflow/example_dags/example_short_circuit_decorator.py took 0.085 seconds
[2023-11-24T10:30:13.594+0800] {processor.py:157} INFO - Started process (PID=58988) to work on /home/azfarmustafa/airflow_tutorial/.venv/lib/python3.10/site-packages/airflow/example_dags/example_short_circuit_decorator.py
[2023-11-24T10:30:13.599+0800] {processor.py:829} INFO - Processing file /home/azfarmustafa/airflow_tutorial/.venv/lib/python3.10/site-packages/airflow/example_dags/example_short_circuit_decorator.py for tasks to queue
[2023-11-24T10:30:13.599+0800] {logging_mixin.py:154} INFO - [2023-11-24T10:30:13.599+0800] {dagbag.py:536} INFO - Filling up the DagBag from /home/azfarmustafa/airflow_tutorial/.venv/lib/python3.10/site-packages/airflow/example_dags/example_short_circuit_decorator.py
[2023-11-24T10:30:13.607+0800] {processor.py:839} INFO - DAG(s) dict_keys(['example_short_circuit_decorator']) retrieved from /home/azfarmustafa/airflow_tutorial/.venv/lib/python3.10/site-packages/airflow/example_dags/example_short_circuit_decorator.py
[2023-11-24T10:30:13.623+0800] {logging_mixin.py:154} INFO - [2023-11-24T10:30:13.623+0800] {dag.py:2941} INFO - Sync 1 DAGs
[2023-11-24T10:30:13.641+0800] {logging_mixin.py:154} INFO - [2023-11-24T10:30:13.641+0800] {dag.py:3722} INFO - Setting next_dagrun for example_short_circuit_decorator to 2023-11-23T02:30:13.640827+00:00, run_after=2023-11-24T02:30:13.640827+00:00
[2023-11-24T10:30:13.672+0800] {processor.py:179} INFO - Processing /home/azfarmustafa/airflow_tutorial/.venv/lib/python3.10/site-packages/airflow/example_dags/example_short_circuit_decorator.py took 0.080 seconds
[2023-11-24T10:31:00.145+0800] {processor.py:157} INFO - Started process (PID=59036) to work on /home/azfarmustafa/airflow_tutorial/.venv/lib/python3.10/site-packages/airflow/example_dags/example_short_circuit_decorator.py
[2023-11-24T10:31:00.146+0800] {processor.py:829} INFO - Processing file /home/azfarmustafa/airflow_tutorial/.venv/lib/python3.10/site-packages/airflow/example_dags/example_short_circuit_decorator.py for tasks to queue
[2023-11-24T10:31:00.147+0800] {logging_mixin.py:154} INFO - [2023-11-24T10:31:00.147+0800] {dagbag.py:536} INFO - Filling up the DagBag from /home/azfarmustafa/airflow_tutorial/.venv/lib/python3.10/site-packages/airflow/example_dags/example_short_circuit_decorator.py
[2023-11-24T10:31:00.161+0800] {processor.py:839} INFO - DAG(s) dict_keys(['example_short_circuit_decorator']) retrieved from /home/azfarmustafa/airflow_tutorial/.venv/lib/python3.10/site-packages/airflow/example_dags/example_short_circuit_decorator.py
[2023-11-24T10:31:00.203+0800] {logging_mixin.py:154} INFO - [2023-11-24T10:31:00.203+0800] {dag.py:2941} INFO - Sync 1 DAGs
[2023-11-24T10:31:00.221+0800] {logging_mixin.py:154} INFO - [2023-11-24T10:31:00.220+0800] {dag.py:3722} INFO - Setting next_dagrun for example_short_circuit_decorator to 2023-11-23T02:31:00.220733+00:00, run_after=2023-11-24T02:31:00.220733+00:00
[2023-11-24T10:31:00.246+0800] {processor.py:179} INFO - Processing /home/azfarmustafa/airflow_tutorial/.venv/lib/python3.10/site-packages/airflow/example_dags/example_short_circuit_decorator.py took 0.104 seconds
[2023-11-24T10:31:49.232+0800] {processor.py:157} INFO - Started process (PID=59086) to work on /home/azfarmustafa/airflow_tutorial/.venv/lib/python3.10/site-packages/airflow/example_dags/example_short_circuit_decorator.py
[2023-11-24T10:31:49.237+0800] {processor.py:829} INFO - Processing file /home/azfarmustafa/airflow_tutorial/.venv/lib/python3.10/site-packages/airflow/example_dags/example_short_circuit_decorator.py for tasks to queue
[2023-11-24T10:31:49.237+0800] {logging_mixin.py:154} INFO - [2023-11-24T10:31:49.237+0800] {dagbag.py:536} INFO - Filling up the DagBag from /home/azfarmustafa/airflow_tutorial/.venv/lib/python3.10/site-packages/airflow/example_dags/example_short_circuit_decorator.py
[2023-11-24T10:31:49.245+0800] {processor.py:839} INFO - DAG(s) dict_keys(['example_short_circuit_decorator']) retrieved from /home/azfarmustafa/airflow_tutorial/.venv/lib/python3.10/site-packages/airflow/example_dags/example_short_circuit_decorator.py
[2023-11-24T10:31:49.261+0800] {logging_mixin.py:154} INFO - [2023-11-24T10:31:49.261+0800] {dag.py:2941} INFO - Sync 1 DAGs
[2023-11-24T10:31:49.279+0800] {logging_mixin.py:154} INFO - [2023-11-24T10:31:49.278+0800] {dag.py:3722} INFO - Setting next_dagrun for example_short_circuit_decorator to 2023-11-23T02:31:49.278590+00:00, run_after=2023-11-24T02:31:49.278590+00:00
[2023-11-24T10:31:49.301+0800] {processor.py:179} INFO - Processing /home/azfarmustafa/airflow_tutorial/.venv/lib/python3.10/site-packages/airflow/example_dags/example_short_circuit_decorator.py took 0.071 seconds
[2023-11-24T10:32:36.990+0800] {processor.py:157} INFO - Started process (PID=59133) to work on /home/azfarmustafa/airflow_tutorial/.venv/lib/python3.10/site-packages/airflow/example_dags/example_short_circuit_decorator.py
[2023-11-24T10:32:36.995+0800] {processor.py:829} INFO - Processing file /home/azfarmustafa/airflow_tutorial/.venv/lib/python3.10/site-packages/airflow/example_dags/example_short_circuit_decorator.py for tasks to queue
[2023-11-24T10:32:36.996+0800] {logging_mixin.py:154} INFO - [2023-11-24T10:32:36.996+0800] {dagbag.py:536} INFO - Filling up the DagBag from /home/azfarmustafa/airflow_tutorial/.venv/lib/python3.10/site-packages/airflow/example_dags/example_short_circuit_decorator.py
[2023-11-24T10:32:37.006+0800] {processor.py:839} INFO - DAG(s) dict_keys(['example_short_circuit_decorator']) retrieved from /home/azfarmustafa/airflow_tutorial/.venv/lib/python3.10/site-packages/airflow/example_dags/example_short_circuit_decorator.py
[2023-11-24T10:32:37.021+0800] {logging_mixin.py:154} INFO - [2023-11-24T10:32:37.021+0800] {dag.py:2941} INFO - Sync 1 DAGs
[2023-11-24T10:32:37.038+0800] {logging_mixin.py:154} INFO - [2023-11-24T10:32:37.038+0800] {dag.py:3722} INFO - Setting next_dagrun for example_short_circuit_decorator to 2023-11-23T02:32:37.038119+00:00, run_after=2023-11-24T02:32:37.038119+00:00
[2023-11-24T10:32:37.062+0800] {processor.py:179} INFO - Processing /home/azfarmustafa/airflow_tutorial/.venv/lib/python3.10/site-packages/airflow/example_dags/example_short_circuit_decorator.py took 0.076 seconds
[2023-11-24T10:33:27.215+0800] {processor.py:157} INFO - Started process (PID=59183) to work on /home/azfarmustafa/airflow_tutorial/.venv/lib/python3.10/site-packages/airflow/example_dags/example_short_circuit_decorator.py
[2023-11-24T10:33:27.220+0800] {processor.py:829} INFO - Processing file /home/azfarmustafa/airflow_tutorial/.venv/lib/python3.10/site-packages/airflow/example_dags/example_short_circuit_decorator.py for tasks to queue
[2023-11-24T10:33:27.220+0800] {logging_mixin.py:154} INFO - [2023-11-24T10:33:27.220+0800] {dagbag.py:536} INFO - Filling up the DagBag from /home/azfarmustafa/airflow_tutorial/.venv/lib/python3.10/site-packages/airflow/example_dags/example_short_circuit_decorator.py
[2023-11-24T10:33:27.228+0800] {processor.py:839} INFO - DAG(s) dict_keys(['example_short_circuit_decorator']) retrieved from /home/azfarmustafa/airflow_tutorial/.venv/lib/python3.10/site-packages/airflow/example_dags/example_short_circuit_decorator.py
[2023-11-24T10:33:27.248+0800] {logging_mixin.py:154} INFO - [2023-11-24T10:33:27.248+0800] {dag.py:2941} INFO - Sync 1 DAGs
[2023-11-24T10:33:27.268+0800] {logging_mixin.py:154} INFO - [2023-11-24T10:33:27.267+0800] {dag.py:3722} INFO - Setting next_dagrun for example_short_circuit_decorator to 2023-11-23T02:33:27.267547+00:00, run_after=2023-11-24T02:33:27.267547+00:00
[2023-11-24T10:33:27.292+0800] {processor.py:179} INFO - Processing /home/azfarmustafa/airflow_tutorial/.venv/lib/python3.10/site-packages/airflow/example_dags/example_short_circuit_decorator.py took 0.080 seconds
[2023-11-24T10:34:20.139+0800] {processor.py:157} INFO - Started process (PID=59235) to work on /home/azfarmustafa/airflow_tutorial/.venv/lib/python3.10/site-packages/airflow/example_dags/example_short_circuit_decorator.py
[2023-11-24T10:34:20.143+0800] {processor.py:829} INFO - Processing file /home/azfarmustafa/airflow_tutorial/.venv/lib/python3.10/site-packages/airflow/example_dags/example_short_circuit_decorator.py for tasks to queue
[2023-11-24T10:34:20.144+0800] {logging_mixin.py:154} INFO - [2023-11-24T10:34:20.143+0800] {dagbag.py:536} INFO - Filling up the DagBag from /home/azfarmustafa/airflow_tutorial/.venv/lib/python3.10/site-packages/airflow/example_dags/example_short_circuit_decorator.py
[2023-11-24T10:34:20.154+0800] {processor.py:839} INFO - DAG(s) dict_keys(['example_short_circuit_decorator']) retrieved from /home/azfarmustafa/airflow_tutorial/.venv/lib/python3.10/site-packages/airflow/example_dags/example_short_circuit_decorator.py
[2023-11-24T10:34:20.174+0800] {logging_mixin.py:154} INFO - [2023-11-24T10:34:20.173+0800] {dag.py:2941} INFO - Sync 1 DAGs
[2023-11-24T10:34:20.197+0800] {logging_mixin.py:154} INFO - [2023-11-24T10:34:20.197+0800] {dag.py:3722} INFO - Setting next_dagrun for example_short_circuit_decorator to 2023-11-23T02:34:20.197204+00:00, run_after=2023-11-24T02:34:20.197204+00:00
[2023-11-24T10:34:20.226+0800] {processor.py:179} INFO - Processing /home/azfarmustafa/airflow_tutorial/.venv/lib/python3.10/site-packages/airflow/example_dags/example_short_circuit_decorator.py took 0.091 seconds
[2023-11-24T10:35:04.709+0800] {processor.py:157} INFO - Started process (PID=59287) to work on /home/azfarmustafa/airflow_tutorial/.venv/lib/python3.10/site-packages/airflow/example_dags/example_short_circuit_decorator.py
[2023-11-24T10:35:04.714+0800] {processor.py:829} INFO - Processing file /home/azfarmustafa/airflow_tutorial/.venv/lib/python3.10/site-packages/airflow/example_dags/example_short_circuit_decorator.py for tasks to queue
[2023-11-24T10:35:04.715+0800] {logging_mixin.py:154} INFO - [2023-11-24T10:35:04.715+0800] {dagbag.py:536} INFO - Filling up the DagBag from /home/azfarmustafa/airflow_tutorial/.venv/lib/python3.10/site-packages/airflow/example_dags/example_short_circuit_decorator.py
[2023-11-24T10:35:04.723+0800] {processor.py:839} INFO - DAG(s) dict_keys(['example_short_circuit_decorator']) retrieved from /home/azfarmustafa/airflow_tutorial/.venv/lib/python3.10/site-packages/airflow/example_dags/example_short_circuit_decorator.py
[2023-11-24T10:35:04.739+0800] {logging_mixin.py:154} INFO - [2023-11-24T10:35:04.739+0800] {dag.py:2941} INFO - Sync 1 DAGs
[2023-11-24T10:35:04.760+0800] {logging_mixin.py:154} INFO - [2023-11-24T10:35:04.760+0800] {dag.py:3722} INFO - Setting next_dagrun for example_short_circuit_decorator to 2023-11-23T02:35:04.760165+00:00, run_after=2023-11-24T02:35:04.760165+00:00
[2023-11-24T10:35:04.789+0800] {processor.py:179} INFO - Processing /home/azfarmustafa/airflow_tutorial/.venv/lib/python3.10/site-packages/airflow/example_dags/example_short_circuit_decorator.py took 0.082 seconds
[2023-11-24T10:35:51.389+0800] {processor.py:157} INFO - Started process (PID=59336) to work on /home/azfarmustafa/airflow_tutorial/.venv/lib/python3.10/site-packages/airflow/example_dags/example_short_circuit_decorator.py
[2023-11-24T10:35:51.393+0800] {processor.py:829} INFO - Processing file /home/azfarmustafa/airflow_tutorial/.venv/lib/python3.10/site-packages/airflow/example_dags/example_short_circuit_decorator.py for tasks to queue
[2023-11-24T10:35:51.394+0800] {logging_mixin.py:154} INFO - [2023-11-24T10:35:51.394+0800] {dagbag.py:536} INFO - Filling up the DagBag from /home/azfarmustafa/airflow_tutorial/.venv/lib/python3.10/site-packages/airflow/example_dags/example_short_circuit_decorator.py
[2023-11-24T10:35:51.403+0800] {processor.py:839} INFO - DAG(s) dict_keys(['example_short_circuit_decorator']) retrieved from /home/azfarmustafa/airflow_tutorial/.venv/lib/python3.10/site-packages/airflow/example_dags/example_short_circuit_decorator.py
[2023-11-24T10:35:51.420+0800] {logging_mixin.py:154} INFO - [2023-11-24T10:35:51.420+0800] {dag.py:2941} INFO - Sync 1 DAGs
[2023-11-24T10:35:51.441+0800] {logging_mixin.py:154} INFO - [2023-11-24T10:35:51.441+0800] {dag.py:3722} INFO - Setting next_dagrun for example_short_circuit_decorator to 2023-11-23T02:35:51.440918+00:00, run_after=2023-11-24T02:35:51.440918+00:00
[2023-11-24T10:35:51.470+0800] {processor.py:179} INFO - Processing /home/azfarmustafa/airflow_tutorial/.venv/lib/python3.10/site-packages/airflow/example_dags/example_short_circuit_decorator.py took 0.084 seconds
[2023-11-24T10:36:45.512+0800] {processor.py:157} INFO - Started process (PID=59393) to work on /home/azfarmustafa/airflow_tutorial/.venv/lib/python3.10/site-packages/airflow/example_dags/example_short_circuit_decorator.py
[2023-11-24T10:36:45.516+0800] {processor.py:829} INFO - Processing file /home/azfarmustafa/airflow_tutorial/.venv/lib/python3.10/site-packages/airflow/example_dags/example_short_circuit_decorator.py for tasks to queue
[2023-11-24T10:36:45.518+0800] {logging_mixin.py:154} INFO - [2023-11-24T10:36:45.517+0800] {dagbag.py:536} INFO - Filling up the DagBag from /home/azfarmustafa/airflow_tutorial/.venv/lib/python3.10/site-packages/airflow/example_dags/example_short_circuit_decorator.py
[2023-11-24T10:36:45.526+0800] {processor.py:839} INFO - DAG(s) dict_keys(['example_short_circuit_decorator']) retrieved from /home/azfarmustafa/airflow_tutorial/.venv/lib/python3.10/site-packages/airflow/example_dags/example_short_circuit_decorator.py
[2023-11-24T10:36:45.543+0800] {logging_mixin.py:154} INFO - [2023-11-24T10:36:45.543+0800] {dag.py:2941} INFO - Sync 1 DAGs
[2023-11-24T10:36:45.565+0800] {logging_mixin.py:154} INFO - [2023-11-24T10:36:45.565+0800] {dag.py:3722} INFO - Setting next_dagrun for example_short_circuit_decorator to 2023-11-23T02:36:45.564559+00:00, run_after=2023-11-24T02:36:45.564559+00:00
[2023-11-24T10:36:45.590+0800] {processor.py:179} INFO - Processing /home/azfarmustafa/airflow_tutorial/.venv/lib/python3.10/site-packages/airflow/example_dags/example_short_circuit_decorator.py took 0.082 seconds
[2023-11-24T10:37:31.887+0800] {processor.py:157} INFO - Started process (PID=59441) to work on /home/azfarmustafa/airflow_tutorial/.venv/lib/python3.10/site-packages/airflow/example_dags/example_short_circuit_decorator.py
[2023-11-24T10:37:31.891+0800] {processor.py:829} INFO - Processing file /home/azfarmustafa/airflow_tutorial/.venv/lib/python3.10/site-packages/airflow/example_dags/example_short_circuit_decorator.py for tasks to queue
[2023-11-24T10:37:31.892+0800] {logging_mixin.py:154} INFO - [2023-11-24T10:37:31.891+0800] {dagbag.py:536} INFO - Filling up the DagBag from /home/azfarmustafa/airflow_tutorial/.venv/lib/python3.10/site-packages/airflow/example_dags/example_short_circuit_decorator.py
[2023-11-24T10:37:31.902+0800] {processor.py:839} INFO - DAG(s) dict_keys(['example_short_circuit_decorator']) retrieved from /home/azfarmustafa/airflow_tutorial/.venv/lib/python3.10/site-packages/airflow/example_dags/example_short_circuit_decorator.py
[2023-11-24T10:37:31.920+0800] {logging_mixin.py:154} INFO - [2023-11-24T10:37:31.919+0800] {dag.py:2941} INFO - Sync 1 DAGs
[2023-11-24T10:37:31.939+0800] {logging_mixin.py:154} INFO - [2023-11-24T10:37:31.939+0800] {dag.py:3722} INFO - Setting next_dagrun for example_short_circuit_decorator to 2023-11-23T02:37:31.939512+00:00, run_after=2023-11-24T02:37:31.939512+00:00
[2023-11-24T10:37:31.967+0800] {processor.py:179} INFO - Processing /home/azfarmustafa/airflow_tutorial/.venv/lib/python3.10/site-packages/airflow/example_dags/example_short_circuit_decorator.py took 0.083 seconds
[2023-11-24T10:38:18.555+0800] {processor.py:157} INFO - Started process (PID=59488) to work on /home/azfarmustafa/airflow_tutorial/.venv/lib/python3.10/site-packages/airflow/example_dags/example_short_circuit_decorator.py
[2023-11-24T10:38:18.560+0800] {processor.py:829} INFO - Processing file /home/azfarmustafa/airflow_tutorial/.venv/lib/python3.10/site-packages/airflow/example_dags/example_short_circuit_decorator.py for tasks to queue
[2023-11-24T10:38:18.561+0800] {logging_mixin.py:154} INFO - [2023-11-24T10:38:18.560+0800] {dagbag.py:536} INFO - Filling up the DagBag from /home/azfarmustafa/airflow_tutorial/.venv/lib/python3.10/site-packages/airflow/example_dags/example_short_circuit_decorator.py
[2023-11-24T10:38:18.568+0800] {processor.py:839} INFO - DAG(s) dict_keys(['example_short_circuit_decorator']) retrieved from /home/azfarmustafa/airflow_tutorial/.venv/lib/python3.10/site-packages/airflow/example_dags/example_short_circuit_decorator.py
[2023-11-24T10:38:18.584+0800] {logging_mixin.py:154} INFO - [2023-11-24T10:38:18.584+0800] {dag.py:2941} INFO - Sync 1 DAGs
[2023-11-24T10:38:18.601+0800] {logging_mixin.py:154} INFO - [2023-11-24T10:38:18.601+0800] {dag.py:3722} INFO - Setting next_dagrun for example_short_circuit_decorator to 2023-11-23T02:38:18.600841+00:00, run_after=2023-11-24T02:38:18.600841+00:00
[2023-11-24T10:38:18.625+0800] {processor.py:179} INFO - Processing /home/azfarmustafa/airflow_tutorial/.venv/lib/python3.10/site-packages/airflow/example_dags/example_short_circuit_decorator.py took 0.073 seconds
[2023-11-24T10:39:08.395+0800] {processor.py:157} INFO - Started process (PID=59537) to work on /home/azfarmustafa/airflow_tutorial/.venv/lib/python3.10/site-packages/airflow/example_dags/example_short_circuit_decorator.py
[2023-11-24T10:39:08.399+0800] {processor.py:829} INFO - Processing file /home/azfarmustafa/airflow_tutorial/.venv/lib/python3.10/site-packages/airflow/example_dags/example_short_circuit_decorator.py for tasks to queue
[2023-11-24T10:39:08.400+0800] {logging_mixin.py:154} INFO - [2023-11-24T10:39:08.400+0800] {dagbag.py:536} INFO - Filling up the DagBag from /home/azfarmustafa/airflow_tutorial/.venv/lib/python3.10/site-packages/airflow/example_dags/example_short_circuit_decorator.py
[2023-11-24T10:39:08.409+0800] {processor.py:839} INFO - DAG(s) dict_keys(['example_short_circuit_decorator']) retrieved from /home/azfarmustafa/airflow_tutorial/.venv/lib/python3.10/site-packages/airflow/example_dags/example_short_circuit_decorator.py
[2023-11-24T10:39:08.431+0800] {logging_mixin.py:154} INFO - [2023-11-24T10:39:08.430+0800] {dag.py:2941} INFO - Sync 1 DAGs
[2023-11-24T10:39:08.449+0800] {logging_mixin.py:154} INFO - [2023-11-24T10:39:08.449+0800] {dag.py:3722} INFO - Setting next_dagrun for example_short_circuit_decorator to 2023-11-23T02:39:08.449331+00:00, run_after=2023-11-24T02:39:08.449331+00:00
[2023-11-24T10:39:08.476+0800] {processor.py:179} INFO - Processing /home/azfarmustafa/airflow_tutorial/.venv/lib/python3.10/site-packages/airflow/example_dags/example_short_circuit_decorator.py took 0.085 seconds
[2023-11-24T10:39:59.021+0800] {processor.py:157} INFO - Started process (PID=59587) to work on /home/azfarmustafa/airflow_tutorial/.venv/lib/python3.10/site-packages/airflow/example_dags/example_short_circuit_decorator.py
[2023-11-24T10:39:59.025+0800] {processor.py:829} INFO - Processing file /home/azfarmustafa/airflow_tutorial/.venv/lib/python3.10/site-packages/airflow/example_dags/example_short_circuit_decorator.py for tasks to queue
[2023-11-24T10:39:59.026+0800] {logging_mixin.py:154} INFO - [2023-11-24T10:39:59.026+0800] {dagbag.py:536} INFO - Filling up the DagBag from /home/azfarmustafa/airflow_tutorial/.venv/lib/python3.10/site-packages/airflow/example_dags/example_short_circuit_decorator.py
[2023-11-24T10:39:59.036+0800] {processor.py:839} INFO - DAG(s) dict_keys(['example_short_circuit_decorator']) retrieved from /home/azfarmustafa/airflow_tutorial/.venv/lib/python3.10/site-packages/airflow/example_dags/example_short_circuit_decorator.py
[2023-11-24T10:39:59.053+0800] {logging_mixin.py:154} INFO - [2023-11-24T10:39:59.052+0800] {dag.py:2941} INFO - Sync 1 DAGs
[2023-11-24T10:39:59.071+0800] {logging_mixin.py:154} INFO - [2023-11-24T10:39:59.071+0800] {dag.py:3722} INFO - Setting next_dagrun for example_short_circuit_decorator to 2023-11-23T02:39:59.071333+00:00, run_after=2023-11-24T02:39:59.071333+00:00
[2023-11-24T10:39:59.097+0800] {processor.py:179} INFO - Processing /home/azfarmustafa/airflow_tutorial/.venv/lib/python3.10/site-packages/airflow/example_dags/example_short_circuit_decorator.py took 0.079 seconds
[2023-11-24T10:40:44.209+0800] {processor.py:157} INFO - Started process (PID=59634) to work on /home/azfarmustafa/airflow_tutorial/.venv/lib/python3.10/site-packages/airflow/example_dags/example_short_circuit_decorator.py
[2023-11-24T10:40:44.211+0800] {processor.py:829} INFO - Processing file /home/azfarmustafa/airflow_tutorial/.venv/lib/python3.10/site-packages/airflow/example_dags/example_short_circuit_decorator.py for tasks to queue
[2023-11-24T10:40:44.212+0800] {logging_mixin.py:154} INFO - [2023-11-24T10:40:44.212+0800] {dagbag.py:536} INFO - Filling up the DagBag from /home/azfarmustafa/airflow_tutorial/.venv/lib/python3.10/site-packages/airflow/example_dags/example_short_circuit_decorator.py
[2023-11-24T10:40:44.221+0800] {processor.py:839} INFO - DAG(s) dict_keys(['example_short_circuit_decorator']) retrieved from /home/azfarmustafa/airflow_tutorial/.venv/lib/python3.10/site-packages/airflow/example_dags/example_short_circuit_decorator.py
[2023-11-24T10:40:44.238+0800] {logging_mixin.py:154} INFO - [2023-11-24T10:40:44.238+0800] {dag.py:2941} INFO - Sync 1 DAGs
[2023-11-24T10:40:44.262+0800] {logging_mixin.py:154} INFO - [2023-11-24T10:40:44.261+0800] {dag.py:3722} INFO - Setting next_dagrun for example_short_circuit_decorator to 2023-11-23T02:40:44.261184+00:00, run_after=2023-11-24T02:40:44.261184+00:00
[2023-11-24T10:40:44.289+0800] {processor.py:179} INFO - Processing /home/azfarmustafa/airflow_tutorial/.venv/lib/python3.10/site-packages/airflow/example_dags/example_short_circuit_decorator.py took 0.083 seconds
[2023-11-24T10:41:31.260+0800] {processor.py:157} INFO - Started process (PID=59687) to work on /home/azfarmustafa/airflow_tutorial/.venv/lib/python3.10/site-packages/airflow/example_dags/example_short_circuit_decorator.py
[2023-11-24T10:41:31.264+0800] {processor.py:829} INFO - Processing file /home/azfarmustafa/airflow_tutorial/.venv/lib/python3.10/site-packages/airflow/example_dags/example_short_circuit_decorator.py for tasks to queue
[2023-11-24T10:41:31.265+0800] {logging_mixin.py:154} INFO - [2023-11-24T10:41:31.265+0800] {dagbag.py:536} INFO - Filling up the DagBag from /home/azfarmustafa/airflow_tutorial/.venv/lib/python3.10/site-packages/airflow/example_dags/example_short_circuit_decorator.py
[2023-11-24T10:41:31.273+0800] {processor.py:839} INFO - DAG(s) dict_keys(['example_short_circuit_decorator']) retrieved from /home/azfarmustafa/airflow_tutorial/.venv/lib/python3.10/site-packages/airflow/example_dags/example_short_circuit_decorator.py
[2023-11-24T10:41:31.291+0800] {logging_mixin.py:154} INFO - [2023-11-24T10:41:31.291+0800] {dag.py:2941} INFO - Sync 1 DAGs
[2023-11-24T10:41:31.309+0800] {logging_mixin.py:154} INFO - [2023-11-24T10:41:31.309+0800] {dag.py:3722} INFO - Setting next_dagrun for example_short_circuit_decorator to 2023-11-23T02:41:31.309203+00:00, run_after=2023-11-24T02:41:31.309203+00:00
[2023-11-24T10:41:31.337+0800] {processor.py:179} INFO - Processing /home/azfarmustafa/airflow_tutorial/.venv/lib/python3.10/site-packages/airflow/example_dags/example_short_circuit_decorator.py took 0.080 seconds
[2023-11-24T10:42:19.802+0800] {processor.py:157} INFO - Started process (PID=59736) to work on /home/azfarmustafa/airflow_tutorial/.venv/lib/python3.10/site-packages/airflow/example_dags/example_short_circuit_decorator.py
[2023-11-24T10:42:19.803+0800] {processor.py:829} INFO - Processing file /home/azfarmustafa/airflow_tutorial/.venv/lib/python3.10/site-packages/airflow/example_dags/example_short_circuit_decorator.py for tasks to queue
[2023-11-24T10:42:19.804+0800] {logging_mixin.py:154} INFO - [2023-11-24T10:42:19.804+0800] {dagbag.py:536} INFO - Filling up the DagBag from /home/azfarmustafa/airflow_tutorial/.venv/lib/python3.10/site-packages/airflow/example_dags/example_short_circuit_decorator.py
[2023-11-24T10:42:19.813+0800] {processor.py:839} INFO - DAG(s) dict_keys(['example_short_circuit_decorator']) retrieved from /home/azfarmustafa/airflow_tutorial/.venv/lib/python3.10/site-packages/airflow/example_dags/example_short_circuit_decorator.py
[2023-11-24T10:42:19.829+0800] {logging_mixin.py:154} INFO - [2023-11-24T10:42:19.828+0800] {dag.py:2941} INFO - Sync 1 DAGs
[2023-11-24T10:42:19.845+0800] {logging_mixin.py:154} INFO - [2023-11-24T10:42:19.845+0800] {dag.py:3722} INFO - Setting next_dagrun for example_short_circuit_decorator to 2023-11-23T02:42:19.845203+00:00, run_after=2023-11-24T02:42:19.845203+00:00
[2023-11-24T10:42:19.867+0800] {processor.py:179} INFO - Processing /home/azfarmustafa/airflow_tutorial/.venv/lib/python3.10/site-packages/airflow/example_dags/example_short_circuit_decorator.py took 0.068 seconds
[2023-11-24T10:43:05.999+0800] {processor.py:157} INFO - Started process (PID=59783) to work on /home/azfarmustafa/airflow_tutorial/.venv/lib/python3.10/site-packages/airflow/example_dags/example_short_circuit_decorator.py
[2023-11-24T10:43:06.001+0800] {processor.py:829} INFO - Processing file /home/azfarmustafa/airflow_tutorial/.venv/lib/python3.10/site-packages/airflow/example_dags/example_short_circuit_decorator.py for tasks to queue
[2023-11-24T10:43:06.003+0800] {logging_mixin.py:154} INFO - [2023-11-24T10:43:06.002+0800] {dagbag.py:536} INFO - Filling up the DagBag from /home/azfarmustafa/airflow_tutorial/.venv/lib/python3.10/site-packages/airflow/example_dags/example_short_circuit_decorator.py
[2023-11-24T10:43:06.013+0800] {processor.py:839} INFO - DAG(s) dict_keys(['example_short_circuit_decorator']) retrieved from /home/azfarmustafa/airflow_tutorial/.venv/lib/python3.10/site-packages/airflow/example_dags/example_short_circuit_decorator.py
[2023-11-24T10:43:06.028+0800] {logging_mixin.py:154} INFO - [2023-11-24T10:43:06.028+0800] {dag.py:2941} INFO - Sync 1 DAGs
[2023-11-24T10:43:06.045+0800] {logging_mixin.py:154} INFO - [2023-11-24T10:43:06.045+0800] {dag.py:3722} INFO - Setting next_dagrun for example_short_circuit_decorator to 2023-11-23T02:43:06.044915+00:00, run_after=2023-11-24T02:43:06.044915+00:00
[2023-11-24T10:43:06.071+0800] {processor.py:179} INFO - Processing /home/azfarmustafa/airflow_tutorial/.venv/lib/python3.10/site-packages/airflow/example_dags/example_short_circuit_decorator.py took 0.076 seconds
[2023-11-24T10:43:52.596+0800] {processor.py:157} INFO - Started process (PID=59831) to work on /home/azfarmustafa/airflow_tutorial/.venv/lib/python3.10/site-packages/airflow/example_dags/example_short_circuit_decorator.py
[2023-11-24T10:43:52.597+0800] {processor.py:829} INFO - Processing file /home/azfarmustafa/airflow_tutorial/.venv/lib/python3.10/site-packages/airflow/example_dags/example_short_circuit_decorator.py for tasks to queue
[2023-11-24T10:43:52.598+0800] {logging_mixin.py:154} INFO - [2023-11-24T10:43:52.598+0800] {dagbag.py:536} INFO - Filling up the DagBag from /home/azfarmustafa/airflow_tutorial/.venv/lib/python3.10/site-packages/airflow/example_dags/example_short_circuit_decorator.py
[2023-11-24T10:43:52.606+0800] {processor.py:839} INFO - DAG(s) dict_keys(['example_short_circuit_decorator']) retrieved from /home/azfarmustafa/airflow_tutorial/.venv/lib/python3.10/site-packages/airflow/example_dags/example_short_circuit_decorator.py
[2023-11-24T10:43:52.623+0800] {logging_mixin.py:154} INFO - [2023-11-24T10:43:52.622+0800] {dag.py:2941} INFO - Sync 1 DAGs
[2023-11-24T10:43:52.643+0800] {logging_mixin.py:154} INFO - [2023-11-24T10:43:52.643+0800] {dag.py:3722} INFO - Setting next_dagrun for example_short_circuit_decorator to 2023-11-23T02:43:52.643170+00:00, run_after=2023-11-24T02:43:52.643170+00:00
[2023-11-24T10:43:52.671+0800] {processor.py:179} INFO - Processing /home/azfarmustafa/airflow_tutorial/.venv/lib/python3.10/site-packages/airflow/example_dags/example_short_circuit_decorator.py took 0.078 seconds
[2023-11-24T10:44:42.333+0800] {processor.py:157} INFO - Started process (PID=59881) to work on /home/azfarmustafa/airflow_tutorial/.venv/lib/python3.10/site-packages/airflow/example_dags/example_short_circuit_decorator.py
[2023-11-24T10:44:42.337+0800] {processor.py:829} INFO - Processing file /home/azfarmustafa/airflow_tutorial/.venv/lib/python3.10/site-packages/airflow/example_dags/example_short_circuit_decorator.py for tasks to queue
[2023-11-24T10:44:42.338+0800] {logging_mixin.py:154} INFO - [2023-11-24T10:44:42.337+0800] {dagbag.py:536} INFO - Filling up the DagBag from /home/azfarmustafa/airflow_tutorial/.venv/lib/python3.10/site-packages/airflow/example_dags/example_short_circuit_decorator.py
[2023-11-24T10:44:42.346+0800] {processor.py:839} INFO - DAG(s) dict_keys(['example_short_circuit_decorator']) retrieved from /home/azfarmustafa/airflow_tutorial/.venv/lib/python3.10/site-packages/airflow/example_dags/example_short_circuit_decorator.py
[2023-11-24T10:44:42.361+0800] {logging_mixin.py:154} INFO - [2023-11-24T10:44:42.361+0800] {dag.py:2941} INFO - Sync 1 DAGs
[2023-11-24T10:44:42.379+0800] {logging_mixin.py:154} INFO - [2023-11-24T10:44:42.378+0800] {dag.py:3722} INFO - Setting next_dagrun for example_short_circuit_decorator to 2023-11-23T02:44:42.378641+00:00, run_after=2023-11-24T02:44:42.378641+00:00
[2023-11-24T10:44:42.403+0800] {processor.py:179} INFO - Processing /home/azfarmustafa/airflow_tutorial/.venv/lib/python3.10/site-packages/airflow/example_dags/example_short_circuit_decorator.py took 0.072 seconds
[2023-11-24T10:45:29.691+0800] {processor.py:157} INFO - Started process (PID=59929) to work on /home/azfarmustafa/airflow_tutorial/.venv/lib/python3.10/site-packages/airflow/example_dags/example_short_circuit_decorator.py
[2023-11-24T10:45:29.692+0800] {processor.py:829} INFO - Processing file /home/azfarmustafa/airflow_tutorial/.venv/lib/python3.10/site-packages/airflow/example_dags/example_short_circuit_decorator.py for tasks to queue
[2023-11-24T10:45:29.693+0800] {logging_mixin.py:154} INFO - [2023-11-24T10:45:29.693+0800] {dagbag.py:536} INFO - Filling up the DagBag from /home/azfarmustafa/airflow_tutorial/.venv/lib/python3.10/site-packages/airflow/example_dags/example_short_circuit_decorator.py
[2023-11-24T10:45:29.703+0800] {processor.py:839} INFO - DAG(s) dict_keys(['example_short_circuit_decorator']) retrieved from /home/azfarmustafa/airflow_tutorial/.venv/lib/python3.10/site-packages/airflow/example_dags/example_short_circuit_decorator.py
[2023-11-24T10:45:29.719+0800] {logging_mixin.py:154} INFO - [2023-11-24T10:45:29.719+0800] {dag.py:2941} INFO - Sync 1 DAGs
[2023-11-24T10:45:29.738+0800] {logging_mixin.py:154} INFO - [2023-11-24T10:45:29.737+0800] {dag.py:3722} INFO - Setting next_dagrun for example_short_circuit_decorator to 2023-11-23T02:45:29.737576+00:00, run_after=2023-11-24T02:45:29.737576+00:00
[2023-11-24T10:45:29.765+0800] {processor.py:179} INFO - Processing /home/azfarmustafa/airflow_tutorial/.venv/lib/python3.10/site-packages/airflow/example_dags/example_short_circuit_decorator.py took 0.077 seconds
[2023-11-24T10:46:16.784+0800] {processor.py:157} INFO - Started process (PID=59977) to work on /home/azfarmustafa/airflow_tutorial/.venv/lib/python3.10/site-packages/airflow/example_dags/example_short_circuit_decorator.py
[2023-11-24T10:46:16.788+0800] {processor.py:829} INFO - Processing file /home/azfarmustafa/airflow_tutorial/.venv/lib/python3.10/site-packages/airflow/example_dags/example_short_circuit_decorator.py for tasks to queue
[2023-11-24T10:46:16.788+0800] {logging_mixin.py:154} INFO - [2023-11-24T10:46:16.788+0800] {dagbag.py:536} INFO - Filling up the DagBag from /home/azfarmustafa/airflow_tutorial/.venv/lib/python3.10/site-packages/airflow/example_dags/example_short_circuit_decorator.py
[2023-11-24T10:46:16.796+0800] {processor.py:839} INFO - DAG(s) dict_keys(['example_short_circuit_decorator']) retrieved from /home/azfarmustafa/airflow_tutorial/.venv/lib/python3.10/site-packages/airflow/example_dags/example_short_circuit_decorator.py
[2023-11-24T10:46:16.812+0800] {logging_mixin.py:154} INFO - [2023-11-24T10:46:16.811+0800] {dag.py:2941} INFO - Sync 1 DAGs
[2023-11-24T10:46:16.831+0800] {logging_mixin.py:154} INFO - [2023-11-24T10:46:16.831+0800] {dag.py:3722} INFO - Setting next_dagrun for example_short_circuit_decorator to 2023-11-23T02:46:16.830883+00:00, run_after=2023-11-24T02:46:16.830883+00:00
[2023-11-24T10:46:16.856+0800] {processor.py:179} INFO - Processing /home/azfarmustafa/airflow_tutorial/.venv/lib/python3.10/site-packages/airflow/example_dags/example_short_circuit_decorator.py took 0.075 seconds
[2023-11-24T10:47:02.598+0800] {processor.py:157} INFO - Started process (PID=60023) to work on /home/azfarmustafa/airflow_tutorial/.venv/lib/python3.10/site-packages/airflow/example_dags/example_short_circuit_decorator.py
[2023-11-24T10:47:02.602+0800] {processor.py:829} INFO - Processing file /home/azfarmustafa/airflow_tutorial/.venv/lib/python3.10/site-packages/airflow/example_dags/example_short_circuit_decorator.py for tasks to queue
[2023-11-24T10:47:02.603+0800] {logging_mixin.py:154} INFO - [2023-11-24T10:47:02.603+0800] {dagbag.py:536} INFO - Filling up the DagBag from /home/azfarmustafa/airflow_tutorial/.venv/lib/python3.10/site-packages/airflow/example_dags/example_short_circuit_decorator.py
[2023-11-24T10:47:02.615+0800] {processor.py:839} INFO - DAG(s) dict_keys(['example_short_circuit_decorator']) retrieved from /home/azfarmustafa/airflow_tutorial/.venv/lib/python3.10/site-packages/airflow/example_dags/example_short_circuit_decorator.py
[2023-11-24T10:47:02.632+0800] {logging_mixin.py:154} INFO - [2023-11-24T10:47:02.632+0800] {dag.py:2941} INFO - Sync 1 DAGs
[2023-11-24T10:47:02.652+0800] {logging_mixin.py:154} INFO - [2023-11-24T10:47:02.652+0800] {dag.py:3722} INFO - Setting next_dagrun for example_short_circuit_decorator to 2023-11-23T02:47:02.651819+00:00, run_after=2023-11-24T02:47:02.651819+00:00
[2023-11-24T10:47:02.680+0800] {processor.py:179} INFO - Processing /home/azfarmustafa/airflow_tutorial/.venv/lib/python3.10/site-packages/airflow/example_dags/example_short_circuit_decorator.py took 0.085 seconds
[2023-11-24T10:48:01.043+0800] {processor.py:157} INFO - Started process (PID=60090) to work on /home/azfarmustafa/airflow_tutorial/.venv/lib/python3.10/site-packages/airflow/example_dags/example_short_circuit_decorator.py
[2023-11-24T10:48:01.047+0800] {processor.py:829} INFO - Processing file /home/azfarmustafa/airflow_tutorial/.venv/lib/python3.10/site-packages/airflow/example_dags/example_short_circuit_decorator.py for tasks to queue
[2023-11-24T10:48:01.048+0800] {logging_mixin.py:154} INFO - [2023-11-24T10:48:01.048+0800] {dagbag.py:536} INFO - Filling up the DagBag from /home/azfarmustafa/airflow_tutorial/.venv/lib/python3.10/site-packages/airflow/example_dags/example_short_circuit_decorator.py
[2023-11-24T10:48:01.059+0800] {processor.py:839} INFO - DAG(s) dict_keys(['example_short_circuit_decorator']) retrieved from /home/azfarmustafa/airflow_tutorial/.venv/lib/python3.10/site-packages/airflow/example_dags/example_short_circuit_decorator.py
[2023-11-24T10:48:01.077+0800] {logging_mixin.py:154} INFO - [2023-11-24T10:48:01.077+0800] {dag.py:2941} INFO - Sync 1 DAGs
[2023-11-24T10:48:01.095+0800] {logging_mixin.py:154} INFO - [2023-11-24T10:48:01.094+0800] {dag.py:3722} INFO - Setting next_dagrun for example_short_circuit_decorator to 2023-11-23T02:48:01.094493+00:00, run_after=2023-11-24T02:48:01.094493+00:00
[2023-11-24T10:48:01.117+0800] {processor.py:179} INFO - Processing /home/azfarmustafa/airflow_tutorial/.venv/lib/python3.10/site-packages/airflow/example_dags/example_short_circuit_decorator.py took 0.077 seconds
[2023-11-24T10:48:47.210+0800] {processor.py:157} INFO - Started process (PID=60137) to work on /home/azfarmustafa/airflow_tutorial/.venv/lib/python3.10/site-packages/airflow/example_dags/example_short_circuit_decorator.py
[2023-11-24T10:48:47.214+0800] {processor.py:829} INFO - Processing file /home/azfarmustafa/airflow_tutorial/.venv/lib/python3.10/site-packages/airflow/example_dags/example_short_circuit_decorator.py for tasks to queue
[2023-11-24T10:48:47.215+0800] {logging_mixin.py:154} INFO - [2023-11-24T10:48:47.214+0800] {dagbag.py:536} INFO - Filling up the DagBag from /home/azfarmustafa/airflow_tutorial/.venv/lib/python3.10/site-packages/airflow/example_dags/example_short_circuit_decorator.py
[2023-11-24T10:48:47.223+0800] {processor.py:839} INFO - DAG(s) dict_keys(['example_short_circuit_decorator']) retrieved from /home/azfarmustafa/airflow_tutorial/.venv/lib/python3.10/site-packages/airflow/example_dags/example_short_circuit_decorator.py
[2023-11-24T10:48:47.239+0800] {logging_mixin.py:154} INFO - [2023-11-24T10:48:47.238+0800] {dag.py:2941} INFO - Sync 1 DAGs
[2023-11-24T10:48:47.256+0800] {logging_mixin.py:154} INFO - [2023-11-24T10:48:47.256+0800] {dag.py:3722} INFO - Setting next_dagrun for example_short_circuit_decorator to 2023-11-23T02:48:47.255900+00:00, run_after=2023-11-24T02:48:47.255900+00:00
[2023-11-24T10:48:47.279+0800] {processor.py:179} INFO - Processing /home/azfarmustafa/airflow_tutorial/.venv/lib/python3.10/site-packages/airflow/example_dags/example_short_circuit_decorator.py took 0.071 seconds
[2023-11-24T10:49:37.506+0800] {processor.py:157} INFO - Started process (PID=60187) to work on /home/azfarmustafa/airflow_tutorial/.venv/lib/python3.10/site-packages/airflow/example_dags/example_short_circuit_decorator.py
[2023-11-24T10:49:37.510+0800] {processor.py:829} INFO - Processing file /home/azfarmustafa/airflow_tutorial/.venv/lib/python3.10/site-packages/airflow/example_dags/example_short_circuit_decorator.py for tasks to queue
[2023-11-24T10:49:37.510+0800] {logging_mixin.py:154} INFO - [2023-11-24T10:49:37.510+0800] {dagbag.py:536} INFO - Filling up the DagBag from /home/azfarmustafa/airflow_tutorial/.venv/lib/python3.10/site-packages/airflow/example_dags/example_short_circuit_decorator.py
[2023-11-24T10:49:37.518+0800] {processor.py:839} INFO - DAG(s) dict_keys(['example_short_circuit_decorator']) retrieved from /home/azfarmustafa/airflow_tutorial/.venv/lib/python3.10/site-packages/airflow/example_dags/example_short_circuit_decorator.py
[2023-11-24T10:49:37.533+0800] {logging_mixin.py:154} INFO - [2023-11-24T10:49:37.533+0800] {dag.py:2941} INFO - Sync 1 DAGs
[2023-11-24T10:49:37.560+0800] {logging_mixin.py:154} INFO - [2023-11-24T10:49:37.559+0800] {dag.py:3722} INFO - Setting next_dagrun for example_short_circuit_decorator to 2023-11-23T02:49:37.559621+00:00, run_after=2023-11-24T02:49:37.559621+00:00
[2023-11-24T10:49:37.584+0800] {processor.py:179} INFO - Processing /home/azfarmustafa/airflow_tutorial/.venv/lib/python3.10/site-packages/airflow/example_dags/example_short_circuit_decorator.py took 0.081 seconds
[2023-11-24T10:50:22.720+0800] {processor.py:157} INFO - Started process (PID=60234) to work on /home/azfarmustafa/airflow_tutorial/.venv/lib/python3.10/site-packages/airflow/example_dags/example_short_circuit_decorator.py
[2023-11-24T10:50:22.724+0800] {processor.py:829} INFO - Processing file /home/azfarmustafa/airflow_tutorial/.venv/lib/python3.10/site-packages/airflow/example_dags/example_short_circuit_decorator.py for tasks to queue
[2023-11-24T10:50:22.725+0800] {logging_mixin.py:154} INFO - [2023-11-24T10:50:22.725+0800] {dagbag.py:536} INFO - Filling up the DagBag from /home/azfarmustafa/airflow_tutorial/.venv/lib/python3.10/site-packages/airflow/example_dags/example_short_circuit_decorator.py
[2023-11-24T10:50:22.734+0800] {processor.py:839} INFO - DAG(s) dict_keys(['example_short_circuit_decorator']) retrieved from /home/azfarmustafa/airflow_tutorial/.venv/lib/python3.10/site-packages/airflow/example_dags/example_short_circuit_decorator.py
[2023-11-24T10:50:22.751+0800] {logging_mixin.py:154} INFO - [2023-11-24T10:50:22.750+0800] {dag.py:2941} INFO - Sync 1 DAGs
[2023-11-24T10:50:22.773+0800] {logging_mixin.py:154} INFO - [2023-11-24T10:50:22.772+0800] {dag.py:3722} INFO - Setting next_dagrun for example_short_circuit_decorator to 2023-11-23T02:50:22.772468+00:00, run_after=2023-11-24T02:50:22.772468+00:00
[2023-11-24T10:50:22.797+0800] {processor.py:179} INFO - Processing /home/azfarmustafa/airflow_tutorial/.venv/lib/python3.10/site-packages/airflow/example_dags/example_short_circuit_decorator.py took 0.080 seconds
[2023-11-24T10:51:09.089+0800] {processor.py:157} INFO - Started process (PID=60282) to work on /home/azfarmustafa/airflow_tutorial/.venv/lib/python3.10/site-packages/airflow/example_dags/example_short_circuit_decorator.py
[2023-11-24T10:51:09.093+0800] {processor.py:829} INFO - Processing file /home/azfarmustafa/airflow_tutorial/.venv/lib/python3.10/site-packages/airflow/example_dags/example_short_circuit_decorator.py for tasks to queue
[2023-11-24T10:51:09.094+0800] {logging_mixin.py:154} INFO - [2023-11-24T10:51:09.093+0800] {dagbag.py:536} INFO - Filling up the DagBag from /home/azfarmustafa/airflow_tutorial/.venv/lib/python3.10/site-packages/airflow/example_dags/example_short_circuit_decorator.py
[2023-11-24T10:51:09.103+0800] {processor.py:839} INFO - DAG(s) dict_keys(['example_short_circuit_decorator']) retrieved from /home/azfarmustafa/airflow_tutorial/.venv/lib/python3.10/site-packages/airflow/example_dags/example_short_circuit_decorator.py
[2023-11-24T10:51:09.123+0800] {logging_mixin.py:154} INFO - [2023-11-24T10:51:09.123+0800] {dag.py:2941} INFO - Sync 1 DAGs
[2023-11-24T10:51:09.143+0800] {logging_mixin.py:154} INFO - [2023-11-24T10:51:09.143+0800] {dag.py:3722} INFO - Setting next_dagrun for example_short_circuit_decorator to 2023-11-23T02:51:09.143404+00:00, run_after=2023-11-24T02:51:09.143404+00:00
[2023-11-24T10:51:09.172+0800] {processor.py:179} INFO - Processing /home/azfarmustafa/airflow_tutorial/.venv/lib/python3.10/site-packages/airflow/example_dags/example_short_circuit_decorator.py took 0.086 seconds
[2023-11-24T10:51:56.951+0800] {processor.py:157} INFO - Started process (PID=60330) to work on /home/azfarmustafa/airflow_tutorial/.venv/lib/python3.10/site-packages/airflow/example_dags/example_short_circuit_decorator.py
[2023-11-24T10:51:56.956+0800] {processor.py:829} INFO - Processing file /home/azfarmustafa/airflow_tutorial/.venv/lib/python3.10/site-packages/airflow/example_dags/example_short_circuit_decorator.py for tasks to queue
[2023-11-24T10:51:56.957+0800] {logging_mixin.py:154} INFO - [2023-11-24T10:51:56.957+0800] {dagbag.py:536} INFO - Filling up the DagBag from /home/azfarmustafa/airflow_tutorial/.venv/lib/python3.10/site-packages/airflow/example_dags/example_short_circuit_decorator.py
[2023-11-24T10:51:56.966+0800] {processor.py:839} INFO - DAG(s) dict_keys(['example_short_circuit_decorator']) retrieved from /home/azfarmustafa/airflow_tutorial/.venv/lib/python3.10/site-packages/airflow/example_dags/example_short_circuit_decorator.py
[2023-11-24T10:51:56.986+0800] {logging_mixin.py:154} INFO - [2023-11-24T10:51:56.986+0800] {dag.py:2941} INFO - Sync 1 DAGs
[2023-11-24T10:51:57.011+0800] {logging_mixin.py:154} INFO - [2023-11-24T10:51:57.011+0800] {dag.py:3722} INFO - Setting next_dagrun for example_short_circuit_decorator to 2023-11-23T02:51:57.010811+00:00, run_after=2023-11-24T02:51:57.010811+00:00
[2023-11-24T10:51:57.060+0800] {processor.py:179} INFO - Processing /home/azfarmustafa/airflow_tutorial/.venv/lib/python3.10/site-packages/airflow/example_dags/example_short_circuit_decorator.py took 0.110 seconds
[2023-11-24T10:52:45.256+0800] {processor.py:157} INFO - Started process (PID=60378) to work on /home/azfarmustafa/airflow_tutorial/.venv/lib/python3.10/site-packages/airflow/example_dags/example_short_circuit_decorator.py
[2023-11-24T10:52:45.260+0800] {processor.py:829} INFO - Processing file /home/azfarmustafa/airflow_tutorial/.venv/lib/python3.10/site-packages/airflow/example_dags/example_short_circuit_decorator.py for tasks to queue
[2023-11-24T10:52:45.261+0800] {logging_mixin.py:154} INFO - [2023-11-24T10:52:45.261+0800] {dagbag.py:536} INFO - Filling up the DagBag from /home/azfarmustafa/airflow_tutorial/.venv/lib/python3.10/site-packages/airflow/example_dags/example_short_circuit_decorator.py
[2023-11-24T10:52:45.271+0800] {processor.py:839} INFO - DAG(s) dict_keys(['example_short_circuit_decorator']) retrieved from /home/azfarmustafa/airflow_tutorial/.venv/lib/python3.10/site-packages/airflow/example_dags/example_short_circuit_decorator.py
[2023-11-24T10:52:45.289+0800] {logging_mixin.py:154} INFO - [2023-11-24T10:52:45.289+0800] {dag.py:2941} INFO - Sync 1 DAGs
[2023-11-24T10:52:45.308+0800] {logging_mixin.py:154} INFO - [2023-11-24T10:52:45.308+0800] {dag.py:3722} INFO - Setting next_dagrun for example_short_circuit_decorator to 2023-11-23T02:52:45.308267+00:00, run_after=2023-11-24T02:52:45.308267+00:00
[2023-11-24T10:52:45.436+0800] {processor.py:179} INFO - Processing /home/azfarmustafa/airflow_tutorial/.venv/lib/python3.10/site-packages/airflow/example_dags/example_short_circuit_decorator.py took 0.182 seconds
[2023-11-24T10:53:33.839+0800] {processor.py:157} INFO - Started process (PID=60434) to work on /home/azfarmustafa/airflow_tutorial/.venv/lib/python3.10/site-packages/airflow/example_dags/example_short_circuit_decorator.py
[2023-11-24T10:53:33.841+0800] {processor.py:829} INFO - Processing file /home/azfarmustafa/airflow_tutorial/.venv/lib/python3.10/site-packages/airflow/example_dags/example_short_circuit_decorator.py for tasks to queue
[2023-11-24T10:53:33.842+0800] {logging_mixin.py:154} INFO - [2023-11-24T10:53:33.842+0800] {dagbag.py:536} INFO - Filling up the DagBag from /home/azfarmustafa/airflow_tutorial/.venv/lib/python3.10/site-packages/airflow/example_dags/example_short_circuit_decorator.py
[2023-11-24T10:53:33.851+0800] {processor.py:839} INFO - DAG(s) dict_keys(['example_short_circuit_decorator']) retrieved from /home/azfarmustafa/airflow_tutorial/.venv/lib/python3.10/site-packages/airflow/example_dags/example_short_circuit_decorator.py
[2023-11-24T10:53:33.870+0800] {logging_mixin.py:154} INFO - [2023-11-24T10:53:33.870+0800] {dag.py:2941} INFO - Sync 1 DAGs
[2023-11-24T10:53:33.891+0800] {logging_mixin.py:154} INFO - [2023-11-24T10:53:33.891+0800] {dag.py:3722} INFO - Setting next_dagrun for example_short_circuit_decorator to 2023-11-23T02:53:33.891211+00:00, run_after=2023-11-24T02:53:33.891211+00:00
[2023-11-24T10:53:33.916+0800] {processor.py:179} INFO - Processing /home/azfarmustafa/airflow_tutorial/.venv/lib/python3.10/site-packages/airflow/example_dags/example_short_circuit_decorator.py took 0.080 seconds
[2023-11-24T10:54:21.743+0800] {processor.py:157} INFO - Started process (PID=60482) to work on /home/azfarmustafa/airflow_tutorial/.venv/lib/python3.10/site-packages/airflow/example_dags/example_short_circuit_decorator.py
[2023-11-24T10:54:21.748+0800] {processor.py:829} INFO - Processing file /home/azfarmustafa/airflow_tutorial/.venv/lib/python3.10/site-packages/airflow/example_dags/example_short_circuit_decorator.py for tasks to queue
[2023-11-24T10:54:21.750+0800] {logging_mixin.py:154} INFO - [2023-11-24T10:54:21.749+0800] {dagbag.py:536} INFO - Filling up the DagBag from /home/azfarmustafa/airflow_tutorial/.venv/lib/python3.10/site-packages/airflow/example_dags/example_short_circuit_decorator.py
[2023-11-24T10:54:21.758+0800] {processor.py:839} INFO - DAG(s) dict_keys(['example_short_circuit_decorator']) retrieved from /home/azfarmustafa/airflow_tutorial/.venv/lib/python3.10/site-packages/airflow/example_dags/example_short_circuit_decorator.py
[2023-11-24T10:54:21.776+0800] {logging_mixin.py:154} INFO - [2023-11-24T10:54:21.776+0800] {dag.py:2941} INFO - Sync 1 DAGs
[2023-11-24T10:54:21.795+0800] {logging_mixin.py:154} INFO - [2023-11-24T10:54:21.795+0800] {dag.py:3722} INFO - Setting next_dagrun for example_short_circuit_decorator to 2023-11-23T02:54:21.795230+00:00, run_after=2023-11-24T02:54:21.795230+00:00
[2023-11-24T10:54:21.826+0800] {processor.py:179} INFO - Processing /home/azfarmustafa/airflow_tutorial/.venv/lib/python3.10/site-packages/airflow/example_dags/example_short_circuit_decorator.py took 0.085 seconds
[2023-11-24T10:55:10.482+0800] {processor.py:157} INFO - Started process (PID=60531) to work on /home/azfarmustafa/airflow_tutorial/.venv/lib/python3.10/site-packages/airflow/example_dags/example_short_circuit_decorator.py
[2023-11-24T10:55:10.483+0800] {processor.py:829} INFO - Processing file /home/azfarmustafa/airflow_tutorial/.venv/lib/python3.10/site-packages/airflow/example_dags/example_short_circuit_decorator.py for tasks to queue
[2023-11-24T10:55:10.484+0800] {logging_mixin.py:154} INFO - [2023-11-24T10:55:10.483+0800] {dagbag.py:536} INFO - Filling up the DagBag from /home/azfarmustafa/airflow_tutorial/.venv/lib/python3.10/site-packages/airflow/example_dags/example_short_circuit_decorator.py
[2023-11-24T10:55:10.492+0800] {processor.py:839} INFO - DAG(s) dict_keys(['example_short_circuit_decorator']) retrieved from /home/azfarmustafa/airflow_tutorial/.venv/lib/python3.10/site-packages/airflow/example_dags/example_short_circuit_decorator.py
[2023-11-24T10:55:10.508+0800] {logging_mixin.py:154} INFO - [2023-11-24T10:55:10.507+0800] {dag.py:2941} INFO - Sync 1 DAGs
[2023-11-24T10:55:10.525+0800] {logging_mixin.py:154} INFO - [2023-11-24T10:55:10.524+0800] {dag.py:3722} INFO - Setting next_dagrun for example_short_circuit_decorator to 2023-11-23T02:55:10.524539+00:00, run_after=2023-11-24T02:55:10.524539+00:00
[2023-11-24T10:55:10.547+0800] {processor.py:179} INFO - Processing /home/azfarmustafa/airflow_tutorial/.venv/lib/python3.10/site-packages/airflow/example_dags/example_short_circuit_decorator.py took 0.068 seconds
[2023-11-24T10:56:10.045+0800] {processor.py:157} INFO - Started process (PID=60591) to work on /home/azfarmustafa/airflow_tutorial/.venv/lib/python3.10/site-packages/airflow/example_dags/example_short_circuit_decorator.py
[2023-11-24T10:56:10.049+0800] {processor.py:829} INFO - Processing file /home/azfarmustafa/airflow_tutorial/.venv/lib/python3.10/site-packages/airflow/example_dags/example_short_circuit_decorator.py for tasks to queue
[2023-11-24T10:56:10.050+0800] {logging_mixin.py:154} INFO - [2023-11-24T10:56:10.049+0800] {dagbag.py:536} INFO - Filling up the DagBag from /home/azfarmustafa/airflow_tutorial/.venv/lib/python3.10/site-packages/airflow/example_dags/example_short_circuit_decorator.py
[2023-11-24T10:56:10.060+0800] {processor.py:839} INFO - DAG(s) dict_keys(['example_short_circuit_decorator']) retrieved from /home/azfarmustafa/airflow_tutorial/.venv/lib/python3.10/site-packages/airflow/example_dags/example_short_circuit_decorator.py
[2023-11-24T10:56:10.078+0800] {logging_mixin.py:154} INFO - [2023-11-24T10:56:10.077+0800] {dag.py:2941} INFO - Sync 1 DAGs
[2023-11-24T10:56:10.098+0800] {logging_mixin.py:154} INFO - [2023-11-24T10:56:10.098+0800] {dag.py:3722} INFO - Setting next_dagrun for example_short_circuit_decorator to 2023-11-23T02:56:10.098150+00:00, run_after=2023-11-24T02:56:10.098150+00:00
[2023-11-24T10:56:10.129+0800] {processor.py:179} INFO - Processing /home/azfarmustafa/airflow_tutorial/.venv/lib/python3.10/site-packages/airflow/example_dags/example_short_circuit_decorator.py took 0.088 seconds
[2023-11-24T10:56:52.365+0800] {processor.py:157} INFO - Started process (PID=60637) to work on /home/azfarmustafa/airflow_tutorial/.venv/lib/python3.10/site-packages/airflow/example_dags/example_short_circuit_decorator.py
[2023-11-24T10:56:52.369+0800] {processor.py:829} INFO - Processing file /home/azfarmustafa/airflow_tutorial/.venv/lib/python3.10/site-packages/airflow/example_dags/example_short_circuit_decorator.py for tasks to queue
[2023-11-24T10:56:52.370+0800] {logging_mixin.py:154} INFO - [2023-11-24T10:56:52.369+0800] {dagbag.py:536} INFO - Filling up the DagBag from /home/azfarmustafa/airflow_tutorial/.venv/lib/python3.10/site-packages/airflow/example_dags/example_short_circuit_decorator.py
[2023-11-24T10:56:52.379+0800] {processor.py:839} INFO - DAG(s) dict_keys(['example_short_circuit_decorator']) retrieved from /home/azfarmustafa/airflow_tutorial/.venv/lib/python3.10/site-packages/airflow/example_dags/example_short_circuit_decorator.py
[2023-11-24T10:56:52.397+0800] {logging_mixin.py:154} INFO - [2023-11-24T10:56:52.397+0800] {dag.py:2941} INFO - Sync 1 DAGs
[2023-11-24T10:56:52.416+0800] {logging_mixin.py:154} INFO - [2023-11-24T10:56:52.416+0800] {dag.py:3722} INFO - Setting next_dagrun for example_short_circuit_decorator to 2023-11-23T02:56:52.416333+00:00, run_after=2023-11-24T02:56:52.416333+00:00
[2023-11-24T10:56:52.439+0800] {processor.py:179} INFO - Processing /home/azfarmustafa/airflow_tutorial/.venv/lib/python3.10/site-packages/airflow/example_dags/example_short_circuit_decorator.py took 0.076 seconds
[2023-11-24T10:57:36.208+0800] {processor.py:157} INFO - Started process (PID=60683) to work on /home/azfarmustafa/airflow_tutorial/.venv/lib/python3.10/site-packages/airflow/example_dags/example_short_circuit_decorator.py
[2023-11-24T10:57:36.213+0800] {processor.py:829} INFO - Processing file /home/azfarmustafa/airflow_tutorial/.venv/lib/python3.10/site-packages/airflow/example_dags/example_short_circuit_decorator.py for tasks to queue
[2023-11-24T10:57:36.214+0800] {logging_mixin.py:154} INFO - [2023-11-24T10:57:36.213+0800] {dagbag.py:536} INFO - Filling up the DagBag from /home/azfarmustafa/airflow_tutorial/.venv/lib/python3.10/site-packages/airflow/example_dags/example_short_circuit_decorator.py
[2023-11-24T10:57:36.223+0800] {processor.py:839} INFO - DAG(s) dict_keys(['example_short_circuit_decorator']) retrieved from /home/azfarmustafa/airflow_tutorial/.venv/lib/python3.10/site-packages/airflow/example_dags/example_short_circuit_decorator.py
[2023-11-24T10:57:36.241+0800] {logging_mixin.py:154} INFO - [2023-11-24T10:57:36.241+0800] {dag.py:2941} INFO - Sync 1 DAGs
[2023-11-24T10:57:36.261+0800] {logging_mixin.py:154} INFO - [2023-11-24T10:57:36.260+0800] {dag.py:3722} INFO - Setting next_dagrun for example_short_circuit_decorator to 2023-11-23T02:57:36.260573+00:00, run_after=2023-11-24T02:57:36.260573+00:00
[2023-11-24T10:57:36.284+0800] {processor.py:179} INFO - Processing /home/azfarmustafa/airflow_tutorial/.venv/lib/python3.10/site-packages/airflow/example_dags/example_short_circuit_decorator.py took 0.079 seconds
[2023-11-24T10:58:38.340+0800] {processor.py:157} INFO - Started process (PID=60745) to work on /home/azfarmustafa/airflow_tutorial/.venv/lib/python3.10/site-packages/airflow/example_dags/example_short_circuit_decorator.py
[2023-11-24T10:58:38.344+0800] {processor.py:829} INFO - Processing file /home/azfarmustafa/airflow_tutorial/.venv/lib/python3.10/site-packages/airflow/example_dags/example_short_circuit_decorator.py for tasks to queue
[2023-11-24T10:58:38.345+0800] {logging_mixin.py:154} INFO - [2023-11-24T10:58:38.345+0800] {dagbag.py:536} INFO - Filling up the DagBag from /home/azfarmustafa/airflow_tutorial/.venv/lib/python3.10/site-packages/airflow/example_dags/example_short_circuit_decorator.py
[2023-11-24T10:58:38.355+0800] {processor.py:839} INFO - DAG(s) dict_keys(['example_short_circuit_decorator']) retrieved from /home/azfarmustafa/airflow_tutorial/.venv/lib/python3.10/site-packages/airflow/example_dags/example_short_circuit_decorator.py
[2023-11-24T10:58:38.376+0800] {logging_mixin.py:154} INFO - [2023-11-24T10:58:38.376+0800] {dag.py:2941} INFO - Sync 1 DAGs
[2023-11-24T10:58:38.398+0800] {logging_mixin.py:154} INFO - [2023-11-24T10:58:38.398+0800] {dag.py:3722} INFO - Setting next_dagrun for example_short_circuit_decorator to 2023-11-23T02:58:38.398053+00:00, run_after=2023-11-24T02:58:38.398053+00:00
[2023-11-24T10:58:38.424+0800] {processor.py:179} INFO - Processing /home/azfarmustafa/airflow_tutorial/.venv/lib/python3.10/site-packages/airflow/example_dags/example_short_circuit_decorator.py took 0.087 seconds
[2023-11-24T10:59:24.466+0800] {processor.py:157} INFO - Started process (PID=60795) to work on /home/azfarmustafa/airflow_tutorial/.venv/lib/python3.10/site-packages/airflow/example_dags/example_short_circuit_decorator.py
[2023-11-24T10:59:24.468+0800] {processor.py:829} INFO - Processing file /home/azfarmustafa/airflow_tutorial/.venv/lib/python3.10/site-packages/airflow/example_dags/example_short_circuit_decorator.py for tasks to queue
[2023-11-24T10:59:24.469+0800] {logging_mixin.py:154} INFO - [2023-11-24T10:59:24.469+0800] {dagbag.py:536} INFO - Filling up the DagBag from /home/azfarmustafa/airflow_tutorial/.venv/lib/python3.10/site-packages/airflow/example_dags/example_short_circuit_decorator.py
[2023-11-24T10:59:24.483+0800] {processor.py:839} INFO - DAG(s) dict_keys(['example_short_circuit_decorator']) retrieved from /home/azfarmustafa/airflow_tutorial/.venv/lib/python3.10/site-packages/airflow/example_dags/example_short_circuit_decorator.py
[2023-11-24T10:59:24.503+0800] {logging_mixin.py:154} INFO - [2023-11-24T10:59:24.503+0800] {dag.py:2941} INFO - Sync 1 DAGs
[2023-11-24T10:59:24.529+0800] {logging_mixin.py:154} INFO - [2023-11-24T10:59:24.529+0800] {dag.py:3722} INFO - Setting next_dagrun for example_short_circuit_decorator to 2023-11-23T02:59:24.529246+00:00, run_after=2023-11-24T02:59:24.529246+00:00
[2023-11-24T10:59:24.553+0800] {processor.py:179} INFO - Processing /home/azfarmustafa/airflow_tutorial/.venv/lib/python3.10/site-packages/airflow/example_dags/example_short_circuit_decorator.py took 0.094 seconds
[2023-11-24T11:00:09.647+0800] {processor.py:157} INFO - Started process (PID=60845) to work on /home/azfarmustafa/airflow_tutorial/.venv/lib/python3.10/site-packages/airflow/example_dags/example_short_circuit_decorator.py
[2023-11-24T11:00:09.652+0800] {processor.py:829} INFO - Processing file /home/azfarmustafa/airflow_tutorial/.venv/lib/python3.10/site-packages/airflow/example_dags/example_short_circuit_decorator.py for tasks to queue
[2023-11-24T11:00:09.654+0800] {logging_mixin.py:154} INFO - [2023-11-24T11:00:09.653+0800] {dagbag.py:536} INFO - Filling up the DagBag from /home/azfarmustafa/airflow_tutorial/.venv/lib/python3.10/site-packages/airflow/example_dags/example_short_circuit_decorator.py
[2023-11-24T11:00:09.663+0800] {processor.py:839} INFO - DAG(s) dict_keys(['example_short_circuit_decorator']) retrieved from /home/azfarmustafa/airflow_tutorial/.venv/lib/python3.10/site-packages/airflow/example_dags/example_short_circuit_decorator.py
[2023-11-24T11:00:09.680+0800] {logging_mixin.py:154} INFO - [2023-11-24T11:00:09.680+0800] {dag.py:2941} INFO - Sync 1 DAGs
[2023-11-24T11:00:09.699+0800] {logging_mixin.py:154} INFO - [2023-11-24T11:00:09.699+0800] {dag.py:3722} INFO - Setting next_dagrun for example_short_circuit_decorator to 2023-11-23T03:00:09.699392+00:00, run_after=2023-11-24T03:00:09.699392+00:00
[2023-11-24T11:00:09.730+0800] {processor.py:179} INFO - Processing /home/azfarmustafa/airflow_tutorial/.venv/lib/python3.10/site-packages/airflow/example_dags/example_short_circuit_decorator.py took 0.085 seconds
[2023-11-24T11:01:07.865+0800] {processor.py:157} INFO - Started process (PID=60905) to work on /home/azfarmustafa/airflow_tutorial/.venv/lib/python3.10/site-packages/airflow/example_dags/example_short_circuit_decorator.py
[2023-11-24T11:01:07.870+0800] {processor.py:829} INFO - Processing file /home/azfarmustafa/airflow_tutorial/.venv/lib/python3.10/site-packages/airflow/example_dags/example_short_circuit_decorator.py for tasks to queue
[2023-11-24T11:01:07.871+0800] {logging_mixin.py:154} INFO - [2023-11-24T11:01:07.870+0800] {dagbag.py:536} INFO - Filling up the DagBag from /home/azfarmustafa/airflow_tutorial/.venv/lib/python3.10/site-packages/airflow/example_dags/example_short_circuit_decorator.py
[2023-11-24T11:01:07.878+0800] {processor.py:839} INFO - DAG(s) dict_keys(['example_short_circuit_decorator']) retrieved from /home/azfarmustafa/airflow_tutorial/.venv/lib/python3.10/site-packages/airflow/example_dags/example_short_circuit_decorator.py
[2023-11-24T11:01:07.898+0800] {logging_mixin.py:154} INFO - [2023-11-24T11:01:07.898+0800] {dag.py:2941} INFO - Sync 1 DAGs
[2023-11-24T11:01:07.917+0800] {logging_mixin.py:154} INFO - [2023-11-24T11:01:07.917+0800] {dag.py:3722} INFO - Setting next_dagrun for example_short_circuit_decorator to 2023-11-23T03:01:07.916815+00:00, run_after=2023-11-24T03:01:07.916815+00:00
[2023-11-24T11:01:07.943+0800] {processor.py:179} INFO - Processing /home/azfarmustafa/airflow_tutorial/.venv/lib/python3.10/site-packages/airflow/example_dags/example_short_circuit_decorator.py took 0.081 seconds
[2023-11-24T11:01:55.449+0800] {processor.py:157} INFO - Started process (PID=60954) to work on /home/azfarmustafa/airflow_tutorial/.venv/lib/python3.10/site-packages/airflow/example_dags/example_short_circuit_decorator.py
[2023-11-24T11:01:55.454+0800] {processor.py:829} INFO - Processing file /home/azfarmustafa/airflow_tutorial/.venv/lib/python3.10/site-packages/airflow/example_dags/example_short_circuit_decorator.py for tasks to queue
[2023-11-24T11:01:55.455+0800] {logging_mixin.py:154} INFO - [2023-11-24T11:01:55.454+0800] {dagbag.py:536} INFO - Filling up the DagBag from /home/azfarmustafa/airflow_tutorial/.venv/lib/python3.10/site-packages/airflow/example_dags/example_short_circuit_decorator.py
[2023-11-24T11:01:55.466+0800] {processor.py:839} INFO - DAG(s) dict_keys(['example_short_circuit_decorator']) retrieved from /home/azfarmustafa/airflow_tutorial/.venv/lib/python3.10/site-packages/airflow/example_dags/example_short_circuit_decorator.py
[2023-11-24T11:01:55.485+0800] {logging_mixin.py:154} INFO - [2023-11-24T11:01:55.485+0800] {dag.py:2941} INFO - Sync 1 DAGs
[2023-11-24T11:01:55.504+0800] {logging_mixin.py:154} INFO - [2023-11-24T11:01:55.504+0800] {dag.py:3722} INFO - Setting next_dagrun for example_short_circuit_decorator to 2023-11-23T03:01:55.504396+00:00, run_after=2023-11-24T03:01:55.504396+00:00
[2023-11-24T11:01:55.528+0800] {processor.py:179} INFO - Processing /home/azfarmustafa/airflow_tutorial/.venv/lib/python3.10/site-packages/airflow/example_dags/example_short_circuit_decorator.py took 0.083 seconds
[2023-11-24T11:02:40.711+0800] {processor.py:157} INFO - Started process (PID=61001) to work on /home/azfarmustafa/airflow_tutorial/.venv/lib/python3.10/site-packages/airflow/example_dags/example_short_circuit_decorator.py
[2023-11-24T11:02:40.715+0800] {processor.py:829} INFO - Processing file /home/azfarmustafa/airflow_tutorial/.venv/lib/python3.10/site-packages/airflow/example_dags/example_short_circuit_decorator.py for tasks to queue
[2023-11-24T11:02:40.716+0800] {logging_mixin.py:154} INFO - [2023-11-24T11:02:40.716+0800] {dagbag.py:536} INFO - Filling up the DagBag from /home/azfarmustafa/airflow_tutorial/.venv/lib/python3.10/site-packages/airflow/example_dags/example_short_circuit_decorator.py
[2023-11-24T11:02:40.725+0800] {processor.py:839} INFO - DAG(s) dict_keys(['example_short_circuit_decorator']) retrieved from /home/azfarmustafa/airflow_tutorial/.venv/lib/python3.10/site-packages/airflow/example_dags/example_short_circuit_decorator.py
[2023-11-24T11:02:40.741+0800] {logging_mixin.py:154} INFO - [2023-11-24T11:02:40.740+0800] {dag.py:2941} INFO - Sync 1 DAGs
[2023-11-24T11:02:40.759+0800] {logging_mixin.py:154} INFO - [2023-11-24T11:02:40.758+0800] {dag.py:3722} INFO - Setting next_dagrun for example_short_circuit_decorator to 2023-11-23T03:02:40.758588+00:00, run_after=2023-11-24T03:02:40.758588+00:00
[2023-11-24T11:02:40.784+0800] {processor.py:179} INFO - Processing /home/azfarmustafa/airflow_tutorial/.venv/lib/python3.10/site-packages/airflow/example_dags/example_short_circuit_decorator.py took 0.076 seconds
[2023-11-24T11:03:27.261+0800] {processor.py:157} INFO - Started process (PID=61050) to work on /home/azfarmustafa/airflow_tutorial/.venv/lib/python3.10/site-packages/airflow/example_dags/example_short_circuit_decorator.py
[2023-11-24T11:03:27.262+0800] {processor.py:829} INFO - Processing file /home/azfarmustafa/airflow_tutorial/.venv/lib/python3.10/site-packages/airflow/example_dags/example_short_circuit_decorator.py for tasks to queue
[2023-11-24T11:03:27.264+0800] {logging_mixin.py:154} INFO - [2023-11-24T11:03:27.263+0800] {dagbag.py:536} INFO - Filling up the DagBag from /home/azfarmustafa/airflow_tutorial/.venv/lib/python3.10/site-packages/airflow/example_dags/example_short_circuit_decorator.py
[2023-11-24T11:03:27.278+0800] {processor.py:839} INFO - DAG(s) dict_keys(['example_short_circuit_decorator']) retrieved from /home/azfarmustafa/airflow_tutorial/.venv/lib/python3.10/site-packages/airflow/example_dags/example_short_circuit_decorator.py
[2023-11-24T11:03:27.297+0800] {logging_mixin.py:154} INFO - [2023-11-24T11:03:27.297+0800] {dag.py:2941} INFO - Sync 1 DAGs
[2023-11-24T11:03:27.321+0800] {logging_mixin.py:154} INFO - [2023-11-24T11:03:27.321+0800] {dag.py:3722} INFO - Setting next_dagrun for example_short_circuit_decorator to 2023-11-23T03:03:27.320842+00:00, run_after=2023-11-24T03:03:27.320842+00:00
[2023-11-24T11:03:27.355+0800] {processor.py:179} INFO - Processing /home/azfarmustafa/airflow_tutorial/.venv/lib/python3.10/site-packages/airflow/example_dags/example_short_circuit_decorator.py took 0.097 seconds
[2023-11-24T11:04:19.090+0800] {processor.py:157} INFO - Started process (PID=61106) to work on /home/azfarmustafa/airflow_tutorial/.venv/lib/python3.10/site-packages/airflow/example_dags/example_short_circuit_decorator.py
[2023-11-24T11:04:19.092+0800] {processor.py:829} INFO - Processing file /home/azfarmustafa/airflow_tutorial/.venv/lib/python3.10/site-packages/airflow/example_dags/example_short_circuit_decorator.py for tasks to queue
[2023-11-24T11:04:19.093+0800] {logging_mixin.py:154} INFO - [2023-11-24T11:04:19.093+0800] {dagbag.py:536} INFO - Filling up the DagBag from /home/azfarmustafa/airflow_tutorial/.venv/lib/python3.10/site-packages/airflow/example_dags/example_short_circuit_decorator.py
[2023-11-24T11:04:19.101+0800] {processor.py:839} INFO - DAG(s) dict_keys(['example_short_circuit_decorator']) retrieved from /home/azfarmustafa/airflow_tutorial/.venv/lib/python3.10/site-packages/airflow/example_dags/example_short_circuit_decorator.py
[2023-11-24T11:04:19.118+0800] {logging_mixin.py:154} INFO - [2023-11-24T11:04:19.118+0800] {dag.py:2941} INFO - Sync 1 DAGs
[2023-11-24T11:04:19.139+0800] {logging_mixin.py:154} INFO - [2023-11-24T11:04:19.139+0800] {dag.py:3722} INFO - Setting next_dagrun for example_short_circuit_decorator to 2023-11-23T03:04:19.139328+00:00, run_after=2023-11-24T03:04:19.139328+00:00
[2023-11-24T11:04:19.166+0800] {processor.py:179} INFO - Processing /home/azfarmustafa/airflow_tutorial/.venv/lib/python3.10/site-packages/airflow/example_dags/example_short_circuit_decorator.py took 0.079 seconds
