[2023-11-24T10:25:37.024+0800] {processor.py:157} INFO - Started process (PID=58694) to work on /home/azfarmustafa/airflow_tutorial/.venv/lib/python3.10/site-packages/airflow/example_dags/example_trigger_target_dag.py
[2023-11-24T10:25:37.025+0800] {processor.py:829} INFO - Processing file /home/azfarmustafa/airflow_tutorial/.venv/lib/python3.10/site-packages/airflow/example_dags/example_trigger_target_dag.py for tasks to queue
[2023-11-24T10:25:37.026+0800] {logging_mixin.py:154} INFO - [2023-11-24T10:25:37.025+0800] {dagbag.py:536} INFO - Filling up the DagBag from /home/azfarmustafa/airflow_tutorial/.venv/lib/python3.10/site-packages/airflow/example_dags/example_trigger_target_dag.py
[2023-11-24T10:25:37.032+0800] {processor.py:839} INFO - DAG(s) dict_keys(['example_trigger_target_dag']) retrieved from /home/azfarmustafa/airflow_tutorial/.venv/lib/python3.10/site-packages/airflow/example_dags/example_trigger_target_dag.py
[2023-11-24T10:25:37.049+0800] {logging_mixin.py:154} INFO - [2023-11-24T10:25:37.049+0800] {dag.py:2941} INFO - Sync 1 DAGs
[2023-11-24T10:25:37.059+0800] {logging_mixin.py:154} INFO - [2023-11-24T10:25:37.059+0800] {dag.py:3722} INFO - Setting next_dagrun for example_trigger_target_dag to None, run_after=None
[2023-11-24T10:25:37.085+0800] {processor.py:179} INFO - Processing /home/azfarmustafa/airflow_tutorial/.venv/lib/python3.10/site-packages/airflow/example_dags/example_trigger_target_dag.py took 0.063 seconds
[2023-11-24T10:26:24.832+0800] {processor.py:157} INFO - Started process (PID=58744) to work on /home/azfarmustafa/airflow_tutorial/.venv/lib/python3.10/site-packages/airflow/example_dags/example_trigger_target_dag.py
[2023-11-24T10:26:24.834+0800] {processor.py:829} INFO - Processing file /home/azfarmustafa/airflow_tutorial/.venv/lib/python3.10/site-packages/airflow/example_dags/example_trigger_target_dag.py for tasks to queue
[2023-11-24T10:26:24.835+0800] {logging_mixin.py:154} INFO - [2023-11-24T10:26:24.835+0800] {dagbag.py:536} INFO - Filling up the DagBag from /home/azfarmustafa/airflow_tutorial/.venv/lib/python3.10/site-packages/airflow/example_dags/example_trigger_target_dag.py
[2023-11-24T10:26:24.840+0800] {processor.py:839} INFO - DAG(s) dict_keys(['example_trigger_target_dag']) retrieved from /home/azfarmustafa/airflow_tutorial/.venv/lib/python3.10/site-packages/airflow/example_dags/example_trigger_target_dag.py
[2023-11-24T10:26:24.857+0800] {logging_mixin.py:154} INFO - [2023-11-24T10:26:24.857+0800] {dag.py:2941} INFO - Sync 1 DAGs
[2023-11-24T10:26:24.870+0800] {logging_mixin.py:154} INFO - [2023-11-24T10:26:24.870+0800] {dag.py:3722} INFO - Setting next_dagrun for example_trigger_target_dag to None, run_after=None
[2023-11-24T10:26:24.898+0800] {processor.py:179} INFO - Processing /home/azfarmustafa/airflow_tutorial/.venv/lib/python3.10/site-packages/airflow/example_dags/example_trigger_target_dag.py took 0.069 seconds
[2023-11-24T10:27:10.350+0800] {processor.py:157} INFO - Started process (PID=58797) to work on /home/azfarmustafa/airflow_tutorial/.venv/lib/python3.10/site-packages/airflow/example_dags/example_trigger_target_dag.py
[2023-11-24T10:27:10.355+0800] {processor.py:829} INFO - Processing file /home/azfarmustafa/airflow_tutorial/.venv/lib/python3.10/site-packages/airflow/example_dags/example_trigger_target_dag.py for tasks to queue
[2023-11-24T10:27:10.356+0800] {logging_mixin.py:154} INFO - [2023-11-24T10:27:10.355+0800] {dagbag.py:536} INFO - Filling up the DagBag from /home/azfarmustafa/airflow_tutorial/.venv/lib/python3.10/site-packages/airflow/example_dags/example_trigger_target_dag.py
[2023-11-24T10:27:10.363+0800] {processor.py:839} INFO - DAG(s) dict_keys(['example_trigger_target_dag']) retrieved from /home/azfarmustafa/airflow_tutorial/.venv/lib/python3.10/site-packages/airflow/example_dags/example_trigger_target_dag.py
[2023-11-24T10:27:10.381+0800] {logging_mixin.py:154} INFO - [2023-11-24T10:27:10.381+0800] {dag.py:2941} INFO - Sync 1 DAGs
[2023-11-24T10:27:10.392+0800] {logging_mixin.py:154} INFO - [2023-11-24T10:27:10.392+0800] {dag.py:3722} INFO - Setting next_dagrun for example_trigger_target_dag to None, run_after=None
[2023-11-24T10:27:10.416+0800] {processor.py:179} INFO - Processing /home/azfarmustafa/airflow_tutorial/.venv/lib/python3.10/site-packages/airflow/example_dags/example_trigger_target_dag.py took 0.069 seconds
[2023-11-24T10:27:56.986+0800] {processor.py:157} INFO - Started process (PID=58844) to work on /home/azfarmustafa/airflow_tutorial/.venv/lib/python3.10/site-packages/airflow/example_dags/example_trigger_target_dag.py
[2023-11-24T10:27:56.990+0800] {processor.py:829} INFO - Processing file /home/azfarmustafa/airflow_tutorial/.venv/lib/python3.10/site-packages/airflow/example_dags/example_trigger_target_dag.py for tasks to queue
[2023-11-24T10:27:56.991+0800] {logging_mixin.py:154} INFO - [2023-11-24T10:27:56.991+0800] {dagbag.py:536} INFO - Filling up the DagBag from /home/azfarmustafa/airflow_tutorial/.venv/lib/python3.10/site-packages/airflow/example_dags/example_trigger_target_dag.py
[2023-11-24T10:27:56.996+0800] {processor.py:839} INFO - DAG(s) dict_keys(['example_trigger_target_dag']) retrieved from /home/azfarmustafa/airflow_tutorial/.venv/lib/python3.10/site-packages/airflow/example_dags/example_trigger_target_dag.py
[2023-11-24T10:27:57.015+0800] {logging_mixin.py:154} INFO - [2023-11-24T10:27:57.015+0800] {dag.py:2941} INFO - Sync 1 DAGs
[2023-11-24T10:27:57.026+0800] {logging_mixin.py:154} INFO - [2023-11-24T10:27:57.026+0800] {dag.py:3722} INFO - Setting next_dagrun for example_trigger_target_dag to None, run_after=None
[2023-11-24T10:27:57.053+0800] {processor.py:179} INFO - Processing /home/azfarmustafa/airflow_tutorial/.venv/lib/python3.10/site-packages/airflow/example_dags/example_trigger_target_dag.py took 0.070 seconds
[2023-11-24T10:28:45.066+0800] {processor.py:157} INFO - Started process (PID=58898) to work on /home/azfarmustafa/airflow_tutorial/.venv/lib/python3.10/site-packages/airflow/example_dags/example_trigger_target_dag.py
[2023-11-24T10:28:45.067+0800] {processor.py:829} INFO - Processing file /home/azfarmustafa/airflow_tutorial/.venv/lib/python3.10/site-packages/airflow/example_dags/example_trigger_target_dag.py for tasks to queue
[2023-11-24T10:28:45.068+0800] {logging_mixin.py:154} INFO - [2023-11-24T10:28:45.068+0800] {dagbag.py:536} INFO - Filling up the DagBag from /home/azfarmustafa/airflow_tutorial/.venv/lib/python3.10/site-packages/airflow/example_dags/example_trigger_target_dag.py
[2023-11-24T10:28:45.074+0800] {processor.py:839} INFO - DAG(s) dict_keys(['example_trigger_target_dag']) retrieved from /home/azfarmustafa/airflow_tutorial/.venv/lib/python3.10/site-packages/airflow/example_dags/example_trigger_target_dag.py
[2023-11-24T10:28:45.088+0800] {logging_mixin.py:154} INFO - [2023-11-24T10:28:45.088+0800] {dag.py:2941} INFO - Sync 1 DAGs
[2023-11-24T10:28:45.100+0800] {logging_mixin.py:154} INFO - [2023-11-24T10:28:45.100+0800] {dag.py:3722} INFO - Setting next_dagrun for example_trigger_target_dag to None, run_after=None
[2023-11-24T10:28:45.130+0800] {processor.py:179} INFO - Processing /home/azfarmustafa/airflow_tutorial/.venv/lib/python3.10/site-packages/airflow/example_dags/example_trigger_target_dag.py took 0.067 seconds
[2023-11-24T10:29:31.875+0800] {processor.py:157} INFO - Started process (PID=58946) to work on /home/azfarmustafa/airflow_tutorial/.venv/lib/python3.10/site-packages/airflow/example_dags/example_trigger_target_dag.py
[2023-11-24T10:29:31.879+0800] {processor.py:829} INFO - Processing file /home/azfarmustafa/airflow_tutorial/.venv/lib/python3.10/site-packages/airflow/example_dags/example_trigger_target_dag.py for tasks to queue
[2023-11-24T10:29:31.879+0800] {logging_mixin.py:154} INFO - [2023-11-24T10:29:31.879+0800] {dagbag.py:536} INFO - Filling up the DagBag from /home/azfarmustafa/airflow_tutorial/.venv/lib/python3.10/site-packages/airflow/example_dags/example_trigger_target_dag.py
[2023-11-24T10:29:31.884+0800] {processor.py:839} INFO - DAG(s) dict_keys(['example_trigger_target_dag']) retrieved from /home/azfarmustafa/airflow_tutorial/.venv/lib/python3.10/site-packages/airflow/example_dags/example_trigger_target_dag.py
[2023-11-24T10:29:31.897+0800] {logging_mixin.py:154} INFO - [2023-11-24T10:29:31.897+0800] {dag.py:2941} INFO - Sync 1 DAGs
[2023-11-24T10:29:31.909+0800] {logging_mixin.py:154} INFO - [2023-11-24T10:29:31.909+0800] {dag.py:3722} INFO - Setting next_dagrun for example_trigger_target_dag to None, run_after=None
[2023-11-24T10:29:31.934+0800] {processor.py:179} INFO - Processing /home/azfarmustafa/airflow_tutorial/.venv/lib/python3.10/site-packages/airflow/example_dags/example_trigger_target_dag.py took 0.062 seconds
[2023-11-24T10:30:21.029+0800] {processor.py:157} INFO - Started process (PID=58995) to work on /home/azfarmustafa/airflow_tutorial/.venv/lib/python3.10/site-packages/airflow/example_dags/example_trigger_target_dag.py
[2023-11-24T10:30:21.033+0800] {processor.py:829} INFO - Processing file /home/azfarmustafa/airflow_tutorial/.venv/lib/python3.10/site-packages/airflow/example_dags/example_trigger_target_dag.py for tasks to queue
[2023-11-24T10:30:21.034+0800] {logging_mixin.py:154} INFO - [2023-11-24T10:30:21.034+0800] {dagbag.py:536} INFO - Filling up the DagBag from /home/azfarmustafa/airflow_tutorial/.venv/lib/python3.10/site-packages/airflow/example_dags/example_trigger_target_dag.py
[2023-11-24T10:30:21.039+0800] {processor.py:839} INFO - DAG(s) dict_keys(['example_trigger_target_dag']) retrieved from /home/azfarmustafa/airflow_tutorial/.venv/lib/python3.10/site-packages/airflow/example_dags/example_trigger_target_dag.py
[2023-11-24T10:30:21.056+0800] {logging_mixin.py:154} INFO - [2023-11-24T10:30:21.056+0800] {dag.py:2941} INFO - Sync 1 DAGs
[2023-11-24T10:30:21.068+0800] {logging_mixin.py:154} INFO - [2023-11-24T10:30:21.068+0800] {dag.py:3722} INFO - Setting next_dagrun for example_trigger_target_dag to None, run_after=None
[2023-11-24T10:30:21.095+0800] {processor.py:179} INFO - Processing /home/azfarmustafa/airflow_tutorial/.venv/lib/python3.10/site-packages/airflow/example_dags/example_trigger_target_dag.py took 0.070 seconds
[2023-11-24T10:31:07.582+0800] {processor.py:157} INFO - Started process (PID=59043) to work on /home/azfarmustafa/airflow_tutorial/.venv/lib/python3.10/site-packages/airflow/example_dags/example_trigger_target_dag.py
[2023-11-24T10:31:07.583+0800] {processor.py:829} INFO - Processing file /home/azfarmustafa/airflow_tutorial/.venv/lib/python3.10/site-packages/airflow/example_dags/example_trigger_target_dag.py for tasks to queue
[2023-11-24T10:31:07.584+0800] {logging_mixin.py:154} INFO - [2023-11-24T10:31:07.584+0800] {dagbag.py:536} INFO - Filling up the DagBag from /home/azfarmustafa/airflow_tutorial/.venv/lib/python3.10/site-packages/airflow/example_dags/example_trigger_target_dag.py
[2023-11-24T10:31:07.589+0800] {processor.py:839} INFO - DAG(s) dict_keys(['example_trigger_target_dag']) retrieved from /home/azfarmustafa/airflow_tutorial/.venv/lib/python3.10/site-packages/airflow/example_dags/example_trigger_target_dag.py
[2023-11-24T10:31:07.602+0800] {logging_mixin.py:154} INFO - [2023-11-24T10:31:07.602+0800] {dag.py:2941} INFO - Sync 1 DAGs
[2023-11-24T10:31:07.612+0800] {logging_mixin.py:154} INFO - [2023-11-24T10:31:07.612+0800] {dag.py:3722} INFO - Setting next_dagrun for example_trigger_target_dag to None, run_after=None
[2023-11-24T10:31:07.636+0800] {processor.py:179} INFO - Processing /home/azfarmustafa/airflow_tutorial/.venv/lib/python3.10/site-packages/airflow/example_dags/example_trigger_target_dag.py took 0.057 seconds
[2023-11-24T10:31:51.728+0800] {processor.py:157} INFO - Started process (PID=59089) to work on /home/azfarmustafa/airflow_tutorial/.venv/lib/python3.10/site-packages/airflow/example_dags/example_trigger_target_dag.py
[2023-11-24T10:31:51.733+0800] {processor.py:829} INFO - Processing file /home/azfarmustafa/airflow_tutorial/.venv/lib/python3.10/site-packages/airflow/example_dags/example_trigger_target_dag.py for tasks to queue
[2023-11-24T10:31:51.735+0800] {logging_mixin.py:154} INFO - [2023-11-24T10:31:51.734+0800] {dagbag.py:536} INFO - Filling up the DagBag from /home/azfarmustafa/airflow_tutorial/.venv/lib/python3.10/site-packages/airflow/example_dags/example_trigger_target_dag.py
[2023-11-24T10:31:51.741+0800] {processor.py:839} INFO - DAG(s) dict_keys(['example_trigger_target_dag']) retrieved from /home/azfarmustafa/airflow_tutorial/.venv/lib/python3.10/site-packages/airflow/example_dags/example_trigger_target_dag.py
[2023-11-24T10:31:51.755+0800] {logging_mixin.py:154} INFO - [2023-11-24T10:31:51.755+0800] {dag.py:2941} INFO - Sync 1 DAGs
[2023-11-24T10:31:51.766+0800] {logging_mixin.py:154} INFO - [2023-11-24T10:31:51.766+0800] {dag.py:3722} INFO - Setting next_dagrun for example_trigger_target_dag to None, run_after=None
[2023-11-24T10:31:51.793+0800] {processor.py:179} INFO - Processing /home/azfarmustafa/airflow_tutorial/.venv/lib/python3.10/site-packages/airflow/example_dags/example_trigger_target_dag.py took 0.067 seconds
[2023-11-24T10:32:43.296+0800] {processor.py:157} INFO - Started process (PID=59139) to work on /home/azfarmustafa/airflow_tutorial/.venv/lib/python3.10/site-packages/airflow/example_dags/example_trigger_target_dag.py
[2023-11-24T10:32:43.301+0800] {processor.py:829} INFO - Processing file /home/azfarmustafa/airflow_tutorial/.venv/lib/python3.10/site-packages/airflow/example_dags/example_trigger_target_dag.py for tasks to queue
[2023-11-24T10:32:43.303+0800] {logging_mixin.py:154} INFO - [2023-11-24T10:32:43.302+0800] {dagbag.py:536} INFO - Filling up the DagBag from /home/azfarmustafa/airflow_tutorial/.venv/lib/python3.10/site-packages/airflow/example_dags/example_trigger_target_dag.py
[2023-11-24T10:32:43.311+0800] {processor.py:839} INFO - DAG(s) dict_keys(['example_trigger_target_dag']) retrieved from /home/azfarmustafa/airflow_tutorial/.venv/lib/python3.10/site-packages/airflow/example_dags/example_trigger_target_dag.py
[2023-11-24T10:32:43.325+0800] {logging_mixin.py:154} INFO - [2023-11-24T10:32:43.324+0800] {dag.py:2941} INFO - Sync 1 DAGs
[2023-11-24T10:32:43.335+0800] {logging_mixin.py:154} INFO - [2023-11-24T10:32:43.335+0800] {dag.py:3722} INFO - Setting next_dagrun for example_trigger_target_dag to None, run_after=None
[2023-11-24T10:32:43.361+0800] {processor.py:179} INFO - Processing /home/azfarmustafa/airflow_tutorial/.venv/lib/python3.10/site-packages/airflow/example_dags/example_trigger_target_dag.py took 0.067 seconds
[2023-11-24T10:33:33.057+0800] {processor.py:157} INFO - Started process (PID=59189) to work on /home/azfarmustafa/airflow_tutorial/.venv/lib/python3.10/site-packages/airflow/example_dags/example_trigger_target_dag.py
[2023-11-24T10:33:33.062+0800] {processor.py:829} INFO - Processing file /home/azfarmustafa/airflow_tutorial/.venv/lib/python3.10/site-packages/airflow/example_dags/example_trigger_target_dag.py for tasks to queue
[2023-11-24T10:33:33.063+0800] {logging_mixin.py:154} INFO - [2023-11-24T10:33:33.063+0800] {dagbag.py:536} INFO - Filling up the DagBag from /home/azfarmustafa/airflow_tutorial/.venv/lib/python3.10/site-packages/airflow/example_dags/example_trigger_target_dag.py
[2023-11-24T10:33:33.069+0800] {processor.py:839} INFO - DAG(s) dict_keys(['example_trigger_target_dag']) retrieved from /home/azfarmustafa/airflow_tutorial/.venv/lib/python3.10/site-packages/airflow/example_dags/example_trigger_target_dag.py
[2023-11-24T10:33:33.084+0800] {logging_mixin.py:154} INFO - [2023-11-24T10:33:33.084+0800] {dag.py:2941} INFO - Sync 1 DAGs
[2023-11-24T10:33:33.098+0800] {logging_mixin.py:154} INFO - [2023-11-24T10:33:33.098+0800] {dag.py:3722} INFO - Setting next_dagrun for example_trigger_target_dag to None, run_after=None
[2023-11-24T10:33:33.170+0800] {processor.py:179} INFO - Processing /home/azfarmustafa/airflow_tutorial/.venv/lib/python3.10/site-packages/airflow/example_dags/example_trigger_target_dag.py took 0.116 seconds
[2023-11-24T10:34:08.301+0800] {processor.py:157} INFO - Started process (PID=59223) to work on /home/azfarmustafa/airflow_tutorial/.venv/lib/python3.10/site-packages/airflow/example_dags/example_trigger_target_dag.py
[2023-11-24T10:34:08.305+0800] {processor.py:829} INFO - Processing file /home/azfarmustafa/airflow_tutorial/.venv/lib/python3.10/site-packages/airflow/example_dags/example_trigger_target_dag.py for tasks to queue
[2023-11-24T10:34:08.306+0800] {logging_mixin.py:154} INFO - [2023-11-24T10:34:08.306+0800] {dagbag.py:536} INFO - Filling up the DagBag from /home/azfarmustafa/airflow_tutorial/.venv/lib/python3.10/site-packages/airflow/example_dags/example_trigger_target_dag.py
[2023-11-24T10:34:08.311+0800] {processor.py:839} INFO - DAG(s) dict_keys(['example_trigger_target_dag']) retrieved from /home/azfarmustafa/airflow_tutorial/.venv/lib/python3.10/site-packages/airflow/example_dags/example_trigger_target_dag.py
[2023-11-24T10:34:08.328+0800] {logging_mixin.py:154} INFO - [2023-11-24T10:34:08.328+0800] {dag.py:2941} INFO - Sync 1 DAGs
[2023-11-24T10:34:08.343+0800] {logging_mixin.py:154} INFO - [2023-11-24T10:34:08.343+0800] {dag.py:3722} INFO - Setting next_dagrun for example_trigger_target_dag to None, run_after=None
[2023-11-24T10:34:08.371+0800] {processor.py:179} INFO - Processing /home/azfarmustafa/airflow_tutorial/.venv/lib/python3.10/site-packages/airflow/example_dags/example_trigger_target_dag.py took 0.076 seconds
[2023-11-24T10:34:52.140+0800] {processor.py:157} INFO - Started process (PID=59275) to work on /home/azfarmustafa/airflow_tutorial/.venv/lib/python3.10/site-packages/airflow/example_dags/example_trigger_target_dag.py
[2023-11-24T10:34:52.145+0800] {processor.py:829} INFO - Processing file /home/azfarmustafa/airflow_tutorial/.venv/lib/python3.10/site-packages/airflow/example_dags/example_trigger_target_dag.py for tasks to queue
[2023-11-24T10:34:52.146+0800] {logging_mixin.py:154} INFO - [2023-11-24T10:34:52.145+0800] {dagbag.py:536} INFO - Filling up the DagBag from /home/azfarmustafa/airflow_tutorial/.venv/lib/python3.10/site-packages/airflow/example_dags/example_trigger_target_dag.py
[2023-11-24T10:34:52.152+0800] {processor.py:839} INFO - DAG(s) dict_keys(['example_trigger_target_dag']) retrieved from /home/azfarmustafa/airflow_tutorial/.venv/lib/python3.10/site-packages/airflow/example_dags/example_trigger_target_dag.py
[2023-11-24T10:34:52.166+0800] {logging_mixin.py:154} INFO - [2023-11-24T10:34:52.166+0800] {dag.py:2941} INFO - Sync 1 DAGs
[2023-11-24T10:34:52.176+0800] {logging_mixin.py:154} INFO - [2023-11-24T10:34:52.175+0800] {dag.py:3722} INFO - Setting next_dagrun for example_trigger_target_dag to None, run_after=None
[2023-11-24T10:34:52.206+0800] {processor.py:179} INFO - Processing /home/azfarmustafa/airflow_tutorial/.venv/lib/python3.10/site-packages/airflow/example_dags/example_trigger_target_dag.py took 0.069 seconds
[2023-11-24T10:35:26.919+0800] {processor.py:157} INFO - Started process (PID=59309) to work on /home/azfarmustafa/airflow_tutorial/.venv/lib/python3.10/site-packages/airflow/example_dags/example_trigger_target_dag.py
[2023-11-24T10:35:26.920+0800] {processor.py:829} INFO - Processing file /home/azfarmustafa/airflow_tutorial/.venv/lib/python3.10/site-packages/airflow/example_dags/example_trigger_target_dag.py for tasks to queue
[2023-11-24T10:35:26.921+0800] {logging_mixin.py:154} INFO - [2023-11-24T10:35:26.920+0800] {dagbag.py:536} INFO - Filling up the DagBag from /home/azfarmustafa/airflow_tutorial/.venv/lib/python3.10/site-packages/airflow/example_dags/example_trigger_target_dag.py
[2023-11-24T10:35:26.925+0800] {processor.py:839} INFO - DAG(s) dict_keys(['example_trigger_target_dag']) retrieved from /home/azfarmustafa/airflow_tutorial/.venv/lib/python3.10/site-packages/airflow/example_dags/example_trigger_target_dag.py
[2023-11-24T10:35:26.940+0800] {logging_mixin.py:154} INFO - [2023-11-24T10:35:26.940+0800] {dag.py:2941} INFO - Sync 1 DAGs
[2023-11-24T10:35:26.953+0800] {logging_mixin.py:154} INFO - [2023-11-24T10:35:26.953+0800] {dag.py:3722} INFO - Setting next_dagrun for example_trigger_target_dag to None, run_after=None
[2023-11-24T10:35:26.978+0800] {processor.py:179} INFO - Processing /home/azfarmustafa/airflow_tutorial/.venv/lib/python3.10/site-packages/airflow/example_dags/example_trigger_target_dag.py took 0.065 seconds
[2023-11-24T10:36:08.163+0800] {processor.py:157} INFO - Started process (PID=59355) to work on /home/azfarmustafa/airflow_tutorial/.venv/lib/python3.10/site-packages/airflow/example_dags/example_trigger_target_dag.py
[2023-11-24T10:36:08.167+0800] {processor.py:829} INFO - Processing file /home/azfarmustafa/airflow_tutorial/.venv/lib/python3.10/site-packages/airflow/example_dags/example_trigger_target_dag.py for tasks to queue
[2023-11-24T10:36:08.168+0800] {logging_mixin.py:154} INFO - [2023-11-24T10:36:08.168+0800] {dagbag.py:536} INFO - Filling up the DagBag from /home/azfarmustafa/airflow_tutorial/.venv/lib/python3.10/site-packages/airflow/example_dags/example_trigger_target_dag.py
[2023-11-24T10:36:08.176+0800] {processor.py:839} INFO - DAG(s) dict_keys(['example_trigger_target_dag']) retrieved from /home/azfarmustafa/airflow_tutorial/.venv/lib/python3.10/site-packages/airflow/example_dags/example_trigger_target_dag.py
[2023-11-24T10:36:08.192+0800] {logging_mixin.py:154} INFO - [2023-11-24T10:36:08.192+0800] {dag.py:2941} INFO - Sync 1 DAGs
[2023-11-24T10:36:08.205+0800] {logging_mixin.py:154} INFO - [2023-11-24T10:36:08.204+0800] {dag.py:3722} INFO - Setting next_dagrun for example_trigger_target_dag to None, run_after=None
[2023-11-24T10:36:08.234+0800] {processor.py:179} INFO - Processing /home/azfarmustafa/airflow_tutorial/.venv/lib/python3.10/site-packages/airflow/example_dags/example_trigger_target_dag.py took 0.073 seconds
[2023-11-24T10:36:50.667+0800] {processor.py:157} INFO - Started process (PID=59398) to work on /home/azfarmustafa/airflow_tutorial/.venv/lib/python3.10/site-packages/airflow/example_dags/example_trigger_target_dag.py
[2023-11-24T10:36:50.669+0800] {processor.py:829} INFO - Processing file /home/azfarmustafa/airflow_tutorial/.venv/lib/python3.10/site-packages/airflow/example_dags/example_trigger_target_dag.py for tasks to queue
[2023-11-24T10:36:50.670+0800] {logging_mixin.py:154} INFO - [2023-11-24T10:36:50.670+0800] {dagbag.py:536} INFO - Filling up the DagBag from /home/azfarmustafa/airflow_tutorial/.venv/lib/python3.10/site-packages/airflow/example_dags/example_trigger_target_dag.py
[2023-11-24T10:36:50.678+0800] {processor.py:839} INFO - DAG(s) dict_keys(['example_trigger_target_dag']) retrieved from /home/azfarmustafa/airflow_tutorial/.venv/lib/python3.10/site-packages/airflow/example_dags/example_trigger_target_dag.py
[2023-11-24T10:36:50.700+0800] {logging_mixin.py:154} INFO - [2023-11-24T10:36:50.700+0800] {dag.py:2941} INFO - Sync 1 DAGs
[2023-11-24T10:36:50.711+0800] {logging_mixin.py:154} INFO - [2023-11-24T10:36:50.711+0800] {dag.py:3722} INFO - Setting next_dagrun for example_trigger_target_dag to None, run_after=None
[2023-11-24T10:36:50.739+0800] {processor.py:179} INFO - Processing /home/azfarmustafa/airflow_tutorial/.venv/lib/python3.10/site-packages/airflow/example_dags/example_trigger_target_dag.py took 0.076 seconds
[2023-11-24T10:37:35.885+0800] {processor.py:157} INFO - Started process (PID=59445) to work on /home/azfarmustafa/airflow_tutorial/.venv/lib/python3.10/site-packages/airflow/example_dags/example_trigger_target_dag.py
[2023-11-24T10:37:35.889+0800] {processor.py:829} INFO - Processing file /home/azfarmustafa/airflow_tutorial/.venv/lib/python3.10/site-packages/airflow/example_dags/example_trigger_target_dag.py for tasks to queue
[2023-11-24T10:37:35.890+0800] {logging_mixin.py:154} INFO - [2023-11-24T10:37:35.889+0800] {dagbag.py:536} INFO - Filling up the DagBag from /home/azfarmustafa/airflow_tutorial/.venv/lib/python3.10/site-packages/airflow/example_dags/example_trigger_target_dag.py
[2023-11-24T10:37:35.895+0800] {processor.py:839} INFO - DAG(s) dict_keys(['example_trigger_target_dag']) retrieved from /home/azfarmustafa/airflow_tutorial/.venv/lib/python3.10/site-packages/airflow/example_dags/example_trigger_target_dag.py
[2023-11-24T10:37:35.908+0800] {logging_mixin.py:154} INFO - [2023-11-24T10:37:35.908+0800] {dag.py:2941} INFO - Sync 1 DAGs
[2023-11-24T10:37:35.918+0800] {logging_mixin.py:154} INFO - [2023-11-24T10:37:35.918+0800] {dag.py:3722} INFO - Setting next_dagrun for example_trigger_target_dag to None, run_after=None
[2023-11-24T10:37:35.945+0800] {processor.py:179} INFO - Processing /home/azfarmustafa/airflow_tutorial/.venv/lib/python3.10/site-packages/airflow/example_dags/example_trigger_target_dag.py took 0.062 seconds
[2023-11-24T10:38:23.405+0800] {processor.py:157} INFO - Started process (PID=59493) to work on /home/azfarmustafa/airflow_tutorial/.venv/lib/python3.10/site-packages/airflow/example_dags/example_trigger_target_dag.py
[2023-11-24T10:38:23.409+0800] {processor.py:829} INFO - Processing file /home/azfarmustafa/airflow_tutorial/.venv/lib/python3.10/site-packages/airflow/example_dags/example_trigger_target_dag.py for tasks to queue
[2023-11-24T10:38:23.410+0800] {logging_mixin.py:154} INFO - [2023-11-24T10:38:23.410+0800] {dagbag.py:536} INFO - Filling up the DagBag from /home/azfarmustafa/airflow_tutorial/.venv/lib/python3.10/site-packages/airflow/example_dags/example_trigger_target_dag.py
[2023-11-24T10:38:23.416+0800] {processor.py:839} INFO - DAG(s) dict_keys(['example_trigger_target_dag']) retrieved from /home/azfarmustafa/airflow_tutorial/.venv/lib/python3.10/site-packages/airflow/example_dags/example_trigger_target_dag.py
[2023-11-24T10:38:23.430+0800] {logging_mixin.py:154} INFO - [2023-11-24T10:38:23.430+0800] {dag.py:2941} INFO - Sync 1 DAGs
[2023-11-24T10:38:23.440+0800] {logging_mixin.py:154} INFO - [2023-11-24T10:38:23.440+0800] {dag.py:3722} INFO - Setting next_dagrun for example_trigger_target_dag to None, run_after=None
[2023-11-24T10:38:23.464+0800] {processor.py:179} INFO - Processing /home/azfarmustafa/airflow_tutorial/.venv/lib/python3.10/site-packages/airflow/example_dags/example_trigger_target_dag.py took 0.061 seconds
[2023-11-24T10:39:12.711+0800] {processor.py:157} INFO - Started process (PID=59542) to work on /home/azfarmustafa/airflow_tutorial/.venv/lib/python3.10/site-packages/airflow/example_dags/example_trigger_target_dag.py
[2023-11-24T10:39:12.715+0800] {processor.py:829} INFO - Processing file /home/azfarmustafa/airflow_tutorial/.venv/lib/python3.10/site-packages/airflow/example_dags/example_trigger_target_dag.py for tasks to queue
[2023-11-24T10:39:12.716+0800] {logging_mixin.py:154} INFO - [2023-11-24T10:39:12.716+0800] {dagbag.py:536} INFO - Filling up the DagBag from /home/azfarmustafa/airflow_tutorial/.venv/lib/python3.10/site-packages/airflow/example_dags/example_trigger_target_dag.py
[2023-11-24T10:39:12.721+0800] {processor.py:839} INFO - DAG(s) dict_keys(['example_trigger_target_dag']) retrieved from /home/azfarmustafa/airflow_tutorial/.venv/lib/python3.10/site-packages/airflow/example_dags/example_trigger_target_dag.py
[2023-11-24T10:39:12.735+0800] {logging_mixin.py:154} INFO - [2023-11-24T10:39:12.735+0800] {dag.py:2941} INFO - Sync 1 DAGs
[2023-11-24T10:39:12.746+0800] {logging_mixin.py:154} INFO - [2023-11-24T10:39:12.745+0800] {dag.py:3722} INFO - Setting next_dagrun for example_trigger_target_dag to None, run_after=None
[2023-11-24T10:39:12.767+0800] {processor.py:179} INFO - Processing /home/azfarmustafa/airflow_tutorial/.venv/lib/python3.10/site-packages/airflow/example_dags/example_trigger_target_dag.py took 0.059 seconds
[2023-11-24T10:40:02.844+0800] {processor.py:157} INFO - Started process (PID=59591) to work on /home/azfarmustafa/airflow_tutorial/.venv/lib/python3.10/site-packages/airflow/example_dags/example_trigger_target_dag.py
[2023-11-24T10:40:02.849+0800] {processor.py:829} INFO - Processing file /home/azfarmustafa/airflow_tutorial/.venv/lib/python3.10/site-packages/airflow/example_dags/example_trigger_target_dag.py for tasks to queue
[2023-11-24T10:40:02.850+0800] {logging_mixin.py:154} INFO - [2023-11-24T10:40:02.849+0800] {dagbag.py:536} INFO - Filling up the DagBag from /home/azfarmustafa/airflow_tutorial/.venv/lib/python3.10/site-packages/airflow/example_dags/example_trigger_target_dag.py
[2023-11-24T10:40:02.858+0800] {processor.py:839} INFO - DAG(s) dict_keys(['example_trigger_target_dag']) retrieved from /home/azfarmustafa/airflow_tutorial/.venv/lib/python3.10/site-packages/airflow/example_dags/example_trigger_target_dag.py
[2023-11-24T10:40:02.873+0800] {logging_mixin.py:154} INFO - [2023-11-24T10:40:02.872+0800] {dag.py:2941} INFO - Sync 1 DAGs
[2023-11-24T10:40:02.883+0800] {logging_mixin.py:154} INFO - [2023-11-24T10:40:02.883+0800] {dag.py:3722} INFO - Setting next_dagrun for example_trigger_target_dag to None, run_after=None
[2023-11-24T10:40:02.909+0800] {processor.py:179} INFO - Processing /home/azfarmustafa/airflow_tutorial/.venv/lib/python3.10/site-packages/airflow/example_dags/example_trigger_target_dag.py took 0.067 seconds
[2023-11-24T10:40:47.067+0800] {processor.py:157} INFO - Started process (PID=59637) to work on /home/azfarmustafa/airflow_tutorial/.venv/lib/python3.10/site-packages/airflow/example_dags/example_trigger_target_dag.py
[2023-11-24T10:40:47.069+0800] {processor.py:829} INFO - Processing file /home/azfarmustafa/airflow_tutorial/.venv/lib/python3.10/site-packages/airflow/example_dags/example_trigger_target_dag.py for tasks to queue
[2023-11-24T10:40:47.070+0800] {logging_mixin.py:154} INFO - [2023-11-24T10:40:47.069+0800] {dagbag.py:536} INFO - Filling up the DagBag from /home/azfarmustafa/airflow_tutorial/.venv/lib/python3.10/site-packages/airflow/example_dags/example_trigger_target_dag.py
[2023-11-24T10:40:47.075+0800] {processor.py:839} INFO - DAG(s) dict_keys(['example_trigger_target_dag']) retrieved from /home/azfarmustafa/airflow_tutorial/.venv/lib/python3.10/site-packages/airflow/example_dags/example_trigger_target_dag.py
[2023-11-24T10:40:47.088+0800] {logging_mixin.py:154} INFO - [2023-11-24T10:40:47.088+0800] {dag.py:2941} INFO - Sync 1 DAGs
[2023-11-24T10:40:47.098+0800] {logging_mixin.py:154} INFO - [2023-11-24T10:40:47.097+0800] {dag.py:3722} INFO - Setting next_dagrun for example_trigger_target_dag to None, run_after=None
[2023-11-24T10:40:47.120+0800] {processor.py:179} INFO - Processing /home/azfarmustafa/airflow_tutorial/.venv/lib/python3.10/site-packages/airflow/example_dags/example_trigger_target_dag.py took 0.056 seconds
[2023-11-24T10:41:36.249+0800] {processor.py:157} INFO - Started process (PID=59692) to work on /home/azfarmustafa/airflow_tutorial/.venv/lib/python3.10/site-packages/airflow/example_dags/example_trigger_target_dag.py
[2023-11-24T10:41:36.253+0800] {processor.py:829} INFO - Processing file /home/azfarmustafa/airflow_tutorial/.venv/lib/python3.10/site-packages/airflow/example_dags/example_trigger_target_dag.py for tasks to queue
[2023-11-24T10:41:36.253+0800] {logging_mixin.py:154} INFO - [2023-11-24T10:41:36.253+0800] {dagbag.py:536} INFO - Filling up the DagBag from /home/azfarmustafa/airflow_tutorial/.venv/lib/python3.10/site-packages/airflow/example_dags/example_trigger_target_dag.py
[2023-11-24T10:41:36.258+0800] {processor.py:839} INFO - DAG(s) dict_keys(['example_trigger_target_dag']) retrieved from /home/azfarmustafa/airflow_tutorial/.venv/lib/python3.10/site-packages/airflow/example_dags/example_trigger_target_dag.py
[2023-11-24T10:41:36.272+0800] {logging_mixin.py:154} INFO - [2023-11-24T10:41:36.271+0800] {dag.py:2941} INFO - Sync 1 DAGs
[2023-11-24T10:41:36.281+0800] {logging_mixin.py:154} INFO - [2023-11-24T10:41:36.281+0800] {dag.py:3722} INFO - Setting next_dagrun for example_trigger_target_dag to None, run_after=None
[2023-11-24T10:41:36.304+0800] {processor.py:179} INFO - Processing /home/azfarmustafa/airflow_tutorial/.venv/lib/python3.10/site-packages/airflow/example_dags/example_trigger_target_dag.py took 0.058 seconds
[2023-11-24T10:42:21.872+0800] {processor.py:157} INFO - Started process (PID=59739) to work on /home/azfarmustafa/airflow_tutorial/.venv/lib/python3.10/site-packages/airflow/example_dags/example_trigger_target_dag.py
[2023-11-24T10:42:21.873+0800] {processor.py:829} INFO - Processing file /home/azfarmustafa/airflow_tutorial/.venv/lib/python3.10/site-packages/airflow/example_dags/example_trigger_target_dag.py for tasks to queue
[2023-11-24T10:42:21.874+0800] {logging_mixin.py:154} INFO - [2023-11-24T10:42:21.873+0800] {dagbag.py:536} INFO - Filling up the DagBag from /home/azfarmustafa/airflow_tutorial/.venv/lib/python3.10/site-packages/airflow/example_dags/example_trigger_target_dag.py
[2023-11-24T10:42:21.881+0800] {processor.py:839} INFO - DAG(s) dict_keys(['example_trigger_target_dag']) retrieved from /home/azfarmustafa/airflow_tutorial/.venv/lib/python3.10/site-packages/airflow/example_dags/example_trigger_target_dag.py
[2023-11-24T10:42:21.896+0800] {logging_mixin.py:154} INFO - [2023-11-24T10:42:21.895+0800] {dag.py:2941} INFO - Sync 1 DAGs
[2023-11-24T10:42:21.906+0800] {logging_mixin.py:154} INFO - [2023-11-24T10:42:21.906+0800] {dag.py:3722} INFO - Setting next_dagrun for example_trigger_target_dag to None, run_after=None
[2023-11-24T10:42:21.934+0800] {processor.py:179} INFO - Processing /home/azfarmustafa/airflow_tutorial/.venv/lib/python3.10/site-packages/airflow/example_dags/example_trigger_target_dag.py took 0.065 seconds
[2023-11-24T10:43:11.153+0800] {processor.py:157} INFO - Started process (PID=59788) to work on /home/azfarmustafa/airflow_tutorial/.venv/lib/python3.10/site-packages/airflow/example_dags/example_trigger_target_dag.py
[2023-11-24T10:43:11.157+0800] {processor.py:829} INFO - Processing file /home/azfarmustafa/airflow_tutorial/.venv/lib/python3.10/site-packages/airflow/example_dags/example_trigger_target_dag.py for tasks to queue
[2023-11-24T10:43:11.158+0800] {logging_mixin.py:154} INFO - [2023-11-24T10:43:11.158+0800] {dagbag.py:536} INFO - Filling up the DagBag from /home/azfarmustafa/airflow_tutorial/.venv/lib/python3.10/site-packages/airflow/example_dags/example_trigger_target_dag.py
[2023-11-24T10:43:11.163+0800] {processor.py:839} INFO - DAG(s) dict_keys(['example_trigger_target_dag']) retrieved from /home/azfarmustafa/airflow_tutorial/.venv/lib/python3.10/site-packages/airflow/example_dags/example_trigger_target_dag.py
[2023-11-24T10:43:11.177+0800] {logging_mixin.py:154} INFO - [2023-11-24T10:43:11.177+0800] {dag.py:2941} INFO - Sync 1 DAGs
[2023-11-24T10:43:11.187+0800] {logging_mixin.py:154} INFO - [2023-11-24T10:43:11.187+0800] {dag.py:3722} INFO - Setting next_dagrun for example_trigger_target_dag to None, run_after=None
[2023-11-24T10:43:11.210+0800] {processor.py:179} INFO - Processing /home/azfarmustafa/airflow_tutorial/.venv/lib/python3.10/site-packages/airflow/example_dags/example_trigger_target_dag.py took 0.059 seconds
[2023-11-24T10:43:56.630+0800] {processor.py:157} INFO - Started process (PID=59835) to work on /home/azfarmustafa/airflow_tutorial/.venv/lib/python3.10/site-packages/airflow/example_dags/example_trigger_target_dag.py
[2023-11-24T10:43:56.632+0800] {processor.py:829} INFO - Processing file /home/azfarmustafa/airflow_tutorial/.venv/lib/python3.10/site-packages/airflow/example_dags/example_trigger_target_dag.py for tasks to queue
[2023-11-24T10:43:56.633+0800] {logging_mixin.py:154} INFO - [2023-11-24T10:43:56.633+0800] {dagbag.py:536} INFO - Filling up the DagBag from /home/azfarmustafa/airflow_tutorial/.venv/lib/python3.10/site-packages/airflow/example_dags/example_trigger_target_dag.py
[2023-11-24T10:43:56.639+0800] {processor.py:839} INFO - DAG(s) dict_keys(['example_trigger_target_dag']) retrieved from /home/azfarmustafa/airflow_tutorial/.venv/lib/python3.10/site-packages/airflow/example_dags/example_trigger_target_dag.py
[2023-11-24T10:43:56.657+0800] {logging_mixin.py:154} INFO - [2023-11-24T10:43:56.656+0800] {dag.py:2941} INFO - Sync 1 DAGs
[2023-11-24T10:43:56.668+0800] {logging_mixin.py:154} INFO - [2023-11-24T10:43:56.667+0800] {dag.py:3722} INFO - Setting next_dagrun for example_trigger_target_dag to None, run_after=None
[2023-11-24T10:43:56.694+0800] {processor.py:179} INFO - Processing /home/azfarmustafa/airflow_tutorial/.venv/lib/python3.10/site-packages/airflow/example_dags/example_trigger_target_dag.py took 0.068 seconds
[2023-11-24T10:44:30.693+0800] {processor.py:157} INFO - Started process (PID=59869) to work on /home/azfarmustafa/airflow_tutorial/.venv/lib/python3.10/site-packages/airflow/example_dags/example_trigger_target_dag.py
[2023-11-24T10:44:30.698+0800] {processor.py:829} INFO - Processing file /home/azfarmustafa/airflow_tutorial/.venv/lib/python3.10/site-packages/airflow/example_dags/example_trigger_target_dag.py for tasks to queue
[2023-11-24T10:44:30.699+0800] {logging_mixin.py:154} INFO - [2023-11-24T10:44:30.698+0800] {dagbag.py:536} INFO - Filling up the DagBag from /home/azfarmustafa/airflow_tutorial/.venv/lib/python3.10/site-packages/airflow/example_dags/example_trigger_target_dag.py
[2023-11-24T10:44:30.705+0800] {processor.py:839} INFO - DAG(s) dict_keys(['example_trigger_target_dag']) retrieved from /home/azfarmustafa/airflow_tutorial/.venv/lib/python3.10/site-packages/airflow/example_dags/example_trigger_target_dag.py
[2023-11-24T10:44:30.719+0800] {logging_mixin.py:154} INFO - [2023-11-24T10:44:30.719+0800] {dag.py:2941} INFO - Sync 1 DAGs
[2023-11-24T10:44:30.729+0800] {logging_mixin.py:154} INFO - [2023-11-24T10:44:30.728+0800] {dag.py:3722} INFO - Setting next_dagrun for example_trigger_target_dag to None, run_after=None
[2023-11-24T10:44:30.755+0800] {processor.py:179} INFO - Processing /home/azfarmustafa/airflow_tutorial/.venv/lib/python3.10/site-packages/airflow/example_dags/example_trigger_target_dag.py took 0.064 seconds
[2023-11-24T10:45:18.515+0800] {processor.py:157} INFO - Started process (PID=59917) to work on /home/azfarmustafa/airflow_tutorial/.venv/lib/python3.10/site-packages/airflow/example_dags/example_trigger_target_dag.py
[2023-11-24T10:45:18.519+0800] {processor.py:829} INFO - Processing file /home/azfarmustafa/airflow_tutorial/.venv/lib/python3.10/site-packages/airflow/example_dags/example_trigger_target_dag.py for tasks to queue
[2023-11-24T10:45:18.519+0800] {logging_mixin.py:154} INFO - [2023-11-24T10:45:18.519+0800] {dagbag.py:536} INFO - Filling up the DagBag from /home/azfarmustafa/airflow_tutorial/.venv/lib/python3.10/site-packages/airflow/example_dags/example_trigger_target_dag.py
[2023-11-24T10:45:18.524+0800] {processor.py:839} INFO - DAG(s) dict_keys(['example_trigger_target_dag']) retrieved from /home/azfarmustafa/airflow_tutorial/.venv/lib/python3.10/site-packages/airflow/example_dags/example_trigger_target_dag.py
[2023-11-24T10:45:18.538+0800] {logging_mixin.py:154} INFO - [2023-11-24T10:45:18.537+0800] {dag.py:2941} INFO - Sync 1 DAGs
[2023-11-24T10:45:18.548+0800] {logging_mixin.py:154} INFO - [2023-11-24T10:45:18.547+0800] {dag.py:3722} INFO - Setting next_dagrun for example_trigger_target_dag to None, run_after=None
[2023-11-24T10:45:18.569+0800] {processor.py:179} INFO - Processing /home/azfarmustafa/airflow_tutorial/.venv/lib/python3.10/site-packages/airflow/example_dags/example_trigger_target_dag.py took 0.057 seconds
[2023-11-24T10:46:04.982+0800] {processor.py:157} INFO - Started process (PID=59965) to work on /home/azfarmustafa/airflow_tutorial/.venv/lib/python3.10/site-packages/airflow/example_dags/example_trigger_target_dag.py
[2023-11-24T10:46:04.983+0800] {processor.py:829} INFO - Processing file /home/azfarmustafa/airflow_tutorial/.venv/lib/python3.10/site-packages/airflow/example_dags/example_trigger_target_dag.py for tasks to queue
[2023-11-24T10:46:04.985+0800] {logging_mixin.py:154} INFO - [2023-11-24T10:46:04.984+0800] {dagbag.py:536} INFO - Filling up the DagBag from /home/azfarmustafa/airflow_tutorial/.venv/lib/python3.10/site-packages/airflow/example_dags/example_trigger_target_dag.py
[2023-11-24T10:46:04.995+0800] {processor.py:839} INFO - DAG(s) dict_keys(['example_trigger_target_dag']) retrieved from /home/azfarmustafa/airflow_tutorial/.venv/lib/python3.10/site-packages/airflow/example_dags/example_trigger_target_dag.py
[2023-11-24T10:46:05.010+0800] {logging_mixin.py:154} INFO - [2023-11-24T10:46:05.010+0800] {dag.py:2941} INFO - Sync 1 DAGs
[2023-11-24T10:46:05.020+0800] {logging_mixin.py:154} INFO - [2023-11-24T10:46:05.020+0800] {dag.py:3722} INFO - Setting next_dagrun for example_trigger_target_dag to None, run_after=None
[2023-11-24T10:46:05.047+0800] {processor.py:179} INFO - Processing /home/azfarmustafa/airflow_tutorial/.venv/lib/python3.10/site-packages/airflow/example_dags/example_trigger_target_dag.py took 0.069 seconds
[2023-11-24T10:46:51.040+0800] {processor.py:157} INFO - Started process (PID=60011) to work on /home/azfarmustafa/airflow_tutorial/.venv/lib/python3.10/site-packages/airflow/example_dags/example_trigger_target_dag.py
[2023-11-24T10:46:51.045+0800] {processor.py:829} INFO - Processing file /home/azfarmustafa/airflow_tutorial/.venv/lib/python3.10/site-packages/airflow/example_dags/example_trigger_target_dag.py for tasks to queue
[2023-11-24T10:46:51.045+0800] {logging_mixin.py:154} INFO - [2023-11-24T10:46:51.045+0800] {dagbag.py:536} INFO - Filling up the DagBag from /home/azfarmustafa/airflow_tutorial/.venv/lib/python3.10/site-packages/airflow/example_dags/example_trigger_target_dag.py
[2023-11-24T10:46:51.053+0800] {processor.py:839} INFO - DAG(s) dict_keys(['example_trigger_target_dag']) retrieved from /home/azfarmustafa/airflow_tutorial/.venv/lib/python3.10/site-packages/airflow/example_dags/example_trigger_target_dag.py
[2023-11-24T10:46:51.069+0800] {logging_mixin.py:154} INFO - [2023-11-24T10:46:51.069+0800] {dag.py:2941} INFO - Sync 1 DAGs
[2023-11-24T10:46:51.079+0800] {logging_mixin.py:154} INFO - [2023-11-24T10:46:51.078+0800] {dag.py:3722} INFO - Setting next_dagrun for example_trigger_target_dag to None, run_after=None
[2023-11-24T10:46:51.107+0800] {processor.py:179} INFO - Processing /home/azfarmustafa/airflow_tutorial/.venv/lib/python3.10/site-packages/airflow/example_dags/example_trigger_target_dag.py took 0.069 seconds
[2023-11-24T10:47:34.002+0800] {processor.py:157} INFO - Started process (PID=60063) to work on /home/azfarmustafa/airflow_tutorial/.venv/lib/python3.10/site-packages/airflow/example_dags/example_trigger_target_dag.py
[2023-11-24T10:47:34.006+0800] {processor.py:829} INFO - Processing file /home/azfarmustafa/airflow_tutorial/.venv/lib/python3.10/site-packages/airflow/example_dags/example_trigger_target_dag.py for tasks to queue
[2023-11-24T10:47:34.007+0800] {logging_mixin.py:154} INFO - [2023-11-24T10:47:34.007+0800] {dagbag.py:536} INFO - Filling up the DagBag from /home/azfarmustafa/airflow_tutorial/.venv/lib/python3.10/site-packages/airflow/example_dags/example_trigger_target_dag.py
[2023-11-24T10:47:34.013+0800] {processor.py:839} INFO - DAG(s) dict_keys(['example_trigger_target_dag']) retrieved from /home/azfarmustafa/airflow_tutorial/.venv/lib/python3.10/site-packages/airflow/example_dags/example_trigger_target_dag.py
[2023-11-24T10:47:34.031+0800] {logging_mixin.py:154} INFO - [2023-11-24T10:47:34.030+0800] {dag.py:2941} INFO - Sync 1 DAGs
[2023-11-24T10:47:34.043+0800] {logging_mixin.py:154} INFO - [2023-11-24T10:47:34.042+0800] {dag.py:3722} INFO - Setting next_dagrun for example_trigger_target_dag to None, run_after=None
[2023-11-24T10:47:34.071+0800] {processor.py:179} INFO - Processing /home/azfarmustafa/airflow_tutorial/.venv/lib/python3.10/site-packages/airflow/example_dags/example_trigger_target_dag.py took 0.072 seconds
[2023-11-24T10:48:21.752+0800] {processor.py:157} INFO - Started process (PID=60111) to work on /home/azfarmustafa/airflow_tutorial/.venv/lib/python3.10/site-packages/airflow/example_dags/example_trigger_target_dag.py
[2023-11-24T10:48:21.756+0800] {processor.py:829} INFO - Processing file /home/azfarmustafa/airflow_tutorial/.venv/lib/python3.10/site-packages/airflow/example_dags/example_trigger_target_dag.py for tasks to queue
[2023-11-24T10:48:21.757+0800] {logging_mixin.py:154} INFO - [2023-11-24T10:48:21.757+0800] {dagbag.py:536} INFO - Filling up the DagBag from /home/azfarmustafa/airflow_tutorial/.venv/lib/python3.10/site-packages/airflow/example_dags/example_trigger_target_dag.py
[2023-11-24T10:48:21.763+0800] {processor.py:839} INFO - DAG(s) dict_keys(['example_trigger_target_dag']) retrieved from /home/azfarmustafa/airflow_tutorial/.venv/lib/python3.10/site-packages/airflow/example_dags/example_trigger_target_dag.py
[2023-11-24T10:48:21.778+0800] {logging_mixin.py:154} INFO - [2023-11-24T10:48:21.777+0800] {dag.py:2941} INFO - Sync 1 DAGs
[2023-11-24T10:48:21.787+0800] {logging_mixin.py:154} INFO - [2023-11-24T10:48:21.787+0800] {dag.py:3722} INFO - Setting next_dagrun for example_trigger_target_dag to None, run_after=None
[2023-11-24T10:48:21.816+0800] {processor.py:179} INFO - Processing /home/azfarmustafa/airflow_tutorial/.venv/lib/python3.10/site-packages/airflow/example_dags/example_trigger_target_dag.py took 0.067 seconds
[2023-11-24T10:49:09.787+0800] {processor.py:157} INFO - Started process (PID=60159) to work on /home/azfarmustafa/airflow_tutorial/.venv/lib/python3.10/site-packages/airflow/example_dags/example_trigger_target_dag.py
[2023-11-24T10:49:09.791+0800] {processor.py:829} INFO - Processing file /home/azfarmustafa/airflow_tutorial/.venv/lib/python3.10/site-packages/airflow/example_dags/example_trigger_target_dag.py for tasks to queue
[2023-11-24T10:49:09.792+0800] {logging_mixin.py:154} INFO - [2023-11-24T10:49:09.792+0800] {dagbag.py:536} INFO - Filling up the DagBag from /home/azfarmustafa/airflow_tutorial/.venv/lib/python3.10/site-packages/airflow/example_dags/example_trigger_target_dag.py
[2023-11-24T10:49:09.798+0800] {processor.py:839} INFO - DAG(s) dict_keys(['example_trigger_target_dag']) retrieved from /home/azfarmustafa/airflow_tutorial/.venv/lib/python3.10/site-packages/airflow/example_dags/example_trigger_target_dag.py
[2023-11-24T10:49:09.812+0800] {logging_mixin.py:154} INFO - [2023-11-24T10:49:09.811+0800] {dag.py:2941} INFO - Sync 1 DAGs
[2023-11-24T10:49:09.826+0800] {logging_mixin.py:154} INFO - [2023-11-24T10:49:09.825+0800] {dag.py:3722} INFO - Setting next_dagrun for example_trigger_target_dag to None, run_after=None
[2023-11-24T10:49:09.854+0800] {processor.py:179} INFO - Processing /home/azfarmustafa/airflow_tutorial/.venv/lib/python3.10/site-packages/airflow/example_dags/example_trigger_target_dag.py took 0.071 seconds
[2023-11-24T10:49:56.258+0800] {processor.py:157} INFO - Started process (PID=60207) to work on /home/azfarmustafa/airflow_tutorial/.venv/lib/python3.10/site-packages/airflow/example_dags/example_trigger_target_dag.py
[2023-11-24T10:49:56.260+0800] {processor.py:829} INFO - Processing file /home/azfarmustafa/airflow_tutorial/.venv/lib/python3.10/site-packages/airflow/example_dags/example_trigger_target_dag.py for tasks to queue
[2023-11-24T10:49:56.261+0800] {logging_mixin.py:154} INFO - [2023-11-24T10:49:56.261+0800] {dagbag.py:536} INFO - Filling up the DagBag from /home/azfarmustafa/airflow_tutorial/.venv/lib/python3.10/site-packages/airflow/example_dags/example_trigger_target_dag.py
[2023-11-24T10:49:56.268+0800] {processor.py:839} INFO - DAG(s) dict_keys(['example_trigger_target_dag']) retrieved from /home/azfarmustafa/airflow_tutorial/.venv/lib/python3.10/site-packages/airflow/example_dags/example_trigger_target_dag.py
[2023-11-24T10:49:56.284+0800] {logging_mixin.py:154} INFO - [2023-11-24T10:49:56.284+0800] {dag.py:2941} INFO - Sync 1 DAGs
[2023-11-24T10:49:56.296+0800] {logging_mixin.py:154} INFO - [2023-11-24T10:49:56.296+0800] {dag.py:3722} INFO - Setting next_dagrun for example_trigger_target_dag to None, run_after=None
[2023-11-24T10:49:56.320+0800] {processor.py:179} INFO - Processing /home/azfarmustafa/airflow_tutorial/.venv/lib/python3.10/site-packages/airflow/example_dags/example_trigger_target_dag.py took 0.065 seconds
[2023-11-24T10:50:42.849+0800] {processor.py:157} INFO - Started process (PID=60255) to work on /home/azfarmustafa/airflow_tutorial/.venv/lib/python3.10/site-packages/airflow/example_dags/example_trigger_target_dag.py
[2023-11-24T10:50:42.853+0800] {processor.py:829} INFO - Processing file /home/azfarmustafa/airflow_tutorial/.venv/lib/python3.10/site-packages/airflow/example_dags/example_trigger_target_dag.py for tasks to queue
[2023-11-24T10:50:42.854+0800] {logging_mixin.py:154} INFO - [2023-11-24T10:50:42.854+0800] {dagbag.py:536} INFO - Filling up the DagBag from /home/azfarmustafa/airflow_tutorial/.venv/lib/python3.10/site-packages/airflow/example_dags/example_trigger_target_dag.py
[2023-11-24T10:50:42.860+0800] {processor.py:839} INFO - DAG(s) dict_keys(['example_trigger_target_dag']) retrieved from /home/azfarmustafa/airflow_tutorial/.venv/lib/python3.10/site-packages/airflow/example_dags/example_trigger_target_dag.py
[2023-11-24T10:50:42.873+0800] {logging_mixin.py:154} INFO - [2023-11-24T10:50:42.872+0800] {dag.py:2941} INFO - Sync 1 DAGs
[2023-11-24T10:50:42.884+0800] {logging_mixin.py:154} INFO - [2023-11-24T10:50:42.883+0800] {dag.py:3722} INFO - Setting next_dagrun for example_trigger_target_dag to None, run_after=None
[2023-11-24T10:50:42.909+0800] {processor.py:179} INFO - Processing /home/azfarmustafa/airflow_tutorial/.venv/lib/python3.10/site-packages/airflow/example_dags/example_trigger_target_dag.py took 0.063 seconds
[2023-11-24T10:51:29.391+0800] {processor.py:157} INFO - Started process (PID=60303) to work on /home/azfarmustafa/airflow_tutorial/.venv/lib/python3.10/site-packages/airflow/example_dags/example_trigger_target_dag.py
[2023-11-24T10:51:29.393+0800] {processor.py:829} INFO - Processing file /home/azfarmustafa/airflow_tutorial/.venv/lib/python3.10/site-packages/airflow/example_dags/example_trigger_target_dag.py for tasks to queue
[2023-11-24T10:51:29.394+0800] {logging_mixin.py:154} INFO - [2023-11-24T10:51:29.393+0800] {dagbag.py:536} INFO - Filling up the DagBag from /home/azfarmustafa/airflow_tutorial/.venv/lib/python3.10/site-packages/airflow/example_dags/example_trigger_target_dag.py
[2023-11-24T10:51:29.398+0800] {processor.py:839} INFO - DAG(s) dict_keys(['example_trigger_target_dag']) retrieved from /home/azfarmustafa/airflow_tutorial/.venv/lib/python3.10/site-packages/airflow/example_dags/example_trigger_target_dag.py
[2023-11-24T10:51:29.412+0800] {logging_mixin.py:154} INFO - [2023-11-24T10:51:29.411+0800] {dag.py:2941} INFO - Sync 1 DAGs
[2023-11-24T10:51:29.422+0800] {logging_mixin.py:154} INFO - [2023-11-24T10:51:29.422+0800] {dag.py:3722} INFO - Setting next_dagrun for example_trigger_target_dag to None, run_after=None
[2023-11-24T10:51:29.449+0800] {processor.py:179} INFO - Processing /home/azfarmustafa/airflow_tutorial/.venv/lib/python3.10/site-packages/airflow/example_dags/example_trigger_target_dag.py took 0.060 seconds
[2023-11-24T10:52:17.684+0800] {processor.py:157} INFO - Started process (PID=60351) to work on /home/azfarmustafa/airflow_tutorial/.venv/lib/python3.10/site-packages/airflow/example_dags/example_trigger_target_dag.py
[2023-11-24T10:52:17.688+0800] {processor.py:829} INFO - Processing file /home/azfarmustafa/airflow_tutorial/.venv/lib/python3.10/site-packages/airflow/example_dags/example_trigger_target_dag.py for tasks to queue
[2023-11-24T10:52:17.689+0800] {logging_mixin.py:154} INFO - [2023-11-24T10:52:17.689+0800] {dagbag.py:536} INFO - Filling up the DagBag from /home/azfarmustafa/airflow_tutorial/.venv/lib/python3.10/site-packages/airflow/example_dags/example_trigger_target_dag.py
[2023-11-24T10:52:17.695+0800] {processor.py:839} INFO - DAG(s) dict_keys(['example_trigger_target_dag']) retrieved from /home/azfarmustafa/airflow_tutorial/.venv/lib/python3.10/site-packages/airflow/example_dags/example_trigger_target_dag.py
[2023-11-24T10:52:17.709+0800] {logging_mixin.py:154} INFO - [2023-11-24T10:52:17.709+0800] {dag.py:2941} INFO - Sync 1 DAGs
[2023-11-24T10:52:17.719+0800] {logging_mixin.py:154} INFO - [2023-11-24T10:52:17.718+0800] {dag.py:3722} INFO - Setting next_dagrun for example_trigger_target_dag to None, run_after=None
[2023-11-24T10:52:17.742+0800] {processor.py:179} INFO - Processing /home/azfarmustafa/airflow_tutorial/.venv/lib/python3.10/site-packages/airflow/example_dags/example_trigger_target_dag.py took 0.061 seconds
[2023-11-24T10:53:07.895+0800] {processor.py:157} INFO - Started process (PID=60400) to work on /home/azfarmustafa/airflow_tutorial/.venv/lib/python3.10/site-packages/airflow/example_dags/example_trigger_target_dag.py
[2023-11-24T10:53:07.899+0800] {processor.py:829} INFO - Processing file /home/azfarmustafa/airflow_tutorial/.venv/lib/python3.10/site-packages/airflow/example_dags/example_trigger_target_dag.py for tasks to queue
[2023-11-24T10:53:07.899+0800] {logging_mixin.py:154} INFO - [2023-11-24T10:53:07.899+0800] {dagbag.py:536} INFO - Filling up the DagBag from /home/azfarmustafa/airflow_tutorial/.venv/lib/python3.10/site-packages/airflow/example_dags/example_trigger_target_dag.py
[2023-11-24T10:53:07.904+0800] {processor.py:839} INFO - DAG(s) dict_keys(['example_trigger_target_dag']) retrieved from /home/azfarmustafa/airflow_tutorial/.venv/lib/python3.10/site-packages/airflow/example_dags/example_trigger_target_dag.py
[2023-11-24T10:53:07.920+0800] {logging_mixin.py:154} INFO - [2023-11-24T10:53:07.920+0800] {dag.py:2941} INFO - Sync 1 DAGs
[2023-11-24T10:53:07.930+0800] {logging_mixin.py:154} INFO - [2023-11-24T10:53:07.930+0800] {dag.py:3722} INFO - Setting next_dagrun for example_trigger_target_dag to None, run_after=None
[2023-11-24T10:53:07.959+0800] {processor.py:179} INFO - Processing /home/azfarmustafa/airflow_tutorial/.venv/lib/python3.10/site-packages/airflow/example_dags/example_trigger_target_dag.py took 0.067 seconds
[2023-11-24T10:53:53.007+0800] {processor.py:157} INFO - Started process (PID=60453) to work on /home/azfarmustafa/airflow_tutorial/.venv/lib/python3.10/site-packages/airflow/example_dags/example_trigger_target_dag.py
[2023-11-24T10:53:53.011+0800] {processor.py:829} INFO - Processing file /home/azfarmustafa/airflow_tutorial/.venv/lib/python3.10/site-packages/airflow/example_dags/example_trigger_target_dag.py for tasks to queue
[2023-11-24T10:53:53.012+0800] {logging_mixin.py:154} INFO - [2023-11-24T10:53:53.012+0800] {dagbag.py:536} INFO - Filling up the DagBag from /home/azfarmustafa/airflow_tutorial/.venv/lib/python3.10/site-packages/airflow/example_dags/example_trigger_target_dag.py
[2023-11-24T10:53:53.019+0800] {processor.py:839} INFO - DAG(s) dict_keys(['example_trigger_target_dag']) retrieved from /home/azfarmustafa/airflow_tutorial/.venv/lib/python3.10/site-packages/airflow/example_dags/example_trigger_target_dag.py
[2023-11-24T10:53:53.033+0800] {logging_mixin.py:154} INFO - [2023-11-24T10:53:53.033+0800] {dag.py:2941} INFO - Sync 1 DAGs
[2023-11-24T10:53:53.043+0800] {logging_mixin.py:154} INFO - [2023-11-24T10:53:53.043+0800] {dag.py:3722} INFO - Setting next_dagrun for example_trigger_target_dag to None, run_after=None
[2023-11-24T10:53:53.070+0800] {processor.py:179} INFO - Processing /home/azfarmustafa/airflow_tutorial/.venv/lib/python3.10/site-packages/airflow/example_dags/example_trigger_target_dag.py took 0.066 seconds
[2023-11-24T10:54:42.283+0800] {processor.py:157} INFO - Started process (PID=60502) to work on /home/azfarmustafa/airflow_tutorial/.venv/lib/python3.10/site-packages/airflow/example_dags/example_trigger_target_dag.py
[2023-11-24T10:54:42.288+0800] {processor.py:829} INFO - Processing file /home/azfarmustafa/airflow_tutorial/.venv/lib/python3.10/site-packages/airflow/example_dags/example_trigger_target_dag.py for tasks to queue
[2023-11-24T10:54:42.288+0800] {logging_mixin.py:154} INFO - [2023-11-24T10:54:42.288+0800] {dagbag.py:536} INFO - Filling up the DagBag from /home/azfarmustafa/airflow_tutorial/.venv/lib/python3.10/site-packages/airflow/example_dags/example_trigger_target_dag.py
[2023-11-24T10:54:42.293+0800] {processor.py:839} INFO - DAG(s) dict_keys(['example_trigger_target_dag']) retrieved from /home/azfarmustafa/airflow_tutorial/.venv/lib/python3.10/site-packages/airflow/example_dags/example_trigger_target_dag.py
[2023-11-24T10:54:42.307+0800] {logging_mixin.py:154} INFO - [2023-11-24T10:54:42.307+0800] {dag.py:2941} INFO - Sync 1 DAGs
[2023-11-24T10:54:42.316+0800] {logging_mixin.py:154} INFO - [2023-11-24T10:54:42.316+0800] {dag.py:3722} INFO - Setting next_dagrun for example_trigger_target_dag to None, run_after=None
[2023-11-24T10:54:42.339+0800] {processor.py:179} INFO - Processing /home/azfarmustafa/airflow_tutorial/.venv/lib/python3.10/site-packages/airflow/example_dags/example_trigger_target_dag.py took 0.058 seconds
[2023-11-24T10:55:27.497+0800] {processor.py:157} INFO - Started process (PID=60549) to work on /home/azfarmustafa/airflow_tutorial/.venv/lib/python3.10/site-packages/airflow/example_dags/example_trigger_target_dag.py
[2023-11-24T10:55:27.498+0800] {processor.py:829} INFO - Processing file /home/azfarmustafa/airflow_tutorial/.venv/lib/python3.10/site-packages/airflow/example_dags/example_trigger_target_dag.py for tasks to queue
[2023-11-24T10:55:27.499+0800] {logging_mixin.py:154} INFO - [2023-11-24T10:55:27.499+0800] {dagbag.py:536} INFO - Filling up the DagBag from /home/azfarmustafa/airflow_tutorial/.venv/lib/python3.10/site-packages/airflow/example_dags/example_trigger_target_dag.py
[2023-11-24T10:55:27.504+0800] {processor.py:839} INFO - DAG(s) dict_keys(['example_trigger_target_dag']) retrieved from /home/azfarmustafa/airflow_tutorial/.venv/lib/python3.10/site-packages/airflow/example_dags/example_trigger_target_dag.py
[2023-11-24T10:55:27.520+0800] {logging_mixin.py:154} INFO - [2023-11-24T10:55:27.519+0800] {dag.py:2941} INFO - Sync 1 DAGs
[2023-11-24T10:55:27.529+0800] {logging_mixin.py:154} INFO - [2023-11-24T10:55:27.529+0800] {dag.py:3722} INFO - Setting next_dagrun for example_trigger_target_dag to None, run_after=None
[2023-11-24T10:55:27.555+0800] {processor.py:179} INFO - Processing /home/azfarmustafa/airflow_tutorial/.venv/lib/python3.10/site-packages/airflow/example_dags/example_trigger_target_dag.py took 0.062 seconds
[2023-11-24T10:56:15.195+0800] {processor.py:157} INFO - Started process (PID=60597) to work on /home/azfarmustafa/airflow_tutorial/.venv/lib/python3.10/site-packages/airflow/example_dags/example_trigger_target_dag.py
[2023-11-24T10:56:15.197+0800] {processor.py:829} INFO - Processing file /home/azfarmustafa/airflow_tutorial/.venv/lib/python3.10/site-packages/airflow/example_dags/example_trigger_target_dag.py for tasks to queue
[2023-11-24T10:56:15.198+0800] {logging_mixin.py:154} INFO - [2023-11-24T10:56:15.198+0800] {dagbag.py:536} INFO - Filling up the DagBag from /home/azfarmustafa/airflow_tutorial/.venv/lib/python3.10/site-packages/airflow/example_dags/example_trigger_target_dag.py
[2023-11-24T10:56:15.206+0800] {processor.py:839} INFO - DAG(s) dict_keys(['example_trigger_target_dag']) retrieved from /home/azfarmustafa/airflow_tutorial/.venv/lib/python3.10/site-packages/airflow/example_dags/example_trigger_target_dag.py
[2023-11-24T10:56:15.221+0800] {logging_mixin.py:154} INFO - [2023-11-24T10:56:15.220+0800] {dag.py:2941} INFO - Sync 1 DAGs
[2023-11-24T10:56:15.234+0800] {logging_mixin.py:154} INFO - [2023-11-24T10:56:15.233+0800] {dag.py:3722} INFO - Setting next_dagrun for example_trigger_target_dag to None, run_after=None
[2023-11-24T10:56:15.262+0800] {processor.py:179} INFO - Processing /home/azfarmustafa/airflow_tutorial/.venv/lib/python3.10/site-packages/airflow/example_dags/example_trigger_target_dag.py took 0.070 seconds
[2023-11-24T10:56:57.513+0800] {processor.py:157} INFO - Started process (PID=60642) to work on /home/azfarmustafa/airflow_tutorial/.venv/lib/python3.10/site-packages/airflow/example_dags/example_trigger_target_dag.py
[2023-11-24T10:56:57.519+0800] {processor.py:829} INFO - Processing file /home/azfarmustafa/airflow_tutorial/.venv/lib/python3.10/site-packages/airflow/example_dags/example_trigger_target_dag.py for tasks to queue
[2023-11-24T10:56:57.520+0800] {logging_mixin.py:154} INFO - [2023-11-24T10:56:57.519+0800] {dagbag.py:536} INFO - Filling up the DagBag from /home/azfarmustafa/airflow_tutorial/.venv/lib/python3.10/site-packages/airflow/example_dags/example_trigger_target_dag.py
[2023-11-24T10:56:57.526+0800] {processor.py:839} INFO - DAG(s) dict_keys(['example_trigger_target_dag']) retrieved from /home/azfarmustafa/airflow_tutorial/.venv/lib/python3.10/site-packages/airflow/example_dags/example_trigger_target_dag.py
[2023-11-24T10:56:57.542+0800] {logging_mixin.py:154} INFO - [2023-11-24T10:56:57.542+0800] {dag.py:2941} INFO - Sync 1 DAGs
[2023-11-24T10:56:57.555+0800] {logging_mixin.py:154} INFO - [2023-11-24T10:56:57.555+0800] {dag.py:3722} INFO - Setting next_dagrun for example_trigger_target_dag to None, run_after=None
[2023-11-24T10:56:57.581+0800] {processor.py:179} INFO - Processing /home/azfarmustafa/airflow_tutorial/.venv/lib/python3.10/site-packages/airflow/example_dags/example_trigger_target_dag.py took 0.070 seconds
[2023-11-24T10:57:41.081+0800] {processor.py:157} INFO - Started process (PID=60688) to work on /home/azfarmustafa/airflow_tutorial/.venv/lib/python3.10/site-packages/airflow/example_dags/example_trigger_target_dag.py
[2023-11-24T10:57:41.085+0800] {processor.py:829} INFO - Processing file /home/azfarmustafa/airflow_tutorial/.venv/lib/python3.10/site-packages/airflow/example_dags/example_trigger_target_dag.py for tasks to queue
[2023-11-24T10:57:41.086+0800] {logging_mixin.py:154} INFO - [2023-11-24T10:57:41.086+0800] {dagbag.py:536} INFO - Filling up the DagBag from /home/azfarmustafa/airflow_tutorial/.venv/lib/python3.10/site-packages/airflow/example_dags/example_trigger_target_dag.py
[2023-11-24T10:57:41.091+0800] {processor.py:839} INFO - DAG(s) dict_keys(['example_trigger_target_dag']) retrieved from /home/azfarmustafa/airflow_tutorial/.venv/lib/python3.10/site-packages/airflow/example_dags/example_trigger_target_dag.py
[2023-11-24T10:57:41.105+0800] {logging_mixin.py:154} INFO - [2023-11-24T10:57:41.105+0800] {dag.py:2941} INFO - Sync 1 DAGs
[2023-11-24T10:57:41.114+0800] {logging_mixin.py:154} INFO - [2023-11-24T10:57:41.114+0800] {dag.py:3722} INFO - Setting next_dagrun for example_trigger_target_dag to None, run_after=None
[2023-11-24T10:57:41.143+0800] {processor.py:179} INFO - Processing /home/azfarmustafa/airflow_tutorial/.venv/lib/python3.10/site-packages/airflow/example_dags/example_trigger_target_dag.py took 0.064 seconds
[2023-11-24T10:58:30.486+0800] {processor.py:157} INFO - Started process (PID=60736) to work on /home/azfarmustafa/airflow_tutorial/.venv/lib/python3.10/site-packages/airflow/example_dags/example_trigger_target_dag.py
[2023-11-24T10:58:30.490+0800] {processor.py:829} INFO - Processing file /home/azfarmustafa/airflow_tutorial/.venv/lib/python3.10/site-packages/airflow/example_dags/example_trigger_target_dag.py for tasks to queue
[2023-11-24T10:58:30.490+0800] {logging_mixin.py:154} INFO - [2023-11-24T10:58:30.490+0800] {dagbag.py:536} INFO - Filling up the DagBag from /home/azfarmustafa/airflow_tutorial/.venv/lib/python3.10/site-packages/airflow/example_dags/example_trigger_target_dag.py
[2023-11-24T10:58:30.496+0800] {processor.py:839} INFO - DAG(s) dict_keys(['example_trigger_target_dag']) retrieved from /home/azfarmustafa/airflow_tutorial/.venv/lib/python3.10/site-packages/airflow/example_dags/example_trigger_target_dag.py
[2023-11-24T10:58:30.509+0800] {logging_mixin.py:154} INFO - [2023-11-24T10:58:30.509+0800] {dag.py:2941} INFO - Sync 1 DAGs
[2023-11-24T10:58:30.519+0800] {logging_mixin.py:154} INFO - [2023-11-24T10:58:30.519+0800] {dag.py:3722} INFO - Setting next_dagrun for example_trigger_target_dag to None, run_after=None
[2023-11-24T10:58:30.542+0800] {processor.py:179} INFO - Processing /home/azfarmustafa/airflow_tutorial/.venv/lib/python3.10/site-packages/airflow/example_dags/example_trigger_target_dag.py took 0.059 seconds
[2023-11-24T10:59:15.863+0800] {processor.py:157} INFO - Started process (PID=60783) to work on /home/azfarmustafa/airflow_tutorial/.venv/lib/python3.10/site-packages/airflow/example_dags/example_trigger_target_dag.py
[2023-11-24T10:59:15.867+0800] {processor.py:829} INFO - Processing file /home/azfarmustafa/airflow_tutorial/.venv/lib/python3.10/site-packages/airflow/example_dags/example_trigger_target_dag.py for tasks to queue
[2023-11-24T10:59:15.868+0800] {logging_mixin.py:154} INFO - [2023-11-24T10:59:15.868+0800] {dagbag.py:536} INFO - Filling up the DagBag from /home/azfarmustafa/airflow_tutorial/.venv/lib/python3.10/site-packages/airflow/example_dags/example_trigger_target_dag.py
[2023-11-24T10:59:15.873+0800] {processor.py:839} INFO - DAG(s) dict_keys(['example_trigger_target_dag']) retrieved from /home/azfarmustafa/airflow_tutorial/.venv/lib/python3.10/site-packages/airflow/example_dags/example_trigger_target_dag.py
[2023-11-24T10:59:15.890+0800] {logging_mixin.py:154} INFO - [2023-11-24T10:59:15.890+0800] {dag.py:2941} INFO - Sync 1 DAGs
[2023-11-24T10:59:15.901+0800] {logging_mixin.py:154} INFO - [2023-11-24T10:59:15.901+0800] {dag.py:3722} INFO - Setting next_dagrun for example_trigger_target_dag to None, run_after=None
[2023-11-24T10:59:15.927+0800] {processor.py:179} INFO - Processing /home/azfarmustafa/airflow_tutorial/.venv/lib/python3.10/site-packages/airflow/example_dags/example_trigger_target_dag.py took 0.067 seconds
[2023-11-24T11:00:00.761+0800] {processor.py:157} INFO - Started process (PID=60836) to work on /home/azfarmustafa/airflow_tutorial/.venv/lib/python3.10/site-packages/airflow/example_dags/example_trigger_target_dag.py
[2023-11-24T11:00:00.765+0800] {processor.py:829} INFO - Processing file /home/azfarmustafa/airflow_tutorial/.venv/lib/python3.10/site-packages/airflow/example_dags/example_trigger_target_dag.py for tasks to queue
[2023-11-24T11:00:00.766+0800] {logging_mixin.py:154} INFO - [2023-11-24T11:00:00.765+0800] {dagbag.py:536} INFO - Filling up the DagBag from /home/azfarmustafa/airflow_tutorial/.venv/lib/python3.10/site-packages/airflow/example_dags/example_trigger_target_dag.py
[2023-11-24T11:00:00.771+0800] {processor.py:839} INFO - DAG(s) dict_keys(['example_trigger_target_dag']) retrieved from /home/azfarmustafa/airflow_tutorial/.venv/lib/python3.10/site-packages/airflow/example_dags/example_trigger_target_dag.py
[2023-11-24T11:00:00.784+0800] {logging_mixin.py:154} INFO - [2023-11-24T11:00:00.784+0800] {dag.py:2941} INFO - Sync 1 DAGs
[2023-11-24T11:00:00.796+0800] {logging_mixin.py:154} INFO - [2023-11-24T11:00:00.796+0800] {dag.py:3722} INFO - Setting next_dagrun for example_trigger_target_dag to None, run_after=None
[2023-11-24T11:00:00.824+0800] {processor.py:179} INFO - Processing /home/azfarmustafa/airflow_tutorial/.venv/lib/python3.10/site-packages/airflow/example_dags/example_trigger_target_dag.py took 0.067 seconds
[2023-11-24T11:00:44.607+0800] {processor.py:157} INFO - Started process (PID=60882) to work on /home/azfarmustafa/airflow_tutorial/.venv/lib/python3.10/site-packages/airflow/example_dags/example_trigger_target_dag.py
[2023-11-24T11:00:44.609+0800] {processor.py:829} INFO - Processing file /home/azfarmustafa/airflow_tutorial/.venv/lib/python3.10/site-packages/airflow/example_dags/example_trigger_target_dag.py for tasks to queue
[2023-11-24T11:00:44.610+0800] {logging_mixin.py:154} INFO - [2023-11-24T11:00:44.610+0800] {dagbag.py:536} INFO - Filling up the DagBag from /home/azfarmustafa/airflow_tutorial/.venv/lib/python3.10/site-packages/airflow/example_dags/example_trigger_target_dag.py
[2023-11-24T11:00:44.617+0800] {processor.py:839} INFO - DAG(s) dict_keys(['example_trigger_target_dag']) retrieved from /home/azfarmustafa/airflow_tutorial/.venv/lib/python3.10/site-packages/airflow/example_dags/example_trigger_target_dag.py
[2023-11-24T11:00:44.633+0800] {logging_mixin.py:154} INFO - [2023-11-24T11:00:44.633+0800] {dag.py:2941} INFO - Sync 1 DAGs
[2023-11-24T11:00:44.645+0800] {logging_mixin.py:154} INFO - [2023-11-24T11:00:44.645+0800] {dag.py:3722} INFO - Setting next_dagrun for example_trigger_target_dag to None, run_after=None
[2023-11-24T11:00:44.675+0800] {processor.py:179} INFO - Processing /home/azfarmustafa/airflow_tutorial/.venv/lib/python3.10/site-packages/airflow/example_dags/example_trigger_target_dag.py took 0.073 seconds
[2023-11-24T11:01:33.196+0800] {processor.py:157} INFO - Started process (PID=60932) to work on /home/azfarmustafa/airflow_tutorial/.venv/lib/python3.10/site-packages/airflow/example_dags/example_trigger_target_dag.py
[2023-11-24T11:01:33.198+0800] {processor.py:829} INFO - Processing file /home/azfarmustafa/airflow_tutorial/.venv/lib/python3.10/site-packages/airflow/example_dags/example_trigger_target_dag.py for tasks to queue
[2023-11-24T11:01:33.199+0800] {logging_mixin.py:154} INFO - [2023-11-24T11:01:33.199+0800] {dagbag.py:536} INFO - Filling up the DagBag from /home/azfarmustafa/airflow_tutorial/.venv/lib/python3.10/site-packages/airflow/example_dags/example_trigger_target_dag.py
[2023-11-24T11:01:33.207+0800] {processor.py:839} INFO - DAG(s) dict_keys(['example_trigger_target_dag']) retrieved from /home/azfarmustafa/airflow_tutorial/.venv/lib/python3.10/site-packages/airflow/example_dags/example_trigger_target_dag.py
[2023-11-24T11:01:33.221+0800] {logging_mixin.py:154} INFO - [2023-11-24T11:01:33.221+0800] {dag.py:2941} INFO - Sync 1 DAGs
[2023-11-24T11:01:33.233+0800] {logging_mixin.py:154} INFO - [2023-11-24T11:01:33.233+0800] {dag.py:3722} INFO - Setting next_dagrun for example_trigger_target_dag to None, run_after=None
[2023-11-24T11:01:33.259+0800] {processor.py:179} INFO - Processing /home/azfarmustafa/airflow_tutorial/.venv/lib/python3.10/site-packages/airflow/example_dags/example_trigger_target_dag.py took 0.073 seconds
[2023-11-24T11:02:19.271+0800] {processor.py:157} INFO - Started process (PID=60979) to work on /home/azfarmustafa/airflow_tutorial/.venv/lib/python3.10/site-packages/airflow/example_dags/example_trigger_target_dag.py
[2023-11-24T11:02:19.272+0800] {processor.py:829} INFO - Processing file /home/azfarmustafa/airflow_tutorial/.venv/lib/python3.10/site-packages/airflow/example_dags/example_trigger_target_dag.py for tasks to queue
[2023-11-24T11:02:19.273+0800] {logging_mixin.py:154} INFO - [2023-11-24T11:02:19.273+0800] {dagbag.py:536} INFO - Filling up the DagBag from /home/azfarmustafa/airflow_tutorial/.venv/lib/python3.10/site-packages/airflow/example_dags/example_trigger_target_dag.py
[2023-11-24T11:02:19.279+0800] {processor.py:839} INFO - DAG(s) dict_keys(['example_trigger_target_dag']) retrieved from /home/azfarmustafa/airflow_tutorial/.venv/lib/python3.10/site-packages/airflow/example_dags/example_trigger_target_dag.py
[2023-11-24T11:02:19.293+0800] {logging_mixin.py:154} INFO - [2023-11-24T11:02:19.292+0800] {dag.py:2941} INFO - Sync 1 DAGs
[2023-11-24T11:02:19.302+0800] {logging_mixin.py:154} INFO - [2023-11-24T11:02:19.302+0800] {dag.py:3722} INFO - Setting next_dagrun for example_trigger_target_dag to None, run_after=None
[2023-11-24T11:02:19.328+0800] {processor.py:179} INFO - Processing /home/azfarmustafa/airflow_tutorial/.venv/lib/python3.10/site-packages/airflow/example_dags/example_trigger_target_dag.py took 0.059 seconds
[2023-11-24T11:03:04.329+0800] {processor.py:157} INFO - Started process (PID=61025) to work on /home/azfarmustafa/airflow_tutorial/.venv/lib/python3.10/site-packages/airflow/example_dags/example_trigger_target_dag.py
[2023-11-24T11:03:04.330+0800] {processor.py:829} INFO - Processing file /home/azfarmustafa/airflow_tutorial/.venv/lib/python3.10/site-packages/airflow/example_dags/example_trigger_target_dag.py for tasks to queue
[2023-11-24T11:03:04.331+0800] {logging_mixin.py:154} INFO - [2023-11-24T11:03:04.330+0800] {dagbag.py:536} INFO - Filling up the DagBag from /home/azfarmustafa/airflow_tutorial/.venv/lib/python3.10/site-packages/airflow/example_dags/example_trigger_target_dag.py
[2023-11-24T11:03:04.336+0800] {processor.py:839} INFO - DAG(s) dict_keys(['example_trigger_target_dag']) retrieved from /home/azfarmustafa/airflow_tutorial/.venv/lib/python3.10/site-packages/airflow/example_dags/example_trigger_target_dag.py
[2023-11-24T11:03:04.350+0800] {logging_mixin.py:154} INFO - [2023-11-24T11:03:04.349+0800] {dag.py:2941} INFO - Sync 1 DAGs
[2023-11-24T11:03:04.360+0800] {logging_mixin.py:154} INFO - [2023-11-24T11:03:04.360+0800] {dag.py:3722} INFO - Setting next_dagrun for example_trigger_target_dag to None, run_after=None
[2023-11-24T11:03:04.383+0800] {processor.py:179} INFO - Processing /home/azfarmustafa/airflow_tutorial/.venv/lib/python3.10/site-packages/airflow/example_dags/example_trigger_target_dag.py took 0.057 seconds
[2023-11-24T11:03:51.992+0800] {processor.py:157} INFO - Started process (PID=61079) to work on /home/azfarmustafa/airflow_tutorial/.venv/lib/python3.10/site-packages/airflow/example_dags/example_trigger_target_dag.py
[2023-11-24T11:03:51.994+0800] {processor.py:829} INFO - Processing file /home/azfarmustafa/airflow_tutorial/.venv/lib/python3.10/site-packages/airflow/example_dags/example_trigger_target_dag.py for tasks to queue
[2023-11-24T11:03:51.995+0800] {logging_mixin.py:154} INFO - [2023-11-24T11:03:51.995+0800] {dagbag.py:536} INFO - Filling up the DagBag from /home/azfarmustafa/airflow_tutorial/.venv/lib/python3.10/site-packages/airflow/example_dags/example_trigger_target_dag.py
[2023-11-24T11:03:52.002+0800] {processor.py:839} INFO - DAG(s) dict_keys(['example_trigger_target_dag']) retrieved from /home/azfarmustafa/airflow_tutorial/.venv/lib/python3.10/site-packages/airflow/example_dags/example_trigger_target_dag.py
[2023-11-24T11:03:52.017+0800] {logging_mixin.py:154} INFO - [2023-11-24T11:03:52.017+0800] {dag.py:2941} INFO - Sync 1 DAGs
[2023-11-24T11:03:52.027+0800] {logging_mixin.py:154} INFO - [2023-11-24T11:03:52.026+0800] {dag.py:3722} INFO - Setting next_dagrun for example_trigger_target_dag to None, run_after=None
[2023-11-24T11:03:52.054+0800] {processor.py:179} INFO - Processing /home/azfarmustafa/airflow_tutorial/.venv/lib/python3.10/site-packages/airflow/example_dags/example_trigger_target_dag.py took 0.065 seconds
[2023-11-24T11:04:40.763+0800] {processor.py:157} INFO - Started process (PID=61129) to work on /home/azfarmustafa/airflow_tutorial/.venv/lib/python3.10/site-packages/airflow/example_dags/example_trigger_target_dag.py
[2023-11-24T11:04:40.767+0800] {processor.py:829} INFO - Processing file /home/azfarmustafa/airflow_tutorial/.venv/lib/python3.10/site-packages/airflow/example_dags/example_trigger_target_dag.py for tasks to queue
[2023-11-24T11:04:40.768+0800] {logging_mixin.py:154} INFO - [2023-11-24T11:04:40.767+0800] {dagbag.py:536} INFO - Filling up the DagBag from /home/azfarmustafa/airflow_tutorial/.venv/lib/python3.10/site-packages/airflow/example_dags/example_trigger_target_dag.py
[2023-11-24T11:04:40.773+0800] {processor.py:839} INFO - DAG(s) dict_keys(['example_trigger_target_dag']) retrieved from /home/azfarmustafa/airflow_tutorial/.venv/lib/python3.10/site-packages/airflow/example_dags/example_trigger_target_dag.py
[2023-11-24T11:04:40.786+0800] {logging_mixin.py:154} INFO - [2023-11-24T11:04:40.786+0800] {dag.py:2941} INFO - Sync 1 DAGs
[2023-11-24T11:04:40.799+0800] {logging_mixin.py:154} INFO - [2023-11-24T11:04:40.799+0800] {dag.py:3722} INFO - Setting next_dagrun for example_trigger_target_dag to None, run_after=None
[2023-11-24T11:04:40.826+0800] {processor.py:179} INFO - Processing /home/azfarmustafa/airflow_tutorial/.venv/lib/python3.10/site-packages/airflow/example_dags/example_trigger_target_dag.py took 0.065 seconds
