[2023-11-24T10:25:35.646+0800] {processor.py:157} INFO - Started process (PID=58692) to work on /home/azfarmustafa/airflow_tutorial/.venv/lib/python3.10/site-packages/airflow/example_dags/example_task_group.py
[2023-11-24T10:25:35.646+0800] {processor.py:829} INFO - Processing file /home/azfarmustafa/airflow_tutorial/.venv/lib/python3.10/site-packages/airflow/example_dags/example_task_group.py for tasks to queue
[2023-11-24T10:25:35.647+0800] {logging_mixin.py:154} INFO - [2023-11-24T10:25:35.647+0800] {dagbag.py:536} INFO - Filling up the DagBag from /home/azfarmustafa/airflow_tutorial/.venv/lib/python3.10/site-packages/airflow/example_dags/example_task_group.py
[2023-11-24T10:25:35.655+0800] {processor.py:839} INFO - DAG(s) dict_keys(['example_task_group']) retrieved from /home/azfarmustafa/airflow_tutorial/.venv/lib/python3.10/site-packages/airflow/example_dags/example_task_group.py
[2023-11-24T10:25:35.670+0800] {logging_mixin.py:154} INFO - [2023-11-24T10:25:35.669+0800] {dag.py:2941} INFO - Sync 1 DAGs
[2023-11-24T10:25:35.688+0800] {logging_mixin.py:154} INFO - [2023-11-24T10:25:35.688+0800] {dag.py:3722} INFO - Setting next_dagrun for example_task_group to 2023-11-23T02:25:35.687956+00:00, run_after=2023-11-24T02:25:35.687956+00:00
[2023-11-24T10:25:35.718+0800] {processor.py:179} INFO - Processing /home/azfarmustafa/airflow_tutorial/.venv/lib/python3.10/site-packages/airflow/example_dags/example_task_group.py took 0.074 seconds
[2023-11-24T10:26:23.115+0800] {processor.py:157} INFO - Started process (PID=58742) to work on /home/azfarmustafa/airflow_tutorial/.venv/lib/python3.10/site-packages/airflow/example_dags/example_task_group.py
[2023-11-24T10:26:23.118+0800] {processor.py:829} INFO - Processing file /home/azfarmustafa/airflow_tutorial/.venv/lib/python3.10/site-packages/airflow/example_dags/example_task_group.py for tasks to queue
[2023-11-24T10:26:23.119+0800] {logging_mixin.py:154} INFO - [2023-11-24T10:26:23.119+0800] {dagbag.py:536} INFO - Filling up the DagBag from /home/azfarmustafa/airflow_tutorial/.venv/lib/python3.10/site-packages/airflow/example_dags/example_task_group.py
[2023-11-24T10:26:23.129+0800] {processor.py:839} INFO - DAG(s) dict_keys(['example_task_group']) retrieved from /home/azfarmustafa/airflow_tutorial/.venv/lib/python3.10/site-packages/airflow/example_dags/example_task_group.py
[2023-11-24T10:26:23.145+0800] {logging_mixin.py:154} INFO - [2023-11-24T10:26:23.145+0800] {dag.py:2941} INFO - Sync 1 DAGs
[2023-11-24T10:26:23.166+0800] {logging_mixin.py:154} INFO - [2023-11-24T10:26:23.166+0800] {dag.py:3722} INFO - Setting next_dagrun for example_task_group to 2023-11-23T02:26:23.165996+00:00, run_after=2023-11-24T02:26:23.165996+00:00
[2023-11-24T10:26:23.194+0800] {processor.py:179} INFO - Processing /home/azfarmustafa/airflow_tutorial/.venv/lib/python3.10/site-packages/airflow/example_dags/example_task_group.py took 0.082 seconds
[2023-11-24T10:27:08.299+0800] {processor.py:157} INFO - Started process (PID=58795) to work on /home/azfarmustafa/airflow_tutorial/.venv/lib/python3.10/site-packages/airflow/example_dags/example_task_group.py
[2023-11-24T10:27:08.306+0800] {processor.py:829} INFO - Processing file /home/azfarmustafa/airflow_tutorial/.venv/lib/python3.10/site-packages/airflow/example_dags/example_task_group.py for tasks to queue
[2023-11-24T10:27:08.307+0800] {logging_mixin.py:154} INFO - [2023-11-24T10:27:08.307+0800] {dagbag.py:536} INFO - Filling up the DagBag from /home/azfarmustafa/airflow_tutorial/.venv/lib/python3.10/site-packages/airflow/example_dags/example_task_group.py
[2023-11-24T10:27:08.319+0800] {processor.py:839} INFO - DAG(s) dict_keys(['example_task_group']) retrieved from /home/azfarmustafa/airflow_tutorial/.venv/lib/python3.10/site-packages/airflow/example_dags/example_task_group.py
[2023-11-24T10:27:08.349+0800] {logging_mixin.py:154} INFO - [2023-11-24T10:27:08.349+0800] {dag.py:2941} INFO - Sync 1 DAGs
[2023-11-24T10:27:08.379+0800] {logging_mixin.py:154} INFO - [2023-11-24T10:27:08.378+0800] {dag.py:3722} INFO - Setting next_dagrun for example_task_group to 2023-11-23T02:27:08.378475+00:00, run_after=2023-11-24T02:27:08.378475+00:00
[2023-11-24T10:27:08.415+0800] {processor.py:179} INFO - Processing /home/azfarmustafa/airflow_tutorial/.venv/lib/python3.10/site-packages/airflow/example_dags/example_task_group.py took 0.119 seconds
[2023-11-24T10:27:55.276+0800] {processor.py:157} INFO - Started process (PID=58842) to work on /home/azfarmustafa/airflow_tutorial/.venv/lib/python3.10/site-packages/airflow/example_dags/example_task_group.py
[2023-11-24T10:27:55.278+0800] {processor.py:829} INFO - Processing file /home/azfarmustafa/airflow_tutorial/.venv/lib/python3.10/site-packages/airflow/example_dags/example_task_group.py for tasks to queue
[2023-11-24T10:27:55.278+0800] {logging_mixin.py:154} INFO - [2023-11-24T10:27:55.278+0800] {dagbag.py:536} INFO - Filling up the DagBag from /home/azfarmustafa/airflow_tutorial/.venv/lib/python3.10/site-packages/airflow/example_dags/example_task_group.py
[2023-11-24T10:27:55.285+0800] {processor.py:839} INFO - DAG(s) dict_keys(['example_task_group']) retrieved from /home/azfarmustafa/airflow_tutorial/.venv/lib/python3.10/site-packages/airflow/example_dags/example_task_group.py
[2023-11-24T10:27:55.308+0800] {logging_mixin.py:154} INFO - [2023-11-24T10:27:55.308+0800] {dag.py:2941} INFO - Sync 1 DAGs
[2023-11-24T10:27:55.325+0800] {logging_mixin.py:154} INFO - [2023-11-24T10:27:55.325+0800] {dag.py:3722} INFO - Setting next_dagrun for example_task_group to 2023-11-23T02:27:55.325445+00:00, run_after=2023-11-24T02:27:55.325445+00:00
[2023-11-24T10:27:55.353+0800] {processor.py:179} INFO - Processing /home/azfarmustafa/airflow_tutorial/.venv/lib/python3.10/site-packages/airflow/example_dags/example_task_group.py took 0.079 seconds
[2023-11-24T10:28:43.409+0800] {processor.py:157} INFO - Started process (PID=58896) to work on /home/azfarmustafa/airflow_tutorial/.venv/lib/python3.10/site-packages/airflow/example_dags/example_task_group.py
[2023-11-24T10:28:43.410+0800] {processor.py:829} INFO - Processing file /home/azfarmustafa/airflow_tutorial/.venv/lib/python3.10/site-packages/airflow/example_dags/example_task_group.py for tasks to queue
[2023-11-24T10:28:43.411+0800] {logging_mixin.py:154} INFO - [2023-11-24T10:28:43.411+0800] {dagbag.py:536} INFO - Filling up the DagBag from /home/azfarmustafa/airflow_tutorial/.venv/lib/python3.10/site-packages/airflow/example_dags/example_task_group.py
[2023-11-24T10:28:43.417+0800] {processor.py:839} INFO - DAG(s) dict_keys(['example_task_group']) retrieved from /home/azfarmustafa/airflow_tutorial/.venv/lib/python3.10/site-packages/airflow/example_dags/example_task_group.py
[2023-11-24T10:28:43.432+0800] {logging_mixin.py:154} INFO - [2023-11-24T10:28:43.432+0800] {dag.py:2941} INFO - Sync 1 DAGs
[2023-11-24T10:28:43.452+0800] {logging_mixin.py:154} INFO - [2023-11-24T10:28:43.452+0800] {dag.py:3722} INFO - Setting next_dagrun for example_task_group to 2023-11-23T02:28:43.452280+00:00, run_after=2023-11-24T02:28:43.452280+00:00
[2023-11-24T10:28:43.477+0800] {processor.py:179} INFO - Processing /home/azfarmustafa/airflow_tutorial/.venv/lib/python3.10/site-packages/airflow/example_dags/example_task_group.py took 0.071 seconds
[2023-11-24T10:29:29.844+0800] {processor.py:157} INFO - Started process (PID=58944) to work on /home/azfarmustafa/airflow_tutorial/.venv/lib/python3.10/site-packages/airflow/example_dags/example_task_group.py
[2023-11-24T10:29:29.848+0800] {processor.py:829} INFO - Processing file /home/azfarmustafa/airflow_tutorial/.venv/lib/python3.10/site-packages/airflow/example_dags/example_task_group.py for tasks to queue
[2023-11-24T10:29:29.849+0800] {logging_mixin.py:154} INFO - [2023-11-24T10:29:29.848+0800] {dagbag.py:536} INFO - Filling up the DagBag from /home/azfarmustafa/airflow_tutorial/.venv/lib/python3.10/site-packages/airflow/example_dags/example_task_group.py
[2023-11-24T10:29:29.855+0800] {processor.py:839} INFO - DAG(s) dict_keys(['example_task_group']) retrieved from /home/azfarmustafa/airflow_tutorial/.venv/lib/python3.10/site-packages/airflow/example_dags/example_task_group.py
[2023-11-24T10:29:29.869+0800] {logging_mixin.py:154} INFO - [2023-11-24T10:29:29.868+0800] {dag.py:2941} INFO - Sync 1 DAGs
[2023-11-24T10:29:29.885+0800] {logging_mixin.py:154} INFO - [2023-11-24T10:29:29.885+0800] {dag.py:3722} INFO - Setting next_dagrun for example_task_group to 2023-11-23T02:29:29.885189+00:00, run_after=2023-11-24T02:29:29.885189+00:00
[2023-11-24T10:29:29.910+0800] {processor.py:179} INFO - Processing /home/azfarmustafa/airflow_tutorial/.venv/lib/python3.10/site-packages/airflow/example_dags/example_task_group.py took 0.069 seconds
[2023-11-24T10:30:18.744+0800] {processor.py:157} INFO - Started process (PID=58993) to work on /home/azfarmustafa/airflow_tutorial/.venv/lib/python3.10/site-packages/airflow/example_dags/example_task_group.py
[2023-11-24T10:30:18.748+0800] {processor.py:829} INFO - Processing file /home/azfarmustafa/airflow_tutorial/.venv/lib/python3.10/site-packages/airflow/example_dags/example_task_group.py for tasks to queue
[2023-11-24T10:30:18.749+0800] {logging_mixin.py:154} INFO - [2023-11-24T10:30:18.748+0800] {dagbag.py:536} INFO - Filling up the DagBag from /home/azfarmustafa/airflow_tutorial/.venv/lib/python3.10/site-packages/airflow/example_dags/example_task_group.py
[2023-11-24T10:30:18.756+0800] {processor.py:839} INFO - DAG(s) dict_keys(['example_task_group']) retrieved from /home/azfarmustafa/airflow_tutorial/.venv/lib/python3.10/site-packages/airflow/example_dags/example_task_group.py
[2023-11-24T10:30:18.770+0800] {logging_mixin.py:154} INFO - [2023-11-24T10:30:18.770+0800] {dag.py:2941} INFO - Sync 1 DAGs
[2023-11-24T10:30:18.789+0800] {logging_mixin.py:154} INFO - [2023-11-24T10:30:18.788+0800] {dag.py:3722} INFO - Setting next_dagrun for example_task_group to 2023-11-23T02:30:18.788739+00:00, run_after=2023-11-24T02:30:18.788739+00:00
[2023-11-24T10:30:18.812+0800] {processor.py:179} INFO - Processing /home/azfarmustafa/airflow_tutorial/.venv/lib/python3.10/site-packages/airflow/example_dags/example_task_group.py took 0.071 seconds
[2023-11-24T10:31:05.296+0800] {processor.py:157} INFO - Started process (PID=59041) to work on /home/azfarmustafa/airflow_tutorial/.venv/lib/python3.10/site-packages/airflow/example_dags/example_task_group.py
[2023-11-24T10:31:05.297+0800] {processor.py:829} INFO - Processing file /home/azfarmustafa/airflow_tutorial/.venv/lib/python3.10/site-packages/airflow/example_dags/example_task_group.py for tasks to queue
[2023-11-24T10:31:05.298+0800] {logging_mixin.py:154} INFO - [2023-11-24T10:31:05.298+0800] {dagbag.py:536} INFO - Filling up the DagBag from /home/azfarmustafa/airflow_tutorial/.venv/lib/python3.10/site-packages/airflow/example_dags/example_task_group.py
[2023-11-24T10:31:05.304+0800] {processor.py:839} INFO - DAG(s) dict_keys(['example_task_group']) retrieved from /home/azfarmustafa/airflow_tutorial/.venv/lib/python3.10/site-packages/airflow/example_dags/example_task_group.py
[2023-11-24T10:31:05.319+0800] {logging_mixin.py:154} INFO - [2023-11-24T10:31:05.318+0800] {dag.py:2941} INFO - Sync 1 DAGs
[2023-11-24T10:31:05.335+0800] {logging_mixin.py:154} INFO - [2023-11-24T10:31:05.335+0800] {dag.py:3722} INFO - Setting next_dagrun for example_task_group to 2023-11-23T02:31:05.335404+00:00, run_after=2023-11-24T02:31:05.335404+00:00
[2023-11-24T10:31:05.360+0800] {processor.py:179} INFO - Processing /home/azfarmustafa/airflow_tutorial/.venv/lib/python3.10/site-packages/airflow/example_dags/example_task_group.py took 0.068 seconds
[2023-11-24T10:31:39.109+0800] {processor.py:157} INFO - Started process (PID=59076) to work on /home/azfarmustafa/airflow_tutorial/.venv/lib/python3.10/site-packages/airflow/example_dags/example_task_group.py
[2023-11-24T10:31:39.110+0800] {processor.py:829} INFO - Processing file /home/azfarmustafa/airflow_tutorial/.venv/lib/python3.10/site-packages/airflow/example_dags/example_task_group.py for tasks to queue
[2023-11-24T10:31:39.111+0800] {logging_mixin.py:154} INFO - [2023-11-24T10:31:39.111+0800] {dagbag.py:536} INFO - Filling up the DagBag from /home/azfarmustafa/airflow_tutorial/.venv/lib/python3.10/site-packages/airflow/example_dags/example_task_group.py
[2023-11-24T10:31:39.118+0800] {processor.py:839} INFO - DAG(s) dict_keys(['example_task_group']) retrieved from /home/azfarmustafa/airflow_tutorial/.venv/lib/python3.10/site-packages/airflow/example_dags/example_task_group.py
[2023-11-24T10:31:39.133+0800] {logging_mixin.py:154} INFO - [2023-11-24T10:31:39.133+0800] {dag.py:2941} INFO - Sync 1 DAGs
[2023-11-24T10:31:39.155+0800] {logging_mixin.py:154} INFO - [2023-11-24T10:31:39.155+0800] {dag.py:3722} INFO - Setting next_dagrun for example_task_group to 2023-11-23T02:31:39.154965+00:00, run_after=2023-11-24T02:31:39.154965+00:00
[2023-11-24T10:31:39.184+0800] {processor.py:179} INFO - Processing /home/azfarmustafa/airflow_tutorial/.venv/lib/python3.10/site-packages/airflow/example_dags/example_task_group.py took 0.078 seconds
[2023-11-24T10:32:24.496+0800] {processor.py:157} INFO - Started process (PID=59121) to work on /home/azfarmustafa/airflow_tutorial/.venv/lib/python3.10/site-packages/airflow/example_dags/example_task_group.py
[2023-11-24T10:32:24.500+0800] {processor.py:829} INFO - Processing file /home/azfarmustafa/airflow_tutorial/.venv/lib/python3.10/site-packages/airflow/example_dags/example_task_group.py for tasks to queue
[2023-11-24T10:32:24.501+0800] {logging_mixin.py:154} INFO - [2023-11-24T10:32:24.500+0800] {dagbag.py:536} INFO - Filling up the DagBag from /home/azfarmustafa/airflow_tutorial/.venv/lib/python3.10/site-packages/airflow/example_dags/example_task_group.py
[2023-11-24T10:32:24.507+0800] {processor.py:839} INFO - DAG(s) dict_keys(['example_task_group']) retrieved from /home/azfarmustafa/airflow_tutorial/.venv/lib/python3.10/site-packages/airflow/example_dags/example_task_group.py
[2023-11-24T10:32:24.521+0800] {logging_mixin.py:154} INFO - [2023-11-24T10:32:24.521+0800] {dag.py:2941} INFO - Sync 1 DAGs
[2023-11-24T10:32:24.539+0800] {logging_mixin.py:154} INFO - [2023-11-24T10:32:24.538+0800] {dag.py:3722} INFO - Setting next_dagrun for example_task_group to 2023-11-23T02:32:24.538450+00:00, run_after=2023-11-24T02:32:24.538450+00:00
[2023-11-24T10:32:24.567+0800] {processor.py:179} INFO - Processing /home/azfarmustafa/airflow_tutorial/.venv/lib/python3.10/site-packages/airflow/example_dags/example_task_group.py took 0.073 seconds
[2023-11-24T10:32:58.773+0800] {processor.py:157} INFO - Started process (PID=59155) to work on /home/azfarmustafa/airflow_tutorial/.venv/lib/python3.10/site-packages/airflow/example_dags/example_task_group.py
[2023-11-24T10:32:58.777+0800] {processor.py:829} INFO - Processing file /home/azfarmustafa/airflow_tutorial/.venv/lib/python3.10/site-packages/airflow/example_dags/example_task_group.py for tasks to queue
[2023-11-24T10:32:58.778+0800] {logging_mixin.py:154} INFO - [2023-11-24T10:32:58.778+0800] {dagbag.py:536} INFO - Filling up the DagBag from /home/azfarmustafa/airflow_tutorial/.venv/lib/python3.10/site-packages/airflow/example_dags/example_task_group.py
[2023-11-24T10:32:58.785+0800] {processor.py:839} INFO - DAG(s) dict_keys(['example_task_group']) retrieved from /home/azfarmustafa/airflow_tutorial/.venv/lib/python3.10/site-packages/airflow/example_dags/example_task_group.py
[2023-11-24T10:32:58.806+0800] {logging_mixin.py:154} INFO - [2023-11-24T10:32:58.805+0800] {dag.py:2941} INFO - Sync 1 DAGs
[2023-11-24T10:32:58.827+0800] {logging_mixin.py:154} INFO - [2023-11-24T10:32:58.827+0800] {dag.py:3722} INFO - Setting next_dagrun for example_task_group to 2023-11-23T02:32:58.827058+00:00, run_after=2023-11-24T02:32:58.827058+00:00
[2023-11-24T10:32:58.850+0800] {processor.py:179} INFO - Processing /home/azfarmustafa/airflow_tutorial/.venv/lib/python3.10/site-packages/airflow/example_dags/example_task_group.py took 0.080 seconds
[2023-11-24T10:33:32.597+0800] {processor.py:157} INFO - Started process (PID=59188) to work on /home/azfarmustafa/airflow_tutorial/.venv/lib/python3.10/site-packages/airflow/example_dags/example_task_group.py
[2023-11-24T10:33:32.602+0800] {processor.py:829} INFO - Processing file /home/azfarmustafa/airflow_tutorial/.venv/lib/python3.10/site-packages/airflow/example_dags/example_task_group.py for tasks to queue
[2023-11-24T10:33:32.603+0800] {logging_mixin.py:154} INFO - [2023-11-24T10:33:32.602+0800] {dagbag.py:536} INFO - Filling up the DagBag from /home/azfarmustafa/airflow_tutorial/.venv/lib/python3.10/site-packages/airflow/example_dags/example_task_group.py
[2023-11-24T10:33:32.609+0800] {processor.py:839} INFO - DAG(s) dict_keys(['example_task_group']) retrieved from /home/azfarmustafa/airflow_tutorial/.venv/lib/python3.10/site-packages/airflow/example_dags/example_task_group.py
[2023-11-24T10:33:32.626+0800] {logging_mixin.py:154} INFO - [2023-11-24T10:33:32.626+0800] {dag.py:2941} INFO - Sync 1 DAGs
[2023-11-24T10:33:32.648+0800] {logging_mixin.py:154} INFO - [2023-11-24T10:33:32.647+0800] {dag.py:3722} INFO - Setting next_dagrun for example_task_group to 2023-11-23T02:33:32.647315+00:00, run_after=2023-11-24T02:33:32.647315+00:00
[2023-11-24T10:33:32.674+0800] {processor.py:179} INFO - Processing /home/azfarmustafa/airflow_tutorial/.venv/lib/python3.10/site-packages/airflow/example_dags/example_task_group.py took 0.080 seconds
[2023-11-24T10:34:07.154+0800] {processor.py:157} INFO - Started process (PID=59222) to work on /home/azfarmustafa/airflow_tutorial/.venv/lib/python3.10/site-packages/airflow/example_dags/example_task_group.py
[2023-11-24T10:34:07.159+0800] {processor.py:829} INFO - Processing file /home/azfarmustafa/airflow_tutorial/.venv/lib/python3.10/site-packages/airflow/example_dags/example_task_group.py for tasks to queue
[2023-11-24T10:34:07.159+0800] {logging_mixin.py:154} INFO - [2023-11-24T10:34:07.159+0800] {dagbag.py:536} INFO - Filling up the DagBag from /home/azfarmustafa/airflow_tutorial/.venv/lib/python3.10/site-packages/airflow/example_dags/example_task_group.py
[2023-11-24T10:34:07.166+0800] {processor.py:839} INFO - DAG(s) dict_keys(['example_task_group']) retrieved from /home/azfarmustafa/airflow_tutorial/.venv/lib/python3.10/site-packages/airflow/example_dags/example_task_group.py
[2023-11-24T10:34:07.181+0800] {logging_mixin.py:154} INFO - [2023-11-24T10:34:07.181+0800] {dag.py:2941} INFO - Sync 1 DAGs
[2023-11-24T10:34:07.199+0800] {logging_mixin.py:154} INFO - [2023-11-24T10:34:07.199+0800] {dag.py:3722} INFO - Setting next_dagrun for example_task_group to 2023-11-23T02:34:07.198802+00:00, run_after=2023-11-24T02:34:07.198802+00:00
[2023-11-24T10:34:07.224+0800] {processor.py:179} INFO - Processing /home/azfarmustafa/airflow_tutorial/.venv/lib/python3.10/site-packages/airflow/example_dags/example_task_group.py took 0.072 seconds
[2023-11-24T10:34:50.979+0800] {processor.py:157} INFO - Started process (PID=59274) to work on /home/azfarmustafa/airflow_tutorial/.venv/lib/python3.10/site-packages/airflow/example_dags/example_task_group.py
[2023-11-24T10:34:50.981+0800] {processor.py:829} INFO - Processing file /home/azfarmustafa/airflow_tutorial/.venv/lib/python3.10/site-packages/airflow/example_dags/example_task_group.py for tasks to queue
[2023-11-24T10:34:50.982+0800] {logging_mixin.py:154} INFO - [2023-11-24T10:34:50.982+0800] {dagbag.py:536} INFO - Filling up the DagBag from /home/azfarmustafa/airflow_tutorial/.venv/lib/python3.10/site-packages/airflow/example_dags/example_task_group.py
[2023-11-24T10:34:50.989+0800] {processor.py:839} INFO - DAG(s) dict_keys(['example_task_group']) retrieved from /home/azfarmustafa/airflow_tutorial/.venv/lib/python3.10/site-packages/airflow/example_dags/example_task_group.py
[2023-11-24T10:34:51.008+0800] {logging_mixin.py:154} INFO - [2023-11-24T10:34:51.008+0800] {dag.py:2941} INFO - Sync 1 DAGs
[2023-11-24T10:34:51.030+0800] {logging_mixin.py:154} INFO - [2023-11-24T10:34:51.029+0800] {dag.py:3722} INFO - Setting next_dagrun for example_task_group to 2023-11-23T02:34:51.029400+00:00, run_after=2023-11-24T02:34:51.029400+00:00
[2023-11-24T10:34:51.057+0800] {processor.py:179} INFO - Processing /home/azfarmustafa/airflow_tutorial/.venv/lib/python3.10/site-packages/airflow/example_dags/example_task_group.py took 0.082 seconds
[2023-11-24T10:35:25.973+0800] {processor.py:157} INFO - Started process (PID=59308) to work on /home/azfarmustafa/airflow_tutorial/.venv/lib/python3.10/site-packages/airflow/example_dags/example_task_group.py
[2023-11-24T10:35:25.975+0800] {processor.py:829} INFO - Processing file /home/azfarmustafa/airflow_tutorial/.venv/lib/python3.10/site-packages/airflow/example_dags/example_task_group.py for tasks to queue
[2023-11-24T10:35:25.976+0800] {logging_mixin.py:154} INFO - [2023-11-24T10:35:25.976+0800] {dagbag.py:536} INFO - Filling up the DagBag from /home/azfarmustafa/airflow_tutorial/.venv/lib/python3.10/site-packages/airflow/example_dags/example_task_group.py
[2023-11-24T10:35:25.985+0800] {processor.py:839} INFO - DAG(s) dict_keys(['example_task_group']) retrieved from /home/azfarmustafa/airflow_tutorial/.venv/lib/python3.10/site-packages/airflow/example_dags/example_task_group.py
[2023-11-24T10:35:26.010+0800] {logging_mixin.py:154} INFO - [2023-11-24T10:35:26.009+0800] {dag.py:2941} INFO - Sync 1 DAGs
[2023-11-24T10:35:26.029+0800] {logging_mixin.py:154} INFO - [2023-11-24T10:35:26.029+0800] {dag.py:3722} INFO - Setting next_dagrun for example_task_group to 2023-11-23T02:35:26.029305+00:00, run_after=2023-11-24T02:35:26.029305+00:00
[2023-11-24T10:35:26.055+0800] {processor.py:179} INFO - Processing /home/azfarmustafa/airflow_tutorial/.venv/lib/python3.10/site-packages/airflow/example_dags/example_task_group.py took 0.085 seconds
[2023-11-24T10:36:07.812+0800] {processor.py:157} INFO - Started process (PID=59354) to work on /home/azfarmustafa/airflow_tutorial/.venv/lib/python3.10/site-packages/airflow/example_dags/example_task_group.py
[2023-11-24T10:36:07.816+0800] {processor.py:829} INFO - Processing file /home/azfarmustafa/airflow_tutorial/.venv/lib/python3.10/site-packages/airflow/example_dags/example_task_group.py for tasks to queue
[2023-11-24T10:36:07.817+0800] {logging_mixin.py:154} INFO - [2023-11-24T10:36:07.816+0800] {dagbag.py:536} INFO - Filling up the DagBag from /home/azfarmustafa/airflow_tutorial/.venv/lib/python3.10/site-packages/airflow/example_dags/example_task_group.py
[2023-11-24T10:36:07.825+0800] {processor.py:839} INFO - DAG(s) dict_keys(['example_task_group']) retrieved from /home/azfarmustafa/airflow_tutorial/.venv/lib/python3.10/site-packages/airflow/example_dags/example_task_group.py
[2023-11-24T10:36:07.840+0800] {logging_mixin.py:154} INFO - [2023-11-24T10:36:07.840+0800] {dag.py:2941} INFO - Sync 1 DAGs
[2023-11-24T10:36:07.859+0800] {logging_mixin.py:154} INFO - [2023-11-24T10:36:07.859+0800] {dag.py:3722} INFO - Setting next_dagrun for example_task_group to 2023-11-23T02:36:07.858860+00:00, run_after=2023-11-24T02:36:07.858860+00:00
[2023-11-24T10:36:07.885+0800] {processor.py:179} INFO - Processing /home/azfarmustafa/airflow_tutorial/.venv/lib/python3.10/site-packages/airflow/example_dags/example_task_group.py took 0.076 seconds
[2023-11-24T10:36:49.511+0800] {processor.py:157} INFO - Started process (PID=59397) to work on /home/azfarmustafa/airflow_tutorial/.venv/lib/python3.10/site-packages/airflow/example_dags/example_task_group.py
[2023-11-24T10:36:49.513+0800] {processor.py:829} INFO - Processing file /home/azfarmustafa/airflow_tutorial/.venv/lib/python3.10/site-packages/airflow/example_dags/example_task_group.py for tasks to queue
[2023-11-24T10:36:49.514+0800] {logging_mixin.py:154} INFO - [2023-11-24T10:36:49.514+0800] {dagbag.py:536} INFO - Filling up the DagBag from /home/azfarmustafa/airflow_tutorial/.venv/lib/python3.10/site-packages/airflow/example_dags/example_task_group.py
[2023-11-24T10:36:49.523+0800] {processor.py:839} INFO - DAG(s) dict_keys(['example_task_group']) retrieved from /home/azfarmustafa/airflow_tutorial/.venv/lib/python3.10/site-packages/airflow/example_dags/example_task_group.py
[2023-11-24T10:36:49.544+0800] {logging_mixin.py:154} INFO - [2023-11-24T10:36:49.544+0800] {dag.py:2941} INFO - Sync 1 DAGs
[2023-11-24T10:36:49.564+0800] {logging_mixin.py:154} INFO - [2023-11-24T10:36:49.563+0800] {dag.py:3722} INFO - Setting next_dagrun for example_task_group to 2023-11-23T02:36:49.563644+00:00, run_after=2023-11-24T02:36:49.563644+00:00
[2023-11-24T10:36:49.589+0800] {processor.py:179} INFO - Processing /home/azfarmustafa/airflow_tutorial/.venv/lib/python3.10/site-packages/airflow/example_dags/example_task_group.py took 0.081 seconds
[2023-11-24T10:37:34.992+0800] {processor.py:157} INFO - Started process (PID=59444) to work on /home/azfarmustafa/airflow_tutorial/.venv/lib/python3.10/site-packages/airflow/example_dags/example_task_group.py
[2023-11-24T10:37:34.995+0800] {processor.py:829} INFO - Processing file /home/azfarmustafa/airflow_tutorial/.venv/lib/python3.10/site-packages/airflow/example_dags/example_task_group.py for tasks to queue
[2023-11-24T10:37:34.996+0800] {logging_mixin.py:154} INFO - [2023-11-24T10:37:34.996+0800] {dagbag.py:536} INFO - Filling up the DagBag from /home/azfarmustafa/airflow_tutorial/.venv/lib/python3.10/site-packages/airflow/example_dags/example_task_group.py
[2023-11-24T10:37:35.004+0800] {processor.py:839} INFO - DAG(s) dict_keys(['example_task_group']) retrieved from /home/azfarmustafa/airflow_tutorial/.venv/lib/python3.10/site-packages/airflow/example_dags/example_task_group.py
[2023-11-24T10:37:35.021+0800] {logging_mixin.py:154} INFO - [2023-11-24T10:37:35.020+0800] {dag.py:2941} INFO - Sync 1 DAGs
[2023-11-24T10:37:35.038+0800] {logging_mixin.py:154} INFO - [2023-11-24T10:37:35.038+0800] {dag.py:3722} INFO - Setting next_dagrun for example_task_group to 2023-11-23T02:37:35.037931+00:00, run_after=2023-11-24T02:37:35.037931+00:00
[2023-11-24T10:37:35.070+0800] {processor.py:179} INFO - Processing /home/azfarmustafa/airflow_tutorial/.venv/lib/python3.10/site-packages/airflow/example_dags/example_task_group.py took 0.081 seconds
[2023-11-24T10:38:22.256+0800] {processor.py:157} INFO - Started process (PID=59492) to work on /home/azfarmustafa/airflow_tutorial/.venv/lib/python3.10/site-packages/airflow/example_dags/example_task_group.py
[2023-11-24T10:38:22.261+0800] {processor.py:829} INFO - Processing file /home/azfarmustafa/airflow_tutorial/.venv/lib/python3.10/site-packages/airflow/example_dags/example_task_group.py for tasks to queue
[2023-11-24T10:38:22.262+0800] {logging_mixin.py:154} INFO - [2023-11-24T10:38:22.261+0800] {dagbag.py:536} INFO - Filling up the DagBag from /home/azfarmustafa/airflow_tutorial/.venv/lib/python3.10/site-packages/airflow/example_dags/example_task_group.py
[2023-11-24T10:38:22.269+0800] {processor.py:839} INFO - DAG(s) dict_keys(['example_task_group']) retrieved from /home/azfarmustafa/airflow_tutorial/.venv/lib/python3.10/site-packages/airflow/example_dags/example_task_group.py
[2023-11-24T10:38:22.286+0800] {logging_mixin.py:154} INFO - [2023-11-24T10:38:22.285+0800] {dag.py:2941} INFO - Sync 1 DAGs
[2023-11-24T10:38:22.302+0800] {logging_mixin.py:154} INFO - [2023-11-24T10:38:22.302+0800] {dag.py:3722} INFO - Setting next_dagrun for example_task_group to 2023-11-23T02:38:22.302333+00:00, run_after=2023-11-24T02:38:22.302333+00:00
[2023-11-24T10:38:22.328+0800] {processor.py:179} INFO - Processing /home/azfarmustafa/airflow_tutorial/.venv/lib/python3.10/site-packages/airflow/example_dags/example_task_group.py took 0.075 seconds
[2023-11-24T10:39:11.567+0800] {processor.py:157} INFO - Started process (PID=59541) to work on /home/azfarmustafa/airflow_tutorial/.venv/lib/python3.10/site-packages/airflow/example_dags/example_task_group.py
[2023-11-24T10:39:11.571+0800] {processor.py:829} INFO - Processing file /home/azfarmustafa/airflow_tutorial/.venv/lib/python3.10/site-packages/airflow/example_dags/example_task_group.py for tasks to queue
[2023-11-24T10:39:11.572+0800] {logging_mixin.py:154} INFO - [2023-11-24T10:39:11.571+0800] {dagbag.py:536} INFO - Filling up the DagBag from /home/azfarmustafa/airflow_tutorial/.venv/lib/python3.10/site-packages/airflow/example_dags/example_task_group.py
[2023-11-24T10:39:11.578+0800] {processor.py:839} INFO - DAG(s) dict_keys(['example_task_group']) retrieved from /home/azfarmustafa/airflow_tutorial/.venv/lib/python3.10/site-packages/airflow/example_dags/example_task_group.py
[2023-11-24T10:39:11.593+0800] {logging_mixin.py:154} INFO - [2023-11-24T10:39:11.592+0800] {dag.py:2941} INFO - Sync 1 DAGs
[2023-11-24T10:39:11.610+0800] {logging_mixin.py:154} INFO - [2023-11-24T10:39:11.610+0800] {dag.py:3722} INFO - Setting next_dagrun for example_task_group to 2023-11-23T02:39:11.610281+00:00, run_after=2023-11-24T02:39:11.610281+00:00
[2023-11-24T10:39:11.633+0800] {processor.py:179} INFO - Processing /home/azfarmustafa/airflow_tutorial/.venv/lib/python3.10/site-packages/airflow/example_dags/example_task_group.py took 0.068 seconds
[2023-11-24T10:39:46.122+0800] {processor.py:157} INFO - Started process (PID=59574) to work on /home/azfarmustafa/airflow_tutorial/.venv/lib/python3.10/site-packages/airflow/example_dags/example_task_group.py
[2023-11-24T10:39:46.126+0800] {processor.py:829} INFO - Processing file /home/azfarmustafa/airflow_tutorial/.venv/lib/python3.10/site-packages/airflow/example_dags/example_task_group.py for tasks to queue
[2023-11-24T10:39:46.128+0800] {logging_mixin.py:154} INFO - [2023-11-24T10:39:46.127+0800] {dagbag.py:536} INFO - Filling up the DagBag from /home/azfarmustafa/airflow_tutorial/.venv/lib/python3.10/site-packages/airflow/example_dags/example_task_group.py
[2023-11-24T10:39:46.135+0800] {processor.py:839} INFO - DAG(s) dict_keys(['example_task_group']) retrieved from /home/azfarmustafa/airflow_tutorial/.venv/lib/python3.10/site-packages/airflow/example_dags/example_task_group.py
[2023-11-24T10:39:46.151+0800] {logging_mixin.py:154} INFO - [2023-11-24T10:39:46.151+0800] {dag.py:2941} INFO - Sync 1 DAGs
[2023-11-24T10:39:46.169+0800] {logging_mixin.py:154} INFO - [2023-11-24T10:39:46.169+0800] {dag.py:3722} INFO - Setting next_dagrun for example_task_group to 2023-11-23T02:39:46.169064+00:00, run_after=2023-11-24T02:39:46.169064+00:00
[2023-11-24T10:39:46.200+0800] {processor.py:179} INFO - Processing /home/azfarmustafa/airflow_tutorial/.venv/lib/python3.10/site-packages/airflow/example_dags/example_task_group.py took 0.081 seconds
[2023-11-24T10:40:20.538+0800] {processor.py:157} INFO - Started process (PID=59610) to work on /home/azfarmustafa/airflow_tutorial/.venv/lib/python3.10/site-packages/airflow/example_dags/example_task_group.py
[2023-11-24T10:40:20.539+0800] {processor.py:829} INFO - Processing file /home/azfarmustafa/airflow_tutorial/.venv/lib/python3.10/site-packages/airflow/example_dags/example_task_group.py for tasks to queue
[2023-11-24T10:40:20.540+0800] {logging_mixin.py:154} INFO - [2023-11-24T10:40:20.540+0800] {dagbag.py:536} INFO - Filling up the DagBag from /home/azfarmustafa/airflow_tutorial/.venv/lib/python3.10/site-packages/airflow/example_dags/example_task_group.py
[2023-11-24T10:40:20.547+0800] {processor.py:839} INFO - DAG(s) dict_keys(['example_task_group']) retrieved from /home/azfarmustafa/airflow_tutorial/.venv/lib/python3.10/site-packages/airflow/example_dags/example_task_group.py
[2023-11-24T10:40:20.564+0800] {logging_mixin.py:154} INFO - [2023-11-24T10:40:20.563+0800] {dag.py:2941} INFO - Sync 1 DAGs
[2023-11-24T10:40:20.587+0800] {logging_mixin.py:154} INFO - [2023-11-24T10:40:20.587+0800] {dag.py:3722} INFO - Setting next_dagrun for example_task_group to 2023-11-23T02:40:20.586929+00:00, run_after=2023-11-24T02:40:20.586929+00:00
[2023-11-24T10:40:20.615+0800] {processor.py:179} INFO - Processing /home/azfarmustafa/airflow_tutorial/.venv/lib/python3.10/site-packages/airflow/example_dags/example_task_group.py took 0.080 seconds
[2023-11-24T10:41:03.693+0800] {processor.py:157} INFO - Started process (PID=59660) to work on /home/azfarmustafa/airflow_tutorial/.venv/lib/python3.10/site-packages/airflow/example_dags/example_task_group.py
[2023-11-24T10:41:03.698+0800] {processor.py:829} INFO - Processing file /home/azfarmustafa/airflow_tutorial/.venv/lib/python3.10/site-packages/airflow/example_dags/example_task_group.py for tasks to queue
[2023-11-24T10:41:03.699+0800] {logging_mixin.py:154} INFO - [2023-11-24T10:41:03.699+0800] {dagbag.py:536} INFO - Filling up the DagBag from /home/azfarmustafa/airflow_tutorial/.venv/lib/python3.10/site-packages/airflow/example_dags/example_task_group.py
[2023-11-24T10:41:03.707+0800] {processor.py:839} INFO - DAG(s) dict_keys(['example_task_group']) retrieved from /home/azfarmustafa/airflow_tutorial/.venv/lib/python3.10/site-packages/airflow/example_dags/example_task_group.py
[2023-11-24T10:41:03.722+0800] {logging_mixin.py:154} INFO - [2023-11-24T10:41:03.722+0800] {dag.py:2941} INFO - Sync 1 DAGs
[2023-11-24T10:41:03.740+0800] {logging_mixin.py:154} INFO - [2023-11-24T10:41:03.740+0800] {dag.py:3722} INFO - Setting next_dagrun for example_task_group to 2023-11-23T02:41:03.740279+00:00, run_after=2023-11-24T02:41:03.740279+00:00
[2023-11-24T10:41:03.768+0800] {processor.py:179} INFO - Processing /home/azfarmustafa/airflow_tutorial/.venv/lib/python3.10/site-packages/airflow/example_dags/example_task_group.py took 0.077 seconds
[2023-11-24T10:41:51.542+0800] {processor.py:157} INFO - Started process (PID=59708) to work on /home/azfarmustafa/airflow_tutorial/.venv/lib/python3.10/site-packages/airflow/example_dags/example_task_group.py
[2023-11-24T10:41:51.544+0800] {processor.py:829} INFO - Processing file /home/azfarmustafa/airflow_tutorial/.venv/lib/python3.10/site-packages/airflow/example_dags/example_task_group.py for tasks to queue
[2023-11-24T10:41:51.545+0800] {logging_mixin.py:154} INFO - [2023-11-24T10:41:51.545+0800] {dagbag.py:536} INFO - Filling up the DagBag from /home/azfarmustafa/airflow_tutorial/.venv/lib/python3.10/site-packages/airflow/example_dags/example_task_group.py
[2023-11-24T10:41:51.551+0800] {processor.py:839} INFO - DAG(s) dict_keys(['example_task_group']) retrieved from /home/azfarmustafa/airflow_tutorial/.venv/lib/python3.10/site-packages/airflow/example_dags/example_task_group.py
[2023-11-24T10:41:51.567+0800] {logging_mixin.py:154} INFO - [2023-11-24T10:41:51.567+0800] {dag.py:2941} INFO - Sync 1 DAGs
[2023-11-24T10:41:51.590+0800] {logging_mixin.py:154} INFO - [2023-11-24T10:41:51.590+0800] {dag.py:3722} INFO - Setting next_dagrun for example_task_group to 2023-11-23T02:41:51.590547+00:00, run_after=2023-11-24T02:41:51.590547+00:00
[2023-11-24T10:41:51.615+0800] {processor.py:179} INFO - Processing /home/azfarmustafa/airflow_tutorial/.venv/lib/python3.10/site-packages/airflow/example_dags/example_task_group.py took 0.075 seconds
[2023-11-24T10:42:36.845+0800] {processor.py:157} INFO - Started process (PID=59754) to work on /home/azfarmustafa/airflow_tutorial/.venv/lib/python3.10/site-packages/airflow/example_dags/example_task_group.py
[2023-11-24T10:42:36.849+0800] {processor.py:829} INFO - Processing file /home/azfarmustafa/airflow_tutorial/.venv/lib/python3.10/site-packages/airflow/example_dags/example_task_group.py for tasks to queue
[2023-11-24T10:42:36.849+0800] {logging_mixin.py:154} INFO - [2023-11-24T10:42:36.849+0800] {dagbag.py:536} INFO - Filling up the DagBag from /home/azfarmustafa/airflow_tutorial/.venv/lib/python3.10/site-packages/airflow/example_dags/example_task_group.py
[2023-11-24T10:42:36.857+0800] {processor.py:839} INFO - DAG(s) dict_keys(['example_task_group']) retrieved from /home/azfarmustafa/airflow_tutorial/.venv/lib/python3.10/site-packages/airflow/example_dags/example_task_group.py
[2023-11-24T10:42:36.873+0800] {logging_mixin.py:154} INFO - [2023-11-24T10:42:36.873+0800] {dag.py:2941} INFO - Sync 1 DAGs
[2023-11-24T10:42:36.893+0800] {logging_mixin.py:154} INFO - [2023-11-24T10:42:36.893+0800] {dag.py:3722} INFO - Setting next_dagrun for example_task_group to 2023-11-23T02:42:36.893285+00:00, run_after=2023-11-24T02:42:36.893285+00:00
[2023-11-24T10:42:36.915+0800] {processor.py:179} INFO - Processing /home/azfarmustafa/airflow_tutorial/.venv/lib/python3.10/site-packages/airflow/example_dags/example_task_group.py took 0.073 seconds
[2023-11-24T10:43:10.575+0800] {processor.py:157} INFO - Started process (PID=59787) to work on /home/azfarmustafa/airflow_tutorial/.venv/lib/python3.10/site-packages/airflow/example_dags/example_task_group.py
[2023-11-24T10:43:10.579+0800] {processor.py:829} INFO - Processing file /home/azfarmustafa/airflow_tutorial/.venv/lib/python3.10/site-packages/airflow/example_dags/example_task_group.py for tasks to queue
[2023-11-24T10:43:10.580+0800] {logging_mixin.py:154} INFO - [2023-11-24T10:43:10.580+0800] {dagbag.py:536} INFO - Filling up the DagBag from /home/azfarmustafa/airflow_tutorial/.venv/lib/python3.10/site-packages/airflow/example_dags/example_task_group.py
[2023-11-24T10:43:10.587+0800] {processor.py:839} INFO - DAG(s) dict_keys(['example_task_group']) retrieved from /home/azfarmustafa/airflow_tutorial/.venv/lib/python3.10/site-packages/airflow/example_dags/example_task_group.py
[2023-11-24T10:43:10.602+0800] {logging_mixin.py:154} INFO - [2023-11-24T10:43:10.602+0800] {dag.py:2941} INFO - Sync 1 DAGs
[2023-11-24T10:43:10.619+0800] {logging_mixin.py:154} INFO - [2023-11-24T10:43:10.619+0800] {dag.py:3722} INFO - Setting next_dagrun for example_task_group to 2023-11-23T02:43:10.619238+00:00, run_after=2023-11-24T02:43:10.619238+00:00
[2023-11-24T10:43:10.644+0800] {processor.py:179} INFO - Processing /home/azfarmustafa/airflow_tutorial/.venv/lib/python3.10/site-packages/airflow/example_dags/example_task_group.py took 0.073 seconds
[2023-11-24T10:43:55.491+0800] {processor.py:157} INFO - Started process (PID=59834) to work on /home/azfarmustafa/airflow_tutorial/.venv/lib/python3.10/site-packages/airflow/example_dags/example_task_group.py
[2023-11-24T10:43:55.495+0800] {processor.py:829} INFO - Processing file /home/azfarmustafa/airflow_tutorial/.venv/lib/python3.10/site-packages/airflow/example_dags/example_task_group.py for tasks to queue
[2023-11-24T10:43:55.496+0800] {logging_mixin.py:154} INFO - [2023-11-24T10:43:55.496+0800] {dagbag.py:536} INFO - Filling up the DagBag from /home/azfarmustafa/airflow_tutorial/.venv/lib/python3.10/site-packages/airflow/example_dags/example_task_group.py
[2023-11-24T10:43:55.502+0800] {processor.py:839} INFO - DAG(s) dict_keys(['example_task_group']) retrieved from /home/azfarmustafa/airflow_tutorial/.venv/lib/python3.10/site-packages/airflow/example_dags/example_task_group.py
[2023-11-24T10:43:55.517+0800] {logging_mixin.py:154} INFO - [2023-11-24T10:43:55.517+0800] {dag.py:2941} INFO - Sync 1 DAGs
[2023-11-24T10:43:55.538+0800] {logging_mixin.py:154} INFO - [2023-11-24T10:43:55.537+0800] {dag.py:3722} INFO - Setting next_dagrun for example_task_group to 2023-11-23T02:43:55.537605+00:00, run_after=2023-11-24T02:43:55.537605+00:00
[2023-11-24T10:43:55.563+0800] {processor.py:179} INFO - Processing /home/azfarmustafa/airflow_tutorial/.venv/lib/python3.10/site-packages/airflow/example_dags/example_task_group.py took 0.075 seconds
[2023-11-24T10:44:29.540+0800] {processor.py:157} INFO - Started process (PID=59868) to work on /home/azfarmustafa/airflow_tutorial/.venv/lib/python3.10/site-packages/airflow/example_dags/example_task_group.py
[2023-11-24T10:44:29.544+0800] {processor.py:829} INFO - Processing file /home/azfarmustafa/airflow_tutorial/.venv/lib/python3.10/site-packages/airflow/example_dags/example_task_group.py for tasks to queue
[2023-11-24T10:44:29.545+0800] {logging_mixin.py:154} INFO - [2023-11-24T10:44:29.545+0800] {dagbag.py:536} INFO - Filling up the DagBag from /home/azfarmustafa/airflow_tutorial/.venv/lib/python3.10/site-packages/airflow/example_dags/example_task_group.py
[2023-11-24T10:44:29.553+0800] {processor.py:839} INFO - DAG(s) dict_keys(['example_task_group']) retrieved from /home/azfarmustafa/airflow_tutorial/.venv/lib/python3.10/site-packages/airflow/example_dags/example_task_group.py
[2023-11-24T10:44:29.568+0800] {logging_mixin.py:154} INFO - [2023-11-24T10:44:29.567+0800] {dag.py:2941} INFO - Sync 1 DAGs
[2023-11-24T10:44:29.585+0800] {logging_mixin.py:154} INFO - [2023-11-24T10:44:29.584+0800] {dag.py:3722} INFO - Setting next_dagrun for example_task_group to 2023-11-23T02:44:29.584604+00:00, run_after=2023-11-24T02:44:29.584604+00:00
[2023-11-24T10:44:29.610+0800] {processor.py:179} INFO - Processing /home/azfarmustafa/airflow_tutorial/.venv/lib/python3.10/site-packages/airflow/example_dags/example_task_group.py took 0.072 seconds
[2023-11-24T10:45:17.376+0800] {processor.py:157} INFO - Started process (PID=59916) to work on /home/azfarmustafa/airflow_tutorial/.venv/lib/python3.10/site-packages/airflow/example_dags/example_task_group.py
[2023-11-24T10:45:17.377+0800] {processor.py:829} INFO - Processing file /home/azfarmustafa/airflow_tutorial/.venv/lib/python3.10/site-packages/airflow/example_dags/example_task_group.py for tasks to queue
[2023-11-24T10:45:17.378+0800] {logging_mixin.py:154} INFO - [2023-11-24T10:45:17.378+0800] {dagbag.py:536} INFO - Filling up the DagBag from /home/azfarmustafa/airflow_tutorial/.venv/lib/python3.10/site-packages/airflow/example_dags/example_task_group.py
[2023-11-24T10:45:17.385+0800] {processor.py:839} INFO - DAG(s) dict_keys(['example_task_group']) retrieved from /home/azfarmustafa/airflow_tutorial/.venv/lib/python3.10/site-packages/airflow/example_dags/example_task_group.py
[2023-11-24T10:45:17.401+0800] {logging_mixin.py:154} INFO - [2023-11-24T10:45:17.401+0800] {dag.py:2941} INFO - Sync 1 DAGs
[2023-11-24T10:45:17.420+0800] {logging_mixin.py:154} INFO - [2023-11-24T10:45:17.420+0800] {dag.py:3722} INFO - Setting next_dagrun for example_task_group to 2023-11-23T02:45:17.420018+00:00, run_after=2023-11-24T02:45:17.420018+00:00
[2023-11-24T10:45:17.445+0800] {processor.py:179} INFO - Processing /home/azfarmustafa/airflow_tutorial/.venv/lib/python3.10/site-packages/airflow/example_dags/example_task_group.py took 0.071 seconds
[2023-11-24T10:46:04.758+0800] {processor.py:157} INFO - Started process (PID=59964) to work on /home/azfarmustafa/airflow_tutorial/.venv/lib/python3.10/site-packages/airflow/example_dags/example_task_group.py
[2023-11-24T10:46:04.762+0800] {processor.py:829} INFO - Processing file /home/azfarmustafa/airflow_tutorial/.venv/lib/python3.10/site-packages/airflow/example_dags/example_task_group.py for tasks to queue
[2023-11-24T10:46:04.763+0800] {logging_mixin.py:154} INFO - [2023-11-24T10:46:04.763+0800] {dagbag.py:536} INFO - Filling up the DagBag from /home/azfarmustafa/airflow_tutorial/.venv/lib/python3.10/site-packages/airflow/example_dags/example_task_group.py
[2023-11-24T10:46:04.770+0800] {processor.py:839} INFO - DAG(s) dict_keys(['example_task_group']) retrieved from /home/azfarmustafa/airflow_tutorial/.venv/lib/python3.10/site-packages/airflow/example_dags/example_task_group.py
[2023-11-24T10:46:04.788+0800] {logging_mixin.py:154} INFO - [2023-11-24T10:46:04.788+0800] {dag.py:2941} INFO - Sync 1 DAGs
[2023-11-24T10:46:04.806+0800] {logging_mixin.py:154} INFO - [2023-11-24T10:46:04.806+0800] {dag.py:3722} INFO - Setting next_dagrun for example_task_group to 2023-11-23T02:46:04.806497+00:00, run_after=2023-11-24T02:46:04.806497+00:00
[2023-11-24T10:46:04.836+0800] {processor.py:179} INFO - Processing /home/azfarmustafa/airflow_tutorial/.venv/lib/python3.10/site-packages/airflow/example_dags/example_task_group.py took 0.080 seconds
[2023-11-24T10:46:49.900+0800] {processor.py:157} INFO - Started process (PID=60010) to work on /home/azfarmustafa/airflow_tutorial/.venv/lib/python3.10/site-packages/airflow/example_dags/example_task_group.py
[2023-11-24T10:46:49.904+0800] {processor.py:829} INFO - Processing file /home/azfarmustafa/airflow_tutorial/.venv/lib/python3.10/site-packages/airflow/example_dags/example_task_group.py for tasks to queue
[2023-11-24T10:46:49.904+0800] {logging_mixin.py:154} INFO - [2023-11-24T10:46:49.904+0800] {dagbag.py:536} INFO - Filling up the DagBag from /home/azfarmustafa/airflow_tutorial/.venv/lib/python3.10/site-packages/airflow/example_dags/example_task_group.py
[2023-11-24T10:46:49.913+0800] {processor.py:839} INFO - DAG(s) dict_keys(['example_task_group']) retrieved from /home/azfarmustafa/airflow_tutorial/.venv/lib/python3.10/site-packages/airflow/example_dags/example_task_group.py
[2023-11-24T10:46:49.928+0800] {logging_mixin.py:154} INFO - [2023-11-24T10:46:49.928+0800] {dag.py:2941} INFO - Sync 1 DAGs
[2023-11-24T10:46:49.947+0800] {logging_mixin.py:154} INFO - [2023-11-24T10:46:49.947+0800] {dag.py:3722} INFO - Setting next_dagrun for example_task_group to 2023-11-23T02:46:49.947357+00:00, run_after=2023-11-24T02:46:49.947357+00:00
[2023-11-24T10:46:49.975+0800] {processor.py:179} INFO - Processing /home/azfarmustafa/airflow_tutorial/.venv/lib/python3.10/site-packages/airflow/example_dags/example_task_group.py took 0.078 seconds
[2023-11-24T10:47:33.417+0800] {processor.py:157} INFO - Started process (PID=60062) to work on /home/azfarmustafa/airflow_tutorial/.venv/lib/python3.10/site-packages/airflow/example_dags/example_task_group.py
[2023-11-24T10:47:33.422+0800] {processor.py:829} INFO - Processing file /home/azfarmustafa/airflow_tutorial/.venv/lib/python3.10/site-packages/airflow/example_dags/example_task_group.py for tasks to queue
[2023-11-24T10:47:33.423+0800] {logging_mixin.py:154} INFO - [2023-11-24T10:47:33.422+0800] {dagbag.py:536} INFO - Filling up the DagBag from /home/azfarmustafa/airflow_tutorial/.venv/lib/python3.10/site-packages/airflow/example_dags/example_task_group.py
[2023-11-24T10:47:33.430+0800] {processor.py:839} INFO - DAG(s) dict_keys(['example_task_group']) retrieved from /home/azfarmustafa/airflow_tutorial/.venv/lib/python3.10/site-packages/airflow/example_dags/example_task_group.py
[2023-11-24T10:47:33.448+0800] {logging_mixin.py:154} INFO - [2023-11-24T10:47:33.448+0800] {dag.py:2941} INFO - Sync 1 DAGs
[2023-11-24T10:47:33.468+0800] {logging_mixin.py:154} INFO - [2023-11-24T10:47:33.467+0800] {dag.py:3722} INFO - Setting next_dagrun for example_task_group to 2023-11-23T02:47:33.467672+00:00, run_after=2023-11-24T02:47:33.467672+00:00
[2023-11-24T10:47:33.497+0800] {processor.py:179} INFO - Processing /home/azfarmustafa/airflow_tutorial/.venv/lib/python3.10/site-packages/airflow/example_dags/example_task_group.py took 0.083 seconds
[2023-11-24T10:48:20.598+0800] {processor.py:157} INFO - Started process (PID=60110) to work on /home/azfarmustafa/airflow_tutorial/.venv/lib/python3.10/site-packages/airflow/example_dags/example_task_group.py
[2023-11-24T10:48:20.602+0800] {processor.py:829} INFO - Processing file /home/azfarmustafa/airflow_tutorial/.venv/lib/python3.10/site-packages/airflow/example_dags/example_task_group.py for tasks to queue
[2023-11-24T10:48:20.603+0800] {logging_mixin.py:154} INFO - [2023-11-24T10:48:20.602+0800] {dagbag.py:536} INFO - Filling up the DagBag from /home/azfarmustafa/airflow_tutorial/.venv/lib/python3.10/site-packages/airflow/example_dags/example_task_group.py
[2023-11-24T10:48:20.612+0800] {processor.py:839} INFO - DAG(s) dict_keys(['example_task_group']) retrieved from /home/azfarmustafa/airflow_tutorial/.venv/lib/python3.10/site-packages/airflow/example_dags/example_task_group.py
[2023-11-24T10:48:20.631+0800] {logging_mixin.py:154} INFO - [2023-11-24T10:48:20.631+0800] {dag.py:2941} INFO - Sync 1 DAGs
[2023-11-24T10:48:20.655+0800] {logging_mixin.py:154} INFO - [2023-11-24T10:48:20.654+0800] {dag.py:3722} INFO - Setting next_dagrun for example_task_group to 2023-11-23T02:48:20.654341+00:00, run_after=2023-11-24T02:48:20.654341+00:00
[2023-11-24T10:48:20.684+0800] {processor.py:179} INFO - Processing /home/azfarmustafa/airflow_tutorial/.venv/lib/python3.10/site-packages/airflow/example_dags/example_task_group.py took 0.089 seconds
[2023-11-24T10:49:08.645+0800] {processor.py:157} INFO - Started process (PID=60158) to work on /home/azfarmustafa/airflow_tutorial/.venv/lib/python3.10/site-packages/airflow/example_dags/example_task_group.py
[2023-11-24T10:49:08.649+0800] {processor.py:829} INFO - Processing file /home/azfarmustafa/airflow_tutorial/.venv/lib/python3.10/site-packages/airflow/example_dags/example_task_group.py for tasks to queue
[2023-11-24T10:49:08.651+0800] {logging_mixin.py:154} INFO - [2023-11-24T10:49:08.650+0800] {dagbag.py:536} INFO - Filling up the DagBag from /home/azfarmustafa/airflow_tutorial/.venv/lib/python3.10/site-packages/airflow/example_dags/example_task_group.py
[2023-11-24T10:49:08.658+0800] {processor.py:839} INFO - DAG(s) dict_keys(['example_task_group']) retrieved from /home/azfarmustafa/airflow_tutorial/.venv/lib/python3.10/site-packages/airflow/example_dags/example_task_group.py
[2023-11-24T10:49:08.675+0800] {logging_mixin.py:154} INFO - [2023-11-24T10:49:08.675+0800] {dag.py:2941} INFO - Sync 1 DAGs
[2023-11-24T10:49:08.695+0800] {logging_mixin.py:154} INFO - [2023-11-24T10:49:08.695+0800] {dag.py:3722} INFO - Setting next_dagrun for example_task_group to 2023-11-23T02:49:08.695069+00:00, run_after=2023-11-24T02:49:08.695069+00:00
[2023-11-24T10:49:08.725+0800] {processor.py:179} INFO - Processing /home/azfarmustafa/airflow_tutorial/.venv/lib/python3.10/site-packages/airflow/example_dags/example_task_group.py took 0.084 seconds
[2023-11-24T10:49:55.696+0800] {processor.py:157} INFO - Started process (PID=60206) to work on /home/azfarmustafa/airflow_tutorial/.venv/lib/python3.10/site-packages/airflow/example_dags/example_task_group.py
[2023-11-24T10:49:55.701+0800] {processor.py:829} INFO - Processing file /home/azfarmustafa/airflow_tutorial/.venv/lib/python3.10/site-packages/airflow/example_dags/example_task_group.py for tasks to queue
[2023-11-24T10:49:55.702+0800] {logging_mixin.py:154} INFO - [2023-11-24T10:49:55.701+0800] {dagbag.py:536} INFO - Filling up the DagBag from /home/azfarmustafa/airflow_tutorial/.venv/lib/python3.10/site-packages/airflow/example_dags/example_task_group.py
[2023-11-24T10:49:55.708+0800] {processor.py:839} INFO - DAG(s) dict_keys(['example_task_group']) retrieved from /home/azfarmustafa/airflow_tutorial/.venv/lib/python3.10/site-packages/airflow/example_dags/example_task_group.py
[2023-11-24T10:49:55.723+0800] {logging_mixin.py:154} INFO - [2023-11-24T10:49:55.723+0800] {dag.py:2941} INFO - Sync 1 DAGs
[2023-11-24T10:49:55.741+0800] {logging_mixin.py:154} INFO - [2023-11-24T10:49:55.740+0800] {dag.py:3722} INFO - Setting next_dagrun for example_task_group to 2023-11-23T02:49:55.740619+00:00, run_after=2023-11-24T02:49:55.740619+00:00
[2023-11-24T10:49:55.766+0800] {processor.py:179} INFO - Processing /home/azfarmustafa/airflow_tutorial/.venv/lib/python3.10/site-packages/airflow/example_dags/example_task_group.py took 0.072 seconds
[2023-11-24T10:50:41.694+0800] {processor.py:157} INFO - Started process (PID=60254) to work on /home/azfarmustafa/airflow_tutorial/.venv/lib/python3.10/site-packages/airflow/example_dags/example_task_group.py
[2023-11-24T10:50:41.698+0800] {processor.py:829} INFO - Processing file /home/azfarmustafa/airflow_tutorial/.venv/lib/python3.10/site-packages/airflow/example_dags/example_task_group.py for tasks to queue
[2023-11-24T10:50:41.699+0800] {logging_mixin.py:154} INFO - [2023-11-24T10:50:41.699+0800] {dagbag.py:536} INFO - Filling up the DagBag from /home/azfarmustafa/airflow_tutorial/.venv/lib/python3.10/site-packages/airflow/example_dags/example_task_group.py
[2023-11-24T10:50:41.706+0800] {processor.py:839} INFO - DAG(s) dict_keys(['example_task_group']) retrieved from /home/azfarmustafa/airflow_tutorial/.venv/lib/python3.10/site-packages/airflow/example_dags/example_task_group.py
[2023-11-24T10:50:41.720+0800] {logging_mixin.py:154} INFO - [2023-11-24T10:50:41.720+0800] {dag.py:2941} INFO - Sync 1 DAGs
[2023-11-24T10:50:41.737+0800] {logging_mixin.py:154} INFO - [2023-11-24T10:50:41.737+0800] {dag.py:3722} INFO - Setting next_dagrun for example_task_group to 2023-11-23T02:50:41.737152+00:00, run_after=2023-11-24T02:50:41.737152+00:00
[2023-11-24T10:50:41.760+0800] {processor.py:179} INFO - Processing /home/azfarmustafa/airflow_tutorial/.venv/lib/python3.10/site-packages/airflow/example_dags/example_task_group.py took 0.069 seconds
[2023-11-24T10:51:28.467+0800] {processor.py:157} INFO - Started process (PID=60302) to work on /home/azfarmustafa/airflow_tutorial/.venv/lib/python3.10/site-packages/airflow/example_dags/example_task_group.py
[2023-11-24T10:51:28.469+0800] {processor.py:829} INFO - Processing file /home/azfarmustafa/airflow_tutorial/.venv/lib/python3.10/site-packages/airflow/example_dags/example_task_group.py for tasks to queue
[2023-11-24T10:51:28.470+0800] {logging_mixin.py:154} INFO - [2023-11-24T10:51:28.470+0800] {dagbag.py:536} INFO - Filling up the DagBag from /home/azfarmustafa/airflow_tutorial/.venv/lib/python3.10/site-packages/airflow/example_dags/example_task_group.py
[2023-11-24T10:51:28.477+0800] {processor.py:839} INFO - DAG(s) dict_keys(['example_task_group']) retrieved from /home/azfarmustafa/airflow_tutorial/.venv/lib/python3.10/site-packages/airflow/example_dags/example_task_group.py
[2023-11-24T10:51:28.491+0800] {logging_mixin.py:154} INFO - [2023-11-24T10:51:28.491+0800] {dag.py:2941} INFO - Sync 1 DAGs
[2023-11-24T10:51:28.510+0800] {logging_mixin.py:154} INFO - [2023-11-24T10:51:28.510+0800] {dag.py:3722} INFO - Setting next_dagrun for example_task_group to 2023-11-23T02:51:28.510262+00:00, run_after=2023-11-24T02:51:28.510262+00:00
[2023-11-24T10:51:28.534+0800] {processor.py:179} INFO - Processing /home/azfarmustafa/airflow_tutorial/.venv/lib/python3.10/site-packages/airflow/example_dags/example_task_group.py took 0.072 seconds
[2023-11-24T10:52:16.543+0800] {processor.py:157} INFO - Started process (PID=60350) to work on /home/azfarmustafa/airflow_tutorial/.venv/lib/python3.10/site-packages/airflow/example_dags/example_task_group.py
[2023-11-24T10:52:16.544+0800] {processor.py:829} INFO - Processing file /home/azfarmustafa/airflow_tutorial/.venv/lib/python3.10/site-packages/airflow/example_dags/example_task_group.py for tasks to queue
[2023-11-24T10:52:16.545+0800] {logging_mixin.py:154} INFO - [2023-11-24T10:52:16.544+0800] {dagbag.py:536} INFO - Filling up the DagBag from /home/azfarmustafa/airflow_tutorial/.venv/lib/python3.10/site-packages/airflow/example_dags/example_task_group.py
[2023-11-24T10:52:16.551+0800] {processor.py:839} INFO - DAG(s) dict_keys(['example_task_group']) retrieved from /home/azfarmustafa/airflow_tutorial/.venv/lib/python3.10/site-packages/airflow/example_dags/example_task_group.py
[2023-11-24T10:52:16.565+0800] {logging_mixin.py:154} INFO - [2023-11-24T10:52:16.565+0800] {dag.py:2941} INFO - Sync 1 DAGs
[2023-11-24T10:52:16.582+0800] {logging_mixin.py:154} INFO - [2023-11-24T10:52:16.582+0800] {dag.py:3722} INFO - Setting next_dagrun for example_task_group to 2023-11-23T02:52:16.582490+00:00, run_after=2023-11-24T02:52:16.582490+00:00
[2023-11-24T10:52:16.606+0800] {processor.py:179} INFO - Processing /home/azfarmustafa/airflow_tutorial/.venv/lib/python3.10/site-packages/airflow/example_dags/example_task_group.py took 0.066 seconds
[2023-11-24T10:53:05.613+0800] {processor.py:157} INFO - Started process (PID=60398) to work on /home/azfarmustafa/airflow_tutorial/.venv/lib/python3.10/site-packages/airflow/example_dags/example_task_group.py
[2023-11-24T10:53:05.615+0800] {processor.py:829} INFO - Processing file /home/azfarmustafa/airflow_tutorial/.venv/lib/python3.10/site-packages/airflow/example_dags/example_task_group.py for tasks to queue
[2023-11-24T10:53:05.616+0800] {logging_mixin.py:154} INFO - [2023-11-24T10:53:05.615+0800] {dagbag.py:536} INFO - Filling up the DagBag from /home/azfarmustafa/airflow_tutorial/.venv/lib/python3.10/site-packages/airflow/example_dags/example_task_group.py
[2023-11-24T10:53:05.624+0800] {processor.py:839} INFO - DAG(s) dict_keys(['example_task_group']) retrieved from /home/azfarmustafa/airflow_tutorial/.venv/lib/python3.10/site-packages/airflow/example_dags/example_task_group.py
[2023-11-24T10:53:05.650+0800] {logging_mixin.py:154} INFO - [2023-11-24T10:53:05.650+0800] {dag.py:2941} INFO - Sync 1 DAGs
[2023-11-24T10:53:05.670+0800] {logging_mixin.py:154} INFO - [2023-11-24T10:53:05.670+0800] {dag.py:3722} INFO - Setting next_dagrun for example_task_group to 2023-11-23T02:53:05.669634+00:00, run_after=2023-11-24T02:53:05.669634+00:00
[2023-11-24T10:53:05.698+0800] {processor.py:179} INFO - Processing /home/azfarmustafa/airflow_tutorial/.venv/lib/python3.10/site-packages/airflow/example_dags/example_task_group.py took 0.087 seconds
[2023-11-24T10:53:50.859+0800] {processor.py:157} INFO - Started process (PID=60451) to work on /home/azfarmustafa/airflow_tutorial/.venv/lib/python3.10/site-packages/airflow/example_dags/example_task_group.py
[2023-11-24T10:53:50.863+0800] {processor.py:829} INFO - Processing file /home/azfarmustafa/airflow_tutorial/.venv/lib/python3.10/site-packages/airflow/example_dags/example_task_group.py for tasks to queue
[2023-11-24T10:53:50.864+0800] {logging_mixin.py:154} INFO - [2023-11-24T10:53:50.864+0800] {dagbag.py:536} INFO - Filling up the DagBag from /home/azfarmustafa/airflow_tutorial/.venv/lib/python3.10/site-packages/airflow/example_dags/example_task_group.py
[2023-11-24T10:53:50.870+0800] {processor.py:839} INFO - DAG(s) dict_keys(['example_task_group']) retrieved from /home/azfarmustafa/airflow_tutorial/.venv/lib/python3.10/site-packages/airflow/example_dags/example_task_group.py
[2023-11-24T10:53:50.886+0800] {logging_mixin.py:154} INFO - [2023-11-24T10:53:50.886+0800] {dag.py:2941} INFO - Sync 1 DAGs
[2023-11-24T10:53:50.909+0800] {logging_mixin.py:154} INFO - [2023-11-24T10:53:50.909+0800] {dag.py:3722} INFO - Setting next_dagrun for example_task_group to 2023-11-23T02:53:50.909373+00:00, run_after=2023-11-24T02:53:50.909373+00:00
[2023-11-24T10:53:50.937+0800] {processor.py:179} INFO - Processing /home/azfarmustafa/airflow_tutorial/.venv/lib/python3.10/site-packages/airflow/example_dags/example_task_group.py took 0.083 seconds
[2023-11-24T10:54:24.597+0800] {processor.py:157} INFO - Started process (PID=60485) to work on /home/azfarmustafa/airflow_tutorial/.venv/lib/python3.10/site-packages/airflow/example_dags/example_task_group.py
[2023-11-24T10:54:24.601+0800] {processor.py:829} INFO - Processing file /home/azfarmustafa/airflow_tutorial/.venv/lib/python3.10/site-packages/airflow/example_dags/example_task_group.py for tasks to queue
[2023-11-24T10:54:24.601+0800] {logging_mixin.py:154} INFO - [2023-11-24T10:54:24.601+0800] {dagbag.py:536} INFO - Filling up the DagBag from /home/azfarmustafa/airflow_tutorial/.venv/lib/python3.10/site-packages/airflow/example_dags/example_task_group.py
[2023-11-24T10:54:24.608+0800] {processor.py:839} INFO - DAG(s) dict_keys(['example_task_group']) retrieved from /home/azfarmustafa/airflow_tutorial/.venv/lib/python3.10/site-packages/airflow/example_dags/example_task_group.py
[2023-11-24T10:54:24.626+0800] {logging_mixin.py:154} INFO - [2023-11-24T10:54:24.625+0800] {dag.py:2941} INFO - Sync 1 DAGs
[2023-11-24T10:54:24.648+0800] {logging_mixin.py:154} INFO - [2023-11-24T10:54:24.648+0800] {dag.py:3722} INFO - Setting next_dagrun for example_task_group to 2023-11-23T02:54:24.648016+00:00, run_after=2023-11-24T02:54:24.648016+00:00
[2023-11-24T10:54:24.671+0800] {processor.py:179} INFO - Processing /home/azfarmustafa/airflow_tutorial/.venv/lib/python3.10/site-packages/airflow/example_dags/example_task_group.py took 0.077 seconds
[2023-11-24T10:54:59.018+0800] {processor.py:157} INFO - Started process (PID=60519) to work on /home/azfarmustafa/airflow_tutorial/.venv/lib/python3.10/site-packages/airflow/example_dags/example_task_group.py
[2023-11-24T10:54:59.022+0800] {processor.py:829} INFO - Processing file /home/azfarmustafa/airflow_tutorial/.venv/lib/python3.10/site-packages/airflow/example_dags/example_task_group.py for tasks to queue
[2023-11-24T10:54:59.023+0800] {logging_mixin.py:154} INFO - [2023-11-24T10:54:59.022+0800] {dagbag.py:536} INFO - Filling up the DagBag from /home/azfarmustafa/airflow_tutorial/.venv/lib/python3.10/site-packages/airflow/example_dags/example_task_group.py
[2023-11-24T10:54:59.029+0800] {processor.py:839} INFO - DAG(s) dict_keys(['example_task_group']) retrieved from /home/azfarmustafa/airflow_tutorial/.venv/lib/python3.10/site-packages/airflow/example_dags/example_task_group.py
[2023-11-24T10:54:59.045+0800] {logging_mixin.py:154} INFO - [2023-11-24T10:54:59.044+0800] {dag.py:2941} INFO - Sync 1 DAGs
[2023-11-24T10:54:59.065+0800] {logging_mixin.py:154} INFO - [2023-11-24T10:54:59.065+0800] {dag.py:3722} INFO - Setting next_dagrun for example_task_group to 2023-11-23T02:54:59.065315+00:00, run_after=2023-11-24T02:54:59.065315+00:00
[2023-11-24T10:54:59.099+0800] {processor.py:179} INFO - Processing /home/azfarmustafa/airflow_tutorial/.venv/lib/python3.10/site-packages/airflow/example_dags/example_task_group.py took 0.085 seconds
[2023-11-24T10:55:43.453+0800] {processor.py:157} INFO - Started process (PID=60565) to work on /home/azfarmustafa/airflow_tutorial/.venv/lib/python3.10/site-packages/airflow/example_dags/example_task_group.py
[2023-11-24T10:55:43.457+0800] {processor.py:829} INFO - Processing file /home/azfarmustafa/airflow_tutorial/.venv/lib/python3.10/site-packages/airflow/example_dags/example_task_group.py for tasks to queue
[2023-11-24T10:55:43.458+0800] {logging_mixin.py:154} INFO - [2023-11-24T10:55:43.457+0800] {dagbag.py:536} INFO - Filling up the DagBag from /home/azfarmustafa/airflow_tutorial/.venv/lib/python3.10/site-packages/airflow/example_dags/example_task_group.py
[2023-11-24T10:55:43.464+0800] {processor.py:839} INFO - DAG(s) dict_keys(['example_task_group']) retrieved from /home/azfarmustafa/airflow_tutorial/.venv/lib/python3.10/site-packages/airflow/example_dags/example_task_group.py
[2023-11-24T10:55:43.478+0800] {logging_mixin.py:154} INFO - [2023-11-24T10:55:43.477+0800] {dag.py:2941} INFO - Sync 1 DAGs
[2023-11-24T10:55:43.499+0800] {logging_mixin.py:154} INFO - [2023-11-24T10:55:43.499+0800] {dag.py:3722} INFO - Setting next_dagrun for example_task_group to 2023-11-23T02:55:43.498824+00:00, run_after=2023-11-24T02:55:43.498824+00:00
[2023-11-24T10:55:43.524+0800] {processor.py:179} INFO - Processing /home/azfarmustafa/airflow_tutorial/.venv/lib/python3.10/site-packages/airflow/example_dags/example_task_group.py took 0.075 seconds
[2023-11-24T10:56:28.956+0800] {processor.py:157} INFO - Started process (PID=60612) to work on /home/azfarmustafa/airflow_tutorial/.venv/lib/python3.10/site-packages/airflow/example_dags/example_task_group.py
[2023-11-24T10:56:28.960+0800] {processor.py:829} INFO - Processing file /home/azfarmustafa/airflow_tutorial/.venv/lib/python3.10/site-packages/airflow/example_dags/example_task_group.py for tasks to queue
[2023-11-24T10:56:28.961+0800] {logging_mixin.py:154} INFO - [2023-11-24T10:56:28.961+0800] {dagbag.py:536} INFO - Filling up the DagBag from /home/azfarmustafa/airflow_tutorial/.venv/lib/python3.10/site-packages/airflow/example_dags/example_task_group.py
[2023-11-24T10:56:28.968+0800] {processor.py:839} INFO - DAG(s) dict_keys(['example_task_group']) retrieved from /home/azfarmustafa/airflow_tutorial/.venv/lib/python3.10/site-packages/airflow/example_dags/example_task_group.py
[2023-11-24T10:56:28.986+0800] {logging_mixin.py:154} INFO - [2023-11-24T10:56:28.986+0800] {dag.py:2941} INFO - Sync 1 DAGs
[2023-11-24T10:56:29.006+0800] {logging_mixin.py:154} INFO - [2023-11-24T10:56:29.006+0800] {dag.py:3722} INFO - Setting next_dagrun for example_task_group to 2023-11-23T02:56:29.005879+00:00, run_after=2023-11-24T02:56:29.005879+00:00
[2023-11-24T10:56:29.031+0800] {processor.py:179} INFO - Processing /home/azfarmustafa/airflow_tutorial/.venv/lib/python3.10/site-packages/airflow/example_dags/example_task_group.py took 0.079 seconds
[2023-11-24T10:57:10.112+0800] {processor.py:157} INFO - Started process (PID=60654) to work on /home/azfarmustafa/airflow_tutorial/.venv/lib/python3.10/site-packages/airflow/example_dags/example_task_group.py
[2023-11-24T10:57:10.114+0800] {processor.py:829} INFO - Processing file /home/azfarmustafa/airflow_tutorial/.venv/lib/python3.10/site-packages/airflow/example_dags/example_task_group.py for tasks to queue
[2023-11-24T10:57:10.115+0800] {logging_mixin.py:154} INFO - [2023-11-24T10:57:10.114+0800] {dagbag.py:536} INFO - Filling up the DagBag from /home/azfarmustafa/airflow_tutorial/.venv/lib/python3.10/site-packages/airflow/example_dags/example_task_group.py
[2023-11-24T10:57:10.123+0800] {processor.py:839} INFO - DAG(s) dict_keys(['example_task_group']) retrieved from /home/azfarmustafa/airflow_tutorial/.venv/lib/python3.10/site-packages/airflow/example_dags/example_task_group.py
[2023-11-24T10:57:10.139+0800] {logging_mixin.py:154} INFO - [2023-11-24T10:57:10.139+0800] {dag.py:2941} INFO - Sync 1 DAGs
[2023-11-24T10:57:10.160+0800] {logging_mixin.py:154} INFO - [2023-11-24T10:57:10.159+0800] {dag.py:3722} INFO - Setting next_dagrun for example_task_group to 2023-11-23T02:57:10.159694+00:00, run_after=2023-11-24T02:57:10.159694+00:00
[2023-11-24T10:57:10.187+0800] {processor.py:179} INFO - Processing /home/azfarmustafa/airflow_tutorial/.venv/lib/python3.10/site-packages/airflow/example_dags/example_task_group.py took 0.078 seconds
[2023-11-24T10:57:53.108+0800] {processor.py:157} INFO - Started process (PID=60700) to work on /home/azfarmustafa/airflow_tutorial/.venv/lib/python3.10/site-packages/airflow/example_dags/example_task_group.py
[2023-11-24T10:57:53.112+0800] {processor.py:829} INFO - Processing file /home/azfarmustafa/airflow_tutorial/.venv/lib/python3.10/site-packages/airflow/example_dags/example_task_group.py for tasks to queue
[2023-11-24T10:57:53.113+0800] {logging_mixin.py:154} INFO - [2023-11-24T10:57:53.113+0800] {dagbag.py:536} INFO - Filling up the DagBag from /home/azfarmustafa/airflow_tutorial/.venv/lib/python3.10/site-packages/airflow/example_dags/example_task_group.py
[2023-11-24T10:57:53.121+0800] {processor.py:839} INFO - DAG(s) dict_keys(['example_task_group']) retrieved from /home/azfarmustafa/airflow_tutorial/.venv/lib/python3.10/site-packages/airflow/example_dags/example_task_group.py
[2023-11-24T10:57:53.138+0800] {logging_mixin.py:154} INFO - [2023-11-24T10:57:53.137+0800] {dag.py:2941} INFO - Sync 1 DAGs
[2023-11-24T10:57:53.157+0800] {logging_mixin.py:154} INFO - [2023-11-24T10:57:53.157+0800] {dag.py:3722} INFO - Setting next_dagrun for example_task_group to 2023-11-23T02:57:53.157073+00:00, run_after=2023-11-24T02:57:53.157073+00:00
[2023-11-24T10:57:53.179+0800] {processor.py:179} INFO - Processing /home/azfarmustafa/airflow_tutorial/.venv/lib/python3.10/site-packages/airflow/example_dags/example_task_group.py took 0.073 seconds
[2023-11-24T10:58:29.327+0800] {processor.py:157} INFO - Started process (PID=60735) to work on /home/azfarmustafa/airflow_tutorial/.venv/lib/python3.10/site-packages/airflow/example_dags/example_task_group.py
[2023-11-24T10:58:29.331+0800] {processor.py:829} INFO - Processing file /home/azfarmustafa/airflow_tutorial/.venv/lib/python3.10/site-packages/airflow/example_dags/example_task_group.py for tasks to queue
[2023-11-24T10:58:29.332+0800] {logging_mixin.py:154} INFO - [2023-11-24T10:58:29.332+0800] {dagbag.py:536} INFO - Filling up the DagBag from /home/azfarmustafa/airflow_tutorial/.venv/lib/python3.10/site-packages/airflow/example_dags/example_task_group.py
[2023-11-24T10:58:29.339+0800] {processor.py:839} INFO - DAG(s) dict_keys(['example_task_group']) retrieved from /home/azfarmustafa/airflow_tutorial/.venv/lib/python3.10/site-packages/airflow/example_dags/example_task_group.py
[2023-11-24T10:58:29.353+0800] {logging_mixin.py:154} INFO - [2023-11-24T10:58:29.353+0800] {dag.py:2941} INFO - Sync 1 DAGs
[2023-11-24T10:58:29.371+0800] {logging_mixin.py:154} INFO - [2023-11-24T10:58:29.370+0800] {dag.py:3722} INFO - Setting next_dagrun for example_task_group to 2023-11-23T02:58:29.370650+00:00, run_after=2023-11-24T02:58:29.370650+00:00
[2023-11-24T10:58:29.393+0800] {processor.py:179} INFO - Processing /home/azfarmustafa/airflow_tutorial/.venv/lib/python3.10/site-packages/airflow/example_dags/example_task_group.py took 0.068 seconds
[2023-11-24T10:59:15.294+0800] {processor.py:157} INFO - Started process (PID=60782) to work on /home/azfarmustafa/airflow_tutorial/.venv/lib/python3.10/site-packages/airflow/example_dags/example_task_group.py
[2023-11-24T10:59:15.298+0800] {processor.py:829} INFO - Processing file /home/azfarmustafa/airflow_tutorial/.venv/lib/python3.10/site-packages/airflow/example_dags/example_task_group.py for tasks to queue
[2023-11-24T10:59:15.300+0800] {logging_mixin.py:154} INFO - [2023-11-24T10:59:15.299+0800] {dagbag.py:536} INFO - Filling up the DagBag from /home/azfarmustafa/airflow_tutorial/.venv/lib/python3.10/site-packages/airflow/example_dags/example_task_group.py
[2023-11-24T10:59:15.307+0800] {processor.py:839} INFO - DAG(s) dict_keys(['example_task_group']) retrieved from /home/azfarmustafa/airflow_tutorial/.venv/lib/python3.10/site-packages/airflow/example_dags/example_task_group.py
[2023-11-24T10:59:15.327+0800] {logging_mixin.py:154} INFO - [2023-11-24T10:59:15.326+0800] {dag.py:2941} INFO - Sync 1 DAGs
[2023-11-24T10:59:15.347+0800] {logging_mixin.py:154} INFO - [2023-11-24T10:59:15.347+0800] {dag.py:3722} INFO - Setting next_dagrun for example_task_group to 2023-11-23T02:59:15.346784+00:00, run_after=2023-11-24T02:59:15.346784+00:00
[2023-11-24T10:59:15.380+0800] {processor.py:179} INFO - Processing /home/azfarmustafa/airflow_tutorial/.venv/lib/python3.10/site-packages/airflow/example_dags/example_task_group.py took 0.089 seconds
[2023-11-24T10:59:59.615+0800] {processor.py:157} INFO - Started process (PID=60835) to work on /home/azfarmustafa/airflow_tutorial/.venv/lib/python3.10/site-packages/airflow/example_dags/example_task_group.py
[2023-11-24T10:59:59.619+0800] {processor.py:829} INFO - Processing file /home/azfarmustafa/airflow_tutorial/.venv/lib/python3.10/site-packages/airflow/example_dags/example_task_group.py for tasks to queue
[2023-11-24T10:59:59.619+0800] {logging_mixin.py:154} INFO - [2023-11-24T10:59:59.619+0800] {dagbag.py:536} INFO - Filling up the DagBag from /home/azfarmustafa/airflow_tutorial/.venv/lib/python3.10/site-packages/airflow/example_dags/example_task_group.py
[2023-11-24T10:59:59.627+0800] {processor.py:839} INFO - DAG(s) dict_keys(['example_task_group']) retrieved from /home/azfarmustafa/airflow_tutorial/.venv/lib/python3.10/site-packages/airflow/example_dags/example_task_group.py
[2023-11-24T10:59:59.644+0800] {logging_mixin.py:154} INFO - [2023-11-24T10:59:59.644+0800] {dag.py:2941} INFO - Sync 1 DAGs
[2023-11-24T10:59:59.665+0800] {logging_mixin.py:154} INFO - [2023-11-24T10:59:59.665+0800] {dag.py:3722} INFO - Setting next_dagrun for example_task_group to 2023-11-23T02:59:59.664726+00:00, run_after=2023-11-24T02:59:59.664726+00:00
[2023-11-24T10:59:59.688+0800] {processor.py:179} INFO - Processing /home/azfarmustafa/airflow_tutorial/.venv/lib/python3.10/site-packages/airflow/example_dags/example_task_group.py took 0.076 seconds
[2023-11-24T11:00:43.453+0800] {processor.py:157} INFO - Started process (PID=60881) to work on /home/azfarmustafa/airflow_tutorial/.venv/lib/python3.10/site-packages/airflow/example_dags/example_task_group.py
[2023-11-24T11:00:43.457+0800] {processor.py:829} INFO - Processing file /home/azfarmustafa/airflow_tutorial/.venv/lib/python3.10/site-packages/airflow/example_dags/example_task_group.py for tasks to queue
[2023-11-24T11:00:43.458+0800] {logging_mixin.py:154} INFO - [2023-11-24T11:00:43.458+0800] {dagbag.py:536} INFO - Filling up the DagBag from /home/azfarmustafa/airflow_tutorial/.venv/lib/python3.10/site-packages/airflow/example_dags/example_task_group.py
[2023-11-24T11:00:43.465+0800] {processor.py:839} INFO - DAG(s) dict_keys(['example_task_group']) retrieved from /home/azfarmustafa/airflow_tutorial/.venv/lib/python3.10/site-packages/airflow/example_dags/example_task_group.py
[2023-11-24T11:00:43.480+0800] {logging_mixin.py:154} INFO - [2023-11-24T11:00:43.480+0800] {dag.py:2941} INFO - Sync 1 DAGs
[2023-11-24T11:00:43.499+0800] {logging_mixin.py:154} INFO - [2023-11-24T11:00:43.498+0800] {dag.py:3722} INFO - Setting next_dagrun for example_task_group to 2023-11-23T03:00:43.498726+00:00, run_after=2023-11-24T03:00:43.498726+00:00
[2023-11-24T11:00:43.524+0800] {processor.py:179} INFO - Processing /home/azfarmustafa/airflow_tutorial/.venv/lib/python3.10/site-packages/airflow/example_dags/example_task_group.py took 0.073 seconds
[2023-11-24T11:01:31.261+0800] {processor.py:157} INFO - Started process (PID=60930) to work on /home/azfarmustafa/airflow_tutorial/.venv/lib/python3.10/site-packages/airflow/example_dags/example_task_group.py
[2023-11-24T11:01:31.265+0800] {processor.py:829} INFO - Processing file /home/azfarmustafa/airflow_tutorial/.venv/lib/python3.10/site-packages/airflow/example_dags/example_task_group.py for tasks to queue
[2023-11-24T11:01:31.266+0800] {logging_mixin.py:154} INFO - [2023-11-24T11:01:31.266+0800] {dagbag.py:536} INFO - Filling up the DagBag from /home/azfarmustafa/airflow_tutorial/.venv/lib/python3.10/site-packages/airflow/example_dags/example_task_group.py
[2023-11-24T11:01:31.272+0800] {processor.py:839} INFO - DAG(s) dict_keys(['example_task_group']) retrieved from /home/azfarmustafa/airflow_tutorial/.venv/lib/python3.10/site-packages/airflow/example_dags/example_task_group.py
[2023-11-24T11:01:31.287+0800] {logging_mixin.py:154} INFO - [2023-11-24T11:01:31.286+0800] {dag.py:2941} INFO - Sync 1 DAGs
[2023-11-24T11:01:31.303+0800] {logging_mixin.py:154} INFO - [2023-11-24T11:01:31.303+0800] {dag.py:3722} INFO - Setting next_dagrun for example_task_group to 2023-11-23T03:01:31.303346+00:00, run_after=2023-11-24T03:01:31.303346+00:00
[2023-11-24T11:01:31.326+0800] {processor.py:179} INFO - Processing /home/azfarmustafa/airflow_tutorial/.venv/lib/python3.10/site-packages/airflow/example_dags/example_task_group.py took 0.067 seconds
[2023-11-24T11:02:18.954+0800] {processor.py:157} INFO - Started process (PID=60977) to work on /home/azfarmustafa/airflow_tutorial/.venv/lib/python3.10/site-packages/airflow/example_dags/example_task_group.py
[2023-11-24T11:02:18.958+0800] {processor.py:829} INFO - Processing file /home/azfarmustafa/airflow_tutorial/.venv/lib/python3.10/site-packages/airflow/example_dags/example_task_group.py for tasks to queue
[2023-11-24T11:02:18.959+0800] {logging_mixin.py:154} INFO - [2023-11-24T11:02:18.959+0800] {dagbag.py:536} INFO - Filling up the DagBag from /home/azfarmustafa/airflow_tutorial/.venv/lib/python3.10/site-packages/airflow/example_dags/example_task_group.py
[2023-11-24T11:02:18.965+0800] {processor.py:839} INFO - DAG(s) dict_keys(['example_task_group']) retrieved from /home/azfarmustafa/airflow_tutorial/.venv/lib/python3.10/site-packages/airflow/example_dags/example_task_group.py
[2023-11-24T11:02:18.987+0800] {logging_mixin.py:154} INFO - [2023-11-24T11:02:18.987+0800] {dag.py:2941} INFO - Sync 1 DAGs
[2023-11-24T11:02:19.007+0800] {logging_mixin.py:154} INFO - [2023-11-24T11:02:19.007+0800] {dag.py:3722} INFO - Setting next_dagrun for example_task_group to 2023-11-23T03:02:19.006902+00:00, run_after=2023-11-24T03:02:19.006902+00:00
[2023-11-24T11:02:19.036+0800] {processor.py:179} INFO - Processing /home/azfarmustafa/airflow_tutorial/.venv/lib/python3.10/site-packages/airflow/example_dags/example_task_group.py took 0.087 seconds
[2023-11-24T11:03:02.144+0800] {processor.py:157} INFO - Started process (PID=61023) to work on /home/azfarmustafa/airflow_tutorial/.venv/lib/python3.10/site-packages/airflow/example_dags/example_task_group.py
[2023-11-24T11:03:02.145+0800] {processor.py:829} INFO - Processing file /home/azfarmustafa/airflow_tutorial/.venv/lib/python3.10/site-packages/airflow/example_dags/example_task_group.py for tasks to queue
[2023-11-24T11:03:02.146+0800] {logging_mixin.py:154} INFO - [2023-11-24T11:03:02.146+0800] {dagbag.py:536} INFO - Filling up the DagBag from /home/azfarmustafa/airflow_tutorial/.venv/lib/python3.10/site-packages/airflow/example_dags/example_task_group.py
[2023-11-24T11:03:02.153+0800] {processor.py:839} INFO - DAG(s) dict_keys(['example_task_group']) retrieved from /home/azfarmustafa/airflow_tutorial/.venv/lib/python3.10/site-packages/airflow/example_dags/example_task_group.py
[2023-11-24T11:03:02.171+0800] {logging_mixin.py:154} INFO - [2023-11-24T11:03:02.171+0800] {dag.py:2941} INFO - Sync 1 DAGs
[2023-11-24T11:03:02.196+0800] {logging_mixin.py:154} INFO - [2023-11-24T11:03:02.196+0800] {dag.py:3722} INFO - Setting next_dagrun for example_task_group to 2023-11-23T03:03:02.195959+00:00, run_after=2023-11-24T03:03:02.195959+00:00
[2023-11-24T11:03:02.222+0800] {processor.py:179} INFO - Processing /home/azfarmustafa/airflow_tutorial/.venv/lib/python3.10/site-packages/airflow/example_dags/example_task_group.py took 0.080 seconds
[2023-11-24T11:03:49.960+0800] {processor.py:157} INFO - Started process (PID=61077) to work on /home/azfarmustafa/airflow_tutorial/.venv/lib/python3.10/site-packages/airflow/example_dags/example_task_group.py
[2023-11-24T11:03:49.961+0800] {processor.py:829} INFO - Processing file /home/azfarmustafa/airflow_tutorial/.venv/lib/python3.10/site-packages/airflow/example_dags/example_task_group.py for tasks to queue
[2023-11-24T11:03:49.962+0800] {logging_mixin.py:154} INFO - [2023-11-24T11:03:49.961+0800] {dagbag.py:536} INFO - Filling up the DagBag from /home/azfarmustafa/airflow_tutorial/.venv/lib/python3.10/site-packages/airflow/example_dags/example_task_group.py
[2023-11-24T11:03:49.968+0800] {processor.py:839} INFO - DAG(s) dict_keys(['example_task_group']) retrieved from /home/azfarmustafa/airflow_tutorial/.venv/lib/python3.10/site-packages/airflow/example_dags/example_task_group.py
[2023-11-24T11:03:49.987+0800] {logging_mixin.py:154} INFO - [2023-11-24T11:03:49.987+0800] {dag.py:2941} INFO - Sync 1 DAGs
[2023-11-24T11:03:50.009+0800] {logging_mixin.py:154} INFO - [2023-11-24T11:03:50.009+0800] {dag.py:3722} INFO - Setting next_dagrun for example_task_group to 2023-11-23T03:03:50.009053+00:00, run_after=2023-11-24T03:03:50.009053+00:00
[2023-11-24T11:03:50.034+0800] {processor.py:179} INFO - Processing /home/azfarmustafa/airflow_tutorial/.venv/lib/python3.10/site-packages/airflow/example_dags/example_task_group.py took 0.077 seconds
[2023-11-24T11:04:23.575+0800] {processor.py:157} INFO - Started process (PID=61111) to work on /home/azfarmustafa/airflow_tutorial/.venv/lib/python3.10/site-packages/airflow/example_dags/example_task_group.py
[2023-11-24T11:04:23.579+0800] {processor.py:829} INFO - Processing file /home/azfarmustafa/airflow_tutorial/.venv/lib/python3.10/site-packages/airflow/example_dags/example_task_group.py for tasks to queue
[2023-11-24T11:04:23.580+0800] {logging_mixin.py:154} INFO - [2023-11-24T11:04:23.579+0800] {dagbag.py:536} INFO - Filling up the DagBag from /home/azfarmustafa/airflow_tutorial/.venv/lib/python3.10/site-packages/airflow/example_dags/example_task_group.py
[2023-11-24T11:04:23.587+0800] {processor.py:839} INFO - DAG(s) dict_keys(['example_task_group']) retrieved from /home/azfarmustafa/airflow_tutorial/.venv/lib/python3.10/site-packages/airflow/example_dags/example_task_group.py
[2023-11-24T11:04:23.602+0800] {logging_mixin.py:154} INFO - [2023-11-24T11:04:23.602+0800] {dag.py:2941} INFO - Sync 1 DAGs
[2023-11-24T11:04:23.624+0800] {logging_mixin.py:154} INFO - [2023-11-24T11:04:23.623+0800] {dag.py:3722} INFO - Setting next_dagrun for example_task_group to 2023-11-23T03:04:23.623588+00:00, run_after=2023-11-24T03:04:23.623588+00:00
[2023-11-24T11:04:23.659+0800] {processor.py:179} INFO - Processing /home/azfarmustafa/airflow_tutorial/.venv/lib/python3.10/site-packages/airflow/example_dags/example_task_group.py took 0.087 seconds
