[2023-11-24T10:26:05.375+0800] {processor.py:157} INFO - Started process (PID=58724) to work on /home/azfarmustafa/airflow_tutorial/.venv/lib/python3.10/site-packages/airflow/example_dags/example_branch_python_dop_operator_3.py
[2023-11-24T10:26:05.376+0800] {processor.py:829} INFO - Processing file /home/azfarmustafa/airflow_tutorial/.venv/lib/python3.10/site-packages/airflow/example_dags/example_branch_python_dop_operator_3.py for tasks to queue
[2023-11-24T10:26:05.377+0800] {logging_mixin.py:154} INFO - [2023-11-24T10:26:05.377+0800] {dagbag.py:536} INFO - Filling up the DagBag from /home/azfarmustafa/airflow_tutorial/.venv/lib/python3.10/site-packages/airflow/example_dags/example_branch_python_dop_operator_3.py
[2023-11-24T10:26:05.389+0800] {processor.py:839} INFO - DAG(s) dict_keys(['example_branch_dop_operator_v3']) retrieved from /home/azfarmustafa/airflow_tutorial/.venv/lib/python3.10/site-packages/airflow/example_dags/example_branch_python_dop_operator_3.py
[2023-11-24T10:26:05.412+0800] {logging_mixin.py:154} INFO - [2023-11-24T10:26:05.412+0800] {dag.py:2941} INFO - Sync 1 DAGs
[2023-11-24T10:26:05.440+0800] {logging_mixin.py:154} INFO - [2023-11-24T10:26:05.439+0800] {dag.py:3722} INFO - Setting next_dagrun for example_branch_dop_operator_v3 to 2023-11-24T02:25:00+00:00, run_after=2023-11-24T02:26:00+00:00
[2023-11-24T10:26:05.471+0800] {processor.py:179} INFO - Processing /home/azfarmustafa/airflow_tutorial/.venv/lib/python3.10/site-packages/airflow/example_dags/example_branch_python_dop_operator_3.py took 0.105 seconds
[2023-11-24T10:26:56.023+0800] {processor.py:157} INFO - Started process (PID=58782) to work on /home/azfarmustafa/airflow_tutorial/.venv/lib/python3.10/site-packages/airflow/example_dags/example_branch_python_dop_operator_3.py
[2023-11-24T10:26:56.028+0800] {processor.py:829} INFO - Processing file /home/azfarmustafa/airflow_tutorial/.venv/lib/python3.10/site-packages/airflow/example_dags/example_branch_python_dop_operator_3.py for tasks to queue
[2023-11-24T10:26:56.028+0800] {logging_mixin.py:154} INFO - [2023-11-24T10:26:56.028+0800] {dagbag.py:536} INFO - Filling up the DagBag from /home/azfarmustafa/airflow_tutorial/.venv/lib/python3.10/site-packages/airflow/example_dags/example_branch_python_dop_operator_3.py
[2023-11-24T10:26:56.036+0800] {processor.py:839} INFO - DAG(s) dict_keys(['example_branch_dop_operator_v3']) retrieved from /home/azfarmustafa/airflow_tutorial/.venv/lib/python3.10/site-packages/airflow/example_dags/example_branch_python_dop_operator_3.py
[2023-11-24T10:26:56.050+0800] {logging_mixin.py:154} INFO - [2023-11-24T10:26:56.050+0800] {dag.py:2941} INFO - Sync 1 DAGs
[2023-11-24T10:26:56.072+0800] {logging_mixin.py:154} INFO - [2023-11-24T10:26:56.072+0800] {dag.py:3722} INFO - Setting next_dagrun for example_branch_dop_operator_v3 to 2023-11-24T02:25:00+00:00, run_after=2023-11-24T02:26:00+00:00
[2023-11-24T10:26:56.097+0800] {processor.py:179} INFO - Processing /home/azfarmustafa/airflow_tutorial/.venv/lib/python3.10/site-packages/airflow/example_dags/example_branch_python_dop_operator_3.py took 0.076 seconds
[2023-11-24T10:27:42.674+0800] {processor.py:157} INFO - Started process (PID=58830) to work on /home/azfarmustafa/airflow_tutorial/.venv/lib/python3.10/site-packages/airflow/example_dags/example_branch_python_dop_operator_3.py
[2023-11-24T10:27:42.678+0800] {processor.py:829} INFO - Processing file /home/azfarmustafa/airflow_tutorial/.venv/lib/python3.10/site-packages/airflow/example_dags/example_branch_python_dop_operator_3.py for tasks to queue
[2023-11-24T10:27:42.679+0800] {logging_mixin.py:154} INFO - [2023-11-24T10:27:42.678+0800] {dagbag.py:536} INFO - Filling up the DagBag from /home/azfarmustafa/airflow_tutorial/.venv/lib/python3.10/site-packages/airflow/example_dags/example_branch_python_dop_operator_3.py
[2023-11-24T10:27:42.688+0800] {processor.py:839} INFO - DAG(s) dict_keys(['example_branch_dop_operator_v3']) retrieved from /home/azfarmustafa/airflow_tutorial/.venv/lib/python3.10/site-packages/airflow/example_dags/example_branch_python_dop_operator_3.py
[2023-11-24T10:27:42.706+0800] {logging_mixin.py:154} INFO - [2023-11-24T10:27:42.705+0800] {dag.py:2941} INFO - Sync 1 DAGs
[2023-11-24T10:27:42.726+0800] {logging_mixin.py:154} INFO - [2023-11-24T10:27:42.726+0800] {dag.py:3722} INFO - Setting next_dagrun for example_branch_dop_operator_v3 to 2023-11-24T02:26:00+00:00, run_after=2023-11-24T02:27:00+00:00
[2023-11-24T10:27:42.750+0800] {processor.py:179} INFO - Processing /home/azfarmustafa/airflow_tutorial/.venv/lib/python3.10/site-packages/airflow/example_dags/example_branch_python_dop_operator_3.py took 0.079 seconds
[2023-11-24T10:28:28.772+0800] {processor.py:157} INFO - Started process (PID=58876) to work on /home/azfarmustafa/airflow_tutorial/.venv/lib/python3.10/site-packages/airflow/example_dags/example_branch_python_dop_operator_3.py
[2023-11-24T10:28:28.777+0800] {processor.py:829} INFO - Processing file /home/azfarmustafa/airflow_tutorial/.venv/lib/python3.10/site-packages/airflow/example_dags/example_branch_python_dop_operator_3.py for tasks to queue
[2023-11-24T10:28:28.778+0800] {logging_mixin.py:154} INFO - [2023-11-24T10:28:28.777+0800] {dagbag.py:536} INFO - Filling up the DagBag from /home/azfarmustafa/airflow_tutorial/.venv/lib/python3.10/site-packages/airflow/example_dags/example_branch_python_dop_operator_3.py
[2023-11-24T10:28:28.787+0800] {processor.py:839} INFO - DAG(s) dict_keys(['example_branch_dop_operator_v3']) retrieved from /home/azfarmustafa/airflow_tutorial/.venv/lib/python3.10/site-packages/airflow/example_dags/example_branch_python_dop_operator_3.py
[2023-11-24T10:28:28.801+0800] {logging_mixin.py:154} INFO - [2023-11-24T10:28:28.801+0800] {dag.py:2941} INFO - Sync 1 DAGs
[2023-11-24T10:28:28.825+0800] {logging_mixin.py:154} INFO - [2023-11-24T10:28:28.825+0800] {dag.py:3722} INFO - Setting next_dagrun for example_branch_dop_operator_v3 to 2023-11-24T02:27:00+00:00, run_after=2023-11-24T02:28:00+00:00
[2023-11-24T10:28:28.847+0800] {processor.py:179} INFO - Processing /home/azfarmustafa/airflow_tutorial/.venv/lib/python3.10/site-packages/airflow/example_dags/example_branch_python_dop_operator_3.py took 0.078 seconds
[2023-11-24T10:29:18.857+0800] {processor.py:157} INFO - Started process (PID=58932) to work on /home/azfarmustafa/airflow_tutorial/.venv/lib/python3.10/site-packages/airflow/example_dags/example_branch_python_dop_operator_3.py
[2023-11-24T10:29:18.861+0800] {processor.py:829} INFO - Processing file /home/azfarmustafa/airflow_tutorial/.venv/lib/python3.10/site-packages/airflow/example_dags/example_branch_python_dop_operator_3.py for tasks to queue
[2023-11-24T10:29:18.862+0800] {logging_mixin.py:154} INFO - [2023-11-24T10:29:18.861+0800] {dagbag.py:536} INFO - Filling up the DagBag from /home/azfarmustafa/airflow_tutorial/.venv/lib/python3.10/site-packages/airflow/example_dags/example_branch_python_dop_operator_3.py
[2023-11-24T10:29:18.870+0800] {processor.py:839} INFO - DAG(s) dict_keys(['example_branch_dop_operator_v3']) retrieved from /home/azfarmustafa/airflow_tutorial/.venv/lib/python3.10/site-packages/airflow/example_dags/example_branch_python_dop_operator_3.py
[2023-11-24T10:29:18.883+0800] {logging_mixin.py:154} INFO - [2023-11-24T10:29:18.883+0800] {dag.py:2941} INFO - Sync 1 DAGs
[2023-11-24T10:29:18.903+0800] {logging_mixin.py:154} INFO - [2023-11-24T10:29:18.903+0800] {dag.py:3722} INFO - Setting next_dagrun for example_branch_dop_operator_v3 to 2023-11-24T02:28:00+00:00, run_after=2023-11-24T02:29:00+00:00
[2023-11-24T10:29:18.928+0800] {processor.py:179} INFO - Processing /home/azfarmustafa/airflow_tutorial/.venv/lib/python3.10/site-packages/airflow/example_dags/example_branch_python_dop_operator_3.py took 0.074 seconds
[2023-11-24T10:30:04.828+0800] {processor.py:157} INFO - Started process (PID=58980) to work on /home/azfarmustafa/airflow_tutorial/.venv/lib/python3.10/site-packages/airflow/example_dags/example_branch_python_dop_operator_3.py
[2023-11-24T10:30:04.829+0800] {processor.py:829} INFO - Processing file /home/azfarmustafa/airflow_tutorial/.venv/lib/python3.10/site-packages/airflow/example_dags/example_branch_python_dop_operator_3.py for tasks to queue
[2023-11-24T10:30:04.830+0800] {logging_mixin.py:154} INFO - [2023-11-24T10:30:04.830+0800] {dagbag.py:536} INFO - Filling up the DagBag from /home/azfarmustafa/airflow_tutorial/.venv/lib/python3.10/site-packages/airflow/example_dags/example_branch_python_dop_operator_3.py
[2023-11-24T10:30:04.840+0800] {processor.py:839} INFO - DAG(s) dict_keys(['example_branch_dop_operator_v3']) retrieved from /home/azfarmustafa/airflow_tutorial/.venv/lib/python3.10/site-packages/airflow/example_dags/example_branch_python_dop_operator_3.py
[2023-11-24T10:30:04.857+0800] {logging_mixin.py:154} INFO - [2023-11-24T10:30:04.856+0800] {dag.py:2941} INFO - Sync 1 DAGs
[2023-11-24T10:30:04.884+0800] {logging_mixin.py:154} INFO - [2023-11-24T10:30:04.884+0800] {dag.py:3722} INFO - Setting next_dagrun for example_branch_dop_operator_v3 to 2023-11-24T02:29:00+00:00, run_after=2023-11-24T02:30:00+00:00
[2023-11-24T10:30:04.911+0800] {processor.py:179} INFO - Processing /home/azfarmustafa/airflow_tutorial/.venv/lib/python3.10/site-packages/airflow/example_dags/example_branch_python_dop_operator_3.py took 0.087 seconds
[2023-11-24T10:30:51.881+0800] {processor.py:157} INFO - Started process (PID=59028) to work on /home/azfarmustafa/airflow_tutorial/.venv/lib/python3.10/site-packages/airflow/example_dags/example_branch_python_dop_operator_3.py
[2023-11-24T10:30:51.887+0800] {processor.py:829} INFO - Processing file /home/azfarmustafa/airflow_tutorial/.venv/lib/python3.10/site-packages/airflow/example_dags/example_branch_python_dop_operator_3.py for tasks to queue
[2023-11-24T10:30:51.888+0800] {logging_mixin.py:154} INFO - [2023-11-24T10:30:51.887+0800] {dagbag.py:536} INFO - Filling up the DagBag from /home/azfarmustafa/airflow_tutorial/.venv/lib/python3.10/site-packages/airflow/example_dags/example_branch_python_dop_operator_3.py
[2023-11-24T10:30:51.895+0800] {processor.py:839} INFO - DAG(s) dict_keys(['example_branch_dop_operator_v3']) retrieved from /home/azfarmustafa/airflow_tutorial/.venv/lib/python3.10/site-packages/airflow/example_dags/example_branch_python_dop_operator_3.py
[2023-11-24T10:30:51.910+0800] {logging_mixin.py:154} INFO - [2023-11-24T10:30:51.910+0800] {dag.py:2941} INFO - Sync 1 DAGs
[2023-11-24T10:30:51.935+0800] {logging_mixin.py:154} INFO - [2023-11-24T10:30:51.934+0800] {dag.py:3722} INFO - Setting next_dagrun for example_branch_dop_operator_v3 to 2023-11-24T02:29:00+00:00, run_after=2023-11-24T02:30:00+00:00
[2023-11-24T10:30:51.971+0800] {processor.py:179} INFO - Processing /home/azfarmustafa/airflow_tutorial/.venv/lib/python3.10/site-packages/airflow/example_dags/example_branch_python_dop_operator_3.py took 0.093 seconds
[2023-11-24T10:31:41.419+0800] {processor.py:157} INFO - Started process (PID=59078) to work on /home/azfarmustafa/airflow_tutorial/.venv/lib/python3.10/site-packages/airflow/example_dags/example_branch_python_dop_operator_3.py
[2023-11-24T10:31:41.423+0800] {processor.py:829} INFO - Processing file /home/azfarmustafa/airflow_tutorial/.venv/lib/python3.10/site-packages/airflow/example_dags/example_branch_python_dop_operator_3.py for tasks to queue
[2023-11-24T10:31:41.424+0800] {logging_mixin.py:154} INFO - [2023-11-24T10:31:41.424+0800] {dagbag.py:536} INFO - Filling up the DagBag from /home/azfarmustafa/airflow_tutorial/.venv/lib/python3.10/site-packages/airflow/example_dags/example_branch_python_dop_operator_3.py
[2023-11-24T10:31:41.431+0800] {processor.py:839} INFO - DAG(s) dict_keys(['example_branch_dop_operator_v3']) retrieved from /home/azfarmustafa/airflow_tutorial/.venv/lib/python3.10/site-packages/airflow/example_dags/example_branch_python_dop_operator_3.py
[2023-11-24T10:31:41.445+0800] {logging_mixin.py:154} INFO - [2023-11-24T10:31:41.445+0800] {dag.py:2941} INFO - Sync 1 DAGs
[2023-11-24T10:31:41.467+0800] {logging_mixin.py:154} INFO - [2023-11-24T10:31:41.467+0800] {dag.py:3722} INFO - Setting next_dagrun for example_branch_dop_operator_v3 to 2023-11-24T02:30:00+00:00, run_after=2023-11-24T02:31:00+00:00
[2023-11-24T10:31:41.490+0800] {processor.py:179} INFO - Processing /home/azfarmustafa/airflow_tutorial/.venv/lib/python3.10/site-packages/airflow/example_dags/example_branch_python_dop_operator_3.py took 0.073 seconds
[2023-11-24T10:32:28.847+0800] {processor.py:157} INFO - Started process (PID=59125) to work on /home/azfarmustafa/airflow_tutorial/.venv/lib/python3.10/site-packages/airflow/example_dags/example_branch_python_dop_operator_3.py
[2023-11-24T10:32:28.851+0800] {processor.py:829} INFO - Processing file /home/azfarmustafa/airflow_tutorial/.venv/lib/python3.10/site-packages/airflow/example_dags/example_branch_python_dop_operator_3.py for tasks to queue
[2023-11-24T10:32:28.851+0800] {logging_mixin.py:154} INFO - [2023-11-24T10:32:28.851+0800] {dagbag.py:536} INFO - Filling up the DagBag from /home/azfarmustafa/airflow_tutorial/.venv/lib/python3.10/site-packages/airflow/example_dags/example_branch_python_dop_operator_3.py
[2023-11-24T10:32:28.859+0800] {processor.py:839} INFO - DAG(s) dict_keys(['example_branch_dop_operator_v3']) retrieved from /home/azfarmustafa/airflow_tutorial/.venv/lib/python3.10/site-packages/airflow/example_dags/example_branch_python_dop_operator_3.py
[2023-11-24T10:32:28.873+0800] {logging_mixin.py:154} INFO - [2023-11-24T10:32:28.872+0800] {dag.py:2941} INFO - Sync 1 DAGs
[2023-11-24T10:32:28.896+0800] {logging_mixin.py:154} INFO - [2023-11-24T10:32:28.896+0800] {dag.py:3722} INFO - Setting next_dagrun for example_branch_dop_operator_v3 to 2023-11-24T02:31:00+00:00, run_after=2023-11-24T02:32:00+00:00
[2023-11-24T10:32:28.922+0800] {processor.py:179} INFO - Processing /home/azfarmustafa/airflow_tutorial/.venv/lib/python3.10/site-packages/airflow/example_dags/example_branch_python_dop_operator_3.py took 0.077 seconds
[2023-11-24T10:33:19.743+0800] {processor.py:157} INFO - Started process (PID=59175) to work on /home/azfarmustafa/airflow_tutorial/.venv/lib/python3.10/site-packages/airflow/example_dags/example_branch_python_dop_operator_3.py
[2023-11-24T10:33:19.751+0800] {processor.py:829} INFO - Processing file /home/azfarmustafa/airflow_tutorial/.venv/lib/python3.10/site-packages/airflow/example_dags/example_branch_python_dop_operator_3.py for tasks to queue
[2023-11-24T10:33:19.752+0800] {logging_mixin.py:154} INFO - [2023-11-24T10:33:19.752+0800] {dagbag.py:536} INFO - Filling up the DagBag from /home/azfarmustafa/airflow_tutorial/.venv/lib/python3.10/site-packages/airflow/example_dags/example_branch_python_dop_operator_3.py
[2023-11-24T10:33:19.766+0800] {processor.py:839} INFO - DAG(s) dict_keys(['example_branch_dop_operator_v3']) retrieved from /home/azfarmustafa/airflow_tutorial/.venv/lib/python3.10/site-packages/airflow/example_dags/example_branch_python_dop_operator_3.py
[2023-11-24T10:33:19.789+0800] {logging_mixin.py:154} INFO - [2023-11-24T10:33:19.788+0800] {dag.py:2941} INFO - Sync 1 DAGs
[2023-11-24T10:33:19.828+0800] {logging_mixin.py:154} INFO - [2023-11-24T10:33:19.828+0800] {dag.py:3722} INFO - Setting next_dagrun for example_branch_dop_operator_v3 to 2023-11-24T02:32:00+00:00, run_after=2023-11-24T02:33:00+00:00
[2023-11-24T10:33:19.906+0800] {processor.py:179} INFO - Processing /home/azfarmustafa/airflow_tutorial/.venv/lib/python3.10/site-packages/airflow/example_dags/example_branch_python_dop_operator_3.py took 0.166 seconds
[2023-11-24T10:34:12.132+0800] {processor.py:157} INFO - Started process (PID=59227) to work on /home/azfarmustafa/airflow_tutorial/.venv/lib/python3.10/site-packages/airflow/example_dags/example_branch_python_dop_operator_3.py
[2023-11-24T10:34:12.137+0800] {processor.py:829} INFO - Processing file /home/azfarmustafa/airflow_tutorial/.venv/lib/python3.10/site-packages/airflow/example_dags/example_branch_python_dop_operator_3.py for tasks to queue
[2023-11-24T10:34:12.138+0800] {logging_mixin.py:154} INFO - [2023-11-24T10:34:12.137+0800] {dagbag.py:536} INFO - Filling up the DagBag from /home/azfarmustafa/airflow_tutorial/.venv/lib/python3.10/site-packages/airflow/example_dags/example_branch_python_dop_operator_3.py
[2023-11-24T10:34:12.146+0800] {processor.py:839} INFO - DAG(s) dict_keys(['example_branch_dop_operator_v3']) retrieved from /home/azfarmustafa/airflow_tutorial/.venv/lib/python3.10/site-packages/airflow/example_dags/example_branch_python_dop_operator_3.py
[2023-11-24T10:34:12.159+0800] {logging_mixin.py:154} INFO - [2023-11-24T10:34:12.159+0800] {dag.py:2941} INFO - Sync 1 DAGs
[2023-11-24T10:34:12.180+0800] {logging_mixin.py:154} INFO - [2023-11-24T10:34:12.180+0800] {dag.py:3722} INFO - Setting next_dagrun for example_branch_dop_operator_v3 to 2023-11-24T02:33:00+00:00, run_after=2023-11-24T02:34:00+00:00
[2023-11-24T10:34:12.204+0800] {processor.py:179} INFO - Processing /home/azfarmustafa/airflow_tutorial/.venv/lib/python3.10/site-packages/airflow/example_dags/example_branch_python_dop_operator_3.py took 0.074 seconds
[2023-11-24T10:34:56.138+0800] {processor.py:157} INFO - Started process (PID=59279) to work on /home/azfarmustafa/airflow_tutorial/.venv/lib/python3.10/site-packages/airflow/example_dags/example_branch_python_dop_operator_3.py
[2023-11-24T10:34:56.142+0800] {processor.py:829} INFO - Processing file /home/azfarmustafa/airflow_tutorial/.venv/lib/python3.10/site-packages/airflow/example_dags/example_branch_python_dop_operator_3.py for tasks to queue
[2023-11-24T10:34:56.143+0800] {logging_mixin.py:154} INFO - [2023-11-24T10:34:56.143+0800] {dagbag.py:536} INFO - Filling up the DagBag from /home/azfarmustafa/airflow_tutorial/.venv/lib/python3.10/site-packages/airflow/example_dags/example_branch_python_dop_operator_3.py
[2023-11-24T10:34:56.150+0800] {processor.py:839} INFO - DAG(s) dict_keys(['example_branch_dop_operator_v3']) retrieved from /home/azfarmustafa/airflow_tutorial/.venv/lib/python3.10/site-packages/airflow/example_dags/example_branch_python_dop_operator_3.py
[2023-11-24T10:34:56.164+0800] {logging_mixin.py:154} INFO - [2023-11-24T10:34:56.164+0800] {dag.py:2941} INFO - Sync 1 DAGs
[2023-11-24T10:34:56.197+0800] {logging_mixin.py:154} INFO - [2023-11-24T10:34:56.197+0800] {dag.py:3722} INFO - Setting next_dagrun for example_branch_dop_operator_v3 to 2023-11-24T02:33:00+00:00, run_after=2023-11-24T02:34:00+00:00
[2023-11-24T10:34:56.225+0800] {processor.py:179} INFO - Processing /home/azfarmustafa/airflow_tutorial/.venv/lib/python3.10/site-packages/airflow/example_dags/example_branch_python_dop_operator_3.py took 0.089 seconds
[2023-11-24T10:35:44.727+0800] {processor.py:157} INFO - Started process (PID=59328) to work on /home/azfarmustafa/airflow_tutorial/.venv/lib/python3.10/site-packages/airflow/example_dags/example_branch_python_dop_operator_3.py
[2023-11-24T10:35:44.731+0800] {processor.py:829} INFO - Processing file /home/azfarmustafa/airflow_tutorial/.venv/lib/python3.10/site-packages/airflow/example_dags/example_branch_python_dop_operator_3.py for tasks to queue
[2023-11-24T10:35:44.732+0800] {logging_mixin.py:154} INFO - [2023-11-24T10:35:44.732+0800] {dagbag.py:536} INFO - Filling up the DagBag from /home/azfarmustafa/airflow_tutorial/.venv/lib/python3.10/site-packages/airflow/example_dags/example_branch_python_dop_operator_3.py
[2023-11-24T10:35:44.741+0800] {processor.py:839} INFO - DAG(s) dict_keys(['example_branch_dop_operator_v3']) retrieved from /home/azfarmustafa/airflow_tutorial/.venv/lib/python3.10/site-packages/airflow/example_dags/example_branch_python_dop_operator_3.py
[2023-11-24T10:35:44.757+0800] {logging_mixin.py:154} INFO - [2023-11-24T10:35:44.757+0800] {dag.py:2941} INFO - Sync 1 DAGs
[2023-11-24T10:35:44.785+0800] {logging_mixin.py:154} INFO - [2023-11-24T10:35:44.785+0800] {dag.py:3722} INFO - Setting next_dagrun for example_branch_dop_operator_v3 to 2023-11-24T02:34:00+00:00, run_after=2023-11-24T02:35:00+00:00
[2023-11-24T10:35:44.811+0800] {processor.py:179} INFO - Processing /home/azfarmustafa/airflow_tutorial/.venv/lib/python3.10/site-packages/airflow/example_dags/example_branch_python_dop_operator_3.py took 0.088 seconds
[2023-11-24T10:36:26.959+0800] {processor.py:157} INFO - Started process (PID=59374) to work on /home/azfarmustafa/airflow_tutorial/.venv/lib/python3.10/site-packages/airflow/example_dags/example_branch_python_dop_operator_3.py
[2023-11-24T10:36:26.964+0800] {processor.py:829} INFO - Processing file /home/azfarmustafa/airflow_tutorial/.venv/lib/python3.10/site-packages/airflow/example_dags/example_branch_python_dop_operator_3.py for tasks to queue
[2023-11-24T10:36:26.965+0800] {logging_mixin.py:154} INFO - [2023-11-24T10:36:26.965+0800] {dagbag.py:536} INFO - Filling up the DagBag from /home/azfarmustafa/airflow_tutorial/.venv/lib/python3.10/site-packages/airflow/example_dags/example_branch_python_dop_operator_3.py
[2023-11-24T10:36:26.974+0800] {processor.py:839} INFO - DAG(s) dict_keys(['example_branch_dop_operator_v3']) retrieved from /home/azfarmustafa/airflow_tutorial/.venv/lib/python3.10/site-packages/airflow/example_dags/example_branch_python_dop_operator_3.py
[2023-11-24T10:36:26.991+0800] {logging_mixin.py:154} INFO - [2023-11-24T10:36:26.990+0800] {dag.py:2941} INFO - Sync 1 DAGs
[2023-11-24T10:36:27.021+0800] {logging_mixin.py:154} INFO - [2023-11-24T10:36:27.020+0800] {dag.py:3722} INFO - Setting next_dagrun for example_branch_dop_operator_v3 to 2023-11-24T02:35:00+00:00, run_after=2023-11-24T02:36:00+00:00
[2023-11-24T10:36:27.045+0800] {processor.py:179} INFO - Processing /home/azfarmustafa/airflow_tutorial/.venv/lib/python3.10/site-packages/airflow/example_dags/example_branch_python_dop_operator_3.py took 0.088 seconds
[2023-11-24T10:37:11.260+0800] {processor.py:157} INFO - Started process (PID=59420) to work on /home/azfarmustafa/airflow_tutorial/.venv/lib/python3.10/site-packages/airflow/example_dags/example_branch_python_dop_operator_3.py
[2023-11-24T10:37:11.261+0800] {processor.py:829} INFO - Processing file /home/azfarmustafa/airflow_tutorial/.venv/lib/python3.10/site-packages/airflow/example_dags/example_branch_python_dop_operator_3.py for tasks to queue
[2023-11-24T10:37:11.262+0800] {logging_mixin.py:154} INFO - [2023-11-24T10:37:11.262+0800] {dagbag.py:536} INFO - Filling up the DagBag from /home/azfarmustafa/airflow_tutorial/.venv/lib/python3.10/site-packages/airflow/example_dags/example_branch_python_dop_operator_3.py
[2023-11-24T10:37:11.270+0800] {processor.py:839} INFO - DAG(s) dict_keys(['example_branch_dop_operator_v3']) retrieved from /home/azfarmustafa/airflow_tutorial/.venv/lib/python3.10/site-packages/airflow/example_dags/example_branch_python_dop_operator_3.py
[2023-11-24T10:37:11.286+0800] {logging_mixin.py:154} INFO - [2023-11-24T10:37:11.285+0800] {dag.py:2941} INFO - Sync 1 DAGs
[2023-11-24T10:37:11.306+0800] {logging_mixin.py:154} INFO - [2023-11-24T10:37:11.306+0800] {dag.py:3722} INFO - Setting next_dagrun for example_branch_dop_operator_v3 to 2023-11-24T02:36:00+00:00, run_after=2023-11-24T02:37:00+00:00
[2023-11-24T10:37:11.332+0800] {processor.py:179} INFO - Processing /home/azfarmustafa/airflow_tutorial/.venv/lib/python3.10/site-packages/airflow/example_dags/example_branch_python_dop_operator_3.py took 0.075 seconds
[2023-11-24T10:37:57.590+0800] {processor.py:157} INFO - Started process (PID=59466) to work on /home/azfarmustafa/airflow_tutorial/.venv/lib/python3.10/site-packages/airflow/example_dags/example_branch_python_dop_operator_3.py
[2023-11-24T10:37:57.595+0800] {processor.py:829} INFO - Processing file /home/azfarmustafa/airflow_tutorial/.venv/lib/python3.10/site-packages/airflow/example_dags/example_branch_python_dop_operator_3.py for tasks to queue
[2023-11-24T10:37:57.596+0800] {logging_mixin.py:154} INFO - [2023-11-24T10:37:57.596+0800] {dagbag.py:536} INFO - Filling up the DagBag from /home/azfarmustafa/airflow_tutorial/.venv/lib/python3.10/site-packages/airflow/example_dags/example_branch_python_dop_operator_3.py
[2023-11-24T10:37:57.604+0800] {processor.py:839} INFO - DAG(s) dict_keys(['example_branch_dop_operator_v3']) retrieved from /home/azfarmustafa/airflow_tutorial/.venv/lib/python3.10/site-packages/airflow/example_dags/example_branch_python_dop_operator_3.py
[2023-11-24T10:37:57.622+0800] {logging_mixin.py:154} INFO - [2023-11-24T10:37:57.622+0800] {dag.py:2941} INFO - Sync 1 DAGs
[2023-11-24T10:37:57.649+0800] {logging_mixin.py:154} INFO - [2023-11-24T10:37:57.649+0800] {dag.py:3722} INFO - Setting next_dagrun for example_branch_dop_operator_v3 to 2023-11-24T02:36:00+00:00, run_after=2023-11-24T02:37:00+00:00
[2023-11-24T10:37:57.675+0800] {processor.py:179} INFO - Processing /home/azfarmustafa/airflow_tutorial/.venv/lib/python3.10/site-packages/airflow/example_dags/example_branch_python_dop_operator_3.py took 0.087 seconds
[2023-11-24T10:38:46.529+0800] {processor.py:157} INFO - Started process (PID=59515) to work on /home/azfarmustafa/airflow_tutorial/.venv/lib/python3.10/site-packages/airflow/example_dags/example_branch_python_dop_operator_3.py
[2023-11-24T10:38:46.534+0800] {processor.py:829} INFO - Processing file /home/azfarmustafa/airflow_tutorial/.venv/lib/python3.10/site-packages/airflow/example_dags/example_branch_python_dop_operator_3.py for tasks to queue
[2023-11-24T10:38:46.535+0800] {logging_mixin.py:154} INFO - [2023-11-24T10:38:46.534+0800] {dagbag.py:536} INFO - Filling up the DagBag from /home/azfarmustafa/airflow_tutorial/.venv/lib/python3.10/site-packages/airflow/example_dags/example_branch_python_dop_operator_3.py
[2023-11-24T10:38:46.543+0800] {processor.py:839} INFO - DAG(s) dict_keys(['example_branch_dop_operator_v3']) retrieved from /home/azfarmustafa/airflow_tutorial/.venv/lib/python3.10/site-packages/airflow/example_dags/example_branch_python_dop_operator_3.py
[2023-11-24T10:38:46.556+0800] {logging_mixin.py:154} INFO - [2023-11-24T10:38:46.556+0800] {dag.py:2941} INFO - Sync 1 DAGs
[2023-11-24T10:38:46.577+0800] {logging_mixin.py:154} INFO - [2023-11-24T10:38:46.577+0800] {dag.py:3722} INFO - Setting next_dagrun for example_branch_dop_operator_v3 to 2023-11-24T02:37:00+00:00, run_after=2023-11-24T02:38:00+00:00
[2023-11-24T10:38:46.625+0800] {processor.py:179} INFO - Processing /home/azfarmustafa/airflow_tutorial/.venv/lib/python3.10/site-packages/airflow/example_dags/example_branch_python_dop_operator_3.py took 0.099 seconds
[2023-11-24T10:39:35.172+0800] {processor.py:157} INFO - Started process (PID=59564) to work on /home/azfarmustafa/airflow_tutorial/.venv/lib/python3.10/site-packages/airflow/example_dags/example_branch_python_dop_operator_3.py
[2023-11-24T10:39:35.173+0800] {processor.py:829} INFO - Processing file /home/azfarmustafa/airflow_tutorial/.venv/lib/python3.10/site-packages/airflow/example_dags/example_branch_python_dop_operator_3.py for tasks to queue
[2023-11-24T10:39:35.174+0800] {logging_mixin.py:154} INFO - [2023-11-24T10:39:35.174+0800] {dagbag.py:536} INFO - Filling up the DagBag from /home/azfarmustafa/airflow_tutorial/.venv/lib/python3.10/site-packages/airflow/example_dags/example_branch_python_dop_operator_3.py
[2023-11-24T10:39:35.183+0800] {processor.py:839} INFO - DAG(s) dict_keys(['example_branch_dop_operator_v3']) retrieved from /home/azfarmustafa/airflow_tutorial/.venv/lib/python3.10/site-packages/airflow/example_dags/example_branch_python_dop_operator_3.py
[2023-11-24T10:39:35.197+0800] {logging_mixin.py:154} INFO - [2023-11-24T10:39:35.197+0800] {dag.py:2941} INFO - Sync 1 DAGs
[2023-11-24T10:39:35.220+0800] {logging_mixin.py:154} INFO - [2023-11-24T10:39:35.220+0800] {dag.py:3722} INFO - Setting next_dagrun for example_branch_dop_operator_v3 to 2023-11-24T02:38:00+00:00, run_after=2023-11-24T02:39:00+00:00
[2023-11-24T10:39:35.247+0800] {processor.py:179} INFO - Processing /home/azfarmustafa/airflow_tutorial/.venv/lib/python3.10/site-packages/airflow/example_dags/example_branch_python_dop_operator_3.py took 0.079 seconds
[2023-11-24T10:40:25.846+0800] {processor.py:157} INFO - Started process (PID=59615) to work on /home/azfarmustafa/airflow_tutorial/.venv/lib/python3.10/site-packages/airflow/example_dags/example_branch_python_dop_operator_3.py
[2023-11-24T10:40:25.850+0800] {processor.py:829} INFO - Processing file /home/azfarmustafa/airflow_tutorial/.venv/lib/python3.10/site-packages/airflow/example_dags/example_branch_python_dop_operator_3.py for tasks to queue
[2023-11-24T10:40:25.851+0800] {logging_mixin.py:154} INFO - [2023-11-24T10:40:25.850+0800] {dagbag.py:536} INFO - Filling up the DagBag from /home/azfarmustafa/airflow_tutorial/.venv/lib/python3.10/site-packages/airflow/example_dags/example_branch_python_dop_operator_3.py
[2023-11-24T10:40:25.858+0800] {processor.py:839} INFO - DAG(s) dict_keys(['example_branch_dop_operator_v3']) retrieved from /home/azfarmustafa/airflow_tutorial/.venv/lib/python3.10/site-packages/airflow/example_dags/example_branch_python_dop_operator_3.py
[2023-11-24T10:40:25.872+0800] {logging_mixin.py:154} INFO - [2023-11-24T10:40:25.872+0800] {dag.py:2941} INFO - Sync 1 DAGs
[2023-11-24T10:40:25.893+0800] {logging_mixin.py:154} INFO - [2023-11-24T10:40:25.893+0800] {dag.py:3722} INFO - Setting next_dagrun for example_branch_dop_operator_v3 to 2023-11-24T02:39:00+00:00, run_after=2023-11-24T02:40:00+00:00
[2023-11-24T10:40:25.916+0800] {processor.py:179} INFO - Processing /home/azfarmustafa/airflow_tutorial/.venv/lib/python3.10/site-packages/airflow/example_dags/example_branch_python_dop_operator_3.py took 0.072 seconds
[2023-11-24T10:41:09.985+0800] {processor.py:157} INFO - Started process (PID=59666) to work on /home/azfarmustafa/airflow_tutorial/.venv/lib/python3.10/site-packages/airflow/example_dags/example_branch_python_dop_operator_3.py
[2023-11-24T10:41:09.989+0800] {processor.py:829} INFO - Processing file /home/azfarmustafa/airflow_tutorial/.venv/lib/python3.10/site-packages/airflow/example_dags/example_branch_python_dop_operator_3.py for tasks to queue
[2023-11-24T10:41:09.991+0800] {logging_mixin.py:154} INFO - [2023-11-24T10:41:09.990+0800] {dagbag.py:536} INFO - Filling up the DagBag from /home/azfarmustafa/airflow_tutorial/.venv/lib/python3.10/site-packages/airflow/example_dags/example_branch_python_dop_operator_3.py
[2023-11-24T10:41:10.000+0800] {processor.py:839} INFO - DAG(s) dict_keys(['example_branch_dop_operator_v3']) retrieved from /home/azfarmustafa/airflow_tutorial/.venv/lib/python3.10/site-packages/airflow/example_dags/example_branch_python_dop_operator_3.py
[2023-11-24T10:41:10.017+0800] {logging_mixin.py:154} INFO - [2023-11-24T10:41:10.017+0800] {dag.py:2941} INFO - Sync 1 DAGs
[2023-11-24T10:41:10.039+0800] {logging_mixin.py:154} INFO - [2023-11-24T10:41:10.039+0800] {dag.py:3722} INFO - Setting next_dagrun for example_branch_dop_operator_v3 to 2023-11-24T02:40:00+00:00, run_after=2023-11-24T02:41:00+00:00
[2023-11-24T10:41:10.064+0800] {processor.py:179} INFO - Processing /home/azfarmustafa/airflow_tutorial/.venv/lib/python3.10/site-packages/airflow/example_dags/example_branch_python_dop_operator_3.py took 0.082 seconds
[2023-11-24T10:41:59.171+0800] {processor.py:157} INFO - Started process (PID=59716) to work on /home/azfarmustafa/airflow_tutorial/.venv/lib/python3.10/site-packages/airflow/example_dags/example_branch_python_dop_operator_3.py
[2023-11-24T10:41:59.175+0800] {processor.py:829} INFO - Processing file /home/azfarmustafa/airflow_tutorial/.venv/lib/python3.10/site-packages/airflow/example_dags/example_branch_python_dop_operator_3.py for tasks to queue
[2023-11-24T10:41:59.176+0800] {logging_mixin.py:154} INFO - [2023-11-24T10:41:59.176+0800] {dagbag.py:536} INFO - Filling up the DagBag from /home/azfarmustafa/airflow_tutorial/.venv/lib/python3.10/site-packages/airflow/example_dags/example_branch_python_dop_operator_3.py
[2023-11-24T10:41:59.184+0800] {processor.py:839} INFO - DAG(s) dict_keys(['example_branch_dop_operator_v3']) retrieved from /home/azfarmustafa/airflow_tutorial/.venv/lib/python3.10/site-packages/airflow/example_dags/example_branch_python_dop_operator_3.py
[2023-11-24T10:41:59.198+0800] {logging_mixin.py:154} INFO - [2023-11-24T10:41:59.197+0800] {dag.py:2941} INFO - Sync 1 DAGs
[2023-11-24T10:41:59.218+0800] {logging_mixin.py:154} INFO - [2023-11-24T10:41:59.218+0800] {dag.py:3722} INFO - Setting next_dagrun for example_branch_dop_operator_v3 to 2023-11-24T02:40:00+00:00, run_after=2023-11-24T02:41:00+00:00
[2023-11-24T10:41:59.241+0800] {processor.py:179} INFO - Processing /home/azfarmustafa/airflow_tutorial/.venv/lib/python3.10/site-packages/airflow/example_dags/example_branch_python_dop_operator_3.py took 0.073 seconds
[2023-11-24T10:42:45.436+0800] {processor.py:157} INFO - Started process (PID=59762) to work on /home/azfarmustafa/airflow_tutorial/.venv/lib/python3.10/site-packages/airflow/example_dags/example_branch_python_dop_operator_3.py
[2023-11-24T10:42:45.438+0800] {processor.py:829} INFO - Processing file /home/azfarmustafa/airflow_tutorial/.venv/lib/python3.10/site-packages/airflow/example_dags/example_branch_python_dop_operator_3.py for tasks to queue
[2023-11-24T10:42:45.439+0800] {logging_mixin.py:154} INFO - [2023-11-24T10:42:45.438+0800] {dagbag.py:536} INFO - Filling up the DagBag from /home/azfarmustafa/airflow_tutorial/.venv/lib/python3.10/site-packages/airflow/example_dags/example_branch_python_dop_operator_3.py
[2023-11-24T10:42:45.448+0800] {processor.py:839} INFO - DAG(s) dict_keys(['example_branch_dop_operator_v3']) retrieved from /home/azfarmustafa/airflow_tutorial/.venv/lib/python3.10/site-packages/airflow/example_dags/example_branch_python_dop_operator_3.py
[2023-11-24T10:42:45.463+0800] {logging_mixin.py:154} INFO - [2023-11-24T10:42:45.463+0800] {dag.py:2941} INFO - Sync 1 DAGs
[2023-11-24T10:42:45.488+0800] {logging_mixin.py:154} INFO - [2023-11-24T10:42:45.488+0800] {dag.py:3722} INFO - Setting next_dagrun for example_branch_dop_operator_v3 to 2023-11-24T02:41:00+00:00, run_after=2023-11-24T02:42:00+00:00
[2023-11-24T10:42:45.518+0800] {processor.py:179} INFO - Processing /home/azfarmustafa/airflow_tutorial/.venv/lib/python3.10/site-packages/airflow/example_dags/example_branch_python_dop_operator_3.py took 0.085 seconds
[2023-11-24T10:43:32.906+0800] {processor.py:157} INFO - Started process (PID=59811) to work on /home/azfarmustafa/airflow_tutorial/.venv/lib/python3.10/site-packages/airflow/example_dags/example_branch_python_dop_operator_3.py
[2023-11-24T10:43:32.911+0800] {processor.py:829} INFO - Processing file /home/azfarmustafa/airflow_tutorial/.venv/lib/python3.10/site-packages/airflow/example_dags/example_branch_python_dop_operator_3.py for tasks to queue
[2023-11-24T10:43:32.912+0800] {logging_mixin.py:154} INFO - [2023-11-24T10:43:32.911+0800] {dagbag.py:536} INFO - Filling up the DagBag from /home/azfarmustafa/airflow_tutorial/.venv/lib/python3.10/site-packages/airflow/example_dags/example_branch_python_dop_operator_3.py
[2023-11-24T10:43:32.924+0800] {processor.py:839} INFO - DAG(s) dict_keys(['example_branch_dop_operator_v3']) retrieved from /home/azfarmustafa/airflow_tutorial/.venv/lib/python3.10/site-packages/airflow/example_dags/example_branch_python_dop_operator_3.py
[2023-11-24T10:43:32.944+0800] {logging_mixin.py:154} INFO - [2023-11-24T10:43:32.944+0800] {dag.py:2941} INFO - Sync 1 DAGs
[2023-11-24T10:43:32.968+0800] {logging_mixin.py:154} INFO - [2023-11-24T10:43:32.967+0800] {dag.py:3722} INFO - Setting next_dagrun for example_branch_dop_operator_v3 to 2023-11-24T02:42:00+00:00, run_after=2023-11-24T02:43:00+00:00
[2023-11-24T10:43:32.998+0800] {processor.py:179} INFO - Processing /home/azfarmustafa/airflow_tutorial/.venv/lib/python3.10/site-packages/airflow/example_dags/example_branch_python_dop_operator_3.py took 0.095 seconds
[2023-11-24T10:44:21.612+0800] {processor.py:157} INFO - Started process (PID=59859) to work on /home/azfarmustafa/airflow_tutorial/.venv/lib/python3.10/site-packages/airflow/example_dags/example_branch_python_dop_operator_3.py
[2023-11-24T10:44:21.616+0800] {processor.py:829} INFO - Processing file /home/azfarmustafa/airflow_tutorial/.venv/lib/python3.10/site-packages/airflow/example_dags/example_branch_python_dop_operator_3.py for tasks to queue
[2023-11-24T10:44:21.617+0800] {logging_mixin.py:154} INFO - [2023-11-24T10:44:21.617+0800] {dagbag.py:536} INFO - Filling up the DagBag from /home/azfarmustafa/airflow_tutorial/.venv/lib/python3.10/site-packages/airflow/example_dags/example_branch_python_dop_operator_3.py
[2023-11-24T10:44:21.624+0800] {processor.py:839} INFO - DAG(s) dict_keys(['example_branch_dop_operator_v3']) retrieved from /home/azfarmustafa/airflow_tutorial/.venv/lib/python3.10/site-packages/airflow/example_dags/example_branch_python_dop_operator_3.py
[2023-11-24T10:44:21.642+0800] {logging_mixin.py:154} INFO - [2023-11-24T10:44:21.642+0800] {dag.py:2941} INFO - Sync 1 DAGs
[2023-11-24T10:44:21.671+0800] {logging_mixin.py:154} INFO - [2023-11-24T10:44:21.671+0800] {dag.py:3722} INFO - Setting next_dagrun for example_branch_dop_operator_v3 to 2023-11-24T02:43:00+00:00, run_after=2023-11-24T02:44:00+00:00
[2023-11-24T10:44:21.699+0800] {processor.py:179} INFO - Processing /home/azfarmustafa/airflow_tutorial/.venv/lib/python3.10/site-packages/airflow/example_dags/example_branch_python_dop_operator_3.py took 0.090 seconds
[2023-11-24T10:45:09.381+0800] {processor.py:157} INFO - Started process (PID=59908) to work on /home/azfarmustafa/airflow_tutorial/.venv/lib/python3.10/site-packages/airflow/example_dags/example_branch_python_dop_operator_3.py
[2023-11-24T10:45:09.383+0800] {processor.py:829} INFO - Processing file /home/azfarmustafa/airflow_tutorial/.venv/lib/python3.10/site-packages/airflow/example_dags/example_branch_python_dop_operator_3.py for tasks to queue
[2023-11-24T10:45:09.384+0800] {logging_mixin.py:154} INFO - [2023-11-24T10:45:09.383+0800] {dagbag.py:536} INFO - Filling up the DagBag from /home/azfarmustafa/airflow_tutorial/.venv/lib/python3.10/site-packages/airflow/example_dags/example_branch_python_dop_operator_3.py
[2023-11-24T10:45:09.392+0800] {processor.py:839} INFO - DAG(s) dict_keys(['example_branch_dop_operator_v3']) retrieved from /home/azfarmustafa/airflow_tutorial/.venv/lib/python3.10/site-packages/airflow/example_dags/example_branch_python_dop_operator_3.py
[2023-11-24T10:45:09.408+0800] {logging_mixin.py:154} INFO - [2023-11-24T10:45:09.408+0800] {dag.py:2941} INFO - Sync 1 DAGs
[2023-11-24T10:45:09.431+0800] {logging_mixin.py:154} INFO - [2023-11-24T10:45:09.431+0800] {dag.py:3722} INFO - Setting next_dagrun for example_branch_dop_operator_v3 to 2023-11-24T02:44:00+00:00, run_after=2023-11-24T02:45:00+00:00
[2023-11-24T10:45:09.460+0800] {processor.py:179} INFO - Processing /home/azfarmustafa/airflow_tutorial/.venv/lib/python3.10/site-packages/airflow/example_dags/example_branch_python_dop_operator_3.py took 0.082 seconds
[2023-11-24T10:45:56.158+0800] {processor.py:157} INFO - Started process (PID=59956) to work on /home/azfarmustafa/airflow_tutorial/.venv/lib/python3.10/site-packages/airflow/example_dags/example_branch_python_dop_operator_3.py
[2023-11-24T10:45:56.160+0800] {processor.py:829} INFO - Processing file /home/azfarmustafa/airflow_tutorial/.venv/lib/python3.10/site-packages/airflow/example_dags/example_branch_python_dop_operator_3.py for tasks to queue
[2023-11-24T10:45:56.160+0800] {logging_mixin.py:154} INFO - [2023-11-24T10:45:56.160+0800] {dagbag.py:536} INFO - Filling up the DagBag from /home/azfarmustafa/airflow_tutorial/.venv/lib/python3.10/site-packages/airflow/example_dags/example_branch_python_dop_operator_3.py
[2023-11-24T10:45:56.168+0800] {processor.py:839} INFO - DAG(s) dict_keys(['example_branch_dop_operator_v3']) retrieved from /home/azfarmustafa/airflow_tutorial/.venv/lib/python3.10/site-packages/airflow/example_dags/example_branch_python_dop_operator_3.py
[2023-11-24T10:45:56.191+0800] {logging_mixin.py:154} INFO - [2023-11-24T10:45:56.191+0800] {dag.py:2941} INFO - Sync 1 DAGs
[2023-11-24T10:45:56.217+0800] {logging_mixin.py:154} INFO - [2023-11-24T10:45:56.216+0800] {dag.py:3722} INFO - Setting next_dagrun for example_branch_dop_operator_v3 to 2023-11-24T02:44:00+00:00, run_after=2023-11-24T02:45:00+00:00
[2023-11-24T10:45:56.246+0800] {processor.py:179} INFO - Processing /home/azfarmustafa/airflow_tutorial/.venv/lib/python3.10/site-packages/airflow/example_dags/example_branch_python_dop_operator_3.py took 0.090 seconds
[2023-11-24T10:46:41.518+0800] {processor.py:157} INFO - Started process (PID=60002) to work on /home/azfarmustafa/airflow_tutorial/.venv/lib/python3.10/site-packages/airflow/example_dags/example_branch_python_dop_operator_3.py
[2023-11-24T10:46:41.522+0800] {processor.py:829} INFO - Processing file /home/azfarmustafa/airflow_tutorial/.venv/lib/python3.10/site-packages/airflow/example_dags/example_branch_python_dop_operator_3.py for tasks to queue
[2023-11-24T10:46:41.522+0800] {logging_mixin.py:154} INFO - [2023-11-24T10:46:41.522+0800] {dagbag.py:536} INFO - Filling up the DagBag from /home/azfarmustafa/airflow_tutorial/.venv/lib/python3.10/site-packages/airflow/example_dags/example_branch_python_dop_operator_3.py
[2023-11-24T10:46:41.530+0800] {processor.py:839} INFO - DAG(s) dict_keys(['example_branch_dop_operator_v3']) retrieved from /home/azfarmustafa/airflow_tutorial/.venv/lib/python3.10/site-packages/airflow/example_dags/example_branch_python_dop_operator_3.py
[2023-11-24T10:46:41.544+0800] {logging_mixin.py:154} INFO - [2023-11-24T10:46:41.543+0800] {dag.py:2941} INFO - Sync 1 DAGs
[2023-11-24T10:46:41.565+0800] {logging_mixin.py:154} INFO - [2023-11-24T10:46:41.565+0800] {dag.py:3722} INFO - Setting next_dagrun for example_branch_dop_operator_v3 to 2023-11-24T02:45:00+00:00, run_after=2023-11-24T02:46:00+00:00
[2023-11-24T10:46:41.588+0800] {processor.py:179} INFO - Processing /home/azfarmustafa/airflow_tutorial/.venv/lib/python3.10/site-packages/airflow/example_dags/example_branch_python_dop_operator_3.py took 0.073 seconds
[2023-11-24T10:47:26.212+0800] {processor.py:157} INFO - Started process (PID=60055) to work on /home/azfarmustafa/airflow_tutorial/.venv/lib/python3.10/site-packages/airflow/example_dags/example_branch_python_dop_operator_3.py
[2023-11-24T10:47:26.213+0800] {processor.py:829} INFO - Processing file /home/azfarmustafa/airflow_tutorial/.venv/lib/python3.10/site-packages/airflow/example_dags/example_branch_python_dop_operator_3.py for tasks to queue
[2023-11-24T10:47:26.214+0800] {logging_mixin.py:154} INFO - [2023-11-24T10:47:26.214+0800] {dagbag.py:536} INFO - Filling up the DagBag from /home/azfarmustafa/airflow_tutorial/.venv/lib/python3.10/site-packages/airflow/example_dags/example_branch_python_dop_operator_3.py
[2023-11-24T10:47:26.224+0800] {processor.py:839} INFO - DAG(s) dict_keys(['example_branch_dop_operator_v3']) retrieved from /home/azfarmustafa/airflow_tutorial/.venv/lib/python3.10/site-packages/airflow/example_dags/example_branch_python_dop_operator_3.py
[2023-11-24T10:47:26.239+0800] {logging_mixin.py:154} INFO - [2023-11-24T10:47:26.239+0800] {dag.py:2941} INFO - Sync 1 DAGs
[2023-11-24T10:47:26.261+0800] {logging_mixin.py:154} INFO - [2023-11-24T10:47:26.261+0800] {dag.py:3722} INFO - Setting next_dagrun for example_branch_dop_operator_v3 to 2023-11-24T02:46:00+00:00, run_after=2023-11-24T02:47:00+00:00
[2023-11-24T10:47:26.289+0800] {processor.py:179} INFO - Processing /home/azfarmustafa/airflow_tutorial/.venv/lib/python3.10/site-packages/airflow/example_dags/example_branch_python_dop_operator_3.py took 0.081 seconds
[2023-11-24T10:48:12.584+0800] {processor.py:157} INFO - Started process (PID=60101) to work on /home/azfarmustafa/airflow_tutorial/.venv/lib/python3.10/site-packages/airflow/example_dags/example_branch_python_dop_operator_3.py
[2023-11-24T10:48:12.589+0800] {processor.py:829} INFO - Processing file /home/azfarmustafa/airflow_tutorial/.venv/lib/python3.10/site-packages/airflow/example_dags/example_branch_python_dop_operator_3.py for tasks to queue
[2023-11-24T10:48:12.590+0800] {logging_mixin.py:154} INFO - [2023-11-24T10:48:12.589+0800] {dagbag.py:536} INFO - Filling up the DagBag from /home/azfarmustafa/airflow_tutorial/.venv/lib/python3.10/site-packages/airflow/example_dags/example_branch_python_dop_operator_3.py
[2023-11-24T10:48:12.597+0800] {processor.py:839} INFO - DAG(s) dict_keys(['example_branch_dop_operator_v3']) retrieved from /home/azfarmustafa/airflow_tutorial/.venv/lib/python3.10/site-packages/airflow/example_dags/example_branch_python_dop_operator_3.py
[2023-11-24T10:48:12.610+0800] {logging_mixin.py:154} INFO - [2023-11-24T10:48:12.610+0800] {dag.py:2941} INFO - Sync 1 DAGs
[2023-11-24T10:48:12.632+0800] {logging_mixin.py:154} INFO - [2023-11-24T10:48:12.631+0800] {dag.py:3722} INFO - Setting next_dagrun for example_branch_dop_operator_v3 to 2023-11-24T02:47:00+00:00, run_after=2023-11-24T02:48:00+00:00
[2023-11-24T10:48:12.659+0800] {processor.py:179} INFO - Processing /home/azfarmustafa/airflow_tutorial/.venv/lib/python3.10/site-packages/airflow/example_dags/example_branch_python_dop_operator_3.py took 0.078 seconds
[2023-11-24T10:48:58.500+0800] {processor.py:157} INFO - Started process (PID=60148) to work on /home/azfarmustafa/airflow_tutorial/.venv/lib/python3.10/site-packages/airflow/example_dags/example_branch_python_dop_operator_3.py
[2023-11-24T10:48:58.504+0800] {processor.py:829} INFO - Processing file /home/azfarmustafa/airflow_tutorial/.venv/lib/python3.10/site-packages/airflow/example_dags/example_branch_python_dop_operator_3.py for tasks to queue
[2023-11-24T10:48:58.505+0800] {logging_mixin.py:154} INFO - [2023-11-24T10:48:58.505+0800] {dagbag.py:536} INFO - Filling up the DagBag from /home/azfarmustafa/airflow_tutorial/.venv/lib/python3.10/site-packages/airflow/example_dags/example_branch_python_dop_operator_3.py
[2023-11-24T10:48:58.513+0800] {processor.py:839} INFO - DAG(s) dict_keys(['example_branch_dop_operator_v3']) retrieved from /home/azfarmustafa/airflow_tutorial/.venv/lib/python3.10/site-packages/airflow/example_dags/example_branch_python_dop_operator_3.py
[2023-11-24T10:48:58.527+0800] {logging_mixin.py:154} INFO - [2023-11-24T10:48:58.526+0800] {dag.py:2941} INFO - Sync 1 DAGs
[2023-11-24T10:48:58.547+0800] {logging_mixin.py:154} INFO - [2023-11-24T10:48:58.547+0800] {dag.py:3722} INFO - Setting next_dagrun for example_branch_dop_operator_v3 to 2023-11-24T02:47:00+00:00, run_after=2023-11-24T02:48:00+00:00
[2023-11-24T10:48:58.572+0800] {processor.py:179} INFO - Processing /home/azfarmustafa/airflow_tutorial/.venv/lib/python3.10/site-packages/airflow/example_dags/example_branch_python_dop_operator_3.py took 0.075 seconds
[2023-11-24T10:49:47.989+0800] {processor.py:157} INFO - Started process (PID=60198) to work on /home/azfarmustafa/airflow_tutorial/.venv/lib/python3.10/site-packages/airflow/example_dags/example_branch_python_dop_operator_3.py
[2023-11-24T10:49:47.994+0800] {processor.py:829} INFO - Processing file /home/azfarmustafa/airflow_tutorial/.venv/lib/python3.10/site-packages/airflow/example_dags/example_branch_python_dop_operator_3.py for tasks to queue
[2023-11-24T10:49:47.996+0800] {logging_mixin.py:154} INFO - [2023-11-24T10:49:47.995+0800] {dagbag.py:536} INFO - Filling up the DagBag from /home/azfarmustafa/airflow_tutorial/.venv/lib/python3.10/site-packages/airflow/example_dags/example_branch_python_dop_operator_3.py
[2023-11-24T10:49:48.006+0800] {processor.py:839} INFO - DAG(s) dict_keys(['example_branch_dop_operator_v3']) retrieved from /home/azfarmustafa/airflow_tutorial/.venv/lib/python3.10/site-packages/airflow/example_dags/example_branch_python_dop_operator_3.py
[2023-11-24T10:49:48.023+0800] {logging_mixin.py:154} INFO - [2023-11-24T10:49:48.022+0800] {dag.py:2941} INFO - Sync 1 DAGs
[2023-11-24T10:49:48.044+0800] {logging_mixin.py:154} INFO - [2023-11-24T10:49:48.044+0800] {dag.py:3722} INFO - Setting next_dagrun for example_branch_dop_operator_v3 to 2023-11-24T02:48:00+00:00, run_after=2023-11-24T02:49:00+00:00
[2023-11-24T10:49:48.069+0800] {processor.py:179} INFO - Processing /home/azfarmustafa/airflow_tutorial/.venv/lib/python3.10/site-packages/airflow/example_dags/example_branch_python_dop_operator_3.py took 0.083 seconds
[2023-11-24T10:50:33.961+0800] {processor.py:157} INFO - Started process (PID=60245) to work on /home/azfarmustafa/airflow_tutorial/.venv/lib/python3.10/site-packages/airflow/example_dags/example_branch_python_dop_operator_3.py
[2023-11-24T10:50:33.966+0800] {processor.py:829} INFO - Processing file /home/azfarmustafa/airflow_tutorial/.venv/lib/python3.10/site-packages/airflow/example_dags/example_branch_python_dop_operator_3.py for tasks to queue
[2023-11-24T10:50:33.967+0800] {logging_mixin.py:154} INFO - [2023-11-24T10:50:33.967+0800] {dagbag.py:536} INFO - Filling up the DagBag from /home/azfarmustafa/airflow_tutorial/.venv/lib/python3.10/site-packages/airflow/example_dags/example_branch_python_dop_operator_3.py
[2023-11-24T10:50:33.975+0800] {processor.py:839} INFO - DAG(s) dict_keys(['example_branch_dop_operator_v3']) retrieved from /home/azfarmustafa/airflow_tutorial/.venv/lib/python3.10/site-packages/airflow/example_dags/example_branch_python_dop_operator_3.py
[2023-11-24T10:50:33.990+0800] {logging_mixin.py:154} INFO - [2023-11-24T10:50:33.990+0800] {dag.py:2941} INFO - Sync 1 DAGs
[2023-11-24T10:50:34.016+0800] {logging_mixin.py:154} INFO - [2023-11-24T10:50:34.016+0800] {dag.py:3722} INFO - Setting next_dagrun for example_branch_dop_operator_v3 to 2023-11-24T02:49:00+00:00, run_after=2023-11-24T02:50:00+00:00
[2023-11-24T10:50:34.044+0800] {processor.py:179} INFO - Processing /home/azfarmustafa/airflow_tutorial/.venv/lib/python3.10/site-packages/airflow/example_dags/example_branch_python_dop_operator_3.py took 0.085 seconds
[2023-11-24T10:51:20.385+0800] {processor.py:157} INFO - Started process (PID=60293) to work on /home/azfarmustafa/airflow_tutorial/.venv/lib/python3.10/site-packages/airflow/example_dags/example_branch_python_dop_operator_3.py
[2023-11-24T10:51:20.389+0800] {processor.py:829} INFO - Processing file /home/azfarmustafa/airflow_tutorial/.venv/lib/python3.10/site-packages/airflow/example_dags/example_branch_python_dop_operator_3.py for tasks to queue
[2023-11-24T10:51:20.390+0800] {logging_mixin.py:154} INFO - [2023-11-24T10:51:20.390+0800] {dagbag.py:536} INFO - Filling up the DagBag from /home/azfarmustafa/airflow_tutorial/.venv/lib/python3.10/site-packages/airflow/example_dags/example_branch_python_dop_operator_3.py
[2023-11-24T10:51:20.397+0800] {processor.py:839} INFO - DAG(s) dict_keys(['example_branch_dop_operator_v3']) retrieved from /home/azfarmustafa/airflow_tutorial/.venv/lib/python3.10/site-packages/airflow/example_dags/example_branch_python_dop_operator_3.py
[2023-11-24T10:51:20.413+0800] {logging_mixin.py:154} INFO - [2023-11-24T10:51:20.412+0800] {dag.py:2941} INFO - Sync 1 DAGs
[2023-11-24T10:51:20.441+0800] {logging_mixin.py:154} INFO - [2023-11-24T10:51:20.441+0800] {dag.py:3722} INFO - Setting next_dagrun for example_branch_dop_operator_v3 to 2023-11-24T02:50:00+00:00, run_after=2023-11-24T02:51:00+00:00
[2023-11-24T10:51:20.466+0800] {processor.py:179} INFO - Processing /home/azfarmustafa/airflow_tutorial/.venv/lib/python3.10/site-packages/airflow/example_dags/example_branch_python_dop_operator_3.py took 0.084 seconds
[2023-11-24T10:52:07.392+0800] {processor.py:157} INFO - Started process (PID=60341) to work on /home/azfarmustafa/airflow_tutorial/.venv/lib/python3.10/site-packages/airflow/example_dags/example_branch_python_dop_operator_3.py
[2023-11-24T10:52:07.394+0800] {processor.py:829} INFO - Processing file /home/azfarmustafa/airflow_tutorial/.venv/lib/python3.10/site-packages/airflow/example_dags/example_branch_python_dop_operator_3.py for tasks to queue
[2023-11-24T10:52:07.394+0800] {logging_mixin.py:154} INFO - [2023-11-24T10:52:07.394+0800] {dagbag.py:536} INFO - Filling up the DagBag from /home/azfarmustafa/airflow_tutorial/.venv/lib/python3.10/site-packages/airflow/example_dags/example_branch_python_dop_operator_3.py
[2023-11-24T10:52:07.402+0800] {processor.py:839} INFO - DAG(s) dict_keys(['example_branch_dop_operator_v3']) retrieved from /home/azfarmustafa/airflow_tutorial/.venv/lib/python3.10/site-packages/airflow/example_dags/example_branch_python_dop_operator_3.py
[2023-11-24T10:52:07.418+0800] {logging_mixin.py:154} INFO - [2023-11-24T10:52:07.418+0800] {dag.py:2941} INFO - Sync 1 DAGs
[2023-11-24T10:52:07.440+0800] {logging_mixin.py:154} INFO - [2023-11-24T10:52:07.440+0800] {dag.py:3722} INFO - Setting next_dagrun for example_branch_dop_operator_v3 to 2023-11-24T02:51:00+00:00, run_after=2023-11-24T02:52:00+00:00
[2023-11-24T10:52:07.492+0800] {processor.py:179} INFO - Processing /home/azfarmustafa/airflow_tutorial/.venv/lib/python3.10/site-packages/airflow/example_dags/example_branch_python_dop_operator_3.py took 0.104 seconds
[2023-11-24T10:52:57.842+0800] {processor.py:157} INFO - Started process (PID=60390) to work on /home/azfarmustafa/airflow_tutorial/.venv/lib/python3.10/site-packages/airflow/example_dags/example_branch_python_dop_operator_3.py
[2023-11-24T10:52:57.847+0800] {processor.py:829} INFO - Processing file /home/azfarmustafa/airflow_tutorial/.venv/lib/python3.10/site-packages/airflow/example_dags/example_branch_python_dop_operator_3.py for tasks to queue
[2023-11-24T10:52:57.848+0800] {logging_mixin.py:154} INFO - [2023-11-24T10:52:57.848+0800] {dagbag.py:536} INFO - Filling up the DagBag from /home/azfarmustafa/airflow_tutorial/.venv/lib/python3.10/site-packages/airflow/example_dags/example_branch_python_dop_operator_3.py
[2023-11-24T10:52:57.857+0800] {processor.py:839} INFO - DAG(s) dict_keys(['example_branch_dop_operator_v3']) retrieved from /home/azfarmustafa/airflow_tutorial/.venv/lib/python3.10/site-packages/airflow/example_dags/example_branch_python_dop_operator_3.py
[2023-11-24T10:52:57.872+0800] {logging_mixin.py:154} INFO - [2023-11-24T10:52:57.872+0800] {dag.py:2941} INFO - Sync 1 DAGs
[2023-11-24T10:52:57.895+0800] {logging_mixin.py:154} INFO - [2023-11-24T10:52:57.895+0800] {dag.py:3722} INFO - Setting next_dagrun for example_branch_dop_operator_v3 to 2023-11-24T02:51:00+00:00, run_after=2023-11-24T02:52:00+00:00
[2023-11-24T10:52:57.925+0800] {processor.py:179} INFO - Processing /home/azfarmustafa/airflow_tutorial/.venv/lib/python3.10/site-packages/airflow/example_dags/example_branch_python_dop_operator_3.py took 0.086 seconds
[2023-11-24T10:53:43.677+0800] {processor.py:157} INFO - Started process (PID=60444) to work on /home/azfarmustafa/airflow_tutorial/.venv/lib/python3.10/site-packages/airflow/example_dags/example_branch_python_dop_operator_3.py
[2023-11-24T10:53:43.681+0800] {processor.py:829} INFO - Processing file /home/azfarmustafa/airflow_tutorial/.venv/lib/python3.10/site-packages/airflow/example_dags/example_branch_python_dop_operator_3.py for tasks to queue
[2023-11-24T10:53:43.682+0800] {logging_mixin.py:154} INFO - [2023-11-24T10:53:43.682+0800] {dagbag.py:536} INFO - Filling up the DagBag from /home/azfarmustafa/airflow_tutorial/.venv/lib/python3.10/site-packages/airflow/example_dags/example_branch_python_dop_operator_3.py
[2023-11-24T10:53:43.689+0800] {processor.py:839} INFO - DAG(s) dict_keys(['example_branch_dop_operator_v3']) retrieved from /home/azfarmustafa/airflow_tutorial/.venv/lib/python3.10/site-packages/airflow/example_dags/example_branch_python_dop_operator_3.py
[2023-11-24T10:53:43.703+0800] {logging_mixin.py:154} INFO - [2023-11-24T10:53:43.703+0800] {dag.py:2941} INFO - Sync 1 DAGs
[2023-11-24T10:53:43.726+0800] {logging_mixin.py:154} INFO - [2023-11-24T10:53:43.725+0800] {dag.py:3722} INFO - Setting next_dagrun for example_branch_dop_operator_v3 to 2023-11-24T02:52:00+00:00, run_after=2023-11-24T02:53:00+00:00
[2023-11-24T10:53:43.751+0800] {processor.py:179} INFO - Processing /home/azfarmustafa/airflow_tutorial/.venv/lib/python3.10/site-packages/airflow/example_dags/example_branch_python_dop_operator_3.py took 0.078 seconds
[2023-11-24T10:54:32.447+0800] {processor.py:157} INFO - Started process (PID=60493) to work on /home/azfarmustafa/airflow_tutorial/.venv/lib/python3.10/site-packages/airflow/example_dags/example_branch_python_dop_operator_3.py
[2023-11-24T10:54:32.452+0800] {processor.py:829} INFO - Processing file /home/azfarmustafa/airflow_tutorial/.venv/lib/python3.10/site-packages/airflow/example_dags/example_branch_python_dop_operator_3.py for tasks to queue
[2023-11-24T10:54:32.453+0800] {logging_mixin.py:154} INFO - [2023-11-24T10:54:32.452+0800] {dagbag.py:536} INFO - Filling up the DagBag from /home/azfarmustafa/airflow_tutorial/.venv/lib/python3.10/site-packages/airflow/example_dags/example_branch_python_dop_operator_3.py
[2023-11-24T10:54:32.462+0800] {processor.py:839} INFO - DAG(s) dict_keys(['example_branch_dop_operator_v3']) retrieved from /home/azfarmustafa/airflow_tutorial/.venv/lib/python3.10/site-packages/airflow/example_dags/example_branch_python_dop_operator_3.py
[2023-11-24T10:54:32.479+0800] {logging_mixin.py:154} INFO - [2023-11-24T10:54:32.478+0800] {dag.py:2941} INFO - Sync 1 DAGs
[2023-11-24T10:54:32.506+0800] {logging_mixin.py:154} INFO - [2023-11-24T10:54:32.506+0800] {dag.py:3722} INFO - Setting next_dagrun for example_branch_dop_operator_v3 to 2023-11-24T02:53:00+00:00, run_after=2023-11-24T02:54:00+00:00
[2023-11-24T10:54:32.534+0800] {processor.py:179} INFO - Processing /home/azfarmustafa/airflow_tutorial/.venv/lib/python3.10/site-packages/airflow/example_dags/example_branch_python_dop_operator_3.py took 0.089 seconds
[2023-11-24T10:55:19.663+0800] {processor.py:157} INFO - Started process (PID=60541) to work on /home/azfarmustafa/airflow_tutorial/.venv/lib/python3.10/site-packages/airflow/example_dags/example_branch_python_dop_operator_3.py
[2023-11-24T10:55:19.668+0800] {processor.py:829} INFO - Processing file /home/azfarmustafa/airflow_tutorial/.venv/lib/python3.10/site-packages/airflow/example_dags/example_branch_python_dop_operator_3.py for tasks to queue
[2023-11-24T10:55:19.668+0800] {logging_mixin.py:154} INFO - [2023-11-24T10:55:19.668+0800] {dagbag.py:536} INFO - Filling up the DagBag from /home/azfarmustafa/airflow_tutorial/.venv/lib/python3.10/site-packages/airflow/example_dags/example_branch_python_dop_operator_3.py
[2023-11-24T10:55:19.676+0800] {processor.py:839} INFO - DAG(s) dict_keys(['example_branch_dop_operator_v3']) retrieved from /home/azfarmustafa/airflow_tutorial/.venv/lib/python3.10/site-packages/airflow/example_dags/example_branch_python_dop_operator_3.py
[2023-11-24T10:55:19.691+0800] {logging_mixin.py:154} INFO - [2023-11-24T10:55:19.691+0800] {dag.py:2941} INFO - Sync 1 DAGs
[2023-11-24T10:55:19.713+0800] {logging_mixin.py:154} INFO - [2023-11-24T10:55:19.713+0800] {dag.py:3722} INFO - Setting next_dagrun for example_branch_dop_operator_v3 to 2023-11-24T02:54:00+00:00, run_after=2023-11-24T02:55:00+00:00
[2023-11-24T10:55:19.740+0800] {processor.py:179} INFO - Processing /home/azfarmustafa/airflow_tutorial/.venv/lib/python3.10/site-packages/airflow/example_dags/example_branch_python_dop_operator_3.py took 0.079 seconds
[2023-11-24T10:56:04.889+0800] {processor.py:157} INFO - Started process (PID=60586) to work on /home/azfarmustafa/airflow_tutorial/.venv/lib/python3.10/site-packages/airflow/example_dags/example_branch_python_dop_operator_3.py
[2023-11-24T10:56:04.893+0800] {processor.py:829} INFO - Processing file /home/azfarmustafa/airflow_tutorial/.venv/lib/python3.10/site-packages/airflow/example_dags/example_branch_python_dop_operator_3.py for tasks to queue
[2023-11-24T10:56:04.894+0800] {logging_mixin.py:154} INFO - [2023-11-24T10:56:04.893+0800] {dagbag.py:536} INFO - Filling up the DagBag from /home/azfarmustafa/airflow_tutorial/.venv/lib/python3.10/site-packages/airflow/example_dags/example_branch_python_dop_operator_3.py
[2023-11-24T10:56:04.901+0800] {processor.py:839} INFO - DAG(s) dict_keys(['example_branch_dop_operator_v3']) retrieved from /home/azfarmustafa/airflow_tutorial/.venv/lib/python3.10/site-packages/airflow/example_dags/example_branch_python_dop_operator_3.py
[2023-11-24T10:56:04.915+0800] {logging_mixin.py:154} INFO - [2023-11-24T10:56:04.915+0800] {dag.py:2941} INFO - Sync 1 DAGs
[2023-11-24T10:56:04.939+0800] {logging_mixin.py:154} INFO - [2023-11-24T10:56:04.939+0800] {dag.py:3722} INFO - Setting next_dagrun for example_branch_dop_operator_v3 to 2023-11-24T02:55:00+00:00, run_after=2023-11-24T02:56:00+00:00
[2023-11-24T10:56:04.965+0800] {processor.py:179} INFO - Processing /home/azfarmustafa/airflow_tutorial/.venv/lib/python3.10/site-packages/airflow/example_dags/example_branch_python_dop_operator_3.py took 0.079 seconds
[2023-11-24T10:56:47.207+0800] {processor.py:157} INFO - Started process (PID=60632) to work on /home/azfarmustafa/airflow_tutorial/.venv/lib/python3.10/site-packages/airflow/example_dags/example_branch_python_dop_operator_3.py
[2023-11-24T10:56:47.208+0800] {processor.py:829} INFO - Processing file /home/azfarmustafa/airflow_tutorial/.venv/lib/python3.10/site-packages/airflow/example_dags/example_branch_python_dop_operator_3.py for tasks to queue
[2023-11-24T10:56:47.209+0800] {logging_mixin.py:154} INFO - [2023-11-24T10:56:47.208+0800] {dagbag.py:536} INFO - Filling up the DagBag from /home/azfarmustafa/airflow_tutorial/.venv/lib/python3.10/site-packages/airflow/example_dags/example_branch_python_dop_operator_3.py
[2023-11-24T10:56:47.216+0800] {processor.py:839} INFO - DAG(s) dict_keys(['example_branch_dop_operator_v3']) retrieved from /home/azfarmustafa/airflow_tutorial/.venv/lib/python3.10/site-packages/airflow/example_dags/example_branch_python_dop_operator_3.py
[2023-11-24T10:56:47.230+0800] {logging_mixin.py:154} INFO - [2023-11-24T10:56:47.230+0800] {dag.py:2941} INFO - Sync 1 DAGs
[2023-11-24T10:56:47.251+0800] {logging_mixin.py:154} INFO - [2023-11-24T10:56:47.251+0800] {dag.py:3722} INFO - Setting next_dagrun for example_branch_dop_operator_v3 to 2023-11-24T02:55:00+00:00, run_after=2023-11-24T02:56:00+00:00
[2023-11-24T10:56:47.275+0800] {processor.py:179} INFO - Processing /home/azfarmustafa/airflow_tutorial/.venv/lib/python3.10/site-packages/airflow/example_dags/example_branch_python_dop_operator_3.py took 0.071 seconds
[2023-11-24T10:57:31.421+0800] {processor.py:157} INFO - Started process (PID=60678) to work on /home/azfarmustafa/airflow_tutorial/.venv/lib/python3.10/site-packages/airflow/example_dags/example_branch_python_dop_operator_3.py
[2023-11-24T10:57:31.422+0800] {processor.py:829} INFO - Processing file /home/azfarmustafa/airflow_tutorial/.venv/lib/python3.10/site-packages/airflow/example_dags/example_branch_python_dop_operator_3.py for tasks to queue
[2023-11-24T10:57:31.423+0800] {logging_mixin.py:154} INFO - [2023-11-24T10:57:31.423+0800] {dagbag.py:536} INFO - Filling up the DagBag from /home/azfarmustafa/airflow_tutorial/.venv/lib/python3.10/site-packages/airflow/example_dags/example_branch_python_dop_operator_3.py
[2023-11-24T10:57:31.431+0800] {processor.py:839} INFO - DAG(s) dict_keys(['example_branch_dop_operator_v3']) retrieved from /home/azfarmustafa/airflow_tutorial/.venv/lib/python3.10/site-packages/airflow/example_dags/example_branch_python_dop_operator_3.py
[2023-11-24T10:57:31.444+0800] {logging_mixin.py:154} INFO - [2023-11-24T10:57:31.444+0800] {dag.py:2941} INFO - Sync 1 DAGs
[2023-11-24T10:57:31.465+0800] {logging_mixin.py:154} INFO - [2023-11-24T10:57:31.465+0800] {dag.py:3722} INFO - Setting next_dagrun for example_branch_dop_operator_v3 to 2023-11-24T02:56:00+00:00, run_after=2023-11-24T02:57:00+00:00
[2023-11-24T10:57:31.491+0800] {processor.py:179} INFO - Processing /home/azfarmustafa/airflow_tutorial/.venv/lib/python3.10/site-packages/airflow/example_dags/example_branch_python_dop_operator_3.py took 0.073 seconds
[2023-11-24T10:58:15.747+0800] {processor.py:157} INFO - Started process (PID=60722) to work on /home/azfarmustafa/airflow_tutorial/.venv/lib/python3.10/site-packages/airflow/example_dags/example_branch_python_dop_operator_3.py
[2023-11-24T10:58:15.751+0800] {processor.py:829} INFO - Processing file /home/azfarmustafa/airflow_tutorial/.venv/lib/python3.10/site-packages/airflow/example_dags/example_branch_python_dop_operator_3.py for tasks to queue
[2023-11-24T10:58:15.752+0800] {logging_mixin.py:154} INFO - [2023-11-24T10:58:15.752+0800] {dagbag.py:536} INFO - Filling up the DagBag from /home/azfarmustafa/airflow_tutorial/.venv/lib/python3.10/site-packages/airflow/example_dags/example_branch_python_dop_operator_3.py
[2023-11-24T10:58:15.762+0800] {processor.py:839} INFO - DAG(s) dict_keys(['example_branch_dop_operator_v3']) retrieved from /home/azfarmustafa/airflow_tutorial/.venv/lib/python3.10/site-packages/airflow/example_dags/example_branch_python_dop_operator_3.py
[2023-11-24T10:58:15.776+0800] {logging_mixin.py:154} INFO - [2023-11-24T10:58:15.776+0800] {dag.py:2941} INFO - Sync 1 DAGs
[2023-11-24T10:58:15.802+0800] {logging_mixin.py:154} INFO - [2023-11-24T10:58:15.801+0800] {dag.py:3722} INFO - Setting next_dagrun for example_branch_dop_operator_v3 to 2023-11-24T02:57:00+00:00, run_after=2023-11-24T02:58:00+00:00
[2023-11-24T10:58:15.828+0800] {processor.py:179} INFO - Processing /home/azfarmustafa/airflow_tutorial/.venv/lib/python3.10/site-packages/airflow/example_dags/example_branch_python_dop_operator_3.py took 0.085 seconds
[2023-11-24T10:59:02.207+0800] {processor.py:157} INFO - Started process (PID=60770) to work on /home/azfarmustafa/airflow_tutorial/.venv/lib/python3.10/site-packages/airflow/example_dags/example_branch_python_dop_operator_3.py
[2023-11-24T10:59:02.208+0800] {processor.py:829} INFO - Processing file /home/azfarmustafa/airflow_tutorial/.venv/lib/python3.10/site-packages/airflow/example_dags/example_branch_python_dop_operator_3.py for tasks to queue
[2023-11-24T10:59:02.209+0800] {logging_mixin.py:154} INFO - [2023-11-24T10:59:02.209+0800] {dagbag.py:536} INFO - Filling up the DagBag from /home/azfarmustafa/airflow_tutorial/.venv/lib/python3.10/site-packages/airflow/example_dags/example_branch_python_dop_operator_3.py
[2023-11-24T10:59:02.217+0800] {processor.py:839} INFO - DAG(s) dict_keys(['example_branch_dop_operator_v3']) retrieved from /home/azfarmustafa/airflow_tutorial/.venv/lib/python3.10/site-packages/airflow/example_dags/example_branch_python_dop_operator_3.py
[2023-11-24T10:59:02.231+0800] {logging_mixin.py:154} INFO - [2023-11-24T10:59:02.231+0800] {dag.py:2941} INFO - Sync 1 DAGs
[2023-11-24T10:59:02.253+0800] {logging_mixin.py:154} INFO - [2023-11-24T10:59:02.253+0800] {dag.py:3722} INFO - Setting next_dagrun for example_branch_dop_operator_v3 to 2023-11-24T02:58:00+00:00, run_after=2023-11-24T02:59:00+00:00
[2023-11-24T10:59:02.281+0800] {processor.py:179} INFO - Processing /home/azfarmustafa/airflow_tutorial/.venv/lib/python3.10/site-packages/airflow/example_dags/example_branch_python_dop_operator_3.py took 0.077 seconds
[2023-11-24T10:59:48.805+0800] {processor.py:157} INFO - Started process (PID=60824) to work on /home/azfarmustafa/airflow_tutorial/.venv/lib/python3.10/site-packages/airflow/example_dags/example_branch_python_dop_operator_3.py
[2023-11-24T10:59:48.808+0800] {processor.py:829} INFO - Processing file /home/azfarmustafa/airflow_tutorial/.venv/lib/python3.10/site-packages/airflow/example_dags/example_branch_python_dop_operator_3.py for tasks to queue
[2023-11-24T10:59:48.809+0800] {logging_mixin.py:154} INFO - [2023-11-24T10:59:48.809+0800] {dagbag.py:536} INFO - Filling up the DagBag from /home/azfarmustafa/airflow_tutorial/.venv/lib/python3.10/site-packages/airflow/example_dags/example_branch_python_dop_operator_3.py
[2023-11-24T10:59:48.817+0800] {processor.py:839} INFO - DAG(s) dict_keys(['example_branch_dop_operator_v3']) retrieved from /home/azfarmustafa/airflow_tutorial/.venv/lib/python3.10/site-packages/airflow/example_dags/example_branch_python_dop_operator_3.py
[2023-11-24T10:59:48.830+0800] {logging_mixin.py:154} INFO - [2023-11-24T10:59:48.830+0800] {dag.py:2941} INFO - Sync 1 DAGs
[2023-11-24T10:59:48.851+0800] {logging_mixin.py:154} INFO - [2023-11-24T10:59:48.851+0800] {dag.py:3722} INFO - Setting next_dagrun for example_branch_dop_operator_v3 to 2023-11-24T02:58:00+00:00, run_after=2023-11-24T02:59:00+00:00
[2023-11-24T10:59:48.880+0800] {processor.py:179} INFO - Processing /home/azfarmustafa/airflow_tutorial/.venv/lib/python3.10/site-packages/airflow/example_dags/example_branch_python_dop_operator_3.py took 0.079 seconds
[2023-11-24T11:00:31.874+0800] {processor.py:157} INFO - Started process (PID=60870) to work on /home/azfarmustafa/airflow_tutorial/.venv/lib/python3.10/site-packages/airflow/example_dags/example_branch_python_dop_operator_3.py
[2023-11-24T11:00:31.878+0800] {processor.py:829} INFO - Processing file /home/azfarmustafa/airflow_tutorial/.venv/lib/python3.10/site-packages/airflow/example_dags/example_branch_python_dop_operator_3.py for tasks to queue
[2023-11-24T11:00:31.879+0800] {logging_mixin.py:154} INFO - [2023-11-24T11:00:31.879+0800] {dagbag.py:536} INFO - Filling up the DagBag from /home/azfarmustafa/airflow_tutorial/.venv/lib/python3.10/site-packages/airflow/example_dags/example_branch_python_dop_operator_3.py
[2023-11-24T11:00:31.886+0800] {processor.py:839} INFO - DAG(s) dict_keys(['example_branch_dop_operator_v3']) retrieved from /home/azfarmustafa/airflow_tutorial/.venv/lib/python3.10/site-packages/airflow/example_dags/example_branch_python_dop_operator_3.py
[2023-11-24T11:00:31.899+0800] {logging_mixin.py:154} INFO - [2023-11-24T11:00:31.899+0800] {dag.py:2941} INFO - Sync 1 DAGs
[2023-11-24T11:00:31.920+0800] {logging_mixin.py:154} INFO - [2023-11-24T11:00:31.920+0800] {dag.py:3722} INFO - Setting next_dagrun for example_branch_dop_operator_v3 to 2023-11-24T02:59:00+00:00, run_after=2023-11-24T03:00:00+00:00
[2023-11-24T11:00:31.944+0800] {processor.py:179} INFO - Processing /home/azfarmustafa/airflow_tutorial/.venv/lib/python3.10/site-packages/airflow/example_dags/example_branch_python_dop_operator_3.py took 0.072 seconds
[2023-11-24T11:01:18.164+0800] {processor.py:157} INFO - Started process (PID=60916) to work on /home/azfarmustafa/airflow_tutorial/.venv/lib/python3.10/site-packages/airflow/example_dags/example_branch_python_dop_operator_3.py
[2023-11-24T11:01:18.165+0800] {processor.py:829} INFO - Processing file /home/azfarmustafa/airflow_tutorial/.venv/lib/python3.10/site-packages/airflow/example_dags/example_branch_python_dop_operator_3.py for tasks to queue
[2023-11-24T11:01:18.167+0800] {logging_mixin.py:154} INFO - [2023-11-24T11:01:18.166+0800] {dagbag.py:536} INFO - Filling up the DagBag from /home/azfarmustafa/airflow_tutorial/.venv/lib/python3.10/site-packages/airflow/example_dags/example_branch_python_dop_operator_3.py
[2023-11-24T11:01:18.175+0800] {processor.py:839} INFO - DAG(s) dict_keys(['example_branch_dop_operator_v3']) retrieved from /home/azfarmustafa/airflow_tutorial/.venv/lib/python3.10/site-packages/airflow/example_dags/example_branch_python_dop_operator_3.py
[2023-11-24T11:01:18.190+0800] {logging_mixin.py:154} INFO - [2023-11-24T11:01:18.190+0800] {dag.py:2941} INFO - Sync 1 DAGs
[2023-11-24T11:01:18.216+0800] {logging_mixin.py:154} INFO - [2023-11-24T11:01:18.216+0800] {dag.py:3722} INFO - Setting next_dagrun for example_branch_dop_operator_v3 to 2023-11-24T03:00:00+00:00, run_after=2023-11-24T03:01:00+00:00
[2023-11-24T11:01:18.241+0800] {processor.py:179} INFO - Processing /home/azfarmustafa/airflow_tutorial/.venv/lib/python3.10/site-packages/airflow/example_dags/example_branch_python_dop_operator_3.py took 0.080 seconds
[2023-11-24T11:02:03.976+0800] {processor.py:157} INFO - Started process (PID=60963) to work on /home/azfarmustafa/airflow_tutorial/.venv/lib/python3.10/site-packages/airflow/example_dags/example_branch_python_dop_operator_3.py
[2023-11-24T11:02:03.981+0800] {processor.py:829} INFO - Processing file /home/azfarmustafa/airflow_tutorial/.venv/lib/python3.10/site-packages/airflow/example_dags/example_branch_python_dop_operator_3.py for tasks to queue
[2023-11-24T11:02:03.982+0800] {logging_mixin.py:154} INFO - [2023-11-24T11:02:03.981+0800] {dagbag.py:536} INFO - Filling up the DagBag from /home/azfarmustafa/airflow_tutorial/.venv/lib/python3.10/site-packages/airflow/example_dags/example_branch_python_dop_operator_3.py
[2023-11-24T11:02:03.993+0800] {processor.py:839} INFO - DAG(s) dict_keys(['example_branch_dop_operator_v3']) retrieved from /home/azfarmustafa/airflow_tutorial/.venv/lib/python3.10/site-packages/airflow/example_dags/example_branch_python_dop_operator_3.py
[2023-11-24T11:02:04.008+0800] {logging_mixin.py:154} INFO - [2023-11-24T11:02:04.008+0800] {dag.py:2941} INFO - Sync 1 DAGs
[2023-11-24T11:02:04.034+0800] {logging_mixin.py:154} INFO - [2023-11-24T11:02:04.034+0800] {dag.py:3722} INFO - Setting next_dagrun for example_branch_dop_operator_v3 to 2023-11-24T03:01:00+00:00, run_after=2023-11-24T03:02:00+00:00
[2023-11-24T11:02:04.063+0800] {processor.py:179} INFO - Processing /home/azfarmustafa/airflow_tutorial/.venv/lib/python3.10/site-packages/airflow/example_dags/example_branch_python_dop_operator_3.py took 0.090 seconds
[2023-11-24T11:02:48.854+0800] {processor.py:157} INFO - Started process (PID=61009) to work on /home/azfarmustafa/airflow_tutorial/.venv/lib/python3.10/site-packages/airflow/example_dags/example_branch_python_dop_operator_3.py
[2023-11-24T11:02:48.858+0800] {processor.py:829} INFO - Processing file /home/azfarmustafa/airflow_tutorial/.venv/lib/python3.10/site-packages/airflow/example_dags/example_branch_python_dop_operator_3.py for tasks to queue
[2023-11-24T11:02:48.859+0800] {logging_mixin.py:154} INFO - [2023-11-24T11:02:48.859+0800] {dagbag.py:536} INFO - Filling up the DagBag from /home/azfarmustafa/airflow_tutorial/.venv/lib/python3.10/site-packages/airflow/example_dags/example_branch_python_dop_operator_3.py
[2023-11-24T11:02:48.868+0800] {processor.py:839} INFO - DAG(s) dict_keys(['example_branch_dop_operator_v3']) retrieved from /home/azfarmustafa/airflow_tutorial/.venv/lib/python3.10/site-packages/airflow/example_dags/example_branch_python_dop_operator_3.py
[2023-11-24T11:02:48.885+0800] {logging_mixin.py:154} INFO - [2023-11-24T11:02:48.885+0800] {dag.py:2941} INFO - Sync 1 DAGs
[2023-11-24T11:02:48.915+0800] {logging_mixin.py:154} INFO - [2023-11-24T11:02:48.914+0800] {dag.py:3722} INFO - Setting next_dagrun for example_branch_dop_operator_v3 to 2023-11-24T03:01:00+00:00, run_after=2023-11-24T03:02:00+00:00
[2023-11-24T11:02:48.945+0800] {processor.py:179} INFO - Processing /home/azfarmustafa/airflow_tutorial/.venv/lib/python3.10/site-packages/airflow/example_dags/example_branch_python_dop_operator_3.py took 0.095 seconds
[2023-11-24T11:03:35.974+0800] {processor.py:157} INFO - Started process (PID=61060) to work on /home/azfarmustafa/airflow_tutorial/.venv/lib/python3.10/site-packages/airflow/example_dags/example_branch_python_dop_operator_3.py
[2023-11-24T11:03:35.977+0800] {processor.py:829} INFO - Processing file /home/azfarmustafa/airflow_tutorial/.venv/lib/python3.10/site-packages/airflow/example_dags/example_branch_python_dop_operator_3.py for tasks to queue
[2023-11-24T11:03:35.979+0800] {logging_mixin.py:154} INFO - [2023-11-24T11:03:35.978+0800] {dagbag.py:536} INFO - Filling up the DagBag from /home/azfarmustafa/airflow_tutorial/.venv/lib/python3.10/site-packages/airflow/example_dags/example_branch_python_dop_operator_3.py
[2023-11-24T11:03:35.991+0800] {processor.py:839} INFO - DAG(s) dict_keys(['example_branch_dop_operator_v3']) retrieved from /home/azfarmustafa/airflow_tutorial/.venv/lib/python3.10/site-packages/airflow/example_dags/example_branch_python_dop_operator_3.py
[2023-11-24T11:03:36.016+0800] {logging_mixin.py:154} INFO - [2023-11-24T11:03:36.016+0800] {dag.py:2941} INFO - Sync 1 DAGs
[2023-11-24T11:03:36.056+0800] {logging_mixin.py:154} INFO - [2023-11-24T11:03:36.056+0800] {dag.py:3722} INFO - Setting next_dagrun for example_branch_dop_operator_v3 to 2023-11-24T03:02:00+00:00, run_after=2023-11-24T03:03:00+00:00
[2023-11-24T11:03:36.089+0800] {processor.py:179} INFO - Processing /home/azfarmustafa/airflow_tutorial/.venv/lib/python3.10/site-packages/airflow/example_dags/example_branch_python_dop_operator_3.py took 0.119 seconds
[2023-11-24T11:04:28.163+0800] {processor.py:157} INFO - Started process (PID=61115) to work on /home/azfarmustafa/airflow_tutorial/.venv/lib/python3.10/site-packages/airflow/example_dags/example_branch_python_dop_operator_3.py
[2023-11-24T11:04:28.165+0800] {processor.py:829} INFO - Processing file /home/azfarmustafa/airflow_tutorial/.venv/lib/python3.10/site-packages/airflow/example_dags/example_branch_python_dop_operator_3.py for tasks to queue
[2023-11-24T11:04:28.166+0800] {logging_mixin.py:154} INFO - [2023-11-24T11:04:28.165+0800] {dagbag.py:536} INFO - Filling up the DagBag from /home/azfarmustafa/airflow_tutorial/.venv/lib/python3.10/site-packages/airflow/example_dags/example_branch_python_dop_operator_3.py
[2023-11-24T11:04:28.174+0800] {processor.py:839} INFO - DAG(s) dict_keys(['example_branch_dop_operator_v3']) retrieved from /home/azfarmustafa/airflow_tutorial/.venv/lib/python3.10/site-packages/airflow/example_dags/example_branch_python_dop_operator_3.py
[2023-11-24T11:04:28.189+0800] {logging_mixin.py:154} INFO - [2023-11-24T11:04:28.189+0800] {dag.py:2941} INFO - Sync 1 DAGs
[2023-11-24T11:04:28.210+0800] {logging_mixin.py:154} INFO - [2023-11-24T11:04:28.210+0800] {dag.py:3722} INFO - Setting next_dagrun for example_branch_dop_operator_v3 to 2023-11-24T03:03:00+00:00, run_after=2023-11-24T03:04:00+00:00
[2023-11-24T11:04:28.236+0800] {processor.py:179} INFO - Processing /home/azfarmustafa/airflow_tutorial/.venv/lib/python3.10/site-packages/airflow/example_dags/example_branch_python_dop_operator_3.py took 0.076 seconds
