[2023-11-24T10:25:41.722+0800] {processor.py:157} INFO - Started process (PID=58700) to work on /home/azfarmustafa/airflow_tutorial/.venv/lib/python3.10/site-packages/airflow/example_dags/example_time_delta_sensor_async.py
[2023-11-24T10:25:41.723+0800] {processor.py:829} INFO - Processing file /home/azfarmustafa/airflow_tutorial/.venv/lib/python3.10/site-packages/airflow/example_dags/example_time_delta_sensor_async.py for tasks to queue
[2023-11-24T10:25:41.724+0800] {logging_mixin.py:154} INFO - [2023-11-24T10:25:41.723+0800] {dagbag.py:536} INFO - Filling up the DagBag from /home/azfarmustafa/airflow_tutorial/.venv/lib/python3.10/site-packages/airflow/example_dags/example_time_delta_sensor_async.py
[2023-11-24T10:25:41.731+0800] {processor.py:839} INFO - DAG(s) dict_keys(['example_time_delta_sensor_async']) retrieved from /home/azfarmustafa/airflow_tutorial/.venv/lib/python3.10/site-packages/airflow/example_dags/example_time_delta_sensor_async.py
[2023-11-24T10:25:41.748+0800] {logging_mixin.py:154} INFO - [2023-11-24T10:25:41.748+0800] {dag.py:2941} INFO - Sync 1 DAGs
[2023-11-24T10:25:41.762+0800] {logging_mixin.py:154} INFO - [2023-11-24T10:25:41.762+0800] {dag.py:3722} INFO - Setting next_dagrun for example_time_delta_sensor_async to None, run_after=None
[2023-11-24T10:25:41.815+0800] {processor.py:179} INFO - Processing /home/azfarmustafa/airflow_tutorial/.venv/lib/python3.10/site-packages/airflow/example_dags/example_time_delta_sensor_async.py took 0.097 seconds
[2023-11-24T10:26:28.631+0800] {processor.py:157} INFO - Started process (PID=58748) to work on /home/azfarmustafa/airflow_tutorial/.venv/lib/python3.10/site-packages/airflow/example_dags/example_time_delta_sensor_async.py
[2023-11-24T10:26:28.636+0800] {processor.py:829} INFO - Processing file /home/azfarmustafa/airflow_tutorial/.venv/lib/python3.10/site-packages/airflow/example_dags/example_time_delta_sensor_async.py for tasks to queue
[2023-11-24T10:26:28.637+0800] {logging_mixin.py:154} INFO - [2023-11-24T10:26:28.637+0800] {dagbag.py:536} INFO - Filling up the DagBag from /home/azfarmustafa/airflow_tutorial/.venv/lib/python3.10/site-packages/airflow/example_dags/example_time_delta_sensor_async.py
[2023-11-24T10:26:28.643+0800] {processor.py:839} INFO - DAG(s) dict_keys(['example_time_delta_sensor_async']) retrieved from /home/azfarmustafa/airflow_tutorial/.venv/lib/python3.10/site-packages/airflow/example_dags/example_time_delta_sensor_async.py
[2023-11-24T10:26:28.661+0800] {logging_mixin.py:154} INFO - [2023-11-24T10:26:28.660+0800] {dag.py:2941} INFO - Sync 1 DAGs
[2023-11-24T10:26:28.673+0800] {logging_mixin.py:154} INFO - [2023-11-24T10:26:28.673+0800] {dag.py:3722} INFO - Setting next_dagrun for example_time_delta_sensor_async to None, run_after=None
[2023-11-24T10:26:28.702+0800] {processor.py:179} INFO - Processing /home/azfarmustafa/airflow_tutorial/.venv/lib/python3.10/site-packages/airflow/example_dags/example_time_delta_sensor_async.py took 0.073 seconds
[2023-11-24T10:27:14.184+0800] {processor.py:157} INFO - Started process (PID=58801) to work on /home/azfarmustafa/airflow_tutorial/.venv/lib/python3.10/site-packages/airflow/example_dags/example_time_delta_sensor_async.py
[2023-11-24T10:27:14.193+0800] {processor.py:829} INFO - Processing file /home/azfarmustafa/airflow_tutorial/.venv/lib/python3.10/site-packages/airflow/example_dags/example_time_delta_sensor_async.py for tasks to queue
[2023-11-24T10:27:14.194+0800] {logging_mixin.py:154} INFO - [2023-11-24T10:27:14.194+0800] {dagbag.py:536} INFO - Filling up the DagBag from /home/azfarmustafa/airflow_tutorial/.venv/lib/python3.10/site-packages/airflow/example_dags/example_time_delta_sensor_async.py
[2023-11-24T10:27:14.198+0800] {processor.py:839} INFO - DAG(s) dict_keys(['example_time_delta_sensor_async']) retrieved from /home/azfarmustafa/airflow_tutorial/.venv/lib/python3.10/site-packages/airflow/example_dags/example_time_delta_sensor_async.py
[2023-11-24T10:27:14.213+0800] {logging_mixin.py:154} INFO - [2023-11-24T10:27:14.213+0800] {dag.py:2941} INFO - Sync 1 DAGs
[2023-11-24T10:27:14.224+0800] {logging_mixin.py:154} INFO - [2023-11-24T10:27:14.224+0800] {dag.py:3722} INFO - Setting next_dagrun for example_time_delta_sensor_async to None, run_after=None
[2023-11-24T10:27:14.256+0800] {processor.py:179} INFO - Processing /home/azfarmustafa/airflow_tutorial/.venv/lib/python3.10/site-packages/airflow/example_dags/example_time_delta_sensor_async.py took 0.076 seconds
[2023-11-24T10:28:00.374+0800] {processor.py:157} INFO - Started process (PID=58848) to work on /home/azfarmustafa/airflow_tutorial/.venv/lib/python3.10/site-packages/airflow/example_dags/example_time_delta_sensor_async.py
[2023-11-24T10:28:00.379+0800] {processor.py:829} INFO - Processing file /home/azfarmustafa/airflow_tutorial/.venv/lib/python3.10/site-packages/airflow/example_dags/example_time_delta_sensor_async.py for tasks to queue
[2023-11-24T10:28:00.380+0800] {logging_mixin.py:154} INFO - [2023-11-24T10:28:00.379+0800] {dagbag.py:536} INFO - Filling up the DagBag from /home/azfarmustafa/airflow_tutorial/.venv/lib/python3.10/site-packages/airflow/example_dags/example_time_delta_sensor_async.py
[2023-11-24T10:28:00.384+0800] {processor.py:839} INFO - DAG(s) dict_keys(['example_time_delta_sensor_async']) retrieved from /home/azfarmustafa/airflow_tutorial/.venv/lib/python3.10/site-packages/airflow/example_dags/example_time_delta_sensor_async.py
[2023-11-24T10:28:00.398+0800] {logging_mixin.py:154} INFO - [2023-11-24T10:28:00.397+0800] {dag.py:2941} INFO - Sync 1 DAGs
[2023-11-24T10:28:00.407+0800] {logging_mixin.py:154} INFO - [2023-11-24T10:28:00.407+0800] {dag.py:3722} INFO - Setting next_dagrun for example_time_delta_sensor_async to None, run_after=None
[2023-11-24T10:28:00.430+0800] {processor.py:179} INFO - Processing /home/azfarmustafa/airflow_tutorial/.venv/lib/python3.10/site-packages/airflow/example_dags/example_time_delta_sensor_async.py took 0.058 seconds
[2023-11-24T10:28:49.655+0800] {processor.py:157} INFO - Started process (PID=58902) to work on /home/azfarmustafa/airflow_tutorial/.venv/lib/python3.10/site-packages/airflow/example_dags/example_time_delta_sensor_async.py
[2023-11-24T10:28:49.656+0800] {processor.py:829} INFO - Processing file /home/azfarmustafa/airflow_tutorial/.venv/lib/python3.10/site-packages/airflow/example_dags/example_time_delta_sensor_async.py for tasks to queue
[2023-11-24T10:28:49.657+0800] {logging_mixin.py:154} INFO - [2023-11-24T10:28:49.657+0800] {dagbag.py:536} INFO - Filling up the DagBag from /home/azfarmustafa/airflow_tutorial/.venv/lib/python3.10/site-packages/airflow/example_dags/example_time_delta_sensor_async.py
[2023-11-24T10:28:49.661+0800] {processor.py:839} INFO - DAG(s) dict_keys(['example_time_delta_sensor_async']) retrieved from /home/azfarmustafa/airflow_tutorial/.venv/lib/python3.10/site-packages/airflow/example_dags/example_time_delta_sensor_async.py
[2023-11-24T10:28:49.675+0800] {logging_mixin.py:154} INFO - [2023-11-24T10:28:49.675+0800] {dag.py:2941} INFO - Sync 1 DAGs
[2023-11-24T10:28:49.688+0800] {logging_mixin.py:154} INFO - [2023-11-24T10:28:49.687+0800] {dag.py:3722} INFO - Setting next_dagrun for example_time_delta_sensor_async to None, run_after=None
[2023-11-24T10:28:49.714+0800] {processor.py:179} INFO - Processing /home/azfarmustafa/airflow_tutorial/.venv/lib/python3.10/site-packages/airflow/example_dags/example_time_delta_sensor_async.py took 0.061 seconds
[2023-11-24T10:29:36.161+0800] {processor.py:157} INFO - Started process (PID=58950) to work on /home/azfarmustafa/airflow_tutorial/.venv/lib/python3.10/site-packages/airflow/example_dags/example_time_delta_sensor_async.py
[2023-11-24T10:29:36.165+0800] {processor.py:829} INFO - Processing file /home/azfarmustafa/airflow_tutorial/.venv/lib/python3.10/site-packages/airflow/example_dags/example_time_delta_sensor_async.py for tasks to queue
[2023-11-24T10:29:36.166+0800] {logging_mixin.py:154} INFO - [2023-11-24T10:29:36.166+0800] {dagbag.py:536} INFO - Filling up the DagBag from /home/azfarmustafa/airflow_tutorial/.venv/lib/python3.10/site-packages/airflow/example_dags/example_time_delta_sensor_async.py
[2023-11-24T10:29:36.170+0800] {processor.py:839} INFO - DAG(s) dict_keys(['example_time_delta_sensor_async']) retrieved from /home/azfarmustafa/airflow_tutorial/.venv/lib/python3.10/site-packages/airflow/example_dags/example_time_delta_sensor_async.py
[2023-11-24T10:29:36.183+0800] {logging_mixin.py:154} INFO - [2023-11-24T10:29:36.183+0800] {dag.py:2941} INFO - Sync 1 DAGs
[2023-11-24T10:29:36.193+0800] {logging_mixin.py:154} INFO - [2023-11-24T10:29:36.193+0800] {dag.py:3722} INFO - Setting next_dagrun for example_time_delta_sensor_async to None, run_after=None
[2023-11-24T10:29:36.219+0800] {processor.py:179} INFO - Processing /home/azfarmustafa/airflow_tutorial/.venv/lib/python3.10/site-packages/airflow/example_dags/example_time_delta_sensor_async.py took 0.060 seconds
[2023-11-24T10:30:23.896+0800] {processor.py:157} INFO - Started process (PID=58999) to work on /home/azfarmustafa/airflow_tutorial/.venv/lib/python3.10/site-packages/airflow/example_dags/example_time_delta_sensor_async.py
[2023-11-24T10:30:23.897+0800] {processor.py:829} INFO - Processing file /home/azfarmustafa/airflow_tutorial/.venv/lib/python3.10/site-packages/airflow/example_dags/example_time_delta_sensor_async.py for tasks to queue
[2023-11-24T10:30:23.898+0800] {logging_mixin.py:154} INFO - [2023-11-24T10:30:23.898+0800] {dagbag.py:536} INFO - Filling up the DagBag from /home/azfarmustafa/airflow_tutorial/.venv/lib/python3.10/site-packages/airflow/example_dags/example_time_delta_sensor_async.py
[2023-11-24T10:30:23.902+0800] {processor.py:839} INFO - DAG(s) dict_keys(['example_time_delta_sensor_async']) retrieved from /home/azfarmustafa/airflow_tutorial/.venv/lib/python3.10/site-packages/airflow/example_dags/example_time_delta_sensor_async.py
[2023-11-24T10:30:23.916+0800] {logging_mixin.py:154} INFO - [2023-11-24T10:30:23.916+0800] {dag.py:2941} INFO - Sync 1 DAGs
[2023-11-24T10:30:23.928+0800] {logging_mixin.py:154} INFO - [2023-11-24T10:30:23.928+0800] {dag.py:3722} INFO - Setting next_dagrun for example_time_delta_sensor_async to None, run_after=None
[2023-11-24T10:30:23.954+0800] {processor.py:179} INFO - Processing /home/azfarmustafa/airflow_tutorial/.venv/lib/python3.10/site-packages/airflow/example_dags/example_time_delta_sensor_async.py took 0.060 seconds
[2023-11-24T10:31:11.602+0800] {processor.py:157} INFO - Started process (PID=59047) to work on /home/azfarmustafa/airflow_tutorial/.venv/lib/python3.10/site-packages/airflow/example_dags/example_time_delta_sensor_async.py
[2023-11-24T10:31:11.606+0800] {processor.py:829} INFO - Processing file /home/azfarmustafa/airflow_tutorial/.venv/lib/python3.10/site-packages/airflow/example_dags/example_time_delta_sensor_async.py for tasks to queue
[2023-11-24T10:31:11.607+0800] {logging_mixin.py:154} INFO - [2023-11-24T10:31:11.607+0800] {dagbag.py:536} INFO - Filling up the DagBag from /home/azfarmustafa/airflow_tutorial/.venv/lib/python3.10/site-packages/airflow/example_dags/example_time_delta_sensor_async.py
[2023-11-24T10:31:11.612+0800] {processor.py:839} INFO - DAG(s) dict_keys(['example_time_delta_sensor_async']) retrieved from /home/azfarmustafa/airflow_tutorial/.venv/lib/python3.10/site-packages/airflow/example_dags/example_time_delta_sensor_async.py
[2023-11-24T10:31:11.625+0800] {logging_mixin.py:154} INFO - [2023-11-24T10:31:11.625+0800] {dag.py:2941} INFO - Sync 1 DAGs
[2023-11-24T10:31:11.638+0800] {logging_mixin.py:154} INFO - [2023-11-24T10:31:11.637+0800] {dag.py:3722} INFO - Setting next_dagrun for example_time_delta_sensor_async to None, run_after=None
[2023-11-24T10:31:11.667+0800] {processor.py:179} INFO - Processing /home/azfarmustafa/airflow_tutorial/.venv/lib/python3.10/site-packages/airflow/example_dags/example_time_delta_sensor_async.py took 0.068 seconds
[2023-11-24T10:31:55.738+0800] {processor.py:157} INFO - Started process (PID=59093) to work on /home/azfarmustafa/airflow_tutorial/.venv/lib/python3.10/site-packages/airflow/example_dags/example_time_delta_sensor_async.py
[2023-11-24T10:31:55.740+0800] {processor.py:829} INFO - Processing file /home/azfarmustafa/airflow_tutorial/.venv/lib/python3.10/site-packages/airflow/example_dags/example_time_delta_sensor_async.py for tasks to queue
[2023-11-24T10:31:55.741+0800] {logging_mixin.py:154} INFO - [2023-11-24T10:31:55.740+0800] {dagbag.py:536} INFO - Filling up the DagBag from /home/azfarmustafa/airflow_tutorial/.venv/lib/python3.10/site-packages/airflow/example_dags/example_time_delta_sensor_async.py
[2023-11-24T10:31:55.745+0800] {processor.py:839} INFO - DAG(s) dict_keys(['example_time_delta_sensor_async']) retrieved from /home/azfarmustafa/airflow_tutorial/.venv/lib/python3.10/site-packages/airflow/example_dags/example_time_delta_sensor_async.py
[2023-11-24T10:31:55.761+0800] {logging_mixin.py:154} INFO - [2023-11-24T10:31:55.761+0800] {dag.py:2941} INFO - Sync 1 DAGs
[2023-11-24T10:31:55.776+0800] {logging_mixin.py:154} INFO - [2023-11-24T10:31:55.775+0800] {dag.py:3722} INFO - Setting next_dagrun for example_time_delta_sensor_async to None, run_after=None
[2023-11-24T10:31:55.800+0800] {processor.py:179} INFO - Processing /home/azfarmustafa/airflow_tutorial/.venv/lib/python3.10/site-packages/airflow/example_dags/example_time_delta_sensor_async.py took 0.065 seconds
[2023-11-24T10:32:46.150+0800] {processor.py:157} INFO - Started process (PID=59143) to work on /home/azfarmustafa/airflow_tutorial/.venv/lib/python3.10/site-packages/airflow/example_dags/example_time_delta_sensor_async.py
[2023-11-24T10:32:46.152+0800] {processor.py:829} INFO - Processing file /home/azfarmustafa/airflow_tutorial/.venv/lib/python3.10/site-packages/airflow/example_dags/example_time_delta_sensor_async.py for tasks to queue
[2023-11-24T10:32:46.153+0800] {logging_mixin.py:154} INFO - [2023-11-24T10:32:46.153+0800] {dagbag.py:536} INFO - Filling up the DagBag from /home/azfarmustafa/airflow_tutorial/.venv/lib/python3.10/site-packages/airflow/example_dags/example_time_delta_sensor_async.py
[2023-11-24T10:32:46.157+0800] {processor.py:839} INFO - DAG(s) dict_keys(['example_time_delta_sensor_async']) retrieved from /home/azfarmustafa/airflow_tutorial/.venv/lib/python3.10/site-packages/airflow/example_dags/example_time_delta_sensor_async.py
[2023-11-24T10:32:46.172+0800] {logging_mixin.py:154} INFO - [2023-11-24T10:32:46.171+0800] {dag.py:2941} INFO - Sync 1 DAGs
[2023-11-24T10:32:46.181+0800] {logging_mixin.py:154} INFO - [2023-11-24T10:32:46.181+0800] {dag.py:3722} INFO - Setting next_dagrun for example_time_delta_sensor_async to None, run_after=None
[2023-11-24T10:32:46.213+0800] {processor.py:179} INFO - Processing /home/azfarmustafa/airflow_tutorial/.venv/lib/python3.10/site-packages/airflow/example_dags/example_time_delta_sensor_async.py took 0.065 seconds
[2023-11-24T10:33:37.871+0800] {processor.py:157} INFO - Started process (PID=59193) to work on /home/azfarmustafa/airflow_tutorial/.venv/lib/python3.10/site-packages/airflow/example_dags/example_time_delta_sensor_async.py
[2023-11-24T10:33:37.878+0800] {processor.py:829} INFO - Processing file /home/azfarmustafa/airflow_tutorial/.venv/lib/python3.10/site-packages/airflow/example_dags/example_time_delta_sensor_async.py for tasks to queue
[2023-11-24T10:33:37.879+0800] {logging_mixin.py:154} INFO - [2023-11-24T10:33:37.879+0800] {dagbag.py:536} INFO - Filling up the DagBag from /home/azfarmustafa/airflow_tutorial/.venv/lib/python3.10/site-packages/airflow/example_dags/example_time_delta_sensor_async.py
[2023-11-24T10:33:37.883+0800] {processor.py:839} INFO - DAG(s) dict_keys(['example_time_delta_sensor_async']) retrieved from /home/azfarmustafa/airflow_tutorial/.venv/lib/python3.10/site-packages/airflow/example_dags/example_time_delta_sensor_async.py
[2023-11-24T10:33:37.897+0800] {logging_mixin.py:154} INFO - [2023-11-24T10:33:37.897+0800] {dag.py:2941} INFO - Sync 1 DAGs
[2023-11-24T10:33:37.910+0800] {logging_mixin.py:154} INFO - [2023-11-24T10:33:37.909+0800] {dag.py:3722} INFO - Setting next_dagrun for example_time_delta_sensor_async to None, run_after=None
[2023-11-24T10:33:37.936+0800] {processor.py:179} INFO - Processing /home/azfarmustafa/airflow_tutorial/.venv/lib/python3.10/site-packages/airflow/example_dags/example_time_delta_sensor_async.py took 0.081 seconds
[2023-11-24T10:34:28.077+0800] {processor.py:157} INFO - Started process (PID=59244) to work on /home/azfarmustafa/airflow_tutorial/.venv/lib/python3.10/site-packages/airflow/example_dags/example_time_delta_sensor_async.py
[2023-11-24T10:34:28.079+0800] {processor.py:829} INFO - Processing file /home/azfarmustafa/airflow_tutorial/.venv/lib/python3.10/site-packages/airflow/example_dags/example_time_delta_sensor_async.py for tasks to queue
[2023-11-24T10:34:28.079+0800] {logging_mixin.py:154} INFO - [2023-11-24T10:34:28.079+0800] {dagbag.py:536} INFO - Filling up the DagBag from /home/azfarmustafa/airflow_tutorial/.venv/lib/python3.10/site-packages/airflow/example_dags/example_time_delta_sensor_async.py
[2023-11-24T10:34:28.086+0800] {processor.py:839} INFO - DAG(s) dict_keys(['example_time_delta_sensor_async']) retrieved from /home/azfarmustafa/airflow_tutorial/.venv/lib/python3.10/site-packages/airflow/example_dags/example_time_delta_sensor_async.py
[2023-11-24T10:34:28.107+0800] {logging_mixin.py:154} INFO - [2023-11-24T10:34:28.107+0800] {dag.py:2941} INFO - Sync 1 DAGs
[2023-11-24T10:34:28.120+0800] {logging_mixin.py:154} INFO - [2023-11-24T10:34:28.119+0800] {dag.py:3722} INFO - Setting next_dagrun for example_time_delta_sensor_async to None, run_after=None
[2023-11-24T10:34:28.148+0800] {processor.py:179} INFO - Processing /home/azfarmustafa/airflow_tutorial/.venv/lib/python3.10/site-packages/airflow/example_dags/example_time_delta_sensor_async.py took 0.076 seconds
[2023-11-24T10:35:12.767+0800] {processor.py:157} INFO - Started process (PID=59295) to work on /home/azfarmustafa/airflow_tutorial/.venv/lib/python3.10/site-packages/airflow/example_dags/example_time_delta_sensor_async.py
[2023-11-24T10:35:12.771+0800] {processor.py:829} INFO - Processing file /home/azfarmustafa/airflow_tutorial/.venv/lib/python3.10/site-packages/airflow/example_dags/example_time_delta_sensor_async.py for tasks to queue
[2023-11-24T10:35:12.772+0800] {logging_mixin.py:154} INFO - [2023-11-24T10:35:12.772+0800] {dagbag.py:536} INFO - Filling up the DagBag from /home/azfarmustafa/airflow_tutorial/.venv/lib/python3.10/site-packages/airflow/example_dags/example_time_delta_sensor_async.py
[2023-11-24T10:35:12.777+0800] {processor.py:839} INFO - DAG(s) dict_keys(['example_time_delta_sensor_async']) retrieved from /home/azfarmustafa/airflow_tutorial/.venv/lib/python3.10/site-packages/airflow/example_dags/example_time_delta_sensor_async.py
[2023-11-24T10:35:12.790+0800] {logging_mixin.py:154} INFO - [2023-11-24T10:35:12.790+0800] {dag.py:2941} INFO - Sync 1 DAGs
[2023-11-24T10:35:12.801+0800] {logging_mixin.py:154} INFO - [2023-11-24T10:35:12.800+0800] {dag.py:3722} INFO - Setting next_dagrun for example_time_delta_sensor_async to None, run_after=None
[2023-11-24T10:35:12.823+0800] {processor.py:179} INFO - Processing /home/azfarmustafa/airflow_tutorial/.venv/lib/python3.10/site-packages/airflow/example_dags/example_time_delta_sensor_async.py took 0.059 seconds
[2023-11-24T10:35:56.165+0800] {processor.py:157} INFO - Started process (PID=59341) to work on /home/azfarmustafa/airflow_tutorial/.venv/lib/python3.10/site-packages/airflow/example_dags/example_time_delta_sensor_async.py
[2023-11-24T10:35:56.170+0800] {processor.py:829} INFO - Processing file /home/azfarmustafa/airflow_tutorial/.venv/lib/python3.10/site-packages/airflow/example_dags/example_time_delta_sensor_async.py for tasks to queue
[2023-11-24T10:35:56.172+0800] {logging_mixin.py:154} INFO - [2023-11-24T10:35:56.171+0800] {dagbag.py:536} INFO - Filling up the DagBag from /home/azfarmustafa/airflow_tutorial/.venv/lib/python3.10/site-packages/airflow/example_dags/example_time_delta_sensor_async.py
[2023-11-24T10:35:56.180+0800] {processor.py:839} INFO - DAG(s) dict_keys(['example_time_delta_sensor_async']) retrieved from /home/azfarmustafa/airflow_tutorial/.venv/lib/python3.10/site-packages/airflow/example_dags/example_time_delta_sensor_async.py
[2023-11-24T10:35:56.198+0800] {logging_mixin.py:154} INFO - [2023-11-24T10:35:56.198+0800] {dag.py:2941} INFO - Sync 1 DAGs
[2023-11-24T10:35:56.210+0800] {logging_mixin.py:154} INFO - [2023-11-24T10:35:56.210+0800] {dag.py:3722} INFO - Setting next_dagrun for example_time_delta_sensor_async to None, run_after=None
[2023-11-24T10:35:56.238+0800] {processor.py:179} INFO - Processing /home/azfarmustafa/airflow_tutorial/.venv/lib/python3.10/site-packages/airflow/example_dags/example_time_delta_sensor_async.py took 0.077 seconds
[2023-11-24T10:36:36.246+0800] {processor.py:157} INFO - Started process (PID=59384) to work on /home/azfarmustafa/airflow_tutorial/.venv/lib/python3.10/site-packages/airflow/example_dags/example_time_delta_sensor_async.py
[2023-11-24T10:36:36.250+0800] {processor.py:829} INFO - Processing file /home/azfarmustafa/airflow_tutorial/.venv/lib/python3.10/site-packages/airflow/example_dags/example_time_delta_sensor_async.py for tasks to queue
[2023-11-24T10:36:36.251+0800] {logging_mixin.py:154} INFO - [2023-11-24T10:36:36.250+0800] {dagbag.py:536} INFO - Filling up the DagBag from /home/azfarmustafa/airflow_tutorial/.venv/lib/python3.10/site-packages/airflow/example_dags/example_time_delta_sensor_async.py
[2023-11-24T10:36:36.255+0800] {processor.py:839} INFO - DAG(s) dict_keys(['example_time_delta_sensor_async']) retrieved from /home/azfarmustafa/airflow_tutorial/.venv/lib/python3.10/site-packages/airflow/example_dags/example_time_delta_sensor_async.py
[2023-11-24T10:36:36.268+0800] {logging_mixin.py:154} INFO - [2023-11-24T10:36:36.268+0800] {dag.py:2941} INFO - Sync 1 DAGs
[2023-11-24T10:36:36.278+0800] {logging_mixin.py:154} INFO - [2023-11-24T10:36:36.278+0800] {dag.py:3722} INFO - Setting next_dagrun for example_time_delta_sensor_async to None, run_after=None
[2023-11-24T10:36:36.301+0800] {processor.py:179} INFO - Processing /home/azfarmustafa/airflow_tutorial/.venv/lib/python3.10/site-packages/airflow/example_dags/example_time_delta_sensor_async.py took 0.057 seconds
[2023-11-24T10:37:23.847+0800] {processor.py:157} INFO - Started process (PID=59432) to work on /home/azfarmustafa/airflow_tutorial/.venv/lib/python3.10/site-packages/airflow/example_dags/example_time_delta_sensor_async.py
[2023-11-24T10:37:23.848+0800] {processor.py:829} INFO - Processing file /home/azfarmustafa/airflow_tutorial/.venv/lib/python3.10/site-packages/airflow/example_dags/example_time_delta_sensor_async.py for tasks to queue
[2023-11-24T10:37:23.849+0800] {logging_mixin.py:154} INFO - [2023-11-24T10:37:23.849+0800] {dagbag.py:536} INFO - Filling up the DagBag from /home/azfarmustafa/airflow_tutorial/.venv/lib/python3.10/site-packages/airflow/example_dags/example_time_delta_sensor_async.py
[2023-11-24T10:37:23.853+0800] {processor.py:839} INFO - DAG(s) dict_keys(['example_time_delta_sensor_async']) retrieved from /home/azfarmustafa/airflow_tutorial/.venv/lib/python3.10/site-packages/airflow/example_dags/example_time_delta_sensor_async.py
[2023-11-24T10:37:23.867+0800] {logging_mixin.py:154} INFO - [2023-11-24T10:37:23.867+0800] {dag.py:2941} INFO - Sync 1 DAGs
[2023-11-24T10:37:23.878+0800] {logging_mixin.py:154} INFO - [2023-11-24T10:37:23.878+0800] {dag.py:3722} INFO - Setting next_dagrun for example_time_delta_sensor_async to None, run_after=None
[2023-11-24T10:37:23.906+0800] {processor.py:179} INFO - Processing /home/azfarmustafa/airflow_tutorial/.venv/lib/python3.10/site-packages/airflow/example_dags/example_time_delta_sensor_async.py took 0.062 seconds
[2023-11-24T10:38:09.550+0800] {processor.py:157} INFO - Started process (PID=59479) to work on /home/azfarmustafa/airflow_tutorial/.venv/lib/python3.10/site-packages/airflow/example_dags/example_time_delta_sensor_async.py
[2023-11-24T10:38:09.555+0800] {processor.py:829} INFO - Processing file /home/azfarmustafa/airflow_tutorial/.venv/lib/python3.10/site-packages/airflow/example_dags/example_time_delta_sensor_async.py for tasks to queue
[2023-11-24T10:38:09.556+0800] {logging_mixin.py:154} INFO - [2023-11-24T10:38:09.556+0800] {dagbag.py:536} INFO - Filling up the DagBag from /home/azfarmustafa/airflow_tutorial/.venv/lib/python3.10/site-packages/airflow/example_dags/example_time_delta_sensor_async.py
[2023-11-24T10:38:09.565+0800] {processor.py:839} INFO - DAG(s) dict_keys(['example_time_delta_sensor_async']) retrieved from /home/azfarmustafa/airflow_tutorial/.venv/lib/python3.10/site-packages/airflow/example_dags/example_time_delta_sensor_async.py
[2023-11-24T10:38:09.587+0800] {logging_mixin.py:154} INFO - [2023-11-24T10:38:09.587+0800] {dag.py:2941} INFO - Sync 1 DAGs
[2023-11-24T10:38:09.600+0800] {logging_mixin.py:154} INFO - [2023-11-24T10:38:09.599+0800] {dag.py:3722} INFO - Setting next_dagrun for example_time_delta_sensor_async to None, run_after=None
[2023-11-24T10:38:09.627+0800] {processor.py:179} INFO - Processing /home/azfarmustafa/airflow_tutorial/.venv/lib/python3.10/site-packages/airflow/example_dags/example_time_delta_sensor_async.py took 0.080 seconds
[2023-11-24T10:38:58.441+0800] {processor.py:157} INFO - Started process (PID=59528) to work on /home/azfarmustafa/airflow_tutorial/.venv/lib/python3.10/site-packages/airflow/example_dags/example_time_delta_sensor_async.py
[2023-11-24T10:38:58.445+0800] {processor.py:829} INFO - Processing file /home/azfarmustafa/airflow_tutorial/.venv/lib/python3.10/site-packages/airflow/example_dags/example_time_delta_sensor_async.py for tasks to queue
[2023-11-24T10:38:58.446+0800] {logging_mixin.py:154} INFO - [2023-11-24T10:38:58.446+0800] {dagbag.py:536} INFO - Filling up the DagBag from /home/azfarmustafa/airflow_tutorial/.venv/lib/python3.10/site-packages/airflow/example_dags/example_time_delta_sensor_async.py
[2023-11-24T10:38:58.450+0800] {processor.py:839} INFO - DAG(s) dict_keys(['example_time_delta_sensor_async']) retrieved from /home/azfarmustafa/airflow_tutorial/.venv/lib/python3.10/site-packages/airflow/example_dags/example_time_delta_sensor_async.py
[2023-11-24T10:38:58.463+0800] {logging_mixin.py:154} INFO - [2023-11-24T10:38:58.463+0800] {dag.py:2941} INFO - Sync 1 DAGs
[2023-11-24T10:38:58.473+0800] {logging_mixin.py:154} INFO - [2023-11-24T10:38:58.473+0800] {dag.py:3722} INFO - Setting next_dagrun for example_time_delta_sensor_async to None, run_after=None
[2023-11-24T10:38:58.522+0800] {processor.py:179} INFO - Processing /home/azfarmustafa/airflow_tutorial/.venv/lib/python3.10/site-packages/airflow/example_dags/example_time_delta_sensor_async.py took 0.084 seconds
[2023-11-24T10:39:49.916+0800] {processor.py:157} INFO - Started process (PID=59578) to work on /home/azfarmustafa/airflow_tutorial/.venv/lib/python3.10/site-packages/airflow/example_dags/example_time_delta_sensor_async.py
[2023-11-24T10:39:49.917+0800] {processor.py:829} INFO - Processing file /home/azfarmustafa/airflow_tutorial/.venv/lib/python3.10/site-packages/airflow/example_dags/example_time_delta_sensor_async.py for tasks to queue
[2023-11-24T10:39:49.918+0800] {logging_mixin.py:154} INFO - [2023-11-24T10:39:49.917+0800] {dagbag.py:536} INFO - Filling up the DagBag from /home/azfarmustafa/airflow_tutorial/.venv/lib/python3.10/site-packages/airflow/example_dags/example_time_delta_sensor_async.py
[2023-11-24T10:39:49.921+0800] {processor.py:839} INFO - DAG(s) dict_keys(['example_time_delta_sensor_async']) retrieved from /home/azfarmustafa/airflow_tutorial/.venv/lib/python3.10/site-packages/airflow/example_dags/example_time_delta_sensor_async.py
[2023-11-24T10:39:49.936+0800] {logging_mixin.py:154} INFO - [2023-11-24T10:39:49.936+0800] {dag.py:2941} INFO - Sync 1 DAGs
[2023-11-24T10:39:49.946+0800] {logging_mixin.py:154} INFO - [2023-11-24T10:39:49.946+0800] {dag.py:3722} INFO - Setting next_dagrun for example_time_delta_sensor_async to None, run_after=None
[2023-11-24T10:39:49.996+0800] {processor.py:179} INFO - Processing /home/azfarmustafa/airflow_tutorial/.venv/lib/python3.10/site-packages/airflow/example_dags/example_time_delta_sensor_async.py took 0.083 seconds
[2023-11-24T10:40:35.106+0800] {processor.py:157} INFO - Started process (PID=59625) to work on /home/azfarmustafa/airflow_tutorial/.venv/lib/python3.10/site-packages/airflow/example_dags/example_time_delta_sensor_async.py
[2023-11-24T10:40:35.110+0800] {processor.py:829} INFO - Processing file /home/azfarmustafa/airflow_tutorial/.venv/lib/python3.10/site-packages/airflow/example_dags/example_time_delta_sensor_async.py for tasks to queue
[2023-11-24T10:40:35.111+0800] {logging_mixin.py:154} INFO - [2023-11-24T10:40:35.110+0800] {dagbag.py:536} INFO - Filling up the DagBag from /home/azfarmustafa/airflow_tutorial/.venv/lib/python3.10/site-packages/airflow/example_dags/example_time_delta_sensor_async.py
[2023-11-24T10:40:35.115+0800] {processor.py:839} INFO - DAG(s) dict_keys(['example_time_delta_sensor_async']) retrieved from /home/azfarmustafa/airflow_tutorial/.venv/lib/python3.10/site-packages/airflow/example_dags/example_time_delta_sensor_async.py
[2023-11-24T10:40:35.131+0800] {logging_mixin.py:154} INFO - [2023-11-24T10:40:35.131+0800] {dag.py:2941} INFO - Sync 1 DAGs
[2023-11-24T10:40:35.141+0800] {logging_mixin.py:154} INFO - [2023-11-24T10:40:35.140+0800] {dag.py:3722} INFO - Setting next_dagrun for example_time_delta_sensor_async to None, run_after=None
[2023-11-24T10:40:35.165+0800] {processor.py:179} INFO - Processing /home/azfarmustafa/airflow_tutorial/.venv/lib/python3.10/site-packages/airflow/example_dags/example_time_delta_sensor_async.py took 0.063 seconds
[2023-11-24T10:41:21.101+0800] {processor.py:157} INFO - Started process (PID=59677) to work on /home/azfarmustafa/airflow_tutorial/.venv/lib/python3.10/site-packages/airflow/example_dags/example_time_delta_sensor_async.py
[2023-11-24T10:41:21.102+0800] {processor.py:829} INFO - Processing file /home/azfarmustafa/airflow_tutorial/.venv/lib/python3.10/site-packages/airflow/example_dags/example_time_delta_sensor_async.py for tasks to queue
[2023-11-24T10:41:21.103+0800] {logging_mixin.py:154} INFO - [2023-11-24T10:41:21.103+0800] {dagbag.py:536} INFO - Filling up the DagBag from /home/azfarmustafa/airflow_tutorial/.venv/lib/python3.10/site-packages/airflow/example_dags/example_time_delta_sensor_async.py
[2023-11-24T10:41:21.108+0800] {processor.py:839} INFO - DAG(s) dict_keys(['example_time_delta_sensor_async']) retrieved from /home/azfarmustafa/airflow_tutorial/.venv/lib/python3.10/site-packages/airflow/example_dags/example_time_delta_sensor_async.py
[2023-11-24T10:41:21.123+0800] {logging_mixin.py:154} INFO - [2023-11-24T10:41:21.123+0800] {dag.py:2941} INFO - Sync 1 DAGs
[2023-11-24T10:41:21.135+0800] {logging_mixin.py:154} INFO - [2023-11-24T10:41:21.134+0800] {dag.py:3722} INFO - Setting next_dagrun for example_time_delta_sensor_async to None, run_after=None
[2023-11-24T10:41:21.158+0800] {processor.py:179} INFO - Processing /home/azfarmustafa/airflow_tutorial/.venv/lib/python3.10/site-packages/airflow/example_dags/example_time_delta_sensor_async.py took 0.060 seconds
[2023-11-24T10:42:09.483+0800] {processor.py:157} INFO - Started process (PID=59726) to work on /home/azfarmustafa/airflow_tutorial/.venv/lib/python3.10/site-packages/airflow/example_dags/example_time_delta_sensor_async.py
[2023-11-24T10:42:09.488+0800] {processor.py:829} INFO - Processing file /home/azfarmustafa/airflow_tutorial/.venv/lib/python3.10/site-packages/airflow/example_dags/example_time_delta_sensor_async.py for tasks to queue
[2023-11-24T10:42:09.489+0800] {logging_mixin.py:154} INFO - [2023-11-24T10:42:09.489+0800] {dagbag.py:536} INFO - Filling up the DagBag from /home/azfarmustafa/airflow_tutorial/.venv/lib/python3.10/site-packages/airflow/example_dags/example_time_delta_sensor_async.py
[2023-11-24T10:42:09.494+0800] {processor.py:839} INFO - DAG(s) dict_keys(['example_time_delta_sensor_async']) retrieved from /home/azfarmustafa/airflow_tutorial/.venv/lib/python3.10/site-packages/airflow/example_dags/example_time_delta_sensor_async.py
[2023-11-24T10:42:09.508+0800] {logging_mixin.py:154} INFO - [2023-11-24T10:42:09.508+0800] {dag.py:2941} INFO - Sync 1 DAGs
[2023-11-24T10:42:09.518+0800] {logging_mixin.py:154} INFO - [2023-11-24T10:42:09.518+0800] {dag.py:3722} INFO - Setting next_dagrun for example_time_delta_sensor_async to None, run_after=None
[2023-11-24T10:42:09.546+0800] {processor.py:179} INFO - Processing /home/azfarmustafa/airflow_tutorial/.venv/lib/python3.10/site-packages/airflow/example_dags/example_time_delta_sensor_async.py took 0.067 seconds
[2023-11-24T10:42:55.741+0800] {processor.py:157} INFO - Started process (PID=59773) to work on /home/azfarmustafa/airflow_tutorial/.venv/lib/python3.10/site-packages/airflow/example_dags/example_time_delta_sensor_async.py
[2023-11-24T10:42:55.742+0800] {processor.py:829} INFO - Processing file /home/azfarmustafa/airflow_tutorial/.venv/lib/python3.10/site-packages/airflow/example_dags/example_time_delta_sensor_async.py for tasks to queue
[2023-11-24T10:42:55.743+0800] {logging_mixin.py:154} INFO - [2023-11-24T10:42:55.742+0800] {dagbag.py:536} INFO - Filling up the DagBag from /home/azfarmustafa/airflow_tutorial/.venv/lib/python3.10/site-packages/airflow/example_dags/example_time_delta_sensor_async.py
[2023-11-24T10:42:55.749+0800] {processor.py:839} INFO - DAG(s) dict_keys(['example_time_delta_sensor_async']) retrieved from /home/azfarmustafa/airflow_tutorial/.venv/lib/python3.10/site-packages/airflow/example_dags/example_time_delta_sensor_async.py
[2023-11-24T10:42:55.762+0800] {logging_mixin.py:154} INFO - [2023-11-24T10:42:55.762+0800] {dag.py:2941} INFO - Sync 1 DAGs
[2023-11-24T10:42:55.772+0800] {logging_mixin.py:154} INFO - [2023-11-24T10:42:55.772+0800] {dag.py:3722} INFO - Setting next_dagrun for example_time_delta_sensor_async to None, run_after=None
[2023-11-24T10:42:55.797+0800] {processor.py:179} INFO - Processing /home/azfarmustafa/airflow_tutorial/.venv/lib/python3.10/site-packages/airflow/example_dags/example_time_delta_sensor_async.py took 0.059 seconds
[2023-11-24T10:43:43.057+0800] {processor.py:157} INFO - Started process (PID=59821) to work on /home/azfarmustafa/airflow_tutorial/.venv/lib/python3.10/site-packages/airflow/example_dags/example_time_delta_sensor_async.py
[2023-11-24T10:43:43.061+0800] {processor.py:829} INFO - Processing file /home/azfarmustafa/airflow_tutorial/.venv/lib/python3.10/site-packages/airflow/example_dags/example_time_delta_sensor_async.py for tasks to queue
[2023-11-24T10:43:43.062+0800] {logging_mixin.py:154} INFO - [2023-11-24T10:43:43.061+0800] {dagbag.py:536} INFO - Filling up the DagBag from /home/azfarmustafa/airflow_tutorial/.venv/lib/python3.10/site-packages/airflow/example_dags/example_time_delta_sensor_async.py
[2023-11-24T10:43:43.067+0800] {processor.py:839} INFO - DAG(s) dict_keys(['example_time_delta_sensor_async']) retrieved from /home/azfarmustafa/airflow_tutorial/.venv/lib/python3.10/site-packages/airflow/example_dags/example_time_delta_sensor_async.py
[2023-11-24T10:43:43.080+0800] {logging_mixin.py:154} INFO - [2023-11-24T10:43:43.080+0800] {dag.py:2941} INFO - Sync 1 DAGs
[2023-11-24T10:43:43.090+0800] {logging_mixin.py:154} INFO - [2023-11-24T10:43:43.090+0800] {dag.py:3722} INFO - Setting next_dagrun for example_time_delta_sensor_async to None, run_after=None
[2023-11-24T10:43:43.116+0800] {processor.py:179} INFO - Processing /home/azfarmustafa/airflow_tutorial/.venv/lib/python3.10/site-packages/airflow/example_dags/example_time_delta_sensor_async.py took 0.062 seconds
[2023-11-24T10:44:32.987+0800] {processor.py:157} INFO - Started process (PID=59871) to work on /home/azfarmustafa/airflow_tutorial/.venv/lib/python3.10/site-packages/airflow/example_dags/example_time_delta_sensor_async.py
[2023-11-24T10:44:32.992+0800] {processor.py:829} INFO - Processing file /home/azfarmustafa/airflow_tutorial/.venv/lib/python3.10/site-packages/airflow/example_dags/example_time_delta_sensor_async.py for tasks to queue
[2023-11-24T10:44:32.993+0800] {logging_mixin.py:154} INFO - [2023-11-24T10:44:32.993+0800] {dagbag.py:536} INFO - Filling up the DagBag from /home/azfarmustafa/airflow_tutorial/.venv/lib/python3.10/site-packages/airflow/example_dags/example_time_delta_sensor_async.py
[2023-11-24T10:44:32.998+0800] {processor.py:839} INFO - DAG(s) dict_keys(['example_time_delta_sensor_async']) retrieved from /home/azfarmustafa/airflow_tutorial/.venv/lib/python3.10/site-packages/airflow/example_dags/example_time_delta_sensor_async.py
[2023-11-24T10:44:33.013+0800] {logging_mixin.py:154} INFO - [2023-11-24T10:44:33.013+0800] {dag.py:2941} INFO - Sync 1 DAGs
[2023-11-24T10:44:33.027+0800] {logging_mixin.py:154} INFO - [2023-11-24T10:44:33.027+0800] {dag.py:3722} INFO - Setting next_dagrun for example_time_delta_sensor_async to None, run_after=None
[2023-11-24T10:44:33.057+0800] {processor.py:179} INFO - Processing /home/azfarmustafa/airflow_tutorial/.venv/lib/python3.10/site-packages/airflow/example_dags/example_time_delta_sensor_async.py took 0.075 seconds
[2023-11-24T10:45:20.238+0800] {processor.py:157} INFO - Started process (PID=59919) to work on /home/azfarmustafa/airflow_tutorial/.venv/lib/python3.10/site-packages/airflow/example_dags/example_time_delta_sensor_async.py
[2023-11-24T10:45:20.243+0800] {processor.py:829} INFO - Processing file /home/azfarmustafa/airflow_tutorial/.venv/lib/python3.10/site-packages/airflow/example_dags/example_time_delta_sensor_async.py for tasks to queue
[2023-11-24T10:45:20.244+0800] {logging_mixin.py:154} INFO - [2023-11-24T10:45:20.243+0800] {dagbag.py:536} INFO - Filling up the DagBag from /home/azfarmustafa/airflow_tutorial/.venv/lib/python3.10/site-packages/airflow/example_dags/example_time_delta_sensor_async.py
[2023-11-24T10:45:20.249+0800] {processor.py:839} INFO - DAG(s) dict_keys(['example_time_delta_sensor_async']) retrieved from /home/azfarmustafa/airflow_tutorial/.venv/lib/python3.10/site-packages/airflow/example_dags/example_time_delta_sensor_async.py
[2023-11-24T10:45:20.265+0800] {logging_mixin.py:154} INFO - [2023-11-24T10:45:20.264+0800] {dag.py:2941} INFO - Sync 1 DAGs
[2023-11-24T10:45:20.277+0800] {logging_mixin.py:154} INFO - [2023-11-24T10:45:20.277+0800] {dag.py:3722} INFO - Setting next_dagrun for example_time_delta_sensor_async to None, run_after=None
[2023-11-24T10:45:20.303+0800] {processor.py:179} INFO - Processing /home/azfarmustafa/airflow_tutorial/.venv/lib/python3.10/site-packages/airflow/example_dags/example_time_delta_sensor_async.py took 0.068 seconds
[2023-11-24T10:46:06.470+0800] {processor.py:157} INFO - Started process (PID=59967) to work on /home/azfarmustafa/airflow_tutorial/.venv/lib/python3.10/site-packages/airflow/example_dags/example_time_delta_sensor_async.py
[2023-11-24T10:46:06.474+0800] {processor.py:829} INFO - Processing file /home/azfarmustafa/airflow_tutorial/.venv/lib/python3.10/site-packages/airflow/example_dags/example_time_delta_sensor_async.py for tasks to queue
[2023-11-24T10:46:06.475+0800] {logging_mixin.py:154} INFO - [2023-11-24T10:46:06.475+0800] {dagbag.py:536} INFO - Filling up the DagBag from /home/azfarmustafa/airflow_tutorial/.venv/lib/python3.10/site-packages/airflow/example_dags/example_time_delta_sensor_async.py
[2023-11-24T10:46:06.479+0800] {processor.py:839} INFO - DAG(s) dict_keys(['example_time_delta_sensor_async']) retrieved from /home/azfarmustafa/airflow_tutorial/.venv/lib/python3.10/site-packages/airflow/example_dags/example_time_delta_sensor_async.py
[2023-11-24T10:46:06.493+0800] {logging_mixin.py:154} INFO - [2023-11-24T10:46:06.493+0800] {dag.py:2941} INFO - Sync 1 DAGs
[2023-11-24T10:46:06.503+0800] {logging_mixin.py:154} INFO - [2023-11-24T10:46:06.503+0800] {dag.py:3722} INFO - Setting next_dagrun for example_time_delta_sensor_async to None, run_after=None
[2023-11-24T10:46:06.527+0800] {processor.py:179} INFO - Processing /home/azfarmustafa/airflow_tutorial/.venv/lib/python3.10/site-packages/airflow/example_dags/example_time_delta_sensor_async.py took 0.059 seconds
[2023-11-24T10:46:52.755+0800] {processor.py:157} INFO - Started process (PID=60013) to work on /home/azfarmustafa/airflow_tutorial/.venv/lib/python3.10/site-packages/airflow/example_dags/example_time_delta_sensor_async.py
[2023-11-24T10:46:52.759+0800] {processor.py:829} INFO - Processing file /home/azfarmustafa/airflow_tutorial/.venv/lib/python3.10/site-packages/airflow/example_dags/example_time_delta_sensor_async.py for tasks to queue
[2023-11-24T10:46:52.760+0800] {logging_mixin.py:154} INFO - [2023-11-24T10:46:52.760+0800] {dagbag.py:536} INFO - Filling up the DagBag from /home/azfarmustafa/airflow_tutorial/.venv/lib/python3.10/site-packages/airflow/example_dags/example_time_delta_sensor_async.py
[2023-11-24T10:46:52.765+0800] {processor.py:839} INFO - DAG(s) dict_keys(['example_time_delta_sensor_async']) retrieved from /home/azfarmustafa/airflow_tutorial/.venv/lib/python3.10/site-packages/airflow/example_dags/example_time_delta_sensor_async.py
[2023-11-24T10:46:52.780+0800] {logging_mixin.py:154} INFO - [2023-11-24T10:46:52.780+0800] {dag.py:2941} INFO - Sync 1 DAGs
[2023-11-24T10:46:52.791+0800] {logging_mixin.py:154} INFO - [2023-11-24T10:46:52.791+0800] {dag.py:3722} INFO - Setting next_dagrun for example_time_delta_sensor_async to None, run_after=None
[2023-11-24T10:46:52.816+0800] {processor.py:179} INFO - Processing /home/azfarmustafa/airflow_tutorial/.venv/lib/python3.10/site-packages/airflow/example_dags/example_time_delta_sensor_async.py took 0.064 seconds
[2023-11-24T10:47:36.313+0800] {processor.py:157} INFO - Started process (PID=60065) to work on /home/azfarmustafa/airflow_tutorial/.venv/lib/python3.10/site-packages/airflow/example_dags/example_time_delta_sensor_async.py
[2023-11-24T10:47:36.317+0800] {processor.py:829} INFO - Processing file /home/azfarmustafa/airflow_tutorial/.venv/lib/python3.10/site-packages/airflow/example_dags/example_time_delta_sensor_async.py for tasks to queue
[2023-11-24T10:47:36.318+0800] {logging_mixin.py:154} INFO - [2023-11-24T10:47:36.317+0800] {dagbag.py:536} INFO - Filling up the DagBag from /home/azfarmustafa/airflow_tutorial/.venv/lib/python3.10/site-packages/airflow/example_dags/example_time_delta_sensor_async.py
[2023-11-24T10:47:36.322+0800] {processor.py:839} INFO - DAG(s) dict_keys(['example_time_delta_sensor_async']) retrieved from /home/azfarmustafa/airflow_tutorial/.venv/lib/python3.10/site-packages/airflow/example_dags/example_time_delta_sensor_async.py
[2023-11-24T10:47:36.336+0800] {logging_mixin.py:154} INFO - [2023-11-24T10:47:36.335+0800] {dag.py:2941} INFO - Sync 1 DAGs
[2023-11-24T10:47:36.348+0800] {logging_mixin.py:154} INFO - [2023-11-24T10:47:36.348+0800] {dag.py:3722} INFO - Setting next_dagrun for example_time_delta_sensor_async to None, run_after=None
[2023-11-24T10:47:36.376+0800] {processor.py:179} INFO - Processing /home/azfarmustafa/airflow_tutorial/.venv/lib/python3.10/site-packages/airflow/example_dags/example_time_delta_sensor_async.py took 0.065 seconds
[2023-11-24T10:48:24.036+0800] {processor.py:157} INFO - Started process (PID=60113) to work on /home/azfarmustafa/airflow_tutorial/.venv/lib/python3.10/site-packages/airflow/example_dags/example_time_delta_sensor_async.py
[2023-11-24T10:48:24.041+0800] {processor.py:829} INFO - Processing file /home/azfarmustafa/airflow_tutorial/.venv/lib/python3.10/site-packages/airflow/example_dags/example_time_delta_sensor_async.py for tasks to queue
[2023-11-24T10:48:24.041+0800] {logging_mixin.py:154} INFO - [2023-11-24T10:48:24.041+0800] {dagbag.py:536} INFO - Filling up the DagBag from /home/azfarmustafa/airflow_tutorial/.venv/lib/python3.10/site-packages/airflow/example_dags/example_time_delta_sensor_async.py
[2023-11-24T10:48:24.046+0800] {processor.py:839} INFO - DAG(s) dict_keys(['example_time_delta_sensor_async']) retrieved from /home/azfarmustafa/airflow_tutorial/.venv/lib/python3.10/site-packages/airflow/example_dags/example_time_delta_sensor_async.py
[2023-11-24T10:48:24.060+0800] {logging_mixin.py:154} INFO - [2023-11-24T10:48:24.059+0800] {dag.py:2941} INFO - Sync 1 DAGs
[2023-11-24T10:48:24.069+0800] {logging_mixin.py:154} INFO - [2023-11-24T10:48:24.069+0800] {dag.py:3722} INFO - Setting next_dagrun for example_time_delta_sensor_async to None, run_after=None
[2023-11-24T10:48:24.093+0800] {processor.py:179} INFO - Processing /home/azfarmustafa/airflow_tutorial/.venv/lib/python3.10/site-packages/airflow/example_dags/example_time_delta_sensor_async.py took 0.060 seconds
[2023-11-24T10:49:11.962+0800] {processor.py:157} INFO - Started process (PID=60161) to work on /home/azfarmustafa/airflow_tutorial/.venv/lib/python3.10/site-packages/airflow/example_dags/example_time_delta_sensor_async.py
[2023-11-24T10:49:11.965+0800] {processor.py:829} INFO - Processing file /home/azfarmustafa/airflow_tutorial/.venv/lib/python3.10/site-packages/airflow/example_dags/example_time_delta_sensor_async.py for tasks to queue
[2023-11-24T10:49:11.966+0800] {logging_mixin.py:154} INFO - [2023-11-24T10:49:11.965+0800] {dagbag.py:536} INFO - Filling up the DagBag from /home/azfarmustafa/airflow_tutorial/.venv/lib/python3.10/site-packages/airflow/example_dags/example_time_delta_sensor_async.py
[2023-11-24T10:49:11.970+0800] {processor.py:839} INFO - DAG(s) dict_keys(['example_time_delta_sensor_async']) retrieved from /home/azfarmustafa/airflow_tutorial/.venv/lib/python3.10/site-packages/airflow/example_dags/example_time_delta_sensor_async.py
[2023-11-24T10:49:11.983+0800] {logging_mixin.py:154} INFO - [2023-11-24T10:49:11.983+0800] {dag.py:2941} INFO - Sync 1 DAGs
[2023-11-24T10:49:11.997+0800] {logging_mixin.py:154} INFO - [2023-11-24T10:49:11.997+0800] {dag.py:3722} INFO - Setting next_dagrun for example_time_delta_sensor_async to None, run_after=None
[2023-11-24T10:49:12.022+0800] {processor.py:179} INFO - Processing /home/azfarmustafa/airflow_tutorial/.venv/lib/python3.10/site-packages/airflow/example_dags/example_time_delta_sensor_async.py took 0.064 seconds
[2023-11-24T10:49:58.129+0800] {processor.py:157} INFO - Started process (PID=60209) to work on /home/azfarmustafa/airflow_tutorial/.venv/lib/python3.10/site-packages/airflow/example_dags/example_time_delta_sensor_async.py
[2023-11-24T10:49:58.133+0800] {processor.py:829} INFO - Processing file /home/azfarmustafa/airflow_tutorial/.venv/lib/python3.10/site-packages/airflow/example_dags/example_time_delta_sensor_async.py for tasks to queue
[2023-11-24T10:49:58.134+0800] {logging_mixin.py:154} INFO - [2023-11-24T10:49:58.134+0800] {dagbag.py:536} INFO - Filling up the DagBag from /home/azfarmustafa/airflow_tutorial/.venv/lib/python3.10/site-packages/airflow/example_dags/example_time_delta_sensor_async.py
[2023-11-24T10:49:58.142+0800] {processor.py:839} INFO - DAG(s) dict_keys(['example_time_delta_sensor_async']) retrieved from /home/azfarmustafa/airflow_tutorial/.venv/lib/python3.10/site-packages/airflow/example_dags/example_time_delta_sensor_async.py
[2023-11-24T10:49:58.158+0800] {logging_mixin.py:154} INFO - [2023-11-24T10:49:58.157+0800] {dag.py:2941} INFO - Sync 1 DAGs
[2023-11-24T10:49:58.169+0800] {logging_mixin.py:154} INFO - [2023-11-24T10:49:58.169+0800] {dag.py:3722} INFO - Setting next_dagrun for example_time_delta_sensor_async to None, run_after=None
[2023-11-24T10:49:58.202+0800] {processor.py:179} INFO - Processing /home/azfarmustafa/airflow_tutorial/.venv/lib/python3.10/site-packages/airflow/example_dags/example_time_delta_sensor_async.py took 0.075 seconds
[2023-11-24T10:50:45.131+0800] {processor.py:157} INFO - Started process (PID=60257) to work on /home/azfarmustafa/airflow_tutorial/.venv/lib/python3.10/site-packages/airflow/example_dags/example_time_delta_sensor_async.py
[2023-11-24T10:50:45.135+0800] {processor.py:829} INFO - Processing file /home/azfarmustafa/airflow_tutorial/.venv/lib/python3.10/site-packages/airflow/example_dags/example_time_delta_sensor_async.py for tasks to queue
[2023-11-24T10:50:45.137+0800] {logging_mixin.py:154} INFO - [2023-11-24T10:50:45.136+0800] {dagbag.py:536} INFO - Filling up the DagBag from /home/azfarmustafa/airflow_tutorial/.venv/lib/python3.10/site-packages/airflow/example_dags/example_time_delta_sensor_async.py
[2023-11-24T10:50:45.141+0800] {processor.py:839} INFO - DAG(s) dict_keys(['example_time_delta_sensor_async']) retrieved from /home/azfarmustafa/airflow_tutorial/.venv/lib/python3.10/site-packages/airflow/example_dags/example_time_delta_sensor_async.py
[2023-11-24T10:50:45.157+0800] {logging_mixin.py:154} INFO - [2023-11-24T10:50:45.157+0800] {dag.py:2941} INFO - Sync 1 DAGs
[2023-11-24T10:50:45.169+0800] {logging_mixin.py:154} INFO - [2023-11-24T10:50:45.169+0800] {dag.py:3722} INFO - Setting next_dagrun for example_time_delta_sensor_async to None, run_after=None
[2023-11-24T10:50:45.194+0800] {processor.py:179} INFO - Processing /home/azfarmustafa/airflow_tutorial/.venv/lib/python3.10/site-packages/airflow/example_dags/example_time_delta_sensor_async.py took 0.066 seconds
[2023-11-24T10:51:31.692+0800] {processor.py:157} INFO - Started process (PID=60305) to work on /home/azfarmustafa/airflow_tutorial/.venv/lib/python3.10/site-packages/airflow/example_dags/example_time_delta_sensor_async.py
[2023-11-24T10:51:31.697+0800] {processor.py:829} INFO - Processing file /home/azfarmustafa/airflow_tutorial/.venv/lib/python3.10/site-packages/airflow/example_dags/example_time_delta_sensor_async.py for tasks to queue
[2023-11-24T10:51:31.697+0800] {logging_mixin.py:154} INFO - [2023-11-24T10:51:31.697+0800] {dagbag.py:536} INFO - Filling up the DagBag from /home/azfarmustafa/airflow_tutorial/.venv/lib/python3.10/site-packages/airflow/example_dags/example_time_delta_sensor_async.py
[2023-11-24T10:51:31.702+0800] {processor.py:839} INFO - DAG(s) dict_keys(['example_time_delta_sensor_async']) retrieved from /home/azfarmustafa/airflow_tutorial/.venv/lib/python3.10/site-packages/airflow/example_dags/example_time_delta_sensor_async.py
[2023-11-24T10:51:31.716+0800] {logging_mixin.py:154} INFO - [2023-11-24T10:51:31.716+0800] {dag.py:2941} INFO - Sync 1 DAGs
[2023-11-24T10:51:31.726+0800] {logging_mixin.py:154} INFO - [2023-11-24T10:51:31.725+0800] {dag.py:3722} INFO - Setting next_dagrun for example_time_delta_sensor_async to None, run_after=None
[2023-11-24T10:51:31.752+0800] {processor.py:179} INFO - Processing /home/azfarmustafa/airflow_tutorial/.venv/lib/python3.10/site-packages/airflow/example_dags/example_time_delta_sensor_async.py took 0.063 seconds
[2023-11-24T10:52:19.391+0800] {processor.py:157} INFO - Started process (PID=60353) to work on /home/azfarmustafa/airflow_tutorial/.venv/lib/python3.10/site-packages/airflow/example_dags/example_time_delta_sensor_async.py
[2023-11-24T10:52:19.395+0800] {processor.py:829} INFO - Processing file /home/azfarmustafa/airflow_tutorial/.venv/lib/python3.10/site-packages/airflow/example_dags/example_time_delta_sensor_async.py for tasks to queue
[2023-11-24T10:52:19.396+0800] {logging_mixin.py:154} INFO - [2023-11-24T10:52:19.396+0800] {dagbag.py:536} INFO - Filling up the DagBag from /home/azfarmustafa/airflow_tutorial/.venv/lib/python3.10/site-packages/airflow/example_dags/example_time_delta_sensor_async.py
[2023-11-24T10:52:19.401+0800] {processor.py:839} INFO - DAG(s) dict_keys(['example_time_delta_sensor_async']) retrieved from /home/azfarmustafa/airflow_tutorial/.venv/lib/python3.10/site-packages/airflow/example_dags/example_time_delta_sensor_async.py
[2023-11-24T10:52:19.416+0800] {logging_mixin.py:154} INFO - [2023-11-24T10:52:19.415+0800] {dag.py:2941} INFO - Sync 1 DAGs
[2023-11-24T10:52:19.427+0800] {logging_mixin.py:154} INFO - [2023-11-24T10:52:19.427+0800] {dag.py:3722} INFO - Setting next_dagrun for example_time_delta_sensor_async to None, run_after=None
[2023-11-24T10:52:19.451+0800] {processor.py:179} INFO - Processing /home/azfarmustafa/airflow_tutorial/.venv/lib/python3.10/site-packages/airflow/example_dags/example_time_delta_sensor_async.py took 0.063 seconds
[2023-11-24T10:53:10.765+0800] {processor.py:157} INFO - Started process (PID=60403) to work on /home/azfarmustafa/airflow_tutorial/.venv/lib/python3.10/site-packages/airflow/example_dags/example_time_delta_sensor_async.py
[2023-11-24T10:53:10.769+0800] {processor.py:829} INFO - Processing file /home/azfarmustafa/airflow_tutorial/.venv/lib/python3.10/site-packages/airflow/example_dags/example_time_delta_sensor_async.py for tasks to queue
[2023-11-24T10:53:10.770+0800] {logging_mixin.py:154} INFO - [2023-11-24T10:53:10.770+0800] {dagbag.py:536} INFO - Filling up the DagBag from /home/azfarmustafa/airflow_tutorial/.venv/lib/python3.10/site-packages/airflow/example_dags/example_time_delta_sensor_async.py
[2023-11-24T10:53:10.775+0800] {processor.py:839} INFO - DAG(s) dict_keys(['example_time_delta_sensor_async']) retrieved from /home/azfarmustafa/airflow_tutorial/.venv/lib/python3.10/site-packages/airflow/example_dags/example_time_delta_sensor_async.py
[2023-11-24T10:53:10.788+0800] {logging_mixin.py:154} INFO - [2023-11-24T10:53:10.788+0800] {dag.py:2941} INFO - Sync 1 DAGs
[2023-11-24T10:53:10.798+0800] {logging_mixin.py:154} INFO - [2023-11-24T10:53:10.797+0800] {dag.py:3722} INFO - Setting next_dagrun for example_time_delta_sensor_async to None, run_after=None
[2023-11-24T10:53:10.821+0800] {processor.py:179} INFO - Processing /home/azfarmustafa/airflow_tutorial/.venv/lib/python3.10/site-packages/airflow/example_dags/example_time_delta_sensor_async.py took 0.059 seconds
[2023-11-24T10:53:56.010+0800] {processor.py:157} INFO - Started process (PID=60456) to work on /home/azfarmustafa/airflow_tutorial/.venv/lib/python3.10/site-packages/airflow/example_dags/example_time_delta_sensor_async.py
[2023-11-24T10:53:56.012+0800] {processor.py:829} INFO - Processing file /home/azfarmustafa/airflow_tutorial/.venv/lib/python3.10/site-packages/airflow/example_dags/example_time_delta_sensor_async.py for tasks to queue
[2023-11-24T10:53:56.013+0800] {logging_mixin.py:154} INFO - [2023-11-24T10:53:56.012+0800] {dagbag.py:536} INFO - Filling up the DagBag from /home/azfarmustafa/airflow_tutorial/.venv/lib/python3.10/site-packages/airflow/example_dags/example_time_delta_sensor_async.py
[2023-11-24T10:53:56.017+0800] {processor.py:839} INFO - DAG(s) dict_keys(['example_time_delta_sensor_async']) retrieved from /home/azfarmustafa/airflow_tutorial/.venv/lib/python3.10/site-packages/airflow/example_dags/example_time_delta_sensor_async.py
[2023-11-24T10:53:56.031+0800] {logging_mixin.py:154} INFO - [2023-11-24T10:53:56.031+0800] {dag.py:2941} INFO - Sync 1 DAGs
[2023-11-24T10:53:56.044+0800] {logging_mixin.py:154} INFO - [2023-11-24T10:53:56.043+0800] {dag.py:3722} INFO - Setting next_dagrun for example_time_delta_sensor_async to None, run_after=None
[2023-11-24T10:53:56.072+0800] {processor.py:179} INFO - Processing /home/azfarmustafa/airflow_tutorial/.venv/lib/python3.10/site-packages/airflow/example_dags/example_time_delta_sensor_async.py took 0.065 seconds
[2023-11-24T10:54:44.275+0800] {processor.py:157} INFO - Started process (PID=60505) to work on /home/azfarmustafa/airflow_tutorial/.venv/lib/python3.10/site-packages/airflow/example_dags/example_time_delta_sensor_async.py
[2023-11-24T10:54:44.279+0800] {processor.py:829} INFO - Processing file /home/azfarmustafa/airflow_tutorial/.venv/lib/python3.10/site-packages/airflow/example_dags/example_time_delta_sensor_async.py for tasks to queue
[2023-11-24T10:54:44.281+0800] {logging_mixin.py:154} INFO - [2023-11-24T10:54:44.280+0800] {dagbag.py:536} INFO - Filling up the DagBag from /home/azfarmustafa/airflow_tutorial/.venv/lib/python3.10/site-packages/airflow/example_dags/example_time_delta_sensor_async.py
[2023-11-24T10:54:44.286+0800] {processor.py:839} INFO - DAG(s) dict_keys(['example_time_delta_sensor_async']) retrieved from /home/azfarmustafa/airflow_tutorial/.venv/lib/python3.10/site-packages/airflow/example_dags/example_time_delta_sensor_async.py
[2023-11-24T10:54:44.301+0800] {logging_mixin.py:154} INFO - [2023-11-24T10:54:44.301+0800] {dag.py:2941} INFO - Sync 1 DAGs
[2023-11-24T10:54:44.310+0800] {logging_mixin.py:154} INFO - [2023-11-24T10:54:44.310+0800] {dag.py:3722} INFO - Setting next_dagrun for example_time_delta_sensor_async to None, run_after=None
[2023-11-24T10:54:44.338+0800] {processor.py:179} INFO - Processing /home/azfarmustafa/airflow_tutorial/.venv/lib/python3.10/site-packages/airflow/example_dags/example_time_delta_sensor_async.py took 0.066 seconds
[2023-11-24T10:55:29.989+0800] {processor.py:157} INFO - Started process (PID=60552) to work on /home/azfarmustafa/airflow_tutorial/.venv/lib/python3.10/site-packages/airflow/example_dags/example_time_delta_sensor_async.py
[2023-11-24T10:55:29.991+0800] {processor.py:829} INFO - Processing file /home/azfarmustafa/airflow_tutorial/.venv/lib/python3.10/site-packages/airflow/example_dags/example_time_delta_sensor_async.py for tasks to queue
[2023-11-24T10:55:29.992+0800] {logging_mixin.py:154} INFO - [2023-11-24T10:55:29.991+0800] {dagbag.py:536} INFO - Filling up the DagBag from /home/azfarmustafa/airflow_tutorial/.venv/lib/python3.10/site-packages/airflow/example_dags/example_time_delta_sensor_async.py
[2023-11-24T10:55:29.996+0800] {processor.py:839} INFO - DAG(s) dict_keys(['example_time_delta_sensor_async']) retrieved from /home/azfarmustafa/airflow_tutorial/.venv/lib/python3.10/site-packages/airflow/example_dags/example_time_delta_sensor_async.py
[2023-11-24T10:55:30.010+0800] {logging_mixin.py:154} INFO - [2023-11-24T10:55:30.010+0800] {dag.py:2941} INFO - Sync 1 DAGs
[2023-11-24T10:55:30.021+0800] {logging_mixin.py:154} INFO - [2023-11-24T10:55:30.021+0800] {dag.py:3722} INFO - Setting next_dagrun for example_time_delta_sensor_async to None, run_after=None
[2023-11-24T10:55:30.048+0800] {processor.py:179} INFO - Processing /home/azfarmustafa/airflow_tutorial/.venv/lib/python3.10/site-packages/airflow/example_dags/example_time_delta_sensor_async.py took 0.062 seconds
[2023-11-24T10:56:17.721+0800] {processor.py:157} INFO - Started process (PID=60600) to work on /home/azfarmustafa/airflow_tutorial/.venv/lib/python3.10/site-packages/airflow/example_dags/example_time_delta_sensor_async.py
[2023-11-24T10:56:17.726+0800] {processor.py:829} INFO - Processing file /home/azfarmustafa/airflow_tutorial/.venv/lib/python3.10/site-packages/airflow/example_dags/example_time_delta_sensor_async.py for tasks to queue
[2023-11-24T10:56:17.727+0800] {logging_mixin.py:154} INFO - [2023-11-24T10:56:17.726+0800] {dagbag.py:536} INFO - Filling up the DagBag from /home/azfarmustafa/airflow_tutorial/.venv/lib/python3.10/site-packages/airflow/example_dags/example_time_delta_sensor_async.py
[2023-11-24T10:56:17.731+0800] {processor.py:839} INFO - DAG(s) dict_keys(['example_time_delta_sensor_async']) retrieved from /home/azfarmustafa/airflow_tutorial/.venv/lib/python3.10/site-packages/airflow/example_dags/example_time_delta_sensor_async.py
[2023-11-24T10:56:17.744+0800] {logging_mixin.py:154} INFO - [2023-11-24T10:56:17.744+0800] {dag.py:2941} INFO - Sync 1 DAGs
[2023-11-24T10:56:17.754+0800] {logging_mixin.py:154} INFO - [2023-11-24T10:56:17.754+0800] {dag.py:3722} INFO - Setting next_dagrun for example_time_delta_sensor_async to None, run_after=None
[2023-11-24T10:56:17.783+0800] {processor.py:179} INFO - Processing /home/azfarmustafa/airflow_tutorial/.venv/lib/python3.10/site-packages/airflow/example_dags/example_time_delta_sensor_async.py took 0.065 seconds
[2023-11-24T10:57:00.947+0800] {processor.py:157} INFO - Started process (PID=60645) to work on /home/azfarmustafa/airflow_tutorial/.venv/lib/python3.10/site-packages/airflow/example_dags/example_time_delta_sensor_async.py
[2023-11-24T10:57:00.951+0800] {processor.py:829} INFO - Processing file /home/azfarmustafa/airflow_tutorial/.venv/lib/python3.10/site-packages/airflow/example_dags/example_time_delta_sensor_async.py for tasks to queue
[2023-11-24T10:57:00.953+0800] {logging_mixin.py:154} INFO - [2023-11-24T10:57:00.952+0800] {dagbag.py:536} INFO - Filling up the DagBag from /home/azfarmustafa/airflow_tutorial/.venv/lib/python3.10/site-packages/airflow/example_dags/example_time_delta_sensor_async.py
[2023-11-24T10:57:00.957+0800] {processor.py:839} INFO - DAG(s) dict_keys(['example_time_delta_sensor_async']) retrieved from /home/azfarmustafa/airflow_tutorial/.venv/lib/python3.10/site-packages/airflow/example_dags/example_time_delta_sensor_async.py
[2023-11-24T10:57:00.971+0800] {logging_mixin.py:154} INFO - [2023-11-24T10:57:00.971+0800] {dag.py:2941} INFO - Sync 1 DAGs
[2023-11-24T10:57:00.981+0800] {logging_mixin.py:154} INFO - [2023-11-24T10:57:00.980+0800] {dag.py:3722} INFO - Setting next_dagrun for example_time_delta_sensor_async to None, run_after=None
[2023-11-24T10:57:01.009+0800] {processor.py:179} INFO - Processing /home/azfarmustafa/airflow_tutorial/.venv/lib/python3.10/site-packages/airflow/example_dags/example_time_delta_sensor_async.py took 0.065 seconds
[2023-11-24T10:57:43.957+0800] {processor.py:157} INFO - Started process (PID=60691) to work on /home/azfarmustafa/airflow_tutorial/.venv/lib/python3.10/site-packages/airflow/example_dags/example_time_delta_sensor_async.py
[2023-11-24T10:57:43.961+0800] {processor.py:829} INFO - Processing file /home/azfarmustafa/airflow_tutorial/.venv/lib/python3.10/site-packages/airflow/example_dags/example_time_delta_sensor_async.py for tasks to queue
[2023-11-24T10:57:43.962+0800] {logging_mixin.py:154} INFO - [2023-11-24T10:57:43.962+0800] {dagbag.py:536} INFO - Filling up the DagBag from /home/azfarmustafa/airflow_tutorial/.venv/lib/python3.10/site-packages/airflow/example_dags/example_time_delta_sensor_async.py
[2023-11-24T10:57:43.967+0800] {processor.py:839} INFO - DAG(s) dict_keys(['example_time_delta_sensor_async']) retrieved from /home/azfarmustafa/airflow_tutorial/.venv/lib/python3.10/site-packages/airflow/example_dags/example_time_delta_sensor_async.py
[2023-11-24T10:57:43.983+0800] {logging_mixin.py:154} INFO - [2023-11-24T10:57:43.983+0800] {dag.py:2941} INFO - Sync 1 DAGs
[2023-11-24T10:57:43.995+0800] {logging_mixin.py:154} INFO - [2023-11-24T10:57:43.995+0800] {dag.py:3722} INFO - Setting next_dagrun for example_time_delta_sensor_async to None, run_after=None
[2023-11-24T10:57:44.020+0800] {processor.py:179} INFO - Processing /home/azfarmustafa/airflow_tutorial/.venv/lib/python3.10/site-packages/airflow/example_dags/example_time_delta_sensor_async.py took 0.066 seconds
[2023-11-24T10:58:33.059+0800] {processor.py:157} INFO - Started process (PID=60739) to work on /home/azfarmustafa/airflow_tutorial/.venv/lib/python3.10/site-packages/airflow/example_dags/example_time_delta_sensor_async.py
[2023-11-24T10:58:33.064+0800] {processor.py:829} INFO - Processing file /home/azfarmustafa/airflow_tutorial/.venv/lib/python3.10/site-packages/airflow/example_dags/example_time_delta_sensor_async.py for tasks to queue
[2023-11-24T10:58:33.064+0800] {logging_mixin.py:154} INFO - [2023-11-24T10:58:33.064+0800] {dagbag.py:536} INFO - Filling up the DagBag from /home/azfarmustafa/airflow_tutorial/.venv/lib/python3.10/site-packages/airflow/example_dags/example_time_delta_sensor_async.py
[2023-11-24T10:58:33.071+0800] {processor.py:839} INFO - DAG(s) dict_keys(['example_time_delta_sensor_async']) retrieved from /home/azfarmustafa/airflow_tutorial/.venv/lib/python3.10/site-packages/airflow/example_dags/example_time_delta_sensor_async.py
[2023-11-24T10:58:33.088+0800] {logging_mixin.py:154} INFO - [2023-11-24T10:58:33.088+0800] {dag.py:2941} INFO - Sync 1 DAGs
[2023-11-24T10:58:33.098+0800] {logging_mixin.py:154} INFO - [2023-11-24T10:58:33.098+0800] {dag.py:3722} INFO - Setting next_dagrun for example_time_delta_sensor_async to None, run_after=None
[2023-11-24T10:58:33.125+0800] {processor.py:179} INFO - Processing /home/azfarmustafa/airflow_tutorial/.venv/lib/python3.10/site-packages/airflow/example_dags/example_time_delta_sensor_async.py took 0.068 seconds
[2023-11-24T10:59:18.500+0800] {processor.py:157} INFO - Started process (PID=60786) to work on /home/azfarmustafa/airflow_tutorial/.venv/lib/python3.10/site-packages/airflow/example_dags/example_time_delta_sensor_async.py
[2023-11-24T10:59:18.504+0800] {processor.py:829} INFO - Processing file /home/azfarmustafa/airflow_tutorial/.venv/lib/python3.10/site-packages/airflow/example_dags/example_time_delta_sensor_async.py for tasks to queue
[2023-11-24T10:59:18.505+0800] {logging_mixin.py:154} INFO - [2023-11-24T10:59:18.504+0800] {dagbag.py:536} INFO - Filling up the DagBag from /home/azfarmustafa/airflow_tutorial/.venv/lib/python3.10/site-packages/airflow/example_dags/example_time_delta_sensor_async.py
[2023-11-24T10:59:18.509+0800] {processor.py:839} INFO - DAG(s) dict_keys(['example_time_delta_sensor_async']) retrieved from /home/azfarmustafa/airflow_tutorial/.venv/lib/python3.10/site-packages/airflow/example_dags/example_time_delta_sensor_async.py
[2023-11-24T10:59:18.522+0800] {logging_mixin.py:154} INFO - [2023-11-24T10:59:18.522+0800] {dag.py:2941} INFO - Sync 1 DAGs
[2023-11-24T10:59:18.532+0800] {logging_mixin.py:154} INFO - [2023-11-24T10:59:18.532+0800] {dag.py:3722} INFO - Setting next_dagrun for example_time_delta_sensor_async to None, run_after=None
[2023-11-24T10:59:18.555+0800] {processor.py:179} INFO - Processing /home/azfarmustafa/airflow_tutorial/.venv/lib/python3.10/site-packages/airflow/example_dags/example_time_delta_sensor_async.py took 0.058 seconds
[2023-11-24T11:00:02.799+0800] {processor.py:157} INFO - Started process (PID=60839) to work on /home/azfarmustafa/airflow_tutorial/.venv/lib/python3.10/site-packages/airflow/example_dags/example_time_delta_sensor_async.py
[2023-11-24T11:00:02.804+0800] {processor.py:829} INFO - Processing file /home/azfarmustafa/airflow_tutorial/.venv/lib/python3.10/site-packages/airflow/example_dags/example_time_delta_sensor_async.py for tasks to queue
[2023-11-24T11:00:02.804+0800] {logging_mixin.py:154} INFO - [2023-11-24T11:00:02.804+0800] {dagbag.py:536} INFO - Filling up the DagBag from /home/azfarmustafa/airflow_tutorial/.venv/lib/python3.10/site-packages/airflow/example_dags/example_time_delta_sensor_async.py
[2023-11-24T11:00:02.810+0800] {processor.py:839} INFO - DAG(s) dict_keys(['example_time_delta_sensor_async']) retrieved from /home/azfarmustafa/airflow_tutorial/.venv/lib/python3.10/site-packages/airflow/example_dags/example_time_delta_sensor_async.py
[2023-11-24T11:00:02.829+0800] {logging_mixin.py:154} INFO - [2023-11-24T11:00:02.828+0800] {dag.py:2941} INFO - Sync 1 DAGs
[2023-11-24T11:00:02.840+0800] {logging_mixin.py:154} INFO - [2023-11-24T11:00:02.840+0800] {dag.py:3722} INFO - Setting next_dagrun for example_time_delta_sensor_async to None, run_after=None
[2023-11-24T11:00:02.869+0800] {processor.py:179} INFO - Processing /home/azfarmustafa/airflow_tutorial/.venv/lib/python3.10/site-packages/airflow/example_dags/example_time_delta_sensor_async.py took 0.073 seconds
[2023-11-24T11:00:47.980+0800] {processor.py:157} INFO - Started process (PID=60885) to work on /home/azfarmustafa/airflow_tutorial/.venv/lib/python3.10/site-packages/airflow/example_dags/example_time_delta_sensor_async.py
[2023-11-24T11:00:47.985+0800] {processor.py:829} INFO - Processing file /home/azfarmustafa/airflow_tutorial/.venv/lib/python3.10/site-packages/airflow/example_dags/example_time_delta_sensor_async.py for tasks to queue
[2023-11-24T11:00:47.987+0800] {logging_mixin.py:154} INFO - [2023-11-24T11:00:47.986+0800] {dagbag.py:536} INFO - Filling up the DagBag from /home/azfarmustafa/airflow_tutorial/.venv/lib/python3.10/site-packages/airflow/example_dags/example_time_delta_sensor_async.py
[2023-11-24T11:00:47.992+0800] {processor.py:839} INFO - DAG(s) dict_keys(['example_time_delta_sensor_async']) retrieved from /home/azfarmustafa/airflow_tutorial/.venv/lib/python3.10/site-packages/airflow/example_dags/example_time_delta_sensor_async.py
[2023-11-24T11:00:48.008+0800] {logging_mixin.py:154} INFO - [2023-11-24T11:00:48.008+0800] {dag.py:2941} INFO - Sync 1 DAGs
[2023-11-24T11:00:48.020+0800] {logging_mixin.py:154} INFO - [2023-11-24T11:00:48.020+0800] {dag.py:3722} INFO - Setting next_dagrun for example_time_delta_sensor_async to None, run_after=None
[2023-11-24T11:00:48.044+0800] {processor.py:179} INFO - Processing /home/azfarmustafa/airflow_tutorial/.venv/lib/python3.10/site-packages/airflow/example_dags/example_time_delta_sensor_async.py took 0.067 seconds
[2023-11-24T11:01:35.262+0800] {processor.py:157} INFO - Started process (PID=60935) to work on /home/azfarmustafa/airflow_tutorial/.venv/lib/python3.10/site-packages/airflow/example_dags/example_time_delta_sensor_async.py
[2023-11-24T11:01:35.266+0800] {processor.py:829} INFO - Processing file /home/azfarmustafa/airflow_tutorial/.venv/lib/python3.10/site-packages/airflow/example_dags/example_time_delta_sensor_async.py for tasks to queue
[2023-11-24T11:01:35.267+0800] {logging_mixin.py:154} INFO - [2023-11-24T11:01:35.267+0800] {dagbag.py:536} INFO - Filling up the DagBag from /home/azfarmustafa/airflow_tutorial/.venv/lib/python3.10/site-packages/airflow/example_dags/example_time_delta_sensor_async.py
[2023-11-24T11:01:35.273+0800] {processor.py:839} INFO - DAG(s) dict_keys(['example_time_delta_sensor_async']) retrieved from /home/azfarmustafa/airflow_tutorial/.venv/lib/python3.10/site-packages/airflow/example_dags/example_time_delta_sensor_async.py
[2023-11-24T11:01:35.287+0800] {logging_mixin.py:154} INFO - [2023-11-24T11:01:35.287+0800] {dag.py:2941} INFO - Sync 1 DAGs
[2023-11-24T11:01:35.297+0800] {logging_mixin.py:154} INFO - [2023-11-24T11:01:35.297+0800] {dag.py:3722} INFO - Setting next_dagrun for example_time_delta_sensor_async to None, run_after=None
[2023-11-24T11:01:35.326+0800] {processor.py:179} INFO - Processing /home/azfarmustafa/airflow_tutorial/.venv/lib/python3.10/site-packages/airflow/example_dags/example_time_delta_sensor_async.py took 0.067 seconds
[2023-11-24T11:02:21.797+0800] {processor.py:157} INFO - Started process (PID=60982) to work on /home/azfarmustafa/airflow_tutorial/.venv/lib/python3.10/site-packages/airflow/example_dags/example_time_delta_sensor_async.py
[2023-11-24T11:02:21.798+0800] {processor.py:829} INFO - Processing file /home/azfarmustafa/airflow_tutorial/.venv/lib/python3.10/site-packages/airflow/example_dags/example_time_delta_sensor_async.py for tasks to queue
[2023-11-24T11:02:21.799+0800] {logging_mixin.py:154} INFO - [2023-11-24T11:02:21.799+0800] {dagbag.py:536} INFO - Filling up the DagBag from /home/azfarmustafa/airflow_tutorial/.venv/lib/python3.10/site-packages/airflow/example_dags/example_time_delta_sensor_async.py
[2023-11-24T11:02:21.804+0800] {processor.py:839} INFO - DAG(s) dict_keys(['example_time_delta_sensor_async']) retrieved from /home/azfarmustafa/airflow_tutorial/.venv/lib/python3.10/site-packages/airflow/example_dags/example_time_delta_sensor_async.py
[2023-11-24T11:02:21.821+0800] {logging_mixin.py:154} INFO - [2023-11-24T11:02:21.821+0800] {dag.py:2941} INFO - Sync 1 DAGs
[2023-11-24T11:02:21.836+0800] {logging_mixin.py:154} INFO - [2023-11-24T11:02:21.836+0800] {dag.py:3722} INFO - Setting next_dagrun for example_time_delta_sensor_async to None, run_after=None
[2023-11-24T11:02:21.868+0800] {processor.py:179} INFO - Processing /home/azfarmustafa/airflow_tutorial/.venv/lib/python3.10/site-packages/airflow/example_dags/example_time_delta_sensor_async.py took 0.074 seconds
[2023-11-24T11:03:06.950+0800] {processor.py:157} INFO - Started process (PID=61028) to work on /home/azfarmustafa/airflow_tutorial/.venv/lib/python3.10/site-packages/airflow/example_dags/example_time_delta_sensor_async.py
[2023-11-24T11:03:06.955+0800] {processor.py:829} INFO - Processing file /home/azfarmustafa/airflow_tutorial/.venv/lib/python3.10/site-packages/airflow/example_dags/example_time_delta_sensor_async.py for tasks to queue
[2023-11-24T11:03:06.956+0800] {logging_mixin.py:154} INFO - [2023-11-24T11:03:06.955+0800] {dagbag.py:536} INFO - Filling up the DagBag from /home/azfarmustafa/airflow_tutorial/.venv/lib/python3.10/site-packages/airflow/example_dags/example_time_delta_sensor_async.py
[2023-11-24T11:03:06.960+0800] {processor.py:839} INFO - DAG(s) dict_keys(['example_time_delta_sensor_async']) retrieved from /home/azfarmustafa/airflow_tutorial/.venv/lib/python3.10/site-packages/airflow/example_dags/example_time_delta_sensor_async.py
[2023-11-24T11:03:06.976+0800] {logging_mixin.py:154} INFO - [2023-11-24T11:03:06.975+0800] {dag.py:2941} INFO - Sync 1 DAGs
[2023-11-24T11:03:06.988+0800] {logging_mixin.py:154} INFO - [2023-11-24T11:03:06.988+0800] {dag.py:3722} INFO - Setting next_dagrun for example_time_delta_sensor_async to None, run_after=None
[2023-11-24T11:03:07.018+0800] {processor.py:179} INFO - Processing /home/azfarmustafa/airflow_tutorial/.venv/lib/python3.10/site-packages/airflow/example_dags/example_time_delta_sensor_async.py took 0.071 seconds
[2023-11-24T11:03:56.164+0800] {processor.py:157} INFO - Started process (PID=61083) to work on /home/azfarmustafa/airflow_tutorial/.venv/lib/python3.10/site-packages/airflow/example_dags/example_time_delta_sensor_async.py
[2023-11-24T11:03:56.166+0800] {processor.py:829} INFO - Processing file /home/azfarmustafa/airflow_tutorial/.venv/lib/python3.10/site-packages/airflow/example_dags/example_time_delta_sensor_async.py for tasks to queue
[2023-11-24T11:03:56.168+0800] {logging_mixin.py:154} INFO - [2023-11-24T11:03:56.167+0800] {dagbag.py:536} INFO - Filling up the DagBag from /home/azfarmustafa/airflow_tutorial/.venv/lib/python3.10/site-packages/airflow/example_dags/example_time_delta_sensor_async.py
[2023-11-24T11:03:56.174+0800] {processor.py:839} INFO - DAG(s) dict_keys(['example_time_delta_sensor_async']) retrieved from /home/azfarmustafa/airflow_tutorial/.venv/lib/python3.10/site-packages/airflow/example_dags/example_time_delta_sensor_async.py
[2023-11-24T11:03:56.190+0800] {logging_mixin.py:154} INFO - [2023-11-24T11:03:56.190+0800] {dag.py:2941} INFO - Sync 1 DAGs
[2023-11-24T11:03:56.200+0800] {logging_mixin.py:154} INFO - [2023-11-24T11:03:56.200+0800] {dag.py:3722} INFO - Setting next_dagrun for example_time_delta_sensor_async to None, run_after=None
[2023-11-24T11:03:56.225+0800] {processor.py:179} INFO - Processing /home/azfarmustafa/airflow_tutorial/.venv/lib/python3.10/site-packages/airflow/example_dags/example_time_delta_sensor_async.py took 0.064 seconds
[2023-11-24T11:04:43.872+0800] {processor.py:157} INFO - Started process (PID=61133) to work on /home/azfarmustafa/airflow_tutorial/.venv/lib/python3.10/site-packages/airflow/example_dags/example_time_delta_sensor_async.py
[2023-11-24T11:04:43.873+0800] {processor.py:829} INFO - Processing file /home/azfarmustafa/airflow_tutorial/.venv/lib/python3.10/site-packages/airflow/example_dags/example_time_delta_sensor_async.py for tasks to queue
[2023-11-24T11:04:43.874+0800] {logging_mixin.py:154} INFO - [2023-11-24T11:04:43.874+0800] {dagbag.py:536} INFO - Filling up the DagBag from /home/azfarmustafa/airflow_tutorial/.venv/lib/python3.10/site-packages/airflow/example_dags/example_time_delta_sensor_async.py
[2023-11-24T11:04:43.878+0800] {processor.py:839} INFO - DAG(s) dict_keys(['example_time_delta_sensor_async']) retrieved from /home/azfarmustafa/airflow_tutorial/.venv/lib/python3.10/site-packages/airflow/example_dags/example_time_delta_sensor_async.py
[2023-11-24T11:04:43.894+0800] {logging_mixin.py:154} INFO - [2023-11-24T11:04:43.894+0800] {dag.py:2941} INFO - Sync 1 DAGs
[2023-11-24T11:04:43.904+0800] {logging_mixin.py:154} INFO - [2023-11-24T11:04:43.904+0800] {dag.py:3722} INFO - Setting next_dagrun for example_time_delta_sensor_async to None, run_after=None
[2023-11-24T11:04:43.930+0800] {processor.py:179} INFO - Processing /home/azfarmustafa/airflow_tutorial/.venv/lib/python3.10/site-packages/airflow/example_dags/example_time_delta_sensor_async.py took 0.060 seconds
