[2023-11-24T10:25:40.471+0800] {processor.py:157} INFO - Started process (PID=58699) to work on /home/azfarmustafa/airflow_tutorial/.venv/lib/python3.10/site-packages/airflow/example_dags/example_task_group_decorator.py
[2023-11-24T10:25:40.473+0800] {processor.py:829} INFO - Processing file /home/azfarmustafa/airflow_tutorial/.venv/lib/python3.10/site-packages/airflow/example_dags/example_task_group_decorator.py for tasks to queue
[2023-11-24T10:25:40.474+0800] {logging_mixin.py:154} INFO - [2023-11-24T10:25:40.474+0800] {dagbag.py:536} INFO - Filling up the DagBag from /home/azfarmustafa/airflow_tutorial/.venv/lib/python3.10/site-packages/airflow/example_dags/example_task_group_decorator.py
[2023-11-24T10:25:40.490+0800] {processor.py:839} INFO - DAG(s) dict_keys(['example_task_group_decorator']) retrieved from /home/azfarmustafa/airflow_tutorial/.venv/lib/python3.10/site-packages/airflow/example_dags/example_task_group_decorator.py
[2023-11-24T10:25:40.529+0800] {logging_mixin.py:154} INFO - [2023-11-24T10:25:40.529+0800] {dag.py:2941} INFO - Sync 1 DAGs
[2023-11-24T10:25:40.567+0800] {logging_mixin.py:154} INFO - [2023-11-24T10:25:40.567+0800] {dag.py:3722} INFO - Setting next_dagrun for example_task_group_decorator to 2023-11-23T02:25:40.566843+00:00, run_after=2023-11-24T02:25:40.566843+00:00
[2023-11-24T10:25:40.615+0800] {processor.py:179} INFO - Processing /home/azfarmustafa/airflow_tutorial/.venv/lib/python3.10/site-packages/airflow/example_dags/example_task_group_decorator.py took 0.147 seconds
[2023-11-24T10:26:27.372+0800] {processor.py:157} INFO - Started process (PID=58747) to work on /home/azfarmustafa/airflow_tutorial/.venv/lib/python3.10/site-packages/airflow/example_dags/example_task_group_decorator.py
[2023-11-24T10:26:27.375+0800] {processor.py:829} INFO - Processing file /home/azfarmustafa/airflow_tutorial/.venv/lib/python3.10/site-packages/airflow/example_dags/example_task_group_decorator.py for tasks to queue
[2023-11-24T10:26:27.377+0800] {logging_mixin.py:154} INFO - [2023-11-24T10:26:27.376+0800] {dagbag.py:536} INFO - Filling up the DagBag from /home/azfarmustafa/airflow_tutorial/.venv/lib/python3.10/site-packages/airflow/example_dags/example_task_group_decorator.py
[2023-11-24T10:26:27.399+0800] {processor.py:839} INFO - DAG(s) dict_keys(['example_task_group_decorator']) retrieved from /home/azfarmustafa/airflow_tutorial/.venv/lib/python3.10/site-packages/airflow/example_dags/example_task_group_decorator.py
[2023-11-24T10:26:27.421+0800] {logging_mixin.py:154} INFO - [2023-11-24T10:26:27.420+0800] {dag.py:2941} INFO - Sync 1 DAGs
[2023-11-24T10:26:27.444+0800] {logging_mixin.py:154} INFO - [2023-11-24T10:26:27.444+0800] {dag.py:3722} INFO - Setting next_dagrun for example_task_group_decorator to 2023-11-23T02:26:27.443952+00:00, run_after=2023-11-24T02:26:27.443952+00:00
[2023-11-24T10:26:27.476+0800] {processor.py:179} INFO - Processing /home/azfarmustafa/airflow_tutorial/.venv/lib/python3.10/site-packages/airflow/example_dags/example_task_group_decorator.py took 0.106 seconds
[2023-11-24T10:27:13.035+0800] {processor.py:157} INFO - Started process (PID=58800) to work on /home/azfarmustafa/airflow_tutorial/.venv/lib/python3.10/site-packages/airflow/example_dags/example_task_group_decorator.py
[2023-11-24T10:27:13.037+0800] {processor.py:829} INFO - Processing file /home/azfarmustafa/airflow_tutorial/.venv/lib/python3.10/site-packages/airflow/example_dags/example_task_group_decorator.py for tasks to queue
[2023-11-24T10:27:13.037+0800] {logging_mixin.py:154} INFO - [2023-11-24T10:27:13.037+0800] {dagbag.py:536} INFO - Filling up the DagBag from /home/azfarmustafa/airflow_tutorial/.venv/lib/python3.10/site-packages/airflow/example_dags/example_task_group_decorator.py
[2023-11-24T10:27:13.051+0800] {processor.py:839} INFO - DAG(s) dict_keys(['example_task_group_decorator']) retrieved from /home/azfarmustafa/airflow_tutorial/.venv/lib/python3.10/site-packages/airflow/example_dags/example_task_group_decorator.py
[2023-11-24T10:27:13.067+0800] {logging_mixin.py:154} INFO - [2023-11-24T10:27:13.066+0800] {dag.py:2941} INFO - Sync 1 DAGs
[2023-11-24T10:27:13.086+0800] {logging_mixin.py:154} INFO - [2023-11-24T10:27:13.086+0800] {dag.py:3722} INFO - Setting next_dagrun for example_task_group_decorator to 2023-11-23T02:27:13.085971+00:00, run_after=2023-11-24T02:27:13.085971+00:00
[2023-11-24T10:27:13.111+0800] {processor.py:179} INFO - Processing /home/azfarmustafa/airflow_tutorial/.venv/lib/python3.10/site-packages/airflow/example_dags/example_task_group_decorator.py took 0.079 seconds
[2023-11-24T10:27:59.226+0800] {processor.py:157} INFO - Started process (PID=58847) to work on /home/azfarmustafa/airflow_tutorial/.venv/lib/python3.10/site-packages/airflow/example_dags/example_task_group_decorator.py
[2023-11-24T10:27:59.230+0800] {processor.py:829} INFO - Processing file /home/azfarmustafa/airflow_tutorial/.venv/lib/python3.10/site-packages/airflow/example_dags/example_task_group_decorator.py for tasks to queue
[2023-11-24T10:27:59.231+0800] {logging_mixin.py:154} INFO - [2023-11-24T10:27:59.230+0800] {dagbag.py:536} INFO - Filling up the DagBag from /home/azfarmustafa/airflow_tutorial/.venv/lib/python3.10/site-packages/airflow/example_dags/example_task_group_decorator.py
[2023-11-24T10:27:59.245+0800] {processor.py:839} INFO - DAG(s) dict_keys(['example_task_group_decorator']) retrieved from /home/azfarmustafa/airflow_tutorial/.venv/lib/python3.10/site-packages/airflow/example_dags/example_task_group_decorator.py
[2023-11-24T10:27:59.262+0800] {logging_mixin.py:154} INFO - [2023-11-24T10:27:59.262+0800] {dag.py:2941} INFO - Sync 1 DAGs
[2023-11-24T10:27:59.280+0800] {logging_mixin.py:154} INFO - [2023-11-24T10:27:59.280+0800] {dag.py:3722} INFO - Setting next_dagrun for example_task_group_decorator to 2023-11-23T02:27:59.279931+00:00, run_after=2023-11-24T02:27:59.279931+00:00
[2023-11-24T10:27:59.306+0800] {processor.py:179} INFO - Processing /home/azfarmustafa/airflow_tutorial/.venv/lib/python3.10/site-packages/airflow/example_dags/example_task_group_decorator.py took 0.083 seconds
[2023-11-24T10:28:48.497+0800] {processor.py:157} INFO - Started process (PID=58901) to work on /home/azfarmustafa/airflow_tutorial/.venv/lib/python3.10/site-packages/airflow/example_dags/example_task_group_decorator.py
[2023-11-24T10:28:48.498+0800] {processor.py:829} INFO - Processing file /home/azfarmustafa/airflow_tutorial/.venv/lib/python3.10/site-packages/airflow/example_dags/example_task_group_decorator.py for tasks to queue
[2023-11-24T10:28:48.499+0800] {logging_mixin.py:154} INFO - [2023-11-24T10:28:48.499+0800] {dagbag.py:536} INFO - Filling up the DagBag from /home/azfarmustafa/airflow_tutorial/.venv/lib/python3.10/site-packages/airflow/example_dags/example_task_group_decorator.py
[2023-11-24T10:28:48.513+0800] {processor.py:839} INFO - DAG(s) dict_keys(['example_task_group_decorator']) retrieved from /home/azfarmustafa/airflow_tutorial/.venv/lib/python3.10/site-packages/airflow/example_dags/example_task_group_decorator.py
[2023-11-24T10:28:48.530+0800] {logging_mixin.py:154} INFO - [2023-11-24T10:28:48.530+0800] {dag.py:2941} INFO - Sync 1 DAGs
[2023-11-24T10:28:48.548+0800] {logging_mixin.py:154} INFO - [2023-11-24T10:28:48.548+0800] {dag.py:3722} INFO - Setting next_dagrun for example_task_group_decorator to 2023-11-23T02:28:48.548000+00:00, run_after=2023-11-24T02:28:48.548000+00:00
[2023-11-24T10:28:48.572+0800] {processor.py:179} INFO - Processing /home/azfarmustafa/airflow_tutorial/.venv/lib/python3.10/site-packages/airflow/example_dags/example_task_group_decorator.py took 0.077 seconds
[2023-11-24T10:29:35.006+0800] {processor.py:157} INFO - Started process (PID=58949) to work on /home/azfarmustafa/airflow_tutorial/.venv/lib/python3.10/site-packages/airflow/example_dags/example_task_group_decorator.py
[2023-11-24T10:29:35.007+0800] {processor.py:829} INFO - Processing file /home/azfarmustafa/airflow_tutorial/.venv/lib/python3.10/site-packages/airflow/example_dags/example_task_group_decorator.py for tasks to queue
[2023-11-24T10:29:35.009+0800] {logging_mixin.py:154} INFO - [2023-11-24T10:29:35.008+0800] {dagbag.py:536} INFO - Filling up the DagBag from /home/azfarmustafa/airflow_tutorial/.venv/lib/python3.10/site-packages/airflow/example_dags/example_task_group_decorator.py
[2023-11-24T10:29:35.026+0800] {processor.py:839} INFO - DAG(s) dict_keys(['example_task_group_decorator']) retrieved from /home/azfarmustafa/airflow_tutorial/.venv/lib/python3.10/site-packages/airflow/example_dags/example_task_group_decorator.py
[2023-11-24T10:29:35.046+0800] {logging_mixin.py:154} INFO - [2023-11-24T10:29:35.046+0800] {dag.py:2941} INFO - Sync 1 DAGs
[2023-11-24T10:29:35.065+0800] {logging_mixin.py:154} INFO - [2023-11-24T10:29:35.065+0800] {dag.py:3722} INFO - Setting next_dagrun for example_task_group_decorator to 2023-11-23T02:29:35.065522+00:00, run_after=2023-11-24T02:29:35.065522+00:00
[2023-11-24T10:29:35.090+0800] {processor.py:179} INFO - Processing /home/azfarmustafa/airflow_tutorial/.venv/lib/python3.10/site-packages/airflow/example_dags/example_task_group_decorator.py took 0.087 seconds
[2023-11-24T10:30:22.757+0800] {processor.py:157} INFO - Started process (PID=58998) to work on /home/azfarmustafa/airflow_tutorial/.venv/lib/python3.10/site-packages/airflow/example_dags/example_task_group_decorator.py
[2023-11-24T10:30:22.759+0800] {processor.py:829} INFO - Processing file /home/azfarmustafa/airflow_tutorial/.venv/lib/python3.10/site-packages/airflow/example_dags/example_task_group_decorator.py for tasks to queue
[2023-11-24T10:30:22.759+0800] {logging_mixin.py:154} INFO - [2023-11-24T10:30:22.759+0800] {dagbag.py:536} INFO - Filling up the DagBag from /home/azfarmustafa/airflow_tutorial/.venv/lib/python3.10/site-packages/airflow/example_dags/example_task_group_decorator.py
[2023-11-24T10:30:22.776+0800] {processor.py:839} INFO - DAG(s) dict_keys(['example_task_group_decorator']) retrieved from /home/azfarmustafa/airflow_tutorial/.venv/lib/python3.10/site-packages/airflow/example_dags/example_task_group_decorator.py
[2023-11-24T10:30:22.798+0800] {logging_mixin.py:154} INFO - [2023-11-24T10:30:22.798+0800] {dag.py:2941} INFO - Sync 1 DAGs
[2023-11-24T10:30:22.816+0800] {logging_mixin.py:154} INFO - [2023-11-24T10:30:22.816+0800] {dag.py:3722} INFO - Setting next_dagrun for example_task_group_decorator to 2023-11-23T02:30:22.815788+00:00, run_after=2023-11-24T02:30:22.815788+00:00
[2023-11-24T10:30:22.841+0800] {processor.py:179} INFO - Processing /home/azfarmustafa/airflow_tutorial/.venv/lib/python3.10/site-packages/airflow/example_dags/example_task_group_decorator.py took 0.088 seconds
[2023-11-24T10:31:10.458+0800] {processor.py:157} INFO - Started process (PID=59046) to work on /home/azfarmustafa/airflow_tutorial/.venv/lib/python3.10/site-packages/airflow/example_dags/example_task_group_decorator.py
[2023-11-24T10:31:10.463+0800] {processor.py:829} INFO - Processing file /home/azfarmustafa/airflow_tutorial/.venv/lib/python3.10/site-packages/airflow/example_dags/example_task_group_decorator.py for tasks to queue
[2023-11-24T10:31:10.463+0800] {logging_mixin.py:154} INFO - [2023-11-24T10:31:10.463+0800] {dagbag.py:536} INFO - Filling up the DagBag from /home/azfarmustafa/airflow_tutorial/.venv/lib/python3.10/site-packages/airflow/example_dags/example_task_group_decorator.py
[2023-11-24T10:31:10.480+0800] {processor.py:839} INFO - DAG(s) dict_keys(['example_task_group_decorator']) retrieved from /home/azfarmustafa/airflow_tutorial/.venv/lib/python3.10/site-packages/airflow/example_dags/example_task_group_decorator.py
[2023-11-24T10:31:10.497+0800] {logging_mixin.py:154} INFO - [2023-11-24T10:31:10.497+0800] {dag.py:2941} INFO - Sync 1 DAGs
[2023-11-24T10:31:10.517+0800] {logging_mixin.py:154} INFO - [2023-11-24T10:31:10.517+0800] {dag.py:3722} INFO - Setting next_dagrun for example_task_group_decorator to 2023-11-23T02:31:10.517050+00:00, run_after=2023-11-24T02:31:10.517050+00:00
[2023-11-24T10:31:10.542+0800] {processor.py:179} INFO - Processing /home/azfarmustafa/airflow_tutorial/.venv/lib/python3.10/site-packages/airflow/example_dags/example_task_group_decorator.py took 0.086 seconds
[2023-11-24T10:31:54.590+0800] {processor.py:157} INFO - Started process (PID=59092) to work on /home/azfarmustafa/airflow_tutorial/.venv/lib/python3.10/site-packages/airflow/example_dags/example_task_group_decorator.py
[2023-11-24T10:31:54.595+0800] {processor.py:829} INFO - Processing file /home/azfarmustafa/airflow_tutorial/.venv/lib/python3.10/site-packages/airflow/example_dags/example_task_group_decorator.py for tasks to queue
[2023-11-24T10:31:54.595+0800] {logging_mixin.py:154} INFO - [2023-11-24T10:31:54.595+0800] {dagbag.py:536} INFO - Filling up the DagBag from /home/azfarmustafa/airflow_tutorial/.venv/lib/python3.10/site-packages/airflow/example_dags/example_task_group_decorator.py
[2023-11-24T10:31:54.608+0800] {processor.py:839} INFO - DAG(s) dict_keys(['example_task_group_decorator']) retrieved from /home/azfarmustafa/airflow_tutorial/.venv/lib/python3.10/site-packages/airflow/example_dags/example_task_group_decorator.py
[2023-11-24T10:31:54.625+0800] {logging_mixin.py:154} INFO - [2023-11-24T10:31:54.625+0800] {dag.py:2941} INFO - Sync 1 DAGs
[2023-11-24T10:31:54.649+0800] {logging_mixin.py:154} INFO - [2023-11-24T10:31:54.648+0800] {dag.py:3722} INFO - Setting next_dagrun for example_task_group_decorator to 2023-11-23T02:31:54.648502+00:00, run_after=2023-11-24T02:31:54.648502+00:00
[2023-11-24T10:31:54.676+0800] {processor.py:179} INFO - Processing /home/azfarmustafa/airflow_tutorial/.venv/lib/python3.10/site-packages/airflow/example_dags/example_task_group_decorator.py took 0.087 seconds
[2023-11-24T10:32:45.870+0800] {processor.py:157} INFO - Started process (PID=59142) to work on /home/azfarmustafa/airflow_tutorial/.venv/lib/python3.10/site-packages/airflow/example_dags/example_task_group_decorator.py
[2023-11-24T10:32:45.874+0800] {processor.py:829} INFO - Processing file /home/azfarmustafa/airflow_tutorial/.venv/lib/python3.10/site-packages/airflow/example_dags/example_task_group_decorator.py for tasks to queue
[2023-11-24T10:32:45.875+0800] {logging_mixin.py:154} INFO - [2023-11-24T10:32:45.875+0800] {dagbag.py:536} INFO - Filling up the DagBag from /home/azfarmustafa/airflow_tutorial/.venv/lib/python3.10/site-packages/airflow/example_dags/example_task_group_decorator.py
[2023-11-24T10:32:45.891+0800] {processor.py:839} INFO - DAG(s) dict_keys(['example_task_group_decorator']) retrieved from /home/azfarmustafa/airflow_tutorial/.venv/lib/python3.10/site-packages/airflow/example_dags/example_task_group_decorator.py
[2023-11-24T10:32:45.910+0800] {logging_mixin.py:154} INFO - [2023-11-24T10:32:45.909+0800] {dag.py:2941} INFO - Sync 1 DAGs
[2023-11-24T10:32:45.932+0800] {logging_mixin.py:154} INFO - [2023-11-24T10:32:45.932+0800] {dag.py:3722} INFO - Setting next_dagrun for example_task_group_decorator to 2023-11-23T02:32:45.932344+00:00, run_after=2023-11-24T02:32:45.932344+00:00
[2023-11-24T10:32:45.961+0800] {processor.py:179} INFO - Processing /home/azfarmustafa/airflow_tutorial/.venv/lib/python3.10/site-packages/airflow/example_dags/example_task_group_decorator.py took 0.096 seconds
[2023-11-24T10:33:36.599+0800] {processor.py:157} INFO - Started process (PID=59192) to work on /home/azfarmustafa/airflow_tutorial/.venv/lib/python3.10/site-packages/airflow/example_dags/example_task_group_decorator.py
[2023-11-24T10:33:36.604+0800] {processor.py:829} INFO - Processing file /home/azfarmustafa/airflow_tutorial/.venv/lib/python3.10/site-packages/airflow/example_dags/example_task_group_decorator.py for tasks to queue
[2023-11-24T10:33:36.608+0800] {logging_mixin.py:154} INFO - [2023-11-24T10:33:36.606+0800] {dagbag.py:536} INFO - Filling up the DagBag from /home/azfarmustafa/airflow_tutorial/.venv/lib/python3.10/site-packages/airflow/example_dags/example_task_group_decorator.py
[2023-11-24T10:33:36.627+0800] {processor.py:839} INFO - DAG(s) dict_keys(['example_task_group_decorator']) retrieved from /home/azfarmustafa/airflow_tutorial/.venv/lib/python3.10/site-packages/airflow/example_dags/example_task_group_decorator.py
[2023-11-24T10:33:36.650+0800] {logging_mixin.py:154} INFO - [2023-11-24T10:33:36.649+0800] {dag.py:2941} INFO - Sync 1 DAGs
[2023-11-24T10:33:36.677+0800] {logging_mixin.py:154} INFO - [2023-11-24T10:33:36.677+0800] {dag.py:3722} INFO - Setting next_dagrun for example_task_group_decorator to 2023-11-23T02:33:36.677240+00:00, run_after=2023-11-24T02:33:36.677240+00:00
[2023-11-24T10:33:36.751+0800] {processor.py:179} INFO - Processing /home/azfarmustafa/airflow_tutorial/.venv/lib/python3.10/site-packages/airflow/example_dags/example_task_group_decorator.py took 0.156 seconds
[2023-11-24T10:34:27.586+0800] {processor.py:157} INFO - Started process (PID=59243) to work on /home/azfarmustafa/airflow_tutorial/.venv/lib/python3.10/site-packages/airflow/example_dags/example_task_group_decorator.py
[2023-11-24T10:34:27.590+0800] {processor.py:829} INFO - Processing file /home/azfarmustafa/airflow_tutorial/.venv/lib/python3.10/site-packages/airflow/example_dags/example_task_group_decorator.py for tasks to queue
[2023-11-24T10:34:27.592+0800] {logging_mixin.py:154} INFO - [2023-11-24T10:34:27.591+0800] {dagbag.py:536} INFO - Filling up the DagBag from /home/azfarmustafa/airflow_tutorial/.venv/lib/python3.10/site-packages/airflow/example_dags/example_task_group_decorator.py
[2023-11-24T10:34:27.607+0800] {processor.py:839} INFO - DAG(s) dict_keys(['example_task_group_decorator']) retrieved from /home/azfarmustafa/airflow_tutorial/.venv/lib/python3.10/site-packages/airflow/example_dags/example_task_group_decorator.py
[2023-11-24T10:34:27.625+0800] {logging_mixin.py:154} INFO - [2023-11-24T10:34:27.625+0800] {dag.py:2941} INFO - Sync 1 DAGs
[2023-11-24T10:34:27.647+0800] {logging_mixin.py:154} INFO - [2023-11-24T10:34:27.646+0800] {dag.py:3722} INFO - Setting next_dagrun for example_task_group_decorator to 2023-11-23T02:34:27.646596+00:00, run_after=2023-11-24T02:34:27.646596+00:00
[2023-11-24T10:34:27.675+0800] {processor.py:179} INFO - Processing /home/azfarmustafa/airflow_tutorial/.venv/lib/python3.10/site-packages/airflow/example_dags/example_task_group_decorator.py took 0.094 seconds
[2023-11-24T10:35:11.612+0800] {processor.py:157} INFO - Started process (PID=59294) to work on /home/azfarmustafa/airflow_tutorial/.venv/lib/python3.10/site-packages/airflow/example_dags/example_task_group_decorator.py
[2023-11-24T10:35:11.616+0800] {processor.py:829} INFO - Processing file /home/azfarmustafa/airflow_tutorial/.venv/lib/python3.10/site-packages/airflow/example_dags/example_task_group_decorator.py for tasks to queue
[2023-11-24T10:35:11.617+0800] {logging_mixin.py:154} INFO - [2023-11-24T10:35:11.617+0800] {dagbag.py:536} INFO - Filling up the DagBag from /home/azfarmustafa/airflow_tutorial/.venv/lib/python3.10/site-packages/airflow/example_dags/example_task_group_decorator.py
[2023-11-24T10:35:11.633+0800] {processor.py:839} INFO - DAG(s) dict_keys(['example_task_group_decorator']) retrieved from /home/azfarmustafa/airflow_tutorial/.venv/lib/python3.10/site-packages/airflow/example_dags/example_task_group_decorator.py
[2023-11-24T10:35:11.656+0800] {logging_mixin.py:154} INFO - [2023-11-24T10:35:11.656+0800] {dag.py:2941} INFO - Sync 1 DAGs
[2023-11-24T10:35:11.675+0800] {logging_mixin.py:154} INFO - [2023-11-24T10:35:11.675+0800] {dag.py:3722} INFO - Setting next_dagrun for example_task_group_decorator to 2023-11-23T02:35:11.675012+00:00, run_after=2023-11-24T02:35:11.675012+00:00
[2023-11-24T10:35:11.701+0800] {processor.py:179} INFO - Processing /home/azfarmustafa/airflow_tutorial/.venv/lib/python3.10/site-packages/airflow/example_dags/example_task_group_decorator.py took 0.092 seconds
[2023-11-24T10:35:55.022+0800] {processor.py:157} INFO - Started process (PID=59340) to work on /home/azfarmustafa/airflow_tutorial/.venv/lib/python3.10/site-packages/airflow/example_dags/example_task_group_decorator.py
[2023-11-24T10:35:55.027+0800] {processor.py:829} INFO - Processing file /home/azfarmustafa/airflow_tutorial/.venv/lib/python3.10/site-packages/airflow/example_dags/example_task_group_decorator.py for tasks to queue
[2023-11-24T10:35:55.028+0800] {logging_mixin.py:154} INFO - [2023-11-24T10:35:55.027+0800] {dagbag.py:536} INFO - Filling up the DagBag from /home/azfarmustafa/airflow_tutorial/.venv/lib/python3.10/site-packages/airflow/example_dags/example_task_group_decorator.py
[2023-11-24T10:35:55.042+0800] {processor.py:839} INFO - DAG(s) dict_keys(['example_task_group_decorator']) retrieved from /home/azfarmustafa/airflow_tutorial/.venv/lib/python3.10/site-packages/airflow/example_dags/example_task_group_decorator.py
[2023-11-24T10:35:55.058+0800] {logging_mixin.py:154} INFO - [2023-11-24T10:35:55.058+0800] {dag.py:2941} INFO - Sync 1 DAGs
[2023-11-24T10:35:55.075+0800] {logging_mixin.py:154} INFO - [2023-11-24T10:35:55.075+0800] {dag.py:3722} INFO - Setting next_dagrun for example_task_group_decorator to 2023-11-23T02:35:55.075555+00:00, run_after=2023-11-24T02:35:55.075555+00:00
[2023-11-24T10:35:55.101+0800] {processor.py:179} INFO - Processing /home/azfarmustafa/airflow_tutorial/.venv/lib/python3.10/site-packages/airflow/example_dags/example_task_group_decorator.py took 0.081 seconds
[2023-11-24T10:36:35.098+0800] {processor.py:157} INFO - Started process (PID=59383) to work on /home/azfarmustafa/airflow_tutorial/.venv/lib/python3.10/site-packages/airflow/example_dags/example_task_group_decorator.py
[2023-11-24T10:36:35.103+0800] {processor.py:829} INFO - Processing file /home/azfarmustafa/airflow_tutorial/.venv/lib/python3.10/site-packages/airflow/example_dags/example_task_group_decorator.py for tasks to queue
[2023-11-24T10:36:35.104+0800] {logging_mixin.py:154} INFO - [2023-11-24T10:36:35.103+0800] {dagbag.py:536} INFO - Filling up the DagBag from /home/azfarmustafa/airflow_tutorial/.venv/lib/python3.10/site-packages/airflow/example_dags/example_task_group_decorator.py
[2023-11-24T10:36:35.121+0800] {processor.py:839} INFO - DAG(s) dict_keys(['example_task_group_decorator']) retrieved from /home/azfarmustafa/airflow_tutorial/.venv/lib/python3.10/site-packages/airflow/example_dags/example_task_group_decorator.py
[2023-11-24T10:36:35.138+0800] {logging_mixin.py:154} INFO - [2023-11-24T10:36:35.138+0800] {dag.py:2941} INFO - Sync 1 DAGs
[2023-11-24T10:36:35.158+0800] {logging_mixin.py:154} INFO - [2023-11-24T10:36:35.158+0800] {dag.py:3722} INFO - Setting next_dagrun for example_task_group_decorator to 2023-11-23T02:36:35.158447+00:00, run_after=2023-11-24T02:36:35.158447+00:00
[2023-11-24T10:36:35.181+0800] {processor.py:179} INFO - Processing /home/azfarmustafa/airflow_tutorial/.venv/lib/python3.10/site-packages/airflow/example_dags/example_task_group_decorator.py took 0.085 seconds
[2023-11-24T10:37:22.707+0800] {processor.py:157} INFO - Started process (PID=59431) to work on /home/azfarmustafa/airflow_tutorial/.venv/lib/python3.10/site-packages/airflow/example_dags/example_task_group_decorator.py
[2023-11-24T10:37:22.712+0800] {processor.py:829} INFO - Processing file /home/azfarmustafa/airflow_tutorial/.venv/lib/python3.10/site-packages/airflow/example_dags/example_task_group_decorator.py for tasks to queue
[2023-11-24T10:37:22.713+0800] {logging_mixin.py:154} INFO - [2023-11-24T10:37:22.712+0800] {dagbag.py:536} INFO - Filling up the DagBag from /home/azfarmustafa/airflow_tutorial/.venv/lib/python3.10/site-packages/airflow/example_dags/example_task_group_decorator.py
[2023-11-24T10:37:22.726+0800] {processor.py:839} INFO - DAG(s) dict_keys(['example_task_group_decorator']) retrieved from /home/azfarmustafa/airflow_tutorial/.venv/lib/python3.10/site-packages/airflow/example_dags/example_task_group_decorator.py
[2023-11-24T10:37:22.742+0800] {logging_mixin.py:154} INFO - [2023-11-24T10:37:22.742+0800] {dag.py:2941} INFO - Sync 1 DAGs
[2023-11-24T10:37:22.759+0800] {logging_mixin.py:154} INFO - [2023-11-24T10:37:22.759+0800] {dag.py:3722} INFO - Setting next_dagrun for example_task_group_decorator to 2023-11-23T02:37:22.758814+00:00, run_after=2023-11-24T02:37:22.758814+00:00
[2023-11-24T10:37:22.783+0800] {processor.py:179} INFO - Processing /home/azfarmustafa/airflow_tutorial/.venv/lib/python3.10/site-packages/airflow/example_dags/example_task_group_decorator.py took 0.079 seconds
[2023-11-24T10:38:08.400+0800] {processor.py:157} INFO - Started process (PID=59478) to work on /home/azfarmustafa/airflow_tutorial/.venv/lib/python3.10/site-packages/airflow/example_dags/example_task_group_decorator.py
[2023-11-24T10:38:08.404+0800] {processor.py:829} INFO - Processing file /home/azfarmustafa/airflow_tutorial/.venv/lib/python3.10/site-packages/airflow/example_dags/example_task_group_decorator.py for tasks to queue
[2023-11-24T10:38:08.405+0800] {logging_mixin.py:154} INFO - [2023-11-24T10:38:08.405+0800] {dagbag.py:536} INFO - Filling up the DagBag from /home/azfarmustafa/airflow_tutorial/.venv/lib/python3.10/site-packages/airflow/example_dags/example_task_group_decorator.py
[2023-11-24T10:38:08.421+0800] {processor.py:839} INFO - DAG(s) dict_keys(['example_task_group_decorator']) retrieved from /home/azfarmustafa/airflow_tutorial/.venv/lib/python3.10/site-packages/airflow/example_dags/example_task_group_decorator.py
[2023-11-24T10:38:08.441+0800] {logging_mixin.py:154} INFO - [2023-11-24T10:38:08.441+0800] {dag.py:2941} INFO - Sync 1 DAGs
[2023-11-24T10:38:08.462+0800] {logging_mixin.py:154} INFO - [2023-11-24T10:38:08.462+0800] {dag.py:3722} INFO - Setting next_dagrun for example_task_group_decorator to 2023-11-23T02:38:08.462056+00:00, run_after=2023-11-24T02:38:08.462056+00:00
[2023-11-24T10:38:08.487+0800] {processor.py:179} INFO - Processing /home/azfarmustafa/airflow_tutorial/.venv/lib/python3.10/site-packages/airflow/example_dags/example_task_group_decorator.py took 0.089 seconds
[2023-11-24T10:38:57.979+0800] {processor.py:157} INFO - Started process (PID=59527) to work on /home/azfarmustafa/airflow_tutorial/.venv/lib/python3.10/site-packages/airflow/example_dags/example_task_group_decorator.py
[2023-11-24T10:38:57.984+0800] {processor.py:829} INFO - Processing file /home/azfarmustafa/airflow_tutorial/.venv/lib/python3.10/site-packages/airflow/example_dags/example_task_group_decorator.py for tasks to queue
[2023-11-24T10:38:57.985+0800] {logging_mixin.py:154} INFO - [2023-11-24T10:38:57.984+0800] {dagbag.py:536} INFO - Filling up the DagBag from /home/azfarmustafa/airflow_tutorial/.venv/lib/python3.10/site-packages/airflow/example_dags/example_task_group_decorator.py
[2023-11-24T10:38:58.002+0800] {processor.py:839} INFO - DAG(s) dict_keys(['example_task_group_decorator']) retrieved from /home/azfarmustafa/airflow_tutorial/.venv/lib/python3.10/site-packages/airflow/example_dags/example_task_group_decorator.py
[2023-11-24T10:38:58.021+0800] {logging_mixin.py:154} INFO - [2023-11-24T10:38:58.021+0800] {dag.py:2941} INFO - Sync 1 DAGs
[2023-11-24T10:38:58.040+0800] {logging_mixin.py:154} INFO - [2023-11-24T10:38:58.040+0800] {dag.py:3722} INFO - Setting next_dagrun for example_task_group_decorator to 2023-11-23T02:38:58.040532+00:00, run_after=2023-11-24T02:38:58.040532+00:00
[2023-11-24T10:38:58.063+0800] {processor.py:179} INFO - Processing /home/azfarmustafa/airflow_tutorial/.venv/lib/python3.10/site-packages/airflow/example_dags/example_task_group_decorator.py took 0.087 seconds
[2023-11-24T10:39:49.561+0800] {processor.py:157} INFO - Started process (PID=59577) to work on /home/azfarmustafa/airflow_tutorial/.venv/lib/python3.10/site-packages/airflow/example_dags/example_task_group_decorator.py
[2023-11-24T10:39:49.565+0800] {processor.py:829} INFO - Processing file /home/azfarmustafa/airflow_tutorial/.venv/lib/python3.10/site-packages/airflow/example_dags/example_task_group_decorator.py for tasks to queue
[2023-11-24T10:39:49.566+0800] {logging_mixin.py:154} INFO - [2023-11-24T10:39:49.566+0800] {dagbag.py:536} INFO - Filling up the DagBag from /home/azfarmustafa/airflow_tutorial/.venv/lib/python3.10/site-packages/airflow/example_dags/example_task_group_decorator.py
[2023-11-24T10:39:49.581+0800] {processor.py:839} INFO - DAG(s) dict_keys(['example_task_group_decorator']) retrieved from /home/azfarmustafa/airflow_tutorial/.venv/lib/python3.10/site-packages/airflow/example_dags/example_task_group_decorator.py
[2023-11-24T10:39:49.601+0800] {logging_mixin.py:154} INFO - [2023-11-24T10:39:49.601+0800] {dag.py:2941} INFO - Sync 1 DAGs
[2023-11-24T10:39:49.621+0800] {logging_mixin.py:154} INFO - [2023-11-24T10:39:49.621+0800] {dag.py:3722} INFO - Setting next_dagrun for example_task_group_decorator to 2023-11-23T02:39:49.620971+00:00, run_after=2023-11-24T02:39:49.620971+00:00
[2023-11-24T10:39:49.653+0800] {processor.py:179} INFO - Processing /home/azfarmustafa/airflow_tutorial/.venv/lib/python3.10/site-packages/airflow/example_dags/example_task_group_decorator.py took 0.096 seconds
[2023-11-24T10:40:33.960+0800] {processor.py:157} INFO - Started process (PID=59624) to work on /home/azfarmustafa/airflow_tutorial/.venv/lib/python3.10/site-packages/airflow/example_dags/example_task_group_decorator.py
[2023-11-24T10:40:33.965+0800] {processor.py:829} INFO - Processing file /home/azfarmustafa/airflow_tutorial/.venv/lib/python3.10/site-packages/airflow/example_dags/example_task_group_decorator.py for tasks to queue
[2023-11-24T10:40:33.966+0800] {logging_mixin.py:154} INFO - [2023-11-24T10:40:33.965+0800] {dagbag.py:536} INFO - Filling up the DagBag from /home/azfarmustafa/airflow_tutorial/.venv/lib/python3.10/site-packages/airflow/example_dags/example_task_group_decorator.py
[2023-11-24T10:40:33.982+0800] {processor.py:839} INFO - DAG(s) dict_keys(['example_task_group_decorator']) retrieved from /home/azfarmustafa/airflow_tutorial/.venv/lib/python3.10/site-packages/airflow/example_dags/example_task_group_decorator.py
[2023-11-24T10:40:34.006+0800] {logging_mixin.py:154} INFO - [2023-11-24T10:40:34.005+0800] {dag.py:2941} INFO - Sync 1 DAGs
[2023-11-24T10:40:34.024+0800] {logging_mixin.py:154} INFO - [2023-11-24T10:40:34.024+0800] {dag.py:3722} INFO - Setting next_dagrun for example_task_group_decorator to 2023-11-23T02:40:34.024289+00:00, run_after=2023-11-24T02:40:34.024289+00:00
[2023-11-24T10:40:34.049+0800] {processor.py:179} INFO - Processing /home/azfarmustafa/airflow_tutorial/.venv/lib/python3.10/site-packages/airflow/example_dags/example_task_group_decorator.py took 0.092 seconds
[2023-11-24T10:41:20.309+0800] {processor.py:157} INFO - Started process (PID=59676) to work on /home/azfarmustafa/airflow_tutorial/.venv/lib/python3.10/site-packages/airflow/example_dags/example_task_group_decorator.py
[2023-11-24T10:41:20.313+0800] {processor.py:829} INFO - Processing file /home/azfarmustafa/airflow_tutorial/.venv/lib/python3.10/site-packages/airflow/example_dags/example_task_group_decorator.py for tasks to queue
[2023-11-24T10:41:20.315+0800] {logging_mixin.py:154} INFO - [2023-11-24T10:41:20.314+0800] {dagbag.py:536} INFO - Filling up the DagBag from /home/azfarmustafa/airflow_tutorial/.venv/lib/python3.10/site-packages/airflow/example_dags/example_task_group_decorator.py
[2023-11-24T10:41:20.333+0800] {processor.py:839} INFO - DAG(s) dict_keys(['example_task_group_decorator']) retrieved from /home/azfarmustafa/airflow_tutorial/.venv/lib/python3.10/site-packages/airflow/example_dags/example_task_group_decorator.py
[2023-11-24T10:41:20.351+0800] {logging_mixin.py:154} INFO - [2023-11-24T10:41:20.351+0800] {dag.py:2941} INFO - Sync 1 DAGs
[2023-11-24T10:41:20.373+0800] {logging_mixin.py:154} INFO - [2023-11-24T10:41:20.372+0800] {dag.py:3722} INFO - Setting next_dagrun for example_task_group_decorator to 2023-11-23T02:41:20.372730+00:00, run_after=2023-11-24T02:41:20.372730+00:00
[2023-11-24T10:41:20.400+0800] {processor.py:179} INFO - Processing /home/azfarmustafa/airflow_tutorial/.venv/lib/python3.10/site-packages/airflow/example_dags/example_task_group_decorator.py took 0.094 seconds
[2023-11-24T10:42:08.837+0800] {processor.py:157} INFO - Started process (PID=59725) to work on /home/azfarmustafa/airflow_tutorial/.venv/lib/python3.10/site-packages/airflow/example_dags/example_task_group_decorator.py
[2023-11-24T10:42:08.842+0800] {processor.py:829} INFO - Processing file /home/azfarmustafa/airflow_tutorial/.venv/lib/python3.10/site-packages/airflow/example_dags/example_task_group_decorator.py for tasks to queue
[2023-11-24T10:42:08.843+0800] {logging_mixin.py:154} INFO - [2023-11-24T10:42:08.843+0800] {dagbag.py:536} INFO - Filling up the DagBag from /home/azfarmustafa/airflow_tutorial/.venv/lib/python3.10/site-packages/airflow/example_dags/example_task_group_decorator.py
[2023-11-24T10:42:08.857+0800] {processor.py:839} INFO - DAG(s) dict_keys(['example_task_group_decorator']) retrieved from /home/azfarmustafa/airflow_tutorial/.venv/lib/python3.10/site-packages/airflow/example_dags/example_task_group_decorator.py
[2023-11-24T10:42:08.877+0800] {logging_mixin.py:154} INFO - [2023-11-24T10:42:08.877+0800] {dag.py:2941} INFO - Sync 1 DAGs
[2023-11-24T10:42:08.899+0800] {logging_mixin.py:154} INFO - [2023-11-24T10:42:08.899+0800] {dag.py:3722} INFO - Setting next_dagrun for example_task_group_decorator to 2023-11-23T02:42:08.899002+00:00, run_after=2023-11-24T02:42:08.899002+00:00
[2023-11-24T10:42:08.926+0800] {processor.py:179} INFO - Processing /home/azfarmustafa/airflow_tutorial/.venv/lib/python3.10/site-packages/airflow/example_dags/example_task_group_decorator.py took 0.092 seconds
[2023-11-24T10:42:54.605+0800] {processor.py:157} INFO - Started process (PID=59772) to work on /home/azfarmustafa/airflow_tutorial/.venv/lib/python3.10/site-packages/airflow/example_dags/example_task_group_decorator.py
[2023-11-24T10:42:54.607+0800] {processor.py:829} INFO - Processing file /home/azfarmustafa/airflow_tutorial/.venv/lib/python3.10/site-packages/airflow/example_dags/example_task_group_decorator.py for tasks to queue
[2023-11-24T10:42:54.607+0800] {logging_mixin.py:154} INFO - [2023-11-24T10:42:54.607+0800] {dagbag.py:536} INFO - Filling up the DagBag from /home/azfarmustafa/airflow_tutorial/.venv/lib/python3.10/site-packages/airflow/example_dags/example_task_group_decorator.py
[2023-11-24T10:42:54.620+0800] {processor.py:839} INFO - DAG(s) dict_keys(['example_task_group_decorator']) retrieved from /home/azfarmustafa/airflow_tutorial/.venv/lib/python3.10/site-packages/airflow/example_dags/example_task_group_decorator.py
[2023-11-24T10:42:54.640+0800] {logging_mixin.py:154} INFO - [2023-11-24T10:42:54.639+0800] {dag.py:2941} INFO - Sync 1 DAGs
[2023-11-24T10:42:54.657+0800] {logging_mixin.py:154} INFO - [2023-11-24T10:42:54.657+0800] {dag.py:3722} INFO - Setting next_dagrun for example_task_group_decorator to 2023-11-23T02:42:54.656953+00:00, run_after=2023-11-24T02:42:54.656953+00:00
[2023-11-24T10:42:54.684+0800] {processor.py:179} INFO - Processing /home/azfarmustafa/airflow_tutorial/.venv/lib/python3.10/site-packages/airflow/example_dags/example_task_group_decorator.py took 0.081 seconds
[2023-11-24T10:43:42.032+0800] {processor.py:157} INFO - Started process (PID=59820) to work on /home/azfarmustafa/airflow_tutorial/.venv/lib/python3.10/site-packages/airflow/example_dags/example_task_group_decorator.py
[2023-11-24T10:43:42.037+0800] {processor.py:829} INFO - Processing file /home/azfarmustafa/airflow_tutorial/.venv/lib/python3.10/site-packages/airflow/example_dags/example_task_group_decorator.py for tasks to queue
[2023-11-24T10:43:42.038+0800] {logging_mixin.py:154} INFO - [2023-11-24T10:43:42.037+0800] {dagbag.py:536} INFO - Filling up the DagBag from /home/azfarmustafa/airflow_tutorial/.venv/lib/python3.10/site-packages/airflow/example_dags/example_task_group_decorator.py
[2023-11-24T10:43:42.054+0800] {processor.py:839} INFO - DAG(s) dict_keys(['example_task_group_decorator']) retrieved from /home/azfarmustafa/airflow_tutorial/.venv/lib/python3.10/site-packages/airflow/example_dags/example_task_group_decorator.py
[2023-11-24T10:43:42.075+0800] {logging_mixin.py:154} INFO - [2023-11-24T10:43:42.075+0800] {dag.py:2941} INFO - Sync 1 DAGs
[2023-11-24T10:43:42.092+0800] {logging_mixin.py:154} INFO - [2023-11-24T10:43:42.091+0800] {dag.py:3722} INFO - Setting next_dagrun for example_task_group_decorator to 2023-11-23T02:43:42.091601+00:00, run_after=2023-11-24T02:43:42.091601+00:00
[2023-11-24T10:43:42.116+0800] {processor.py:179} INFO - Processing /home/azfarmustafa/airflow_tutorial/.venv/lib/python3.10/site-packages/airflow/example_dags/example_task_group_decorator.py took 0.087 seconds
[2023-11-24T10:44:31.844+0800] {processor.py:157} INFO - Started process (PID=59870) to work on /home/azfarmustafa/airflow_tutorial/.venv/lib/python3.10/site-packages/airflow/example_dags/example_task_group_decorator.py
[2023-11-24T10:44:31.848+0800] {processor.py:829} INFO - Processing file /home/azfarmustafa/airflow_tutorial/.venv/lib/python3.10/site-packages/airflow/example_dags/example_task_group_decorator.py for tasks to queue
[2023-11-24T10:44:31.849+0800] {logging_mixin.py:154} INFO - [2023-11-24T10:44:31.849+0800] {dagbag.py:536} INFO - Filling up the DagBag from /home/azfarmustafa/airflow_tutorial/.venv/lib/python3.10/site-packages/airflow/example_dags/example_task_group_decorator.py
[2023-11-24T10:44:31.862+0800] {processor.py:839} INFO - DAG(s) dict_keys(['example_task_group_decorator']) retrieved from /home/azfarmustafa/airflow_tutorial/.venv/lib/python3.10/site-packages/airflow/example_dags/example_task_group_decorator.py
[2023-11-24T10:44:31.878+0800] {logging_mixin.py:154} INFO - [2023-11-24T10:44:31.878+0800] {dag.py:2941} INFO - Sync 1 DAGs
[2023-11-24T10:44:31.896+0800] {logging_mixin.py:154} INFO - [2023-11-24T10:44:31.895+0800] {dag.py:3722} INFO - Setting next_dagrun for example_task_group_decorator to 2023-11-23T02:44:31.895609+00:00, run_after=2023-11-24T02:44:31.895609+00:00
[2023-11-24T10:44:31.918+0800] {processor.py:179} INFO - Processing /home/azfarmustafa/airflow_tutorial/.venv/lib/python3.10/site-packages/airflow/example_dags/example_task_group_decorator.py took 0.076 seconds
[2023-11-24T10:45:19.660+0800] {processor.py:157} INFO - Started process (PID=59918) to work on /home/azfarmustafa/airflow_tutorial/.venv/lib/python3.10/site-packages/airflow/example_dags/example_task_group_decorator.py
[2023-11-24T10:45:19.662+0800] {processor.py:829} INFO - Processing file /home/azfarmustafa/airflow_tutorial/.venv/lib/python3.10/site-packages/airflow/example_dags/example_task_group_decorator.py for tasks to queue
[2023-11-24T10:45:19.663+0800] {logging_mixin.py:154} INFO - [2023-11-24T10:45:19.662+0800] {dagbag.py:536} INFO - Filling up the DagBag from /home/azfarmustafa/airflow_tutorial/.venv/lib/python3.10/site-packages/airflow/example_dags/example_task_group_decorator.py
[2023-11-24T10:45:19.679+0800] {processor.py:839} INFO - DAG(s) dict_keys(['example_task_group_decorator']) retrieved from /home/azfarmustafa/airflow_tutorial/.venv/lib/python3.10/site-packages/airflow/example_dags/example_task_group_decorator.py
[2023-11-24T10:45:19.697+0800] {logging_mixin.py:154} INFO - [2023-11-24T10:45:19.696+0800] {dag.py:2941} INFO - Sync 1 DAGs
[2023-11-24T10:45:19.714+0800] {logging_mixin.py:154} INFO - [2023-11-24T10:45:19.714+0800] {dag.py:3722} INFO - Setting next_dagrun for example_task_group_decorator to 2023-11-23T02:45:19.714147+00:00, run_after=2023-11-24T02:45:19.714147+00:00
[2023-11-24T10:45:19.740+0800] {processor.py:179} INFO - Processing /home/azfarmustafa/airflow_tutorial/.venv/lib/python3.10/site-packages/airflow/example_dags/example_task_group_decorator.py took 0.082 seconds
[2023-11-24T10:46:06.128+0800] {processor.py:157} INFO - Started process (PID=59966) to work on /home/azfarmustafa/airflow_tutorial/.venv/lib/python3.10/site-packages/airflow/example_dags/example_task_group_decorator.py
[2023-11-24T10:46:06.132+0800] {processor.py:829} INFO - Processing file /home/azfarmustafa/airflow_tutorial/.venv/lib/python3.10/site-packages/airflow/example_dags/example_task_group_decorator.py for tasks to queue
[2023-11-24T10:46:06.133+0800] {logging_mixin.py:154} INFO - [2023-11-24T10:46:06.132+0800] {dagbag.py:536} INFO - Filling up the DagBag from /home/azfarmustafa/airflow_tutorial/.venv/lib/python3.10/site-packages/airflow/example_dags/example_task_group_decorator.py
[2023-11-24T10:46:06.146+0800] {processor.py:839} INFO - DAG(s) dict_keys(['example_task_group_decorator']) retrieved from /home/azfarmustafa/airflow_tutorial/.venv/lib/python3.10/site-packages/airflow/example_dags/example_task_group_decorator.py
[2023-11-24T10:46:06.162+0800] {logging_mixin.py:154} INFO - [2023-11-24T10:46:06.162+0800] {dag.py:2941} INFO - Sync 1 DAGs
[2023-11-24T10:46:06.179+0800] {logging_mixin.py:154} INFO - [2023-11-24T10:46:06.179+0800] {dag.py:3722} INFO - Setting next_dagrun for example_task_group_decorator to 2023-11-23T02:46:06.179074+00:00, run_after=2023-11-24T02:46:06.179074+00:00
[2023-11-24T10:46:06.203+0800] {processor.py:179} INFO - Processing /home/azfarmustafa/airflow_tutorial/.venv/lib/python3.10/site-packages/airflow/example_dags/example_task_group_decorator.py took 0.077 seconds
[2023-11-24T10:46:52.185+0800] {processor.py:157} INFO - Started process (PID=60012) to work on /home/azfarmustafa/airflow_tutorial/.venv/lib/python3.10/site-packages/airflow/example_dags/example_task_group_decorator.py
[2023-11-24T10:46:52.189+0800] {processor.py:829} INFO - Processing file /home/azfarmustafa/airflow_tutorial/.venv/lib/python3.10/site-packages/airflow/example_dags/example_task_group_decorator.py for tasks to queue
[2023-11-24T10:46:52.190+0800] {logging_mixin.py:154} INFO - [2023-11-24T10:46:52.190+0800] {dagbag.py:536} INFO - Filling up the DagBag from /home/azfarmustafa/airflow_tutorial/.venv/lib/python3.10/site-packages/airflow/example_dags/example_task_group_decorator.py
[2023-11-24T10:46:52.208+0800] {processor.py:839} INFO - DAG(s) dict_keys(['example_task_group_decorator']) retrieved from /home/azfarmustafa/airflow_tutorial/.venv/lib/python3.10/site-packages/airflow/example_dags/example_task_group_decorator.py
[2023-11-24T10:46:52.225+0800] {logging_mixin.py:154} INFO - [2023-11-24T10:46:52.225+0800] {dag.py:2941} INFO - Sync 1 DAGs
[2023-11-24T10:46:52.244+0800] {logging_mixin.py:154} INFO - [2023-11-24T10:46:52.244+0800] {dag.py:3722} INFO - Setting next_dagrun for example_task_group_decorator to 2023-11-23T02:46:52.244334+00:00, run_after=2023-11-24T02:46:52.244334+00:00
[2023-11-24T10:46:52.270+0800] {processor.py:179} INFO - Processing /home/azfarmustafa/airflow_tutorial/.venv/lib/python3.10/site-packages/airflow/example_dags/example_task_group_decorator.py took 0.088 seconds
[2023-11-24T10:47:35.158+0800] {processor.py:157} INFO - Started process (PID=60064) to work on /home/azfarmustafa/airflow_tutorial/.venv/lib/python3.10/site-packages/airflow/example_dags/example_task_group_decorator.py
[2023-11-24T10:47:35.159+0800] {processor.py:829} INFO - Processing file /home/azfarmustafa/airflow_tutorial/.venv/lib/python3.10/site-packages/airflow/example_dags/example_task_group_decorator.py for tasks to queue
[2023-11-24T10:47:35.160+0800] {logging_mixin.py:154} INFO - [2023-11-24T10:47:35.159+0800] {dagbag.py:536} INFO - Filling up the DagBag from /home/azfarmustafa/airflow_tutorial/.venv/lib/python3.10/site-packages/airflow/example_dags/example_task_group_decorator.py
[2023-11-24T10:47:35.172+0800] {processor.py:839} INFO - DAG(s) dict_keys(['example_task_group_decorator']) retrieved from /home/azfarmustafa/airflow_tutorial/.venv/lib/python3.10/site-packages/airflow/example_dags/example_task_group_decorator.py
[2023-11-24T10:47:35.190+0800] {logging_mixin.py:154} INFO - [2023-11-24T10:47:35.190+0800] {dag.py:2941} INFO - Sync 1 DAGs
[2023-11-24T10:47:35.208+0800] {logging_mixin.py:154} INFO - [2023-11-24T10:47:35.208+0800] {dag.py:3722} INFO - Setting next_dagrun for example_task_group_decorator to 2023-11-23T02:47:35.208137+00:00, run_after=2023-11-24T02:47:35.208137+00:00
[2023-11-24T10:47:35.231+0800] {processor.py:179} INFO - Processing /home/azfarmustafa/airflow_tutorial/.venv/lib/python3.10/site-packages/airflow/example_dags/example_task_group_decorator.py took 0.076 seconds
[2023-11-24T10:48:22.894+0800] {processor.py:157} INFO - Started process (PID=60112) to work on /home/azfarmustafa/airflow_tutorial/.venv/lib/python3.10/site-packages/airflow/example_dags/example_task_group_decorator.py
[2023-11-24T10:48:22.898+0800] {processor.py:829} INFO - Processing file /home/azfarmustafa/airflow_tutorial/.venv/lib/python3.10/site-packages/airflow/example_dags/example_task_group_decorator.py for tasks to queue
[2023-11-24T10:48:22.898+0800] {logging_mixin.py:154} INFO - [2023-11-24T10:48:22.898+0800] {dagbag.py:536} INFO - Filling up the DagBag from /home/azfarmustafa/airflow_tutorial/.venv/lib/python3.10/site-packages/airflow/example_dags/example_task_group_decorator.py
[2023-11-24T10:48:22.911+0800] {processor.py:839} INFO - DAG(s) dict_keys(['example_task_group_decorator']) retrieved from /home/azfarmustafa/airflow_tutorial/.venv/lib/python3.10/site-packages/airflow/example_dags/example_task_group_decorator.py
[2023-11-24T10:48:22.928+0800] {logging_mixin.py:154} INFO - [2023-11-24T10:48:22.928+0800] {dag.py:2941} INFO - Sync 1 DAGs
[2023-11-24T10:48:22.947+0800] {logging_mixin.py:154} INFO - [2023-11-24T10:48:22.947+0800] {dag.py:3722} INFO - Setting next_dagrun for example_task_group_decorator to 2023-11-23T02:48:22.947219+00:00, run_after=2023-11-24T02:48:22.947219+00:00
[2023-11-24T10:48:22.969+0800] {processor.py:179} INFO - Processing /home/azfarmustafa/airflow_tutorial/.venv/lib/python3.10/site-packages/airflow/example_dags/example_task_group_decorator.py took 0.078 seconds
[2023-11-24T10:49:10.810+0800] {processor.py:157} INFO - Started process (PID=60160) to work on /home/azfarmustafa/airflow_tutorial/.venv/lib/python3.10/site-packages/airflow/example_dags/example_task_group_decorator.py
[2023-11-24T10:49:10.815+0800] {processor.py:829} INFO - Processing file /home/azfarmustafa/airflow_tutorial/.venv/lib/python3.10/site-packages/airflow/example_dags/example_task_group_decorator.py for tasks to queue
[2023-11-24T10:49:10.815+0800] {logging_mixin.py:154} INFO - [2023-11-24T10:49:10.815+0800] {dagbag.py:536} INFO - Filling up the DagBag from /home/azfarmustafa/airflow_tutorial/.venv/lib/python3.10/site-packages/airflow/example_dags/example_task_group_decorator.py
[2023-11-24T10:49:10.829+0800] {processor.py:839} INFO - DAG(s) dict_keys(['example_task_group_decorator']) retrieved from /home/azfarmustafa/airflow_tutorial/.venv/lib/python3.10/site-packages/airflow/example_dags/example_task_group_decorator.py
[2023-11-24T10:49:10.849+0800] {logging_mixin.py:154} INFO - [2023-11-24T10:49:10.848+0800] {dag.py:2941} INFO - Sync 1 DAGs
[2023-11-24T10:49:10.868+0800] {logging_mixin.py:154} INFO - [2023-11-24T10:49:10.868+0800] {dag.py:3722} INFO - Setting next_dagrun for example_task_group_decorator to 2023-11-23T02:49:10.868073+00:00, run_after=2023-11-24T02:49:10.868073+00:00
[2023-11-24T10:49:10.892+0800] {processor.py:179} INFO - Processing /home/azfarmustafa/airflow_tutorial/.venv/lib/python3.10/site-packages/airflow/example_dags/example_task_group_decorator.py took 0.084 seconds
[2023-11-24T10:49:57.403+0800] {processor.py:157} INFO - Started process (PID=60208) to work on /home/azfarmustafa/airflow_tutorial/.venv/lib/python3.10/site-packages/airflow/example_dags/example_task_group_decorator.py
[2023-11-24T10:49:57.407+0800] {processor.py:829} INFO - Processing file /home/azfarmustafa/airflow_tutorial/.venv/lib/python3.10/site-packages/airflow/example_dags/example_task_group_decorator.py for tasks to queue
[2023-11-24T10:49:57.408+0800] {logging_mixin.py:154} INFO - [2023-11-24T10:49:57.408+0800] {dagbag.py:536} INFO - Filling up the DagBag from /home/azfarmustafa/airflow_tutorial/.venv/lib/python3.10/site-packages/airflow/example_dags/example_task_group_decorator.py
[2023-11-24T10:49:57.421+0800] {processor.py:839} INFO - DAG(s) dict_keys(['example_task_group_decorator']) retrieved from /home/azfarmustafa/airflow_tutorial/.venv/lib/python3.10/site-packages/airflow/example_dags/example_task_group_decorator.py
[2023-11-24T10:49:57.445+0800] {logging_mixin.py:154} INFO - [2023-11-24T10:49:57.445+0800] {dag.py:2941} INFO - Sync 1 DAGs
[2023-11-24T10:49:57.465+0800] {logging_mixin.py:154} INFO - [2023-11-24T10:49:57.465+0800] {dag.py:3722} INFO - Setting next_dagrun for example_task_group_decorator to 2023-11-23T02:49:57.465375+00:00, run_after=2023-11-24T02:49:57.465375+00:00
[2023-11-24T10:49:57.497+0800] {processor.py:179} INFO - Processing /home/azfarmustafa/airflow_tutorial/.venv/lib/python3.10/site-packages/airflow/example_dags/example_task_group_decorator.py took 0.097 seconds
[2023-11-24T10:50:43.995+0800] {processor.py:157} INFO - Started process (PID=60256) to work on /home/azfarmustafa/airflow_tutorial/.venv/lib/python3.10/site-packages/airflow/example_dags/example_task_group_decorator.py
[2023-11-24T10:50:44.000+0800] {processor.py:829} INFO - Processing file /home/azfarmustafa/airflow_tutorial/.venv/lib/python3.10/site-packages/airflow/example_dags/example_task_group_decorator.py for tasks to queue
[2023-11-24T10:50:44.001+0800] {logging_mixin.py:154} INFO - [2023-11-24T10:50:44.000+0800] {dagbag.py:536} INFO - Filling up the DagBag from /home/azfarmustafa/airflow_tutorial/.venv/lib/python3.10/site-packages/airflow/example_dags/example_task_group_decorator.py
[2023-11-24T10:50:44.014+0800] {processor.py:839} INFO - DAG(s) dict_keys(['example_task_group_decorator']) retrieved from /home/azfarmustafa/airflow_tutorial/.venv/lib/python3.10/site-packages/airflow/example_dags/example_task_group_decorator.py
[2023-11-24T10:50:44.031+0800] {logging_mixin.py:154} INFO - [2023-11-24T10:50:44.031+0800] {dag.py:2941} INFO - Sync 1 DAGs
[2023-11-24T10:50:44.048+0800] {logging_mixin.py:154} INFO - [2023-11-24T10:50:44.048+0800] {dag.py:3722} INFO - Setting next_dagrun for example_task_group_decorator to 2023-11-23T02:50:44.048500+00:00, run_after=2023-11-24T02:50:44.048500+00:00
[2023-11-24T10:50:44.075+0800] {processor.py:179} INFO - Processing /home/azfarmustafa/airflow_tutorial/.venv/lib/python3.10/site-packages/airflow/example_dags/example_task_group_decorator.py took 0.085 seconds
[2023-11-24T10:51:30.539+0800] {processor.py:157} INFO - Started process (PID=60304) to work on /home/azfarmustafa/airflow_tutorial/.venv/lib/python3.10/site-packages/airflow/example_dags/example_task_group_decorator.py
[2023-11-24T10:51:30.543+0800] {processor.py:829} INFO - Processing file /home/azfarmustafa/airflow_tutorial/.venv/lib/python3.10/site-packages/airflow/example_dags/example_task_group_decorator.py for tasks to queue
[2023-11-24T10:51:30.545+0800] {logging_mixin.py:154} INFO - [2023-11-24T10:51:30.544+0800] {dagbag.py:536} INFO - Filling up the DagBag from /home/azfarmustafa/airflow_tutorial/.venv/lib/python3.10/site-packages/airflow/example_dags/example_task_group_decorator.py
[2023-11-24T10:51:30.558+0800] {processor.py:839} INFO - DAG(s) dict_keys(['example_task_group_decorator']) retrieved from /home/azfarmustafa/airflow_tutorial/.venv/lib/python3.10/site-packages/airflow/example_dags/example_task_group_decorator.py
[2023-11-24T10:51:30.576+0800] {logging_mixin.py:154} INFO - [2023-11-24T10:51:30.575+0800] {dag.py:2941} INFO - Sync 1 DAGs
[2023-11-24T10:51:30.594+0800] {logging_mixin.py:154} INFO - [2023-11-24T10:51:30.594+0800] {dag.py:3722} INFO - Setting next_dagrun for example_task_group_decorator to 2023-11-23T02:51:30.594139+00:00, run_after=2023-11-24T02:51:30.594139+00:00
[2023-11-24T10:51:30.622+0800] {processor.py:179} INFO - Processing /home/azfarmustafa/airflow_tutorial/.venv/lib/python3.10/site-packages/airflow/example_dags/example_task_group_decorator.py took 0.086 seconds
[2023-11-24T10:52:18.243+0800] {processor.py:157} INFO - Started process (PID=60352) to work on /home/azfarmustafa/airflow_tutorial/.venv/lib/python3.10/site-packages/airflow/example_dags/example_task_group_decorator.py
[2023-11-24T10:52:18.247+0800] {processor.py:829} INFO - Processing file /home/azfarmustafa/airflow_tutorial/.venv/lib/python3.10/site-packages/airflow/example_dags/example_task_group_decorator.py for tasks to queue
[2023-11-24T10:52:18.248+0800] {logging_mixin.py:154} INFO - [2023-11-24T10:52:18.247+0800] {dagbag.py:536} INFO - Filling up the DagBag from /home/azfarmustafa/airflow_tutorial/.venv/lib/python3.10/site-packages/airflow/example_dags/example_task_group_decorator.py
[2023-11-24T10:52:18.261+0800] {processor.py:839} INFO - DAG(s) dict_keys(['example_task_group_decorator']) retrieved from /home/azfarmustafa/airflow_tutorial/.venv/lib/python3.10/site-packages/airflow/example_dags/example_task_group_decorator.py
[2023-11-24T10:52:18.277+0800] {logging_mixin.py:154} INFO - [2023-11-24T10:52:18.277+0800] {dag.py:2941} INFO - Sync 1 DAGs
[2023-11-24T10:52:18.295+0800] {logging_mixin.py:154} INFO - [2023-11-24T10:52:18.294+0800] {dag.py:3722} INFO - Setting next_dagrun for example_task_group_decorator to 2023-11-23T02:52:18.294464+00:00, run_after=2023-11-24T02:52:18.294464+00:00
[2023-11-24T10:52:18.332+0800] {processor.py:179} INFO - Processing /home/azfarmustafa/airflow_tutorial/.venv/lib/python3.10/site-packages/airflow/example_dags/example_task_group_decorator.py took 0.091 seconds
[2023-11-24T10:53:09.609+0800] {processor.py:157} INFO - Started process (PID=60402) to work on /home/azfarmustafa/airflow_tutorial/.venv/lib/python3.10/site-packages/airflow/example_dags/example_task_group_decorator.py
[2023-11-24T10:53:09.614+0800] {processor.py:829} INFO - Processing file /home/azfarmustafa/airflow_tutorial/.venv/lib/python3.10/site-packages/airflow/example_dags/example_task_group_decorator.py for tasks to queue
[2023-11-24T10:53:09.615+0800] {logging_mixin.py:154} INFO - [2023-11-24T10:53:09.614+0800] {dagbag.py:536} INFO - Filling up the DagBag from /home/azfarmustafa/airflow_tutorial/.venv/lib/python3.10/site-packages/airflow/example_dags/example_task_group_decorator.py
[2023-11-24T10:53:09.628+0800] {processor.py:839} INFO - DAG(s) dict_keys(['example_task_group_decorator']) retrieved from /home/azfarmustafa/airflow_tutorial/.venv/lib/python3.10/site-packages/airflow/example_dags/example_task_group_decorator.py
[2023-11-24T10:53:09.647+0800] {logging_mixin.py:154} INFO - [2023-11-24T10:53:09.647+0800] {dag.py:2941} INFO - Sync 1 DAGs
[2023-11-24T10:53:09.669+0800] {logging_mixin.py:154} INFO - [2023-11-24T10:53:09.669+0800] {dag.py:3722} INFO - Setting next_dagrun for example_task_group_decorator to 2023-11-23T02:53:09.669048+00:00, run_after=2023-11-24T02:53:09.669048+00:00
[2023-11-24T10:53:09.701+0800] {processor.py:179} INFO - Processing /home/azfarmustafa/airflow_tutorial/.venv/lib/python3.10/site-packages/airflow/example_dags/example_task_group_decorator.py took 0.095 seconds
[2023-11-24T10:53:55.299+0800] {processor.py:157} INFO - Started process (PID=60455) to work on /home/azfarmustafa/airflow_tutorial/.venv/lib/python3.10/site-packages/airflow/example_dags/example_task_group_decorator.py
[2023-11-24T10:53:55.303+0800] {processor.py:829} INFO - Processing file /home/azfarmustafa/airflow_tutorial/.venv/lib/python3.10/site-packages/airflow/example_dags/example_task_group_decorator.py for tasks to queue
[2023-11-24T10:53:55.304+0800] {logging_mixin.py:154} INFO - [2023-11-24T10:53:55.304+0800] {dagbag.py:536} INFO - Filling up the DagBag from /home/azfarmustafa/airflow_tutorial/.venv/lib/python3.10/site-packages/airflow/example_dags/example_task_group_decorator.py
[2023-11-24T10:53:55.316+0800] {processor.py:839} INFO - DAG(s) dict_keys(['example_task_group_decorator']) retrieved from /home/azfarmustafa/airflow_tutorial/.venv/lib/python3.10/site-packages/airflow/example_dags/example_task_group_decorator.py
[2023-11-24T10:53:55.333+0800] {logging_mixin.py:154} INFO - [2023-11-24T10:53:55.332+0800] {dag.py:2941} INFO - Sync 1 DAGs
[2023-11-24T10:53:55.349+0800] {logging_mixin.py:154} INFO - [2023-11-24T10:53:55.349+0800] {dag.py:3722} INFO - Setting next_dagrun for example_task_group_decorator to 2023-11-23T02:53:55.349217+00:00, run_after=2023-11-24T02:53:55.349217+00:00
[2023-11-24T10:53:55.376+0800] {processor.py:179} INFO - Processing /home/azfarmustafa/airflow_tutorial/.venv/lib/python3.10/site-packages/airflow/example_dags/example_task_group_decorator.py took 0.079 seconds
[2023-11-24T10:54:43.756+0800] {processor.py:157} INFO - Started process (PID=60504) to work on /home/azfarmustafa/airflow_tutorial/.venv/lib/python3.10/site-packages/airflow/example_dags/example_task_group_decorator.py
[2023-11-24T10:54:43.758+0800] {processor.py:829} INFO - Processing file /home/azfarmustafa/airflow_tutorial/.venv/lib/python3.10/site-packages/airflow/example_dags/example_task_group_decorator.py for tasks to queue
[2023-11-24T10:54:43.759+0800] {logging_mixin.py:154} INFO - [2023-11-24T10:54:43.758+0800] {dagbag.py:536} INFO - Filling up the DagBag from /home/azfarmustafa/airflow_tutorial/.venv/lib/python3.10/site-packages/airflow/example_dags/example_task_group_decorator.py
[2023-11-24T10:54:43.775+0800] {processor.py:839} INFO - DAG(s) dict_keys(['example_task_group_decorator']) retrieved from /home/azfarmustafa/airflow_tutorial/.venv/lib/python3.10/site-packages/airflow/example_dags/example_task_group_decorator.py
[2023-11-24T10:54:43.792+0800] {logging_mixin.py:154} INFO - [2023-11-24T10:54:43.792+0800] {dag.py:2941} INFO - Sync 1 DAGs
[2023-11-24T10:54:43.811+0800] {logging_mixin.py:154} INFO - [2023-11-24T10:54:43.811+0800] {dag.py:3722} INFO - Setting next_dagrun for example_task_group_decorator to 2023-11-23T02:54:43.811314+00:00, run_after=2023-11-24T02:54:43.811314+00:00
[2023-11-24T10:54:43.836+0800] {processor.py:179} INFO - Processing /home/azfarmustafa/airflow_tutorial/.venv/lib/python3.10/site-packages/airflow/example_dags/example_task_group_decorator.py took 0.083 seconds
[2023-11-24T10:55:28.821+0800] {processor.py:157} INFO - Started process (PID=60551) to work on /home/azfarmustafa/airflow_tutorial/.venv/lib/python3.10/site-packages/airflow/example_dags/example_task_group_decorator.py
[2023-11-24T10:55:28.823+0800] {processor.py:829} INFO - Processing file /home/azfarmustafa/airflow_tutorial/.venv/lib/python3.10/site-packages/airflow/example_dags/example_task_group_decorator.py for tasks to queue
[2023-11-24T10:55:28.823+0800] {logging_mixin.py:154} INFO - [2023-11-24T10:55:28.823+0800] {dagbag.py:536} INFO - Filling up the DagBag from /home/azfarmustafa/airflow_tutorial/.venv/lib/python3.10/site-packages/airflow/example_dags/example_task_group_decorator.py
[2023-11-24T10:55:28.837+0800] {processor.py:839} INFO - DAG(s) dict_keys(['example_task_group_decorator']) retrieved from /home/azfarmustafa/airflow_tutorial/.venv/lib/python3.10/site-packages/airflow/example_dags/example_task_group_decorator.py
[2023-11-24T10:55:28.854+0800] {logging_mixin.py:154} INFO - [2023-11-24T10:55:28.854+0800] {dag.py:2941} INFO - Sync 1 DAGs
[2023-11-24T10:55:28.870+0800] {logging_mixin.py:154} INFO - [2023-11-24T10:55:28.870+0800] {dag.py:3722} INFO - Setting next_dagrun for example_task_group_decorator to 2023-11-23T02:55:28.870452+00:00, run_after=2023-11-24T02:55:28.870452+00:00
[2023-11-24T10:55:28.893+0800] {processor.py:179} INFO - Processing /home/azfarmustafa/airflow_tutorial/.venv/lib/python3.10/site-packages/airflow/example_dags/example_task_group_decorator.py took 0.075 seconds
[2023-11-24T10:56:16.579+0800] {processor.py:157} INFO - Started process (PID=60599) to work on /home/azfarmustafa/airflow_tutorial/.venv/lib/python3.10/site-packages/airflow/example_dags/example_task_group_decorator.py
[2023-11-24T10:56:16.583+0800] {processor.py:829} INFO - Processing file /home/azfarmustafa/airflow_tutorial/.venv/lib/python3.10/site-packages/airflow/example_dags/example_task_group_decorator.py for tasks to queue
[2023-11-24T10:56:16.583+0800] {logging_mixin.py:154} INFO - [2023-11-24T10:56:16.583+0800] {dagbag.py:536} INFO - Filling up the DagBag from /home/azfarmustafa/airflow_tutorial/.venv/lib/python3.10/site-packages/airflow/example_dags/example_task_group_decorator.py
[2023-11-24T10:56:16.596+0800] {processor.py:839} INFO - DAG(s) dict_keys(['example_task_group_decorator']) retrieved from /home/azfarmustafa/airflow_tutorial/.venv/lib/python3.10/site-packages/airflow/example_dags/example_task_group_decorator.py
[2023-11-24T10:56:16.613+0800] {logging_mixin.py:154} INFO - [2023-11-24T10:56:16.613+0800] {dag.py:2941} INFO - Sync 1 DAGs
[2023-11-24T10:56:16.630+0800] {logging_mixin.py:154} INFO - [2023-11-24T10:56:16.630+0800] {dag.py:3722} INFO - Setting next_dagrun for example_task_group_decorator to 2023-11-23T02:56:16.630441+00:00, run_after=2023-11-24T02:56:16.630441+00:00
[2023-11-24T10:56:16.656+0800] {processor.py:179} INFO - Processing /home/azfarmustafa/airflow_tutorial/.venv/lib/python3.10/site-packages/airflow/example_dags/example_task_group_decorator.py took 0.082 seconds
[2023-11-24T10:56:59.803+0800] {processor.py:157} INFO - Started process (PID=60644) to work on /home/azfarmustafa/airflow_tutorial/.venv/lib/python3.10/site-packages/airflow/example_dags/example_task_group_decorator.py
[2023-11-24T10:56:59.807+0800] {processor.py:829} INFO - Processing file /home/azfarmustafa/airflow_tutorial/.venv/lib/python3.10/site-packages/airflow/example_dags/example_task_group_decorator.py for tasks to queue
[2023-11-24T10:56:59.808+0800] {logging_mixin.py:154} INFO - [2023-11-24T10:56:59.808+0800] {dagbag.py:536} INFO - Filling up the DagBag from /home/azfarmustafa/airflow_tutorial/.venv/lib/python3.10/site-packages/airflow/example_dags/example_task_group_decorator.py
[2023-11-24T10:56:59.820+0800] {processor.py:839} INFO - DAG(s) dict_keys(['example_task_group_decorator']) retrieved from /home/azfarmustafa/airflow_tutorial/.venv/lib/python3.10/site-packages/airflow/example_dags/example_task_group_decorator.py
[2023-11-24T10:56:59.840+0800] {logging_mixin.py:154} INFO - [2023-11-24T10:56:59.840+0800] {dag.py:2941} INFO - Sync 1 DAGs
[2023-11-24T10:56:59.858+0800] {logging_mixin.py:154} INFO - [2023-11-24T10:56:59.857+0800] {dag.py:3722} INFO - Setting next_dagrun for example_task_group_decorator to 2023-11-23T02:56:59.857759+00:00, run_after=2023-11-24T02:56:59.857759+00:00
[2023-11-24T10:56:59.883+0800] {processor.py:179} INFO - Processing /home/azfarmustafa/airflow_tutorial/.venv/lib/python3.10/site-packages/airflow/example_dags/example_task_group_decorator.py took 0.084 seconds
[2023-11-24T10:57:42.791+0800] {processor.py:157} INFO - Started process (PID=60690) to work on /home/azfarmustafa/airflow_tutorial/.venv/lib/python3.10/site-packages/airflow/example_dags/example_task_group_decorator.py
[2023-11-24T10:57:42.795+0800] {processor.py:829} INFO - Processing file /home/azfarmustafa/airflow_tutorial/.venv/lib/python3.10/site-packages/airflow/example_dags/example_task_group_decorator.py for tasks to queue
[2023-11-24T10:57:42.796+0800] {logging_mixin.py:154} INFO - [2023-11-24T10:57:42.796+0800] {dagbag.py:536} INFO - Filling up the DagBag from /home/azfarmustafa/airflow_tutorial/.venv/lib/python3.10/site-packages/airflow/example_dags/example_task_group_decorator.py
[2023-11-24T10:57:42.810+0800] {processor.py:839} INFO - DAG(s) dict_keys(['example_task_group_decorator']) retrieved from /home/azfarmustafa/airflow_tutorial/.venv/lib/python3.10/site-packages/airflow/example_dags/example_task_group_decorator.py
[2023-11-24T10:57:42.827+0800] {logging_mixin.py:154} INFO - [2023-11-24T10:57:42.826+0800] {dag.py:2941} INFO - Sync 1 DAGs
[2023-11-24T10:57:42.844+0800] {logging_mixin.py:154} INFO - [2023-11-24T10:57:42.843+0800] {dag.py:3722} INFO - Setting next_dagrun for example_task_group_decorator to 2023-11-23T02:57:42.843522+00:00, run_after=2023-11-24T02:57:42.843522+00:00
[2023-11-24T10:57:42.866+0800] {processor.py:179} INFO - Processing /home/azfarmustafa/airflow_tutorial/.venv/lib/python3.10/site-packages/airflow/example_dags/example_task_group_decorator.py took 0.078 seconds
[2023-11-24T10:58:31.912+0800] {processor.py:157} INFO - Started process (PID=60738) to work on /home/azfarmustafa/airflow_tutorial/.venv/lib/python3.10/site-packages/airflow/example_dags/example_task_group_decorator.py
[2023-11-24T10:58:31.916+0800] {processor.py:829} INFO - Processing file /home/azfarmustafa/airflow_tutorial/.venv/lib/python3.10/site-packages/airflow/example_dags/example_task_group_decorator.py for tasks to queue
[2023-11-24T10:58:31.916+0800] {logging_mixin.py:154} INFO - [2023-11-24T10:58:31.916+0800] {dagbag.py:536} INFO - Filling up the DagBag from /home/azfarmustafa/airflow_tutorial/.venv/lib/python3.10/site-packages/airflow/example_dags/example_task_group_decorator.py
[2023-11-24T10:58:31.929+0800] {processor.py:839} INFO - DAG(s) dict_keys(['example_task_group_decorator']) retrieved from /home/azfarmustafa/airflow_tutorial/.venv/lib/python3.10/site-packages/airflow/example_dags/example_task_group_decorator.py
[2023-11-24T10:58:31.945+0800] {logging_mixin.py:154} INFO - [2023-11-24T10:58:31.945+0800] {dag.py:2941} INFO - Sync 1 DAGs
[2023-11-24T10:58:31.962+0800] {logging_mixin.py:154} INFO - [2023-11-24T10:58:31.962+0800] {dag.py:3722} INFO - Setting next_dagrun for example_task_group_decorator to 2023-11-23T02:58:31.962265+00:00, run_after=2023-11-24T02:58:31.962265+00:00
[2023-11-24T10:58:31.988+0800] {processor.py:179} INFO - Processing /home/azfarmustafa/airflow_tutorial/.venv/lib/python3.10/site-packages/airflow/example_dags/example_task_group_decorator.py took 0.079 seconds
[2023-11-24T10:59:17.352+0800] {processor.py:157} INFO - Started process (PID=60785) to work on /home/azfarmustafa/airflow_tutorial/.venv/lib/python3.10/site-packages/airflow/example_dags/example_task_group_decorator.py
[2023-11-24T10:59:17.353+0800] {processor.py:829} INFO - Processing file /home/azfarmustafa/airflow_tutorial/.venv/lib/python3.10/site-packages/airflow/example_dags/example_task_group_decorator.py for tasks to queue
[2023-11-24T10:59:17.354+0800] {logging_mixin.py:154} INFO - [2023-11-24T10:59:17.354+0800] {dagbag.py:536} INFO - Filling up the DagBag from /home/azfarmustafa/airflow_tutorial/.venv/lib/python3.10/site-packages/airflow/example_dags/example_task_group_decorator.py
[2023-11-24T10:59:17.368+0800] {processor.py:839} INFO - DAG(s) dict_keys(['example_task_group_decorator']) retrieved from /home/azfarmustafa/airflow_tutorial/.venv/lib/python3.10/site-packages/airflow/example_dags/example_task_group_decorator.py
[2023-11-24T10:59:17.385+0800] {logging_mixin.py:154} INFO - [2023-11-24T10:59:17.385+0800] {dag.py:2941} INFO - Sync 1 DAGs
[2023-11-24T10:59:17.403+0800] {logging_mixin.py:154} INFO - [2023-11-24T10:59:17.403+0800] {dag.py:3722} INFO - Setting next_dagrun for example_task_group_decorator to 2023-11-23T02:59:17.402817+00:00, run_after=2023-11-24T02:59:17.402817+00:00
[2023-11-24T10:59:17.428+0800] {processor.py:179} INFO - Processing /home/azfarmustafa/airflow_tutorial/.venv/lib/python3.10/site-packages/airflow/example_dags/example_task_group_decorator.py took 0.079 seconds
[2023-11-24T11:00:02.185+0800] {processor.py:157} INFO - Started process (PID=60838) to work on /home/azfarmustafa/airflow_tutorial/.venv/lib/python3.10/site-packages/airflow/example_dags/example_task_group_decorator.py
[2023-11-24T11:00:02.190+0800] {processor.py:829} INFO - Processing file /home/azfarmustafa/airflow_tutorial/.venv/lib/python3.10/site-packages/airflow/example_dags/example_task_group_decorator.py for tasks to queue
[2023-11-24T11:00:02.191+0800] {logging_mixin.py:154} INFO - [2023-11-24T11:00:02.191+0800] {dagbag.py:536} INFO - Filling up the DagBag from /home/azfarmustafa/airflow_tutorial/.venv/lib/python3.10/site-packages/airflow/example_dags/example_task_group_decorator.py
[2023-11-24T11:00:02.205+0800] {processor.py:839} INFO - DAG(s) dict_keys(['example_task_group_decorator']) retrieved from /home/azfarmustafa/airflow_tutorial/.venv/lib/python3.10/site-packages/airflow/example_dags/example_task_group_decorator.py
[2023-11-24T11:00:02.227+0800] {logging_mixin.py:154} INFO - [2023-11-24T11:00:02.227+0800] {dag.py:2941} INFO - Sync 1 DAGs
[2023-11-24T11:00:02.245+0800] {logging_mixin.py:154} INFO - [2023-11-24T11:00:02.244+0800] {dag.py:3722} INFO - Setting next_dagrun for example_task_group_decorator to 2023-11-23T03:00:02.244720+00:00, run_after=2023-11-24T03:00:02.244720+00:00
[2023-11-24T11:00:02.270+0800] {processor.py:179} INFO - Processing /home/azfarmustafa/airflow_tutorial/.venv/lib/python3.10/site-packages/airflow/example_dags/example_task_group_decorator.py took 0.088 seconds
[2023-11-24T11:00:46.899+0800] {processor.py:157} INFO - Started process (PID=60884) to work on /home/azfarmustafa/airflow_tutorial/.venv/lib/python3.10/site-packages/airflow/example_dags/example_task_group_decorator.py
[2023-11-24T11:00:46.903+0800] {processor.py:829} INFO - Processing file /home/azfarmustafa/airflow_tutorial/.venv/lib/python3.10/site-packages/airflow/example_dags/example_task_group_decorator.py for tasks to queue
[2023-11-24T11:00:46.904+0800] {logging_mixin.py:154} INFO - [2023-11-24T11:00:46.904+0800] {dagbag.py:536} INFO - Filling up the DagBag from /home/azfarmustafa/airflow_tutorial/.venv/lib/python3.10/site-packages/airflow/example_dags/example_task_group_decorator.py
[2023-11-24T11:00:46.917+0800] {processor.py:839} INFO - DAG(s) dict_keys(['example_task_group_decorator']) retrieved from /home/azfarmustafa/airflow_tutorial/.venv/lib/python3.10/site-packages/airflow/example_dags/example_task_group_decorator.py
[2023-11-24T11:00:46.933+0800] {logging_mixin.py:154} INFO - [2023-11-24T11:00:46.933+0800] {dag.py:2941} INFO - Sync 1 DAGs
[2023-11-24T11:00:46.951+0800] {logging_mixin.py:154} INFO - [2023-11-24T11:00:46.951+0800] {dag.py:3722} INFO - Setting next_dagrun for example_task_group_decorator to 2023-11-23T03:00:46.950905+00:00, run_after=2023-11-24T03:00:46.950905+00:00
[2023-11-24T11:00:46.976+0800] {processor.py:179} INFO - Processing /home/azfarmustafa/airflow_tutorial/.venv/lib/python3.10/site-packages/airflow/example_dags/example_task_group_decorator.py took 0.079 seconds
[2023-11-24T11:01:34.820+0800] {processor.py:157} INFO - Started process (PID=60934) to work on /home/azfarmustafa/airflow_tutorial/.venv/lib/python3.10/site-packages/airflow/example_dags/example_task_group_decorator.py
[2023-11-24T11:01:34.822+0800] {processor.py:829} INFO - Processing file /home/azfarmustafa/airflow_tutorial/.venv/lib/python3.10/site-packages/airflow/example_dags/example_task_group_decorator.py for tasks to queue
[2023-11-24T11:01:34.823+0800] {logging_mixin.py:154} INFO - [2023-11-24T11:01:34.822+0800] {dagbag.py:536} INFO - Filling up the DagBag from /home/azfarmustafa/airflow_tutorial/.venv/lib/python3.10/site-packages/airflow/example_dags/example_task_group_decorator.py
[2023-11-24T11:01:34.839+0800] {processor.py:839} INFO - DAG(s) dict_keys(['example_task_group_decorator']) retrieved from /home/azfarmustafa/airflow_tutorial/.venv/lib/python3.10/site-packages/airflow/example_dags/example_task_group_decorator.py
[2023-11-24T11:01:34.863+0800] {logging_mixin.py:154} INFO - [2023-11-24T11:01:34.863+0800] {dag.py:2941} INFO - Sync 1 DAGs
[2023-11-24T11:01:34.888+0800] {logging_mixin.py:154} INFO - [2023-11-24T11:01:34.887+0800] {dag.py:3722} INFO - Setting next_dagrun for example_task_group_decorator to 2023-11-23T03:01:34.887437+00:00, run_after=2023-11-24T03:01:34.887437+00:00
[2023-11-24T11:01:34.918+0800] {processor.py:179} INFO - Processing /home/azfarmustafa/airflow_tutorial/.venv/lib/python3.10/site-packages/airflow/example_dags/example_task_group_decorator.py took 0.101 seconds
[2023-11-24T11:02:21.563+0800] {processor.py:157} INFO - Started process (PID=60981) to work on /home/azfarmustafa/airflow_tutorial/.venv/lib/python3.10/site-packages/airflow/example_dags/example_task_group_decorator.py
[2023-11-24T11:02:21.565+0800] {processor.py:829} INFO - Processing file /home/azfarmustafa/airflow_tutorial/.venv/lib/python3.10/site-packages/airflow/example_dags/example_task_group_decorator.py for tasks to queue
[2023-11-24T11:02:21.566+0800] {logging_mixin.py:154} INFO - [2023-11-24T11:02:21.566+0800] {dagbag.py:536} INFO - Filling up the DagBag from /home/azfarmustafa/airflow_tutorial/.venv/lib/python3.10/site-packages/airflow/example_dags/example_task_group_decorator.py
[2023-11-24T11:02:21.581+0800] {processor.py:839} INFO - DAG(s) dict_keys(['example_task_group_decorator']) retrieved from /home/azfarmustafa/airflow_tutorial/.venv/lib/python3.10/site-packages/airflow/example_dags/example_task_group_decorator.py
[2023-11-24T11:02:21.600+0800] {logging_mixin.py:154} INFO - [2023-11-24T11:02:21.600+0800] {dag.py:2941} INFO - Sync 1 DAGs
[2023-11-24T11:02:21.619+0800] {logging_mixin.py:154} INFO - [2023-11-24T11:02:21.618+0800] {dag.py:3722} INFO - Setting next_dagrun for example_task_group_decorator to 2023-11-23T03:02:21.618711+00:00, run_after=2023-11-24T03:02:21.618711+00:00
[2023-11-24T11:02:21.650+0800] {processor.py:179} INFO - Processing /home/azfarmustafa/airflow_tutorial/.venv/lib/python3.10/site-packages/airflow/example_dags/example_task_group_decorator.py took 0.091 seconds
[2023-11-24T11:03:05.809+0800] {processor.py:157} INFO - Started process (PID=61027) to work on /home/azfarmustafa/airflow_tutorial/.venv/lib/python3.10/site-packages/airflow/example_dags/example_task_group_decorator.py
[2023-11-24T11:03:05.810+0800] {processor.py:829} INFO - Processing file /home/azfarmustafa/airflow_tutorial/.venv/lib/python3.10/site-packages/airflow/example_dags/example_task_group_decorator.py for tasks to queue
[2023-11-24T11:03:05.811+0800] {logging_mixin.py:154} INFO - [2023-11-24T11:03:05.811+0800] {dagbag.py:536} INFO - Filling up the DagBag from /home/azfarmustafa/airflow_tutorial/.venv/lib/python3.10/site-packages/airflow/example_dags/example_task_group_decorator.py
[2023-11-24T11:03:05.824+0800] {processor.py:839} INFO - DAG(s) dict_keys(['example_task_group_decorator']) retrieved from /home/azfarmustafa/airflow_tutorial/.venv/lib/python3.10/site-packages/airflow/example_dags/example_task_group_decorator.py
[2023-11-24T11:03:05.841+0800] {logging_mixin.py:154} INFO - [2023-11-24T11:03:05.841+0800] {dag.py:2941} INFO - Sync 1 DAGs
[2023-11-24T11:03:05.858+0800] {logging_mixin.py:154} INFO - [2023-11-24T11:03:05.858+0800] {dag.py:3722} INFO - Setting next_dagrun for example_task_group_decorator to 2023-11-23T03:03:05.858255+00:00, run_after=2023-11-24T03:03:05.858255+00:00
[2023-11-24T11:03:05.884+0800] {processor.py:179} INFO - Processing /home/azfarmustafa/airflow_tutorial/.venv/lib/python3.10/site-packages/airflow/example_dags/example_task_group_decorator.py took 0.078 seconds
[2023-11-24T11:03:54.899+0800] {processor.py:157} INFO - Started process (PID=61082) to work on /home/azfarmustafa/airflow_tutorial/.venv/lib/python3.10/site-packages/airflow/example_dags/example_task_group_decorator.py
[2023-11-24T11:03:54.901+0800] {processor.py:829} INFO - Processing file /home/azfarmustafa/airflow_tutorial/.venv/lib/python3.10/site-packages/airflow/example_dags/example_task_group_decorator.py for tasks to queue
[2023-11-24T11:03:54.902+0800] {logging_mixin.py:154} INFO - [2023-11-24T11:03:54.902+0800] {dagbag.py:536} INFO - Filling up the DagBag from /home/azfarmustafa/airflow_tutorial/.venv/lib/python3.10/site-packages/airflow/example_dags/example_task_group_decorator.py
[2023-11-24T11:03:54.927+0800] {processor.py:839} INFO - DAG(s) dict_keys(['example_task_group_decorator']) retrieved from /home/azfarmustafa/airflow_tutorial/.venv/lib/python3.10/site-packages/airflow/example_dags/example_task_group_decorator.py
[2023-11-24T11:03:54.957+0800] {logging_mixin.py:154} INFO - [2023-11-24T11:03:54.956+0800] {dag.py:2941} INFO - Sync 1 DAGs
[2023-11-24T11:03:54.985+0800] {logging_mixin.py:154} INFO - [2023-11-24T11:03:54.985+0800] {dag.py:3722} INFO - Setting next_dagrun for example_task_group_decorator to 2023-11-23T03:03:54.984699+00:00, run_after=2023-11-24T03:03:54.984699+00:00
[2023-11-24T11:03:55.020+0800] {processor.py:179} INFO - Processing /home/azfarmustafa/airflow_tutorial/.venv/lib/python3.10/site-packages/airflow/example_dags/example_task_group_decorator.py took 0.124 seconds
[2023-11-24T11:04:42.728+0800] {processor.py:157} INFO - Started process (PID=61132) to work on /home/azfarmustafa/airflow_tutorial/.venv/lib/python3.10/site-packages/airflow/example_dags/example_task_group_decorator.py
[2023-11-24T11:04:42.730+0800] {processor.py:829} INFO - Processing file /home/azfarmustafa/airflow_tutorial/.venv/lib/python3.10/site-packages/airflow/example_dags/example_task_group_decorator.py for tasks to queue
[2023-11-24T11:04:42.730+0800] {logging_mixin.py:154} INFO - [2023-11-24T11:04:42.730+0800] {dagbag.py:536} INFO - Filling up the DagBag from /home/azfarmustafa/airflow_tutorial/.venv/lib/python3.10/site-packages/airflow/example_dags/example_task_group_decorator.py
[2023-11-24T11:04:42.743+0800] {processor.py:839} INFO - DAG(s) dict_keys(['example_task_group_decorator']) retrieved from /home/azfarmustafa/airflow_tutorial/.venv/lib/python3.10/site-packages/airflow/example_dags/example_task_group_decorator.py
[2023-11-24T11:04:42.761+0800] {logging_mixin.py:154} INFO - [2023-11-24T11:04:42.761+0800] {dag.py:2941} INFO - Sync 1 DAGs
[2023-11-24T11:04:42.779+0800] {logging_mixin.py:154} INFO - [2023-11-24T11:04:42.778+0800] {dag.py:3722} INFO - Setting next_dagrun for example_task_group_decorator to 2023-11-23T03:04:42.778583+00:00, run_after=2023-11-24T03:04:42.778583+00:00
[2023-11-24T11:04:42.804+0800] {processor.py:179} INFO - Processing /home/azfarmustafa/airflow_tutorial/.venv/lib/python3.10/site-packages/airflow/example_dags/example_task_group_decorator.py took 0.078 seconds
