[2023-11-24T10:25:48.621+0800] {processor.py:157} INFO - Started process (PID=58707) to work on /home/azfarmustafa/airflow_tutorial/.venv/lib/python3.10/site-packages/airflow/example_dags/example_dynamic_task_mapping.py
[2023-11-24T10:25:48.623+0800] {processor.py:829} INFO - Processing file /home/azfarmustafa/airflow_tutorial/.venv/lib/python3.10/site-packages/airflow/example_dags/example_dynamic_task_mapping.py for tasks to queue
[2023-11-24T10:25:48.624+0800] {logging_mixin.py:154} INFO - [2023-11-24T10:25:48.623+0800] {dagbag.py:536} INFO - Filling up the DagBag from /home/azfarmustafa/airflow_tutorial/.venv/lib/python3.10/site-packages/airflow/example_dags/example_dynamic_task_mapping.py
[2023-11-24T10:25:48.631+0800] {processor.py:839} INFO - DAG(s) dict_keys(['example_dynamic_task_mapping']) retrieved from /home/azfarmustafa/airflow_tutorial/.venv/lib/python3.10/site-packages/airflow/example_dags/example_dynamic_task_mapping.py
[2023-11-24T10:25:48.646+0800] {logging_mixin.py:154} INFO - [2023-11-24T10:25:48.646+0800] {dag.py:2941} INFO - Sync 1 DAGs
[2023-11-24T10:25:48.664+0800] {logging_mixin.py:154} INFO - [2023-11-24T10:25:48.664+0800] {dag.py:3722} INFO - Setting next_dagrun for example_dynamic_task_mapping to 2022-03-04T00:00:00+00:00, run_after=2022-03-05T00:00:00+00:00
[2023-11-24T10:25:48.693+0800] {processor.py:179} INFO - Processing /home/azfarmustafa/airflow_tutorial/.venv/lib/python3.10/site-packages/airflow/example_dags/example_dynamic_task_mapping.py took 0.075 seconds
[2023-11-24T10:26:35.362+0800] {processor.py:157} INFO - Started process (PID=58760) to work on /home/azfarmustafa/airflow_tutorial/.venv/lib/python3.10/site-packages/airflow/example_dags/example_dynamic_task_mapping.py
[2023-11-24T10:26:35.364+0800] {processor.py:829} INFO - Processing file /home/azfarmustafa/airflow_tutorial/.venv/lib/python3.10/site-packages/airflow/example_dags/example_dynamic_task_mapping.py for tasks to queue
[2023-11-24T10:26:35.365+0800] {logging_mixin.py:154} INFO - [2023-11-24T10:26:35.365+0800] {dagbag.py:536} INFO - Filling up the DagBag from /home/azfarmustafa/airflow_tutorial/.venv/lib/python3.10/site-packages/airflow/example_dags/example_dynamic_task_mapping.py
[2023-11-24T10:26:35.376+0800] {processor.py:839} INFO - DAG(s) dict_keys(['example_dynamic_task_mapping']) retrieved from /home/azfarmustafa/airflow_tutorial/.venv/lib/python3.10/site-packages/airflow/example_dags/example_dynamic_task_mapping.py
[2023-11-24T10:26:35.401+0800] {logging_mixin.py:154} INFO - [2023-11-24T10:26:35.400+0800] {dag.py:2941} INFO - Sync 1 DAGs
[2023-11-24T10:26:35.439+0800] {logging_mixin.py:154} INFO - [2023-11-24T10:26:35.438+0800] {dag.py:3722} INFO - Setting next_dagrun for example_dynamic_task_mapping to 2022-03-04T00:00:00+00:00, run_after=2022-03-05T00:00:00+00:00
[2023-11-24T10:26:35.476+0800] {processor.py:179} INFO - Processing /home/azfarmustafa/airflow_tutorial/.venv/lib/python3.10/site-packages/airflow/example_dags/example_dynamic_task_mapping.py took 0.117 seconds
[2023-11-24T10:27:25.387+0800] {processor.py:157} INFO - Started process (PID=58811) to work on /home/azfarmustafa/airflow_tutorial/.venv/lib/python3.10/site-packages/airflow/example_dags/example_dynamic_task_mapping.py
[2023-11-24T10:27:25.389+0800] {processor.py:829} INFO - Processing file /home/azfarmustafa/airflow_tutorial/.venv/lib/python3.10/site-packages/airflow/example_dags/example_dynamic_task_mapping.py for tasks to queue
[2023-11-24T10:27:25.390+0800] {logging_mixin.py:154} INFO - [2023-11-24T10:27:25.389+0800] {dagbag.py:536} INFO - Filling up the DagBag from /home/azfarmustafa/airflow_tutorial/.venv/lib/python3.10/site-packages/airflow/example_dags/example_dynamic_task_mapping.py
[2023-11-24T10:27:25.395+0800] {processor.py:839} INFO - DAG(s) dict_keys(['example_dynamic_task_mapping']) retrieved from /home/azfarmustafa/airflow_tutorial/.venv/lib/python3.10/site-packages/airflow/example_dags/example_dynamic_task_mapping.py
[2023-11-24T10:27:25.410+0800] {logging_mixin.py:154} INFO - [2023-11-24T10:27:25.410+0800] {dag.py:2941} INFO - Sync 1 DAGs
[2023-11-24T10:27:25.427+0800] {logging_mixin.py:154} INFO - [2023-11-24T10:27:25.427+0800] {dag.py:3722} INFO - Setting next_dagrun for example_dynamic_task_mapping to 2022-03-04T00:00:00+00:00, run_after=2022-03-05T00:00:00+00:00
[2023-11-24T10:27:25.452+0800] {processor.py:179} INFO - Processing /home/azfarmustafa/airflow_tutorial/.venv/lib/python3.10/site-packages/airflow/example_dags/example_dynamic_task_mapping.py took 0.069 seconds
[2023-11-24T10:28:09.370+0800] {processor.py:157} INFO - Started process (PID=58857) to work on /home/azfarmustafa/airflow_tutorial/.venv/lib/python3.10/site-packages/airflow/example_dags/example_dynamic_task_mapping.py
[2023-11-24T10:28:09.374+0800] {processor.py:829} INFO - Processing file /home/azfarmustafa/airflow_tutorial/.venv/lib/python3.10/site-packages/airflow/example_dags/example_dynamic_task_mapping.py for tasks to queue
[2023-11-24T10:28:09.375+0800] {logging_mixin.py:154} INFO - [2023-11-24T10:28:09.375+0800] {dagbag.py:536} INFO - Filling up the DagBag from /home/azfarmustafa/airflow_tutorial/.venv/lib/python3.10/site-packages/airflow/example_dags/example_dynamic_task_mapping.py
[2023-11-24T10:28:09.381+0800] {processor.py:839} INFO - DAG(s) dict_keys(['example_dynamic_task_mapping']) retrieved from /home/azfarmustafa/airflow_tutorial/.venv/lib/python3.10/site-packages/airflow/example_dags/example_dynamic_task_mapping.py
[2023-11-24T10:28:09.396+0800] {logging_mixin.py:154} INFO - [2023-11-24T10:28:09.396+0800] {dag.py:2941} INFO - Sync 1 DAGs
[2023-11-24T10:28:09.419+0800] {logging_mixin.py:154} INFO - [2023-11-24T10:28:09.418+0800] {dag.py:3722} INFO - Setting next_dagrun for example_dynamic_task_mapping to 2022-03-04T00:00:00+00:00, run_after=2022-03-05T00:00:00+00:00
[2023-11-24T10:28:09.448+0800] {processor.py:179} INFO - Processing /home/azfarmustafa/airflow_tutorial/.venv/lib/python3.10/site-packages/airflow/example_dags/example_dynamic_task_mapping.py took 0.082 seconds
[2023-11-24T10:28:59.066+0800] {processor.py:157} INFO - Started process (PID=58912) to work on /home/azfarmustafa/airflow_tutorial/.venv/lib/python3.10/site-packages/airflow/example_dags/example_dynamic_task_mapping.py
[2023-11-24T10:28:59.068+0800] {processor.py:829} INFO - Processing file /home/azfarmustafa/airflow_tutorial/.venv/lib/python3.10/site-packages/airflow/example_dags/example_dynamic_task_mapping.py for tasks to queue
[2023-11-24T10:28:59.069+0800] {logging_mixin.py:154} INFO - [2023-11-24T10:28:59.068+0800] {dagbag.py:536} INFO - Filling up the DagBag from /home/azfarmustafa/airflow_tutorial/.venv/lib/python3.10/site-packages/airflow/example_dags/example_dynamic_task_mapping.py
[2023-11-24T10:28:59.074+0800] {processor.py:839} INFO - DAG(s) dict_keys(['example_dynamic_task_mapping']) retrieved from /home/azfarmustafa/airflow_tutorial/.venv/lib/python3.10/site-packages/airflow/example_dags/example_dynamic_task_mapping.py
[2023-11-24T10:28:59.087+0800] {logging_mixin.py:154} INFO - [2023-11-24T10:28:59.087+0800] {dag.py:2941} INFO - Sync 1 DAGs
[2023-11-24T10:28:59.107+0800] {logging_mixin.py:154} INFO - [2023-11-24T10:28:59.107+0800] {dag.py:3722} INFO - Setting next_dagrun for example_dynamic_task_mapping to 2022-03-04T00:00:00+00:00, run_after=2022-03-05T00:00:00+00:00
[2023-11-24T10:28:59.132+0800] {processor.py:179} INFO - Processing /home/azfarmustafa/airflow_tutorial/.venv/lib/python3.10/site-packages/airflow/example_dags/example_dynamic_task_mapping.py took 0.068 seconds
[2023-11-24T10:29:44.474+0800] {processor.py:157} INFO - Started process (PID=58959) to work on /home/azfarmustafa/airflow_tutorial/.venv/lib/python3.10/site-packages/airflow/example_dags/example_dynamic_task_mapping.py
[2023-11-24T10:29:44.475+0800] {processor.py:829} INFO - Processing file /home/azfarmustafa/airflow_tutorial/.venv/lib/python3.10/site-packages/airflow/example_dags/example_dynamic_task_mapping.py for tasks to queue
[2023-11-24T10:29:44.477+0800] {logging_mixin.py:154} INFO - [2023-11-24T10:29:44.476+0800] {dagbag.py:536} INFO - Filling up the DagBag from /home/azfarmustafa/airflow_tutorial/.venv/lib/python3.10/site-packages/airflow/example_dags/example_dynamic_task_mapping.py
[2023-11-24T10:29:44.483+0800] {processor.py:839} INFO - DAG(s) dict_keys(['example_dynamic_task_mapping']) retrieved from /home/azfarmustafa/airflow_tutorial/.venv/lib/python3.10/site-packages/airflow/example_dags/example_dynamic_task_mapping.py
[2023-11-24T10:29:44.497+0800] {logging_mixin.py:154} INFO - [2023-11-24T10:29:44.496+0800] {dag.py:2941} INFO - Sync 1 DAGs
[2023-11-24T10:29:44.518+0800] {logging_mixin.py:154} INFO - [2023-11-24T10:29:44.518+0800] {dag.py:3722} INFO - Setting next_dagrun for example_dynamic_task_mapping to 2022-03-04T00:00:00+00:00, run_after=2022-03-05T00:00:00+00:00
[2023-11-24T10:29:44.546+0800] {processor.py:179} INFO - Processing /home/azfarmustafa/airflow_tutorial/.venv/lib/python3.10/site-packages/airflow/example_dags/example_dynamic_task_mapping.py took 0.076 seconds
[2023-11-24T10:30:29.885+0800] {processor.py:157} INFO - Started process (PID=59006) to work on /home/azfarmustafa/airflow_tutorial/.venv/lib/python3.10/site-packages/airflow/example_dags/example_dynamic_task_mapping.py
[2023-11-24T10:30:29.886+0800] {processor.py:829} INFO - Processing file /home/azfarmustafa/airflow_tutorial/.venv/lib/python3.10/site-packages/airflow/example_dags/example_dynamic_task_mapping.py for tasks to queue
[2023-11-24T10:30:29.887+0800] {logging_mixin.py:154} INFO - [2023-11-24T10:30:29.887+0800] {dagbag.py:536} INFO - Filling up the DagBag from /home/azfarmustafa/airflow_tutorial/.venv/lib/python3.10/site-packages/airflow/example_dags/example_dynamic_task_mapping.py
[2023-11-24T10:30:29.893+0800] {processor.py:839} INFO - DAG(s) dict_keys(['example_dynamic_task_mapping']) retrieved from /home/azfarmustafa/airflow_tutorial/.venv/lib/python3.10/site-packages/airflow/example_dags/example_dynamic_task_mapping.py
[2023-11-24T10:30:29.906+0800] {logging_mixin.py:154} INFO - [2023-11-24T10:30:29.906+0800] {dag.py:2941} INFO - Sync 1 DAGs
[2023-11-24T10:30:29.923+0800] {logging_mixin.py:154} INFO - [2023-11-24T10:30:29.923+0800] {dag.py:3722} INFO - Setting next_dagrun for example_dynamic_task_mapping to 2022-03-04T00:00:00+00:00, run_after=2022-03-05T00:00:00+00:00
[2023-11-24T10:30:29.947+0800] {processor.py:179} INFO - Processing /home/azfarmustafa/airflow_tutorial/.venv/lib/python3.10/site-packages/airflow/example_dags/example_dynamic_task_mapping.py took 0.065 seconds
[2023-11-24T10:31:18.476+0800] {processor.py:157} INFO - Started process (PID=59054) to work on /home/azfarmustafa/airflow_tutorial/.venv/lib/python3.10/site-packages/airflow/example_dags/example_dynamic_task_mapping.py
[2023-11-24T10:31:18.481+0800] {processor.py:829} INFO - Processing file /home/azfarmustafa/airflow_tutorial/.venv/lib/python3.10/site-packages/airflow/example_dags/example_dynamic_task_mapping.py for tasks to queue
[2023-11-24T10:31:18.482+0800] {logging_mixin.py:154} INFO - [2023-11-24T10:31:18.481+0800] {dagbag.py:536} INFO - Filling up the DagBag from /home/azfarmustafa/airflow_tutorial/.venv/lib/python3.10/site-packages/airflow/example_dags/example_dynamic_task_mapping.py
[2023-11-24T10:31:18.488+0800] {processor.py:839} INFO - DAG(s) dict_keys(['example_dynamic_task_mapping']) retrieved from /home/azfarmustafa/airflow_tutorial/.venv/lib/python3.10/site-packages/airflow/example_dags/example_dynamic_task_mapping.py
[2023-11-24T10:31:18.502+0800] {logging_mixin.py:154} INFO - [2023-11-24T10:31:18.501+0800] {dag.py:2941} INFO - Sync 1 DAGs
[2023-11-24T10:31:18.519+0800] {logging_mixin.py:154} INFO - [2023-11-24T10:31:18.519+0800] {dag.py:3722} INFO - Setting next_dagrun for example_dynamic_task_mapping to 2022-03-04T00:00:00+00:00, run_after=2022-03-05T00:00:00+00:00
[2023-11-24T10:31:18.543+0800] {processor.py:179} INFO - Processing /home/azfarmustafa/airflow_tutorial/.venv/lib/python3.10/site-packages/airflow/example_dags/example_dynamic_task_mapping.py took 0.070 seconds
[2023-11-24T10:32:02.950+0800] {processor.py:157} INFO - Started process (PID=59100) to work on /home/azfarmustafa/airflow_tutorial/.venv/lib/python3.10/site-packages/airflow/example_dags/example_dynamic_task_mapping.py
[2023-11-24T10:32:02.954+0800] {processor.py:829} INFO - Processing file /home/azfarmustafa/airflow_tutorial/.venv/lib/python3.10/site-packages/airflow/example_dags/example_dynamic_task_mapping.py for tasks to queue
[2023-11-24T10:32:02.956+0800] {logging_mixin.py:154} INFO - [2023-11-24T10:32:02.955+0800] {dagbag.py:536} INFO - Filling up the DagBag from /home/azfarmustafa/airflow_tutorial/.venv/lib/python3.10/site-packages/airflow/example_dags/example_dynamic_task_mapping.py
[2023-11-24T10:32:02.964+0800] {processor.py:839} INFO - DAG(s) dict_keys(['example_dynamic_task_mapping']) retrieved from /home/azfarmustafa/airflow_tutorial/.venv/lib/python3.10/site-packages/airflow/example_dags/example_dynamic_task_mapping.py
[2023-11-24T10:32:02.978+0800] {logging_mixin.py:154} INFO - [2023-11-24T10:32:02.978+0800] {dag.py:2941} INFO - Sync 1 DAGs
[2023-11-24T10:32:03.001+0800] {logging_mixin.py:154} INFO - [2023-11-24T10:32:03.001+0800] {dag.py:3722} INFO - Setting next_dagrun for example_dynamic_task_mapping to 2022-03-04T00:00:00+00:00, run_after=2022-03-05T00:00:00+00:00
[2023-11-24T10:32:03.029+0800] {processor.py:179} INFO - Processing /home/azfarmustafa/airflow_tutorial/.venv/lib/python3.10/site-packages/airflow/example_dags/example_dynamic_task_mapping.py took 0.082 seconds
[2023-11-24T10:32:53.638+0800] {processor.py:157} INFO - Started process (PID=59150) to work on /home/azfarmustafa/airflow_tutorial/.venv/lib/python3.10/site-packages/airflow/example_dags/example_dynamic_task_mapping.py
[2023-11-24T10:32:53.647+0800] {processor.py:829} INFO - Processing file /home/azfarmustafa/airflow_tutorial/.venv/lib/python3.10/site-packages/airflow/example_dags/example_dynamic_task_mapping.py for tasks to queue
[2023-11-24T10:32:53.648+0800] {logging_mixin.py:154} INFO - [2023-11-24T10:32:53.648+0800] {dagbag.py:536} INFO - Filling up the DagBag from /home/azfarmustafa/airflow_tutorial/.venv/lib/python3.10/site-packages/airflow/example_dags/example_dynamic_task_mapping.py
[2023-11-24T10:32:53.656+0800] {processor.py:839} INFO - DAG(s) dict_keys(['example_dynamic_task_mapping']) retrieved from /home/azfarmustafa/airflow_tutorial/.venv/lib/python3.10/site-packages/airflow/example_dags/example_dynamic_task_mapping.py
[2023-11-24T10:32:53.669+0800] {logging_mixin.py:154} INFO - [2023-11-24T10:32:53.668+0800] {dag.py:2941} INFO - Sync 1 DAGs
[2023-11-24T10:32:53.685+0800] {logging_mixin.py:154} INFO - [2023-11-24T10:32:53.685+0800] {dag.py:3722} INFO - Setting next_dagrun for example_dynamic_task_mapping to 2022-03-04T00:00:00+00:00, run_after=2022-03-05T00:00:00+00:00
[2023-11-24T10:32:53.710+0800] {processor.py:179} INFO - Processing /home/azfarmustafa/airflow_tutorial/.venv/lib/python3.10/site-packages/airflow/example_dags/example_dynamic_task_mapping.py took 0.085 seconds
[2023-11-24T10:33:44.450+0800] {processor.py:157} INFO - Started process (PID=59200) to work on /home/azfarmustafa/airflow_tutorial/.venv/lib/python3.10/site-packages/airflow/example_dags/example_dynamic_task_mapping.py
[2023-11-24T10:33:44.455+0800] {processor.py:829} INFO - Processing file /home/azfarmustafa/airflow_tutorial/.venv/lib/python3.10/site-packages/airflow/example_dags/example_dynamic_task_mapping.py for tasks to queue
[2023-11-24T10:33:44.456+0800] {logging_mixin.py:154} INFO - [2023-11-24T10:33:44.456+0800] {dagbag.py:536} INFO - Filling up the DagBag from /home/azfarmustafa/airflow_tutorial/.venv/lib/python3.10/site-packages/airflow/example_dags/example_dynamic_task_mapping.py
[2023-11-24T10:33:44.462+0800] {processor.py:839} INFO - DAG(s) dict_keys(['example_dynamic_task_mapping']) retrieved from /home/azfarmustafa/airflow_tutorial/.venv/lib/python3.10/site-packages/airflow/example_dags/example_dynamic_task_mapping.py
[2023-11-24T10:33:44.477+0800] {logging_mixin.py:154} INFO - [2023-11-24T10:33:44.477+0800] {dag.py:2941} INFO - Sync 1 DAGs
[2023-11-24T10:33:44.500+0800] {logging_mixin.py:154} INFO - [2023-11-24T10:33:44.499+0800] {dag.py:3722} INFO - Setting next_dagrun for example_dynamic_task_mapping to 2022-03-04T00:00:00+00:00, run_after=2022-03-05T00:00:00+00:00
[2023-11-24T10:33:44.526+0800] {processor.py:179} INFO - Processing /home/azfarmustafa/airflow_tutorial/.venv/lib/python3.10/site-packages/airflow/example_dags/example_dynamic_task_mapping.py took 0.079 seconds
[2023-11-24T10:34:35.286+0800] {processor.py:157} INFO - Started process (PID=59251) to work on /home/azfarmustafa/airflow_tutorial/.venv/lib/python3.10/site-packages/airflow/example_dags/example_dynamic_task_mapping.py
[2023-11-24T10:34:35.288+0800] {processor.py:829} INFO - Processing file /home/azfarmustafa/airflow_tutorial/.venv/lib/python3.10/site-packages/airflow/example_dags/example_dynamic_task_mapping.py for tasks to queue
[2023-11-24T10:34:35.289+0800] {logging_mixin.py:154} INFO - [2023-11-24T10:34:35.288+0800] {dagbag.py:536} INFO - Filling up the DagBag from /home/azfarmustafa/airflow_tutorial/.venv/lib/python3.10/site-packages/airflow/example_dags/example_dynamic_task_mapping.py
[2023-11-24T10:34:35.295+0800] {processor.py:839} INFO - DAG(s) dict_keys(['example_dynamic_task_mapping']) retrieved from /home/azfarmustafa/airflow_tutorial/.venv/lib/python3.10/site-packages/airflow/example_dags/example_dynamic_task_mapping.py
[2023-11-24T10:34:35.309+0800] {logging_mixin.py:154} INFO - [2023-11-24T10:34:35.308+0800] {dag.py:2941} INFO - Sync 1 DAGs
[2023-11-24T10:34:35.327+0800] {logging_mixin.py:154} INFO - [2023-11-24T10:34:35.326+0800] {dag.py:3722} INFO - Setting next_dagrun for example_dynamic_task_mapping to 2022-03-04T00:00:00+00:00, run_after=2022-03-05T00:00:00+00:00
[2023-11-24T10:34:35.353+0800] {processor.py:179} INFO - Processing /home/azfarmustafa/airflow_tutorial/.venv/lib/python3.10/site-packages/airflow/example_dags/example_dynamic_task_mapping.py took 0.070 seconds
[2023-11-24T10:35:19.854+0800] {processor.py:157} INFO - Started process (PID=59302) to work on /home/azfarmustafa/airflow_tutorial/.venv/lib/python3.10/site-packages/airflow/example_dags/example_dynamic_task_mapping.py
[2023-11-24T10:35:19.856+0800] {processor.py:829} INFO - Processing file /home/azfarmustafa/airflow_tutorial/.venv/lib/python3.10/site-packages/airflow/example_dags/example_dynamic_task_mapping.py for tasks to queue
[2023-11-24T10:35:19.857+0800] {logging_mixin.py:154} INFO - [2023-11-24T10:35:19.856+0800] {dagbag.py:536} INFO - Filling up the DagBag from /home/azfarmustafa/airflow_tutorial/.venv/lib/python3.10/site-packages/airflow/example_dags/example_dynamic_task_mapping.py
[2023-11-24T10:35:19.862+0800] {processor.py:839} INFO - DAG(s) dict_keys(['example_dynamic_task_mapping']) retrieved from /home/azfarmustafa/airflow_tutorial/.venv/lib/python3.10/site-packages/airflow/example_dags/example_dynamic_task_mapping.py
[2023-11-24T10:35:19.875+0800] {logging_mixin.py:154} INFO - [2023-11-24T10:35:19.875+0800] {dag.py:2941} INFO - Sync 1 DAGs
[2023-11-24T10:35:19.892+0800] {logging_mixin.py:154} INFO - [2023-11-24T10:35:19.892+0800] {dag.py:3722} INFO - Setting next_dagrun for example_dynamic_task_mapping to 2022-03-04T00:00:00+00:00, run_after=2022-03-05T00:00:00+00:00
[2023-11-24T10:35:19.915+0800] {processor.py:179} INFO - Processing /home/azfarmustafa/airflow_tutorial/.venv/lib/python3.10/site-packages/airflow/example_dags/example_dynamic_task_mapping.py took 0.062 seconds
[2023-11-24T10:36:02.482+0800] {processor.py:157} INFO - Started process (PID=59348) to work on /home/azfarmustafa/airflow_tutorial/.venv/lib/python3.10/site-packages/airflow/example_dags/example_dynamic_task_mapping.py
[2023-11-24T10:36:02.485+0800] {processor.py:829} INFO - Processing file /home/azfarmustafa/airflow_tutorial/.venv/lib/python3.10/site-packages/airflow/example_dags/example_dynamic_task_mapping.py for tasks to queue
[2023-11-24T10:36:02.489+0800] {logging_mixin.py:154} INFO - [2023-11-24T10:36:02.486+0800] {dagbag.py:536} INFO - Filling up the DagBag from /home/azfarmustafa/airflow_tutorial/.venv/lib/python3.10/site-packages/airflow/example_dags/example_dynamic_task_mapping.py
[2023-11-24T10:36:02.500+0800] {processor.py:839} INFO - DAG(s) dict_keys(['example_dynamic_task_mapping']) retrieved from /home/azfarmustafa/airflow_tutorial/.venv/lib/python3.10/site-packages/airflow/example_dags/example_dynamic_task_mapping.py
[2023-11-24T10:36:02.519+0800] {logging_mixin.py:154} INFO - [2023-11-24T10:36:02.518+0800] {dag.py:2941} INFO - Sync 1 DAGs
[2023-11-24T10:36:02.539+0800] {logging_mixin.py:154} INFO - [2023-11-24T10:36:02.539+0800] {dag.py:3722} INFO - Setting next_dagrun for example_dynamic_task_mapping to 2022-03-04T00:00:00+00:00, run_after=2022-03-05T00:00:00+00:00
[2023-11-24T10:36:02.565+0800] {processor.py:179} INFO - Processing /home/azfarmustafa/airflow_tutorial/.venv/lib/python3.10/site-packages/airflow/example_dags/example_dynamic_task_mapping.py took 0.085 seconds
[2023-11-24T10:36:51.811+0800] {processor.py:157} INFO - Started process (PID=59399) to work on /home/azfarmustafa/airflow_tutorial/.venv/lib/python3.10/site-packages/airflow/example_dags/example_dynamic_task_mapping.py
[2023-11-24T10:36:51.816+0800] {processor.py:829} INFO - Processing file /home/azfarmustafa/airflow_tutorial/.venv/lib/python3.10/site-packages/airflow/example_dags/example_dynamic_task_mapping.py for tasks to queue
[2023-11-24T10:36:51.817+0800] {logging_mixin.py:154} INFO - [2023-11-24T10:36:51.816+0800] {dagbag.py:536} INFO - Filling up the DagBag from /home/azfarmustafa/airflow_tutorial/.venv/lib/python3.10/site-packages/airflow/example_dags/example_dynamic_task_mapping.py
[2023-11-24T10:36:51.823+0800] {processor.py:839} INFO - DAG(s) dict_keys(['example_dynamic_task_mapping']) retrieved from /home/azfarmustafa/airflow_tutorial/.venv/lib/python3.10/site-packages/airflow/example_dags/example_dynamic_task_mapping.py
[2023-11-24T10:36:51.838+0800] {logging_mixin.py:154} INFO - [2023-11-24T10:36:51.837+0800] {dag.py:2941} INFO - Sync 1 DAGs
[2023-11-24T10:36:51.860+0800] {logging_mixin.py:154} INFO - [2023-11-24T10:36:51.860+0800] {dag.py:3722} INFO - Setting next_dagrun for example_dynamic_task_mapping to 2022-03-04T00:00:00+00:00, run_after=2022-03-05T00:00:00+00:00
[2023-11-24T10:36:51.887+0800] {processor.py:179} INFO - Processing /home/azfarmustafa/airflow_tutorial/.venv/lib/python3.10/site-packages/airflow/example_dags/example_dynamic_task_mapping.py took 0.080 seconds
[2023-11-24T10:37:37.067+0800] {processor.py:157} INFO - Started process (PID=59446) to work on /home/azfarmustafa/airflow_tutorial/.venv/lib/python3.10/site-packages/airflow/example_dags/example_dynamic_task_mapping.py
[2023-11-24T10:37:37.068+0800] {processor.py:829} INFO - Processing file /home/azfarmustafa/airflow_tutorial/.venv/lib/python3.10/site-packages/airflow/example_dags/example_dynamic_task_mapping.py for tasks to queue
[2023-11-24T10:37:37.069+0800] {logging_mixin.py:154} INFO - [2023-11-24T10:37:37.069+0800] {dagbag.py:536} INFO - Filling up the DagBag from /home/azfarmustafa/airflow_tutorial/.venv/lib/python3.10/site-packages/airflow/example_dags/example_dynamic_task_mapping.py
[2023-11-24T10:37:37.076+0800] {processor.py:839} INFO - DAG(s) dict_keys(['example_dynamic_task_mapping']) retrieved from /home/azfarmustafa/airflow_tutorial/.venv/lib/python3.10/site-packages/airflow/example_dags/example_dynamic_task_mapping.py
[2023-11-24T10:37:37.091+0800] {logging_mixin.py:154} INFO - [2023-11-24T10:37:37.091+0800] {dag.py:2941} INFO - Sync 1 DAGs
[2023-11-24T10:37:37.109+0800] {logging_mixin.py:154} INFO - [2023-11-24T10:37:37.108+0800] {dag.py:3722} INFO - Setting next_dagrun for example_dynamic_task_mapping to 2022-03-04T00:00:00+00:00, run_after=2022-03-05T00:00:00+00:00
[2023-11-24T10:37:37.136+0800] {processor.py:179} INFO - Processing /home/azfarmustafa/airflow_tutorial/.venv/lib/python3.10/site-packages/airflow/example_dags/example_dynamic_task_mapping.py took 0.074 seconds
[2023-11-24T10:38:25.691+0800] {processor.py:157} INFO - Started process (PID=59495) to work on /home/azfarmustafa/airflow_tutorial/.venv/lib/python3.10/site-packages/airflow/example_dags/example_dynamic_task_mapping.py
[2023-11-24T10:38:25.696+0800] {processor.py:829} INFO - Processing file /home/azfarmustafa/airflow_tutorial/.venv/lib/python3.10/site-packages/airflow/example_dags/example_dynamic_task_mapping.py for tasks to queue
[2023-11-24T10:38:25.697+0800] {logging_mixin.py:154} INFO - [2023-11-24T10:38:25.696+0800] {dagbag.py:536} INFO - Filling up the DagBag from /home/azfarmustafa/airflow_tutorial/.venv/lib/python3.10/site-packages/airflow/example_dags/example_dynamic_task_mapping.py
[2023-11-24T10:38:25.704+0800] {processor.py:839} INFO - DAG(s) dict_keys(['example_dynamic_task_mapping']) retrieved from /home/azfarmustafa/airflow_tutorial/.venv/lib/python3.10/site-packages/airflow/example_dags/example_dynamic_task_mapping.py
[2023-11-24T10:38:25.717+0800] {logging_mixin.py:154} INFO - [2023-11-24T10:38:25.717+0800] {dag.py:2941} INFO - Sync 1 DAGs
[2023-11-24T10:38:25.735+0800] {logging_mixin.py:154} INFO - [2023-11-24T10:38:25.734+0800] {dag.py:3722} INFO - Setting next_dagrun for example_dynamic_task_mapping to 2022-03-04T00:00:00+00:00, run_after=2022-03-05T00:00:00+00:00
[2023-11-24T10:38:25.761+0800] {processor.py:179} INFO - Processing /home/azfarmustafa/airflow_tutorial/.venv/lib/python3.10/site-packages/airflow/example_dags/example_dynamic_task_mapping.py took 0.072 seconds
[2023-11-24T10:39:15.110+0800] {processor.py:157} INFO - Started process (PID=59544) to work on /home/azfarmustafa/airflow_tutorial/.venv/lib/python3.10/site-packages/airflow/example_dags/example_dynamic_task_mapping.py
[2023-11-24T10:39:15.114+0800] {processor.py:829} INFO - Processing file /home/azfarmustafa/airflow_tutorial/.venv/lib/python3.10/site-packages/airflow/example_dags/example_dynamic_task_mapping.py for tasks to queue
[2023-11-24T10:39:15.115+0800] {logging_mixin.py:154} INFO - [2023-11-24T10:39:15.114+0800] {dagbag.py:536} INFO - Filling up the DagBag from /home/azfarmustafa/airflow_tutorial/.venv/lib/python3.10/site-packages/airflow/example_dags/example_dynamic_task_mapping.py
[2023-11-24T10:39:15.124+0800] {processor.py:839} INFO - DAG(s) dict_keys(['example_dynamic_task_mapping']) retrieved from /home/azfarmustafa/airflow_tutorial/.venv/lib/python3.10/site-packages/airflow/example_dags/example_dynamic_task_mapping.py
[2023-11-24T10:39:15.138+0800] {logging_mixin.py:154} INFO - [2023-11-24T10:39:15.138+0800] {dag.py:2941} INFO - Sync 1 DAGs
[2023-11-24T10:39:15.161+0800] {logging_mixin.py:154} INFO - [2023-11-24T10:39:15.161+0800] {dag.py:3722} INFO - Setting next_dagrun for example_dynamic_task_mapping to 2022-03-04T00:00:00+00:00, run_after=2022-03-05T00:00:00+00:00
[2023-11-24T10:39:15.189+0800] {processor.py:179} INFO - Processing /home/azfarmustafa/airflow_tutorial/.venv/lib/python3.10/site-packages/airflow/example_dags/example_dynamic_task_mapping.py took 0.083 seconds
[2023-11-24T10:40:05.134+0800] {processor.py:157} INFO - Started process (PID=59593) to work on /home/azfarmustafa/airflow_tutorial/.venv/lib/python3.10/site-packages/airflow/example_dags/example_dynamic_task_mapping.py
[2023-11-24T10:40:05.138+0800] {processor.py:829} INFO - Processing file /home/azfarmustafa/airflow_tutorial/.venv/lib/python3.10/site-packages/airflow/example_dags/example_dynamic_task_mapping.py for tasks to queue
[2023-11-24T10:40:05.139+0800] {logging_mixin.py:154} INFO - [2023-11-24T10:40:05.138+0800] {dagbag.py:536} INFO - Filling up the DagBag from /home/azfarmustafa/airflow_tutorial/.venv/lib/python3.10/site-packages/airflow/example_dags/example_dynamic_task_mapping.py
[2023-11-24T10:40:05.145+0800] {processor.py:839} INFO - DAG(s) dict_keys(['example_dynamic_task_mapping']) retrieved from /home/azfarmustafa/airflow_tutorial/.venv/lib/python3.10/site-packages/airflow/example_dags/example_dynamic_task_mapping.py
[2023-11-24T10:40:05.157+0800] {logging_mixin.py:154} INFO - [2023-11-24T10:40:05.157+0800] {dag.py:2941} INFO - Sync 1 DAGs
[2023-11-24T10:40:05.175+0800] {logging_mixin.py:154} INFO - [2023-11-24T10:40:05.175+0800] {dag.py:3722} INFO - Setting next_dagrun for example_dynamic_task_mapping to 2022-03-04T00:00:00+00:00, run_after=2022-03-05T00:00:00+00:00
[2023-11-24T10:40:05.198+0800] {processor.py:179} INFO - Processing /home/azfarmustafa/airflow_tutorial/.venv/lib/python3.10/site-packages/airflow/example_dags/example_dynamic_task_mapping.py took 0.067 seconds
[2023-11-24T10:40:49.372+0800] {processor.py:157} INFO - Started process (PID=59639) to work on /home/azfarmustafa/airflow_tutorial/.venv/lib/python3.10/site-packages/airflow/example_dags/example_dynamic_task_mapping.py
[2023-11-24T10:40:49.376+0800] {processor.py:829} INFO - Processing file /home/azfarmustafa/airflow_tutorial/.venv/lib/python3.10/site-packages/airflow/example_dags/example_dynamic_task_mapping.py for tasks to queue
[2023-11-24T10:40:49.377+0800] {logging_mixin.py:154} INFO - [2023-11-24T10:40:49.376+0800] {dagbag.py:536} INFO - Filling up the DagBag from /home/azfarmustafa/airflow_tutorial/.venv/lib/python3.10/site-packages/airflow/example_dags/example_dynamic_task_mapping.py
[2023-11-24T10:40:49.383+0800] {processor.py:839} INFO - DAG(s) dict_keys(['example_dynamic_task_mapping']) retrieved from /home/azfarmustafa/airflow_tutorial/.venv/lib/python3.10/site-packages/airflow/example_dags/example_dynamic_task_mapping.py
[2023-11-24T10:40:49.397+0800] {logging_mixin.py:154} INFO - [2023-11-24T10:40:49.396+0800] {dag.py:2941} INFO - Sync 1 DAGs
[2023-11-24T10:40:49.416+0800] {logging_mixin.py:154} INFO - [2023-11-24T10:40:49.416+0800] {dag.py:3722} INFO - Setting next_dagrun for example_dynamic_task_mapping to 2022-03-04T00:00:00+00:00, run_after=2022-03-05T00:00:00+00:00
[2023-11-24T10:40:49.442+0800] {processor.py:179} INFO - Processing /home/azfarmustafa/airflow_tutorial/.venv/lib/python3.10/site-packages/airflow/example_dags/example_dynamic_task_mapping.py took 0.073 seconds
[2023-11-24T10:41:38.544+0800] {processor.py:157} INFO - Started process (PID=59694) to work on /home/azfarmustafa/airflow_tutorial/.venv/lib/python3.10/site-packages/airflow/example_dags/example_dynamic_task_mapping.py
[2023-11-24T10:41:38.548+0800] {processor.py:829} INFO - Processing file /home/azfarmustafa/airflow_tutorial/.venv/lib/python3.10/site-packages/airflow/example_dags/example_dynamic_task_mapping.py for tasks to queue
[2023-11-24T10:41:38.550+0800] {logging_mixin.py:154} INFO - [2023-11-24T10:41:38.549+0800] {dagbag.py:536} INFO - Filling up the DagBag from /home/azfarmustafa/airflow_tutorial/.venv/lib/python3.10/site-packages/airflow/example_dags/example_dynamic_task_mapping.py
[2023-11-24T10:41:38.557+0800] {processor.py:839} INFO - DAG(s) dict_keys(['example_dynamic_task_mapping']) retrieved from /home/azfarmustafa/airflow_tutorial/.venv/lib/python3.10/site-packages/airflow/example_dags/example_dynamic_task_mapping.py
[2023-11-24T10:41:38.572+0800] {logging_mixin.py:154} INFO - [2023-11-24T10:41:38.571+0800] {dag.py:2941} INFO - Sync 1 DAGs
[2023-11-24T10:41:38.592+0800] {logging_mixin.py:154} INFO - [2023-11-24T10:41:38.592+0800] {dag.py:3722} INFO - Setting next_dagrun for example_dynamic_task_mapping to 2022-03-04T00:00:00+00:00, run_after=2022-03-05T00:00:00+00:00
[2023-11-24T10:41:38.621+0800] {processor.py:179} INFO - Processing /home/azfarmustafa/airflow_tutorial/.venv/lib/python3.10/site-packages/airflow/example_dags/example_dynamic_task_mapping.py took 0.080 seconds
[2023-11-24T10:42:24.161+0800] {processor.py:157} INFO - Started process (PID=59741) to work on /home/azfarmustafa/airflow_tutorial/.venv/lib/python3.10/site-packages/airflow/example_dags/example_dynamic_task_mapping.py
[2023-11-24T10:42:24.165+0800] {processor.py:829} INFO - Processing file /home/azfarmustafa/airflow_tutorial/.venv/lib/python3.10/site-packages/airflow/example_dags/example_dynamic_task_mapping.py for tasks to queue
[2023-11-24T10:42:24.166+0800] {logging_mixin.py:154} INFO - [2023-11-24T10:42:24.166+0800] {dagbag.py:536} INFO - Filling up the DagBag from /home/azfarmustafa/airflow_tutorial/.venv/lib/python3.10/site-packages/airflow/example_dags/example_dynamic_task_mapping.py
[2023-11-24T10:42:24.172+0800] {processor.py:839} INFO - DAG(s) dict_keys(['example_dynamic_task_mapping']) retrieved from /home/azfarmustafa/airflow_tutorial/.venv/lib/python3.10/site-packages/airflow/example_dags/example_dynamic_task_mapping.py
[2023-11-24T10:42:24.185+0800] {logging_mixin.py:154} INFO - [2023-11-24T10:42:24.185+0800] {dag.py:2941} INFO - Sync 1 DAGs
[2023-11-24T10:42:24.203+0800] {logging_mixin.py:154} INFO - [2023-11-24T10:42:24.202+0800] {dag.py:3722} INFO - Setting next_dagrun for example_dynamic_task_mapping to 2022-03-04T00:00:00+00:00, run_after=2022-03-05T00:00:00+00:00
[2023-11-24T10:42:24.226+0800] {processor.py:179} INFO - Processing /home/azfarmustafa/airflow_tutorial/.venv/lib/python3.10/site-packages/airflow/example_dags/example_dynamic_task_mapping.py took 0.067 seconds
[2023-11-24T10:43:12.611+0800] {processor.py:157} INFO - Started process (PID=59790) to work on /home/azfarmustafa/airflow_tutorial/.venv/lib/python3.10/site-packages/airflow/example_dags/example_dynamic_task_mapping.py
[2023-11-24T10:43:12.615+0800] {processor.py:829} INFO - Processing file /home/azfarmustafa/airflow_tutorial/.venv/lib/python3.10/site-packages/airflow/example_dags/example_dynamic_task_mapping.py for tasks to queue
[2023-11-24T10:43:12.616+0800] {logging_mixin.py:154} INFO - [2023-11-24T10:43:12.616+0800] {dagbag.py:536} INFO - Filling up the DagBag from /home/azfarmustafa/airflow_tutorial/.venv/lib/python3.10/site-packages/airflow/example_dags/example_dynamic_task_mapping.py
[2023-11-24T10:43:12.622+0800] {processor.py:839} INFO - DAG(s) dict_keys(['example_dynamic_task_mapping']) retrieved from /home/azfarmustafa/airflow_tutorial/.venv/lib/python3.10/site-packages/airflow/example_dags/example_dynamic_task_mapping.py
[2023-11-24T10:43:12.639+0800] {logging_mixin.py:154} INFO - [2023-11-24T10:43:12.638+0800] {dag.py:2941} INFO - Sync 1 DAGs
[2023-11-24T10:43:12.662+0800] {logging_mixin.py:154} INFO - [2023-11-24T10:43:12.662+0800] {dag.py:3722} INFO - Setting next_dagrun for example_dynamic_task_mapping to 2022-03-04T00:00:00+00:00, run_after=2022-03-05T00:00:00+00:00
[2023-11-24T10:43:12.692+0800] {processor.py:179} INFO - Processing /home/azfarmustafa/airflow_tutorial/.venv/lib/python3.10/site-packages/airflow/example_dags/example_dynamic_task_mapping.py took 0.084 seconds
[2023-11-24T10:43:58.659+0800] {processor.py:157} INFO - Started process (PID=59837) to work on /home/azfarmustafa/airflow_tutorial/.venv/lib/python3.10/site-packages/airflow/example_dags/example_dynamic_task_mapping.py
[2023-11-24T10:43:58.663+0800] {processor.py:829} INFO - Processing file /home/azfarmustafa/airflow_tutorial/.venv/lib/python3.10/site-packages/airflow/example_dags/example_dynamic_task_mapping.py for tasks to queue
[2023-11-24T10:43:58.664+0800] {logging_mixin.py:154} INFO - [2023-11-24T10:43:58.663+0800] {dagbag.py:536} INFO - Filling up the DagBag from /home/azfarmustafa/airflow_tutorial/.venv/lib/python3.10/site-packages/airflow/example_dags/example_dynamic_task_mapping.py
[2023-11-24T10:43:58.670+0800] {processor.py:839} INFO - DAG(s) dict_keys(['example_dynamic_task_mapping']) retrieved from /home/azfarmustafa/airflow_tutorial/.venv/lib/python3.10/site-packages/airflow/example_dags/example_dynamic_task_mapping.py
[2023-11-24T10:43:58.684+0800] {logging_mixin.py:154} INFO - [2023-11-24T10:43:58.683+0800] {dag.py:2941} INFO - Sync 1 DAGs
[2023-11-24T10:43:58.702+0800] {logging_mixin.py:154} INFO - [2023-11-24T10:43:58.702+0800] {dag.py:3722} INFO - Setting next_dagrun for example_dynamic_task_mapping to 2022-03-04T00:00:00+00:00, run_after=2022-03-05T00:00:00+00:00
[2023-11-24T10:43:58.724+0800] {processor.py:179} INFO - Processing /home/azfarmustafa/airflow_tutorial/.venv/lib/python3.10/site-packages/airflow/example_dags/example_dynamic_task_mapping.py took 0.068 seconds
[2023-11-24T10:44:48.539+0800] {processor.py:157} INFO - Started process (PID=59887) to work on /home/azfarmustafa/airflow_tutorial/.venv/lib/python3.10/site-packages/airflow/example_dags/example_dynamic_task_mapping.py
[2023-11-24T10:44:48.543+0800] {processor.py:829} INFO - Processing file /home/azfarmustafa/airflow_tutorial/.venv/lib/python3.10/site-packages/airflow/example_dags/example_dynamic_task_mapping.py for tasks to queue
[2023-11-24T10:44:48.544+0800] {logging_mixin.py:154} INFO - [2023-11-24T10:44:48.544+0800] {dagbag.py:536} INFO - Filling up the DagBag from /home/azfarmustafa/airflow_tutorial/.venv/lib/python3.10/site-packages/airflow/example_dags/example_dynamic_task_mapping.py
[2023-11-24T10:44:48.550+0800] {processor.py:839} INFO - DAG(s) dict_keys(['example_dynamic_task_mapping']) retrieved from /home/azfarmustafa/airflow_tutorial/.venv/lib/python3.10/site-packages/airflow/example_dags/example_dynamic_task_mapping.py
[2023-11-24T10:44:48.563+0800] {logging_mixin.py:154} INFO - [2023-11-24T10:44:48.562+0800] {dag.py:2941} INFO - Sync 1 DAGs
[2023-11-24T10:44:48.580+0800] {logging_mixin.py:154} INFO - [2023-11-24T10:44:48.579+0800] {dag.py:3722} INFO - Setting next_dagrun for example_dynamic_task_mapping to 2022-03-04T00:00:00+00:00, run_after=2022-03-05T00:00:00+00:00
[2023-11-24T10:44:48.605+0800] {processor.py:179} INFO - Processing /home/azfarmustafa/airflow_tutorial/.venv/lib/python3.10/site-packages/airflow/example_dags/example_dynamic_task_mapping.py took 0.069 seconds
[2023-11-24T10:45:35.702+0800] {processor.py:157} INFO - Started process (PID=59935) to work on /home/azfarmustafa/airflow_tutorial/.venv/lib/python3.10/site-packages/airflow/example_dags/example_dynamic_task_mapping.py
[2023-11-24T10:45:35.703+0800] {processor.py:829} INFO - Processing file /home/azfarmustafa/airflow_tutorial/.venv/lib/python3.10/site-packages/airflow/example_dags/example_dynamic_task_mapping.py for tasks to queue
[2023-11-24T10:45:35.704+0800] {logging_mixin.py:154} INFO - [2023-11-24T10:45:35.704+0800] {dagbag.py:536} INFO - Filling up the DagBag from /home/azfarmustafa/airflow_tutorial/.venv/lib/python3.10/site-packages/airflow/example_dags/example_dynamic_task_mapping.py
[2023-11-24T10:45:35.710+0800] {processor.py:839} INFO - DAG(s) dict_keys(['example_dynamic_task_mapping']) retrieved from /home/azfarmustafa/airflow_tutorial/.venv/lib/python3.10/site-packages/airflow/example_dags/example_dynamic_task_mapping.py
[2023-11-24T10:45:35.723+0800] {logging_mixin.py:154} INFO - [2023-11-24T10:45:35.723+0800] {dag.py:2941} INFO - Sync 1 DAGs
[2023-11-24T10:45:35.740+0800] {logging_mixin.py:154} INFO - [2023-11-24T10:45:35.740+0800] {dag.py:3722} INFO - Setting next_dagrun for example_dynamic_task_mapping to 2022-03-04T00:00:00+00:00, run_after=2022-03-05T00:00:00+00:00
[2023-11-24T10:45:35.763+0800] {processor.py:179} INFO - Processing /home/azfarmustafa/airflow_tutorial/.venv/lib/python3.10/site-packages/airflow/example_dags/example_dynamic_task_mapping.py took 0.064 seconds
[2023-11-24T10:46:21.937+0800] {processor.py:157} INFO - Started process (PID=59982) to work on /home/azfarmustafa/airflow_tutorial/.venv/lib/python3.10/site-packages/airflow/example_dags/example_dynamic_task_mapping.py
[2023-11-24T10:46:21.942+0800] {processor.py:829} INFO - Processing file /home/azfarmustafa/airflow_tutorial/.venv/lib/python3.10/site-packages/airflow/example_dags/example_dynamic_task_mapping.py for tasks to queue
[2023-11-24T10:46:21.943+0800] {logging_mixin.py:154} INFO - [2023-11-24T10:46:21.942+0800] {dagbag.py:536} INFO - Filling up the DagBag from /home/azfarmustafa/airflow_tutorial/.venv/lib/python3.10/site-packages/airflow/example_dags/example_dynamic_task_mapping.py
[2023-11-24T10:46:21.948+0800] {processor.py:839} INFO - DAG(s) dict_keys(['example_dynamic_task_mapping']) retrieved from /home/azfarmustafa/airflow_tutorial/.venv/lib/python3.10/site-packages/airflow/example_dags/example_dynamic_task_mapping.py
[2023-11-24T10:46:21.963+0800] {logging_mixin.py:154} INFO - [2023-11-24T10:46:21.962+0800] {dag.py:2941} INFO - Sync 1 DAGs
[2023-11-24T10:46:21.985+0800] {logging_mixin.py:154} INFO - [2023-11-24T10:46:21.984+0800] {dag.py:3722} INFO - Setting next_dagrun for example_dynamic_task_mapping to 2022-03-04T00:00:00+00:00, run_after=2022-03-05T00:00:00+00:00
[2023-11-24T10:46:22.014+0800] {processor.py:179} INFO - Processing /home/azfarmustafa/airflow_tutorial/.venv/lib/python3.10/site-packages/airflow/example_dags/example_dynamic_task_mapping.py took 0.080 seconds
[2023-11-24T10:47:08.208+0800] {processor.py:157} INFO - Started process (PID=60035) to work on /home/azfarmustafa/airflow_tutorial/.venv/lib/python3.10/site-packages/airflow/example_dags/example_dynamic_task_mapping.py
[2023-11-24T10:47:08.212+0800] {processor.py:829} INFO - Processing file /home/azfarmustafa/airflow_tutorial/.venv/lib/python3.10/site-packages/airflow/example_dags/example_dynamic_task_mapping.py for tasks to queue
[2023-11-24T10:47:08.213+0800] {logging_mixin.py:154} INFO - [2023-11-24T10:47:08.213+0800] {dagbag.py:536} INFO - Filling up the DagBag from /home/azfarmustafa/airflow_tutorial/.venv/lib/python3.10/site-packages/airflow/example_dags/example_dynamic_task_mapping.py
[2023-11-24T10:47:08.221+0800] {processor.py:839} INFO - DAG(s) dict_keys(['example_dynamic_task_mapping']) retrieved from /home/azfarmustafa/airflow_tutorial/.venv/lib/python3.10/site-packages/airflow/example_dags/example_dynamic_task_mapping.py
[2023-11-24T10:47:08.235+0800] {logging_mixin.py:154} INFO - [2023-11-24T10:47:08.235+0800] {dag.py:2941} INFO - Sync 1 DAGs
[2023-11-24T10:47:08.255+0800] {logging_mixin.py:154} INFO - [2023-11-24T10:47:08.255+0800] {dag.py:3722} INFO - Setting next_dagrun for example_dynamic_task_mapping to 2022-03-04T00:00:00+00:00, run_after=2022-03-05T00:00:00+00:00
[2023-11-24T10:47:08.279+0800] {processor.py:179} INFO - Processing /home/azfarmustafa/airflow_tutorial/.venv/lib/python3.10/site-packages/airflow/example_dags/example_dynamic_task_mapping.py took 0.074 seconds
[2023-11-24T10:47:51.883+0800] {processor.py:157} INFO - Started process (PID=60080) to work on /home/azfarmustafa/airflow_tutorial/.venv/lib/python3.10/site-packages/airflow/example_dags/example_dynamic_task_mapping.py
[2023-11-24T10:47:51.885+0800] {processor.py:829} INFO - Processing file /home/azfarmustafa/airflow_tutorial/.venv/lib/python3.10/site-packages/airflow/example_dags/example_dynamic_task_mapping.py for tasks to queue
[2023-11-24T10:47:51.886+0800] {logging_mixin.py:154} INFO - [2023-11-24T10:47:51.886+0800] {dagbag.py:536} INFO - Filling up the DagBag from /home/azfarmustafa/airflow_tutorial/.venv/lib/python3.10/site-packages/airflow/example_dags/example_dynamic_task_mapping.py
[2023-11-24T10:47:51.892+0800] {processor.py:839} INFO - DAG(s) dict_keys(['example_dynamic_task_mapping']) retrieved from /home/azfarmustafa/airflow_tutorial/.venv/lib/python3.10/site-packages/airflow/example_dags/example_dynamic_task_mapping.py
[2023-11-24T10:47:51.908+0800] {logging_mixin.py:154} INFO - [2023-11-24T10:47:51.908+0800] {dag.py:2941} INFO - Sync 1 DAGs
[2023-11-24T10:47:51.928+0800] {logging_mixin.py:154} INFO - [2023-11-24T10:47:51.927+0800] {dag.py:3722} INFO - Setting next_dagrun for example_dynamic_task_mapping to 2022-03-04T00:00:00+00:00, run_after=2022-03-05T00:00:00+00:00
[2023-11-24T10:47:51.957+0800] {processor.py:179} INFO - Processing /home/azfarmustafa/airflow_tutorial/.venv/lib/python3.10/site-packages/airflow/example_dags/example_dynamic_task_mapping.py took 0.079 seconds
[2023-11-24T10:48:37.065+0800] {processor.py:157} INFO - Started process (PID=60127) to work on /home/azfarmustafa/airflow_tutorial/.venv/lib/python3.10/site-packages/airflow/example_dags/example_dynamic_task_mapping.py
[2023-11-24T10:48:37.066+0800] {processor.py:829} INFO - Processing file /home/azfarmustafa/airflow_tutorial/.venv/lib/python3.10/site-packages/airflow/example_dags/example_dynamic_task_mapping.py for tasks to queue
[2023-11-24T10:48:37.067+0800] {logging_mixin.py:154} INFO - [2023-11-24T10:48:37.067+0800] {dagbag.py:536} INFO - Filling up the DagBag from /home/azfarmustafa/airflow_tutorial/.venv/lib/python3.10/site-packages/airflow/example_dags/example_dynamic_task_mapping.py
[2023-11-24T10:48:37.074+0800] {processor.py:839} INFO - DAG(s) dict_keys(['example_dynamic_task_mapping']) retrieved from /home/azfarmustafa/airflow_tutorial/.venv/lib/python3.10/site-packages/airflow/example_dags/example_dynamic_task_mapping.py
[2023-11-24T10:48:37.087+0800] {logging_mixin.py:154} INFO - [2023-11-24T10:48:37.087+0800] {dag.py:2941} INFO - Sync 1 DAGs
[2023-11-24T10:48:37.104+0800] {logging_mixin.py:154} INFO - [2023-11-24T10:48:37.103+0800] {dag.py:3722} INFO - Setting next_dagrun for example_dynamic_task_mapping to 2022-03-04T00:00:00+00:00, run_after=2022-03-05T00:00:00+00:00
[2023-11-24T10:48:37.127+0800] {processor.py:179} INFO - Processing /home/azfarmustafa/airflow_tutorial/.venv/lib/python3.10/site-packages/airflow/example_dags/example_dynamic_task_mapping.py took 0.065 seconds
[2023-11-24T10:49:27.669+0800] {processor.py:157} INFO - Started process (PID=60177) to work on /home/azfarmustafa/airflow_tutorial/.venv/lib/python3.10/site-packages/airflow/example_dags/example_dynamic_task_mapping.py
[2023-11-24T10:49:27.674+0800] {processor.py:829} INFO - Processing file /home/azfarmustafa/airflow_tutorial/.venv/lib/python3.10/site-packages/airflow/example_dags/example_dynamic_task_mapping.py for tasks to queue
[2023-11-24T10:49:27.674+0800] {logging_mixin.py:154} INFO - [2023-11-24T10:49:27.674+0800] {dagbag.py:536} INFO - Filling up the DagBag from /home/azfarmustafa/airflow_tutorial/.venv/lib/python3.10/site-packages/airflow/example_dags/example_dynamic_task_mapping.py
[2023-11-24T10:49:27.681+0800] {processor.py:839} INFO - DAG(s) dict_keys(['example_dynamic_task_mapping']) retrieved from /home/azfarmustafa/airflow_tutorial/.venv/lib/python3.10/site-packages/airflow/example_dags/example_dynamic_task_mapping.py
[2023-11-24T10:49:27.698+0800] {logging_mixin.py:154} INFO - [2023-11-24T10:49:27.697+0800] {dag.py:2941} INFO - Sync 1 DAGs
[2023-11-24T10:49:27.717+0800] {logging_mixin.py:154} INFO - [2023-11-24T10:49:27.717+0800] {dag.py:3722} INFO - Setting next_dagrun for example_dynamic_task_mapping to 2022-03-04T00:00:00+00:00, run_after=2022-03-05T00:00:00+00:00
[2023-11-24T10:49:27.742+0800] {processor.py:179} INFO - Processing /home/azfarmustafa/airflow_tutorial/.venv/lib/python3.10/site-packages/airflow/example_dags/example_dynamic_task_mapping.py took 0.076 seconds
[2023-11-24T10:50:12.555+0800] {processor.py:157} INFO - Started process (PID=60224) to work on /home/azfarmustafa/airflow_tutorial/.venv/lib/python3.10/site-packages/airflow/example_dags/example_dynamic_task_mapping.py
[2023-11-24T10:50:12.557+0800] {processor.py:829} INFO - Processing file /home/azfarmustafa/airflow_tutorial/.venv/lib/python3.10/site-packages/airflow/example_dags/example_dynamic_task_mapping.py for tasks to queue
[2023-11-24T10:50:12.557+0800] {logging_mixin.py:154} INFO - [2023-11-24T10:50:12.557+0800] {dagbag.py:536} INFO - Filling up the DagBag from /home/azfarmustafa/airflow_tutorial/.venv/lib/python3.10/site-packages/airflow/example_dags/example_dynamic_task_mapping.py
[2023-11-24T10:50:12.563+0800] {processor.py:839} INFO - DAG(s) dict_keys(['example_dynamic_task_mapping']) retrieved from /home/azfarmustafa/airflow_tutorial/.venv/lib/python3.10/site-packages/airflow/example_dags/example_dynamic_task_mapping.py
[2023-11-24T10:50:12.576+0800] {logging_mixin.py:154} INFO - [2023-11-24T10:50:12.576+0800] {dag.py:2941} INFO - Sync 1 DAGs
[2023-11-24T10:50:12.593+0800] {logging_mixin.py:154} INFO - [2023-11-24T10:50:12.593+0800] {dag.py:3722} INFO - Setting next_dagrun for example_dynamic_task_mapping to 2022-03-04T00:00:00+00:00, run_after=2022-03-05T00:00:00+00:00
[2023-11-24T10:50:12.617+0800] {processor.py:179} INFO - Processing /home/azfarmustafa/airflow_tutorial/.venv/lib/python3.10/site-packages/airflow/example_dags/example_dynamic_task_mapping.py took 0.065 seconds
[2023-11-24T10:50:58.943+0800] {processor.py:157} INFO - Started process (PID=60272) to work on /home/azfarmustafa/airflow_tutorial/.venv/lib/python3.10/site-packages/airflow/example_dags/example_dynamic_task_mapping.py
[2023-11-24T10:50:58.947+0800] {processor.py:829} INFO - Processing file /home/azfarmustafa/airflow_tutorial/.venv/lib/python3.10/site-packages/airflow/example_dags/example_dynamic_task_mapping.py for tasks to queue
[2023-11-24T10:50:58.948+0800] {logging_mixin.py:154} INFO - [2023-11-24T10:50:58.948+0800] {dagbag.py:536} INFO - Filling up the DagBag from /home/azfarmustafa/airflow_tutorial/.venv/lib/python3.10/site-packages/airflow/example_dags/example_dynamic_task_mapping.py
[2023-11-24T10:50:58.954+0800] {processor.py:839} INFO - DAG(s) dict_keys(['example_dynamic_task_mapping']) retrieved from /home/azfarmustafa/airflow_tutorial/.venv/lib/python3.10/site-packages/airflow/example_dags/example_dynamic_task_mapping.py
[2023-11-24T10:50:58.967+0800] {logging_mixin.py:154} INFO - [2023-11-24T10:50:58.967+0800] {dag.py:2941} INFO - Sync 1 DAGs
[2023-11-24T10:50:58.985+0800] {logging_mixin.py:154} INFO - [2023-11-24T10:50:58.985+0800] {dag.py:3722} INFO - Setting next_dagrun for example_dynamic_task_mapping to 2022-03-04T00:00:00+00:00, run_after=2022-03-05T00:00:00+00:00
[2023-11-24T10:50:59.016+0800] {processor.py:179} INFO - Processing /home/azfarmustafa/airflow_tutorial/.venv/lib/python3.10/site-packages/airflow/example_dags/example_dynamic_task_mapping.py took 0.075 seconds
[2023-11-24T10:51:46.981+0800] {processor.py:157} INFO - Started process (PID=60320) to work on /home/azfarmustafa/airflow_tutorial/.venv/lib/python3.10/site-packages/airflow/example_dags/example_dynamic_task_mapping.py
[2023-11-24T10:51:46.986+0800] {processor.py:829} INFO - Processing file /home/azfarmustafa/airflow_tutorial/.venv/lib/python3.10/site-packages/airflow/example_dags/example_dynamic_task_mapping.py for tasks to queue
[2023-11-24T10:51:46.988+0800] {logging_mixin.py:154} INFO - [2023-11-24T10:51:46.987+0800] {dagbag.py:536} INFO - Filling up the DagBag from /home/azfarmustafa/airflow_tutorial/.venv/lib/python3.10/site-packages/airflow/example_dags/example_dynamic_task_mapping.py
[2023-11-24T10:51:46.999+0800] {processor.py:839} INFO - DAG(s) dict_keys(['example_dynamic_task_mapping']) retrieved from /home/azfarmustafa/airflow_tutorial/.venv/lib/python3.10/site-packages/airflow/example_dags/example_dynamic_task_mapping.py
[2023-11-24T10:51:47.012+0800] {logging_mixin.py:154} INFO - [2023-11-24T10:51:47.012+0800] {dag.py:2941} INFO - Sync 1 DAGs
[2023-11-24T10:51:47.037+0800] {logging_mixin.py:154} INFO - [2023-11-24T10:51:47.037+0800] {dag.py:3722} INFO - Setting next_dagrun for example_dynamic_task_mapping to 2022-03-04T00:00:00+00:00, run_after=2022-03-05T00:00:00+00:00
[2023-11-24T10:51:47.087+0800] {processor.py:179} INFO - Processing /home/azfarmustafa/airflow_tutorial/.venv/lib/python3.10/site-packages/airflow/example_dags/example_dynamic_task_mapping.py took 0.109 seconds
[2023-11-24T10:52:34.839+0800] {processor.py:157} INFO - Started process (PID=60368) to work on /home/azfarmustafa/airflow_tutorial/.venv/lib/python3.10/site-packages/airflow/example_dags/example_dynamic_task_mapping.py
[2023-11-24T10:52:34.843+0800] {processor.py:829} INFO - Processing file /home/azfarmustafa/airflow_tutorial/.venv/lib/python3.10/site-packages/airflow/example_dags/example_dynamic_task_mapping.py for tasks to queue
[2023-11-24T10:52:34.844+0800] {logging_mixin.py:154} INFO - [2023-11-24T10:52:34.843+0800] {dagbag.py:536} INFO - Filling up the DagBag from /home/azfarmustafa/airflow_tutorial/.venv/lib/python3.10/site-packages/airflow/example_dags/example_dynamic_task_mapping.py
[2023-11-24T10:52:34.849+0800] {processor.py:839} INFO - DAG(s) dict_keys(['example_dynamic_task_mapping']) retrieved from /home/azfarmustafa/airflow_tutorial/.venv/lib/python3.10/site-packages/airflow/example_dags/example_dynamic_task_mapping.py
[2023-11-24T10:52:34.862+0800] {logging_mixin.py:154} INFO - [2023-11-24T10:52:34.862+0800] {dag.py:2941} INFO - Sync 1 DAGs
[2023-11-24T10:52:34.880+0800] {logging_mixin.py:154} INFO - [2023-11-24T10:52:34.879+0800] {dag.py:3722} INFO - Setting next_dagrun for example_dynamic_task_mapping to 2022-03-04T00:00:00+00:00, run_after=2022-03-05T00:00:00+00:00
[2023-11-24T10:52:34.902+0800] {processor.py:179} INFO - Processing /home/azfarmustafa/airflow_tutorial/.venv/lib/python3.10/site-packages/airflow/example_dags/example_dynamic_task_mapping.py took 0.065 seconds
[2023-11-24T10:53:24.733+0800] {processor.py:157} INFO - Started process (PID=60424) to work on /home/azfarmustafa/airflow_tutorial/.venv/lib/python3.10/site-packages/airflow/example_dags/example_dynamic_task_mapping.py
[2023-11-24T10:53:24.735+0800] {processor.py:829} INFO - Processing file /home/azfarmustafa/airflow_tutorial/.venv/lib/python3.10/site-packages/airflow/example_dags/example_dynamic_task_mapping.py for tasks to queue
[2023-11-24T10:53:24.736+0800] {logging_mixin.py:154} INFO - [2023-11-24T10:53:24.735+0800] {dagbag.py:536} INFO - Filling up the DagBag from /home/azfarmustafa/airflow_tutorial/.venv/lib/python3.10/site-packages/airflow/example_dags/example_dynamic_task_mapping.py
[2023-11-24T10:53:24.741+0800] {processor.py:839} INFO - DAG(s) dict_keys(['example_dynamic_task_mapping']) retrieved from /home/azfarmustafa/airflow_tutorial/.venv/lib/python3.10/site-packages/airflow/example_dags/example_dynamic_task_mapping.py
[2023-11-24T10:53:24.754+0800] {logging_mixin.py:154} INFO - [2023-11-24T10:53:24.754+0800] {dag.py:2941} INFO - Sync 1 DAGs
[2023-11-24T10:53:24.771+0800] {logging_mixin.py:154} INFO - [2023-11-24T10:53:24.771+0800] {dag.py:3722} INFO - Setting next_dagrun for example_dynamic_task_mapping to 2022-03-04T00:00:00+00:00, run_after=2022-03-05T00:00:00+00:00
[2023-11-24T10:53:24.794+0800] {processor.py:179} INFO - Processing /home/azfarmustafa/airflow_tutorial/.venv/lib/python3.10/site-packages/airflow/example_dags/example_dynamic_task_mapping.py took 0.063 seconds
[2023-11-24T10:54:12.150+0800] {processor.py:157} INFO - Started process (PID=60472) to work on /home/azfarmustafa/airflow_tutorial/.venv/lib/python3.10/site-packages/airflow/example_dags/example_dynamic_task_mapping.py
[2023-11-24T10:54:12.151+0800] {processor.py:829} INFO - Processing file /home/azfarmustafa/airflow_tutorial/.venv/lib/python3.10/site-packages/airflow/example_dags/example_dynamic_task_mapping.py for tasks to queue
[2023-11-24T10:54:12.152+0800] {logging_mixin.py:154} INFO - [2023-11-24T10:54:12.151+0800] {dagbag.py:536} INFO - Filling up the DagBag from /home/azfarmustafa/airflow_tutorial/.venv/lib/python3.10/site-packages/airflow/example_dags/example_dynamic_task_mapping.py
[2023-11-24T10:54:12.157+0800] {processor.py:839} INFO - DAG(s) dict_keys(['example_dynamic_task_mapping']) retrieved from /home/azfarmustafa/airflow_tutorial/.venv/lib/python3.10/site-packages/airflow/example_dags/example_dynamic_task_mapping.py
[2023-11-24T10:54:12.172+0800] {logging_mixin.py:154} INFO - [2023-11-24T10:54:12.171+0800] {dag.py:2941} INFO - Sync 1 DAGs
[2023-11-24T10:54:12.191+0800] {logging_mixin.py:154} INFO - [2023-11-24T10:54:12.191+0800] {dag.py:3722} INFO - Setting next_dagrun for example_dynamic_task_mapping to 2022-03-04T00:00:00+00:00, run_after=2022-03-05T00:00:00+00:00
[2023-11-24T10:54:12.214+0800] {processor.py:179} INFO - Processing /home/azfarmustafa/airflow_tutorial/.venv/lib/python3.10/site-packages/airflow/example_dags/example_dynamic_task_mapping.py took 0.067 seconds
[2023-11-24T10:55:00.578+0800] {processor.py:157} INFO - Started process (PID=60521) to work on /home/azfarmustafa/airflow_tutorial/.venv/lib/python3.10/site-packages/airflow/example_dags/example_dynamic_task_mapping.py
[2023-11-24T10:55:00.582+0800] {processor.py:829} INFO - Processing file /home/azfarmustafa/airflow_tutorial/.venv/lib/python3.10/site-packages/airflow/example_dags/example_dynamic_task_mapping.py for tasks to queue
[2023-11-24T10:55:00.583+0800] {logging_mixin.py:154} INFO - [2023-11-24T10:55:00.583+0800] {dagbag.py:536} INFO - Filling up the DagBag from /home/azfarmustafa/airflow_tutorial/.venv/lib/python3.10/site-packages/airflow/example_dags/example_dynamic_task_mapping.py
[2023-11-24T10:55:00.590+0800] {processor.py:839} INFO - DAG(s) dict_keys(['example_dynamic_task_mapping']) retrieved from /home/azfarmustafa/airflow_tutorial/.venv/lib/python3.10/site-packages/airflow/example_dags/example_dynamic_task_mapping.py
[2023-11-24T10:55:00.603+0800] {logging_mixin.py:154} INFO - [2023-11-24T10:55:00.603+0800] {dag.py:2941} INFO - Sync 1 DAGs
[2023-11-24T10:55:00.620+0800] {logging_mixin.py:154} INFO - [2023-11-24T10:55:00.620+0800] {dag.py:3722} INFO - Setting next_dagrun for example_dynamic_task_mapping to 2022-03-04T00:00:00+00:00, run_after=2022-03-05T00:00:00+00:00
[2023-11-24T10:55:00.646+0800] {processor.py:179} INFO - Processing /home/azfarmustafa/airflow_tutorial/.venv/lib/python3.10/site-packages/airflow/example_dags/example_dynamic_task_mapping.py took 0.071 seconds
[2023-11-24T10:55:45.133+0800] {processor.py:157} INFO - Started process (PID=60567) to work on /home/azfarmustafa/airflow_tutorial/.venv/lib/python3.10/site-packages/airflow/example_dags/example_dynamic_task_mapping.py
[2023-11-24T10:55:45.137+0800] {processor.py:829} INFO - Processing file /home/azfarmustafa/airflow_tutorial/.venv/lib/python3.10/site-packages/airflow/example_dags/example_dynamic_task_mapping.py for tasks to queue
[2023-11-24T10:55:45.138+0800] {logging_mixin.py:154} INFO - [2023-11-24T10:55:45.137+0800] {dagbag.py:536} INFO - Filling up the DagBag from /home/azfarmustafa/airflow_tutorial/.venv/lib/python3.10/site-packages/airflow/example_dags/example_dynamic_task_mapping.py
[2023-11-24T10:55:45.145+0800] {processor.py:839} INFO - DAG(s) dict_keys(['example_dynamic_task_mapping']) retrieved from /home/azfarmustafa/airflow_tutorial/.venv/lib/python3.10/site-packages/airflow/example_dags/example_dynamic_task_mapping.py
[2023-11-24T10:55:45.158+0800] {logging_mixin.py:154} INFO - [2023-11-24T10:55:45.158+0800] {dag.py:2941} INFO - Sync 1 DAGs
[2023-11-24T10:55:45.183+0800] {logging_mixin.py:154} INFO - [2023-11-24T10:55:45.183+0800] {dag.py:3722} INFO - Setting next_dagrun for example_dynamic_task_mapping to 2022-03-04T00:00:00+00:00, run_after=2022-03-05T00:00:00+00:00
[2023-11-24T10:55:45.207+0800] {processor.py:179} INFO - Processing /home/azfarmustafa/airflow_tutorial/.venv/lib/python3.10/site-packages/airflow/example_dags/example_dynamic_task_mapping.py took 0.078 seconds
[2023-11-24T10:56:30.574+0800] {processor.py:157} INFO - Started process (PID=60614) to work on /home/azfarmustafa/airflow_tutorial/.venv/lib/python3.10/site-packages/airflow/example_dags/example_dynamic_task_mapping.py
[2023-11-24T10:56:30.578+0800] {processor.py:829} INFO - Processing file /home/azfarmustafa/airflow_tutorial/.venv/lib/python3.10/site-packages/airflow/example_dags/example_dynamic_task_mapping.py for tasks to queue
[2023-11-24T10:56:30.579+0800] {logging_mixin.py:154} INFO - [2023-11-24T10:56:30.579+0800] {dagbag.py:536} INFO - Filling up the DagBag from /home/azfarmustafa/airflow_tutorial/.venv/lib/python3.10/site-packages/airflow/example_dags/example_dynamic_task_mapping.py
[2023-11-24T10:56:30.589+0800] {processor.py:839} INFO - DAG(s) dict_keys(['example_dynamic_task_mapping']) retrieved from /home/azfarmustafa/airflow_tutorial/.venv/lib/python3.10/site-packages/airflow/example_dags/example_dynamic_task_mapping.py
[2023-11-24T10:56:30.606+0800] {logging_mixin.py:154} INFO - [2023-11-24T10:56:30.606+0800] {dag.py:2941} INFO - Sync 1 DAGs
[2023-11-24T10:56:30.626+0800] {logging_mixin.py:154} INFO - [2023-11-24T10:56:30.625+0800] {dag.py:3722} INFO - Setting next_dagrun for example_dynamic_task_mapping to 2022-03-04T00:00:00+00:00, run_after=2022-03-05T00:00:00+00:00
[2023-11-24T10:56:30.651+0800] {processor.py:179} INFO - Processing /home/azfarmustafa/airflow_tutorial/.venv/lib/python3.10/site-packages/airflow/example_dags/example_dynamic_task_mapping.py took 0.080 seconds
[2023-11-24T10:57:12.989+0800] {processor.py:157} INFO - Started process (PID=60657) to work on /home/azfarmustafa/airflow_tutorial/.venv/lib/python3.10/site-packages/airflow/example_dags/example_dynamic_task_mapping.py
[2023-11-24T10:57:12.993+0800] {processor.py:829} INFO - Processing file /home/azfarmustafa/airflow_tutorial/.venv/lib/python3.10/site-packages/airflow/example_dags/example_dynamic_task_mapping.py for tasks to queue
[2023-11-24T10:57:12.994+0800] {logging_mixin.py:154} INFO - [2023-11-24T10:57:12.994+0800] {dagbag.py:536} INFO - Filling up the DagBag from /home/azfarmustafa/airflow_tutorial/.venv/lib/python3.10/site-packages/airflow/example_dags/example_dynamic_task_mapping.py
[2023-11-24T10:57:13.000+0800] {processor.py:839} INFO - DAG(s) dict_keys(['example_dynamic_task_mapping']) retrieved from /home/azfarmustafa/airflow_tutorial/.venv/lib/python3.10/site-packages/airflow/example_dags/example_dynamic_task_mapping.py
[2023-11-24T10:57:13.015+0800] {logging_mixin.py:154} INFO - [2023-11-24T10:57:13.014+0800] {dag.py:2941} INFO - Sync 1 DAGs
[2023-11-24T10:57:13.036+0800] {logging_mixin.py:154} INFO - [2023-11-24T10:57:13.036+0800] {dag.py:3722} INFO - Setting next_dagrun for example_dynamic_task_mapping to 2022-03-04T00:00:00+00:00, run_after=2022-03-05T00:00:00+00:00
[2023-11-24T10:57:13.062+0800] {processor.py:179} INFO - Processing /home/azfarmustafa/airflow_tutorial/.venv/lib/python3.10/site-packages/airflow/example_dags/example_dynamic_task_mapping.py took 0.076 seconds
[2023-11-24T10:57:56.492+0800] {processor.py:157} INFO - Started process (PID=60703) to work on /home/azfarmustafa/airflow_tutorial/.venv/lib/python3.10/site-packages/airflow/example_dags/example_dynamic_task_mapping.py
[2023-11-24T10:57:56.496+0800] {processor.py:829} INFO - Processing file /home/azfarmustafa/airflow_tutorial/.venv/lib/python3.10/site-packages/airflow/example_dags/example_dynamic_task_mapping.py for tasks to queue
[2023-11-24T10:57:56.497+0800] {logging_mixin.py:154} INFO - [2023-11-24T10:57:56.496+0800] {dagbag.py:536} INFO - Filling up the DagBag from /home/azfarmustafa/airflow_tutorial/.venv/lib/python3.10/site-packages/airflow/example_dags/example_dynamic_task_mapping.py
[2023-11-24T10:57:56.503+0800] {processor.py:839} INFO - DAG(s) dict_keys(['example_dynamic_task_mapping']) retrieved from /home/azfarmustafa/airflow_tutorial/.venv/lib/python3.10/site-packages/airflow/example_dags/example_dynamic_task_mapping.py
[2023-11-24T10:57:56.520+0800] {logging_mixin.py:154} INFO - [2023-11-24T10:57:56.520+0800] {dag.py:2941} INFO - Sync 1 DAGs
[2023-11-24T10:57:56.541+0800] {logging_mixin.py:154} INFO - [2023-11-24T10:57:56.540+0800] {dag.py:3722} INFO - Setting next_dagrun for example_dynamic_task_mapping to 2022-03-04T00:00:00+00:00, run_after=2022-03-05T00:00:00+00:00
[2023-11-24T10:57:56.563+0800] {processor.py:179} INFO - Processing /home/azfarmustafa/airflow_tutorial/.venv/lib/python3.10/site-packages/airflow/example_dags/example_dynamic_task_mapping.py took 0.074 seconds
[2023-11-24T10:58:44.245+0800] {processor.py:157} INFO - Started process (PID=60751) to work on /home/azfarmustafa/airflow_tutorial/.venv/lib/python3.10/site-packages/airflow/example_dags/example_dynamic_task_mapping.py
[2023-11-24T10:58:44.249+0800] {processor.py:829} INFO - Processing file /home/azfarmustafa/airflow_tutorial/.venv/lib/python3.10/site-packages/airflow/example_dags/example_dynamic_task_mapping.py for tasks to queue
[2023-11-24T10:58:44.249+0800] {logging_mixin.py:154} INFO - [2023-11-24T10:58:44.249+0800] {dagbag.py:536} INFO - Filling up the DagBag from /home/azfarmustafa/airflow_tutorial/.venv/lib/python3.10/site-packages/airflow/example_dags/example_dynamic_task_mapping.py
[2023-11-24T10:58:44.255+0800] {processor.py:839} INFO - DAG(s) dict_keys(['example_dynamic_task_mapping']) retrieved from /home/azfarmustafa/airflow_tutorial/.venv/lib/python3.10/site-packages/airflow/example_dags/example_dynamic_task_mapping.py
[2023-11-24T10:58:44.270+0800] {logging_mixin.py:154} INFO - [2023-11-24T10:58:44.270+0800] {dag.py:2941} INFO - Sync 1 DAGs
[2023-11-24T10:58:44.292+0800] {logging_mixin.py:154} INFO - [2023-11-24T10:58:44.291+0800] {dag.py:3722} INFO - Setting next_dagrun for example_dynamic_task_mapping to 2022-03-04T00:00:00+00:00, run_after=2022-03-05T00:00:00+00:00
[2023-11-24T10:58:44.319+0800] {processor.py:179} INFO - Processing /home/azfarmustafa/airflow_tutorial/.venv/lib/python3.10/site-packages/airflow/example_dags/example_dynamic_task_mapping.py took 0.078 seconds
[2023-11-24T10:59:31.237+0800] {processor.py:157} INFO - Started process (PID=60805) to work on /home/azfarmustafa/airflow_tutorial/.venv/lib/python3.10/site-packages/airflow/example_dags/example_dynamic_task_mapping.py
[2023-11-24T10:59:31.241+0800] {processor.py:829} INFO - Processing file /home/azfarmustafa/airflow_tutorial/.venv/lib/python3.10/site-packages/airflow/example_dags/example_dynamic_task_mapping.py for tasks to queue
[2023-11-24T10:59:31.242+0800] {logging_mixin.py:154} INFO - [2023-11-24T10:59:31.241+0800] {dagbag.py:536} INFO - Filling up the DagBag from /home/azfarmustafa/airflow_tutorial/.venv/lib/python3.10/site-packages/airflow/example_dags/example_dynamic_task_mapping.py
[2023-11-24T10:59:31.247+0800] {processor.py:839} INFO - DAG(s) dict_keys(['example_dynamic_task_mapping']) retrieved from /home/azfarmustafa/airflow_tutorial/.venv/lib/python3.10/site-packages/airflow/example_dags/example_dynamic_task_mapping.py
[2023-11-24T10:59:31.261+0800] {logging_mixin.py:154} INFO - [2023-11-24T10:59:31.260+0800] {dag.py:2941} INFO - Sync 1 DAGs
[2023-11-24T10:59:31.279+0800] {logging_mixin.py:154} INFO - [2023-11-24T10:59:31.279+0800] {dag.py:3722} INFO - Setting next_dagrun for example_dynamic_task_mapping to 2022-03-04T00:00:00+00:00, run_after=2022-03-05T00:00:00+00:00
[2023-11-24T10:59:31.306+0800] {processor.py:179} INFO - Processing /home/azfarmustafa/airflow_tutorial/.venv/lib/python3.10/site-packages/airflow/example_dags/example_dynamic_task_mapping.py took 0.072 seconds
[2023-11-24T11:00:17.101+0800] {processor.py:157} INFO - Started process (PID=60852) to work on /home/azfarmustafa/airflow_tutorial/.venv/lib/python3.10/site-packages/airflow/example_dags/example_dynamic_task_mapping.py
[2023-11-24T11:00:17.105+0800] {processor.py:829} INFO - Processing file /home/azfarmustafa/airflow_tutorial/.venv/lib/python3.10/site-packages/airflow/example_dags/example_dynamic_task_mapping.py for tasks to queue
[2023-11-24T11:00:17.106+0800] {logging_mixin.py:154} INFO - [2023-11-24T11:00:17.105+0800] {dagbag.py:536} INFO - Filling up the DagBag from /home/azfarmustafa/airflow_tutorial/.venv/lib/python3.10/site-packages/airflow/example_dags/example_dynamic_task_mapping.py
[2023-11-24T11:00:17.112+0800] {processor.py:839} INFO - DAG(s) dict_keys(['example_dynamic_task_mapping']) retrieved from /home/azfarmustafa/airflow_tutorial/.venv/lib/python3.10/site-packages/airflow/example_dags/example_dynamic_task_mapping.py
[2023-11-24T11:00:17.127+0800] {logging_mixin.py:154} INFO - [2023-11-24T11:00:17.127+0800] {dag.py:2941} INFO - Sync 1 DAGs
[2023-11-24T11:00:17.145+0800] {logging_mixin.py:154} INFO - [2023-11-24T11:00:17.144+0800] {dag.py:3722} INFO - Setting next_dagrun for example_dynamic_task_mapping to 2022-03-04T00:00:00+00:00, run_after=2022-03-05T00:00:00+00:00
[2023-11-24T11:00:17.170+0800] {processor.py:179} INFO - Processing /home/azfarmustafa/airflow_tutorial/.venv/lib/python3.10/site-packages/airflow/example_dags/example_dynamic_task_mapping.py took 0.072 seconds
[2023-11-24T11:00:58.127+0800] {processor.py:157} INFO - Started process (PID=60896) to work on /home/azfarmustafa/airflow_tutorial/.venv/lib/python3.10/site-packages/airflow/example_dags/example_dynamic_task_mapping.py
[2023-11-24T11:00:58.129+0800] {processor.py:829} INFO - Processing file /home/azfarmustafa/airflow_tutorial/.venv/lib/python3.10/site-packages/airflow/example_dags/example_dynamic_task_mapping.py for tasks to queue
[2023-11-24T11:00:58.130+0800] {logging_mixin.py:154} INFO - [2023-11-24T11:00:58.130+0800] {dagbag.py:536} INFO - Filling up the DagBag from /home/azfarmustafa/airflow_tutorial/.venv/lib/python3.10/site-packages/airflow/example_dags/example_dynamic_task_mapping.py
[2023-11-24T11:00:58.136+0800] {processor.py:839} INFO - DAG(s) dict_keys(['example_dynamic_task_mapping']) retrieved from /home/azfarmustafa/airflow_tutorial/.venv/lib/python3.10/site-packages/airflow/example_dags/example_dynamic_task_mapping.py
[2023-11-24T11:00:58.151+0800] {logging_mixin.py:154} INFO - [2023-11-24T11:00:58.151+0800] {dag.py:2941} INFO - Sync 1 DAGs
[2023-11-24T11:00:58.174+0800] {logging_mixin.py:154} INFO - [2023-11-24T11:00:58.174+0800] {dag.py:3722} INFO - Setting next_dagrun for example_dynamic_task_mapping to 2022-03-04T00:00:00+00:00, run_after=2022-03-05T00:00:00+00:00
[2023-11-24T11:00:58.205+0800] {processor.py:179} INFO - Processing /home/azfarmustafa/airflow_tutorial/.venv/lib/python3.10/site-packages/airflow/example_dags/example_dynamic_task_mapping.py took 0.082 seconds
[2023-11-24T11:01:45.019+0800] {processor.py:157} INFO - Started process (PID=60944) to work on /home/azfarmustafa/airflow_tutorial/.venv/lib/python3.10/site-packages/airflow/example_dags/example_dynamic_task_mapping.py
[2023-11-24T11:01:45.024+0800] {processor.py:829} INFO - Processing file /home/azfarmustafa/airflow_tutorial/.venv/lib/python3.10/site-packages/airflow/example_dags/example_dynamic_task_mapping.py for tasks to queue
[2023-11-24T11:01:45.025+0800] {logging_mixin.py:154} INFO - [2023-11-24T11:01:45.025+0800] {dagbag.py:536} INFO - Filling up the DagBag from /home/azfarmustafa/airflow_tutorial/.venv/lib/python3.10/site-packages/airflow/example_dags/example_dynamic_task_mapping.py
[2023-11-24T11:01:45.030+0800] {processor.py:839} INFO - DAG(s) dict_keys(['example_dynamic_task_mapping']) retrieved from /home/azfarmustafa/airflow_tutorial/.venv/lib/python3.10/site-packages/airflow/example_dags/example_dynamic_task_mapping.py
[2023-11-24T11:01:45.045+0800] {logging_mixin.py:154} INFO - [2023-11-24T11:01:45.045+0800] {dag.py:2941} INFO - Sync 1 DAGs
[2023-11-24T11:01:45.067+0800] {logging_mixin.py:154} INFO - [2023-11-24T11:01:45.067+0800] {dag.py:3722} INFO - Setting next_dagrun for example_dynamic_task_mapping to 2022-03-04T00:00:00+00:00, run_after=2022-03-05T00:00:00+00:00
[2023-11-24T11:01:45.101+0800] {processor.py:179} INFO - Processing /home/azfarmustafa/airflow_tutorial/.venv/lib/python3.10/site-packages/airflow/example_dags/example_dynamic_task_mapping.py took 0.085 seconds
[2023-11-24T11:02:30.561+0800] {processor.py:157} INFO - Started process (PID=60991) to work on /home/azfarmustafa/airflow_tutorial/.venv/lib/python3.10/site-packages/airflow/example_dags/example_dynamic_task_mapping.py
[2023-11-24T11:02:30.566+0800] {processor.py:829} INFO - Processing file /home/azfarmustafa/airflow_tutorial/.venv/lib/python3.10/site-packages/airflow/example_dags/example_dynamic_task_mapping.py for tasks to queue
[2023-11-24T11:02:30.567+0800] {logging_mixin.py:154} INFO - [2023-11-24T11:02:30.567+0800] {dagbag.py:536} INFO - Filling up the DagBag from /home/azfarmustafa/airflow_tutorial/.venv/lib/python3.10/site-packages/airflow/example_dags/example_dynamic_task_mapping.py
[2023-11-24T11:02:30.574+0800] {processor.py:839} INFO - DAG(s) dict_keys(['example_dynamic_task_mapping']) retrieved from /home/azfarmustafa/airflow_tutorial/.venv/lib/python3.10/site-packages/airflow/example_dags/example_dynamic_task_mapping.py
[2023-11-24T11:02:30.589+0800] {logging_mixin.py:154} INFO - [2023-11-24T11:02:30.589+0800] {dag.py:2941} INFO - Sync 1 DAGs
[2023-11-24T11:02:30.613+0800] {logging_mixin.py:154} INFO - [2023-11-24T11:02:30.613+0800] {dag.py:3722} INFO - Setting next_dagrun for example_dynamic_task_mapping to 2022-03-04T00:00:00+00:00, run_after=2022-03-05T00:00:00+00:00
[2023-11-24T11:02:30.641+0800] {processor.py:179} INFO - Processing /home/azfarmustafa/airflow_tutorial/.venv/lib/python3.10/site-packages/airflow/example_dags/example_dynamic_task_mapping.py took 0.083 seconds
[2023-11-24T11:03:16.805+0800] {processor.py:157} INFO - Started process (PID=61040) to work on /home/azfarmustafa/airflow_tutorial/.venv/lib/python3.10/site-packages/airflow/example_dags/example_dynamic_task_mapping.py
[2023-11-24T11:03:16.809+0800] {processor.py:829} INFO - Processing file /home/azfarmustafa/airflow_tutorial/.venv/lib/python3.10/site-packages/airflow/example_dags/example_dynamic_task_mapping.py for tasks to queue
[2023-11-24T11:03:16.810+0800] {logging_mixin.py:154} INFO - [2023-11-24T11:03:16.810+0800] {dagbag.py:536} INFO - Filling up the DagBag from /home/azfarmustafa/airflow_tutorial/.venv/lib/python3.10/site-packages/airflow/example_dags/example_dynamic_task_mapping.py
[2023-11-24T11:03:16.816+0800] {processor.py:839} INFO - DAG(s) dict_keys(['example_dynamic_task_mapping']) retrieved from /home/azfarmustafa/airflow_tutorial/.venv/lib/python3.10/site-packages/airflow/example_dags/example_dynamic_task_mapping.py
[2023-11-24T11:03:16.832+0800] {logging_mixin.py:154} INFO - [2023-11-24T11:03:16.832+0800] {dag.py:2941} INFO - Sync 1 DAGs
[2023-11-24T11:03:16.851+0800] {logging_mixin.py:154} INFO - [2023-11-24T11:03:16.850+0800] {dag.py:3722} INFO - Setting next_dagrun for example_dynamic_task_mapping to 2022-03-04T00:00:00+00:00, run_after=2022-03-05T00:00:00+00:00
[2023-11-24T11:03:16.877+0800] {processor.py:179} INFO - Processing /home/azfarmustafa/airflow_tutorial/.venv/lib/python3.10/site-packages/airflow/example_dags/example_dynamic_task_mapping.py took 0.075 seconds
[2023-11-24T11:04:05.329+0800] {processor.py:157} INFO - Started process (PID=61093) to work on /home/azfarmustafa/airflow_tutorial/.venv/lib/python3.10/site-packages/airflow/example_dags/example_dynamic_task_mapping.py
[2023-11-24T11:04:05.330+0800] {processor.py:829} INFO - Processing file /home/azfarmustafa/airflow_tutorial/.venv/lib/python3.10/site-packages/airflow/example_dags/example_dynamic_task_mapping.py for tasks to queue
[2023-11-24T11:04:05.331+0800] {logging_mixin.py:154} INFO - [2023-11-24T11:04:05.331+0800] {dagbag.py:536} INFO - Filling up the DagBag from /home/azfarmustafa/airflow_tutorial/.venv/lib/python3.10/site-packages/airflow/example_dags/example_dynamic_task_mapping.py
[2023-11-24T11:04:05.340+0800] {processor.py:839} INFO - DAG(s) dict_keys(['example_dynamic_task_mapping']) retrieved from /home/azfarmustafa/airflow_tutorial/.venv/lib/python3.10/site-packages/airflow/example_dags/example_dynamic_task_mapping.py
[2023-11-24T11:04:05.357+0800] {logging_mixin.py:154} INFO - [2023-11-24T11:04:05.357+0800] {dag.py:2941} INFO - Sync 1 DAGs
[2023-11-24T11:04:05.377+0800] {logging_mixin.py:154} INFO - [2023-11-24T11:04:05.377+0800] {dag.py:3722} INFO - Setting next_dagrun for example_dynamic_task_mapping to 2022-03-04T00:00:00+00:00, run_after=2022-03-05T00:00:00+00:00
[2023-11-24T11:04:05.400+0800] {processor.py:179} INFO - Processing /home/azfarmustafa/airflow_tutorial/.venv/lib/python3.10/site-packages/airflow/example_dags/example_dynamic_task_mapping.py took 0.073 seconds
[2023-11-24T11:04:50.517+0800] {processor.py:157} INFO - Started process (PID=61140) to work on /home/azfarmustafa/airflow_tutorial/.venv/lib/python3.10/site-packages/airflow/example_dags/example_dynamic_task_mapping.py
[2023-11-24T11:04:50.522+0800] {processor.py:829} INFO - Processing file /home/azfarmustafa/airflow_tutorial/.venv/lib/python3.10/site-packages/airflow/example_dags/example_dynamic_task_mapping.py for tasks to queue
[2023-11-24T11:04:50.522+0800] {logging_mixin.py:154} INFO - [2023-11-24T11:04:50.522+0800] {dagbag.py:536} INFO - Filling up the DagBag from /home/azfarmustafa/airflow_tutorial/.venv/lib/python3.10/site-packages/airflow/example_dags/example_dynamic_task_mapping.py
[2023-11-24T11:04:50.528+0800] {processor.py:839} INFO - DAG(s) dict_keys(['example_dynamic_task_mapping']) retrieved from /home/azfarmustafa/airflow_tutorial/.venv/lib/python3.10/site-packages/airflow/example_dags/example_dynamic_task_mapping.py
[2023-11-24T11:04:50.542+0800] {logging_mixin.py:154} INFO - [2023-11-24T11:04:50.542+0800] {dag.py:2941} INFO - Sync 1 DAGs
[2023-11-24T11:04:50.561+0800] {logging_mixin.py:154} INFO - [2023-11-24T11:04:50.561+0800] {dag.py:3722} INFO - Setting next_dagrun for example_dynamic_task_mapping to 2022-03-04T00:00:00+00:00, run_after=2022-03-05T00:00:00+00:00
[2023-11-24T11:04:50.590+0800] {processor.py:179} INFO - Processing /home/azfarmustafa/airflow_tutorial/.venv/lib/python3.10/site-packages/airflow/example_dags/example_dynamic_task_mapping.py took 0.075 seconds
