[2023-11-24T10:26:10.514+0800] {processor.py:157} INFO - Started process (PID=58730) to work on /home/azfarmustafa/airflow_tutorial/.venv/lib/python3.10/site-packages/airflow/example_dags/example_dynamic_task_mapping_with_no_taskflow_operators.py
[2023-11-24T10:26:10.516+0800] {processor.py:829} INFO - Processing file /home/azfarmustafa/airflow_tutorial/.venv/lib/python3.10/site-packages/airflow/example_dags/example_dynamic_task_mapping_with_no_taskflow_operators.py for tasks to queue
[2023-11-24T10:26:10.517+0800] {logging_mixin.py:154} INFO - [2023-11-24T10:26:10.516+0800] {dagbag.py:536} INFO - Filling up the DagBag from /home/azfarmustafa/airflow_tutorial/.venv/lib/python3.10/site-packages/airflow/example_dags/example_dynamic_task_mapping_with_no_taskflow_operators.py
[2023-11-24T10:26:10.525+0800] {processor.py:839} INFO - DAG(s) dict_keys(['example_dynamic_task_mapping_with_no_taskflow_operators']) retrieved from /home/azfarmustafa/airflow_tutorial/.venv/lib/python3.10/site-packages/airflow/example_dags/example_dynamic_task_mapping_with_no_taskflow_operators.py
[2023-11-24T10:26:10.547+0800] {logging_mixin.py:154} INFO - [2023-11-24T10:26:10.547+0800] {dag.py:2941} INFO - Sync 1 DAGs
[2023-11-24T10:26:10.571+0800] {logging_mixin.py:154} INFO - [2023-11-24T10:26:10.571+0800] {dag.py:3722} INFO - Setting next_dagrun for example_dynamic_task_mapping_with_no_taskflow_operators to 2023-11-23T02:26:10.571257+00:00, run_after=2023-11-24T02:26:10.571257+00:00
[2023-11-24T10:26:10.599+0800] {processor.py:179} INFO - Processing /home/azfarmustafa/airflow_tutorial/.venv/lib/python3.10/site-packages/airflow/example_dags/example_dynamic_task_mapping_with_no_taskflow_operators.py took 0.088 seconds
[2023-11-24T10:27:00.027+0800] {processor.py:157} INFO - Started process (PID=58787) to work on /home/azfarmustafa/airflow_tutorial/.venv/lib/python3.10/site-packages/airflow/example_dags/example_dynamic_task_mapping_with_no_taskflow_operators.py
[2023-11-24T10:27:00.028+0800] {processor.py:829} INFO - Processing file /home/azfarmustafa/airflow_tutorial/.venv/lib/python3.10/site-packages/airflow/example_dags/example_dynamic_task_mapping_with_no_taskflow_operators.py for tasks to queue
[2023-11-24T10:27:00.029+0800] {logging_mixin.py:154} INFO - [2023-11-24T10:27:00.028+0800] {dagbag.py:536} INFO - Filling up the DagBag from /home/azfarmustafa/airflow_tutorial/.venv/lib/python3.10/site-packages/airflow/example_dags/example_dynamic_task_mapping_with_no_taskflow_operators.py
[2023-11-24T10:27:00.034+0800] {processor.py:839} INFO - DAG(s) dict_keys(['example_dynamic_task_mapping_with_no_taskflow_operators']) retrieved from /home/azfarmustafa/airflow_tutorial/.venv/lib/python3.10/site-packages/airflow/example_dags/example_dynamic_task_mapping_with_no_taskflow_operators.py
[2023-11-24T10:27:00.047+0800] {logging_mixin.py:154} INFO - [2023-11-24T10:27:00.046+0800] {dag.py:2941} INFO - Sync 1 DAGs
[2023-11-24T10:27:00.064+0800] {logging_mixin.py:154} INFO - [2023-11-24T10:27:00.064+0800] {dag.py:3722} INFO - Setting next_dagrun for example_dynamic_task_mapping_with_no_taskflow_operators to 2023-11-23T02:27:00.064184+00:00, run_after=2023-11-24T02:27:00.064184+00:00
[2023-11-24T10:27:00.089+0800] {processor.py:179} INFO - Processing /home/azfarmustafa/airflow_tutorial/.venv/lib/python3.10/site-packages/airflow/example_dags/example_dynamic_task_mapping_with_no_taskflow_operators.py took 0.065 seconds
[2023-11-24T10:27:47.833+0800] {processor.py:157} INFO - Started process (PID=58835) to work on /home/azfarmustafa/airflow_tutorial/.venv/lib/python3.10/site-packages/airflow/example_dags/example_dynamic_task_mapping_with_no_taskflow_operators.py
[2023-11-24T10:27:47.837+0800] {processor.py:829} INFO - Processing file /home/azfarmustafa/airflow_tutorial/.venv/lib/python3.10/site-packages/airflow/example_dags/example_dynamic_task_mapping_with_no_taskflow_operators.py for tasks to queue
[2023-11-24T10:27:47.838+0800] {logging_mixin.py:154} INFO - [2023-11-24T10:27:47.838+0800] {dagbag.py:536} INFO - Filling up the DagBag from /home/azfarmustafa/airflow_tutorial/.venv/lib/python3.10/site-packages/airflow/example_dags/example_dynamic_task_mapping_with_no_taskflow_operators.py
[2023-11-24T10:27:47.843+0800] {processor.py:839} INFO - DAG(s) dict_keys(['example_dynamic_task_mapping_with_no_taskflow_operators']) retrieved from /home/azfarmustafa/airflow_tutorial/.venv/lib/python3.10/site-packages/airflow/example_dags/example_dynamic_task_mapping_with_no_taskflow_operators.py
[2023-11-24T10:27:47.856+0800] {logging_mixin.py:154} INFO - [2023-11-24T10:27:47.856+0800] {dag.py:2941} INFO - Sync 1 DAGs
[2023-11-24T10:27:47.873+0800] {logging_mixin.py:154} INFO - [2023-11-24T10:27:47.873+0800] {dag.py:3722} INFO - Setting next_dagrun for example_dynamic_task_mapping_with_no_taskflow_operators to 2023-11-23T02:27:47.872915+00:00, run_after=2023-11-24T02:27:47.872915+00:00
[2023-11-24T10:27:47.897+0800] {processor.py:179} INFO - Processing /home/azfarmustafa/airflow_tutorial/.venv/lib/python3.10/site-packages/airflow/example_dags/example_dynamic_task_mapping_with_no_taskflow_operators.py took 0.068 seconds
[2023-11-24T10:28:34.247+0800] {processor.py:157} INFO - Started process (PID=58881) to work on /home/azfarmustafa/airflow_tutorial/.venv/lib/python3.10/site-packages/airflow/example_dags/example_dynamic_task_mapping_with_no_taskflow_operators.py
[2023-11-24T10:28:34.251+0800] {processor.py:829} INFO - Processing file /home/azfarmustafa/airflow_tutorial/.venv/lib/python3.10/site-packages/airflow/example_dags/example_dynamic_task_mapping_with_no_taskflow_operators.py for tasks to queue
[2023-11-24T10:28:34.252+0800] {logging_mixin.py:154} INFO - [2023-11-24T10:28:34.252+0800] {dagbag.py:536} INFO - Filling up the DagBag from /home/azfarmustafa/airflow_tutorial/.venv/lib/python3.10/site-packages/airflow/example_dags/example_dynamic_task_mapping_with_no_taskflow_operators.py
[2023-11-24T10:28:34.258+0800] {processor.py:839} INFO - DAG(s) dict_keys(['example_dynamic_task_mapping_with_no_taskflow_operators']) retrieved from /home/azfarmustafa/airflow_tutorial/.venv/lib/python3.10/site-packages/airflow/example_dags/example_dynamic_task_mapping_with_no_taskflow_operators.py
[2023-11-24T10:28:34.271+0800] {logging_mixin.py:154} INFO - [2023-11-24T10:28:34.270+0800] {dag.py:2941} INFO - Sync 1 DAGs
[2023-11-24T10:28:34.288+0800] {logging_mixin.py:154} INFO - [2023-11-24T10:28:34.288+0800] {dag.py:3722} INFO - Setting next_dagrun for example_dynamic_task_mapping_with_no_taskflow_operators to 2023-11-23T02:28:34.288164+00:00, run_after=2023-11-24T02:28:34.288164+00:00
[2023-11-24T10:28:34.311+0800] {processor.py:179} INFO - Processing /home/azfarmustafa/airflow_tutorial/.venv/lib/python3.10/site-packages/airflow/example_dags/example_dynamic_task_mapping_with_no_taskflow_operators.py took 0.067 seconds
[2023-11-24T10:29:24.019+0800] {processor.py:157} INFO - Started process (PID=58937) to work on /home/azfarmustafa/airflow_tutorial/.venv/lib/python3.10/site-packages/airflow/example_dags/example_dynamic_task_mapping_with_no_taskflow_operators.py
[2023-11-24T10:29:24.020+0800] {processor.py:829} INFO - Processing file /home/azfarmustafa/airflow_tutorial/.venv/lib/python3.10/site-packages/airflow/example_dags/example_dynamic_task_mapping_with_no_taskflow_operators.py for tasks to queue
[2023-11-24T10:29:24.021+0800] {logging_mixin.py:154} INFO - [2023-11-24T10:29:24.021+0800] {dagbag.py:536} INFO - Filling up the DagBag from /home/azfarmustafa/airflow_tutorial/.venv/lib/python3.10/site-packages/airflow/example_dags/example_dynamic_task_mapping_with_no_taskflow_operators.py
[2023-11-24T10:29:24.028+0800] {processor.py:839} INFO - DAG(s) dict_keys(['example_dynamic_task_mapping_with_no_taskflow_operators']) retrieved from /home/azfarmustafa/airflow_tutorial/.venv/lib/python3.10/site-packages/airflow/example_dags/example_dynamic_task_mapping_with_no_taskflow_operators.py
[2023-11-24T10:29:24.040+0800] {logging_mixin.py:154} INFO - [2023-11-24T10:29:24.040+0800] {dag.py:2941} INFO - Sync 1 DAGs
[2023-11-24T10:29:24.057+0800] {logging_mixin.py:154} INFO - [2023-11-24T10:29:24.057+0800] {dag.py:3722} INFO - Setting next_dagrun for example_dynamic_task_mapping_with_no_taskflow_operators to 2023-11-23T02:29:24.057239+00:00, run_after=2023-11-24T02:29:24.057239+00:00
[2023-11-24T10:29:24.084+0800] {processor.py:179} INFO - Processing /home/azfarmustafa/airflow_tutorial/.venv/lib/python3.10/site-packages/airflow/example_dags/example_dynamic_task_mapping_with_no_taskflow_operators.py took 0.068 seconds
[2023-11-24T10:30:10.613+0800] {processor.py:157} INFO - Started process (PID=58985) to work on /home/azfarmustafa/airflow_tutorial/.venv/lib/python3.10/site-packages/airflow/example_dags/example_dynamic_task_mapping_with_no_taskflow_operators.py
[2023-11-24T10:30:10.614+0800] {processor.py:829} INFO - Processing file /home/azfarmustafa/airflow_tutorial/.venv/lib/python3.10/site-packages/airflow/example_dags/example_dynamic_task_mapping_with_no_taskflow_operators.py for tasks to queue
[2023-11-24T10:30:10.615+0800] {logging_mixin.py:154} INFO - [2023-11-24T10:30:10.615+0800] {dagbag.py:536} INFO - Filling up the DagBag from /home/azfarmustafa/airflow_tutorial/.venv/lib/python3.10/site-packages/airflow/example_dags/example_dynamic_task_mapping_with_no_taskflow_operators.py
[2023-11-24T10:30:10.621+0800] {processor.py:839} INFO - DAG(s) dict_keys(['example_dynamic_task_mapping_with_no_taskflow_operators']) retrieved from /home/azfarmustafa/airflow_tutorial/.venv/lib/python3.10/site-packages/airflow/example_dags/example_dynamic_task_mapping_with_no_taskflow_operators.py
[2023-11-24T10:30:10.634+0800] {logging_mixin.py:154} INFO - [2023-11-24T10:30:10.634+0800] {dag.py:2941} INFO - Sync 1 DAGs
[2023-11-24T10:30:10.656+0800] {logging_mixin.py:154} INFO - [2023-11-24T10:30:10.655+0800] {dag.py:3722} INFO - Setting next_dagrun for example_dynamic_task_mapping_with_no_taskflow_operators to 2023-11-23T02:30:10.655466+00:00, run_after=2023-11-24T02:30:10.655466+00:00
[2023-11-24T10:30:10.680+0800] {processor.py:179} INFO - Processing /home/azfarmustafa/airflow_tutorial/.venv/lib/python3.10/site-packages/airflow/example_dags/example_dynamic_task_mapping_with_no_taskflow_operators.py took 0.070 seconds
[2023-11-24T10:30:57.175+0800] {processor.py:157} INFO - Started process (PID=59033) to work on /home/azfarmustafa/airflow_tutorial/.venv/lib/python3.10/site-packages/airflow/example_dags/example_dynamic_task_mapping_with_no_taskflow_operators.py
[2023-11-24T10:30:57.179+0800] {processor.py:829} INFO - Processing file /home/azfarmustafa/airflow_tutorial/.venv/lib/python3.10/site-packages/airflow/example_dags/example_dynamic_task_mapping_with_no_taskflow_operators.py for tasks to queue
[2023-11-24T10:30:57.181+0800] {logging_mixin.py:154} INFO - [2023-11-24T10:30:57.180+0800] {dagbag.py:536} INFO - Filling up the DagBag from /home/azfarmustafa/airflow_tutorial/.venv/lib/python3.10/site-packages/airflow/example_dags/example_dynamic_task_mapping_with_no_taskflow_operators.py
[2023-11-24T10:30:57.187+0800] {processor.py:839} INFO - DAG(s) dict_keys(['example_dynamic_task_mapping_with_no_taskflow_operators']) retrieved from /home/azfarmustafa/airflow_tutorial/.venv/lib/python3.10/site-packages/airflow/example_dags/example_dynamic_task_mapping_with_no_taskflow_operators.py
[2023-11-24T10:30:57.202+0800] {logging_mixin.py:154} INFO - [2023-11-24T10:30:57.202+0800] {dag.py:2941} INFO - Sync 1 DAGs
[2023-11-24T10:30:57.222+0800] {logging_mixin.py:154} INFO - [2023-11-24T10:30:57.222+0800] {dag.py:3722} INFO - Setting next_dagrun for example_dynamic_task_mapping_with_no_taskflow_operators to 2023-11-23T02:30:57.221845+00:00, run_after=2023-11-24T02:30:57.221845+00:00
[2023-11-24T10:30:57.250+0800] {processor.py:179} INFO - Processing /home/azfarmustafa/airflow_tutorial/.venv/lib/python3.10/site-packages/airflow/example_dags/example_dynamic_task_mapping_with_no_taskflow_operators.py took 0.077 seconds
[2023-11-24T10:31:45.691+0800] {processor.py:157} INFO - Started process (PID=59083) to work on /home/azfarmustafa/airflow_tutorial/.venv/lib/python3.10/site-packages/airflow/example_dags/example_dynamic_task_mapping_with_no_taskflow_operators.py
[2023-11-24T10:31:45.693+0800] {processor.py:829} INFO - Processing file /home/azfarmustafa/airflow_tutorial/.venv/lib/python3.10/site-packages/airflow/example_dags/example_dynamic_task_mapping_with_no_taskflow_operators.py for tasks to queue
[2023-11-24T10:31:45.694+0800] {logging_mixin.py:154} INFO - [2023-11-24T10:31:45.693+0800] {dagbag.py:536} INFO - Filling up the DagBag from /home/azfarmustafa/airflow_tutorial/.venv/lib/python3.10/site-packages/airflow/example_dags/example_dynamic_task_mapping_with_no_taskflow_operators.py
[2023-11-24T10:31:45.699+0800] {processor.py:839} INFO - DAG(s) dict_keys(['example_dynamic_task_mapping_with_no_taskflow_operators']) retrieved from /home/azfarmustafa/airflow_tutorial/.venv/lib/python3.10/site-packages/airflow/example_dags/example_dynamic_task_mapping_with_no_taskflow_operators.py
[2023-11-24T10:31:45.715+0800] {logging_mixin.py:154} INFO - [2023-11-24T10:31:45.715+0800] {dag.py:2941} INFO - Sync 1 DAGs
[2023-11-24T10:31:45.733+0800] {logging_mixin.py:154} INFO - [2023-11-24T10:31:45.733+0800] {dag.py:3722} INFO - Setting next_dagrun for example_dynamic_task_mapping_with_no_taskflow_operators to 2023-11-23T02:31:45.733449+00:00, run_after=2023-11-24T02:31:45.733449+00:00
[2023-11-24T10:31:45.765+0800] {processor.py:179} INFO - Processing /home/azfarmustafa/airflow_tutorial/.venv/lib/python3.10/site-packages/airflow/example_dags/example_dynamic_task_mapping_with_no_taskflow_operators.py took 0.078 seconds
[2023-11-24T10:32:33.434+0800] {processor.py:157} INFO - Started process (PID=59130) to work on /home/azfarmustafa/airflow_tutorial/.venv/lib/python3.10/site-packages/airflow/example_dags/example_dynamic_task_mapping_with_no_taskflow_operators.py
[2023-11-24T10:32:33.439+0800] {processor.py:829} INFO - Processing file /home/azfarmustafa/airflow_tutorial/.venv/lib/python3.10/site-packages/airflow/example_dags/example_dynamic_task_mapping_with_no_taskflow_operators.py for tasks to queue
[2023-11-24T10:32:33.439+0800] {logging_mixin.py:154} INFO - [2023-11-24T10:32:33.439+0800] {dagbag.py:536} INFO - Filling up the DagBag from /home/azfarmustafa/airflow_tutorial/.venv/lib/python3.10/site-packages/airflow/example_dags/example_dynamic_task_mapping_with_no_taskflow_operators.py
[2023-11-24T10:32:33.447+0800] {processor.py:839} INFO - DAG(s) dict_keys(['example_dynamic_task_mapping_with_no_taskflow_operators']) retrieved from /home/azfarmustafa/airflow_tutorial/.venv/lib/python3.10/site-packages/airflow/example_dags/example_dynamic_task_mapping_with_no_taskflow_operators.py
[2023-11-24T10:32:33.462+0800] {logging_mixin.py:154} INFO - [2023-11-24T10:32:33.462+0800] {dag.py:2941} INFO - Sync 1 DAGs
[2023-11-24T10:32:33.485+0800] {logging_mixin.py:154} INFO - [2023-11-24T10:32:33.484+0800] {dag.py:3722} INFO - Setting next_dagrun for example_dynamic_task_mapping_with_no_taskflow_operators to 2023-11-23T02:32:33.484683+00:00, run_after=2023-11-24T02:32:33.484683+00:00
[2023-11-24T10:32:33.508+0800] {processor.py:179} INFO - Processing /home/azfarmustafa/airflow_tutorial/.venv/lib/python3.10/site-packages/airflow/example_dags/example_dynamic_task_mapping_with_no_taskflow_operators.py took 0.078 seconds
[2023-11-24T10:33:24.052+0800] {processor.py:157} INFO - Started process (PID=59180) to work on /home/azfarmustafa/airflow_tutorial/.venv/lib/python3.10/site-packages/airflow/example_dags/example_dynamic_task_mapping_with_no_taskflow_operators.py
[2023-11-24T10:33:24.053+0800] {processor.py:829} INFO - Processing file /home/azfarmustafa/airflow_tutorial/.venv/lib/python3.10/site-packages/airflow/example_dags/example_dynamic_task_mapping_with_no_taskflow_operators.py for tasks to queue
[2023-11-24T10:33:24.054+0800] {logging_mixin.py:154} INFO - [2023-11-24T10:33:24.054+0800] {dagbag.py:536} INFO - Filling up the DagBag from /home/azfarmustafa/airflow_tutorial/.venv/lib/python3.10/site-packages/airflow/example_dags/example_dynamic_task_mapping_with_no_taskflow_operators.py
[2023-11-24T10:33:24.060+0800] {processor.py:839} INFO - DAG(s) dict_keys(['example_dynamic_task_mapping_with_no_taskflow_operators']) retrieved from /home/azfarmustafa/airflow_tutorial/.venv/lib/python3.10/site-packages/airflow/example_dags/example_dynamic_task_mapping_with_no_taskflow_operators.py
[2023-11-24T10:33:24.073+0800] {logging_mixin.py:154} INFO - [2023-11-24T10:33:24.073+0800] {dag.py:2941} INFO - Sync 1 DAGs
[2023-11-24T10:33:24.092+0800] {logging_mixin.py:154} INFO - [2023-11-24T10:33:24.092+0800] {dag.py:3722} INFO - Setting next_dagrun for example_dynamic_task_mapping_with_no_taskflow_operators to 2023-11-23T02:33:24.091597+00:00, run_after=2023-11-24T02:33:24.091597+00:00
[2023-11-24T10:33:24.172+0800] {processor.py:179} INFO - Processing /home/azfarmustafa/airflow_tutorial/.venv/lib/python3.10/site-packages/airflow/example_dags/example_dynamic_task_mapping_with_no_taskflow_operators.py took 0.123 seconds
[2023-11-24T10:34:16.870+0800] {processor.py:157} INFO - Started process (PID=59232) to work on /home/azfarmustafa/airflow_tutorial/.venv/lib/python3.10/site-packages/airflow/example_dags/example_dynamic_task_mapping_with_no_taskflow_operators.py
[2023-11-24T10:34:16.874+0800] {processor.py:829} INFO - Processing file /home/azfarmustafa/airflow_tutorial/.venv/lib/python3.10/site-packages/airflow/example_dags/example_dynamic_task_mapping_with_no_taskflow_operators.py for tasks to queue
[2023-11-24T10:34:16.874+0800] {logging_mixin.py:154} INFO - [2023-11-24T10:34:16.874+0800] {dagbag.py:536} INFO - Filling up the DagBag from /home/azfarmustafa/airflow_tutorial/.venv/lib/python3.10/site-packages/airflow/example_dags/example_dynamic_task_mapping_with_no_taskflow_operators.py
[2023-11-24T10:34:16.880+0800] {processor.py:839} INFO - DAG(s) dict_keys(['example_dynamic_task_mapping_with_no_taskflow_operators']) retrieved from /home/azfarmustafa/airflow_tutorial/.venv/lib/python3.10/site-packages/airflow/example_dags/example_dynamic_task_mapping_with_no_taskflow_operators.py
[2023-11-24T10:34:16.893+0800] {logging_mixin.py:154} INFO - [2023-11-24T10:34:16.893+0800] {dag.py:2941} INFO - Sync 1 DAGs
[2023-11-24T10:34:16.914+0800] {logging_mixin.py:154} INFO - [2023-11-24T10:34:16.914+0800] {dag.py:3722} INFO - Setting next_dagrun for example_dynamic_task_mapping_with_no_taskflow_operators to 2023-11-23T02:34:16.914083+00:00, run_after=2023-11-24T02:34:16.914083+00:00
[2023-11-24T10:34:16.938+0800] {processor.py:179} INFO - Processing /home/azfarmustafa/airflow_tutorial/.venv/lib/python3.10/site-packages/airflow/example_dags/example_dynamic_task_mapping_with_no_taskflow_operators.py took 0.070 seconds
[2023-11-24T10:35:01.296+0800] {processor.py:157} INFO - Started process (PID=59284) to work on /home/azfarmustafa/airflow_tutorial/.venv/lib/python3.10/site-packages/airflow/example_dags/example_dynamic_task_mapping_with_no_taskflow_operators.py
[2023-11-24T10:35:01.300+0800] {processor.py:829} INFO - Processing file /home/azfarmustafa/airflow_tutorial/.venv/lib/python3.10/site-packages/airflow/example_dags/example_dynamic_task_mapping_with_no_taskflow_operators.py for tasks to queue
[2023-11-24T10:35:01.300+0800] {logging_mixin.py:154} INFO - [2023-11-24T10:35:01.300+0800] {dagbag.py:536} INFO - Filling up the DagBag from /home/azfarmustafa/airflow_tutorial/.venv/lib/python3.10/site-packages/airflow/example_dags/example_dynamic_task_mapping_with_no_taskflow_operators.py
[2023-11-24T10:35:01.307+0800] {processor.py:839} INFO - DAG(s) dict_keys(['example_dynamic_task_mapping_with_no_taskflow_operators']) retrieved from /home/azfarmustafa/airflow_tutorial/.venv/lib/python3.10/site-packages/airflow/example_dags/example_dynamic_task_mapping_with_no_taskflow_operators.py
[2023-11-24T10:35:01.321+0800] {logging_mixin.py:154} INFO - [2023-11-24T10:35:01.321+0800] {dag.py:2941} INFO - Sync 1 DAGs
[2023-11-24T10:35:01.339+0800] {logging_mixin.py:154} INFO - [2023-11-24T10:35:01.338+0800] {dag.py:3722} INFO - Setting next_dagrun for example_dynamic_task_mapping_with_no_taskflow_operators to 2023-11-23T02:35:01.338752+00:00, run_after=2023-11-24T02:35:01.338752+00:00
[2023-11-24T10:35:01.362+0800] {processor.py:179} INFO - Processing /home/azfarmustafa/airflow_tutorial/.venv/lib/python3.10/site-packages/airflow/example_dags/example_dynamic_task_mapping_with_no_taskflow_operators.py took 0.069 seconds
[2023-11-24T10:35:47.855+0800] {processor.py:157} INFO - Started process (PID=59333) to work on /home/azfarmustafa/airflow_tutorial/.venv/lib/python3.10/site-packages/airflow/example_dags/example_dynamic_task_mapping_with_no_taskflow_operators.py
[2023-11-24T10:35:47.856+0800] {processor.py:829} INFO - Processing file /home/azfarmustafa/airflow_tutorial/.venv/lib/python3.10/site-packages/airflow/example_dags/example_dynamic_task_mapping_with_no_taskflow_operators.py for tasks to queue
[2023-11-24T10:35:47.857+0800] {logging_mixin.py:154} INFO - [2023-11-24T10:35:47.856+0800] {dagbag.py:536} INFO - Filling up the DagBag from /home/azfarmustafa/airflow_tutorial/.venv/lib/python3.10/site-packages/airflow/example_dags/example_dynamic_task_mapping_with_no_taskflow_operators.py
[2023-11-24T10:35:47.862+0800] {processor.py:839} INFO - DAG(s) dict_keys(['example_dynamic_task_mapping_with_no_taskflow_operators']) retrieved from /home/azfarmustafa/airflow_tutorial/.venv/lib/python3.10/site-packages/airflow/example_dags/example_dynamic_task_mapping_with_no_taskflow_operators.py
[2023-11-24T10:35:47.879+0800] {logging_mixin.py:154} INFO - [2023-11-24T10:35:47.878+0800] {dag.py:2941} INFO - Sync 1 DAGs
[2023-11-24T10:35:47.899+0800] {logging_mixin.py:154} INFO - [2023-11-24T10:35:47.899+0800] {dag.py:3722} INFO - Setting next_dagrun for example_dynamic_task_mapping_with_no_taskflow_operators to 2023-11-23T02:35:47.899124+00:00, run_after=2023-11-24T02:35:47.899124+00:00
[2023-11-24T10:35:47.925+0800] {processor.py:179} INFO - Processing /home/azfarmustafa/airflow_tutorial/.venv/lib/python3.10/site-packages/airflow/example_dags/example_dynamic_task_mapping_with_no_taskflow_operators.py took 0.073 seconds
[2023-11-24T10:36:31.083+0800] {processor.py:157} INFO - Started process (PID=59379) to work on /home/azfarmustafa/airflow_tutorial/.venv/lib/python3.10/site-packages/airflow/example_dags/example_dynamic_task_mapping_with_no_taskflow_operators.py
[2023-11-24T10:36:31.085+0800] {processor.py:829} INFO - Processing file /home/azfarmustafa/airflow_tutorial/.venv/lib/python3.10/site-packages/airflow/example_dags/example_dynamic_task_mapping_with_no_taskflow_operators.py for tasks to queue
[2023-11-24T10:36:31.085+0800] {logging_mixin.py:154} INFO - [2023-11-24T10:36:31.085+0800] {dagbag.py:536} INFO - Filling up the DagBag from /home/azfarmustafa/airflow_tutorial/.venv/lib/python3.10/site-packages/airflow/example_dags/example_dynamic_task_mapping_with_no_taskflow_operators.py
[2023-11-24T10:36:31.091+0800] {processor.py:839} INFO - DAG(s) dict_keys(['example_dynamic_task_mapping_with_no_taskflow_operators']) retrieved from /home/azfarmustafa/airflow_tutorial/.venv/lib/python3.10/site-packages/airflow/example_dags/example_dynamic_task_mapping_with_no_taskflow_operators.py
[2023-11-24T10:36:31.105+0800] {logging_mixin.py:154} INFO - [2023-11-24T10:36:31.105+0800] {dag.py:2941} INFO - Sync 1 DAGs
[2023-11-24T10:36:31.124+0800] {logging_mixin.py:154} INFO - [2023-11-24T10:36:31.124+0800] {dag.py:3722} INFO - Setting next_dagrun for example_dynamic_task_mapping_with_no_taskflow_operators to 2023-11-23T02:36:31.124400+00:00, run_after=2023-11-24T02:36:31.124400+00:00
[2023-11-24T10:36:31.150+0800] {processor.py:179} INFO - Processing /home/azfarmustafa/airflow_tutorial/.venv/lib/python3.10/site-packages/airflow/example_dags/example_dynamic_task_mapping_with_no_taskflow_operators.py took 0.069 seconds
[2023-11-24T10:37:16.409+0800] {processor.py:157} INFO - Started process (PID=59425) to work on /home/azfarmustafa/airflow_tutorial/.venv/lib/python3.10/site-packages/airflow/example_dags/example_dynamic_task_mapping_with_no_taskflow_operators.py
[2023-11-24T10:37:16.414+0800] {processor.py:829} INFO - Processing file /home/azfarmustafa/airflow_tutorial/.venv/lib/python3.10/site-packages/airflow/example_dags/example_dynamic_task_mapping_with_no_taskflow_operators.py for tasks to queue
[2023-11-24T10:37:16.414+0800] {logging_mixin.py:154} INFO - [2023-11-24T10:37:16.414+0800] {dagbag.py:536} INFO - Filling up the DagBag from /home/azfarmustafa/airflow_tutorial/.venv/lib/python3.10/site-packages/airflow/example_dags/example_dynamic_task_mapping_with_no_taskflow_operators.py
[2023-11-24T10:37:16.420+0800] {processor.py:839} INFO - DAG(s) dict_keys(['example_dynamic_task_mapping_with_no_taskflow_operators']) retrieved from /home/azfarmustafa/airflow_tutorial/.venv/lib/python3.10/site-packages/airflow/example_dags/example_dynamic_task_mapping_with_no_taskflow_operators.py
[2023-11-24T10:37:16.432+0800] {logging_mixin.py:154} INFO - [2023-11-24T10:37:16.432+0800] {dag.py:2941} INFO - Sync 1 DAGs
[2023-11-24T10:37:16.450+0800] {logging_mixin.py:154} INFO - [2023-11-24T10:37:16.450+0800] {dag.py:3722} INFO - Setting next_dagrun for example_dynamic_task_mapping_with_no_taskflow_operators to 2023-11-23T02:37:16.450139+00:00, run_after=2023-11-24T02:37:16.450139+00:00
[2023-11-24T10:37:16.477+0800] {processor.py:179} INFO - Processing /home/azfarmustafa/airflow_tutorial/.venv/lib/python3.10/site-packages/airflow/example_dags/example_dynamic_task_mapping_with_no_taskflow_operators.py took 0.070 seconds
[2023-11-24T10:38:02.743+0800] {processor.py:157} INFO - Started process (PID=59471) to work on /home/azfarmustafa/airflow_tutorial/.venv/lib/python3.10/site-packages/airflow/example_dags/example_dynamic_task_mapping_with_no_taskflow_operators.py
[2023-11-24T10:38:02.748+0800] {processor.py:829} INFO - Processing file /home/azfarmustafa/airflow_tutorial/.venv/lib/python3.10/site-packages/airflow/example_dags/example_dynamic_task_mapping_with_no_taskflow_operators.py for tasks to queue
[2023-11-24T10:38:02.749+0800] {logging_mixin.py:154} INFO - [2023-11-24T10:38:02.749+0800] {dagbag.py:536} INFO - Filling up the DagBag from /home/azfarmustafa/airflow_tutorial/.venv/lib/python3.10/site-packages/airflow/example_dags/example_dynamic_task_mapping_with_no_taskflow_operators.py
[2023-11-24T10:38:02.756+0800] {processor.py:839} INFO - DAG(s) dict_keys(['example_dynamic_task_mapping_with_no_taskflow_operators']) retrieved from /home/azfarmustafa/airflow_tutorial/.venv/lib/python3.10/site-packages/airflow/example_dags/example_dynamic_task_mapping_with_no_taskflow_operators.py
[2023-11-24T10:38:02.771+0800] {logging_mixin.py:154} INFO - [2023-11-24T10:38:02.770+0800] {dag.py:2941} INFO - Sync 1 DAGs
[2023-11-24T10:38:02.791+0800] {logging_mixin.py:154} INFO - [2023-11-24T10:38:02.791+0800] {dag.py:3722} INFO - Setting next_dagrun for example_dynamic_task_mapping_with_no_taskflow_operators to 2023-11-23T02:38:02.791158+00:00, run_after=2023-11-24T02:38:02.791158+00:00
[2023-11-24T10:38:02.821+0800] {processor.py:179} INFO - Processing /home/azfarmustafa/airflow_tutorial/.venv/lib/python3.10/site-packages/airflow/example_dags/example_dynamic_task_mapping_with_no_taskflow_operators.py took 0.080 seconds
[2023-11-24T10:38:50.830+0800] {processor.py:157} INFO - Started process (PID=59520) to work on /home/azfarmustafa/airflow_tutorial/.venv/lib/python3.10/site-packages/airflow/example_dags/example_dynamic_task_mapping_with_no_taskflow_operators.py
[2023-11-24T10:38:50.834+0800] {processor.py:829} INFO - Processing file /home/azfarmustafa/airflow_tutorial/.venv/lib/python3.10/site-packages/airflow/example_dags/example_dynamic_task_mapping_with_no_taskflow_operators.py for tasks to queue
[2023-11-24T10:38:50.835+0800] {logging_mixin.py:154} INFO - [2023-11-24T10:38:50.835+0800] {dagbag.py:536} INFO - Filling up the DagBag from /home/azfarmustafa/airflow_tutorial/.venv/lib/python3.10/site-packages/airflow/example_dags/example_dynamic_task_mapping_with_no_taskflow_operators.py
[2023-11-24T10:38:50.842+0800] {processor.py:839} INFO - DAG(s) dict_keys(['example_dynamic_task_mapping_with_no_taskflow_operators']) retrieved from /home/azfarmustafa/airflow_tutorial/.venv/lib/python3.10/site-packages/airflow/example_dags/example_dynamic_task_mapping_with_no_taskflow_operators.py
[2023-11-24T10:38:50.859+0800] {logging_mixin.py:154} INFO - [2023-11-24T10:38:50.859+0800] {dag.py:2941} INFO - Sync 1 DAGs
[2023-11-24T10:38:50.880+0800] {logging_mixin.py:154} INFO - [2023-11-24T10:38:50.880+0800] {dag.py:3722} INFO - Setting next_dagrun for example_dynamic_task_mapping_with_no_taskflow_operators to 2023-11-23T02:38:50.880349+00:00, run_after=2023-11-24T02:38:50.880349+00:00
[2023-11-24T10:38:50.905+0800] {processor.py:179} INFO - Processing /home/azfarmustafa/airflow_tutorial/.venv/lib/python3.10/site-packages/airflow/example_dags/example_dynamic_task_mapping_with_no_taskflow_operators.py took 0.079 seconds
[2023-11-24T10:39:40.926+0800] {processor.py:157} INFO - Started process (PID=59569) to work on /home/azfarmustafa/airflow_tutorial/.venv/lib/python3.10/site-packages/airflow/example_dags/example_dynamic_task_mapping_with_no_taskflow_operators.py
[2023-11-24T10:39:40.930+0800] {processor.py:829} INFO - Processing file /home/azfarmustafa/airflow_tutorial/.venv/lib/python3.10/site-packages/airflow/example_dags/example_dynamic_task_mapping_with_no_taskflow_operators.py for tasks to queue
[2023-11-24T10:39:40.931+0800] {logging_mixin.py:154} INFO - [2023-11-24T10:39:40.930+0800] {dagbag.py:536} INFO - Filling up the DagBag from /home/azfarmustafa/airflow_tutorial/.venv/lib/python3.10/site-packages/airflow/example_dags/example_dynamic_task_mapping_with_no_taskflow_operators.py
[2023-11-24T10:39:40.937+0800] {processor.py:839} INFO - DAG(s) dict_keys(['example_dynamic_task_mapping_with_no_taskflow_operators']) retrieved from /home/azfarmustafa/airflow_tutorial/.venv/lib/python3.10/site-packages/airflow/example_dags/example_dynamic_task_mapping_with_no_taskflow_operators.py
[2023-11-24T10:39:40.949+0800] {logging_mixin.py:154} INFO - [2023-11-24T10:39:40.949+0800] {dag.py:2941} INFO - Sync 1 DAGs
[2023-11-24T10:39:40.966+0800] {logging_mixin.py:154} INFO - [2023-11-24T10:39:40.966+0800] {dag.py:3722} INFO - Setting next_dagrun for example_dynamic_task_mapping_with_no_taskflow_operators to 2023-11-23T02:39:40.966033+00:00, run_after=2023-11-24T02:39:40.966033+00:00
[2023-11-24T10:39:40.997+0800] {processor.py:179} INFO - Processing /home/azfarmustafa/airflow_tutorial/.venv/lib/python3.10/site-packages/airflow/example_dags/example_dynamic_task_mapping_with_no_taskflow_operators.py took 0.073 seconds
[2023-11-24T10:40:30.120+0800] {processor.py:157} INFO - Started process (PID=59620) to work on /home/azfarmustafa/airflow_tutorial/.venv/lib/python3.10/site-packages/airflow/example_dags/example_dynamic_task_mapping_with_no_taskflow_operators.py
[2023-11-24T10:40:30.125+0800] {processor.py:829} INFO - Processing file /home/azfarmustafa/airflow_tutorial/.venv/lib/python3.10/site-packages/airflow/example_dags/example_dynamic_task_mapping_with_no_taskflow_operators.py for tasks to queue
[2023-11-24T10:40:30.125+0800] {logging_mixin.py:154} INFO - [2023-11-24T10:40:30.125+0800] {dagbag.py:536} INFO - Filling up the DagBag from /home/azfarmustafa/airflow_tutorial/.venv/lib/python3.10/site-packages/airflow/example_dags/example_dynamic_task_mapping_with_no_taskflow_operators.py
[2023-11-24T10:40:30.131+0800] {processor.py:839} INFO - DAG(s) dict_keys(['example_dynamic_task_mapping_with_no_taskflow_operators']) retrieved from /home/azfarmustafa/airflow_tutorial/.venv/lib/python3.10/site-packages/airflow/example_dags/example_dynamic_task_mapping_with_no_taskflow_operators.py
[2023-11-24T10:40:30.144+0800] {logging_mixin.py:154} INFO - [2023-11-24T10:40:30.143+0800] {dag.py:2941} INFO - Sync 1 DAGs
[2023-11-24T10:40:30.161+0800] {logging_mixin.py:154} INFO - [2023-11-24T10:40:30.161+0800] {dag.py:3722} INFO - Setting next_dagrun for example_dynamic_task_mapping_with_no_taskflow_operators to 2023-11-23T02:40:30.160971+00:00, run_after=2023-11-24T02:40:30.160971+00:00
[2023-11-24T10:40:30.184+0800] {processor.py:179} INFO - Processing /home/azfarmustafa/airflow_tutorial/.venv/lib/python3.10/site-packages/airflow/example_dags/example_dynamic_task_mapping_with_no_taskflow_operators.py took 0.067 seconds
[2023-11-24T10:41:28.322+0800] {processor.py:157} INFO - Started process (PID=59684) to work on /home/azfarmustafa/airflow_tutorial/.venv/lib/python3.10/site-packages/airflow/example_dags/example_dynamic_task_mapping_with_no_taskflow_operators.py
[2023-11-24T10:41:28.323+0800] {processor.py:829} INFO - Processing file /home/azfarmustafa/airflow_tutorial/.venv/lib/python3.10/site-packages/airflow/example_dags/example_dynamic_task_mapping_with_no_taskflow_operators.py for tasks to queue
[2023-11-24T10:41:28.324+0800] {logging_mixin.py:154} INFO - [2023-11-24T10:41:28.324+0800] {dagbag.py:536} INFO - Filling up the DagBag from /home/azfarmustafa/airflow_tutorial/.venv/lib/python3.10/site-packages/airflow/example_dags/example_dynamic_task_mapping_with_no_taskflow_operators.py
[2023-11-24T10:41:28.330+0800] {processor.py:839} INFO - DAG(s) dict_keys(['example_dynamic_task_mapping_with_no_taskflow_operators']) retrieved from /home/azfarmustafa/airflow_tutorial/.venv/lib/python3.10/site-packages/airflow/example_dags/example_dynamic_task_mapping_with_no_taskflow_operators.py
[2023-11-24T10:41:28.345+0800] {logging_mixin.py:154} INFO - [2023-11-24T10:41:28.345+0800] {dag.py:2941} INFO - Sync 1 DAGs
[2023-11-24T10:41:28.362+0800] {logging_mixin.py:154} INFO - [2023-11-24T10:41:28.362+0800] {dag.py:3722} INFO - Setting next_dagrun for example_dynamic_task_mapping_with_no_taskflow_operators to 2023-11-23T02:41:28.362286+00:00, run_after=2023-11-24T02:41:28.362286+00:00
[2023-11-24T10:41:28.388+0800] {processor.py:179} INFO - Processing /home/azfarmustafa/airflow_tutorial/.venv/lib/python3.10/site-packages/airflow/example_dags/example_dynamic_task_mapping_with_no_taskflow_operators.py took 0.069 seconds
[2023-11-24T10:42:16.943+0800] {processor.py:157} INFO - Started process (PID=59733) to work on /home/azfarmustafa/airflow_tutorial/.venv/lib/python3.10/site-packages/airflow/example_dags/example_dynamic_task_mapping_with_no_taskflow_operators.py
[2023-11-24T10:42:16.945+0800] {processor.py:829} INFO - Processing file /home/azfarmustafa/airflow_tutorial/.venv/lib/python3.10/site-packages/airflow/example_dags/example_dynamic_task_mapping_with_no_taskflow_operators.py for tasks to queue
[2023-11-24T10:42:16.945+0800] {logging_mixin.py:154} INFO - [2023-11-24T10:42:16.945+0800] {dagbag.py:536} INFO - Filling up the DagBag from /home/azfarmustafa/airflow_tutorial/.venv/lib/python3.10/site-packages/airflow/example_dags/example_dynamic_task_mapping_with_no_taskflow_operators.py
[2023-11-24T10:42:16.951+0800] {processor.py:839} INFO - DAG(s) dict_keys(['example_dynamic_task_mapping_with_no_taskflow_operators']) retrieved from /home/azfarmustafa/airflow_tutorial/.venv/lib/python3.10/site-packages/airflow/example_dags/example_dynamic_task_mapping_with_no_taskflow_operators.py
[2023-11-24T10:42:16.964+0800] {logging_mixin.py:154} INFO - [2023-11-24T10:42:16.964+0800] {dag.py:2941} INFO - Sync 1 DAGs
[2023-11-24T10:42:16.981+0800] {logging_mixin.py:154} INFO - [2023-11-24T10:42:16.981+0800] {dag.py:3722} INFO - Setting next_dagrun for example_dynamic_task_mapping_with_no_taskflow_operators to 2023-11-23T02:42:16.981017+00:00, run_after=2023-11-24T02:42:16.981017+00:00
[2023-11-24T10:42:17.010+0800] {processor.py:179} INFO - Processing /home/azfarmustafa/airflow_tutorial/.venv/lib/python3.10/site-packages/airflow/example_dags/example_dynamic_task_mapping_with_no_taskflow_operators.py took 0.069 seconds
[2023-11-24T10:43:02.457+0800] {processor.py:157} INFO - Started process (PID=59780) to work on /home/azfarmustafa/airflow_tutorial/.venv/lib/python3.10/site-packages/airflow/example_dags/example_dynamic_task_mapping_with_no_taskflow_operators.py
[2023-11-24T10:43:02.461+0800] {processor.py:829} INFO - Processing file /home/azfarmustafa/airflow_tutorial/.venv/lib/python3.10/site-packages/airflow/example_dags/example_dynamic_task_mapping_with_no_taskflow_operators.py for tasks to queue
[2023-11-24T10:43:02.462+0800] {logging_mixin.py:154} INFO - [2023-11-24T10:43:02.462+0800] {dagbag.py:536} INFO - Filling up the DagBag from /home/azfarmustafa/airflow_tutorial/.venv/lib/python3.10/site-packages/airflow/example_dags/example_dynamic_task_mapping_with_no_taskflow_operators.py
[2023-11-24T10:43:02.468+0800] {processor.py:839} INFO - DAG(s) dict_keys(['example_dynamic_task_mapping_with_no_taskflow_operators']) retrieved from /home/azfarmustafa/airflow_tutorial/.venv/lib/python3.10/site-packages/airflow/example_dags/example_dynamic_task_mapping_with_no_taskflow_operators.py
[2023-11-24T10:43:02.482+0800] {logging_mixin.py:154} INFO - [2023-11-24T10:43:02.482+0800] {dag.py:2941} INFO - Sync 1 DAGs
[2023-11-24T10:43:02.501+0800] {logging_mixin.py:154} INFO - [2023-11-24T10:43:02.501+0800] {dag.py:3722} INFO - Setting next_dagrun for example_dynamic_task_mapping_with_no_taskflow_operators to 2023-11-23T02:43:02.501056+00:00, run_after=2023-11-24T02:43:02.501056+00:00
[2023-11-24T10:43:02.524+0800] {processor.py:179} INFO - Processing /home/azfarmustafa/airflow_tutorial/.venv/lib/python3.10/site-packages/airflow/example_dags/example_dynamic_task_mapping_with_no_taskflow_operators.py took 0.069 seconds
[2023-11-24T10:43:50.645+0800] {processor.py:157} INFO - Started process (PID=59828) to work on /home/azfarmustafa/airflow_tutorial/.venv/lib/python3.10/site-packages/airflow/example_dags/example_dynamic_task_mapping_with_no_taskflow_operators.py
[2023-11-24T10:43:50.649+0800] {processor.py:829} INFO - Processing file /home/azfarmustafa/airflow_tutorial/.venv/lib/python3.10/site-packages/airflow/example_dags/example_dynamic_task_mapping_with_no_taskflow_operators.py for tasks to queue
[2023-11-24T10:43:50.650+0800] {logging_mixin.py:154} INFO - [2023-11-24T10:43:50.650+0800] {dagbag.py:536} INFO - Filling up the DagBag from /home/azfarmustafa/airflow_tutorial/.venv/lib/python3.10/site-packages/airflow/example_dags/example_dynamic_task_mapping_with_no_taskflow_operators.py
[2023-11-24T10:43:50.657+0800] {processor.py:839} INFO - DAG(s) dict_keys(['example_dynamic_task_mapping_with_no_taskflow_operators']) retrieved from /home/azfarmustafa/airflow_tutorial/.venv/lib/python3.10/site-packages/airflow/example_dags/example_dynamic_task_mapping_with_no_taskflow_operators.py
[2023-11-24T10:43:50.672+0800] {logging_mixin.py:154} INFO - [2023-11-24T10:43:50.672+0800] {dag.py:2941} INFO - Sync 1 DAGs
[2023-11-24T10:43:50.695+0800] {logging_mixin.py:154} INFO - [2023-11-24T10:43:50.695+0800] {dag.py:3722} INFO - Setting next_dagrun for example_dynamic_task_mapping_with_no_taskflow_operators to 2023-11-23T02:43:50.694772+00:00, run_after=2023-11-24T02:43:50.694772+00:00
[2023-11-24T10:43:50.723+0800] {processor.py:179} INFO - Processing /home/azfarmustafa/airflow_tutorial/.venv/lib/python3.10/site-packages/airflow/example_dags/example_dynamic_task_mapping_with_no_taskflow_operators.py took 0.083 seconds
[2023-11-24T10:44:38.796+0800] {processor.py:157} INFO - Started process (PID=59878) to work on /home/azfarmustafa/airflow_tutorial/.venv/lib/python3.10/site-packages/airflow/example_dags/example_dynamic_task_mapping_with_no_taskflow_operators.py
[2023-11-24T10:44:38.800+0800] {processor.py:829} INFO - Processing file /home/azfarmustafa/airflow_tutorial/.venv/lib/python3.10/site-packages/airflow/example_dags/example_dynamic_task_mapping_with_no_taskflow_operators.py for tasks to queue
[2023-11-24T10:44:38.801+0800] {logging_mixin.py:154} INFO - [2023-11-24T10:44:38.801+0800] {dagbag.py:536} INFO - Filling up the DagBag from /home/azfarmustafa/airflow_tutorial/.venv/lib/python3.10/site-packages/airflow/example_dags/example_dynamic_task_mapping_with_no_taskflow_operators.py
[2023-11-24T10:44:38.807+0800] {processor.py:839} INFO - DAG(s) dict_keys(['example_dynamic_task_mapping_with_no_taskflow_operators']) retrieved from /home/azfarmustafa/airflow_tutorial/.venv/lib/python3.10/site-packages/airflow/example_dags/example_dynamic_task_mapping_with_no_taskflow_operators.py
[2023-11-24T10:44:38.823+0800] {logging_mixin.py:154} INFO - [2023-11-24T10:44:38.823+0800] {dag.py:2941} INFO - Sync 1 DAGs
[2023-11-24T10:44:38.842+0800] {logging_mixin.py:154} INFO - [2023-11-24T10:44:38.842+0800] {dag.py:3722} INFO - Setting next_dagrun for example_dynamic_task_mapping_with_no_taskflow_operators to 2023-11-23T02:44:38.842324+00:00, run_after=2023-11-24T02:44:38.842324+00:00
[2023-11-24T10:44:38.871+0800] {processor.py:179} INFO - Processing /home/azfarmustafa/airflow_tutorial/.venv/lib/python3.10/site-packages/airflow/example_dags/example_dynamic_task_mapping_with_no_taskflow_operators.py took 0.079 seconds
[2023-11-24T10:45:27.204+0800] {processor.py:157} INFO - Started process (PID=59926) to work on /home/azfarmustafa/airflow_tutorial/.venv/lib/python3.10/site-packages/airflow/example_dags/example_dynamic_task_mapping_with_no_taskflow_operators.py
[2023-11-24T10:45:27.207+0800] {processor.py:829} INFO - Processing file /home/azfarmustafa/airflow_tutorial/.venv/lib/python3.10/site-packages/airflow/example_dags/example_dynamic_task_mapping_with_no_taskflow_operators.py for tasks to queue
[2023-11-24T10:45:27.208+0800] {logging_mixin.py:154} INFO - [2023-11-24T10:45:27.208+0800] {dagbag.py:536} INFO - Filling up the DagBag from /home/azfarmustafa/airflow_tutorial/.venv/lib/python3.10/site-packages/airflow/example_dags/example_dynamic_task_mapping_with_no_taskflow_operators.py
[2023-11-24T10:45:27.213+0800] {processor.py:839} INFO - DAG(s) dict_keys(['example_dynamic_task_mapping_with_no_taskflow_operators']) retrieved from /home/azfarmustafa/airflow_tutorial/.venv/lib/python3.10/site-packages/airflow/example_dags/example_dynamic_task_mapping_with_no_taskflow_operators.py
[2023-11-24T10:45:27.228+0800] {logging_mixin.py:154} INFO - [2023-11-24T10:45:27.228+0800] {dag.py:2941} INFO - Sync 1 DAGs
[2023-11-24T10:45:27.249+0800] {logging_mixin.py:154} INFO - [2023-11-24T10:45:27.249+0800] {dag.py:3722} INFO - Setting next_dagrun for example_dynamic_task_mapping_with_no_taskflow_operators to 2023-11-23T02:45:27.249441+00:00, run_after=2023-11-24T02:45:27.249441+00:00
[2023-11-24T10:45:27.278+0800] {processor.py:179} INFO - Processing /home/azfarmustafa/airflow_tutorial/.venv/lib/python3.10/site-packages/airflow/example_dags/example_dynamic_task_mapping_with_no_taskflow_operators.py took 0.077 seconds
[2023-11-24T10:46:13.928+0800] {processor.py:157} INFO - Started process (PID=59974) to work on /home/azfarmustafa/airflow_tutorial/.venv/lib/python3.10/site-packages/airflow/example_dags/example_dynamic_task_mapping_with_no_taskflow_operators.py
[2023-11-24T10:46:13.932+0800] {processor.py:829} INFO - Processing file /home/azfarmustafa/airflow_tutorial/.venv/lib/python3.10/site-packages/airflow/example_dags/example_dynamic_task_mapping_with_no_taskflow_operators.py for tasks to queue
[2023-11-24T10:46:13.933+0800] {logging_mixin.py:154} INFO - [2023-11-24T10:46:13.933+0800] {dagbag.py:536} INFO - Filling up the DagBag from /home/azfarmustafa/airflow_tutorial/.venv/lib/python3.10/site-packages/airflow/example_dags/example_dynamic_task_mapping_with_no_taskflow_operators.py
[2023-11-24T10:46:13.939+0800] {processor.py:839} INFO - DAG(s) dict_keys(['example_dynamic_task_mapping_with_no_taskflow_operators']) retrieved from /home/azfarmustafa/airflow_tutorial/.venv/lib/python3.10/site-packages/airflow/example_dags/example_dynamic_task_mapping_with_no_taskflow_operators.py
[2023-11-24T10:46:13.952+0800] {logging_mixin.py:154} INFO - [2023-11-24T10:46:13.951+0800] {dag.py:2941} INFO - Sync 1 DAGs
[2023-11-24T10:46:13.969+0800] {logging_mixin.py:154} INFO - [2023-11-24T10:46:13.969+0800] {dag.py:3722} INFO - Setting next_dagrun for example_dynamic_task_mapping_with_no_taskflow_operators to 2023-11-23T02:46:13.968943+00:00, run_after=2023-11-24T02:46:13.968943+00:00
[2023-11-24T10:46:13.998+0800] {processor.py:179} INFO - Processing /home/azfarmustafa/airflow_tutorial/.venv/lib/python3.10/site-packages/airflow/example_dags/example_dynamic_task_mapping_with_no_taskflow_operators.py took 0.072 seconds
[2023-11-24T10:46:59.068+0800] {processor.py:157} INFO - Started process (PID=60020) to work on /home/azfarmustafa/airflow_tutorial/.venv/lib/python3.10/site-packages/airflow/example_dags/example_dynamic_task_mapping_with_no_taskflow_operators.py
[2023-11-24T10:46:59.072+0800] {processor.py:829} INFO - Processing file /home/azfarmustafa/airflow_tutorial/.venv/lib/python3.10/site-packages/airflow/example_dags/example_dynamic_task_mapping_with_no_taskflow_operators.py for tasks to queue
[2023-11-24T10:46:59.073+0800] {logging_mixin.py:154} INFO - [2023-11-24T10:46:59.073+0800] {dagbag.py:536} INFO - Filling up the DagBag from /home/azfarmustafa/airflow_tutorial/.venv/lib/python3.10/site-packages/airflow/example_dags/example_dynamic_task_mapping_with_no_taskflow_operators.py
[2023-11-24T10:46:59.079+0800] {processor.py:839} INFO - DAG(s) dict_keys(['example_dynamic_task_mapping_with_no_taskflow_operators']) retrieved from /home/azfarmustafa/airflow_tutorial/.venv/lib/python3.10/site-packages/airflow/example_dags/example_dynamic_task_mapping_with_no_taskflow_operators.py
[2023-11-24T10:46:59.091+0800] {logging_mixin.py:154} INFO - [2023-11-24T10:46:59.091+0800] {dag.py:2941} INFO - Sync 1 DAGs
[2023-11-24T10:46:59.109+0800] {logging_mixin.py:154} INFO - [2023-11-24T10:46:59.108+0800] {dag.py:3722} INFO - Setting next_dagrun for example_dynamic_task_mapping_with_no_taskflow_operators to 2023-11-23T02:46:59.108653+00:00, run_after=2023-11-24T02:46:59.108653+00:00
[2023-11-24T10:46:59.133+0800] {processor.py:179} INFO - Processing /home/azfarmustafa/airflow_tutorial/.venv/lib/python3.10/site-packages/airflow/example_dags/example_dynamic_task_mapping_with_no_taskflow_operators.py took 0.069 seconds
[2023-11-24T10:47:43.343+0800] {processor.py:157} INFO - Started process (PID=60072) to work on /home/azfarmustafa/airflow_tutorial/.venv/lib/python3.10/site-packages/airflow/example_dags/example_dynamic_task_mapping_with_no_taskflow_operators.py
[2023-11-24T10:47:43.345+0800] {processor.py:829} INFO - Processing file /home/azfarmustafa/airflow_tutorial/.venv/lib/python3.10/site-packages/airflow/example_dags/example_dynamic_task_mapping_with_no_taskflow_operators.py for tasks to queue
[2023-11-24T10:47:43.346+0800] {logging_mixin.py:154} INFO - [2023-11-24T10:47:43.345+0800] {dagbag.py:536} INFO - Filling up the DagBag from /home/azfarmustafa/airflow_tutorial/.venv/lib/python3.10/site-packages/airflow/example_dags/example_dynamic_task_mapping_with_no_taskflow_operators.py
[2023-11-24T10:47:43.352+0800] {processor.py:839} INFO - DAG(s) dict_keys(['example_dynamic_task_mapping_with_no_taskflow_operators']) retrieved from /home/azfarmustafa/airflow_tutorial/.venv/lib/python3.10/site-packages/airflow/example_dags/example_dynamic_task_mapping_with_no_taskflow_operators.py
[2023-11-24T10:47:43.364+0800] {logging_mixin.py:154} INFO - [2023-11-24T10:47:43.364+0800] {dag.py:2941} INFO - Sync 1 DAGs
[2023-11-24T10:47:43.382+0800] {logging_mixin.py:154} INFO - [2023-11-24T10:47:43.382+0800] {dag.py:3722} INFO - Setting next_dagrun for example_dynamic_task_mapping_with_no_taskflow_operators to 2023-11-23T02:47:43.382339+00:00, run_after=2023-11-24T02:47:43.382339+00:00
[2023-11-24T10:47:43.405+0800] {processor.py:179} INFO - Processing /home/azfarmustafa/airflow_tutorial/.venv/lib/python3.10/site-packages/airflow/example_dags/example_dynamic_task_mapping_with_no_taskflow_operators.py took 0.065 seconds
[2023-11-24T10:48:30.128+0800] {processor.py:157} INFO - Started process (PID=60120) to work on /home/azfarmustafa/airflow_tutorial/.venv/lib/python3.10/site-packages/airflow/example_dags/example_dynamic_task_mapping_with_no_taskflow_operators.py
[2023-11-24T10:48:30.132+0800] {processor.py:829} INFO - Processing file /home/azfarmustafa/airflow_tutorial/.venv/lib/python3.10/site-packages/airflow/example_dags/example_dynamic_task_mapping_with_no_taskflow_operators.py for tasks to queue
[2023-11-24T10:48:30.133+0800] {logging_mixin.py:154} INFO - [2023-11-24T10:48:30.132+0800] {dagbag.py:536} INFO - Filling up the DagBag from /home/azfarmustafa/airflow_tutorial/.venv/lib/python3.10/site-packages/airflow/example_dags/example_dynamic_task_mapping_with_no_taskflow_operators.py
[2023-11-24T10:48:30.139+0800] {processor.py:839} INFO - DAG(s) dict_keys(['example_dynamic_task_mapping_with_no_taskflow_operators']) retrieved from /home/azfarmustafa/airflow_tutorial/.venv/lib/python3.10/site-packages/airflow/example_dags/example_dynamic_task_mapping_with_no_taskflow_operators.py
[2023-11-24T10:48:30.152+0800] {logging_mixin.py:154} INFO - [2023-11-24T10:48:30.151+0800] {dag.py:2941} INFO - Sync 1 DAGs
[2023-11-24T10:48:30.169+0800] {logging_mixin.py:154} INFO - [2023-11-24T10:48:30.169+0800] {dag.py:3722} INFO - Setting next_dagrun for example_dynamic_task_mapping_with_no_taskflow_operators to 2023-11-23T02:48:30.169073+00:00, run_after=2023-11-24T02:48:30.169073+00:00
[2023-11-24T10:48:30.193+0800] {processor.py:179} INFO - Processing /home/azfarmustafa/airflow_tutorial/.venv/lib/python3.10/site-packages/airflow/example_dags/example_dynamic_task_mapping_with_no_taskflow_operators.py took 0.069 seconds
[2023-11-24T10:49:18.666+0800] {processor.py:157} INFO - Started process (PID=60168) to work on /home/azfarmustafa/airflow_tutorial/.venv/lib/python3.10/site-packages/airflow/example_dags/example_dynamic_task_mapping_with_no_taskflow_operators.py
[2023-11-24T10:49:18.670+0800] {processor.py:829} INFO - Processing file /home/azfarmustafa/airflow_tutorial/.venv/lib/python3.10/site-packages/airflow/example_dags/example_dynamic_task_mapping_with_no_taskflow_operators.py for tasks to queue
[2023-11-24T10:49:18.671+0800] {logging_mixin.py:154} INFO - [2023-11-24T10:49:18.670+0800] {dagbag.py:536} INFO - Filling up the DagBag from /home/azfarmustafa/airflow_tutorial/.venv/lib/python3.10/site-packages/airflow/example_dags/example_dynamic_task_mapping_with_no_taskflow_operators.py
[2023-11-24T10:49:18.677+0800] {processor.py:839} INFO - DAG(s) dict_keys(['example_dynamic_task_mapping_with_no_taskflow_operators']) retrieved from /home/azfarmustafa/airflow_tutorial/.venv/lib/python3.10/site-packages/airflow/example_dags/example_dynamic_task_mapping_with_no_taskflow_operators.py
[2023-11-24T10:49:18.691+0800] {logging_mixin.py:154} INFO - [2023-11-24T10:49:18.690+0800] {dag.py:2941} INFO - Sync 1 DAGs
[2023-11-24T10:49:18.709+0800] {logging_mixin.py:154} INFO - [2023-11-24T10:49:18.709+0800] {dag.py:3722} INFO - Setting next_dagrun for example_dynamic_task_mapping_with_no_taskflow_operators to 2023-11-23T02:49:18.709408+00:00, run_after=2023-11-24T02:49:18.709408+00:00
[2023-11-24T10:49:18.733+0800] {processor.py:179} INFO - Processing /home/azfarmustafa/airflow_tutorial/.venv/lib/python3.10/site-packages/airflow/example_dags/example_dynamic_task_mapping_with_no_taskflow_operators.py took 0.070 seconds
[2023-11-24T10:50:04.868+0800] {processor.py:157} INFO - Started process (PID=60216) to work on /home/azfarmustafa/airflow_tutorial/.venv/lib/python3.10/site-packages/airflow/example_dags/example_dynamic_task_mapping_with_no_taskflow_operators.py
[2023-11-24T10:50:04.872+0800] {processor.py:829} INFO - Processing file /home/azfarmustafa/airflow_tutorial/.venv/lib/python3.10/site-packages/airflow/example_dags/example_dynamic_task_mapping_with_no_taskflow_operators.py for tasks to queue
[2023-11-24T10:50:04.873+0800] {logging_mixin.py:154} INFO - [2023-11-24T10:50:04.873+0800] {dagbag.py:536} INFO - Filling up the DagBag from /home/azfarmustafa/airflow_tutorial/.venv/lib/python3.10/site-packages/airflow/example_dags/example_dynamic_task_mapping_with_no_taskflow_operators.py
[2023-11-24T10:50:04.878+0800] {processor.py:839} INFO - DAG(s) dict_keys(['example_dynamic_task_mapping_with_no_taskflow_operators']) retrieved from /home/azfarmustafa/airflow_tutorial/.venv/lib/python3.10/site-packages/airflow/example_dags/example_dynamic_task_mapping_with_no_taskflow_operators.py
[2023-11-24T10:50:04.892+0800] {logging_mixin.py:154} INFO - [2023-11-24T10:50:04.891+0800] {dag.py:2941} INFO - Sync 1 DAGs
[2023-11-24T10:50:04.912+0800] {logging_mixin.py:154} INFO - [2023-11-24T10:50:04.912+0800] {dag.py:3722} INFO - Setting next_dagrun for example_dynamic_task_mapping_with_no_taskflow_operators to 2023-11-23T02:50:04.912259+00:00, run_after=2023-11-24T02:50:04.912259+00:00
[2023-11-24T10:50:04.937+0800] {processor.py:179} INFO - Processing /home/azfarmustafa/airflow_tutorial/.venv/lib/python3.10/site-packages/airflow/example_dags/example_dynamic_task_mapping_with_no_taskflow_operators.py took 0.072 seconds
[2023-11-24T10:50:51.452+0800] {processor.py:157} INFO - Started process (PID=60264) to work on /home/azfarmustafa/airflow_tutorial/.venv/lib/python3.10/site-packages/airflow/example_dags/example_dynamic_task_mapping_with_no_taskflow_operators.py
[2023-11-24T10:50:51.457+0800] {processor.py:829} INFO - Processing file /home/azfarmustafa/airflow_tutorial/.venv/lib/python3.10/site-packages/airflow/example_dags/example_dynamic_task_mapping_with_no_taskflow_operators.py for tasks to queue
[2023-11-24T10:50:51.457+0800] {logging_mixin.py:154} INFO - [2023-11-24T10:50:51.457+0800] {dagbag.py:536} INFO - Filling up the DagBag from /home/azfarmustafa/airflow_tutorial/.venv/lib/python3.10/site-packages/airflow/example_dags/example_dynamic_task_mapping_with_no_taskflow_operators.py
[2023-11-24T10:50:51.465+0800] {processor.py:839} INFO - DAG(s) dict_keys(['example_dynamic_task_mapping_with_no_taskflow_operators']) retrieved from /home/azfarmustafa/airflow_tutorial/.venv/lib/python3.10/site-packages/airflow/example_dags/example_dynamic_task_mapping_with_no_taskflow_operators.py
[2023-11-24T10:50:51.480+0800] {logging_mixin.py:154} INFO - [2023-11-24T10:50:51.480+0800] {dag.py:2941} INFO - Sync 1 DAGs
[2023-11-24T10:50:51.501+0800] {logging_mixin.py:154} INFO - [2023-11-24T10:50:51.501+0800] {dag.py:3722} INFO - Setting next_dagrun for example_dynamic_task_mapping_with_no_taskflow_operators to 2023-11-23T02:50:51.500938+00:00, run_after=2023-11-24T02:50:51.500938+00:00
[2023-11-24T10:50:51.529+0800] {processor.py:179} INFO - Processing /home/azfarmustafa/airflow_tutorial/.venv/lib/python3.10/site-packages/airflow/example_dags/example_dynamic_task_mapping_with_no_taskflow_operators.py took 0.079 seconds
[2023-11-24T10:51:39.162+0800] {processor.py:157} INFO - Started process (PID=60312) to work on /home/azfarmustafa/airflow_tutorial/.venv/lib/python3.10/site-packages/airflow/example_dags/example_dynamic_task_mapping_with_no_taskflow_operators.py
[2023-11-24T10:51:39.166+0800] {processor.py:829} INFO - Processing file /home/azfarmustafa/airflow_tutorial/.venv/lib/python3.10/site-packages/airflow/example_dags/example_dynamic_task_mapping_with_no_taskflow_operators.py for tasks to queue
[2023-11-24T10:51:39.167+0800] {logging_mixin.py:154} INFO - [2023-11-24T10:51:39.167+0800] {dagbag.py:536} INFO - Filling up the DagBag from /home/azfarmustafa/airflow_tutorial/.venv/lib/python3.10/site-packages/airflow/example_dags/example_dynamic_task_mapping_with_no_taskflow_operators.py
[2023-11-24T10:51:39.175+0800] {processor.py:839} INFO - DAG(s) dict_keys(['example_dynamic_task_mapping_with_no_taskflow_operators']) retrieved from /home/azfarmustafa/airflow_tutorial/.venv/lib/python3.10/site-packages/airflow/example_dags/example_dynamic_task_mapping_with_no_taskflow_operators.py
[2023-11-24T10:51:39.190+0800] {logging_mixin.py:154} INFO - [2023-11-24T10:51:39.190+0800] {dag.py:2941} INFO - Sync 1 DAGs
[2023-11-24T10:51:39.209+0800] {logging_mixin.py:154} INFO - [2023-11-24T10:51:39.209+0800] {dag.py:3722} INFO - Setting next_dagrun for example_dynamic_task_mapping_with_no_taskflow_operators to 2023-11-23T02:51:39.209052+00:00, run_after=2023-11-24T02:51:39.209052+00:00
[2023-11-24T10:51:39.237+0800] {processor.py:179} INFO - Processing /home/azfarmustafa/airflow_tutorial/.venv/lib/python3.10/site-packages/airflow/example_dags/example_dynamic_task_mapping_with_no_taskflow_operators.py took 0.078 seconds
[2023-11-24T10:52:26.828+0800] {processor.py:157} INFO - Started process (PID=60360) to work on /home/azfarmustafa/airflow_tutorial/.venv/lib/python3.10/site-packages/airflow/example_dags/example_dynamic_task_mapping_with_no_taskflow_operators.py
[2023-11-24T10:52:26.833+0800] {processor.py:829} INFO - Processing file /home/azfarmustafa/airflow_tutorial/.venv/lib/python3.10/site-packages/airflow/example_dags/example_dynamic_task_mapping_with_no_taskflow_operators.py for tasks to queue
[2023-11-24T10:52:26.834+0800] {logging_mixin.py:154} INFO - [2023-11-24T10:52:26.833+0800] {dagbag.py:536} INFO - Filling up the DagBag from /home/azfarmustafa/airflow_tutorial/.venv/lib/python3.10/site-packages/airflow/example_dags/example_dynamic_task_mapping_with_no_taskflow_operators.py
[2023-11-24T10:52:26.841+0800] {processor.py:839} INFO - DAG(s) dict_keys(['example_dynamic_task_mapping_with_no_taskflow_operators']) retrieved from /home/azfarmustafa/airflow_tutorial/.venv/lib/python3.10/site-packages/airflow/example_dags/example_dynamic_task_mapping_with_no_taskflow_operators.py
[2023-11-24T10:52:26.855+0800] {logging_mixin.py:154} INFO - [2023-11-24T10:52:26.854+0800] {dag.py:2941} INFO - Sync 1 DAGs
[2023-11-24T10:52:26.873+0800] {logging_mixin.py:154} INFO - [2023-11-24T10:52:26.873+0800] {dag.py:3722} INFO - Setting next_dagrun for example_dynamic_task_mapping_with_no_taskflow_operators to 2023-11-23T02:52:26.873511+00:00, run_after=2023-11-24T02:52:26.873511+00:00
[2023-11-24T10:52:26.901+0800] {processor.py:179} INFO - Processing /home/azfarmustafa/airflow_tutorial/.venv/lib/python3.10/site-packages/airflow/example_dags/example_dynamic_task_mapping_with_no_taskflow_operators.py took 0.075 seconds
[2023-11-24T10:53:17.072+0800] {processor.py:157} INFO - Started process (PID=60416) to work on /home/azfarmustafa/airflow_tutorial/.venv/lib/python3.10/site-packages/airflow/example_dags/example_dynamic_task_mapping_with_no_taskflow_operators.py
[2023-11-24T10:53:17.076+0800] {processor.py:829} INFO - Processing file /home/azfarmustafa/airflow_tutorial/.venv/lib/python3.10/site-packages/airflow/example_dags/example_dynamic_task_mapping_with_no_taskflow_operators.py for tasks to queue
[2023-11-24T10:53:17.077+0800] {logging_mixin.py:154} INFO - [2023-11-24T10:53:17.077+0800] {dagbag.py:536} INFO - Filling up the DagBag from /home/azfarmustafa/airflow_tutorial/.venv/lib/python3.10/site-packages/airflow/example_dags/example_dynamic_task_mapping_with_no_taskflow_operators.py
[2023-11-24T10:53:17.083+0800] {processor.py:839} INFO - DAG(s) dict_keys(['example_dynamic_task_mapping_with_no_taskflow_operators']) retrieved from /home/azfarmustafa/airflow_tutorial/.venv/lib/python3.10/site-packages/airflow/example_dags/example_dynamic_task_mapping_with_no_taskflow_operators.py
[2023-11-24T10:53:17.097+0800] {logging_mixin.py:154} INFO - [2023-11-24T10:53:17.096+0800] {dag.py:2941} INFO - Sync 1 DAGs
[2023-11-24T10:53:17.113+0800] {logging_mixin.py:154} INFO - [2023-11-24T10:53:17.113+0800] {dag.py:3722} INFO - Setting next_dagrun for example_dynamic_task_mapping_with_no_taskflow_operators to 2023-11-23T02:53:17.113482+00:00, run_after=2023-11-24T02:53:17.113482+00:00
[2023-11-24T10:53:17.136+0800] {processor.py:179} INFO - Processing /home/azfarmustafa/airflow_tutorial/.venv/lib/python3.10/site-packages/airflow/example_dags/example_dynamic_task_mapping_with_no_taskflow_operators.py took 0.067 seconds
[2023-11-24T10:54:03.146+0800] {processor.py:157} INFO - Started process (PID=60463) to work on /home/azfarmustafa/airflow_tutorial/.venv/lib/python3.10/site-packages/airflow/example_dags/example_dynamic_task_mapping_with_no_taskflow_operators.py
[2023-11-24T10:54:03.151+0800] {processor.py:829} INFO - Processing file /home/azfarmustafa/airflow_tutorial/.venv/lib/python3.10/site-packages/airflow/example_dags/example_dynamic_task_mapping_with_no_taskflow_operators.py for tasks to queue
[2023-11-24T10:54:03.152+0800] {logging_mixin.py:154} INFO - [2023-11-24T10:54:03.151+0800] {dagbag.py:536} INFO - Filling up the DagBag from /home/azfarmustafa/airflow_tutorial/.venv/lib/python3.10/site-packages/airflow/example_dags/example_dynamic_task_mapping_with_no_taskflow_operators.py
[2023-11-24T10:54:03.160+0800] {processor.py:839} INFO - DAG(s) dict_keys(['example_dynamic_task_mapping_with_no_taskflow_operators']) retrieved from /home/azfarmustafa/airflow_tutorial/.venv/lib/python3.10/site-packages/airflow/example_dags/example_dynamic_task_mapping_with_no_taskflow_operators.py
[2023-11-24T10:54:03.174+0800] {logging_mixin.py:154} INFO - [2023-11-24T10:54:03.174+0800] {dag.py:2941} INFO - Sync 1 DAGs
[2023-11-24T10:54:03.202+0800] {logging_mixin.py:154} INFO - [2023-11-24T10:54:03.201+0800] {dag.py:3722} INFO - Setting next_dagrun for example_dynamic_task_mapping_with_no_taskflow_operators to 2023-11-23T02:54:03.201738+00:00, run_after=2023-11-24T02:54:03.201738+00:00
[2023-11-24T10:54:03.225+0800] {processor.py:179} INFO - Processing /home/azfarmustafa/airflow_tutorial/.venv/lib/python3.10/site-packages/airflow/example_dags/example_dynamic_task_mapping_with_no_taskflow_operators.py took 0.082 seconds
[2023-11-24T10:54:52.047+0800] {processor.py:157} INFO - Started process (PID=60512) to work on /home/azfarmustafa/airflow_tutorial/.venv/lib/python3.10/site-packages/airflow/example_dags/example_dynamic_task_mapping_with_no_taskflow_operators.py
[2023-11-24T10:54:52.051+0800] {processor.py:829} INFO - Processing file /home/azfarmustafa/airflow_tutorial/.venv/lib/python3.10/site-packages/airflow/example_dags/example_dynamic_task_mapping_with_no_taskflow_operators.py for tasks to queue
[2023-11-24T10:54:52.052+0800] {logging_mixin.py:154} INFO - [2023-11-24T10:54:52.051+0800] {dagbag.py:536} INFO - Filling up the DagBag from /home/azfarmustafa/airflow_tutorial/.venv/lib/python3.10/site-packages/airflow/example_dags/example_dynamic_task_mapping_with_no_taskflow_operators.py
[2023-11-24T10:54:52.059+0800] {processor.py:839} INFO - DAG(s) dict_keys(['example_dynamic_task_mapping_with_no_taskflow_operators']) retrieved from /home/azfarmustafa/airflow_tutorial/.venv/lib/python3.10/site-packages/airflow/example_dags/example_dynamic_task_mapping_with_no_taskflow_operators.py
[2023-11-24T10:54:52.074+0800] {logging_mixin.py:154} INFO - [2023-11-24T10:54:52.074+0800] {dag.py:2941} INFO - Sync 1 DAGs
[2023-11-24T10:54:52.095+0800] {logging_mixin.py:154} INFO - [2023-11-24T10:54:52.095+0800] {dag.py:3722} INFO - Setting next_dagrun for example_dynamic_task_mapping_with_no_taskflow_operators to 2023-11-23T02:54:52.095110+00:00, run_after=2023-11-24T02:54:52.095110+00:00
[2023-11-24T10:54:52.119+0800] {processor.py:179} INFO - Processing /home/azfarmustafa/airflow_tutorial/.venv/lib/python3.10/site-packages/airflow/example_dags/example_dynamic_task_mapping_with_no_taskflow_operators.py took 0.075 seconds
[2023-11-24T10:55:37.433+0800] {processor.py:157} INFO - Started process (PID=60559) to work on /home/azfarmustafa/airflow_tutorial/.venv/lib/python3.10/site-packages/airflow/example_dags/example_dynamic_task_mapping_with_no_taskflow_operators.py
[2023-11-24T10:55:37.435+0800] {processor.py:829} INFO - Processing file /home/azfarmustafa/airflow_tutorial/.venv/lib/python3.10/site-packages/airflow/example_dags/example_dynamic_task_mapping_with_no_taskflow_operators.py for tasks to queue
[2023-11-24T10:55:37.435+0800] {logging_mixin.py:154} INFO - [2023-11-24T10:55:37.435+0800] {dagbag.py:536} INFO - Filling up the DagBag from /home/azfarmustafa/airflow_tutorial/.venv/lib/python3.10/site-packages/airflow/example_dags/example_dynamic_task_mapping_with_no_taskflow_operators.py
[2023-11-24T10:55:37.440+0800] {processor.py:839} INFO - DAG(s) dict_keys(['example_dynamic_task_mapping_with_no_taskflow_operators']) retrieved from /home/azfarmustafa/airflow_tutorial/.venv/lib/python3.10/site-packages/airflow/example_dags/example_dynamic_task_mapping_with_no_taskflow_operators.py
[2023-11-24T10:55:37.453+0800] {logging_mixin.py:154} INFO - [2023-11-24T10:55:37.453+0800] {dag.py:2941} INFO - Sync 1 DAGs
[2023-11-24T10:55:37.471+0800] {logging_mixin.py:154} INFO - [2023-11-24T10:55:37.471+0800] {dag.py:3722} INFO - Setting next_dagrun for example_dynamic_task_mapping_with_no_taskflow_operators to 2023-11-23T02:55:37.471337+00:00, run_after=2023-11-24T02:55:37.471337+00:00
[2023-11-24T10:55:37.495+0800] {processor.py:179} INFO - Processing /home/azfarmustafa/airflow_tutorial/.venv/lib/python3.10/site-packages/airflow/example_dags/example_dynamic_task_mapping_with_no_taskflow_operators.py took 0.064 seconds
[2023-11-24T10:56:24.035+0800] {processor.py:157} INFO - Started process (PID=60607) to work on /home/azfarmustafa/airflow_tutorial/.venv/lib/python3.10/site-packages/airflow/example_dags/example_dynamic_task_mapping_with_no_taskflow_operators.py
[2023-11-24T10:56:24.037+0800] {processor.py:829} INFO - Processing file /home/azfarmustafa/airflow_tutorial/.venv/lib/python3.10/site-packages/airflow/example_dags/example_dynamic_task_mapping_with_no_taskflow_operators.py for tasks to queue
[2023-11-24T10:56:24.038+0800] {logging_mixin.py:154} INFO - [2023-11-24T10:56:24.037+0800] {dagbag.py:536} INFO - Filling up the DagBag from /home/azfarmustafa/airflow_tutorial/.venv/lib/python3.10/site-packages/airflow/example_dags/example_dynamic_task_mapping_with_no_taskflow_operators.py
[2023-11-24T10:56:24.045+0800] {processor.py:839} INFO - DAG(s) dict_keys(['example_dynamic_task_mapping_with_no_taskflow_operators']) retrieved from /home/azfarmustafa/airflow_tutorial/.venv/lib/python3.10/site-packages/airflow/example_dags/example_dynamic_task_mapping_with_no_taskflow_operators.py
[2023-11-24T10:56:24.058+0800] {logging_mixin.py:154} INFO - [2023-11-24T10:56:24.058+0800] {dag.py:2941} INFO - Sync 1 DAGs
[2023-11-24T10:56:24.078+0800] {logging_mixin.py:154} INFO - [2023-11-24T10:56:24.077+0800] {dag.py:3722} INFO - Setting next_dagrun for example_dynamic_task_mapping_with_no_taskflow_operators to 2023-11-23T02:56:24.077782+00:00, run_after=2023-11-24T02:56:24.077782+00:00
[2023-11-24T10:56:24.100+0800] {processor.py:179} INFO - Processing /home/azfarmustafa/airflow_tutorial/.venv/lib/python3.10/site-packages/airflow/example_dags/example_dynamic_task_mapping_with_no_taskflow_operators.py took 0.068 seconds
[2023-11-24T10:57:20.526+0800] {processor.py:157} INFO - Started process (PID=60665) to work on /home/azfarmustafa/airflow_tutorial/.venv/lib/python3.10/site-packages/airflow/example_dags/example_dynamic_task_mapping_with_no_taskflow_operators.py
[2023-11-24T10:57:20.531+0800] {processor.py:829} INFO - Processing file /home/azfarmustafa/airflow_tutorial/.venv/lib/python3.10/site-packages/airflow/example_dags/example_dynamic_task_mapping_with_no_taskflow_operators.py for tasks to queue
[2023-11-24T10:57:20.532+0800] {logging_mixin.py:154} INFO - [2023-11-24T10:57:20.531+0800] {dagbag.py:536} INFO - Filling up the DagBag from /home/azfarmustafa/airflow_tutorial/.venv/lib/python3.10/site-packages/airflow/example_dags/example_dynamic_task_mapping_with_no_taskflow_operators.py
[2023-11-24T10:57:20.537+0800] {processor.py:839} INFO - DAG(s) dict_keys(['example_dynamic_task_mapping_with_no_taskflow_operators']) retrieved from /home/azfarmustafa/airflow_tutorial/.venv/lib/python3.10/site-packages/airflow/example_dags/example_dynamic_task_mapping_with_no_taskflow_operators.py
[2023-11-24T10:57:20.552+0800] {logging_mixin.py:154} INFO - [2023-11-24T10:57:20.552+0800] {dag.py:2941} INFO - Sync 1 DAGs
[2023-11-24T10:57:20.571+0800] {logging_mixin.py:154} INFO - [2023-11-24T10:57:20.571+0800] {dag.py:3722} INFO - Setting next_dagrun for example_dynamic_task_mapping_with_no_taskflow_operators to 2023-11-23T02:57:20.571166+00:00, run_after=2023-11-24T02:57:20.571166+00:00
[2023-11-24T10:57:20.595+0800] {processor.py:179} INFO - Processing /home/azfarmustafa/airflow_tutorial/.venv/lib/python3.10/site-packages/airflow/example_dags/example_dynamic_task_mapping_with_no_taskflow_operators.py took 0.071 seconds
[2023-11-24T10:58:04.679+0800] {processor.py:157} INFO - Started process (PID=60711) to work on /home/azfarmustafa/airflow_tutorial/.venv/lib/python3.10/site-packages/airflow/example_dags/example_dynamic_task_mapping_with_no_taskflow_operators.py
[2023-11-24T10:58:04.683+0800] {processor.py:829} INFO - Processing file /home/azfarmustafa/airflow_tutorial/.venv/lib/python3.10/site-packages/airflow/example_dags/example_dynamic_task_mapping_with_no_taskflow_operators.py for tasks to queue
[2023-11-24T10:58:04.685+0800] {logging_mixin.py:154} INFO - [2023-11-24T10:58:04.684+0800] {dagbag.py:536} INFO - Filling up the DagBag from /home/azfarmustafa/airflow_tutorial/.venv/lib/python3.10/site-packages/airflow/example_dags/example_dynamic_task_mapping_with_no_taskflow_operators.py
[2023-11-24T10:58:04.691+0800] {processor.py:839} INFO - DAG(s) dict_keys(['example_dynamic_task_mapping_with_no_taskflow_operators']) retrieved from /home/azfarmustafa/airflow_tutorial/.venv/lib/python3.10/site-packages/airflow/example_dags/example_dynamic_task_mapping_with_no_taskflow_operators.py
[2023-11-24T10:58:04.705+0800] {logging_mixin.py:154} INFO - [2023-11-24T10:58:04.705+0800] {dag.py:2941} INFO - Sync 1 DAGs
[2023-11-24T10:58:04.725+0800] {logging_mixin.py:154} INFO - [2023-11-24T10:58:04.724+0800] {dag.py:3722} INFO - Setting next_dagrun for example_dynamic_task_mapping_with_no_taskflow_operators to 2023-11-23T02:58:04.724747+00:00, run_after=2023-11-24T02:58:04.724747+00:00
[2023-11-24T10:58:04.751+0800] {processor.py:179} INFO - Processing /home/azfarmustafa/airflow_tutorial/.venv/lib/python3.10/site-packages/airflow/example_dags/example_dynamic_task_mapping_with_no_taskflow_operators.py took 0.075 seconds
[2023-11-24T10:58:53.512+0800] {processor.py:157} INFO - Started process (PID=60761) to work on /home/azfarmustafa/airflow_tutorial/.venv/lib/python3.10/site-packages/airflow/example_dags/example_dynamic_task_mapping_with_no_taskflow_operators.py
[2023-11-24T10:58:53.516+0800] {processor.py:829} INFO - Processing file /home/azfarmustafa/airflow_tutorial/.venv/lib/python3.10/site-packages/airflow/example_dags/example_dynamic_task_mapping_with_no_taskflow_operators.py for tasks to queue
[2023-11-24T10:58:53.517+0800] {logging_mixin.py:154} INFO - [2023-11-24T10:58:53.517+0800] {dagbag.py:536} INFO - Filling up the DagBag from /home/azfarmustafa/airflow_tutorial/.venv/lib/python3.10/site-packages/airflow/example_dags/example_dynamic_task_mapping_with_no_taskflow_operators.py
[2023-11-24T10:58:53.524+0800] {processor.py:839} INFO - DAG(s) dict_keys(['example_dynamic_task_mapping_with_no_taskflow_operators']) retrieved from /home/azfarmustafa/airflow_tutorial/.venv/lib/python3.10/site-packages/airflow/example_dags/example_dynamic_task_mapping_with_no_taskflow_operators.py
[2023-11-24T10:58:53.539+0800] {logging_mixin.py:154} INFO - [2023-11-24T10:58:53.539+0800] {dag.py:2941} INFO - Sync 1 DAGs
[2023-11-24T10:58:53.556+0800] {logging_mixin.py:154} INFO - [2023-11-24T10:58:53.556+0800] {dag.py:3722} INFO - Setting next_dagrun for example_dynamic_task_mapping_with_no_taskflow_operators to 2023-11-23T02:58:53.556417+00:00, run_after=2023-11-24T02:58:53.556417+00:00
[2023-11-24T10:58:53.581+0800] {processor.py:179} INFO - Processing /home/azfarmustafa/airflow_tutorial/.venv/lib/python3.10/site-packages/airflow/example_dags/example_dynamic_task_mapping_with_no_taskflow_operators.py took 0.072 seconds
[2023-11-24T10:59:40.467+0800] {processor.py:157} INFO - Started process (PID=60815) to work on /home/azfarmustafa/airflow_tutorial/.venv/lib/python3.10/site-packages/airflow/example_dags/example_dynamic_task_mapping_with_no_taskflow_operators.py
[2023-11-24T10:59:40.474+0800] {processor.py:829} INFO - Processing file /home/azfarmustafa/airflow_tutorial/.venv/lib/python3.10/site-packages/airflow/example_dags/example_dynamic_task_mapping_with_no_taskflow_operators.py for tasks to queue
[2023-11-24T10:59:40.479+0800] {logging_mixin.py:154} INFO - [2023-11-24T10:59:40.477+0800] {dagbag.py:536} INFO - Filling up the DagBag from /home/azfarmustafa/airflow_tutorial/.venv/lib/python3.10/site-packages/airflow/example_dags/example_dynamic_task_mapping_with_no_taskflow_operators.py
[2023-11-24T10:59:40.486+0800] {processor.py:839} INFO - DAG(s) dict_keys(['example_dynamic_task_mapping_with_no_taskflow_operators']) retrieved from /home/azfarmustafa/airflow_tutorial/.venv/lib/python3.10/site-packages/airflow/example_dags/example_dynamic_task_mapping_with_no_taskflow_operators.py
[2023-11-24T10:59:40.498+0800] {logging_mixin.py:154} INFO - [2023-11-24T10:59:40.498+0800] {dag.py:2941} INFO - Sync 1 DAGs
[2023-11-24T10:59:40.516+0800] {logging_mixin.py:154} INFO - [2023-11-24T10:59:40.516+0800] {dag.py:3722} INFO - Setting next_dagrun for example_dynamic_task_mapping_with_no_taskflow_operators to 2023-11-23T02:59:40.516405+00:00, run_after=2023-11-24T02:59:40.516405+00:00
[2023-11-24T10:59:40.541+0800] {processor.py:179} INFO - Processing /home/azfarmustafa/airflow_tutorial/.venv/lib/python3.10/site-packages/airflow/example_dags/example_dynamic_task_mapping_with_no_taskflow_operators.py took 0.076 seconds
[2023-11-24T11:00:25.120+0800] {processor.py:157} INFO - Started process (PID=60862) to work on /home/azfarmustafa/airflow_tutorial/.venv/lib/python3.10/site-packages/airflow/example_dags/example_dynamic_task_mapping_with_no_taskflow_operators.py
[2023-11-24T11:00:25.124+0800] {processor.py:829} INFO - Processing file /home/azfarmustafa/airflow_tutorial/.venv/lib/python3.10/site-packages/airflow/example_dags/example_dynamic_task_mapping_with_no_taskflow_operators.py for tasks to queue
[2023-11-24T11:00:25.125+0800] {logging_mixin.py:154} INFO - [2023-11-24T11:00:25.125+0800] {dagbag.py:536} INFO - Filling up the DagBag from /home/azfarmustafa/airflow_tutorial/.venv/lib/python3.10/site-packages/airflow/example_dags/example_dynamic_task_mapping_with_no_taskflow_operators.py
[2023-11-24T11:00:25.131+0800] {processor.py:839} INFO - DAG(s) dict_keys(['example_dynamic_task_mapping_with_no_taskflow_operators']) retrieved from /home/azfarmustafa/airflow_tutorial/.venv/lib/python3.10/site-packages/airflow/example_dags/example_dynamic_task_mapping_with_no_taskflow_operators.py
[2023-11-24T11:00:25.146+0800] {logging_mixin.py:154} INFO - [2023-11-24T11:00:25.146+0800] {dag.py:2941} INFO - Sync 1 DAGs
[2023-11-24T11:00:25.168+0800] {logging_mixin.py:154} INFO - [2023-11-24T11:00:25.167+0800] {dag.py:3722} INFO - Setting next_dagrun for example_dynamic_task_mapping_with_no_taskflow_operators to 2023-11-23T03:00:25.167655+00:00, run_after=2023-11-24T03:00:25.167655+00:00
[2023-11-24T11:00:25.194+0800] {processor.py:179} INFO - Processing /home/azfarmustafa/airflow_tutorial/.venv/lib/python3.10/site-packages/airflow/example_dags/example_dynamic_task_mapping_with_no_taskflow_operators.py took 0.078 seconds
[2023-11-24T11:01:23.126+0800] {processor.py:157} INFO - Started process (PID=60921) to work on /home/azfarmustafa/airflow_tutorial/.venv/lib/python3.10/site-packages/airflow/example_dags/example_dynamic_task_mapping_with_no_taskflow_operators.py
[2023-11-24T11:01:23.128+0800] {processor.py:829} INFO - Processing file /home/azfarmustafa/airflow_tutorial/.venv/lib/python3.10/site-packages/airflow/example_dags/example_dynamic_task_mapping_with_no_taskflow_operators.py for tasks to queue
[2023-11-24T11:01:23.129+0800] {logging_mixin.py:154} INFO - [2023-11-24T11:01:23.128+0800] {dagbag.py:536} INFO - Filling up the DagBag from /home/azfarmustafa/airflow_tutorial/.venv/lib/python3.10/site-packages/airflow/example_dags/example_dynamic_task_mapping_with_no_taskflow_operators.py
[2023-11-24T11:01:23.135+0800] {processor.py:839} INFO - DAG(s) dict_keys(['example_dynamic_task_mapping_with_no_taskflow_operators']) retrieved from /home/azfarmustafa/airflow_tutorial/.venv/lib/python3.10/site-packages/airflow/example_dags/example_dynamic_task_mapping_with_no_taskflow_operators.py
[2023-11-24T11:01:23.147+0800] {logging_mixin.py:154} INFO - [2023-11-24T11:01:23.147+0800] {dag.py:2941} INFO - Sync 1 DAGs
[2023-11-24T11:01:23.164+0800] {logging_mixin.py:154} INFO - [2023-11-24T11:01:23.164+0800] {dag.py:3722} INFO - Setting next_dagrun for example_dynamic_task_mapping_with_no_taskflow_operators to 2023-11-23T03:01:23.163946+00:00, run_after=2023-11-24T03:01:23.163946+00:00
[2023-11-24T11:01:23.189+0800] {processor.py:179} INFO - Processing /home/azfarmustafa/airflow_tutorial/.venv/lib/python3.10/site-packages/airflow/example_dags/example_dynamic_task_mapping_with_no_taskflow_operators.py took 0.065 seconds
[2023-11-24T11:02:09.126+0800] {processor.py:157} INFO - Started process (PID=60968) to work on /home/azfarmustafa/airflow_tutorial/.venv/lib/python3.10/site-packages/airflow/example_dags/example_dynamic_task_mapping_with_no_taskflow_operators.py
[2023-11-24T11:02:09.130+0800] {processor.py:829} INFO - Processing file /home/azfarmustafa/airflow_tutorial/.venv/lib/python3.10/site-packages/airflow/example_dags/example_dynamic_task_mapping_with_no_taskflow_operators.py for tasks to queue
[2023-11-24T11:02:09.131+0800] {logging_mixin.py:154} INFO - [2023-11-24T11:02:09.131+0800] {dagbag.py:536} INFO - Filling up the DagBag from /home/azfarmustafa/airflow_tutorial/.venv/lib/python3.10/site-packages/airflow/example_dags/example_dynamic_task_mapping_with_no_taskflow_operators.py
[2023-11-24T11:02:09.140+0800] {processor.py:839} INFO - DAG(s) dict_keys(['example_dynamic_task_mapping_with_no_taskflow_operators']) retrieved from /home/azfarmustafa/airflow_tutorial/.venv/lib/python3.10/site-packages/airflow/example_dags/example_dynamic_task_mapping_with_no_taskflow_operators.py
[2023-11-24T11:02:09.157+0800] {logging_mixin.py:154} INFO - [2023-11-24T11:02:09.157+0800] {dag.py:2941} INFO - Sync 1 DAGs
[2023-11-24T11:02:09.177+0800] {logging_mixin.py:154} INFO - [2023-11-24T11:02:09.177+0800] {dag.py:3722} INFO - Setting next_dagrun for example_dynamic_task_mapping_with_no_taskflow_operators to 2023-11-23T03:02:09.177377+00:00, run_after=2023-11-24T03:02:09.177377+00:00
[2023-11-24T11:02:09.216+0800] {processor.py:179} INFO - Processing /home/azfarmustafa/airflow_tutorial/.venv/lib/python3.10/site-packages/airflow/example_dags/example_dynamic_task_mapping_with_no_taskflow_operators.py took 0.092 seconds
[2023-11-24T11:02:52.851+0800] {processor.py:157} INFO - Started process (PID=61014) to work on /home/azfarmustafa/airflow_tutorial/.venv/lib/python3.10/site-packages/airflow/example_dags/example_dynamic_task_mapping_with_no_taskflow_operators.py
[2023-11-24T11:02:52.855+0800] {processor.py:829} INFO - Processing file /home/azfarmustafa/airflow_tutorial/.venv/lib/python3.10/site-packages/airflow/example_dags/example_dynamic_task_mapping_with_no_taskflow_operators.py for tasks to queue
[2023-11-24T11:02:52.856+0800] {logging_mixin.py:154} INFO - [2023-11-24T11:02:52.856+0800] {dagbag.py:536} INFO - Filling up the DagBag from /home/azfarmustafa/airflow_tutorial/.venv/lib/python3.10/site-packages/airflow/example_dags/example_dynamic_task_mapping_with_no_taskflow_operators.py
[2023-11-24T11:02:52.863+0800] {processor.py:839} INFO - DAG(s) dict_keys(['example_dynamic_task_mapping_with_no_taskflow_operators']) retrieved from /home/azfarmustafa/airflow_tutorial/.venv/lib/python3.10/site-packages/airflow/example_dags/example_dynamic_task_mapping_with_no_taskflow_operators.py
[2023-11-24T11:02:52.880+0800] {logging_mixin.py:154} INFO - [2023-11-24T11:02:52.880+0800] {dag.py:2941} INFO - Sync 1 DAGs
[2023-11-24T11:02:52.901+0800] {logging_mixin.py:154} INFO - [2023-11-24T11:02:52.901+0800] {dag.py:3722} INFO - Setting next_dagrun for example_dynamic_task_mapping_with_no_taskflow_operators to 2023-11-23T03:02:52.900926+00:00, run_after=2023-11-24T03:02:52.900926+00:00
[2023-11-24T11:02:52.928+0800] {processor.py:179} INFO - Processing /home/azfarmustafa/airflow_tutorial/.venv/lib/python3.10/site-packages/airflow/example_dags/example_dynamic_task_mapping_with_no_taskflow_operators.py took 0.082 seconds
[2023-11-24T11:03:41.743+0800] {processor.py:157} INFO - Started process (PID=61069) to work on /home/azfarmustafa/airflow_tutorial/.venv/lib/python3.10/site-packages/airflow/example_dags/example_dynamic_task_mapping_with_no_taskflow_operators.py
[2023-11-24T11:03:41.745+0800] {processor.py:829} INFO - Processing file /home/azfarmustafa/airflow_tutorial/.venv/lib/python3.10/site-packages/airflow/example_dags/example_dynamic_task_mapping_with_no_taskflow_operators.py for tasks to queue
[2023-11-24T11:03:41.747+0800] {logging_mixin.py:154} INFO - [2023-11-24T11:03:41.746+0800] {dagbag.py:536} INFO - Filling up the DagBag from /home/azfarmustafa/airflow_tutorial/.venv/lib/python3.10/site-packages/airflow/example_dags/example_dynamic_task_mapping_with_no_taskflow_operators.py
[2023-11-24T11:03:41.755+0800] {processor.py:839} INFO - DAG(s) dict_keys(['example_dynamic_task_mapping_with_no_taskflow_operators']) retrieved from /home/azfarmustafa/airflow_tutorial/.venv/lib/python3.10/site-packages/airflow/example_dags/example_dynamic_task_mapping_with_no_taskflow_operators.py
[2023-11-24T11:03:41.777+0800] {logging_mixin.py:154} INFO - [2023-11-24T11:03:41.776+0800] {dag.py:2941} INFO - Sync 1 DAGs
[2023-11-24T11:03:41.808+0800] {logging_mixin.py:154} INFO - [2023-11-24T11:03:41.808+0800] {dag.py:3722} INFO - Setting next_dagrun for example_dynamic_task_mapping_with_no_taskflow_operators to 2023-11-23T03:03:41.808488+00:00, run_after=2023-11-24T03:03:41.808488+00:00
[2023-11-24T11:03:41.840+0800] {processor.py:179} INFO - Processing /home/azfarmustafa/airflow_tutorial/.venv/lib/python3.10/site-packages/airflow/example_dags/example_dynamic_task_mapping_with_no_taskflow_operators.py took 0.100 seconds
[2023-11-24T11:04:32.535+0800] {processor.py:157} INFO - Started process (PID=61120) to work on /home/azfarmustafa/airflow_tutorial/.venv/lib/python3.10/site-packages/airflow/example_dags/example_dynamic_task_mapping_with_no_taskflow_operators.py
[2023-11-24T11:04:32.539+0800] {processor.py:829} INFO - Processing file /home/azfarmustafa/airflow_tutorial/.venv/lib/python3.10/site-packages/airflow/example_dags/example_dynamic_task_mapping_with_no_taskflow_operators.py for tasks to queue
[2023-11-24T11:04:32.539+0800] {logging_mixin.py:154} INFO - [2023-11-24T11:04:32.539+0800] {dagbag.py:536} INFO - Filling up the DagBag from /home/azfarmustafa/airflow_tutorial/.venv/lib/python3.10/site-packages/airflow/example_dags/example_dynamic_task_mapping_with_no_taskflow_operators.py
[2023-11-24T11:04:32.545+0800] {processor.py:839} INFO - DAG(s) dict_keys(['example_dynamic_task_mapping_with_no_taskflow_operators']) retrieved from /home/azfarmustafa/airflow_tutorial/.venv/lib/python3.10/site-packages/airflow/example_dags/example_dynamic_task_mapping_with_no_taskflow_operators.py
[2023-11-24T11:04:32.558+0800] {logging_mixin.py:154} INFO - [2023-11-24T11:04:32.558+0800] {dag.py:2941} INFO - Sync 1 DAGs
[2023-11-24T11:04:32.576+0800] {logging_mixin.py:154} INFO - [2023-11-24T11:04:32.575+0800] {dag.py:3722} INFO - Setting next_dagrun for example_dynamic_task_mapping_with_no_taskflow_operators to 2023-11-23T03:04:32.575596+00:00, run_after=2023-11-24T03:04:32.575596+00:00
[2023-11-24T11:04:32.600+0800] {processor.py:179} INFO - Processing /home/azfarmustafa/airflow_tutorial/.venv/lib/python3.10/site-packages/airflow/example_dags/example_dynamic_task_mapping_with_no_taskflow_operators.py took 0.068 seconds
