[2023-11-24T10:26:08.219+0800] {processor.py:157} INFO - Started process (PID=58728) to work on /home/azfarmustafa/airflow_tutorial/.venv/lib/python3.10/site-packages/airflow/example_dags/example_latest_only_with_trigger.py
[2023-11-24T10:26:08.220+0800] {processor.py:829} INFO - Processing file /home/azfarmustafa/airflow_tutorial/.venv/lib/python3.10/site-packages/airflow/example_dags/example_latest_only_with_trigger.py for tasks to queue
[2023-11-24T10:26:08.220+0800] {logging_mixin.py:154} INFO - [2023-11-24T10:26:08.220+0800] {dagbag.py:536} INFO - Filling up the DagBag from /home/azfarmustafa/airflow_tutorial/.venv/lib/python3.10/site-packages/airflow/example_dags/example_latest_only_with_trigger.py
[2023-11-24T10:26:08.226+0800] {processor.py:839} INFO - DAG(s) dict_keys(['latest_only_with_trigger']) retrieved from /home/azfarmustafa/airflow_tutorial/.venv/lib/python3.10/site-packages/airflow/example_dags/example_latest_only_with_trigger.py
[2023-11-24T10:26:08.242+0800] {logging_mixin.py:154} INFO - [2023-11-24T10:26:08.242+0800] {dag.py:2941} INFO - Sync 1 DAGs
[2023-11-24T10:26:08.260+0800] {logging_mixin.py:154} INFO - [2023-11-24T10:26:08.259+0800] {dag.py:3722} INFO - Setting next_dagrun for latest_only_with_trigger to 2023-11-23T22:26:08.259700+00:00, run_after=2023-11-24T02:26:08.259700+00:00
[2023-11-24T10:26:08.284+0800] {processor.py:179} INFO - Processing /home/azfarmustafa/airflow_tutorial/.venv/lib/python3.10/site-packages/airflow/example_dags/example_latest_only_with_trigger.py took 0.068 seconds
[2023-11-24T10:26:58.146+0800] {processor.py:157} INFO - Started process (PID=58785) to work on /home/azfarmustafa/airflow_tutorial/.venv/lib/python3.10/site-packages/airflow/example_dags/example_latest_only_with_trigger.py
[2023-11-24T10:26:58.148+0800] {processor.py:829} INFO - Processing file /home/azfarmustafa/airflow_tutorial/.venv/lib/python3.10/site-packages/airflow/example_dags/example_latest_only_with_trigger.py for tasks to queue
[2023-11-24T10:26:58.150+0800] {logging_mixin.py:154} INFO - [2023-11-24T10:26:58.149+0800] {dagbag.py:536} INFO - Filling up the DagBag from /home/azfarmustafa/airflow_tutorial/.venv/lib/python3.10/site-packages/airflow/example_dags/example_latest_only_with_trigger.py
[2023-11-24T10:26:58.155+0800] {processor.py:839} INFO - DAG(s) dict_keys(['latest_only_with_trigger']) retrieved from /home/azfarmustafa/airflow_tutorial/.venv/lib/python3.10/site-packages/airflow/example_dags/example_latest_only_with_trigger.py
[2023-11-24T10:26:58.171+0800] {logging_mixin.py:154} INFO - [2023-11-24T10:26:58.170+0800] {dag.py:2941} INFO - Sync 1 DAGs
[2023-11-24T10:26:58.193+0800] {logging_mixin.py:154} INFO - [2023-11-24T10:26:58.193+0800] {dag.py:3722} INFO - Setting next_dagrun for latest_only_with_trigger to 2023-11-23T22:26:58.192821+00:00, run_after=2023-11-24T02:26:58.192821+00:00
[2023-11-24T10:26:58.225+0800] {processor.py:179} INFO - Processing /home/azfarmustafa/airflow_tutorial/.venv/lib/python3.10/site-packages/airflow/example_dags/example_latest_only_with_trigger.py took 0.083 seconds
[2023-11-24T10:27:45.683+0800] {processor.py:157} INFO - Started process (PID=58833) to work on /home/azfarmustafa/airflow_tutorial/.venv/lib/python3.10/site-packages/airflow/example_dags/example_latest_only_with_trigger.py
[2023-11-24T10:27:45.688+0800] {processor.py:829} INFO - Processing file /home/azfarmustafa/airflow_tutorial/.venv/lib/python3.10/site-packages/airflow/example_dags/example_latest_only_with_trigger.py for tasks to queue
[2023-11-24T10:27:45.692+0800] {logging_mixin.py:154} INFO - [2023-11-24T10:27:45.689+0800] {dagbag.py:536} INFO - Filling up the DagBag from /home/azfarmustafa/airflow_tutorial/.venv/lib/python3.10/site-packages/airflow/example_dags/example_latest_only_with_trigger.py
[2023-11-24T10:27:45.700+0800] {processor.py:839} INFO - DAG(s) dict_keys(['latest_only_with_trigger']) retrieved from /home/azfarmustafa/airflow_tutorial/.venv/lib/python3.10/site-packages/airflow/example_dags/example_latest_only_with_trigger.py
[2023-11-24T10:27:45.720+0800] {logging_mixin.py:154} INFO - [2023-11-24T10:27:45.720+0800] {dag.py:2941} INFO - Sync 1 DAGs
[2023-11-24T10:27:45.751+0800] {logging_mixin.py:154} INFO - [2023-11-24T10:27:45.751+0800] {dag.py:3722} INFO - Setting next_dagrun for latest_only_with_trigger to 2023-11-23T22:27:45.750927+00:00, run_after=2023-11-24T02:27:45.750927+00:00
[2023-11-24T10:27:45.779+0800] {processor.py:179} INFO - Processing /home/azfarmustafa/airflow_tutorial/.venv/lib/python3.10/site-packages/airflow/example_dags/example_latest_only_with_trigger.py took 0.100 seconds
[2023-11-24T10:28:32.158+0800] {processor.py:157} INFO - Started process (PID=58879) to work on /home/azfarmustafa/airflow_tutorial/.venv/lib/python3.10/site-packages/airflow/example_dags/example_latest_only_with_trigger.py
[2023-11-24T10:28:32.162+0800] {processor.py:829} INFO - Processing file /home/azfarmustafa/airflow_tutorial/.venv/lib/python3.10/site-packages/airflow/example_dags/example_latest_only_with_trigger.py for tasks to queue
[2023-11-24T10:28:32.164+0800] {logging_mixin.py:154} INFO - [2023-11-24T10:28:32.163+0800] {dagbag.py:536} INFO - Filling up the DagBag from /home/azfarmustafa/airflow_tutorial/.venv/lib/python3.10/site-packages/airflow/example_dags/example_latest_only_with_trigger.py
[2023-11-24T10:28:32.170+0800] {processor.py:839} INFO - DAG(s) dict_keys(['latest_only_with_trigger']) retrieved from /home/azfarmustafa/airflow_tutorial/.venv/lib/python3.10/site-packages/airflow/example_dags/example_latest_only_with_trigger.py
[2023-11-24T10:28:32.188+0800] {logging_mixin.py:154} INFO - [2023-11-24T10:28:32.188+0800] {dag.py:2941} INFO - Sync 1 DAGs
[2023-11-24T10:28:32.207+0800] {logging_mixin.py:154} INFO - [2023-11-24T10:28:32.207+0800] {dag.py:3722} INFO - Setting next_dagrun for latest_only_with_trigger to 2023-11-23T22:28:32.207211+00:00, run_after=2023-11-24T02:28:32.207211+00:00
[2023-11-24T10:28:32.235+0800] {processor.py:179} INFO - Processing /home/azfarmustafa/airflow_tutorial/.venv/lib/python3.10/site-packages/airflow/example_dags/example_latest_only_with_trigger.py took 0.079 seconds
[2023-11-24T10:29:21.724+0800] {processor.py:157} INFO - Started process (PID=58935) to work on /home/azfarmustafa/airflow_tutorial/.venv/lib/python3.10/site-packages/airflow/example_dags/example_latest_only_with_trigger.py
[2023-11-24T10:29:21.729+0800] {processor.py:829} INFO - Processing file /home/azfarmustafa/airflow_tutorial/.venv/lib/python3.10/site-packages/airflow/example_dags/example_latest_only_with_trigger.py for tasks to queue
[2023-11-24T10:29:21.730+0800] {logging_mixin.py:154} INFO - [2023-11-24T10:29:21.729+0800] {dagbag.py:536} INFO - Filling up the DagBag from /home/azfarmustafa/airflow_tutorial/.venv/lib/python3.10/site-packages/airflow/example_dags/example_latest_only_with_trigger.py
[2023-11-24T10:29:21.735+0800] {processor.py:839} INFO - DAG(s) dict_keys(['latest_only_with_trigger']) retrieved from /home/azfarmustafa/airflow_tutorial/.venv/lib/python3.10/site-packages/airflow/example_dags/example_latest_only_with_trigger.py
[2023-11-24T10:29:21.751+0800] {logging_mixin.py:154} INFO - [2023-11-24T10:29:21.751+0800] {dag.py:2941} INFO - Sync 1 DAGs
[2023-11-24T10:29:21.772+0800] {logging_mixin.py:154} INFO - [2023-11-24T10:29:21.772+0800] {dag.py:3722} INFO - Setting next_dagrun for latest_only_with_trigger to 2023-11-23T22:29:21.771881+00:00, run_after=2023-11-24T02:29:21.771881+00:00
[2023-11-24T10:29:21.798+0800] {processor.py:179} INFO - Processing /home/azfarmustafa/airflow_tutorial/.venv/lib/python3.10/site-packages/airflow/example_dags/example_latest_only_with_trigger.py took 0.077 seconds
[2023-11-24T10:30:08.324+0800] {processor.py:157} INFO - Started process (PID=58983) to work on /home/azfarmustafa/airflow_tutorial/.venv/lib/python3.10/site-packages/airflow/example_dags/example_latest_only_with_trigger.py
[2023-11-24T10:30:08.329+0800] {processor.py:829} INFO - Processing file /home/azfarmustafa/airflow_tutorial/.venv/lib/python3.10/site-packages/airflow/example_dags/example_latest_only_with_trigger.py for tasks to queue
[2023-11-24T10:30:08.330+0800] {logging_mixin.py:154} INFO - [2023-11-24T10:30:08.329+0800] {dagbag.py:536} INFO - Filling up the DagBag from /home/azfarmustafa/airflow_tutorial/.venv/lib/python3.10/site-packages/airflow/example_dags/example_latest_only_with_trigger.py
[2023-11-24T10:30:08.335+0800] {processor.py:839} INFO - DAG(s) dict_keys(['latest_only_with_trigger']) retrieved from /home/azfarmustafa/airflow_tutorial/.venv/lib/python3.10/site-packages/airflow/example_dags/example_latest_only_with_trigger.py
[2023-11-24T10:30:08.351+0800] {logging_mixin.py:154} INFO - [2023-11-24T10:30:08.351+0800] {dag.py:2941} INFO - Sync 1 DAGs
[2023-11-24T10:30:08.374+0800] {logging_mixin.py:154} INFO - [2023-11-24T10:30:08.374+0800] {dag.py:3722} INFO - Setting next_dagrun for latest_only_with_trigger to 2023-11-23T22:30:08.373854+00:00, run_after=2023-11-24T02:30:08.373854+00:00
[2023-11-24T10:30:08.401+0800] {processor.py:179} INFO - Processing /home/azfarmustafa/airflow_tutorial/.venv/lib/python3.10/site-packages/airflow/example_dags/example_latest_only_with_trigger.py took 0.080 seconds
[2023-11-24T10:30:54.888+0800] {processor.py:157} INFO - Started process (PID=59031) to work on /home/azfarmustafa/airflow_tutorial/.venv/lib/python3.10/site-packages/airflow/example_dags/example_latest_only_with_trigger.py
[2023-11-24T10:30:54.890+0800] {processor.py:829} INFO - Processing file /home/azfarmustafa/airflow_tutorial/.venv/lib/python3.10/site-packages/airflow/example_dags/example_latest_only_with_trigger.py for tasks to queue
[2023-11-24T10:30:54.890+0800] {logging_mixin.py:154} INFO - [2023-11-24T10:30:54.890+0800] {dagbag.py:536} INFO - Filling up the DagBag from /home/azfarmustafa/airflow_tutorial/.venv/lib/python3.10/site-packages/airflow/example_dags/example_latest_only_with_trigger.py
[2023-11-24T10:30:54.896+0800] {processor.py:839} INFO - DAG(s) dict_keys(['latest_only_with_trigger']) retrieved from /home/azfarmustafa/airflow_tutorial/.venv/lib/python3.10/site-packages/airflow/example_dags/example_latest_only_with_trigger.py
[2023-11-24T10:30:54.909+0800] {logging_mixin.py:154} INFO - [2023-11-24T10:30:54.909+0800] {dag.py:2941} INFO - Sync 1 DAGs
[2023-11-24T10:30:54.927+0800] {logging_mixin.py:154} INFO - [2023-11-24T10:30:54.927+0800] {dag.py:3722} INFO - Setting next_dagrun for latest_only_with_trigger to 2023-11-23T22:30:54.926803+00:00, run_after=2023-11-24T02:30:54.926803+00:00
[2023-11-24T10:30:54.954+0800] {processor.py:179} INFO - Processing /home/azfarmustafa/airflow_tutorial/.venv/lib/python3.10/site-packages/airflow/example_dags/example_latest_only_with_trigger.py took 0.068 seconds
[2023-11-24T10:31:44.265+0800] {processor.py:157} INFO - Started process (PID=59081) to work on /home/azfarmustafa/airflow_tutorial/.venv/lib/python3.10/site-packages/airflow/example_dags/example_latest_only_with_trigger.py
[2023-11-24T10:31:44.267+0800] {processor.py:829} INFO - Processing file /home/azfarmustafa/airflow_tutorial/.venv/lib/python3.10/site-packages/airflow/example_dags/example_latest_only_with_trigger.py for tasks to queue
[2023-11-24T10:31:44.268+0800] {logging_mixin.py:154} INFO - [2023-11-24T10:31:44.268+0800] {dagbag.py:536} INFO - Filling up the DagBag from /home/azfarmustafa/airflow_tutorial/.venv/lib/python3.10/site-packages/airflow/example_dags/example_latest_only_with_trigger.py
[2023-11-24T10:31:44.276+0800] {processor.py:839} INFO - DAG(s) dict_keys(['latest_only_with_trigger']) retrieved from /home/azfarmustafa/airflow_tutorial/.venv/lib/python3.10/site-packages/airflow/example_dags/example_latest_only_with_trigger.py
[2023-11-24T10:31:44.291+0800] {logging_mixin.py:154} INFO - [2023-11-24T10:31:44.291+0800] {dag.py:2941} INFO - Sync 1 DAGs
[2023-11-24T10:31:44.311+0800] {logging_mixin.py:154} INFO - [2023-11-24T10:31:44.311+0800] {dag.py:3722} INFO - Setting next_dagrun for latest_only_with_trigger to 2023-11-23T22:31:44.311092+00:00, run_after=2023-11-24T02:31:44.311092+00:00
[2023-11-24T10:31:44.334+0800] {processor.py:179} INFO - Processing /home/azfarmustafa/airflow_tutorial/.venv/lib/python3.10/site-packages/airflow/example_dags/example_latest_only_with_trigger.py took 0.073 seconds
[2023-11-24T10:32:31.140+0800] {processor.py:157} INFO - Started process (PID=59128) to work on /home/azfarmustafa/airflow_tutorial/.venv/lib/python3.10/site-packages/airflow/example_dags/example_latest_only_with_trigger.py
[2023-11-24T10:32:31.144+0800] {processor.py:829} INFO - Processing file /home/azfarmustafa/airflow_tutorial/.venv/lib/python3.10/site-packages/airflow/example_dags/example_latest_only_with_trigger.py for tasks to queue
[2023-11-24T10:32:31.145+0800] {logging_mixin.py:154} INFO - [2023-11-24T10:32:31.144+0800] {dagbag.py:536} INFO - Filling up the DagBag from /home/azfarmustafa/airflow_tutorial/.venv/lib/python3.10/site-packages/airflow/example_dags/example_latest_only_with_trigger.py
[2023-11-24T10:32:31.150+0800] {processor.py:839} INFO - DAG(s) dict_keys(['latest_only_with_trigger']) retrieved from /home/azfarmustafa/airflow_tutorial/.venv/lib/python3.10/site-packages/airflow/example_dags/example_latest_only_with_trigger.py
[2023-11-24T10:32:31.163+0800] {logging_mixin.py:154} INFO - [2023-11-24T10:32:31.163+0800] {dag.py:2941} INFO - Sync 1 DAGs
[2023-11-24T10:32:31.180+0800] {logging_mixin.py:154} INFO - [2023-11-24T10:32:31.180+0800] {dag.py:3722} INFO - Setting next_dagrun for latest_only_with_trigger to 2023-11-23T22:32:31.180179+00:00, run_after=2023-11-24T02:32:31.180179+00:00
[2023-11-24T10:32:31.206+0800] {processor.py:179} INFO - Processing /home/azfarmustafa/airflow_tutorial/.venv/lib/python3.10/site-packages/airflow/example_dags/example_latest_only_with_trigger.py took 0.068 seconds
[2023-11-24T10:33:22.600+0800] {processor.py:157} INFO - Started process (PID=59178) to work on /home/azfarmustafa/airflow_tutorial/.venv/lib/python3.10/site-packages/airflow/example_dags/example_latest_only_with_trigger.py
[2023-11-24T10:33:22.604+0800] {processor.py:829} INFO - Processing file /home/azfarmustafa/airflow_tutorial/.venv/lib/python3.10/site-packages/airflow/example_dags/example_latest_only_with_trigger.py for tasks to queue
[2023-11-24T10:33:22.605+0800] {logging_mixin.py:154} INFO - [2023-11-24T10:33:22.605+0800] {dagbag.py:536} INFO - Filling up the DagBag from /home/azfarmustafa/airflow_tutorial/.venv/lib/python3.10/site-packages/airflow/example_dags/example_latest_only_with_trigger.py
[2023-11-24T10:33:22.610+0800] {processor.py:839} INFO - DAG(s) dict_keys(['latest_only_with_trigger']) retrieved from /home/azfarmustafa/airflow_tutorial/.venv/lib/python3.10/site-packages/airflow/example_dags/example_latest_only_with_trigger.py
[2023-11-24T10:33:22.624+0800] {logging_mixin.py:154} INFO - [2023-11-24T10:33:22.624+0800] {dag.py:2941} INFO - Sync 1 DAGs
[2023-11-24T10:33:22.649+0800] {logging_mixin.py:154} INFO - [2023-11-24T10:33:22.649+0800] {dag.py:3722} INFO - Setting next_dagrun for latest_only_with_trigger to 2023-11-23T22:33:22.649140+00:00, run_after=2023-11-24T02:33:22.649140+00:00
[2023-11-24T10:33:22.675+0800] {processor.py:179} INFO - Processing /home/azfarmustafa/airflow_tutorial/.venv/lib/python3.10/site-packages/airflow/example_dags/example_latest_only_with_trigger.py took 0.077 seconds
[2023-11-24T10:34:14.985+0800] {processor.py:157} INFO - Started process (PID=59230) to work on /home/azfarmustafa/airflow_tutorial/.venv/lib/python3.10/site-packages/airflow/example_dags/example_latest_only_with_trigger.py
[2023-11-24T10:34:14.990+0800] {processor.py:829} INFO - Processing file /home/azfarmustafa/airflow_tutorial/.venv/lib/python3.10/site-packages/airflow/example_dags/example_latest_only_with_trigger.py for tasks to queue
[2023-11-24T10:34:14.991+0800] {logging_mixin.py:154} INFO - [2023-11-24T10:34:14.990+0800] {dagbag.py:536} INFO - Filling up the DagBag from /home/azfarmustafa/airflow_tutorial/.venv/lib/python3.10/site-packages/airflow/example_dags/example_latest_only_with_trigger.py
[2023-11-24T10:34:14.999+0800] {processor.py:839} INFO - DAG(s) dict_keys(['latest_only_with_trigger']) retrieved from /home/azfarmustafa/airflow_tutorial/.venv/lib/python3.10/site-packages/airflow/example_dags/example_latest_only_with_trigger.py
[2023-11-24T10:34:15.017+0800] {logging_mixin.py:154} INFO - [2023-11-24T10:34:15.017+0800] {dag.py:2941} INFO - Sync 1 DAGs
[2023-11-24T10:34:15.036+0800] {logging_mixin.py:154} INFO - [2023-11-24T10:34:15.035+0800] {dag.py:3722} INFO - Setting next_dagrun for latest_only_with_trigger to 2023-11-23T22:34:15.035518+00:00, run_after=2023-11-24T02:34:15.035518+00:00
[2023-11-24T10:34:15.063+0800] {processor.py:179} INFO - Processing /home/azfarmustafa/airflow_tutorial/.venv/lib/python3.10/site-packages/airflow/example_dags/example_latest_only_with_trigger.py took 0.082 seconds
[2023-11-24T10:34:59.678+0800] {processor.py:157} INFO - Started process (PID=59282) to work on /home/azfarmustafa/airflow_tutorial/.venv/lib/python3.10/site-packages/airflow/example_dags/example_latest_only_with_trigger.py
[2023-11-24T10:34:59.682+0800] {processor.py:829} INFO - Processing file /home/azfarmustafa/airflow_tutorial/.venv/lib/python3.10/site-packages/airflow/example_dags/example_latest_only_with_trigger.py for tasks to queue
[2023-11-24T10:34:59.683+0800] {logging_mixin.py:154} INFO - [2023-11-24T10:34:59.683+0800] {dagbag.py:536} INFO - Filling up the DagBag from /home/azfarmustafa/airflow_tutorial/.venv/lib/python3.10/site-packages/airflow/example_dags/example_latest_only_with_trigger.py
[2023-11-24T10:34:59.689+0800] {processor.py:839} INFO - DAG(s) dict_keys(['latest_only_with_trigger']) retrieved from /home/azfarmustafa/airflow_tutorial/.venv/lib/python3.10/site-packages/airflow/example_dags/example_latest_only_with_trigger.py
[2023-11-24T10:34:59.702+0800] {logging_mixin.py:154} INFO - [2023-11-24T10:34:59.702+0800] {dag.py:2941} INFO - Sync 1 DAGs
[2023-11-24T10:34:59.721+0800] {logging_mixin.py:154} INFO - [2023-11-24T10:34:59.720+0800] {dag.py:3722} INFO - Setting next_dagrun for latest_only_with_trigger to 2023-11-23T22:34:59.720606+00:00, run_after=2023-11-24T02:34:59.720606+00:00
[2023-11-24T10:34:59.748+0800] {processor.py:179} INFO - Processing /home/azfarmustafa/airflow_tutorial/.venv/lib/python3.10/site-packages/airflow/example_dags/example_latest_only_with_trigger.py took 0.073 seconds
[2023-11-24T10:35:47.410+0800] {processor.py:157} INFO - Started process (PID=59331) to work on /home/azfarmustafa/airflow_tutorial/.venv/lib/python3.10/site-packages/airflow/example_dags/example_latest_only_with_trigger.py
[2023-11-24T10:35:47.411+0800] {processor.py:829} INFO - Processing file /home/azfarmustafa/airflow_tutorial/.venv/lib/python3.10/site-packages/airflow/example_dags/example_latest_only_with_trigger.py for tasks to queue
[2023-11-24T10:35:47.412+0800] {logging_mixin.py:154} INFO - [2023-11-24T10:35:47.411+0800] {dagbag.py:536} INFO - Filling up the DagBag from /home/azfarmustafa/airflow_tutorial/.venv/lib/python3.10/site-packages/airflow/example_dags/example_latest_only_with_trigger.py
[2023-11-24T10:35:47.417+0800] {processor.py:839} INFO - DAG(s) dict_keys(['latest_only_with_trigger']) retrieved from /home/azfarmustafa/airflow_tutorial/.venv/lib/python3.10/site-packages/airflow/example_dags/example_latest_only_with_trigger.py
[2023-11-24T10:35:47.431+0800] {logging_mixin.py:154} INFO - [2023-11-24T10:35:47.431+0800] {dag.py:2941} INFO - Sync 1 DAGs
[2023-11-24T10:35:47.449+0800] {logging_mixin.py:154} INFO - [2023-11-24T10:35:47.449+0800] {dag.py:3722} INFO - Setting next_dagrun for latest_only_with_trigger to 2023-11-23T22:35:47.448815+00:00, run_after=2023-11-24T02:35:47.448815+00:00
[2023-11-24T10:35:47.474+0800] {processor.py:179} INFO - Processing /home/azfarmustafa/airflow_tutorial/.venv/lib/python3.10/site-packages/airflow/example_dags/example_latest_only_with_trigger.py took 0.067 seconds
[2023-11-24T10:36:28.791+0800] {processor.py:157} INFO - Started process (PID=59377) to work on /home/azfarmustafa/airflow_tutorial/.venv/lib/python3.10/site-packages/airflow/example_dags/example_latest_only_with_trigger.py
[2023-11-24T10:36:28.792+0800] {processor.py:829} INFO - Processing file /home/azfarmustafa/airflow_tutorial/.venv/lib/python3.10/site-packages/airflow/example_dags/example_latest_only_with_trigger.py for tasks to queue
[2023-11-24T10:36:28.793+0800] {logging_mixin.py:154} INFO - [2023-11-24T10:36:28.793+0800] {dagbag.py:536} INFO - Filling up the DagBag from /home/azfarmustafa/airflow_tutorial/.venv/lib/python3.10/site-packages/airflow/example_dags/example_latest_only_with_trigger.py
[2023-11-24T10:36:28.798+0800] {processor.py:839} INFO - DAG(s) dict_keys(['latest_only_with_trigger']) retrieved from /home/azfarmustafa/airflow_tutorial/.venv/lib/python3.10/site-packages/airflow/example_dags/example_latest_only_with_trigger.py
[2023-11-24T10:36:28.814+0800] {logging_mixin.py:154} INFO - [2023-11-24T10:36:28.814+0800] {dag.py:2941} INFO - Sync 1 DAGs
[2023-11-24T10:36:28.835+0800] {logging_mixin.py:154} INFO - [2023-11-24T10:36:28.835+0800] {dag.py:3722} INFO - Setting next_dagrun for latest_only_with_trigger to 2023-11-23T22:36:28.835042+00:00, run_after=2023-11-24T02:36:28.835042+00:00
[2023-11-24T10:36:28.858+0800] {processor.py:179} INFO - Processing /home/azfarmustafa/airflow_tutorial/.venv/lib/python3.10/site-packages/airflow/example_dags/example_latest_only_with_trigger.py took 0.071 seconds
[2023-11-24T10:37:14.793+0800] {processor.py:157} INFO - Started process (PID=59423) to work on /home/azfarmustafa/airflow_tutorial/.venv/lib/python3.10/site-packages/airflow/example_dags/example_latest_only_with_trigger.py
[2023-11-24T10:37:14.797+0800] {processor.py:829} INFO - Processing file /home/azfarmustafa/airflow_tutorial/.venv/lib/python3.10/site-packages/airflow/example_dags/example_latest_only_with_trigger.py for tasks to queue
[2023-11-24T10:37:14.798+0800] {logging_mixin.py:154} INFO - [2023-11-24T10:37:14.798+0800] {dagbag.py:536} INFO - Filling up the DagBag from /home/azfarmustafa/airflow_tutorial/.venv/lib/python3.10/site-packages/airflow/example_dags/example_latest_only_with_trigger.py
[2023-11-24T10:37:14.803+0800] {processor.py:839} INFO - DAG(s) dict_keys(['latest_only_with_trigger']) retrieved from /home/azfarmustafa/airflow_tutorial/.venv/lib/python3.10/site-packages/airflow/example_dags/example_latest_only_with_trigger.py
[2023-11-24T10:37:14.819+0800] {logging_mixin.py:154} INFO - [2023-11-24T10:37:14.818+0800] {dag.py:2941} INFO - Sync 1 DAGs
[2023-11-24T10:37:14.839+0800] {logging_mixin.py:154} INFO - [2023-11-24T10:37:14.838+0800] {dag.py:3722} INFO - Setting next_dagrun for latest_only_with_trigger to 2023-11-23T22:37:14.838459+00:00, run_after=2023-11-24T02:37:14.838459+00:00
[2023-11-24T10:37:14.865+0800] {processor.py:179} INFO - Processing /home/azfarmustafa/airflow_tutorial/.venv/lib/python3.10/site-packages/airflow/example_dags/example_latest_only_with_trigger.py took 0.075 seconds
[2023-11-24T10:38:00.553+0800] {processor.py:157} INFO - Started process (PID=59469) to work on /home/azfarmustafa/airflow_tutorial/.venv/lib/python3.10/site-packages/airflow/example_dags/example_latest_only_with_trigger.py
[2023-11-24T10:38:00.557+0800] {processor.py:829} INFO - Processing file /home/azfarmustafa/airflow_tutorial/.venv/lib/python3.10/site-packages/airflow/example_dags/example_latest_only_with_trigger.py for tasks to queue
[2023-11-24T10:38:00.558+0800] {logging_mixin.py:154} INFO - [2023-11-24T10:38:00.558+0800] {dagbag.py:536} INFO - Filling up the DagBag from /home/azfarmustafa/airflow_tutorial/.venv/lib/python3.10/site-packages/airflow/example_dags/example_latest_only_with_trigger.py
[2023-11-24T10:38:00.564+0800] {processor.py:839} INFO - DAG(s) dict_keys(['latest_only_with_trigger']) retrieved from /home/azfarmustafa/airflow_tutorial/.venv/lib/python3.10/site-packages/airflow/example_dags/example_latest_only_with_trigger.py
[2023-11-24T10:38:00.578+0800] {logging_mixin.py:154} INFO - [2023-11-24T10:38:00.578+0800] {dag.py:2941} INFO - Sync 1 DAGs
[2023-11-24T10:38:00.596+0800] {logging_mixin.py:154} INFO - [2023-11-24T10:38:00.596+0800] {dag.py:3722} INFO - Setting next_dagrun for latest_only_with_trigger to 2023-11-23T22:38:00.595970+00:00, run_after=2023-11-24T02:38:00.595970+00:00
[2023-11-24T10:38:00.620+0800] {processor.py:179} INFO - Processing /home/azfarmustafa/airflow_tutorial/.venv/lib/python3.10/site-packages/airflow/example_dags/example_latest_only_with_trigger.py took 0.070 seconds
[2023-11-24T10:38:48.874+0800] {processor.py:157} INFO - Started process (PID=59518) to work on /home/azfarmustafa/airflow_tutorial/.venv/lib/python3.10/site-packages/airflow/example_dags/example_latest_only_with_trigger.py
[2023-11-24T10:38:48.878+0800] {processor.py:829} INFO - Processing file /home/azfarmustafa/airflow_tutorial/.venv/lib/python3.10/site-packages/airflow/example_dags/example_latest_only_with_trigger.py for tasks to queue
[2023-11-24T10:38:48.879+0800] {logging_mixin.py:154} INFO - [2023-11-24T10:38:48.879+0800] {dagbag.py:536} INFO - Filling up the DagBag from /home/azfarmustafa/airflow_tutorial/.venv/lib/python3.10/site-packages/airflow/example_dags/example_latest_only_with_trigger.py
[2023-11-24T10:38:48.884+0800] {processor.py:839} INFO - DAG(s) dict_keys(['latest_only_with_trigger']) retrieved from /home/azfarmustafa/airflow_tutorial/.venv/lib/python3.10/site-packages/airflow/example_dags/example_latest_only_with_trigger.py
[2023-11-24T10:38:48.898+0800] {logging_mixin.py:154} INFO - [2023-11-24T10:38:48.898+0800] {dag.py:2941} INFO - Sync 1 DAGs
[2023-11-24T10:38:48.917+0800] {logging_mixin.py:154} INFO - [2023-11-24T10:38:48.917+0800] {dag.py:3722} INFO - Setting next_dagrun for latest_only_with_trigger to 2023-11-23T22:38:48.917235+00:00, run_after=2023-11-24T02:38:48.917235+00:00
[2023-11-24T10:38:48.944+0800] {processor.py:179} INFO - Processing /home/azfarmustafa/airflow_tutorial/.venv/lib/python3.10/site-packages/airflow/example_dags/example_latest_only_with_trigger.py took 0.073 seconds
[2023-11-24T10:39:38.712+0800] {processor.py:157} INFO - Started process (PID=59567) to work on /home/azfarmustafa/airflow_tutorial/.venv/lib/python3.10/site-packages/airflow/example_dags/example_latest_only_with_trigger.py
[2023-11-24T10:39:38.716+0800] {processor.py:829} INFO - Processing file /home/azfarmustafa/airflow_tutorial/.venv/lib/python3.10/site-packages/airflow/example_dags/example_latest_only_with_trigger.py for tasks to queue
[2023-11-24T10:39:38.717+0800] {logging_mixin.py:154} INFO - [2023-11-24T10:39:38.717+0800] {dagbag.py:536} INFO - Filling up the DagBag from /home/azfarmustafa/airflow_tutorial/.venv/lib/python3.10/site-packages/airflow/example_dags/example_latest_only_with_trigger.py
[2023-11-24T10:39:38.725+0800] {processor.py:839} INFO - DAG(s) dict_keys(['latest_only_with_trigger']) retrieved from /home/azfarmustafa/airflow_tutorial/.venv/lib/python3.10/site-packages/airflow/example_dags/example_latest_only_with_trigger.py
[2023-11-24T10:39:38.740+0800] {logging_mixin.py:154} INFO - [2023-11-24T10:39:38.740+0800] {dag.py:2941} INFO - Sync 1 DAGs
[2023-11-24T10:39:38.758+0800] {logging_mixin.py:154} INFO - [2023-11-24T10:39:38.758+0800] {dag.py:3722} INFO - Setting next_dagrun for latest_only_with_trigger to 2023-11-23T22:39:38.758085+00:00, run_after=2023-11-24T02:39:38.758085+00:00
[2023-11-24T10:39:38.829+0800] {processor.py:179} INFO - Processing /home/azfarmustafa/airflow_tutorial/.venv/lib/python3.10/site-packages/airflow/example_dags/example_latest_only_with_trigger.py took 0.120 seconds
[2023-11-24T10:40:28.236+0800] {processor.py:157} INFO - Started process (PID=59618) to work on /home/azfarmustafa/airflow_tutorial/.venv/lib/python3.10/site-packages/airflow/example_dags/example_latest_only_with_trigger.py
[2023-11-24T10:40:28.240+0800] {processor.py:829} INFO - Processing file /home/azfarmustafa/airflow_tutorial/.venv/lib/python3.10/site-packages/airflow/example_dags/example_latest_only_with_trigger.py for tasks to queue
[2023-11-24T10:40:28.241+0800] {logging_mixin.py:154} INFO - [2023-11-24T10:40:28.241+0800] {dagbag.py:536} INFO - Filling up the DagBag from /home/azfarmustafa/airflow_tutorial/.venv/lib/python3.10/site-packages/airflow/example_dags/example_latest_only_with_trigger.py
[2023-11-24T10:40:28.247+0800] {processor.py:839} INFO - DAG(s) dict_keys(['latest_only_with_trigger']) retrieved from /home/azfarmustafa/airflow_tutorial/.venv/lib/python3.10/site-packages/airflow/example_dags/example_latest_only_with_trigger.py
[2023-11-24T10:40:28.261+0800] {logging_mixin.py:154} INFO - [2023-11-24T10:40:28.261+0800] {dag.py:2941} INFO - Sync 1 DAGs
[2023-11-24T10:40:28.279+0800] {logging_mixin.py:154} INFO - [2023-11-24T10:40:28.278+0800] {dag.py:3722} INFO - Setting next_dagrun for latest_only_with_trigger to 2023-11-23T22:40:28.278742+00:00, run_after=2023-11-24T02:40:28.278742+00:00
[2023-11-24T10:40:28.304+0800] {processor.py:179} INFO - Processing /home/azfarmustafa/airflow_tutorial/.venv/lib/python3.10/site-packages/airflow/example_dags/example_latest_only_with_trigger.py took 0.072 seconds
[2023-11-24T10:41:12.848+0800] {processor.py:157} INFO - Started process (PID=59669) to work on /home/azfarmustafa/airflow_tutorial/.venv/lib/python3.10/site-packages/airflow/example_dags/example_latest_only_with_trigger.py
[2023-11-24T10:41:12.849+0800] {processor.py:829} INFO - Processing file /home/azfarmustafa/airflow_tutorial/.venv/lib/python3.10/site-packages/airflow/example_dags/example_latest_only_with_trigger.py for tasks to queue
[2023-11-24T10:41:12.850+0800] {logging_mixin.py:154} INFO - [2023-11-24T10:41:12.850+0800] {dagbag.py:536} INFO - Filling up the DagBag from /home/azfarmustafa/airflow_tutorial/.venv/lib/python3.10/site-packages/airflow/example_dags/example_latest_only_with_trigger.py
[2023-11-24T10:41:12.855+0800] {processor.py:839} INFO - DAG(s) dict_keys(['latest_only_with_trigger']) retrieved from /home/azfarmustafa/airflow_tutorial/.venv/lib/python3.10/site-packages/airflow/example_dags/example_latest_only_with_trigger.py
[2023-11-24T10:41:12.873+0800] {logging_mixin.py:154} INFO - [2023-11-24T10:41:12.873+0800] {dag.py:2941} INFO - Sync 1 DAGs
[2023-11-24T10:41:12.890+0800] {logging_mixin.py:154} INFO - [2023-11-24T10:41:12.890+0800] {dag.py:3722} INFO - Setting next_dagrun for latest_only_with_trigger to 2023-11-23T22:41:12.890007+00:00, run_after=2023-11-24T02:41:12.890007+00:00
[2023-11-24T10:41:12.918+0800] {processor.py:179} INFO - Processing /home/azfarmustafa/airflow_tutorial/.venv/lib/python3.10/site-packages/airflow/example_dags/example_latest_only_with_trigger.py took 0.072 seconds
[2023-11-24T10:42:02.724+0800] {processor.py:157} INFO - Started process (PID=59719) to work on /home/azfarmustafa/airflow_tutorial/.venv/lib/python3.10/site-packages/airflow/example_dags/example_latest_only_with_trigger.py
[2023-11-24T10:42:02.729+0800] {processor.py:829} INFO - Processing file /home/azfarmustafa/airflow_tutorial/.venv/lib/python3.10/site-packages/airflow/example_dags/example_latest_only_with_trigger.py for tasks to queue
[2023-11-24T10:42:02.731+0800] {logging_mixin.py:154} INFO - [2023-11-24T10:42:02.730+0800] {dagbag.py:536} INFO - Filling up the DagBag from /home/azfarmustafa/airflow_tutorial/.venv/lib/python3.10/site-packages/airflow/example_dags/example_latest_only_with_trigger.py
[2023-11-24T10:42:02.738+0800] {processor.py:839} INFO - DAG(s) dict_keys(['latest_only_with_trigger']) retrieved from /home/azfarmustafa/airflow_tutorial/.venv/lib/python3.10/site-packages/airflow/example_dags/example_latest_only_with_trigger.py
[2023-11-24T10:42:02.758+0800] {logging_mixin.py:154} INFO - [2023-11-24T10:42:02.758+0800] {dag.py:2941} INFO - Sync 1 DAGs
[2023-11-24T10:42:02.781+0800] {logging_mixin.py:154} INFO - [2023-11-24T10:42:02.781+0800] {dag.py:3722} INFO - Setting next_dagrun for latest_only_with_trigger to 2023-11-23T22:42:02.781229+00:00, run_after=2023-11-24T02:42:02.781229+00:00
[2023-11-24T10:42:02.808+0800] {processor.py:179} INFO - Processing /home/azfarmustafa/airflow_tutorial/.venv/lib/python3.10/site-packages/airflow/example_dags/example_latest_only_with_trigger.py took 0.087 seconds
[2023-11-24T10:42:48.990+0800] {processor.py:157} INFO - Started process (PID=59765) to work on /home/azfarmustafa/airflow_tutorial/.venv/lib/python3.10/site-packages/airflow/example_dags/example_latest_only_with_trigger.py
[2023-11-24T10:42:48.995+0800] {processor.py:829} INFO - Processing file /home/azfarmustafa/airflow_tutorial/.venv/lib/python3.10/site-packages/airflow/example_dags/example_latest_only_with_trigger.py for tasks to queue
[2023-11-24T10:42:48.996+0800] {logging_mixin.py:154} INFO - [2023-11-24T10:42:48.995+0800] {dagbag.py:536} INFO - Filling up the DagBag from /home/azfarmustafa/airflow_tutorial/.venv/lib/python3.10/site-packages/airflow/example_dags/example_latest_only_with_trigger.py
[2023-11-24T10:42:49.001+0800] {processor.py:839} INFO - DAG(s) dict_keys(['latest_only_with_trigger']) retrieved from /home/azfarmustafa/airflow_tutorial/.venv/lib/python3.10/site-packages/airflow/example_dags/example_latest_only_with_trigger.py
[2023-11-24T10:42:49.019+0800] {logging_mixin.py:154} INFO - [2023-11-24T10:42:49.019+0800] {dag.py:2941} INFO - Sync 1 DAGs
[2023-11-24T10:42:49.037+0800] {logging_mixin.py:154} INFO - [2023-11-24T10:42:49.037+0800] {dag.py:3722} INFO - Setting next_dagrun for latest_only_with_trigger to 2023-11-23T22:42:49.036862+00:00, run_after=2023-11-24T02:42:49.036862+00:00
[2023-11-24T10:42:49.064+0800] {processor.py:179} INFO - Processing /home/azfarmustafa/airflow_tutorial/.venv/lib/python3.10/site-packages/airflow/example_dags/example_latest_only_with_trigger.py took 0.077 seconds
[2023-11-24T10:43:36.449+0800] {processor.py:157} INFO - Started process (PID=59814) to work on /home/azfarmustafa/airflow_tutorial/.venv/lib/python3.10/site-packages/airflow/example_dags/example_latest_only_with_trigger.py
[2023-11-24T10:43:36.454+0800] {processor.py:829} INFO - Processing file /home/azfarmustafa/airflow_tutorial/.venv/lib/python3.10/site-packages/airflow/example_dags/example_latest_only_with_trigger.py for tasks to queue
[2023-11-24T10:43:36.456+0800] {logging_mixin.py:154} INFO - [2023-11-24T10:43:36.455+0800] {dagbag.py:536} INFO - Filling up the DagBag from /home/azfarmustafa/airflow_tutorial/.venv/lib/python3.10/site-packages/airflow/example_dags/example_latest_only_with_trigger.py
[2023-11-24T10:43:36.462+0800] {processor.py:839} INFO - DAG(s) dict_keys(['latest_only_with_trigger']) retrieved from /home/azfarmustafa/airflow_tutorial/.venv/lib/python3.10/site-packages/airflow/example_dags/example_latest_only_with_trigger.py
[2023-11-24T10:43:36.476+0800] {logging_mixin.py:154} INFO - [2023-11-24T10:43:36.476+0800] {dag.py:2941} INFO - Sync 1 DAGs
[2023-11-24T10:43:36.493+0800] {logging_mixin.py:154} INFO - [2023-11-24T10:43:36.493+0800] {dag.py:3722} INFO - Setting next_dagrun for latest_only_with_trigger to 2023-11-23T22:43:36.492902+00:00, run_after=2023-11-24T02:43:36.492902+00:00
[2023-11-24T10:43:36.518+0800] {processor.py:179} INFO - Processing /home/azfarmustafa/airflow_tutorial/.venv/lib/python3.10/site-packages/airflow/example_dags/example_latest_only_with_trigger.py took 0.071 seconds
[2023-11-24T10:44:23.652+0800] {processor.py:157} INFO - Started process (PID=59862) to work on /home/azfarmustafa/airflow_tutorial/.venv/lib/python3.10/site-packages/airflow/example_dags/example_latest_only_with_trigger.py
[2023-11-24T10:44:23.653+0800] {processor.py:829} INFO - Processing file /home/azfarmustafa/airflow_tutorial/.venv/lib/python3.10/site-packages/airflow/example_dags/example_latest_only_with_trigger.py for tasks to queue
[2023-11-24T10:44:23.654+0800] {logging_mixin.py:154} INFO - [2023-11-24T10:44:23.654+0800] {dagbag.py:536} INFO - Filling up the DagBag from /home/azfarmustafa/airflow_tutorial/.venv/lib/python3.10/site-packages/airflow/example_dags/example_latest_only_with_trigger.py
[2023-11-24T10:44:23.661+0800] {processor.py:839} INFO - DAG(s) dict_keys(['latest_only_with_trigger']) retrieved from /home/azfarmustafa/airflow_tutorial/.venv/lib/python3.10/site-packages/airflow/example_dags/example_latest_only_with_trigger.py
[2023-11-24T10:44:23.676+0800] {logging_mixin.py:154} INFO - [2023-11-24T10:44:23.676+0800] {dag.py:2941} INFO - Sync 1 DAGs
[2023-11-24T10:44:23.693+0800] {logging_mixin.py:154} INFO - [2023-11-24T10:44:23.693+0800] {dag.py:3722} INFO - Setting next_dagrun for latest_only_with_trigger to 2023-11-23T22:44:23.692829+00:00, run_after=2023-11-24T02:44:23.692829+00:00
[2023-11-24T10:44:23.719+0800] {processor.py:179} INFO - Processing /home/azfarmustafa/airflow_tutorial/.venv/lib/python3.10/site-packages/airflow/example_dags/example_latest_only_with_trigger.py took 0.069 seconds
[2023-11-24T10:45:12.229+0800] {processor.py:157} INFO - Started process (PID=59911) to work on /home/azfarmustafa/airflow_tutorial/.venv/lib/python3.10/site-packages/airflow/example_dags/example_latest_only_with_trigger.py
[2023-11-24T10:45:12.233+0800] {processor.py:829} INFO - Processing file /home/azfarmustafa/airflow_tutorial/.venv/lib/python3.10/site-packages/airflow/example_dags/example_latest_only_with_trigger.py for tasks to queue
[2023-11-24T10:45:12.234+0800] {logging_mixin.py:154} INFO - [2023-11-24T10:45:12.233+0800] {dagbag.py:536} INFO - Filling up the DagBag from /home/azfarmustafa/airflow_tutorial/.venv/lib/python3.10/site-packages/airflow/example_dags/example_latest_only_with_trigger.py
[2023-11-24T10:45:12.239+0800] {processor.py:839} INFO - DAG(s) dict_keys(['latest_only_with_trigger']) retrieved from /home/azfarmustafa/airflow_tutorial/.venv/lib/python3.10/site-packages/airflow/example_dags/example_latest_only_with_trigger.py
[2023-11-24T10:45:12.254+0800] {logging_mixin.py:154} INFO - [2023-11-24T10:45:12.254+0800] {dag.py:2941} INFO - Sync 1 DAGs
[2023-11-24T10:45:12.273+0800] {logging_mixin.py:154} INFO - [2023-11-24T10:45:12.273+0800] {dag.py:3722} INFO - Setting next_dagrun for latest_only_with_trigger to 2023-11-23T22:45:12.273286+00:00, run_after=2023-11-24T02:45:12.273286+00:00
[2023-11-24T10:45:12.298+0800] {processor.py:179} INFO - Processing /home/azfarmustafa/airflow_tutorial/.venv/lib/python3.10/site-packages/airflow/example_dags/example_latest_only_with_trigger.py took 0.071 seconds
[2023-11-24T10:45:59.703+0800] {processor.py:157} INFO - Started process (PID=59959) to work on /home/azfarmustafa/airflow_tutorial/.venv/lib/python3.10/site-packages/airflow/example_dags/example_latest_only_with_trigger.py
[2023-11-24T10:45:59.707+0800] {processor.py:829} INFO - Processing file /home/azfarmustafa/airflow_tutorial/.venv/lib/python3.10/site-packages/airflow/example_dags/example_latest_only_with_trigger.py for tasks to queue
[2023-11-24T10:45:59.708+0800] {logging_mixin.py:154} INFO - [2023-11-24T10:45:59.708+0800] {dagbag.py:536} INFO - Filling up the DagBag from /home/azfarmustafa/airflow_tutorial/.venv/lib/python3.10/site-packages/airflow/example_dags/example_latest_only_with_trigger.py
[2023-11-24T10:45:59.714+0800] {processor.py:839} INFO - DAG(s) dict_keys(['latest_only_with_trigger']) retrieved from /home/azfarmustafa/airflow_tutorial/.venv/lib/python3.10/site-packages/airflow/example_dags/example_latest_only_with_trigger.py
[2023-11-24T10:45:59.729+0800] {logging_mixin.py:154} INFO - [2023-11-24T10:45:59.728+0800] {dag.py:2941} INFO - Sync 1 DAGs
[2023-11-24T10:45:59.746+0800] {logging_mixin.py:154} INFO - [2023-11-24T10:45:59.746+0800] {dag.py:3722} INFO - Setting next_dagrun for latest_only_with_trigger to 2023-11-23T22:45:59.745816+00:00, run_after=2023-11-24T02:45:59.745816+00:00
[2023-11-24T10:45:59.773+0800] {processor.py:179} INFO - Processing /home/azfarmustafa/airflow_tutorial/.venv/lib/python3.10/site-packages/airflow/example_dags/example_latest_only_with_trigger.py took 0.074 seconds
[2023-11-24T10:46:44.736+0800] {processor.py:157} INFO - Started process (PID=60005) to work on /home/azfarmustafa/airflow_tutorial/.venv/lib/python3.10/site-packages/airflow/example_dags/example_latest_only_with_trigger.py
[2023-11-24T10:46:44.741+0800] {processor.py:829} INFO - Processing file /home/azfarmustafa/airflow_tutorial/.venv/lib/python3.10/site-packages/airflow/example_dags/example_latest_only_with_trigger.py for tasks to queue
[2023-11-24T10:46:44.741+0800] {logging_mixin.py:154} INFO - [2023-11-24T10:46:44.741+0800] {dagbag.py:536} INFO - Filling up the DagBag from /home/azfarmustafa/airflow_tutorial/.venv/lib/python3.10/site-packages/airflow/example_dags/example_latest_only_with_trigger.py
[2023-11-24T10:46:44.747+0800] {processor.py:839} INFO - DAG(s) dict_keys(['latest_only_with_trigger']) retrieved from /home/azfarmustafa/airflow_tutorial/.venv/lib/python3.10/site-packages/airflow/example_dags/example_latest_only_with_trigger.py
[2023-11-24T10:46:44.763+0800] {logging_mixin.py:154} INFO - [2023-11-24T10:46:44.762+0800] {dag.py:2941} INFO - Sync 1 DAGs
[2023-11-24T10:46:44.781+0800] {logging_mixin.py:154} INFO - [2023-11-24T10:46:44.781+0800] {dag.py:3722} INFO - Setting next_dagrun for latest_only_with_trigger to 2023-11-23T22:46:44.781319+00:00, run_after=2023-11-24T02:46:44.781319+00:00
[2023-11-24T10:46:44.807+0800] {processor.py:179} INFO - Processing /home/azfarmustafa/airflow_tutorial/.venv/lib/python3.10/site-packages/airflow/example_dags/example_latest_only_with_trigger.py took 0.074 seconds
[2023-11-24T10:47:28.847+0800] {processor.py:157} INFO - Started process (PID=60058) to work on /home/azfarmustafa/airflow_tutorial/.venv/lib/python3.10/site-packages/airflow/example_dags/example_latest_only_with_trigger.py
[2023-11-24T10:47:28.851+0800] {processor.py:829} INFO - Processing file /home/azfarmustafa/airflow_tutorial/.venv/lib/python3.10/site-packages/airflow/example_dags/example_latest_only_with_trigger.py for tasks to queue
[2023-11-24T10:47:28.852+0800] {logging_mixin.py:154} INFO - [2023-11-24T10:47:28.851+0800] {dagbag.py:536} INFO - Filling up the DagBag from /home/azfarmustafa/airflow_tutorial/.venv/lib/python3.10/site-packages/airflow/example_dags/example_latest_only_with_trigger.py
[2023-11-24T10:47:28.857+0800] {processor.py:839} INFO - DAG(s) dict_keys(['latest_only_with_trigger']) retrieved from /home/azfarmustafa/airflow_tutorial/.venv/lib/python3.10/site-packages/airflow/example_dags/example_latest_only_with_trigger.py
[2023-11-24T10:47:28.870+0800] {logging_mixin.py:154} INFO - [2023-11-24T10:47:28.870+0800] {dag.py:2941} INFO - Sync 1 DAGs
[2023-11-24T10:47:28.887+0800] {logging_mixin.py:154} INFO - [2023-11-24T10:47:28.887+0800] {dag.py:3722} INFO - Setting next_dagrun for latest_only_with_trigger to 2023-11-23T22:47:28.887326+00:00, run_after=2023-11-24T02:47:28.887326+00:00
[2023-11-24T10:47:28.909+0800] {processor.py:179} INFO - Processing /home/azfarmustafa/airflow_tutorial/.venv/lib/python3.10/site-packages/airflow/example_dags/example_latest_only_with_trigger.py took 0.064 seconds
[2023-11-24T10:48:15.438+0800] {processor.py:157} INFO - Started process (PID=60104) to work on /home/azfarmustafa/airflow_tutorial/.venv/lib/python3.10/site-packages/airflow/example_dags/example_latest_only_with_trigger.py
[2023-11-24T10:48:15.443+0800] {processor.py:829} INFO - Processing file /home/azfarmustafa/airflow_tutorial/.venv/lib/python3.10/site-packages/airflow/example_dags/example_latest_only_with_trigger.py for tasks to queue
[2023-11-24T10:48:15.444+0800] {logging_mixin.py:154} INFO - [2023-11-24T10:48:15.444+0800] {dagbag.py:536} INFO - Filling up the DagBag from /home/azfarmustafa/airflow_tutorial/.venv/lib/python3.10/site-packages/airflow/example_dags/example_latest_only_with_trigger.py
[2023-11-24T10:48:15.451+0800] {processor.py:839} INFO - DAG(s) dict_keys(['latest_only_with_trigger']) retrieved from /home/azfarmustafa/airflow_tutorial/.venv/lib/python3.10/site-packages/airflow/example_dags/example_latest_only_with_trigger.py
[2023-11-24T10:48:15.467+0800] {logging_mixin.py:154} INFO - [2023-11-24T10:48:15.467+0800] {dag.py:2941} INFO - Sync 1 DAGs
[2023-11-24T10:48:15.485+0800] {logging_mixin.py:154} INFO - [2023-11-24T10:48:15.485+0800] {dag.py:3722} INFO - Setting next_dagrun for latest_only_with_trigger to 2023-11-23T22:48:15.485443+00:00, run_after=2023-11-24T02:48:15.485443+00:00
[2023-11-24T10:48:15.515+0800] {processor.py:179} INFO - Processing /home/azfarmustafa/airflow_tutorial/.venv/lib/python3.10/site-packages/airflow/example_dags/example_latest_only_with_trigger.py took 0.080 seconds
[2023-11-24T10:49:02.032+0800] {processor.py:157} INFO - Started process (PID=60151) to work on /home/azfarmustafa/airflow_tutorial/.venv/lib/python3.10/site-packages/airflow/example_dags/example_latest_only_with_trigger.py
[2023-11-24T10:49:02.033+0800] {processor.py:829} INFO - Processing file /home/azfarmustafa/airflow_tutorial/.venv/lib/python3.10/site-packages/airflow/example_dags/example_latest_only_with_trigger.py for tasks to queue
[2023-11-24T10:49:02.034+0800] {logging_mixin.py:154} INFO - [2023-11-24T10:49:02.034+0800] {dagbag.py:536} INFO - Filling up the DagBag from /home/azfarmustafa/airflow_tutorial/.venv/lib/python3.10/site-packages/airflow/example_dags/example_latest_only_with_trigger.py
[2023-11-24T10:49:02.040+0800] {processor.py:839} INFO - DAG(s) dict_keys(['latest_only_with_trigger']) retrieved from /home/azfarmustafa/airflow_tutorial/.venv/lib/python3.10/site-packages/airflow/example_dags/example_latest_only_with_trigger.py
[2023-11-24T10:49:02.057+0800] {logging_mixin.py:154} INFO - [2023-11-24T10:49:02.056+0800] {dag.py:2941} INFO - Sync 1 DAGs
[2023-11-24T10:49:02.077+0800] {logging_mixin.py:154} INFO - [2023-11-24T10:49:02.076+0800] {dag.py:3722} INFO - Setting next_dagrun for latest_only_with_trigger to 2023-11-23T22:49:02.076735+00:00, run_after=2023-11-24T02:49:02.076735+00:00
[2023-11-24T10:49:02.100+0800] {processor.py:179} INFO - Processing /home/azfarmustafa/airflow_tutorial/.venv/lib/python3.10/site-packages/airflow/example_dags/example_latest_only_with_trigger.py took 0.071 seconds
[2023-11-24T10:49:50.543+0800] {processor.py:157} INFO - Started process (PID=60201) to work on /home/azfarmustafa/airflow_tutorial/.venv/lib/python3.10/site-packages/airflow/example_dags/example_latest_only_with_trigger.py
[2023-11-24T10:49:50.545+0800] {processor.py:829} INFO - Processing file /home/azfarmustafa/airflow_tutorial/.venv/lib/python3.10/site-packages/airflow/example_dags/example_latest_only_with_trigger.py for tasks to queue
[2023-11-24T10:49:50.547+0800] {logging_mixin.py:154} INFO - [2023-11-24T10:49:50.546+0800] {dagbag.py:536} INFO - Filling up the DagBag from /home/azfarmustafa/airflow_tutorial/.venv/lib/python3.10/site-packages/airflow/example_dags/example_latest_only_with_trigger.py
[2023-11-24T10:49:50.552+0800] {processor.py:839} INFO - DAG(s) dict_keys(['latest_only_with_trigger']) retrieved from /home/azfarmustafa/airflow_tutorial/.venv/lib/python3.10/site-packages/airflow/example_dags/example_latest_only_with_trigger.py
[2023-11-24T10:49:50.570+0800] {logging_mixin.py:154} INFO - [2023-11-24T10:49:50.570+0800] {dag.py:2941} INFO - Sync 1 DAGs
[2023-11-24T10:49:50.589+0800] {logging_mixin.py:154} INFO - [2023-11-24T10:49:50.588+0800] {dag.py:3722} INFO - Setting next_dagrun for latest_only_with_trigger to 2023-11-23T22:49:50.588766+00:00, run_after=2023-11-24T02:49:50.588766+00:00
[2023-11-24T10:49:50.617+0800] {processor.py:179} INFO - Processing /home/azfarmustafa/airflow_tutorial/.venv/lib/python3.10/site-packages/airflow/example_dags/example_latest_only_with_trigger.py took 0.077 seconds
[2023-11-24T10:50:37.193+0800] {processor.py:157} INFO - Started process (PID=60248) to work on /home/azfarmustafa/airflow_tutorial/.venv/lib/python3.10/site-packages/airflow/example_dags/example_latest_only_with_trigger.py
[2023-11-24T10:50:37.195+0800] {processor.py:829} INFO - Processing file /home/azfarmustafa/airflow_tutorial/.venv/lib/python3.10/site-packages/airflow/example_dags/example_latest_only_with_trigger.py for tasks to queue
[2023-11-24T10:50:37.195+0800] {logging_mixin.py:154} INFO - [2023-11-24T10:50:37.195+0800] {dagbag.py:536} INFO - Filling up the DagBag from /home/azfarmustafa/airflow_tutorial/.venv/lib/python3.10/site-packages/airflow/example_dags/example_latest_only_with_trigger.py
[2023-11-24T10:50:37.201+0800] {processor.py:839} INFO - DAG(s) dict_keys(['latest_only_with_trigger']) retrieved from /home/azfarmustafa/airflow_tutorial/.venv/lib/python3.10/site-packages/airflow/example_dags/example_latest_only_with_trigger.py
[2023-11-24T10:50:37.217+0800] {logging_mixin.py:154} INFO - [2023-11-24T10:50:37.216+0800] {dag.py:2941} INFO - Sync 1 DAGs
[2023-11-24T10:50:37.234+0800] {logging_mixin.py:154} INFO - [2023-11-24T10:50:37.234+0800] {dag.py:3722} INFO - Setting next_dagrun for latest_only_with_trigger to 2023-11-23T22:50:37.233822+00:00, run_after=2023-11-24T02:50:37.233822+00:00
[2023-11-24T10:50:37.261+0800] {processor.py:179} INFO - Processing /home/azfarmustafa/airflow_tutorial/.venv/lib/python3.10/site-packages/airflow/example_dags/example_latest_only_with_trigger.py took 0.070 seconds
[2023-11-24T10:51:23.731+0800] {processor.py:157} INFO - Started process (PID=60296) to work on /home/azfarmustafa/airflow_tutorial/.venv/lib/python3.10/site-packages/airflow/example_dags/example_latest_only_with_trigger.py
[2023-11-24T10:51:23.733+0800] {processor.py:829} INFO - Processing file /home/azfarmustafa/airflow_tutorial/.venv/lib/python3.10/site-packages/airflow/example_dags/example_latest_only_with_trigger.py for tasks to queue
[2023-11-24T10:51:23.733+0800] {logging_mixin.py:154} INFO - [2023-11-24T10:51:23.733+0800] {dagbag.py:536} INFO - Filling up the DagBag from /home/azfarmustafa/airflow_tutorial/.venv/lib/python3.10/site-packages/airflow/example_dags/example_latest_only_with_trigger.py
[2023-11-24T10:51:23.740+0800] {processor.py:839} INFO - DAG(s) dict_keys(['latest_only_with_trigger']) retrieved from /home/azfarmustafa/airflow_tutorial/.venv/lib/python3.10/site-packages/airflow/example_dags/example_latest_only_with_trigger.py
[2023-11-24T10:51:23.754+0800] {logging_mixin.py:154} INFO - [2023-11-24T10:51:23.754+0800] {dag.py:2941} INFO - Sync 1 DAGs
[2023-11-24T10:51:23.774+0800] {logging_mixin.py:154} INFO - [2023-11-24T10:51:23.774+0800] {dag.py:3722} INFO - Setting next_dagrun for latest_only_with_trigger to 2023-11-23T22:51:23.773848+00:00, run_after=2023-11-24T02:51:23.773848+00:00
[2023-11-24T10:51:23.797+0800] {processor.py:179} INFO - Processing /home/azfarmustafa/airflow_tutorial/.venv/lib/python3.10/site-packages/airflow/example_dags/example_latest_only_with_trigger.py took 0.068 seconds
[2023-11-24T10:52:10.191+0800] {processor.py:157} INFO - Started process (PID=60344) to work on /home/azfarmustafa/airflow_tutorial/.venv/lib/python3.10/site-packages/airflow/example_dags/example_latest_only_with_trigger.py
[2023-11-24T10:52:10.197+0800] {processor.py:829} INFO - Processing file /home/azfarmustafa/airflow_tutorial/.venv/lib/python3.10/site-packages/airflow/example_dags/example_latest_only_with_trigger.py for tasks to queue
[2023-11-24T10:52:10.198+0800] {logging_mixin.py:154} INFO - [2023-11-24T10:52:10.198+0800] {dagbag.py:536} INFO - Filling up the DagBag from /home/azfarmustafa/airflow_tutorial/.venv/lib/python3.10/site-packages/airflow/example_dags/example_latest_only_with_trigger.py
[2023-11-24T10:52:10.206+0800] {processor.py:839} INFO - DAG(s) dict_keys(['latest_only_with_trigger']) retrieved from /home/azfarmustafa/airflow_tutorial/.venv/lib/python3.10/site-packages/airflow/example_dags/example_latest_only_with_trigger.py
[2023-11-24T10:52:10.220+0800] {logging_mixin.py:154} INFO - [2023-11-24T10:52:10.220+0800] {dag.py:2941} INFO - Sync 1 DAGs
[2023-11-24T10:52:10.237+0800] {logging_mixin.py:154} INFO - [2023-11-24T10:52:10.237+0800] {dag.py:3722} INFO - Setting next_dagrun for latest_only_with_trigger to 2023-11-23T22:52:10.237451+00:00, run_after=2023-11-24T02:52:10.237451+00:00
[2023-11-24T10:52:10.265+0800] {processor.py:179} INFO - Processing /home/azfarmustafa/airflow_tutorial/.venv/lib/python3.10/site-packages/airflow/example_dags/example_latest_only_with_trigger.py took 0.077 seconds
[2023-11-24T10:53:00.598+0800] {processor.py:157} INFO - Started process (PID=60393) to work on /home/azfarmustafa/airflow_tutorial/.venv/lib/python3.10/site-packages/airflow/example_dags/example_latest_only_with_trigger.py
[2023-11-24T10:53:00.602+0800] {processor.py:829} INFO - Processing file /home/azfarmustafa/airflow_tutorial/.venv/lib/python3.10/site-packages/airflow/example_dags/example_latest_only_with_trigger.py for tasks to queue
[2023-11-24T10:53:00.603+0800] {logging_mixin.py:154} INFO - [2023-11-24T10:53:00.603+0800] {dagbag.py:536} INFO - Filling up the DagBag from /home/azfarmustafa/airflow_tutorial/.venv/lib/python3.10/site-packages/airflow/example_dags/example_latest_only_with_trigger.py
[2023-11-24T10:53:00.611+0800] {processor.py:839} INFO - DAG(s) dict_keys(['latest_only_with_trigger']) retrieved from /home/azfarmustafa/airflow_tutorial/.venv/lib/python3.10/site-packages/airflow/example_dags/example_latest_only_with_trigger.py
[2023-11-24T10:53:00.629+0800] {logging_mixin.py:154} INFO - [2023-11-24T10:53:00.629+0800] {dag.py:2941} INFO - Sync 1 DAGs
[2023-11-24T10:53:00.652+0800] {logging_mixin.py:154} INFO - [2023-11-24T10:53:00.652+0800] {dag.py:3722} INFO - Setting next_dagrun for latest_only_with_trigger to 2023-11-23T22:53:00.652056+00:00, run_after=2023-11-24T02:53:00.652056+00:00
[2023-11-24T10:53:00.680+0800] {processor.py:179} INFO - Processing /home/azfarmustafa/airflow_tutorial/.venv/lib/python3.10/site-packages/airflow/example_dags/example_latest_only_with_trigger.py took 0.087 seconds
[2023-11-24T10:53:46.860+0800] {processor.py:157} INFO - Started process (PID=60447) to work on /home/azfarmustafa/airflow_tutorial/.venv/lib/python3.10/site-packages/airflow/example_dags/example_latest_only_with_trigger.py
[2023-11-24T10:53:46.864+0800] {processor.py:829} INFO - Processing file /home/azfarmustafa/airflow_tutorial/.venv/lib/python3.10/site-packages/airflow/example_dags/example_latest_only_with_trigger.py for tasks to queue
[2023-11-24T10:53:46.865+0800] {logging_mixin.py:154} INFO - [2023-11-24T10:53:46.865+0800] {dagbag.py:536} INFO - Filling up the DagBag from /home/azfarmustafa/airflow_tutorial/.venv/lib/python3.10/site-packages/airflow/example_dags/example_latest_only_with_trigger.py
[2023-11-24T10:53:46.870+0800] {processor.py:839} INFO - DAG(s) dict_keys(['latest_only_with_trigger']) retrieved from /home/azfarmustafa/airflow_tutorial/.venv/lib/python3.10/site-packages/airflow/example_dags/example_latest_only_with_trigger.py
[2023-11-24T10:53:46.885+0800] {logging_mixin.py:154} INFO - [2023-11-24T10:53:46.884+0800] {dag.py:2941} INFO - Sync 1 DAGs
[2023-11-24T10:53:46.901+0800] {logging_mixin.py:154} INFO - [2023-11-24T10:53:46.901+0800] {dag.py:3722} INFO - Setting next_dagrun for latest_only_with_trigger to 2023-11-23T22:53:46.901370+00:00, run_after=2023-11-24T02:53:46.901370+00:00
[2023-11-24T10:53:46.925+0800] {processor.py:179} INFO - Processing /home/azfarmustafa/airflow_tutorial/.venv/lib/python3.10/site-packages/airflow/example_dags/example_latest_only_with_trigger.py took 0.068 seconds
[2023-11-24T10:54:35.979+0800] {processor.py:157} INFO - Started process (PID=60496) to work on /home/azfarmustafa/airflow_tutorial/.venv/lib/python3.10/site-packages/airflow/example_dags/example_latest_only_with_trigger.py
[2023-11-24T10:54:35.983+0800] {processor.py:829} INFO - Processing file /home/azfarmustafa/airflow_tutorial/.venv/lib/python3.10/site-packages/airflow/example_dags/example_latest_only_with_trigger.py for tasks to queue
[2023-11-24T10:54:35.984+0800] {logging_mixin.py:154} INFO - [2023-11-24T10:54:35.984+0800] {dagbag.py:536} INFO - Filling up the DagBag from /home/azfarmustafa/airflow_tutorial/.venv/lib/python3.10/site-packages/airflow/example_dags/example_latest_only_with_trigger.py
[2023-11-24T10:54:35.992+0800] {processor.py:839} INFO - DAG(s) dict_keys(['latest_only_with_trigger']) retrieved from /home/azfarmustafa/airflow_tutorial/.venv/lib/python3.10/site-packages/airflow/example_dags/example_latest_only_with_trigger.py
[2023-11-24T10:54:36.011+0800] {logging_mixin.py:154} INFO - [2023-11-24T10:54:36.011+0800] {dag.py:2941} INFO - Sync 1 DAGs
[2023-11-24T10:54:36.029+0800] {logging_mixin.py:154} INFO - [2023-11-24T10:54:36.028+0800] {dag.py:3722} INFO - Setting next_dagrun for latest_only_with_trigger to 2023-11-23T22:54:36.028711+00:00, run_after=2023-11-24T02:54:36.028711+00:00
[2023-11-24T10:54:36.057+0800] {processor.py:179} INFO - Processing /home/azfarmustafa/airflow_tutorial/.venv/lib/python3.10/site-packages/airflow/example_dags/example_latest_only_with_trigger.py took 0.080 seconds
[2023-11-24T10:55:23.159+0800] {processor.py:157} INFO - Started process (PID=60544) to work on /home/azfarmustafa/airflow_tutorial/.venv/lib/python3.10/site-packages/airflow/example_dags/example_latest_only_with_trigger.py
[2023-11-24T10:55:23.163+0800] {processor.py:829} INFO - Processing file /home/azfarmustafa/airflow_tutorial/.venv/lib/python3.10/site-packages/airflow/example_dags/example_latest_only_with_trigger.py for tasks to queue
[2023-11-24T10:55:23.164+0800] {logging_mixin.py:154} INFO - [2023-11-24T10:55:23.163+0800] {dagbag.py:536} INFO - Filling up the DagBag from /home/azfarmustafa/airflow_tutorial/.venv/lib/python3.10/site-packages/airflow/example_dags/example_latest_only_with_trigger.py
[2023-11-24T10:55:23.169+0800] {processor.py:839} INFO - DAG(s) dict_keys(['latest_only_with_trigger']) retrieved from /home/azfarmustafa/airflow_tutorial/.venv/lib/python3.10/site-packages/airflow/example_dags/example_latest_only_with_trigger.py
[2023-11-24T10:55:23.183+0800] {logging_mixin.py:154} INFO - [2023-11-24T10:55:23.183+0800] {dag.py:2941} INFO - Sync 1 DAGs
[2023-11-24T10:55:23.199+0800] {logging_mixin.py:154} INFO - [2023-11-24T10:55:23.199+0800] {dag.py:3722} INFO - Setting next_dagrun for latest_only_with_trigger to 2023-11-23T22:55:23.199447+00:00, run_after=2023-11-24T02:55:23.199447+00:00
[2023-11-24T10:55:23.232+0800] {processor.py:179} INFO - Processing /home/azfarmustafa/airflow_tutorial/.venv/lib/python3.10/site-packages/airflow/example_dags/example_latest_only_with_trigger.py took 0.076 seconds
[2023-11-24T10:56:08.334+0800] {processor.py:157} INFO - Started process (PID=60589) to work on /home/azfarmustafa/airflow_tutorial/.venv/lib/python3.10/site-packages/airflow/example_dags/example_latest_only_with_trigger.py
[2023-11-24T10:56:08.335+0800] {processor.py:829} INFO - Processing file /home/azfarmustafa/airflow_tutorial/.venv/lib/python3.10/site-packages/airflow/example_dags/example_latest_only_with_trigger.py for tasks to queue
[2023-11-24T10:56:08.336+0800] {logging_mixin.py:154} INFO - [2023-11-24T10:56:08.336+0800] {dagbag.py:536} INFO - Filling up the DagBag from /home/azfarmustafa/airflow_tutorial/.venv/lib/python3.10/site-packages/airflow/example_dags/example_latest_only_with_trigger.py
[2023-11-24T10:56:08.342+0800] {processor.py:839} INFO - DAG(s) dict_keys(['latest_only_with_trigger']) retrieved from /home/azfarmustafa/airflow_tutorial/.venv/lib/python3.10/site-packages/airflow/example_dags/example_latest_only_with_trigger.py
[2023-11-24T10:56:08.357+0800] {logging_mixin.py:154} INFO - [2023-11-24T10:56:08.357+0800] {dag.py:2941} INFO - Sync 1 DAGs
[2023-11-24T10:56:08.377+0800] {logging_mixin.py:154} INFO - [2023-11-24T10:56:08.377+0800] {dag.py:3722} INFO - Setting next_dagrun for latest_only_with_trigger to 2023-11-23T22:56:08.376747+00:00, run_after=2023-11-24T02:56:08.376747+00:00
[2023-11-24T10:56:08.402+0800] {processor.py:179} INFO - Processing /home/azfarmustafa/airflow_tutorial/.venv/lib/python3.10/site-packages/airflow/example_dags/example_latest_only_with_trigger.py took 0.070 seconds
[2023-11-24T10:56:50.749+0800] {processor.py:157} INFO - Started process (PID=60635) to work on /home/azfarmustafa/airflow_tutorial/.venv/lib/python3.10/site-packages/airflow/example_dags/example_latest_only_with_trigger.py
[2023-11-24T10:56:50.753+0800] {processor.py:829} INFO - Processing file /home/azfarmustafa/airflow_tutorial/.venv/lib/python3.10/site-packages/airflow/example_dags/example_latest_only_with_trigger.py for tasks to queue
[2023-11-24T10:56:50.755+0800] {logging_mixin.py:154} INFO - [2023-11-24T10:56:50.754+0800] {dagbag.py:536} INFO - Filling up the DagBag from /home/azfarmustafa/airflow_tutorial/.venv/lib/python3.10/site-packages/airflow/example_dags/example_latest_only_with_trigger.py
[2023-11-24T10:56:50.761+0800] {processor.py:839} INFO - DAG(s) dict_keys(['latest_only_with_trigger']) retrieved from /home/azfarmustafa/airflow_tutorial/.venv/lib/python3.10/site-packages/airflow/example_dags/example_latest_only_with_trigger.py
[2023-11-24T10:56:50.778+0800] {logging_mixin.py:154} INFO - [2023-11-24T10:56:50.777+0800] {dag.py:2941} INFO - Sync 1 DAGs
[2023-11-24T10:56:50.796+0800] {logging_mixin.py:154} INFO - [2023-11-24T10:56:50.796+0800] {dag.py:3722} INFO - Setting next_dagrun for latest_only_with_trigger to 2023-11-23T22:56:50.796260+00:00, run_after=2023-11-24T02:56:50.796260+00:00
[2023-11-24T10:56:50.824+0800] {processor.py:179} INFO - Processing /home/azfarmustafa/airflow_tutorial/.venv/lib/python3.10/site-packages/airflow/example_dags/example_latest_only_with_trigger.py took 0.077 seconds
[2023-11-24T10:57:34.771+0800] {processor.py:157} INFO - Started process (PID=60681) to work on /home/azfarmustafa/airflow_tutorial/.venv/lib/python3.10/site-packages/airflow/example_dags/example_latest_only_with_trigger.py
[2023-11-24T10:57:34.776+0800] {processor.py:829} INFO - Processing file /home/azfarmustafa/airflow_tutorial/.venv/lib/python3.10/site-packages/airflow/example_dags/example_latest_only_with_trigger.py for tasks to queue
[2023-11-24T10:57:34.777+0800] {logging_mixin.py:154} INFO - [2023-11-24T10:57:34.776+0800] {dagbag.py:536} INFO - Filling up the DagBag from /home/azfarmustafa/airflow_tutorial/.venv/lib/python3.10/site-packages/airflow/example_dags/example_latest_only_with_trigger.py
[2023-11-24T10:57:34.782+0800] {processor.py:839} INFO - DAG(s) dict_keys(['latest_only_with_trigger']) retrieved from /home/azfarmustafa/airflow_tutorial/.venv/lib/python3.10/site-packages/airflow/example_dags/example_latest_only_with_trigger.py
[2023-11-24T10:57:34.796+0800] {logging_mixin.py:154} INFO - [2023-11-24T10:57:34.796+0800] {dag.py:2941} INFO - Sync 1 DAGs
[2023-11-24T10:57:34.815+0800] {logging_mixin.py:154} INFO - [2023-11-24T10:57:34.815+0800] {dag.py:3722} INFO - Setting next_dagrun for latest_only_with_trigger to 2023-11-23T22:57:34.814655+00:00, run_after=2023-11-24T02:57:34.814655+00:00
[2023-11-24T10:57:34.842+0800] {processor.py:179} INFO - Processing /home/azfarmustafa/airflow_tutorial/.venv/lib/python3.10/site-packages/airflow/example_dags/example_latest_only_with_trigger.py took 0.073 seconds
[2023-11-24T10:58:19.013+0800] {processor.py:157} INFO - Started process (PID=60725) to work on /home/azfarmustafa/airflow_tutorial/.venv/lib/python3.10/site-packages/airflow/example_dags/example_latest_only_with_trigger.py
[2023-11-24T10:58:19.014+0800] {processor.py:829} INFO - Processing file /home/azfarmustafa/airflow_tutorial/.venv/lib/python3.10/site-packages/airflow/example_dags/example_latest_only_with_trigger.py for tasks to queue
[2023-11-24T10:58:19.015+0800] {logging_mixin.py:154} INFO - [2023-11-24T10:58:19.015+0800] {dagbag.py:536} INFO - Filling up the DagBag from /home/azfarmustafa/airflow_tutorial/.venv/lib/python3.10/site-packages/airflow/example_dags/example_latest_only_with_trigger.py
[2023-11-24T10:58:19.021+0800] {processor.py:839} INFO - DAG(s) dict_keys(['latest_only_with_trigger']) retrieved from /home/azfarmustafa/airflow_tutorial/.venv/lib/python3.10/site-packages/airflow/example_dags/example_latest_only_with_trigger.py
[2023-11-24T10:58:19.036+0800] {logging_mixin.py:154} INFO - [2023-11-24T10:58:19.036+0800] {dag.py:2941} INFO - Sync 1 DAGs
[2023-11-24T10:58:19.054+0800] {logging_mixin.py:154} INFO - [2023-11-24T10:58:19.054+0800] {dag.py:3722} INFO - Setting next_dagrun for latest_only_with_trigger to 2023-11-23T22:58:19.053884+00:00, run_after=2023-11-24T02:58:19.053884+00:00
[2023-11-24T10:58:19.079+0800] {processor.py:179} INFO - Processing /home/azfarmustafa/airflow_tutorial/.venv/lib/python3.10/site-packages/airflow/example_dags/example_latest_only_with_trigger.py took 0.069 seconds
[2023-11-24T10:59:05.539+0800] {processor.py:157} INFO - Started process (PID=60773) to work on /home/azfarmustafa/airflow_tutorial/.venv/lib/python3.10/site-packages/airflow/example_dags/example_latest_only_with_trigger.py
[2023-11-24T10:59:05.543+0800] {processor.py:829} INFO - Processing file /home/azfarmustafa/airflow_tutorial/.venv/lib/python3.10/site-packages/airflow/example_dags/example_latest_only_with_trigger.py for tasks to queue
[2023-11-24T10:59:05.544+0800] {logging_mixin.py:154} INFO - [2023-11-24T10:59:05.543+0800] {dagbag.py:536} INFO - Filling up the DagBag from /home/azfarmustafa/airflow_tutorial/.venv/lib/python3.10/site-packages/airflow/example_dags/example_latest_only_with_trigger.py
[2023-11-24T10:59:05.550+0800] {processor.py:839} INFO - DAG(s) dict_keys(['latest_only_with_trigger']) retrieved from /home/azfarmustafa/airflow_tutorial/.venv/lib/python3.10/site-packages/airflow/example_dags/example_latest_only_with_trigger.py
[2023-11-24T10:59:05.566+0800] {logging_mixin.py:154} INFO - [2023-11-24T10:59:05.565+0800] {dag.py:2941} INFO - Sync 1 DAGs
[2023-11-24T10:59:05.584+0800] {logging_mixin.py:154} INFO - [2023-11-24T10:59:05.584+0800] {dag.py:3722} INFO - Setting next_dagrun for latest_only_with_trigger to 2023-11-23T22:59:05.584017+00:00, run_after=2023-11-24T02:59:05.584017+00:00
[2023-11-24T10:59:05.610+0800] {processor.py:179} INFO - Processing /home/azfarmustafa/airflow_tutorial/.venv/lib/python3.10/site-packages/airflow/example_dags/example_latest_only_with_trigger.py took 0.073 seconds
[2023-11-24T10:59:51.863+0800] {processor.py:157} INFO - Started process (PID=60827) to work on /home/azfarmustafa/airflow_tutorial/.venv/lib/python3.10/site-packages/airflow/example_dags/example_latest_only_with_trigger.py
[2023-11-24T10:59:51.867+0800] {processor.py:829} INFO - Processing file /home/azfarmustafa/airflow_tutorial/.venv/lib/python3.10/site-packages/airflow/example_dags/example_latest_only_with_trigger.py for tasks to queue
[2023-11-24T10:59:51.869+0800] {logging_mixin.py:154} INFO - [2023-11-24T10:59:51.868+0800] {dagbag.py:536} INFO - Filling up the DagBag from /home/azfarmustafa/airflow_tutorial/.venv/lib/python3.10/site-packages/airflow/example_dags/example_latest_only_with_trigger.py
[2023-11-24T10:59:51.874+0800] {processor.py:839} INFO - DAG(s) dict_keys(['latest_only_with_trigger']) retrieved from /home/azfarmustafa/airflow_tutorial/.venv/lib/python3.10/site-packages/airflow/example_dags/example_latest_only_with_trigger.py
[2023-11-24T10:59:51.889+0800] {logging_mixin.py:154} INFO - [2023-11-24T10:59:51.889+0800] {dag.py:2941} INFO - Sync 1 DAGs
[2023-11-24T10:59:51.911+0800] {logging_mixin.py:154} INFO - [2023-11-24T10:59:51.910+0800] {dag.py:3722} INFO - Setting next_dagrun for latest_only_with_trigger to 2023-11-23T22:59:51.910642+00:00, run_after=2023-11-24T02:59:51.910642+00:00
[2023-11-24T10:59:51.938+0800] {processor.py:179} INFO - Processing /home/azfarmustafa/airflow_tutorial/.venv/lib/python3.10/site-packages/airflow/example_dags/example_latest_only_with_trigger.py took 0.078 seconds
[2023-11-24T11:00:35.443+0800] {processor.py:157} INFO - Started process (PID=60873) to work on /home/azfarmustafa/airflow_tutorial/.venv/lib/python3.10/site-packages/airflow/example_dags/example_latest_only_with_trigger.py
[2023-11-24T11:00:35.448+0800] {processor.py:829} INFO - Processing file /home/azfarmustafa/airflow_tutorial/.venv/lib/python3.10/site-packages/airflow/example_dags/example_latest_only_with_trigger.py for tasks to queue
[2023-11-24T11:00:35.449+0800] {logging_mixin.py:154} INFO - [2023-11-24T11:00:35.448+0800] {dagbag.py:536} INFO - Filling up the DagBag from /home/azfarmustafa/airflow_tutorial/.venv/lib/python3.10/site-packages/airflow/example_dags/example_latest_only_with_trigger.py
[2023-11-24T11:00:35.454+0800] {processor.py:839} INFO - DAG(s) dict_keys(['latest_only_with_trigger']) retrieved from /home/azfarmustafa/airflow_tutorial/.venv/lib/python3.10/site-packages/airflow/example_dags/example_latest_only_with_trigger.py
[2023-11-24T11:00:35.469+0800] {logging_mixin.py:154} INFO - [2023-11-24T11:00:35.469+0800] {dag.py:2941} INFO - Sync 1 DAGs
[2023-11-24T11:00:35.488+0800] {logging_mixin.py:154} INFO - [2023-11-24T11:00:35.488+0800] {dag.py:3722} INFO - Setting next_dagrun for latest_only_with_trigger to 2023-11-23T23:00:35.488281+00:00, run_after=2023-11-24T03:00:35.488281+00:00
[2023-11-24T11:00:35.515+0800] {processor.py:179} INFO - Processing /home/azfarmustafa/airflow_tutorial/.venv/lib/python3.10/site-packages/airflow/example_dags/example_latest_only_with_trigger.py took 0.075 seconds
[2023-11-24T11:01:20.844+0800] {processor.py:157} INFO - Started process (PID=60919) to work on /home/azfarmustafa/airflow_tutorial/.venv/lib/python3.10/site-packages/airflow/example_dags/example_latest_only_with_trigger.py
[2023-11-24T11:01:20.848+0800] {processor.py:829} INFO - Processing file /home/azfarmustafa/airflow_tutorial/.venv/lib/python3.10/site-packages/airflow/example_dags/example_latest_only_with_trigger.py for tasks to queue
[2023-11-24T11:01:20.849+0800] {logging_mixin.py:154} INFO - [2023-11-24T11:01:20.849+0800] {dagbag.py:536} INFO - Filling up the DagBag from /home/azfarmustafa/airflow_tutorial/.venv/lib/python3.10/site-packages/airflow/example_dags/example_latest_only_with_trigger.py
[2023-11-24T11:01:20.854+0800] {processor.py:839} INFO - DAG(s) dict_keys(['latest_only_with_trigger']) retrieved from /home/azfarmustafa/airflow_tutorial/.venv/lib/python3.10/site-packages/airflow/example_dags/example_latest_only_with_trigger.py
[2023-11-24T11:01:20.872+0800] {logging_mixin.py:154} INFO - [2023-11-24T11:01:20.871+0800] {dag.py:2941} INFO - Sync 1 DAGs
[2023-11-24T11:01:20.891+0800] {logging_mixin.py:154} INFO - [2023-11-24T11:01:20.890+0800] {dag.py:3722} INFO - Setting next_dagrun for latest_only_with_trigger to 2023-11-23T23:01:20.890109+00:00, run_after=2023-11-24T03:01:20.890109+00:00
[2023-11-24T11:01:20.921+0800] {processor.py:179} INFO - Processing /home/azfarmustafa/airflow_tutorial/.venv/lib/python3.10/site-packages/airflow/example_dags/example_latest_only_with_trigger.py took 0.082 seconds
[2023-11-24T11:02:07.390+0800] {processor.py:157} INFO - Started process (PID=60966) to work on /home/azfarmustafa/airflow_tutorial/.venv/lib/python3.10/site-packages/airflow/example_dags/example_latest_only_with_trigger.py
[2023-11-24T11:02:07.394+0800] {processor.py:829} INFO - Processing file /home/azfarmustafa/airflow_tutorial/.venv/lib/python3.10/site-packages/airflow/example_dags/example_latest_only_with_trigger.py for tasks to queue
[2023-11-24T11:02:07.395+0800] {logging_mixin.py:154} INFO - [2023-11-24T11:02:07.395+0800] {dagbag.py:536} INFO - Filling up the DagBag from /home/azfarmustafa/airflow_tutorial/.venv/lib/python3.10/site-packages/airflow/example_dags/example_latest_only_with_trigger.py
[2023-11-24T11:02:07.401+0800] {processor.py:839} INFO - DAG(s) dict_keys(['latest_only_with_trigger']) retrieved from /home/azfarmustafa/airflow_tutorial/.venv/lib/python3.10/site-packages/airflow/example_dags/example_latest_only_with_trigger.py
[2023-11-24T11:02:07.415+0800] {logging_mixin.py:154} INFO - [2023-11-24T11:02:07.415+0800] {dag.py:2941} INFO - Sync 1 DAGs
[2023-11-24T11:02:07.432+0800] {logging_mixin.py:154} INFO - [2023-11-24T11:02:07.432+0800] {dag.py:3722} INFO - Setting next_dagrun for latest_only_with_trigger to 2023-11-23T23:02:07.431970+00:00, run_after=2023-11-24T03:02:07.431970+00:00
[2023-11-24T11:02:07.458+0800] {processor.py:179} INFO - Processing /home/azfarmustafa/airflow_tutorial/.venv/lib/python3.10/site-packages/airflow/example_dags/example_latest_only_with_trigger.py took 0.071 seconds
[2023-11-24T11:02:50.860+0800] {processor.py:157} INFO - Started process (PID=61012) to work on /home/azfarmustafa/airflow_tutorial/.venv/lib/python3.10/site-packages/airflow/example_dags/example_latest_only_with_trigger.py
[2023-11-24T11:02:50.865+0800] {processor.py:829} INFO - Processing file /home/azfarmustafa/airflow_tutorial/.venv/lib/python3.10/site-packages/airflow/example_dags/example_latest_only_with_trigger.py for tasks to queue
[2023-11-24T11:02:50.866+0800] {logging_mixin.py:154} INFO - [2023-11-24T11:02:50.866+0800] {dagbag.py:536} INFO - Filling up the DagBag from /home/azfarmustafa/airflow_tutorial/.venv/lib/python3.10/site-packages/airflow/example_dags/example_latest_only_with_trigger.py
[2023-11-24T11:02:50.872+0800] {processor.py:839} INFO - DAG(s) dict_keys(['latest_only_with_trigger']) retrieved from /home/azfarmustafa/airflow_tutorial/.venv/lib/python3.10/site-packages/airflow/example_dags/example_latest_only_with_trigger.py
[2023-11-24T11:02:50.888+0800] {logging_mixin.py:154} INFO - [2023-11-24T11:02:50.888+0800] {dag.py:2941} INFO - Sync 1 DAGs
[2023-11-24T11:02:50.907+0800] {logging_mixin.py:154} INFO - [2023-11-24T11:02:50.907+0800] {dag.py:3722} INFO - Setting next_dagrun for latest_only_with_trigger to 2023-11-23T23:02:50.907503+00:00, run_after=2023-11-24T03:02:50.907503+00:00
[2023-11-24T11:02:50.937+0800] {processor.py:179} INFO - Processing /home/azfarmustafa/airflow_tutorial/.venv/lib/python3.10/site-packages/airflow/example_dags/example_latest_only_with_trigger.py took 0.080 seconds
[2023-11-24T11:03:39.304+0800] {processor.py:157} INFO - Started process (PID=61067) to work on /home/azfarmustafa/airflow_tutorial/.venv/lib/python3.10/site-packages/airflow/example_dags/example_latest_only_with_trigger.py
[2023-11-24T11:03:39.306+0800] {processor.py:829} INFO - Processing file /home/azfarmustafa/airflow_tutorial/.venv/lib/python3.10/site-packages/airflow/example_dags/example_latest_only_with_trigger.py for tasks to queue
[2023-11-24T11:03:39.308+0800] {logging_mixin.py:154} INFO - [2023-11-24T11:03:39.307+0800] {dagbag.py:536} INFO - Filling up the DagBag from /home/azfarmustafa/airflow_tutorial/.venv/lib/python3.10/site-packages/airflow/example_dags/example_latest_only_with_trigger.py
[2023-11-24T11:03:39.318+0800] {processor.py:839} INFO - DAG(s) dict_keys(['latest_only_with_trigger']) retrieved from /home/azfarmustafa/airflow_tutorial/.venv/lib/python3.10/site-packages/airflow/example_dags/example_latest_only_with_trigger.py
[2023-11-24T11:03:39.341+0800] {logging_mixin.py:154} INFO - [2023-11-24T11:03:39.340+0800] {dag.py:2941} INFO - Sync 1 DAGs
[2023-11-24T11:03:39.379+0800] {logging_mixin.py:154} INFO - [2023-11-24T11:03:39.378+0800] {dag.py:3722} INFO - Setting next_dagrun for latest_only_with_trigger to 2023-11-23T23:03:39.378589+00:00, run_after=2023-11-24T03:03:39.378589+00:00
[2023-11-24T11:03:39.429+0800] {processor.py:179} INFO - Processing /home/azfarmustafa/airflow_tutorial/.venv/lib/python3.10/site-packages/airflow/example_dags/example_latest_only_with_trigger.py took 0.129 seconds
[2023-11-24T11:04:31.021+0800] {processor.py:157} INFO - Started process (PID=61118) to work on /home/azfarmustafa/airflow_tutorial/.venv/lib/python3.10/site-packages/airflow/example_dags/example_latest_only_with_trigger.py
[2023-11-24T11:04:31.022+0800] {processor.py:829} INFO - Processing file /home/azfarmustafa/airflow_tutorial/.venv/lib/python3.10/site-packages/airflow/example_dags/example_latest_only_with_trigger.py for tasks to queue
[2023-11-24T11:04:31.023+0800] {logging_mixin.py:154} INFO - [2023-11-24T11:04:31.023+0800] {dagbag.py:536} INFO - Filling up the DagBag from /home/azfarmustafa/airflow_tutorial/.venv/lib/python3.10/site-packages/airflow/example_dags/example_latest_only_with_trigger.py
[2023-11-24T11:04:31.029+0800] {processor.py:839} INFO - DAG(s) dict_keys(['latest_only_with_trigger']) retrieved from /home/azfarmustafa/airflow_tutorial/.venv/lib/python3.10/site-packages/airflow/example_dags/example_latest_only_with_trigger.py
[2023-11-24T11:04:31.042+0800] {logging_mixin.py:154} INFO - [2023-11-24T11:04:31.042+0800] {dag.py:2941} INFO - Sync 1 DAGs
[2023-11-24T11:04:31.059+0800] {logging_mixin.py:154} INFO - [2023-11-24T11:04:31.059+0800] {dag.py:3722} INFO - Setting next_dagrun for latest_only_with_trigger to 2023-11-23T23:04:31.059237+00:00, run_after=2023-11-24T03:04:31.059237+00:00
[2023-11-24T11:04:31.082+0800] {processor.py:179} INFO - Processing /home/azfarmustafa/airflow_tutorial/.venv/lib/python3.10/site-packages/airflow/example_dags/example_latest_only_with_trigger.py took 0.063 seconds
