[2023-11-24T10:25:50.909+0800] {processor.py:157} INFO - Started process (PID=58709) to work on /home/azfarmustafa/airflow_tutorial/.venv/lib/python3.10/site-packages/airflow/example_dags/example_nested_branch_dag.py
[2023-11-24T10:25:50.909+0800] {processor.py:829} INFO - Processing file /home/azfarmustafa/airflow_tutorial/.venv/lib/python3.10/site-packages/airflow/example_dags/example_nested_branch_dag.py for tasks to queue
[2023-11-24T10:25:50.910+0800] {logging_mixin.py:154} INFO - [2023-11-24T10:25:50.910+0800] {dagbag.py:536} INFO - Filling up the DagBag from /home/azfarmustafa/airflow_tutorial/.venv/lib/python3.10/site-packages/airflow/example_dags/example_nested_branch_dag.py
[2023-11-24T10:25:50.919+0800] {processor.py:839} INFO - DAG(s) dict_keys(['example_nested_branch_dag']) retrieved from /home/azfarmustafa/airflow_tutorial/.venv/lib/python3.10/site-packages/airflow/example_dags/example_nested_branch_dag.py
[2023-11-24T10:25:50.935+0800] {logging_mixin.py:154} INFO - [2023-11-24T10:25:50.935+0800] {dag.py:2941} INFO - Sync 1 DAGs
[2023-11-24T10:25:50.957+0800] {logging_mixin.py:154} INFO - [2023-11-24T10:25:50.957+0800] {dag.py:3722} INFO - Setting next_dagrun for example_nested_branch_dag to 2023-11-23T00:00:00+00:00, run_after=2023-11-24T00:00:00+00:00
[2023-11-24T10:25:50.988+0800] {processor.py:179} INFO - Processing /home/azfarmustafa/airflow_tutorial/.venv/lib/python3.10/site-packages/airflow/example_dags/example_nested_branch_dag.py took 0.083 seconds
[2023-11-24T10:26:37.637+0800] {processor.py:157} INFO - Started process (PID=58762) to work on /home/azfarmustafa/airflow_tutorial/.venv/lib/python3.10/site-packages/airflow/example_dags/example_nested_branch_dag.py
[2023-11-24T10:26:37.640+0800] {processor.py:829} INFO - Processing file /home/azfarmustafa/airflow_tutorial/.venv/lib/python3.10/site-packages/airflow/example_dags/example_nested_branch_dag.py for tasks to queue
[2023-11-24T10:26:37.642+0800] {logging_mixin.py:154} INFO - [2023-11-24T10:26:37.641+0800] {dagbag.py:536} INFO - Filling up the DagBag from /home/azfarmustafa/airflow_tutorial/.venv/lib/python3.10/site-packages/airflow/example_dags/example_nested_branch_dag.py
[2023-11-24T10:26:37.659+0800] {processor.py:839} INFO - DAG(s) dict_keys(['example_nested_branch_dag']) retrieved from /home/azfarmustafa/airflow_tutorial/.venv/lib/python3.10/site-packages/airflow/example_dags/example_nested_branch_dag.py
[2023-11-24T10:26:37.687+0800] {logging_mixin.py:154} INFO - [2023-11-24T10:26:37.687+0800] {dag.py:2941} INFO - Sync 1 DAGs
[2023-11-24T10:26:37.722+0800] {logging_mixin.py:154} INFO - [2023-11-24T10:26:37.722+0800] {dag.py:3722} INFO - Setting next_dagrun for example_nested_branch_dag to 2023-11-23T00:00:00+00:00, run_after=2023-11-24T00:00:00+00:00
[2023-11-24T10:26:37.767+0800] {processor.py:179} INFO - Processing /home/azfarmustafa/airflow_tutorial/.venv/lib/python3.10/site-packages/airflow/example_dags/example_nested_branch_dag.py took 0.135 seconds
[2023-11-24T10:27:26.831+0800] {processor.py:157} INFO - Started process (PID=58813) to work on /home/azfarmustafa/airflow_tutorial/.venv/lib/python3.10/site-packages/airflow/example_dags/example_nested_branch_dag.py
[2023-11-24T10:27:26.835+0800] {processor.py:829} INFO - Processing file /home/azfarmustafa/airflow_tutorial/.venv/lib/python3.10/site-packages/airflow/example_dags/example_nested_branch_dag.py for tasks to queue
[2023-11-24T10:27:26.836+0800] {logging_mixin.py:154} INFO - [2023-11-24T10:27:26.836+0800] {dagbag.py:536} INFO - Filling up the DagBag from /home/azfarmustafa/airflow_tutorial/.venv/lib/python3.10/site-packages/airflow/example_dags/example_nested_branch_dag.py
[2023-11-24T10:27:26.848+0800] {processor.py:839} INFO - DAG(s) dict_keys(['example_nested_branch_dag']) retrieved from /home/azfarmustafa/airflow_tutorial/.venv/lib/python3.10/site-packages/airflow/example_dags/example_nested_branch_dag.py
[2023-11-24T10:27:26.865+0800] {logging_mixin.py:154} INFO - [2023-11-24T10:27:26.865+0800] {dag.py:2941} INFO - Sync 1 DAGs
[2023-11-24T10:27:26.890+0800] {logging_mixin.py:154} INFO - [2023-11-24T10:27:26.890+0800] {dag.py:3722} INFO - Setting next_dagrun for example_nested_branch_dag to 2023-11-23T00:00:00+00:00, run_after=2023-11-24T00:00:00+00:00
[2023-11-24T10:27:26.918+0800] {processor.py:179} INFO - Processing /home/azfarmustafa/airflow_tutorial/.venv/lib/python3.10/site-packages/airflow/example_dags/example_nested_branch_dag.py took 0.089 seconds
[2023-11-24T10:28:11.661+0800] {processor.py:157} INFO - Started process (PID=58859) to work on /home/azfarmustafa/airflow_tutorial/.venv/lib/python3.10/site-packages/airflow/example_dags/example_nested_branch_dag.py
[2023-11-24T10:28:11.665+0800] {processor.py:829} INFO - Processing file /home/azfarmustafa/airflow_tutorial/.venv/lib/python3.10/site-packages/airflow/example_dags/example_nested_branch_dag.py for tasks to queue
[2023-11-24T10:28:11.666+0800] {logging_mixin.py:154} INFO - [2023-11-24T10:28:11.666+0800] {dagbag.py:536} INFO - Filling up the DagBag from /home/azfarmustafa/airflow_tutorial/.venv/lib/python3.10/site-packages/airflow/example_dags/example_nested_branch_dag.py
[2023-11-24T10:28:11.676+0800] {processor.py:839} INFO - DAG(s) dict_keys(['example_nested_branch_dag']) retrieved from /home/azfarmustafa/airflow_tutorial/.venv/lib/python3.10/site-packages/airflow/example_dags/example_nested_branch_dag.py
[2023-11-24T10:28:11.691+0800] {logging_mixin.py:154} INFO - [2023-11-24T10:28:11.691+0800] {dag.py:2941} INFO - Sync 1 DAGs
[2023-11-24T10:28:11.709+0800] {logging_mixin.py:154} INFO - [2023-11-24T10:28:11.708+0800] {dag.py:3722} INFO - Setting next_dagrun for example_nested_branch_dag to 2023-11-23T00:00:00+00:00, run_after=2023-11-24T00:00:00+00:00
[2023-11-24T10:28:11.733+0800] {processor.py:179} INFO - Processing /home/azfarmustafa/airflow_tutorial/.venv/lib/python3.10/site-packages/airflow/example_dags/example_nested_branch_dag.py took 0.076 seconds
[2023-11-24T10:29:00.418+0800] {processor.py:157} INFO - Started process (PID=58914) to work on /home/azfarmustafa/airflow_tutorial/.venv/lib/python3.10/site-packages/airflow/example_dags/example_nested_branch_dag.py
[2023-11-24T10:29:00.419+0800] {processor.py:829} INFO - Processing file /home/azfarmustafa/airflow_tutorial/.venv/lib/python3.10/site-packages/airflow/example_dags/example_nested_branch_dag.py for tasks to queue
[2023-11-24T10:29:00.420+0800] {logging_mixin.py:154} INFO - [2023-11-24T10:29:00.420+0800] {dagbag.py:536} INFO - Filling up the DagBag from /home/azfarmustafa/airflow_tutorial/.venv/lib/python3.10/site-packages/airflow/example_dags/example_nested_branch_dag.py
[2023-11-24T10:29:00.428+0800] {processor.py:839} INFO - DAG(s) dict_keys(['example_nested_branch_dag']) retrieved from /home/azfarmustafa/airflow_tutorial/.venv/lib/python3.10/site-packages/airflow/example_dags/example_nested_branch_dag.py
[2023-11-24T10:29:00.443+0800] {logging_mixin.py:154} INFO - [2023-11-24T10:29:00.443+0800] {dag.py:2941} INFO - Sync 1 DAGs
[2023-11-24T10:29:00.464+0800] {logging_mixin.py:154} INFO - [2023-11-24T10:29:00.464+0800] {dag.py:3722} INFO - Setting next_dagrun for example_nested_branch_dag to 2023-11-23T00:00:00+00:00, run_after=2023-11-24T00:00:00+00:00
[2023-11-24T10:29:00.490+0800] {processor.py:179} INFO - Processing /home/azfarmustafa/airflow_tutorial/.venv/lib/python3.10/site-packages/airflow/example_dags/example_nested_branch_dag.py took 0.074 seconds
[2023-11-24T10:29:46.479+0800] {processor.py:157} INFO - Started process (PID=58961) to work on /home/azfarmustafa/airflow_tutorial/.venv/lib/python3.10/site-packages/airflow/example_dags/example_nested_branch_dag.py
[2023-11-24T10:29:46.480+0800] {processor.py:829} INFO - Processing file /home/azfarmustafa/airflow_tutorial/.venv/lib/python3.10/site-packages/airflow/example_dags/example_nested_branch_dag.py for tasks to queue
[2023-11-24T10:29:46.481+0800] {logging_mixin.py:154} INFO - [2023-11-24T10:29:46.480+0800] {dagbag.py:536} INFO - Filling up the DagBag from /home/azfarmustafa/airflow_tutorial/.venv/lib/python3.10/site-packages/airflow/example_dags/example_nested_branch_dag.py
[2023-11-24T10:29:46.490+0800] {processor.py:839} INFO - DAG(s) dict_keys(['example_nested_branch_dag']) retrieved from /home/azfarmustafa/airflow_tutorial/.venv/lib/python3.10/site-packages/airflow/example_dags/example_nested_branch_dag.py
[2023-11-24T10:29:46.509+0800] {logging_mixin.py:154} INFO - [2023-11-24T10:29:46.509+0800] {dag.py:2941} INFO - Sync 1 DAGs
[2023-11-24T10:29:46.531+0800] {logging_mixin.py:154} INFO - [2023-11-24T10:29:46.531+0800] {dag.py:3722} INFO - Setting next_dagrun for example_nested_branch_dag to 2023-11-23T00:00:00+00:00, run_after=2023-11-24T00:00:00+00:00
[2023-11-24T10:29:46.554+0800] {processor.py:179} INFO - Processing /home/azfarmustafa/airflow_tutorial/.venv/lib/python3.10/site-packages/airflow/example_dags/example_nested_branch_dag.py took 0.078 seconds
[2023-11-24T10:30:35.358+0800] {processor.py:157} INFO - Started process (PID=59012) to work on /home/azfarmustafa/airflow_tutorial/.venv/lib/python3.10/site-packages/airflow/example_dags/example_nested_branch_dag.py
[2023-11-24T10:30:35.362+0800] {processor.py:829} INFO - Processing file /home/azfarmustafa/airflow_tutorial/.venv/lib/python3.10/site-packages/airflow/example_dags/example_nested_branch_dag.py for tasks to queue
[2023-11-24T10:30:35.363+0800] {logging_mixin.py:154} INFO - [2023-11-24T10:30:35.363+0800] {dagbag.py:536} INFO - Filling up the DagBag from /home/azfarmustafa/airflow_tutorial/.venv/lib/python3.10/site-packages/airflow/example_dags/example_nested_branch_dag.py
[2023-11-24T10:30:35.375+0800] {processor.py:839} INFO - DAG(s) dict_keys(['example_nested_branch_dag']) retrieved from /home/azfarmustafa/airflow_tutorial/.venv/lib/python3.10/site-packages/airflow/example_dags/example_nested_branch_dag.py
[2023-11-24T10:30:35.392+0800] {logging_mixin.py:154} INFO - [2023-11-24T10:30:35.392+0800] {dag.py:2941} INFO - Sync 1 DAGs
[2023-11-24T10:30:35.416+0800] {logging_mixin.py:154} INFO - [2023-11-24T10:30:35.416+0800] {dag.py:3722} INFO - Setting next_dagrun for example_nested_branch_dag to 2023-11-23T00:00:00+00:00, run_after=2023-11-24T00:00:00+00:00
[2023-11-24T10:30:35.441+0800] {processor.py:179} INFO - Processing /home/azfarmustafa/airflow_tutorial/.venv/lib/python3.10/site-packages/airflow/example_dags/example_nested_branch_dag.py took 0.086 seconds
[2023-11-24T10:31:23.632+0800] {processor.py:157} INFO - Started process (PID=59060) to work on /home/azfarmustafa/airflow_tutorial/.venv/lib/python3.10/site-packages/airflow/example_dags/example_nested_branch_dag.py
[2023-11-24T10:31:23.634+0800] {processor.py:829} INFO - Processing file /home/azfarmustafa/airflow_tutorial/.venv/lib/python3.10/site-packages/airflow/example_dags/example_nested_branch_dag.py for tasks to queue
[2023-11-24T10:31:23.635+0800] {logging_mixin.py:154} INFO - [2023-11-24T10:31:23.634+0800] {dagbag.py:536} INFO - Filling up the DagBag from /home/azfarmustafa/airflow_tutorial/.venv/lib/python3.10/site-packages/airflow/example_dags/example_nested_branch_dag.py
[2023-11-24T10:31:23.649+0800] {processor.py:839} INFO - DAG(s) dict_keys(['example_nested_branch_dag']) retrieved from /home/azfarmustafa/airflow_tutorial/.venv/lib/python3.10/site-packages/airflow/example_dags/example_nested_branch_dag.py
[2023-11-24T10:31:23.666+0800] {logging_mixin.py:154} INFO - [2023-11-24T10:31:23.666+0800] {dag.py:2941} INFO - Sync 1 DAGs
[2023-11-24T10:31:23.688+0800] {logging_mixin.py:154} INFO - [2023-11-24T10:31:23.688+0800] {dag.py:3722} INFO - Setting next_dagrun for example_nested_branch_dag to 2023-11-23T00:00:00+00:00, run_after=2023-11-24T00:00:00+00:00
[2023-11-24T10:31:23.712+0800] {processor.py:179} INFO - Processing /home/azfarmustafa/airflow_tutorial/.venv/lib/python3.10/site-packages/airflow/example_dags/example_nested_branch_dag.py took 0.082 seconds
[2023-11-24T10:32:09.488+0800] {processor.py:157} INFO - Started process (PID=59106) to work on /home/azfarmustafa/airflow_tutorial/.venv/lib/python3.10/site-packages/airflow/example_dags/example_nested_branch_dag.py
[2023-11-24T10:32:09.493+0800] {processor.py:829} INFO - Processing file /home/azfarmustafa/airflow_tutorial/.venv/lib/python3.10/site-packages/airflow/example_dags/example_nested_branch_dag.py for tasks to queue
[2023-11-24T10:32:09.493+0800] {logging_mixin.py:154} INFO - [2023-11-24T10:32:09.493+0800] {dagbag.py:536} INFO - Filling up the DagBag from /home/azfarmustafa/airflow_tutorial/.venv/lib/python3.10/site-packages/airflow/example_dags/example_nested_branch_dag.py
[2023-11-24T10:32:09.504+0800] {processor.py:839} INFO - DAG(s) dict_keys(['example_nested_branch_dag']) retrieved from /home/azfarmustafa/airflow_tutorial/.venv/lib/python3.10/site-packages/airflow/example_dags/example_nested_branch_dag.py
[2023-11-24T10:32:09.523+0800] {logging_mixin.py:154} INFO - [2023-11-24T10:32:09.523+0800] {dag.py:2941} INFO - Sync 1 DAGs
[2023-11-24T10:32:09.544+0800] {logging_mixin.py:154} INFO - [2023-11-24T10:32:09.543+0800] {dag.py:3722} INFO - Setting next_dagrun for example_nested_branch_dag to 2023-11-23T00:00:00+00:00, run_after=2023-11-24T00:00:00+00:00
[2023-11-24T10:32:09.573+0800] {processor.py:179} INFO - Processing /home/azfarmustafa/airflow_tutorial/.venv/lib/python3.10/site-packages/airflow/example_dags/example_nested_branch_dag.py took 0.088 seconds
[2023-11-24T10:33:01.166+0800] {processor.py:157} INFO - Started process (PID=59157) to work on /home/azfarmustafa/airflow_tutorial/.venv/lib/python3.10/site-packages/airflow/example_dags/example_nested_branch_dag.py
[2023-11-24T10:33:01.171+0800] {processor.py:829} INFO - Processing file /home/azfarmustafa/airflow_tutorial/.venv/lib/python3.10/site-packages/airflow/example_dags/example_nested_branch_dag.py for tasks to queue
[2023-11-24T10:33:01.171+0800] {logging_mixin.py:154} INFO - [2023-11-24T10:33:01.171+0800] {dagbag.py:536} INFO - Filling up the DagBag from /home/azfarmustafa/airflow_tutorial/.venv/lib/python3.10/site-packages/airflow/example_dags/example_nested_branch_dag.py
[2023-11-24T10:33:01.180+0800] {processor.py:839} INFO - DAG(s) dict_keys(['example_nested_branch_dag']) retrieved from /home/azfarmustafa/airflow_tutorial/.venv/lib/python3.10/site-packages/airflow/example_dags/example_nested_branch_dag.py
[2023-11-24T10:33:01.194+0800] {logging_mixin.py:154} INFO - [2023-11-24T10:33:01.194+0800] {dag.py:2941} INFO - Sync 1 DAGs
[2023-11-24T10:33:01.213+0800] {logging_mixin.py:154} INFO - [2023-11-24T10:33:01.213+0800] {dag.py:3722} INFO - Setting next_dagrun for example_nested_branch_dag to 2023-11-23T00:00:00+00:00, run_after=2023-11-24T00:00:00+00:00
[2023-11-24T10:33:01.240+0800] {processor.py:179} INFO - Processing /home/azfarmustafa/airflow_tutorial/.venv/lib/python3.10/site-packages/airflow/example_dags/example_nested_branch_dag.py took 0.076 seconds
[2023-11-24T10:33:52.570+0800] {processor.py:157} INFO - Started process (PID=59207) to work on /home/azfarmustafa/airflow_tutorial/.venv/lib/python3.10/site-packages/airflow/example_dags/example_nested_branch_dag.py
[2023-11-24T10:33:52.577+0800] {processor.py:829} INFO - Processing file /home/azfarmustafa/airflow_tutorial/.venv/lib/python3.10/site-packages/airflow/example_dags/example_nested_branch_dag.py for tasks to queue
[2023-11-24T10:33:52.578+0800] {logging_mixin.py:154} INFO - [2023-11-24T10:33:52.578+0800] {dagbag.py:536} INFO - Filling up the DagBag from /home/azfarmustafa/airflow_tutorial/.venv/lib/python3.10/site-packages/airflow/example_dags/example_nested_branch_dag.py
[2023-11-24T10:33:52.590+0800] {processor.py:839} INFO - DAG(s) dict_keys(['example_nested_branch_dag']) retrieved from /home/azfarmustafa/airflow_tutorial/.venv/lib/python3.10/site-packages/airflow/example_dags/example_nested_branch_dag.py
[2023-11-24T10:33:52.609+0800] {logging_mixin.py:154} INFO - [2023-11-24T10:33:52.608+0800] {dag.py:2941} INFO - Sync 1 DAGs
[2023-11-24T10:33:52.648+0800] {logging_mixin.py:154} INFO - [2023-11-24T10:33:52.648+0800] {dag.py:3722} INFO - Setting next_dagrun for example_nested_branch_dag to 2023-11-23T00:00:00+00:00, run_after=2023-11-24T00:00:00+00:00
[2023-11-24T10:33:52.682+0800] {processor.py:179} INFO - Processing /home/azfarmustafa/airflow_tutorial/.venv/lib/python3.10/site-packages/airflow/example_dags/example_nested_branch_dag.py took 0.128 seconds
[2023-11-24T10:34:40.096+0800] {processor.py:157} INFO - Started process (PID=59256) to work on /home/azfarmustafa/airflow_tutorial/.venv/lib/python3.10/site-packages/airflow/example_dags/example_nested_branch_dag.py
[2023-11-24T10:34:40.100+0800] {processor.py:829} INFO - Processing file /home/azfarmustafa/airflow_tutorial/.venv/lib/python3.10/site-packages/airflow/example_dags/example_nested_branch_dag.py for tasks to queue
[2023-11-24T10:34:40.101+0800] {logging_mixin.py:154} INFO - [2023-11-24T10:34:40.101+0800] {dagbag.py:536} INFO - Filling up the DagBag from /home/azfarmustafa/airflow_tutorial/.venv/lib/python3.10/site-packages/airflow/example_dags/example_nested_branch_dag.py
[2023-11-24T10:34:40.114+0800] {processor.py:839} INFO - DAG(s) dict_keys(['example_nested_branch_dag']) retrieved from /home/azfarmustafa/airflow_tutorial/.venv/lib/python3.10/site-packages/airflow/example_dags/example_nested_branch_dag.py
[2023-11-24T10:34:40.130+0800] {logging_mixin.py:154} INFO - [2023-11-24T10:34:40.129+0800] {dag.py:2941} INFO - Sync 1 DAGs
[2023-11-24T10:34:40.151+0800] {logging_mixin.py:154} INFO - [2023-11-24T10:34:40.151+0800] {dag.py:3722} INFO - Setting next_dagrun for example_nested_branch_dag to 2023-11-23T00:00:00+00:00, run_after=2023-11-24T00:00:00+00:00
[2023-11-24T10:34:40.181+0800] {processor.py:179} INFO - Processing /home/azfarmustafa/airflow_tutorial/.venv/lib/python3.10/site-packages/airflow/example_dags/example_nested_branch_dag.py took 0.088 seconds
[2023-11-24T10:35:27.080+0800] {processor.py:157} INFO - Started process (PID=59310) to work on /home/azfarmustafa/airflow_tutorial/.venv/lib/python3.10/site-packages/airflow/example_dags/example_nested_branch_dag.py
[2023-11-24T10:35:27.082+0800] {processor.py:829} INFO - Processing file /home/azfarmustafa/airflow_tutorial/.venv/lib/python3.10/site-packages/airflow/example_dags/example_nested_branch_dag.py for tasks to queue
[2023-11-24T10:35:27.084+0800] {logging_mixin.py:154} INFO - [2023-11-24T10:35:27.083+0800] {dagbag.py:536} INFO - Filling up the DagBag from /home/azfarmustafa/airflow_tutorial/.venv/lib/python3.10/site-packages/airflow/example_dags/example_nested_branch_dag.py
[2023-11-24T10:35:27.094+0800] {processor.py:839} INFO - DAG(s) dict_keys(['example_nested_branch_dag']) retrieved from /home/azfarmustafa/airflow_tutorial/.venv/lib/python3.10/site-packages/airflow/example_dags/example_nested_branch_dag.py
[2023-11-24T10:35:27.111+0800] {logging_mixin.py:154} INFO - [2023-11-24T10:35:27.111+0800] {dag.py:2941} INFO - Sync 1 DAGs
[2023-11-24T10:35:27.134+0800] {logging_mixin.py:154} INFO - [2023-11-24T10:35:27.134+0800] {dag.py:3722} INFO - Setting next_dagrun for example_nested_branch_dag to 2023-11-23T00:00:00+00:00, run_after=2023-11-24T00:00:00+00:00
[2023-11-24T10:35:27.161+0800] {processor.py:179} INFO - Processing /home/azfarmustafa/airflow_tutorial/.venv/lib/python3.10/site-packages/airflow/example_dags/example_nested_branch_dag.py took 0.084 seconds
[2023-11-24T10:36:09.319+0800] {processor.py:157} INFO - Started process (PID=59356) to work on /home/azfarmustafa/airflow_tutorial/.venv/lib/python3.10/site-packages/airflow/example_dags/example_nested_branch_dag.py
[2023-11-24T10:36:09.324+0800] {processor.py:829} INFO - Processing file /home/azfarmustafa/airflow_tutorial/.venv/lib/python3.10/site-packages/airflow/example_dags/example_nested_branch_dag.py for tasks to queue
[2023-11-24T10:36:09.325+0800] {logging_mixin.py:154} INFO - [2023-11-24T10:36:09.324+0800] {dagbag.py:536} INFO - Filling up the DagBag from /home/azfarmustafa/airflow_tutorial/.venv/lib/python3.10/site-packages/airflow/example_dags/example_nested_branch_dag.py
[2023-11-24T10:36:09.336+0800] {processor.py:839} INFO - DAG(s) dict_keys(['example_nested_branch_dag']) retrieved from /home/azfarmustafa/airflow_tutorial/.venv/lib/python3.10/site-packages/airflow/example_dags/example_nested_branch_dag.py
[2023-11-24T10:36:09.356+0800] {logging_mixin.py:154} INFO - [2023-11-24T10:36:09.356+0800] {dag.py:2941} INFO - Sync 1 DAGs
[2023-11-24T10:36:09.379+0800] {logging_mixin.py:154} INFO - [2023-11-24T10:36:09.379+0800] {dag.py:3722} INFO - Setting next_dagrun for example_nested_branch_dag to 2023-11-23T00:00:00+00:00, run_after=2023-11-24T00:00:00+00:00
[2023-11-24T10:36:09.408+0800] {processor.py:179} INFO - Processing /home/azfarmustafa/airflow_tutorial/.venv/lib/python3.10/site-packages/airflow/example_dags/example_nested_branch_dag.py took 0.091 seconds
[2023-11-24T10:36:54.096+0800] {processor.py:157} INFO - Started process (PID=59401) to work on /home/azfarmustafa/airflow_tutorial/.venv/lib/python3.10/site-packages/airflow/example_dags/example_nested_branch_dag.py
[2023-11-24T10:36:54.100+0800] {processor.py:829} INFO - Processing file /home/azfarmustafa/airflow_tutorial/.venv/lib/python3.10/site-packages/airflow/example_dags/example_nested_branch_dag.py for tasks to queue
[2023-11-24T10:36:54.101+0800] {logging_mixin.py:154} INFO - [2023-11-24T10:36:54.101+0800] {dagbag.py:536} INFO - Filling up the DagBag from /home/azfarmustafa/airflow_tutorial/.venv/lib/python3.10/site-packages/airflow/example_dags/example_nested_branch_dag.py
[2023-11-24T10:36:54.110+0800] {processor.py:839} INFO - DAG(s) dict_keys(['example_nested_branch_dag']) retrieved from /home/azfarmustafa/airflow_tutorial/.venv/lib/python3.10/site-packages/airflow/example_dags/example_nested_branch_dag.py
[2023-11-24T10:36:54.124+0800] {logging_mixin.py:154} INFO - [2023-11-24T10:36:54.124+0800] {dag.py:2941} INFO - Sync 1 DAGs
[2023-11-24T10:36:54.142+0800] {logging_mixin.py:154} INFO - [2023-11-24T10:36:54.142+0800] {dag.py:3722} INFO - Setting next_dagrun for example_nested_branch_dag to 2023-11-23T00:00:00+00:00, run_after=2023-11-24T00:00:00+00:00
[2023-11-24T10:36:54.165+0800] {processor.py:179} INFO - Processing /home/azfarmustafa/airflow_tutorial/.venv/lib/python3.10/site-packages/airflow/example_dags/example_nested_branch_dag.py took 0.072 seconds
[2023-11-24T10:37:38.997+0800] {processor.py:157} INFO - Started process (PID=59448) to work on /home/azfarmustafa/airflow_tutorial/.venv/lib/python3.10/site-packages/airflow/example_dags/example_nested_branch_dag.py
[2023-11-24T10:37:38.998+0800] {processor.py:829} INFO - Processing file /home/azfarmustafa/airflow_tutorial/.venv/lib/python3.10/site-packages/airflow/example_dags/example_nested_branch_dag.py for tasks to queue
[2023-11-24T10:37:38.999+0800] {logging_mixin.py:154} INFO - [2023-11-24T10:37:38.999+0800] {dagbag.py:536} INFO - Filling up the DagBag from /home/azfarmustafa/airflow_tutorial/.venv/lib/python3.10/site-packages/airflow/example_dags/example_nested_branch_dag.py
[2023-11-24T10:37:39.015+0800] {processor.py:839} INFO - DAG(s) dict_keys(['example_nested_branch_dag']) retrieved from /home/azfarmustafa/airflow_tutorial/.venv/lib/python3.10/site-packages/airflow/example_dags/example_nested_branch_dag.py
[2023-11-24T10:37:39.031+0800] {logging_mixin.py:154} INFO - [2023-11-24T10:37:39.030+0800] {dag.py:2941} INFO - Sync 1 DAGs
[2023-11-24T10:37:39.055+0800] {logging_mixin.py:154} INFO - [2023-11-24T10:37:39.055+0800] {dag.py:3722} INFO - Setting next_dagrun for example_nested_branch_dag to 2023-11-23T00:00:00+00:00, run_after=2023-11-24T00:00:00+00:00
[2023-11-24T10:37:39.082+0800] {processor.py:179} INFO - Processing /home/azfarmustafa/airflow_tutorial/.venv/lib/python3.10/site-packages/airflow/example_dags/example_nested_branch_dag.py took 0.088 seconds
[2023-11-24T10:38:27.409+0800] {processor.py:157} INFO - Started process (PID=59497) to work on /home/azfarmustafa/airflow_tutorial/.venv/lib/python3.10/site-packages/airflow/example_dags/example_nested_branch_dag.py
[2023-11-24T10:38:27.414+0800] {processor.py:829} INFO - Processing file /home/azfarmustafa/airflow_tutorial/.venv/lib/python3.10/site-packages/airflow/example_dags/example_nested_branch_dag.py for tasks to queue
[2023-11-24T10:38:27.415+0800] {logging_mixin.py:154} INFO - [2023-11-24T10:38:27.414+0800] {dagbag.py:536} INFO - Filling up the DagBag from /home/azfarmustafa/airflow_tutorial/.venv/lib/python3.10/site-packages/airflow/example_dags/example_nested_branch_dag.py
[2023-11-24T10:38:27.424+0800] {processor.py:839} INFO - DAG(s) dict_keys(['example_nested_branch_dag']) retrieved from /home/azfarmustafa/airflow_tutorial/.venv/lib/python3.10/site-packages/airflow/example_dags/example_nested_branch_dag.py
[2023-11-24T10:38:27.445+0800] {logging_mixin.py:154} INFO - [2023-11-24T10:38:27.445+0800] {dag.py:2941} INFO - Sync 1 DAGs
[2023-11-24T10:38:27.469+0800] {logging_mixin.py:154} INFO - [2023-11-24T10:38:27.468+0800] {dag.py:3722} INFO - Setting next_dagrun for example_nested_branch_dag to 2023-11-23T00:00:00+00:00, run_after=2023-11-24T00:00:00+00:00
[2023-11-24T10:38:27.497+0800] {processor.py:179} INFO - Processing /home/azfarmustafa/airflow_tutorial/.venv/lib/python3.10/site-packages/airflow/example_dags/example_nested_branch_dag.py took 0.091 seconds
[2023-11-24T10:39:17.398+0800] {processor.py:157} INFO - Started process (PID=59546) to work on /home/azfarmustafa/airflow_tutorial/.venv/lib/python3.10/site-packages/airflow/example_dags/example_nested_branch_dag.py
[2023-11-24T10:39:17.403+0800] {processor.py:829} INFO - Processing file /home/azfarmustafa/airflow_tutorial/.venv/lib/python3.10/site-packages/airflow/example_dags/example_nested_branch_dag.py for tasks to queue
[2023-11-24T10:39:17.404+0800] {logging_mixin.py:154} INFO - [2023-11-24T10:39:17.403+0800] {dagbag.py:536} INFO - Filling up the DagBag from /home/azfarmustafa/airflow_tutorial/.venv/lib/python3.10/site-packages/airflow/example_dags/example_nested_branch_dag.py
[2023-11-24T10:39:17.412+0800] {processor.py:839} INFO - DAG(s) dict_keys(['example_nested_branch_dag']) retrieved from /home/azfarmustafa/airflow_tutorial/.venv/lib/python3.10/site-packages/airflow/example_dags/example_nested_branch_dag.py
[2023-11-24T10:39:17.427+0800] {logging_mixin.py:154} INFO - [2023-11-24T10:39:17.427+0800] {dag.py:2941} INFO - Sync 1 DAGs
[2023-11-24T10:39:17.446+0800] {logging_mixin.py:154} INFO - [2023-11-24T10:39:17.445+0800] {dag.py:3722} INFO - Setting next_dagrun for example_nested_branch_dag to 2023-11-23T00:00:00+00:00, run_after=2023-11-24T00:00:00+00:00
[2023-11-24T10:39:17.473+0800] {processor.py:179} INFO - Processing /home/azfarmustafa/airflow_tutorial/.venv/lib/python3.10/site-packages/airflow/example_dags/example_nested_branch_dag.py took 0.078 seconds
[2023-11-24T10:40:05.694+0800] {processor.py:157} INFO - Started process (PID=59595) to work on /home/azfarmustafa/airflow_tutorial/.venv/lib/python3.10/site-packages/airflow/example_dags/example_nested_branch_dag.py
[2023-11-24T10:40:05.698+0800] {processor.py:829} INFO - Processing file /home/azfarmustafa/airflow_tutorial/.venv/lib/python3.10/site-packages/airflow/example_dags/example_nested_branch_dag.py for tasks to queue
[2023-11-24T10:40:05.699+0800] {logging_mixin.py:154} INFO - [2023-11-24T10:40:05.699+0800] {dagbag.py:536} INFO - Filling up the DagBag from /home/azfarmustafa/airflow_tutorial/.venv/lib/python3.10/site-packages/airflow/example_dags/example_nested_branch_dag.py
[2023-11-24T10:40:05.708+0800] {processor.py:839} INFO - DAG(s) dict_keys(['example_nested_branch_dag']) retrieved from /home/azfarmustafa/airflow_tutorial/.venv/lib/python3.10/site-packages/airflow/example_dags/example_nested_branch_dag.py
[2023-11-24T10:40:05.725+0800] {logging_mixin.py:154} INFO - [2023-11-24T10:40:05.725+0800] {dag.py:2941} INFO - Sync 1 DAGs
[2023-11-24T10:40:05.743+0800] {logging_mixin.py:154} INFO - [2023-11-24T10:40:05.743+0800] {dag.py:3722} INFO - Setting next_dagrun for example_nested_branch_dag to 2023-11-23T00:00:00+00:00, run_after=2023-11-24T00:00:00+00:00
[2023-11-24T10:40:05.769+0800] {processor.py:179} INFO - Processing /home/azfarmustafa/airflow_tutorial/.venv/lib/python3.10/site-packages/airflow/example_dags/example_nested_branch_dag.py took 0.079 seconds
[2023-11-24T10:40:50.804+0800] {processor.py:157} INFO - Started process (PID=59641) to work on /home/azfarmustafa/airflow_tutorial/.venv/lib/python3.10/site-packages/airflow/example_dags/example_nested_branch_dag.py
[2023-11-24T10:40:50.809+0800] {processor.py:829} INFO - Processing file /home/azfarmustafa/airflow_tutorial/.venv/lib/python3.10/site-packages/airflow/example_dags/example_nested_branch_dag.py for tasks to queue
[2023-11-24T10:40:50.810+0800] {logging_mixin.py:154} INFO - [2023-11-24T10:40:50.810+0800] {dagbag.py:536} INFO - Filling up the DagBag from /home/azfarmustafa/airflow_tutorial/.venv/lib/python3.10/site-packages/airflow/example_dags/example_nested_branch_dag.py
[2023-11-24T10:40:50.820+0800] {processor.py:839} INFO - DAG(s) dict_keys(['example_nested_branch_dag']) retrieved from /home/azfarmustafa/airflow_tutorial/.venv/lib/python3.10/site-packages/airflow/example_dags/example_nested_branch_dag.py
[2023-11-24T10:40:50.837+0800] {logging_mixin.py:154} INFO - [2023-11-24T10:40:50.836+0800] {dag.py:2941} INFO - Sync 1 DAGs
[2023-11-24T10:40:50.858+0800] {logging_mixin.py:154} INFO - [2023-11-24T10:40:50.857+0800] {dag.py:3722} INFO - Setting next_dagrun for example_nested_branch_dag to 2023-11-23T00:00:00+00:00, run_after=2023-11-24T00:00:00+00:00
[2023-11-24T10:40:50.884+0800] {processor.py:179} INFO - Processing /home/azfarmustafa/airflow_tutorial/.venv/lib/python3.10/site-packages/airflow/example_dags/example_nested_branch_dag.py took 0.083 seconds
[2023-11-24T10:41:40.848+0800] {processor.py:157} INFO - Started process (PID=59696) to work on /home/azfarmustafa/airflow_tutorial/.venv/lib/python3.10/site-packages/airflow/example_dags/example_nested_branch_dag.py
[2023-11-24T10:41:40.852+0800] {processor.py:829} INFO - Processing file /home/azfarmustafa/airflow_tutorial/.venv/lib/python3.10/site-packages/airflow/example_dags/example_nested_branch_dag.py for tasks to queue
[2023-11-24T10:41:40.853+0800] {logging_mixin.py:154} INFO - [2023-11-24T10:41:40.852+0800] {dagbag.py:536} INFO - Filling up the DagBag from /home/azfarmustafa/airflow_tutorial/.venv/lib/python3.10/site-packages/airflow/example_dags/example_nested_branch_dag.py
[2023-11-24T10:41:40.861+0800] {processor.py:839} INFO - DAG(s) dict_keys(['example_nested_branch_dag']) retrieved from /home/azfarmustafa/airflow_tutorial/.venv/lib/python3.10/site-packages/airflow/example_dags/example_nested_branch_dag.py
[2023-11-24T10:41:40.876+0800] {logging_mixin.py:154} INFO - [2023-11-24T10:41:40.876+0800] {dag.py:2941} INFO - Sync 1 DAGs
[2023-11-24T10:41:40.894+0800] {logging_mixin.py:154} INFO - [2023-11-24T10:41:40.894+0800] {dag.py:3722} INFO - Setting next_dagrun for example_nested_branch_dag to 2023-11-23T00:00:00+00:00, run_after=2023-11-24T00:00:00+00:00
[2023-11-24T10:41:40.917+0800] {processor.py:179} INFO - Processing /home/azfarmustafa/airflow_tutorial/.venv/lib/python3.10/site-packages/airflow/example_dags/example_nested_branch_dag.py took 0.071 seconds
[2023-11-24T10:42:26.113+0800] {processor.py:157} INFO - Started process (PID=59743) to work on /home/azfarmustafa/airflow_tutorial/.venv/lib/python3.10/site-packages/airflow/example_dags/example_nested_branch_dag.py
[2023-11-24T10:42:26.117+0800] {processor.py:829} INFO - Processing file /home/azfarmustafa/airflow_tutorial/.venv/lib/python3.10/site-packages/airflow/example_dags/example_nested_branch_dag.py for tasks to queue
[2023-11-24T10:42:26.118+0800] {logging_mixin.py:154} INFO - [2023-11-24T10:42:26.117+0800] {dagbag.py:536} INFO - Filling up the DagBag from /home/azfarmustafa/airflow_tutorial/.venv/lib/python3.10/site-packages/airflow/example_dags/example_nested_branch_dag.py
[2023-11-24T10:42:26.127+0800] {processor.py:839} INFO - DAG(s) dict_keys(['example_nested_branch_dag']) retrieved from /home/azfarmustafa/airflow_tutorial/.venv/lib/python3.10/site-packages/airflow/example_dags/example_nested_branch_dag.py
[2023-11-24T10:42:26.141+0800] {logging_mixin.py:154} INFO - [2023-11-24T10:42:26.141+0800] {dag.py:2941} INFO - Sync 1 DAGs
[2023-11-24T10:42:26.160+0800] {logging_mixin.py:154} INFO - [2023-11-24T10:42:26.159+0800] {dag.py:3722} INFO - Setting next_dagrun for example_nested_branch_dag to 2023-11-23T00:00:00+00:00, run_after=2023-11-24T00:00:00+00:00
[2023-11-24T10:42:26.199+0800] {processor.py:179} INFO - Processing /home/azfarmustafa/airflow_tutorial/.venv/lib/python3.10/site-packages/airflow/example_dags/example_nested_branch_dag.py took 0.089 seconds
[2023-11-24T10:43:14.898+0800] {processor.py:157} INFO - Started process (PID=59792) to work on /home/azfarmustafa/airflow_tutorial/.venv/lib/python3.10/site-packages/airflow/example_dags/example_nested_branch_dag.py
[2023-11-24T10:43:14.903+0800] {processor.py:829} INFO - Processing file /home/azfarmustafa/airflow_tutorial/.venv/lib/python3.10/site-packages/airflow/example_dags/example_nested_branch_dag.py for tasks to queue
[2023-11-24T10:43:14.904+0800] {logging_mixin.py:154} INFO - [2023-11-24T10:43:14.904+0800] {dagbag.py:536} INFO - Filling up the DagBag from /home/azfarmustafa/airflow_tutorial/.venv/lib/python3.10/site-packages/airflow/example_dags/example_nested_branch_dag.py
[2023-11-24T10:43:14.913+0800] {processor.py:839} INFO - DAG(s) dict_keys(['example_nested_branch_dag']) retrieved from /home/azfarmustafa/airflow_tutorial/.venv/lib/python3.10/site-packages/airflow/example_dags/example_nested_branch_dag.py
[2023-11-24T10:43:14.930+0800] {logging_mixin.py:154} INFO - [2023-11-24T10:43:14.930+0800] {dag.py:2941} INFO - Sync 1 DAGs
[2023-11-24T10:43:14.953+0800] {logging_mixin.py:154} INFO - [2023-11-24T10:43:14.953+0800] {dag.py:3722} INFO - Setting next_dagrun for example_nested_branch_dag to 2023-11-23T00:00:00+00:00, run_after=2023-11-24T00:00:00+00:00
[2023-11-24T10:43:14.977+0800] {processor.py:179} INFO - Processing /home/azfarmustafa/airflow_tutorial/.venv/lib/python3.10/site-packages/airflow/example_dags/example_nested_branch_dag.py took 0.082 seconds
[2023-11-24T10:44:00.940+0800] {processor.py:157} INFO - Started process (PID=59839) to work on /home/azfarmustafa/airflow_tutorial/.venv/lib/python3.10/site-packages/airflow/example_dags/example_nested_branch_dag.py
[2023-11-24T10:44:00.945+0800] {processor.py:829} INFO - Processing file /home/azfarmustafa/airflow_tutorial/.venv/lib/python3.10/site-packages/airflow/example_dags/example_nested_branch_dag.py for tasks to queue
[2023-11-24T10:44:00.946+0800] {logging_mixin.py:154} INFO - [2023-11-24T10:44:00.945+0800] {dagbag.py:536} INFO - Filling up the DagBag from /home/azfarmustafa/airflow_tutorial/.venv/lib/python3.10/site-packages/airflow/example_dags/example_nested_branch_dag.py
[2023-11-24T10:44:00.955+0800] {processor.py:839} INFO - DAG(s) dict_keys(['example_nested_branch_dag']) retrieved from /home/azfarmustafa/airflow_tutorial/.venv/lib/python3.10/site-packages/airflow/example_dags/example_nested_branch_dag.py
[2023-11-24T10:44:00.973+0800] {logging_mixin.py:154} INFO - [2023-11-24T10:44:00.972+0800] {dag.py:2941} INFO - Sync 1 DAGs
[2023-11-24T10:44:00.997+0800] {logging_mixin.py:154} INFO - [2023-11-24T10:44:00.996+0800] {dag.py:3722} INFO - Setting next_dagrun for example_nested_branch_dag to 2023-11-23T00:00:00+00:00, run_after=2023-11-24T00:00:00+00:00
[2023-11-24T10:44:01.023+0800] {processor.py:179} INFO - Processing /home/azfarmustafa/airflow_tutorial/.venv/lib/python3.10/site-packages/airflow/example_dags/example_nested_branch_dag.py took 0.086 seconds
[2023-11-24T10:44:50.268+0800] {processor.py:157} INFO - Started process (PID=59889) to work on /home/azfarmustafa/airflow_tutorial/.venv/lib/python3.10/site-packages/airflow/example_dags/example_nested_branch_dag.py
[2023-11-24T10:44:50.273+0800] {processor.py:829} INFO - Processing file /home/azfarmustafa/airflow_tutorial/.venv/lib/python3.10/site-packages/airflow/example_dags/example_nested_branch_dag.py for tasks to queue
[2023-11-24T10:44:50.274+0800] {logging_mixin.py:154} INFO - [2023-11-24T10:44:50.273+0800] {dagbag.py:536} INFO - Filling up the DagBag from /home/azfarmustafa/airflow_tutorial/.venv/lib/python3.10/site-packages/airflow/example_dags/example_nested_branch_dag.py
[2023-11-24T10:44:50.283+0800] {processor.py:839} INFO - DAG(s) dict_keys(['example_nested_branch_dag']) retrieved from /home/azfarmustafa/airflow_tutorial/.venv/lib/python3.10/site-packages/airflow/example_dags/example_nested_branch_dag.py
[2023-11-24T10:44:50.300+0800] {logging_mixin.py:154} INFO - [2023-11-24T10:44:50.299+0800] {dag.py:2941} INFO - Sync 1 DAGs
[2023-11-24T10:44:50.323+0800] {logging_mixin.py:154} INFO - [2023-11-24T10:44:50.323+0800] {dag.py:3722} INFO - Setting next_dagrun for example_nested_branch_dag to 2023-11-23T00:00:00+00:00, run_after=2023-11-24T00:00:00+00:00
[2023-11-24T10:44:50.353+0800] {processor.py:179} INFO - Processing /home/azfarmustafa/airflow_tutorial/.venv/lib/python3.10/site-packages/airflow/example_dags/example_nested_branch_dag.py took 0.088 seconds
[2023-11-24T10:45:38.013+0800] {processor.py:157} INFO - Started process (PID=59937) to work on /home/azfarmustafa/airflow_tutorial/.venv/lib/python3.10/site-packages/airflow/example_dags/example_nested_branch_dag.py
[2023-11-24T10:45:38.017+0800] {processor.py:829} INFO - Processing file /home/azfarmustafa/airflow_tutorial/.venv/lib/python3.10/site-packages/airflow/example_dags/example_nested_branch_dag.py for tasks to queue
[2023-11-24T10:45:38.018+0800] {logging_mixin.py:154} INFO - [2023-11-24T10:45:38.018+0800] {dagbag.py:536} INFO - Filling up the DagBag from /home/azfarmustafa/airflow_tutorial/.venv/lib/python3.10/site-packages/airflow/example_dags/example_nested_branch_dag.py
[2023-11-24T10:45:38.027+0800] {processor.py:839} INFO - DAG(s) dict_keys(['example_nested_branch_dag']) retrieved from /home/azfarmustafa/airflow_tutorial/.venv/lib/python3.10/site-packages/airflow/example_dags/example_nested_branch_dag.py
[2023-11-24T10:45:38.042+0800] {logging_mixin.py:154} INFO - [2023-11-24T10:45:38.042+0800] {dag.py:2941} INFO - Sync 1 DAGs
[2023-11-24T10:45:38.060+0800] {logging_mixin.py:154} INFO - [2023-11-24T10:45:38.060+0800] {dag.py:3722} INFO - Setting next_dagrun for example_nested_branch_dag to 2023-11-23T00:00:00+00:00, run_after=2023-11-24T00:00:00+00:00
[2023-11-24T10:45:38.086+0800] {processor.py:179} INFO - Processing /home/azfarmustafa/airflow_tutorial/.venv/lib/python3.10/site-packages/airflow/example_dags/example_nested_branch_dag.py took 0.076 seconds
[2023-11-24T10:46:23.982+0800] {processor.py:157} INFO - Started process (PID=59984) to work on /home/azfarmustafa/airflow_tutorial/.venv/lib/python3.10/site-packages/airflow/example_dags/example_nested_branch_dag.py
[2023-11-24T10:46:23.987+0800] {processor.py:829} INFO - Processing file /home/azfarmustafa/airflow_tutorial/.venv/lib/python3.10/site-packages/airflow/example_dags/example_nested_branch_dag.py for tasks to queue
[2023-11-24T10:46:23.988+0800] {logging_mixin.py:154} INFO - [2023-11-24T10:46:23.988+0800] {dagbag.py:536} INFO - Filling up the DagBag from /home/azfarmustafa/airflow_tutorial/.venv/lib/python3.10/site-packages/airflow/example_dags/example_nested_branch_dag.py
[2023-11-24T10:46:24.001+0800] {processor.py:839} INFO - DAG(s) dict_keys(['example_nested_branch_dag']) retrieved from /home/azfarmustafa/airflow_tutorial/.venv/lib/python3.10/site-packages/airflow/example_dags/example_nested_branch_dag.py
[2023-11-24T10:46:24.018+0800] {logging_mixin.py:154} INFO - [2023-11-24T10:46:24.017+0800] {dag.py:2941} INFO - Sync 1 DAGs
[2023-11-24T10:46:24.037+0800] {logging_mixin.py:154} INFO - [2023-11-24T10:46:24.037+0800] {dag.py:3722} INFO - Setting next_dagrun for example_nested_branch_dag to 2023-11-23T00:00:00+00:00, run_after=2023-11-24T00:00:00+00:00
[2023-11-24T10:46:24.062+0800] {processor.py:179} INFO - Processing /home/azfarmustafa/airflow_tutorial/.venv/lib/python3.10/site-packages/airflow/example_dags/example_nested_branch_dag.py took 0.082 seconds
[2023-11-24T10:47:09.520+0800] {processor.py:157} INFO - Started process (PID=60037) to work on /home/azfarmustafa/airflow_tutorial/.venv/lib/python3.10/site-packages/airflow/example_dags/example_nested_branch_dag.py
[2023-11-24T10:47:09.522+0800] {processor.py:829} INFO - Processing file /home/azfarmustafa/airflow_tutorial/.venv/lib/python3.10/site-packages/airflow/example_dags/example_nested_branch_dag.py for tasks to queue
[2023-11-24T10:47:09.523+0800] {logging_mixin.py:154} INFO - [2023-11-24T10:47:09.522+0800] {dagbag.py:536} INFO - Filling up the DagBag from /home/azfarmustafa/airflow_tutorial/.venv/lib/python3.10/site-packages/airflow/example_dags/example_nested_branch_dag.py
[2023-11-24T10:47:09.533+0800] {processor.py:839} INFO - DAG(s) dict_keys(['example_nested_branch_dag']) retrieved from /home/azfarmustafa/airflow_tutorial/.venv/lib/python3.10/site-packages/airflow/example_dags/example_nested_branch_dag.py
[2023-11-24T10:47:09.552+0800] {logging_mixin.py:154} INFO - [2023-11-24T10:47:09.551+0800] {dag.py:2941} INFO - Sync 1 DAGs
[2023-11-24T10:47:09.575+0800] {logging_mixin.py:154} INFO - [2023-11-24T10:47:09.575+0800] {dag.py:3722} INFO - Setting next_dagrun for example_nested_branch_dag to 2023-11-23T00:00:00+00:00, run_after=2023-11-24T00:00:00+00:00
[2023-11-24T10:47:09.603+0800] {processor.py:179} INFO - Processing /home/azfarmustafa/airflow_tutorial/.venv/lib/python3.10/site-packages/airflow/example_dags/example_nested_branch_dag.py took 0.086 seconds
[2023-11-24T10:47:54.162+0800] {processor.py:157} INFO - Started process (PID=60082) to work on /home/azfarmustafa/airflow_tutorial/.venv/lib/python3.10/site-packages/airflow/example_dags/example_nested_branch_dag.py
[2023-11-24T10:47:54.165+0800] {processor.py:829} INFO - Processing file /home/azfarmustafa/airflow_tutorial/.venv/lib/python3.10/site-packages/airflow/example_dags/example_nested_branch_dag.py for tasks to queue
[2023-11-24T10:47:54.166+0800] {logging_mixin.py:154} INFO - [2023-11-24T10:47:54.166+0800] {dagbag.py:536} INFO - Filling up the DagBag from /home/azfarmustafa/airflow_tutorial/.venv/lib/python3.10/site-packages/airflow/example_dags/example_nested_branch_dag.py
[2023-11-24T10:47:54.175+0800] {processor.py:839} INFO - DAG(s) dict_keys(['example_nested_branch_dag']) retrieved from /home/azfarmustafa/airflow_tutorial/.venv/lib/python3.10/site-packages/airflow/example_dags/example_nested_branch_dag.py
[2023-11-24T10:47:54.190+0800] {logging_mixin.py:154} INFO - [2023-11-24T10:47:54.190+0800] {dag.py:2941} INFO - Sync 1 DAGs
[2023-11-24T10:47:54.209+0800] {logging_mixin.py:154} INFO - [2023-11-24T10:47:54.209+0800] {dag.py:3722} INFO - Setting next_dagrun for example_nested_branch_dag to 2023-11-23T00:00:00+00:00, run_after=2023-11-24T00:00:00+00:00
[2023-11-24T10:47:54.233+0800] {processor.py:179} INFO - Processing /home/azfarmustafa/airflow_tutorial/.venv/lib/python3.10/site-packages/airflow/example_dags/example_nested_branch_dag.py took 0.074 seconds
[2023-11-24T10:48:39.355+0800] {processor.py:157} INFO - Started process (PID=60129) to work on /home/azfarmustafa/airflow_tutorial/.venv/lib/python3.10/site-packages/airflow/example_dags/example_nested_branch_dag.py
[2023-11-24T10:48:39.360+0800] {processor.py:829} INFO - Processing file /home/azfarmustafa/airflow_tutorial/.venv/lib/python3.10/site-packages/airflow/example_dags/example_nested_branch_dag.py for tasks to queue
[2023-11-24T10:48:39.360+0800] {logging_mixin.py:154} INFO - [2023-11-24T10:48:39.360+0800] {dagbag.py:536} INFO - Filling up the DagBag from /home/azfarmustafa/airflow_tutorial/.venv/lib/python3.10/site-packages/airflow/example_dags/example_nested_branch_dag.py
[2023-11-24T10:48:39.369+0800] {processor.py:839} INFO - DAG(s) dict_keys(['example_nested_branch_dag']) retrieved from /home/azfarmustafa/airflow_tutorial/.venv/lib/python3.10/site-packages/airflow/example_dags/example_nested_branch_dag.py
[2023-11-24T10:48:39.386+0800] {logging_mixin.py:154} INFO - [2023-11-24T10:48:39.386+0800] {dag.py:2941} INFO - Sync 1 DAGs
[2023-11-24T10:48:39.410+0800] {logging_mixin.py:154} INFO - [2023-11-24T10:48:39.409+0800] {dag.py:3722} INFO - Setting next_dagrun for example_nested_branch_dag to 2023-11-23T00:00:00+00:00, run_after=2023-11-24T00:00:00+00:00
[2023-11-24T10:48:39.434+0800] {processor.py:179} INFO - Processing /home/azfarmustafa/airflow_tutorial/.venv/lib/python3.10/site-packages/airflow/example_dags/example_nested_branch_dag.py took 0.082 seconds
[2023-11-24T10:49:29.469+0800] {processor.py:157} INFO - Started process (PID=60179) to work on /home/azfarmustafa/airflow_tutorial/.venv/lib/python3.10/site-packages/airflow/example_dags/example_nested_branch_dag.py
[2023-11-24T10:49:29.470+0800] {processor.py:829} INFO - Processing file /home/azfarmustafa/airflow_tutorial/.venv/lib/python3.10/site-packages/airflow/example_dags/example_nested_branch_dag.py for tasks to queue
[2023-11-24T10:49:29.472+0800] {logging_mixin.py:154} INFO - [2023-11-24T10:49:29.471+0800] {dagbag.py:536} INFO - Filling up the DagBag from /home/azfarmustafa/airflow_tutorial/.venv/lib/python3.10/site-packages/airflow/example_dags/example_nested_branch_dag.py
[2023-11-24T10:49:29.480+0800] {processor.py:839} INFO - DAG(s) dict_keys(['example_nested_branch_dag']) retrieved from /home/azfarmustafa/airflow_tutorial/.venv/lib/python3.10/site-packages/airflow/example_dags/example_nested_branch_dag.py
[2023-11-24T10:49:29.495+0800] {logging_mixin.py:154} INFO - [2023-11-24T10:49:29.495+0800] {dag.py:2941} INFO - Sync 1 DAGs
[2023-11-24T10:49:29.526+0800] {logging_mixin.py:154} INFO - [2023-11-24T10:49:29.525+0800] {dag.py:3722} INFO - Setting next_dagrun for example_nested_branch_dag to 2023-11-23T00:00:00+00:00, run_after=2023-11-24T00:00:00+00:00
[2023-11-24T10:49:29.552+0800] {processor.py:179} INFO - Processing /home/azfarmustafa/airflow_tutorial/.venv/lib/python3.10/site-packages/airflow/example_dags/example_nested_branch_dag.py took 0.086 seconds
[2023-11-24T10:50:14.018+0800] {processor.py:157} INFO - Started process (PID=60226) to work on /home/azfarmustafa/airflow_tutorial/.venv/lib/python3.10/site-packages/airflow/example_dags/example_nested_branch_dag.py
[2023-11-24T10:50:14.022+0800] {processor.py:829} INFO - Processing file /home/azfarmustafa/airflow_tutorial/.venv/lib/python3.10/site-packages/airflow/example_dags/example_nested_branch_dag.py for tasks to queue
[2023-11-24T10:50:14.023+0800] {logging_mixin.py:154} INFO - [2023-11-24T10:50:14.023+0800] {dagbag.py:536} INFO - Filling up the DagBag from /home/azfarmustafa/airflow_tutorial/.venv/lib/python3.10/site-packages/airflow/example_dags/example_nested_branch_dag.py
[2023-11-24T10:50:14.033+0800] {processor.py:839} INFO - DAG(s) dict_keys(['example_nested_branch_dag']) retrieved from /home/azfarmustafa/airflow_tutorial/.venv/lib/python3.10/site-packages/airflow/example_dags/example_nested_branch_dag.py
[2023-11-24T10:50:14.048+0800] {logging_mixin.py:154} INFO - [2023-11-24T10:50:14.048+0800] {dag.py:2941} INFO - Sync 1 DAGs
[2023-11-24T10:50:14.066+0800] {logging_mixin.py:154} INFO - [2023-11-24T10:50:14.065+0800] {dag.py:3722} INFO - Setting next_dagrun for example_nested_branch_dag to 2023-11-23T00:00:00+00:00, run_after=2023-11-24T00:00:00+00:00
[2023-11-24T10:50:14.088+0800] {processor.py:179} INFO - Processing /home/azfarmustafa/airflow_tutorial/.venv/lib/python3.10/site-packages/airflow/example_dags/example_nested_branch_dag.py took 0.073 seconds
[2023-11-24T10:51:00.604+0800] {processor.py:157} INFO - Started process (PID=60274) to work on /home/azfarmustafa/airflow_tutorial/.venv/lib/python3.10/site-packages/airflow/example_dags/example_nested_branch_dag.py
[2023-11-24T10:51:00.606+0800] {processor.py:829} INFO - Processing file /home/azfarmustafa/airflow_tutorial/.venv/lib/python3.10/site-packages/airflow/example_dags/example_nested_branch_dag.py for tasks to queue
[2023-11-24T10:51:00.606+0800] {logging_mixin.py:154} INFO - [2023-11-24T10:51:00.606+0800] {dagbag.py:536} INFO - Filling up the DagBag from /home/azfarmustafa/airflow_tutorial/.venv/lib/python3.10/site-packages/airflow/example_dags/example_nested_branch_dag.py
[2023-11-24T10:51:00.615+0800] {processor.py:839} INFO - DAG(s) dict_keys(['example_nested_branch_dag']) retrieved from /home/azfarmustafa/airflow_tutorial/.venv/lib/python3.10/site-packages/airflow/example_dags/example_nested_branch_dag.py
[2023-11-24T10:51:00.630+0800] {logging_mixin.py:154} INFO - [2023-11-24T10:51:00.630+0800] {dag.py:2941} INFO - Sync 1 DAGs
[2023-11-24T10:51:00.658+0800] {logging_mixin.py:154} INFO - [2023-11-24T10:51:00.658+0800] {dag.py:3722} INFO - Setting next_dagrun for example_nested_branch_dag to 2023-11-23T00:00:00+00:00, run_after=2023-11-24T00:00:00+00:00
[2023-11-24T10:51:00.683+0800] {processor.py:179} INFO - Processing /home/azfarmustafa/airflow_tutorial/.venv/lib/python3.10/site-packages/airflow/example_dags/example_nested_branch_dag.py took 0.081 seconds
[2023-11-24T10:51:49.393+0800] {processor.py:157} INFO - Started process (PID=60322) to work on /home/azfarmustafa/airflow_tutorial/.venv/lib/python3.10/site-packages/airflow/example_dags/example_nested_branch_dag.py
[2023-11-24T10:51:49.397+0800] {processor.py:829} INFO - Processing file /home/azfarmustafa/airflow_tutorial/.venv/lib/python3.10/site-packages/airflow/example_dags/example_nested_branch_dag.py for tasks to queue
[2023-11-24T10:51:49.398+0800] {logging_mixin.py:154} INFO - [2023-11-24T10:51:49.397+0800] {dagbag.py:536} INFO - Filling up the DagBag from /home/azfarmustafa/airflow_tutorial/.venv/lib/python3.10/site-packages/airflow/example_dags/example_nested_branch_dag.py
[2023-11-24T10:51:49.410+0800] {processor.py:839} INFO - DAG(s) dict_keys(['example_nested_branch_dag']) retrieved from /home/azfarmustafa/airflow_tutorial/.venv/lib/python3.10/site-packages/airflow/example_dags/example_nested_branch_dag.py
[2023-11-24T10:51:49.425+0800] {logging_mixin.py:154} INFO - [2023-11-24T10:51:49.425+0800] {dag.py:2941} INFO - Sync 1 DAGs
[2023-11-24T10:51:49.443+0800] {logging_mixin.py:154} INFO - [2023-11-24T10:51:49.443+0800] {dag.py:3722} INFO - Setting next_dagrun for example_nested_branch_dag to 2023-11-23T00:00:00+00:00, run_after=2023-11-24T00:00:00+00:00
[2023-11-24T10:51:49.469+0800] {processor.py:179} INFO - Processing /home/azfarmustafa/airflow_tutorial/.venv/lib/python3.10/site-packages/airflow/example_dags/example_nested_branch_dag.py took 0.079 seconds
[2023-11-24T10:52:37.139+0800] {processor.py:157} INFO - Started process (PID=60370) to work on /home/azfarmustafa/airflow_tutorial/.venv/lib/python3.10/site-packages/airflow/example_dags/example_nested_branch_dag.py
[2023-11-24T10:52:37.143+0800] {processor.py:829} INFO - Processing file /home/azfarmustafa/airflow_tutorial/.venv/lib/python3.10/site-packages/airflow/example_dags/example_nested_branch_dag.py for tasks to queue
[2023-11-24T10:52:37.144+0800] {logging_mixin.py:154} INFO - [2023-11-24T10:52:37.144+0800] {dagbag.py:536} INFO - Filling up the DagBag from /home/azfarmustafa/airflow_tutorial/.venv/lib/python3.10/site-packages/airflow/example_dags/example_nested_branch_dag.py
[2023-11-24T10:52:37.154+0800] {processor.py:839} INFO - DAG(s) dict_keys(['example_nested_branch_dag']) retrieved from /home/azfarmustafa/airflow_tutorial/.venv/lib/python3.10/site-packages/airflow/example_dags/example_nested_branch_dag.py
[2023-11-24T10:52:37.169+0800] {logging_mixin.py:154} INFO - [2023-11-24T10:52:37.169+0800] {dag.py:2941} INFO - Sync 1 DAGs
[2023-11-24T10:52:37.188+0800] {logging_mixin.py:154} INFO - [2023-11-24T10:52:37.188+0800] {dag.py:3722} INFO - Setting next_dagrun for example_nested_branch_dag to 2023-11-23T00:00:00+00:00, run_after=2023-11-24T00:00:00+00:00
[2023-11-24T10:52:37.213+0800] {processor.py:179} INFO - Processing /home/azfarmustafa/airflow_tutorial/.venv/lib/python3.10/site-packages/airflow/example_dags/example_nested_branch_dag.py took 0.076 seconds
[2023-11-24T10:53:26.237+0800] {processor.py:157} INFO - Started process (PID=60426) to work on /home/azfarmustafa/airflow_tutorial/.venv/lib/python3.10/site-packages/airflow/example_dags/example_nested_branch_dag.py
[2023-11-24T10:53:26.238+0800] {processor.py:829} INFO - Processing file /home/azfarmustafa/airflow_tutorial/.venv/lib/python3.10/site-packages/airflow/example_dags/example_nested_branch_dag.py for tasks to queue
[2023-11-24T10:53:26.239+0800] {logging_mixin.py:154} INFO - [2023-11-24T10:53:26.239+0800] {dagbag.py:536} INFO - Filling up the DagBag from /home/azfarmustafa/airflow_tutorial/.venv/lib/python3.10/site-packages/airflow/example_dags/example_nested_branch_dag.py
[2023-11-24T10:53:26.250+0800] {processor.py:839} INFO - DAG(s) dict_keys(['example_nested_branch_dag']) retrieved from /home/azfarmustafa/airflow_tutorial/.venv/lib/python3.10/site-packages/airflow/example_dags/example_nested_branch_dag.py
[2023-11-24T10:53:26.267+0800] {logging_mixin.py:154} INFO - [2023-11-24T10:53:26.267+0800] {dag.py:2941} INFO - Sync 1 DAGs
[2023-11-24T10:53:26.289+0800] {logging_mixin.py:154} INFO - [2023-11-24T10:53:26.289+0800] {dag.py:3722} INFO - Setting next_dagrun for example_nested_branch_dag to 2023-11-23T00:00:00+00:00, run_after=2023-11-24T00:00:00+00:00
[2023-11-24T10:53:26.316+0800] {processor.py:179} INFO - Processing /home/azfarmustafa/airflow_tutorial/.venv/lib/python3.10/site-packages/airflow/example_dags/example_nested_branch_dag.py took 0.081 seconds
[2023-11-24T10:54:13.980+0800] {processor.py:157} INFO - Started process (PID=60474) to work on /home/azfarmustafa/airflow_tutorial/.venv/lib/python3.10/site-packages/airflow/example_dags/example_nested_branch_dag.py
[2023-11-24T10:54:13.985+0800] {processor.py:829} INFO - Processing file /home/azfarmustafa/airflow_tutorial/.venv/lib/python3.10/site-packages/airflow/example_dags/example_nested_branch_dag.py for tasks to queue
[2023-11-24T10:54:13.986+0800] {logging_mixin.py:154} INFO - [2023-11-24T10:54:13.986+0800] {dagbag.py:536} INFO - Filling up the DagBag from /home/azfarmustafa/airflow_tutorial/.venv/lib/python3.10/site-packages/airflow/example_dags/example_nested_branch_dag.py
[2023-11-24T10:54:13.998+0800] {processor.py:839} INFO - DAG(s) dict_keys(['example_nested_branch_dag']) retrieved from /home/azfarmustafa/airflow_tutorial/.venv/lib/python3.10/site-packages/airflow/example_dags/example_nested_branch_dag.py
[2023-11-24T10:54:14.016+0800] {logging_mixin.py:154} INFO - [2023-11-24T10:54:14.016+0800] {dag.py:2941} INFO - Sync 1 DAGs
[2023-11-24T10:54:14.035+0800] {logging_mixin.py:154} INFO - [2023-11-24T10:54:14.035+0800] {dag.py:3722} INFO - Setting next_dagrun for example_nested_branch_dag to 2023-11-23T00:00:00+00:00, run_after=2023-11-24T00:00:00+00:00
[2023-11-24T10:54:14.060+0800] {processor.py:179} INFO - Processing /home/azfarmustafa/airflow_tutorial/.venv/lib/python3.10/site-packages/airflow/example_dags/example_nested_branch_dag.py took 0.083 seconds
[2023-11-24T10:55:02.860+0800] {processor.py:157} INFO - Started process (PID=60523) to work on /home/azfarmustafa/airflow_tutorial/.venv/lib/python3.10/site-packages/airflow/example_dags/example_nested_branch_dag.py
[2023-11-24T10:55:02.861+0800] {processor.py:829} INFO - Processing file /home/azfarmustafa/airflow_tutorial/.venv/lib/python3.10/site-packages/airflow/example_dags/example_nested_branch_dag.py for tasks to queue
[2023-11-24T10:55:02.862+0800] {logging_mixin.py:154} INFO - [2023-11-24T10:55:02.862+0800] {dagbag.py:536} INFO - Filling up the DagBag from /home/azfarmustafa/airflow_tutorial/.venv/lib/python3.10/site-packages/airflow/example_dags/example_nested_branch_dag.py
[2023-11-24T10:55:02.872+0800] {processor.py:839} INFO - DAG(s) dict_keys(['example_nested_branch_dag']) retrieved from /home/azfarmustafa/airflow_tutorial/.venv/lib/python3.10/site-packages/airflow/example_dags/example_nested_branch_dag.py
[2023-11-24T10:55:02.889+0800] {logging_mixin.py:154} INFO - [2023-11-24T10:55:02.889+0800] {dag.py:2941} INFO - Sync 1 DAGs
[2023-11-24T10:55:02.909+0800] {logging_mixin.py:154} INFO - [2023-11-24T10:55:02.909+0800] {dag.py:3722} INFO - Setting next_dagrun for example_nested_branch_dag to 2023-11-23T00:00:00+00:00, run_after=2023-11-24T00:00:00+00:00
[2023-11-24T10:55:02.938+0800] {processor.py:179} INFO - Processing /home/azfarmustafa/airflow_tutorial/.venv/lib/python3.10/site-packages/airflow/example_dags/example_nested_branch_dag.py took 0.081 seconds
[2023-11-24T10:55:47.427+0800] {processor.py:157} INFO - Started process (PID=60569) to work on /home/azfarmustafa/airflow_tutorial/.venv/lib/python3.10/site-packages/airflow/example_dags/example_nested_branch_dag.py
[2023-11-24T10:55:47.432+0800] {processor.py:829} INFO - Processing file /home/azfarmustafa/airflow_tutorial/.venv/lib/python3.10/site-packages/airflow/example_dags/example_nested_branch_dag.py for tasks to queue
[2023-11-24T10:55:47.433+0800] {logging_mixin.py:154} INFO - [2023-11-24T10:55:47.432+0800] {dagbag.py:536} INFO - Filling up the DagBag from /home/azfarmustafa/airflow_tutorial/.venv/lib/python3.10/site-packages/airflow/example_dags/example_nested_branch_dag.py
[2023-11-24T10:55:47.442+0800] {processor.py:839} INFO - DAG(s) dict_keys(['example_nested_branch_dag']) retrieved from /home/azfarmustafa/airflow_tutorial/.venv/lib/python3.10/site-packages/airflow/example_dags/example_nested_branch_dag.py
[2023-11-24T10:55:47.464+0800] {logging_mixin.py:154} INFO - [2023-11-24T10:55:47.463+0800] {dag.py:2941} INFO - Sync 1 DAGs
[2023-11-24T10:55:47.484+0800] {logging_mixin.py:154} INFO - [2023-11-24T10:55:47.484+0800] {dag.py:3722} INFO - Setting next_dagrun for example_nested_branch_dag to 2023-11-23T00:00:00+00:00, run_after=2023-11-24T00:00:00+00:00
[2023-11-24T10:55:47.509+0800] {processor.py:179} INFO - Processing /home/azfarmustafa/airflow_tutorial/.venv/lib/python3.10/site-packages/airflow/example_dags/example_nested_branch_dag.py took 0.085 seconds
[2023-11-24T10:56:32.419+0800] {processor.py:157} INFO - Started process (PID=60616) to work on /home/azfarmustafa/airflow_tutorial/.venv/lib/python3.10/site-packages/airflow/example_dags/example_nested_branch_dag.py
[2023-11-24T10:56:32.424+0800] {processor.py:829} INFO - Processing file /home/azfarmustafa/airflow_tutorial/.venv/lib/python3.10/site-packages/airflow/example_dags/example_nested_branch_dag.py for tasks to queue
[2023-11-24T10:56:32.425+0800] {logging_mixin.py:154} INFO - [2023-11-24T10:56:32.425+0800] {dagbag.py:536} INFO - Filling up the DagBag from /home/azfarmustafa/airflow_tutorial/.venv/lib/python3.10/site-packages/airflow/example_dags/example_nested_branch_dag.py
[2023-11-24T10:56:32.436+0800] {processor.py:839} INFO - DAG(s) dict_keys(['example_nested_branch_dag']) retrieved from /home/azfarmustafa/airflow_tutorial/.venv/lib/python3.10/site-packages/airflow/example_dags/example_nested_branch_dag.py
[2023-11-24T10:56:32.455+0800] {logging_mixin.py:154} INFO - [2023-11-24T10:56:32.455+0800] {dag.py:2941} INFO - Sync 1 DAGs
[2023-11-24T10:56:32.477+0800] {logging_mixin.py:154} INFO - [2023-11-24T10:56:32.476+0800] {dag.py:3722} INFO - Setting next_dagrun for example_nested_branch_dag to 2023-11-23T00:00:00+00:00, run_after=2023-11-24T00:00:00+00:00
[2023-11-24T10:56:32.503+0800] {processor.py:179} INFO - Processing /home/azfarmustafa/airflow_tutorial/.venv/lib/python3.10/site-packages/airflow/example_dags/example_nested_branch_dag.py took 0.087 seconds
[2023-11-24T10:57:14.764+0800] {processor.py:157} INFO - Started process (PID=60659) to work on /home/azfarmustafa/airflow_tutorial/.venv/lib/python3.10/site-packages/airflow/example_dags/example_nested_branch_dag.py
[2023-11-24T10:57:14.769+0800] {processor.py:829} INFO - Processing file /home/azfarmustafa/airflow_tutorial/.venv/lib/python3.10/site-packages/airflow/example_dags/example_nested_branch_dag.py for tasks to queue
[2023-11-24T10:57:14.770+0800] {logging_mixin.py:154} INFO - [2023-11-24T10:57:14.770+0800] {dagbag.py:536} INFO - Filling up the DagBag from /home/azfarmustafa/airflow_tutorial/.venv/lib/python3.10/site-packages/airflow/example_dags/example_nested_branch_dag.py
[2023-11-24T10:57:14.779+0800] {processor.py:839} INFO - DAG(s) dict_keys(['example_nested_branch_dag']) retrieved from /home/azfarmustafa/airflow_tutorial/.venv/lib/python3.10/site-packages/airflow/example_dags/example_nested_branch_dag.py
[2023-11-24T10:57:14.798+0800] {logging_mixin.py:154} INFO - [2023-11-24T10:57:14.797+0800] {dag.py:2941} INFO - Sync 1 DAGs
[2023-11-24T10:57:14.818+0800] {logging_mixin.py:154} INFO - [2023-11-24T10:57:14.817+0800] {dag.py:3722} INFO - Setting next_dagrun for example_nested_branch_dag to 2023-11-23T00:00:00+00:00, run_after=2023-11-24T00:00:00+00:00
[2023-11-24T10:57:14.844+0800] {processor.py:179} INFO - Processing /home/azfarmustafa/airflow_tutorial/.venv/lib/python3.10/site-packages/airflow/example_dags/example_nested_branch_dag.py took 0.083 seconds
[2023-11-24T10:57:58.262+0800] {processor.py:157} INFO - Started process (PID=60705) to work on /home/azfarmustafa/airflow_tutorial/.venv/lib/python3.10/site-packages/airflow/example_dags/example_nested_branch_dag.py
[2023-11-24T10:57:58.266+0800] {processor.py:829} INFO - Processing file /home/azfarmustafa/airflow_tutorial/.venv/lib/python3.10/site-packages/airflow/example_dags/example_nested_branch_dag.py for tasks to queue
[2023-11-24T10:57:58.267+0800] {logging_mixin.py:154} INFO - [2023-11-24T10:57:58.267+0800] {dagbag.py:536} INFO - Filling up the DagBag from /home/azfarmustafa/airflow_tutorial/.venv/lib/python3.10/site-packages/airflow/example_dags/example_nested_branch_dag.py
[2023-11-24T10:57:58.276+0800] {processor.py:839} INFO - DAG(s) dict_keys(['example_nested_branch_dag']) retrieved from /home/azfarmustafa/airflow_tutorial/.venv/lib/python3.10/site-packages/airflow/example_dags/example_nested_branch_dag.py
[2023-11-24T10:57:58.291+0800] {logging_mixin.py:154} INFO - [2023-11-24T10:57:58.291+0800] {dag.py:2941} INFO - Sync 1 DAGs
[2023-11-24T10:57:58.310+0800] {logging_mixin.py:154} INFO - [2023-11-24T10:57:58.310+0800] {dag.py:3722} INFO - Setting next_dagrun for example_nested_branch_dag to 2023-11-23T00:00:00+00:00, run_after=2023-11-24T00:00:00+00:00
[2023-11-24T10:57:58.333+0800] {processor.py:179} INFO - Processing /home/azfarmustafa/airflow_tutorial/.venv/lib/python3.10/site-packages/airflow/example_dags/example_nested_branch_dag.py took 0.073 seconds
[2023-11-24T10:58:45.958+0800] {processor.py:157} INFO - Started process (PID=60753) to work on /home/azfarmustafa/airflow_tutorial/.venv/lib/python3.10/site-packages/airflow/example_dags/example_nested_branch_dag.py
[2023-11-24T10:58:45.963+0800] {processor.py:829} INFO - Processing file /home/azfarmustafa/airflow_tutorial/.venv/lib/python3.10/site-packages/airflow/example_dags/example_nested_branch_dag.py for tasks to queue
[2023-11-24T10:58:45.963+0800] {logging_mixin.py:154} INFO - [2023-11-24T10:58:45.963+0800] {dagbag.py:536} INFO - Filling up the DagBag from /home/azfarmustafa/airflow_tutorial/.venv/lib/python3.10/site-packages/airflow/example_dags/example_nested_branch_dag.py
[2023-11-24T10:58:45.973+0800] {processor.py:839} INFO - DAG(s) dict_keys(['example_nested_branch_dag']) retrieved from /home/azfarmustafa/airflow_tutorial/.venv/lib/python3.10/site-packages/airflow/example_dags/example_nested_branch_dag.py
[2023-11-24T10:58:45.995+0800] {logging_mixin.py:154} INFO - [2023-11-24T10:58:45.995+0800] {dag.py:2941} INFO - Sync 1 DAGs
[2023-11-24T10:58:46.016+0800] {logging_mixin.py:154} INFO - [2023-11-24T10:58:46.015+0800] {dag.py:3722} INFO - Setting next_dagrun for example_nested_branch_dag to 2023-11-23T00:00:00+00:00, run_after=2023-11-24T00:00:00+00:00
[2023-11-24T10:58:46.045+0800] {processor.py:179} INFO - Processing /home/azfarmustafa/airflow_tutorial/.venv/lib/python3.10/site-packages/airflow/example_dags/example_nested_branch_dag.py took 0.090 seconds
[2023-11-24T10:59:32.500+0800] {processor.py:157} INFO - Started process (PID=60807) to work on /home/azfarmustafa/airflow_tutorial/.venv/lib/python3.10/site-packages/airflow/example_dags/example_nested_branch_dag.py
[2023-11-24T10:59:32.504+0800] {processor.py:829} INFO - Processing file /home/azfarmustafa/airflow_tutorial/.venv/lib/python3.10/site-packages/airflow/example_dags/example_nested_branch_dag.py for tasks to queue
[2023-11-24T10:59:32.505+0800] {logging_mixin.py:154} INFO - [2023-11-24T10:59:32.505+0800] {dagbag.py:536} INFO - Filling up the DagBag from /home/azfarmustafa/airflow_tutorial/.venv/lib/python3.10/site-packages/airflow/example_dags/example_nested_branch_dag.py
[2023-11-24T10:59:32.513+0800] {processor.py:839} INFO - DAG(s) dict_keys(['example_nested_branch_dag']) retrieved from /home/azfarmustafa/airflow_tutorial/.venv/lib/python3.10/site-packages/airflow/example_dags/example_nested_branch_dag.py
[2023-11-24T10:59:32.531+0800] {logging_mixin.py:154} INFO - [2023-11-24T10:59:32.531+0800] {dag.py:2941} INFO - Sync 1 DAGs
[2023-11-24T10:59:32.555+0800] {logging_mixin.py:154} INFO - [2023-11-24T10:59:32.554+0800] {dag.py:3722} INFO - Setting next_dagrun for example_nested_branch_dag to 2023-11-23T00:00:00+00:00, run_after=2023-11-24T00:00:00+00:00
[2023-11-24T10:59:32.578+0800] {processor.py:179} INFO - Processing /home/azfarmustafa/airflow_tutorial/.venv/lib/python3.10/site-packages/airflow/example_dags/example_nested_branch_dag.py took 0.082 seconds
[2023-11-24T11:00:17.660+0800] {processor.py:157} INFO - Started process (PID=60854) to work on /home/azfarmustafa/airflow_tutorial/.venv/lib/python3.10/site-packages/airflow/example_dags/example_nested_branch_dag.py
[2023-11-24T11:00:17.662+0800] {processor.py:829} INFO - Processing file /home/azfarmustafa/airflow_tutorial/.venv/lib/python3.10/site-packages/airflow/example_dags/example_nested_branch_dag.py for tasks to queue
[2023-11-24T11:00:17.663+0800] {logging_mixin.py:154} INFO - [2023-11-24T11:00:17.663+0800] {dagbag.py:536} INFO - Filling up the DagBag from /home/azfarmustafa/airflow_tutorial/.venv/lib/python3.10/site-packages/airflow/example_dags/example_nested_branch_dag.py
[2023-11-24T11:00:17.672+0800] {processor.py:839} INFO - DAG(s) dict_keys(['example_nested_branch_dag']) retrieved from /home/azfarmustafa/airflow_tutorial/.venv/lib/python3.10/site-packages/airflow/example_dags/example_nested_branch_dag.py
[2023-11-24T11:00:17.687+0800] {logging_mixin.py:154} INFO - [2023-11-24T11:00:17.687+0800] {dag.py:2941} INFO - Sync 1 DAGs
[2023-11-24T11:00:17.705+0800] {logging_mixin.py:154} INFO - [2023-11-24T11:00:17.705+0800] {dag.py:3722} INFO - Setting next_dagrun for example_nested_branch_dag to 2023-11-23T00:00:00+00:00, run_after=2023-11-24T00:00:00+00:00
[2023-11-24T11:00:17.731+0800] {processor.py:179} INFO - Processing /home/azfarmustafa/airflow_tutorial/.venv/lib/python3.10/site-packages/airflow/example_dags/example_nested_branch_dag.py took 0.075 seconds
[2023-11-24T11:01:00.319+0800] {processor.py:157} INFO - Started process (PID=60898) to work on /home/azfarmustafa/airflow_tutorial/.venv/lib/python3.10/site-packages/airflow/example_dags/example_nested_branch_dag.py
[2023-11-24T11:01:00.321+0800] {processor.py:829} INFO - Processing file /home/azfarmustafa/airflow_tutorial/.venv/lib/python3.10/site-packages/airflow/example_dags/example_nested_branch_dag.py for tasks to queue
[2023-11-24T11:01:00.322+0800] {logging_mixin.py:154} INFO - [2023-11-24T11:01:00.321+0800] {dagbag.py:536} INFO - Filling up the DagBag from /home/azfarmustafa/airflow_tutorial/.venv/lib/python3.10/site-packages/airflow/example_dags/example_nested_branch_dag.py
[2023-11-24T11:01:00.332+0800] {processor.py:839} INFO - DAG(s) dict_keys(['example_nested_branch_dag']) retrieved from /home/azfarmustafa/airflow_tutorial/.venv/lib/python3.10/site-packages/airflow/example_dags/example_nested_branch_dag.py
[2023-11-24T11:01:00.349+0800] {logging_mixin.py:154} INFO - [2023-11-24T11:01:00.349+0800] {dag.py:2941} INFO - Sync 1 DAGs
[2023-11-24T11:01:00.369+0800] {logging_mixin.py:154} INFO - [2023-11-24T11:01:00.369+0800] {dag.py:3722} INFO - Setting next_dagrun for example_nested_branch_dag to 2023-11-23T00:00:00+00:00, run_after=2023-11-24T00:00:00+00:00
[2023-11-24T11:01:00.396+0800] {processor.py:179} INFO - Processing /home/azfarmustafa/airflow_tutorial/.venv/lib/python3.10/site-packages/airflow/example_dags/example_nested_branch_dag.py took 0.080 seconds
[2023-11-24T11:01:46.739+0800] {processor.py:157} INFO - Started process (PID=60946) to work on /home/azfarmustafa/airflow_tutorial/.venv/lib/python3.10/site-packages/airflow/example_dags/example_nested_branch_dag.py
[2023-11-24T11:01:46.741+0800] {processor.py:829} INFO - Processing file /home/azfarmustafa/airflow_tutorial/.venv/lib/python3.10/site-packages/airflow/example_dags/example_nested_branch_dag.py for tasks to queue
[2023-11-24T11:01:46.742+0800] {logging_mixin.py:154} INFO - [2023-11-24T11:01:46.741+0800] {dagbag.py:536} INFO - Filling up the DagBag from /home/azfarmustafa/airflow_tutorial/.venv/lib/python3.10/site-packages/airflow/example_dags/example_nested_branch_dag.py
[2023-11-24T11:01:46.752+0800] {processor.py:839} INFO - DAG(s) dict_keys(['example_nested_branch_dag']) retrieved from /home/azfarmustafa/airflow_tutorial/.venv/lib/python3.10/site-packages/airflow/example_dags/example_nested_branch_dag.py
[2023-11-24T11:01:46.768+0800] {logging_mixin.py:154} INFO - [2023-11-24T11:01:46.768+0800] {dag.py:2941} INFO - Sync 1 DAGs
[2023-11-24T11:01:46.786+0800] {logging_mixin.py:154} INFO - [2023-11-24T11:01:46.786+0800] {dag.py:3722} INFO - Setting next_dagrun for example_nested_branch_dag to 2023-11-23T00:00:00+00:00, run_after=2023-11-24T00:00:00+00:00
[2023-11-24T11:01:46.811+0800] {processor.py:179} INFO - Processing /home/azfarmustafa/airflow_tutorial/.venv/lib/python3.10/site-packages/airflow/example_dags/example_nested_branch_dag.py took 0.075 seconds
[2023-11-24T11:02:32.122+0800] {processor.py:157} INFO - Started process (PID=60993) to work on /home/azfarmustafa/airflow_tutorial/.venv/lib/python3.10/site-packages/airflow/example_dags/example_nested_branch_dag.py
[2023-11-24T11:02:32.126+0800] {processor.py:829} INFO - Processing file /home/azfarmustafa/airflow_tutorial/.venv/lib/python3.10/site-packages/airflow/example_dags/example_nested_branch_dag.py for tasks to queue
[2023-11-24T11:02:32.127+0800] {logging_mixin.py:154} INFO - [2023-11-24T11:02:32.127+0800] {dagbag.py:536} INFO - Filling up the DagBag from /home/azfarmustafa/airflow_tutorial/.venv/lib/python3.10/site-packages/airflow/example_dags/example_nested_branch_dag.py
[2023-11-24T11:02:32.137+0800] {processor.py:839} INFO - DAG(s) dict_keys(['example_nested_branch_dag']) retrieved from /home/azfarmustafa/airflow_tutorial/.venv/lib/python3.10/site-packages/airflow/example_dags/example_nested_branch_dag.py
[2023-11-24T11:02:32.156+0800] {logging_mixin.py:154} INFO - [2023-11-24T11:02:32.156+0800] {dag.py:2941} INFO - Sync 1 DAGs
[2023-11-24T11:02:32.185+0800] {logging_mixin.py:154} INFO - [2023-11-24T11:02:32.185+0800] {dag.py:3722} INFO - Setting next_dagrun for example_nested_branch_dag to 2023-11-23T00:00:00+00:00, run_after=2023-11-24T00:00:00+00:00
[2023-11-24T11:02:32.212+0800] {processor.py:179} INFO - Processing /home/azfarmustafa/airflow_tutorial/.venv/lib/python3.10/site-packages/airflow/example_dags/example_nested_branch_dag.py took 0.092 seconds
[2023-11-24T11:03:18.510+0800] {processor.py:157} INFO - Started process (PID=61042) to work on /home/azfarmustafa/airflow_tutorial/.venv/lib/python3.10/site-packages/airflow/example_dags/example_nested_branch_dag.py
[2023-11-24T11:03:18.512+0800] {processor.py:829} INFO - Processing file /home/azfarmustafa/airflow_tutorial/.venv/lib/python3.10/site-packages/airflow/example_dags/example_nested_branch_dag.py for tasks to queue
[2023-11-24T11:03:18.513+0800] {logging_mixin.py:154} INFO - [2023-11-24T11:03:18.512+0800] {dagbag.py:536} INFO - Filling up the DagBag from /home/azfarmustafa/airflow_tutorial/.venv/lib/python3.10/site-packages/airflow/example_dags/example_nested_branch_dag.py
[2023-11-24T11:03:18.525+0800] {processor.py:839} INFO - DAG(s) dict_keys(['example_nested_branch_dag']) retrieved from /home/azfarmustafa/airflow_tutorial/.venv/lib/python3.10/site-packages/airflow/example_dags/example_nested_branch_dag.py
[2023-11-24T11:03:18.544+0800] {logging_mixin.py:154} INFO - [2023-11-24T11:03:18.543+0800] {dag.py:2941} INFO - Sync 1 DAGs
[2023-11-24T11:03:18.570+0800] {logging_mixin.py:154} INFO - [2023-11-24T11:03:18.570+0800] {dag.py:3722} INFO - Setting next_dagrun for example_nested_branch_dag to 2023-11-23T00:00:00+00:00, run_after=2023-11-24T00:00:00+00:00
[2023-11-24T11:03:18.602+0800] {processor.py:179} INFO - Processing /home/azfarmustafa/airflow_tutorial/.venv/lib/python3.10/site-packages/airflow/example_dags/example_nested_branch_dag.py took 0.095 seconds
[2023-11-24T11:04:07.631+0800] {processor.py:157} INFO - Started process (PID=61095) to work on /home/azfarmustafa/airflow_tutorial/.venv/lib/python3.10/site-packages/airflow/example_dags/example_nested_branch_dag.py
[2023-11-24T11:04:07.634+0800] {processor.py:829} INFO - Processing file /home/azfarmustafa/airflow_tutorial/.venv/lib/python3.10/site-packages/airflow/example_dags/example_nested_branch_dag.py for tasks to queue
[2023-11-24T11:04:07.635+0800] {logging_mixin.py:154} INFO - [2023-11-24T11:04:07.635+0800] {dagbag.py:536} INFO - Filling up the DagBag from /home/azfarmustafa/airflow_tutorial/.venv/lib/python3.10/site-packages/airflow/example_dags/example_nested_branch_dag.py
[2023-11-24T11:04:07.644+0800] {processor.py:839} INFO - DAG(s) dict_keys(['example_nested_branch_dag']) retrieved from /home/azfarmustafa/airflow_tutorial/.venv/lib/python3.10/site-packages/airflow/example_dags/example_nested_branch_dag.py
[2023-11-24T11:04:07.664+0800] {logging_mixin.py:154} INFO - [2023-11-24T11:04:07.664+0800] {dag.py:2941} INFO - Sync 1 DAGs
[2023-11-24T11:04:07.690+0800] {logging_mixin.py:154} INFO - [2023-11-24T11:04:07.690+0800] {dag.py:3722} INFO - Setting next_dagrun for example_nested_branch_dag to 2023-11-23T00:00:00+00:00, run_after=2023-11-24T00:00:00+00:00
[2023-11-24T11:04:07.718+0800] {processor.py:179} INFO - Processing /home/azfarmustafa/airflow_tutorial/.venv/lib/python3.10/site-packages/airflow/example_dags/example_nested_branch_dag.py took 0.090 seconds
[2023-11-24T11:04:56.287+0800] {processor.py:157} INFO - Started process (PID=61146) to work on /home/azfarmustafa/airflow_tutorial/.venv/lib/python3.10/site-packages/airflow/example_dags/example_nested_branch_dag.py
[2023-11-24T11:04:56.291+0800] {processor.py:829} INFO - Processing file /home/azfarmustafa/airflow_tutorial/.venv/lib/python3.10/site-packages/airflow/example_dags/example_nested_branch_dag.py for tasks to queue
[2023-11-24T11:04:56.291+0800] {logging_mixin.py:154} INFO - [2023-11-24T11:04:56.291+0800] {dagbag.py:536} INFO - Filling up the DagBag from /home/azfarmustafa/airflow_tutorial/.venv/lib/python3.10/site-packages/airflow/example_dags/example_nested_branch_dag.py
[2023-11-24T11:04:56.302+0800] {processor.py:839} INFO - DAG(s) dict_keys(['example_nested_branch_dag']) retrieved from /home/azfarmustafa/airflow_tutorial/.venv/lib/python3.10/site-packages/airflow/example_dags/example_nested_branch_dag.py
[2023-11-24T11:04:56.320+0800] {logging_mixin.py:154} INFO - [2023-11-24T11:04:56.320+0800] {dag.py:2941} INFO - Sync 1 DAGs
[2023-11-24T11:04:56.341+0800] {logging_mixin.py:154} INFO - [2023-11-24T11:04:56.340+0800] {dag.py:3722} INFO - Setting next_dagrun for example_nested_branch_dag to 2023-11-23T00:00:00+00:00, run_after=2023-11-24T00:00:00+00:00
[2023-11-24T11:04:56.370+0800] {processor.py:179} INFO - Processing /home/azfarmustafa/airflow_tutorial/.venv/lib/python3.10/site-packages/airflow/example_dags/example_nested_branch_dag.py took 0.086 seconds
