[2023-11-24T10:25:49.760+0800] {processor.py:157} INFO - Started process (PID=58708) to work on /home/azfarmustafa/airflow_tutorial/.venv/lib/python3.10/site-packages/airflow/example_dags/example_external_task_marker_dag.py
[2023-11-24T10:25:49.761+0800] {processor.py:829} INFO - Processing file /home/azfarmustafa/airflow_tutorial/.venv/lib/python3.10/site-packages/airflow/example_dags/example_external_task_marker_dag.py for tasks to queue
[2023-11-24T10:25:49.762+0800] {logging_mixin.py:154} INFO - [2023-11-24T10:25:49.762+0800] {dagbag.py:536} INFO - Filling up the DagBag from /home/azfarmustafa/airflow_tutorial/.venv/lib/python3.10/site-packages/airflow/example_dags/example_external_task_marker_dag.py
[2023-11-24T10:25:49.770+0800] {processor.py:839} INFO - DAG(s) dict_keys(['example_external_task_marker_child', 'example_external_task_marker_parent']) retrieved from /home/azfarmustafa/airflow_tutorial/.venv/lib/python3.10/site-packages/airflow/example_dags/example_external_task_marker_dag.py
[2023-11-24T10:25:49.789+0800] {logging_mixin.py:154} INFO - [2023-11-24T10:25:49.789+0800] {dag.py:2941} INFO - Sync 2 DAGs
[2023-11-24T10:25:49.799+0800] {logging_mixin.py:154} INFO - [2023-11-24T10:25:49.799+0800] {dag.py:3722} INFO - Setting next_dagrun for example_external_task_marker_child to None, run_after=None
[2023-11-24T10:25:49.802+0800] {logging_mixin.py:154} INFO - [2023-11-24T10:25:49.802+0800] {dag.py:3722} INFO - Setting next_dagrun for example_external_task_marker_parent to None, run_after=None
[2023-11-24T10:25:49.827+0800] {processor.py:179} INFO - Processing /home/azfarmustafa/airflow_tutorial/.venv/lib/python3.10/site-packages/airflow/example_dags/example_external_task_marker_dag.py took 0.069 seconds
[2023-11-24T10:26:36.637+0800] {processor.py:157} INFO - Started process (PID=58761) to work on /home/azfarmustafa/airflow_tutorial/.venv/lib/python3.10/site-packages/airflow/example_dags/example_external_task_marker_dag.py
[2023-11-24T10:26:36.639+0800] {processor.py:829} INFO - Processing file /home/azfarmustafa/airflow_tutorial/.venv/lib/python3.10/site-packages/airflow/example_dags/example_external_task_marker_dag.py for tasks to queue
[2023-11-24T10:26:36.641+0800] {logging_mixin.py:154} INFO - [2023-11-24T10:26:36.640+0800] {dagbag.py:536} INFO - Filling up the DagBag from /home/azfarmustafa/airflow_tutorial/.venv/lib/python3.10/site-packages/airflow/example_dags/example_external_task_marker_dag.py
[2023-11-24T10:26:36.648+0800] {processor.py:839} INFO - DAG(s) dict_keys(['example_external_task_marker_child', 'example_external_task_marker_parent']) retrieved from /home/azfarmustafa/airflow_tutorial/.venv/lib/python3.10/site-packages/airflow/example_dags/example_external_task_marker_dag.py
[2023-11-24T10:26:36.703+0800] {logging_mixin.py:154} INFO - [2023-11-24T10:26:36.702+0800] {dag.py:2941} INFO - Sync 2 DAGs
[2023-11-24T10:26:36.725+0800] {logging_mixin.py:154} INFO - [2023-11-24T10:26:36.724+0800] {dag.py:3722} INFO - Setting next_dagrun for example_external_task_marker_child to None, run_after=None
[2023-11-24T10:26:36.731+0800] {logging_mixin.py:154} INFO - [2023-11-24T10:26:36.730+0800] {dag.py:3722} INFO - Setting next_dagrun for example_external_task_marker_parent to None, run_after=None
[2023-11-24T10:26:36.779+0800] {processor.py:179} INFO - Processing /home/azfarmustafa/airflow_tutorial/.venv/lib/python3.10/site-packages/airflow/example_dags/example_external_task_marker_dag.py took 0.149 seconds
[2023-11-24T10:27:25.865+0800] {processor.py:157} INFO - Started process (PID=58812) to work on /home/azfarmustafa/airflow_tutorial/.venv/lib/python3.10/site-packages/airflow/example_dags/example_external_task_marker_dag.py
[2023-11-24T10:27:25.869+0800] {processor.py:829} INFO - Processing file /home/azfarmustafa/airflow_tutorial/.venv/lib/python3.10/site-packages/airflow/example_dags/example_external_task_marker_dag.py for tasks to queue
[2023-11-24T10:27:25.870+0800] {logging_mixin.py:154} INFO - [2023-11-24T10:27:25.870+0800] {dagbag.py:536} INFO - Filling up the DagBag from /home/azfarmustafa/airflow_tutorial/.venv/lib/python3.10/site-packages/airflow/example_dags/example_external_task_marker_dag.py
[2023-11-24T10:27:25.875+0800] {processor.py:839} INFO - DAG(s) dict_keys(['example_external_task_marker_child', 'example_external_task_marker_parent']) retrieved from /home/azfarmustafa/airflow_tutorial/.venv/lib/python3.10/site-packages/airflow/example_dags/example_external_task_marker_dag.py
[2023-11-24T10:27:25.892+0800] {logging_mixin.py:154} INFO - [2023-11-24T10:27:25.891+0800] {dag.py:2941} INFO - Sync 2 DAGs
[2023-11-24T10:27:25.902+0800] {logging_mixin.py:154} INFO - [2023-11-24T10:27:25.902+0800] {dag.py:3722} INFO - Setting next_dagrun for example_external_task_marker_child to None, run_after=None
[2023-11-24T10:27:25.905+0800] {logging_mixin.py:154} INFO - [2023-11-24T10:27:25.905+0800] {dag.py:3722} INFO - Setting next_dagrun for example_external_task_marker_parent to None, run_after=None
[2023-11-24T10:27:25.925+0800] {processor.py:179} INFO - Processing /home/azfarmustafa/airflow_tutorial/.venv/lib/python3.10/site-packages/airflow/example_dags/example_external_task_marker_dag.py took 0.062 seconds
[2023-11-24T10:28:10.519+0800] {processor.py:157} INFO - Started process (PID=58858) to work on /home/azfarmustafa/airflow_tutorial/.venv/lib/python3.10/site-packages/airflow/example_dags/example_external_task_marker_dag.py
[2023-11-24T10:28:10.521+0800] {processor.py:829} INFO - Processing file /home/azfarmustafa/airflow_tutorial/.venv/lib/python3.10/site-packages/airflow/example_dags/example_external_task_marker_dag.py for tasks to queue
[2023-11-24T10:28:10.522+0800] {logging_mixin.py:154} INFO - [2023-11-24T10:28:10.522+0800] {dagbag.py:536} INFO - Filling up the DagBag from /home/azfarmustafa/airflow_tutorial/.venv/lib/python3.10/site-packages/airflow/example_dags/example_external_task_marker_dag.py
[2023-11-24T10:28:10.531+0800] {processor.py:839} INFO - DAG(s) dict_keys(['example_external_task_marker_child', 'example_external_task_marker_parent']) retrieved from /home/azfarmustafa/airflow_tutorial/.venv/lib/python3.10/site-packages/airflow/example_dags/example_external_task_marker_dag.py
[2023-11-24T10:28:10.548+0800] {logging_mixin.py:154} INFO - [2023-11-24T10:28:10.548+0800] {dag.py:2941} INFO - Sync 2 DAGs
[2023-11-24T10:28:10.560+0800] {logging_mixin.py:154} INFO - [2023-11-24T10:28:10.560+0800] {dag.py:3722} INFO - Setting next_dagrun for example_external_task_marker_child to None, run_after=None
[2023-11-24T10:28:10.564+0800] {logging_mixin.py:154} INFO - [2023-11-24T10:28:10.563+0800] {dag.py:3722} INFO - Setting next_dagrun for example_external_task_marker_parent to None, run_after=None
[2023-11-24T10:28:10.586+0800] {processor.py:179} INFO - Processing /home/azfarmustafa/airflow_tutorial/.venv/lib/python3.10/site-packages/airflow/example_dags/example_external_task_marker_dag.py took 0.071 seconds
[2023-11-24T10:29:00.213+0800] {processor.py:157} INFO - Started process (PID=58913) to work on /home/azfarmustafa/airflow_tutorial/.venv/lib/python3.10/site-packages/airflow/example_dags/example_external_task_marker_dag.py
[2023-11-24T10:29:00.216+0800] {processor.py:829} INFO - Processing file /home/azfarmustafa/airflow_tutorial/.venv/lib/python3.10/site-packages/airflow/example_dags/example_external_task_marker_dag.py for tasks to queue
[2023-11-24T10:29:00.217+0800] {logging_mixin.py:154} INFO - [2023-11-24T10:29:00.216+0800] {dagbag.py:536} INFO - Filling up the DagBag from /home/azfarmustafa/airflow_tutorial/.venv/lib/python3.10/site-packages/airflow/example_dags/example_external_task_marker_dag.py
[2023-11-24T10:29:00.224+0800] {processor.py:839} INFO - DAG(s) dict_keys(['example_external_task_marker_child', 'example_external_task_marker_parent']) retrieved from /home/azfarmustafa/airflow_tutorial/.venv/lib/python3.10/site-packages/airflow/example_dags/example_external_task_marker_dag.py
[2023-11-24T10:29:00.242+0800] {logging_mixin.py:154} INFO - [2023-11-24T10:29:00.242+0800] {dag.py:2941} INFO - Sync 2 DAGs
[2023-11-24T10:29:00.253+0800] {logging_mixin.py:154} INFO - [2023-11-24T10:29:00.252+0800] {dag.py:3722} INFO - Setting next_dagrun for example_external_task_marker_child to None, run_after=None
[2023-11-24T10:29:00.256+0800] {logging_mixin.py:154} INFO - [2023-11-24T10:29:00.256+0800] {dag.py:3722} INFO - Setting next_dagrun for example_external_task_marker_parent to None, run_after=None
[2023-11-24T10:29:00.281+0800] {processor.py:179} INFO - Processing /home/azfarmustafa/airflow_tutorial/.venv/lib/python3.10/site-packages/airflow/example_dags/example_external_task_marker_dag.py took 0.071 seconds
[2023-11-24T10:29:45.314+0800] {processor.py:157} INFO - Started process (PID=58960) to work on /home/azfarmustafa/airflow_tutorial/.venv/lib/python3.10/site-packages/airflow/example_dags/example_external_task_marker_dag.py
[2023-11-24T10:29:45.316+0800] {processor.py:829} INFO - Processing file /home/azfarmustafa/airflow_tutorial/.venv/lib/python3.10/site-packages/airflow/example_dags/example_external_task_marker_dag.py for tasks to queue
[2023-11-24T10:29:45.317+0800] {logging_mixin.py:154} INFO - [2023-11-24T10:29:45.316+0800] {dagbag.py:536} INFO - Filling up the DagBag from /home/azfarmustafa/airflow_tutorial/.venv/lib/python3.10/site-packages/airflow/example_dags/example_external_task_marker_dag.py
[2023-11-24T10:29:45.324+0800] {processor.py:839} INFO - DAG(s) dict_keys(['example_external_task_marker_parent', 'example_external_task_marker_child']) retrieved from /home/azfarmustafa/airflow_tutorial/.venv/lib/python3.10/site-packages/airflow/example_dags/example_external_task_marker_dag.py
[2023-11-24T10:29:45.345+0800] {logging_mixin.py:154} INFO - [2023-11-24T10:29:45.345+0800] {dag.py:2941} INFO - Sync 2 DAGs
[2023-11-24T10:29:45.357+0800] {logging_mixin.py:154} INFO - [2023-11-24T10:29:45.357+0800] {dag.py:3722} INFO - Setting next_dagrun for example_external_task_marker_child to None, run_after=None
[2023-11-24T10:29:45.360+0800] {logging_mixin.py:154} INFO - [2023-11-24T10:29:45.360+0800] {dag.py:3722} INFO - Setting next_dagrun for example_external_task_marker_parent to None, run_after=None
[2023-11-24T10:29:45.385+0800] {processor.py:179} INFO - Processing /home/azfarmustafa/airflow_tutorial/.venv/lib/python3.10/site-packages/airflow/example_dags/example_external_task_marker_dag.py took 0.074 seconds
[2023-11-24T10:30:31.036+0800] {processor.py:157} INFO - Started process (PID=59007) to work on /home/azfarmustafa/airflow_tutorial/.venv/lib/python3.10/site-packages/airflow/example_dags/example_external_task_marker_dag.py
[2023-11-24T10:30:31.037+0800] {processor.py:829} INFO - Processing file /home/azfarmustafa/airflow_tutorial/.venv/lib/python3.10/site-packages/airflow/example_dags/example_external_task_marker_dag.py for tasks to queue
[2023-11-24T10:30:31.038+0800] {logging_mixin.py:154} INFO - [2023-11-24T10:30:31.038+0800] {dagbag.py:536} INFO - Filling up the DagBag from /home/azfarmustafa/airflow_tutorial/.venv/lib/python3.10/site-packages/airflow/example_dags/example_external_task_marker_dag.py
[2023-11-24T10:30:31.045+0800] {processor.py:839} INFO - DAG(s) dict_keys(['example_external_task_marker_child', 'example_external_task_marker_parent']) retrieved from /home/azfarmustafa/airflow_tutorial/.venv/lib/python3.10/site-packages/airflow/example_dags/example_external_task_marker_dag.py
[2023-11-24T10:30:31.065+0800] {logging_mixin.py:154} INFO - [2023-11-24T10:30:31.065+0800] {dag.py:2941} INFO - Sync 2 DAGs
[2023-11-24T10:30:31.076+0800] {logging_mixin.py:154} INFO - [2023-11-24T10:30:31.076+0800] {dag.py:3722} INFO - Setting next_dagrun for example_external_task_marker_child to None, run_after=None
[2023-11-24T10:30:31.080+0800] {logging_mixin.py:154} INFO - [2023-11-24T10:30:31.079+0800] {dag.py:3722} INFO - Setting next_dagrun for example_external_task_marker_parent to None, run_after=None
[2023-11-24T10:30:31.101+0800] {processor.py:179} INFO - Processing /home/azfarmustafa/airflow_tutorial/.venv/lib/python3.10/site-packages/airflow/example_dags/example_external_task_marker_dag.py took 0.068 seconds
[2023-11-24T10:31:19.633+0800] {processor.py:157} INFO - Started process (PID=59055) to work on /home/azfarmustafa/airflow_tutorial/.venv/lib/python3.10/site-packages/airflow/example_dags/example_external_task_marker_dag.py
[2023-11-24T10:31:19.637+0800] {processor.py:829} INFO - Processing file /home/azfarmustafa/airflow_tutorial/.venv/lib/python3.10/site-packages/airflow/example_dags/example_external_task_marker_dag.py for tasks to queue
[2023-11-24T10:31:19.638+0800] {logging_mixin.py:154} INFO - [2023-11-24T10:31:19.638+0800] {dagbag.py:536} INFO - Filling up the DagBag from /home/azfarmustafa/airflow_tutorial/.venv/lib/python3.10/site-packages/airflow/example_dags/example_external_task_marker_dag.py
[2023-11-24T10:31:19.646+0800] {processor.py:839} INFO - DAG(s) dict_keys(['example_external_task_marker_parent', 'example_external_task_marker_child']) retrieved from /home/azfarmustafa/airflow_tutorial/.venv/lib/python3.10/site-packages/airflow/example_dags/example_external_task_marker_dag.py
[2023-11-24T10:31:19.665+0800] {logging_mixin.py:154} INFO - [2023-11-24T10:31:19.665+0800] {dag.py:2941} INFO - Sync 2 DAGs
[2023-11-24T10:31:19.676+0800] {logging_mixin.py:154} INFO - [2023-11-24T10:31:19.676+0800] {dag.py:3722} INFO - Setting next_dagrun for example_external_task_marker_child to None, run_after=None
[2023-11-24T10:31:19.679+0800] {logging_mixin.py:154} INFO - [2023-11-24T10:31:19.679+0800] {dag.py:3722} INFO - Setting next_dagrun for example_external_task_marker_parent to None, run_after=None
[2023-11-24T10:31:19.701+0800] {processor.py:179} INFO - Processing /home/azfarmustafa/airflow_tutorial/.venv/lib/python3.10/site-packages/airflow/example_dags/example_external_task_marker_dag.py took 0.071 seconds
[2023-11-24T10:32:04.093+0800] {processor.py:157} INFO - Started process (PID=59101) to work on /home/azfarmustafa/airflow_tutorial/.venv/lib/python3.10/site-packages/airflow/example_dags/example_external_task_marker_dag.py
[2023-11-24T10:32:04.095+0800] {processor.py:829} INFO - Processing file /home/azfarmustafa/airflow_tutorial/.venv/lib/python3.10/site-packages/airflow/example_dags/example_external_task_marker_dag.py for tasks to queue
[2023-11-24T10:32:04.096+0800] {logging_mixin.py:154} INFO - [2023-11-24T10:32:04.095+0800] {dagbag.py:536} INFO - Filling up the DagBag from /home/azfarmustafa/airflow_tutorial/.venv/lib/python3.10/site-packages/airflow/example_dags/example_external_task_marker_dag.py
[2023-11-24T10:32:04.102+0800] {processor.py:839} INFO - DAG(s) dict_keys(['example_external_task_marker_parent', 'example_external_task_marker_child']) retrieved from /home/azfarmustafa/airflow_tutorial/.venv/lib/python3.10/site-packages/airflow/example_dags/example_external_task_marker_dag.py
[2023-11-24T10:32:04.125+0800] {logging_mixin.py:154} INFO - [2023-11-24T10:32:04.125+0800] {dag.py:2941} INFO - Sync 2 DAGs
[2023-11-24T10:32:04.137+0800] {logging_mixin.py:154} INFO - [2023-11-24T10:32:04.136+0800] {dag.py:3722} INFO - Setting next_dagrun for example_external_task_marker_child to None, run_after=None
[2023-11-24T10:32:04.141+0800] {logging_mixin.py:154} INFO - [2023-11-24T10:32:04.141+0800] {dag.py:3722} INFO - Setting next_dagrun for example_external_task_marker_parent to None, run_after=None
[2023-11-24T10:32:04.164+0800] {processor.py:179} INFO - Processing /home/azfarmustafa/airflow_tutorial/.venv/lib/python3.10/site-packages/airflow/example_dags/example_external_task_marker_dag.py took 0.073 seconds
[2023-11-24T10:32:54.766+0800] {processor.py:157} INFO - Started process (PID=59151) to work on /home/azfarmustafa/airflow_tutorial/.venv/lib/python3.10/site-packages/airflow/example_dags/example_external_task_marker_dag.py
[2023-11-24T10:32:54.768+0800] {processor.py:829} INFO - Processing file /home/azfarmustafa/airflow_tutorial/.venv/lib/python3.10/site-packages/airflow/example_dags/example_external_task_marker_dag.py for tasks to queue
[2023-11-24T10:32:54.769+0800] {logging_mixin.py:154} INFO - [2023-11-24T10:32:54.769+0800] {dagbag.py:536} INFO - Filling up the DagBag from /home/azfarmustafa/airflow_tutorial/.venv/lib/python3.10/site-packages/airflow/example_dags/example_external_task_marker_dag.py
[2023-11-24T10:32:54.775+0800] {processor.py:839} INFO - DAG(s) dict_keys(['example_external_task_marker_child', 'example_external_task_marker_parent']) retrieved from /home/azfarmustafa/airflow_tutorial/.venv/lib/python3.10/site-packages/airflow/example_dags/example_external_task_marker_dag.py
[2023-11-24T10:32:54.791+0800] {logging_mixin.py:154} INFO - [2023-11-24T10:32:54.791+0800] {dag.py:2941} INFO - Sync 2 DAGs
[2023-11-24T10:32:54.800+0800] {logging_mixin.py:154} INFO - [2023-11-24T10:32:54.800+0800] {dag.py:3722} INFO - Setting next_dagrun for example_external_task_marker_child to None, run_after=None
[2023-11-24T10:32:54.803+0800] {logging_mixin.py:154} INFO - [2023-11-24T10:32:54.803+0800] {dag.py:3722} INFO - Setting next_dagrun for example_external_task_marker_parent to None, run_after=None
[2023-11-24T10:32:54.826+0800] {processor.py:179} INFO - Processing /home/azfarmustafa/airflow_tutorial/.venv/lib/python3.10/site-packages/airflow/example_dags/example_external_task_marker_dag.py took 0.064 seconds
[2023-11-24T10:33:45.597+0800] {processor.py:157} INFO - Started process (PID=59201) to work on /home/azfarmustafa/airflow_tutorial/.venv/lib/python3.10/site-packages/airflow/example_dags/example_external_task_marker_dag.py
[2023-11-24T10:33:45.601+0800] {processor.py:829} INFO - Processing file /home/azfarmustafa/airflow_tutorial/.venv/lib/python3.10/site-packages/airflow/example_dags/example_external_task_marker_dag.py for tasks to queue
[2023-11-24T10:33:45.603+0800] {logging_mixin.py:154} INFO - [2023-11-24T10:33:45.602+0800] {dagbag.py:536} INFO - Filling up the DagBag from /home/azfarmustafa/airflow_tutorial/.venv/lib/python3.10/site-packages/airflow/example_dags/example_external_task_marker_dag.py
[2023-11-24T10:33:45.608+0800] {processor.py:839} INFO - DAG(s) dict_keys(['example_external_task_marker_child', 'example_external_task_marker_parent']) retrieved from /home/azfarmustafa/airflow_tutorial/.venv/lib/python3.10/site-packages/airflow/example_dags/example_external_task_marker_dag.py
[2023-11-24T10:33:45.628+0800] {logging_mixin.py:154} INFO - [2023-11-24T10:33:45.628+0800] {dag.py:2941} INFO - Sync 2 DAGs
[2023-11-24T10:33:45.644+0800] {logging_mixin.py:154} INFO - [2023-11-24T10:33:45.644+0800] {dag.py:3722} INFO - Setting next_dagrun for example_external_task_marker_child to None, run_after=None
[2023-11-24T10:33:45.648+0800] {logging_mixin.py:154} INFO - [2023-11-24T10:33:45.648+0800] {dag.py:3722} INFO - Setting next_dagrun for example_external_task_marker_parent to None, run_after=None
[2023-11-24T10:33:45.676+0800] {processor.py:179} INFO - Processing /home/azfarmustafa/airflow_tutorial/.venv/lib/python3.10/site-packages/airflow/example_dags/example_external_task_marker_dag.py took 0.083 seconds
[2023-11-24T10:34:35.519+0800] {processor.py:157} INFO - Started process (PID=59252) to work on /home/azfarmustafa/airflow_tutorial/.venv/lib/python3.10/site-packages/airflow/example_dags/example_external_task_marker_dag.py
[2023-11-24T10:34:35.520+0800] {processor.py:829} INFO - Processing file /home/azfarmustafa/airflow_tutorial/.venv/lib/python3.10/site-packages/airflow/example_dags/example_external_task_marker_dag.py for tasks to queue
[2023-11-24T10:34:35.521+0800] {logging_mixin.py:154} INFO - [2023-11-24T10:34:35.520+0800] {dagbag.py:536} INFO - Filling up the DagBag from /home/azfarmustafa/airflow_tutorial/.venv/lib/python3.10/site-packages/airflow/example_dags/example_external_task_marker_dag.py
[2023-11-24T10:34:35.526+0800] {processor.py:839} INFO - DAG(s) dict_keys(['example_external_task_marker_parent', 'example_external_task_marker_child']) retrieved from /home/azfarmustafa/airflow_tutorial/.venv/lib/python3.10/site-packages/airflow/example_dags/example_external_task_marker_dag.py
[2023-11-24T10:34:35.542+0800] {logging_mixin.py:154} INFO - [2023-11-24T10:34:35.542+0800] {dag.py:2941} INFO - Sync 2 DAGs
[2023-11-24T10:34:35.552+0800] {logging_mixin.py:154} INFO - [2023-11-24T10:34:35.552+0800] {dag.py:3722} INFO - Setting next_dagrun for example_external_task_marker_child to None, run_after=None
[2023-11-24T10:34:35.555+0800] {logging_mixin.py:154} INFO - [2023-11-24T10:34:35.555+0800] {dag.py:3722} INFO - Setting next_dagrun for example_external_task_marker_parent to None, run_after=None
[2023-11-24T10:34:35.578+0800] {processor.py:179} INFO - Processing /home/azfarmustafa/airflow_tutorial/.venv/lib/python3.10/site-packages/airflow/example_dags/example_external_task_marker_dag.py took 0.061 seconds
[2023-11-24T10:35:21.001+0800] {processor.py:157} INFO - Started process (PID=59303) to work on /home/azfarmustafa/airflow_tutorial/.venv/lib/python3.10/site-packages/airflow/example_dags/example_external_task_marker_dag.py
[2023-11-24T10:35:21.002+0800] {processor.py:829} INFO - Processing file /home/azfarmustafa/airflow_tutorial/.venv/lib/python3.10/site-packages/airflow/example_dags/example_external_task_marker_dag.py for tasks to queue
[2023-11-24T10:35:21.003+0800] {logging_mixin.py:154} INFO - [2023-11-24T10:35:21.003+0800] {dagbag.py:536} INFO - Filling up the DagBag from /home/azfarmustafa/airflow_tutorial/.venv/lib/python3.10/site-packages/airflow/example_dags/example_external_task_marker_dag.py
[2023-11-24T10:35:21.011+0800] {processor.py:839} INFO - DAG(s) dict_keys(['example_external_task_marker_parent', 'example_external_task_marker_child']) retrieved from /home/azfarmustafa/airflow_tutorial/.venv/lib/python3.10/site-packages/airflow/example_dags/example_external_task_marker_dag.py
[2023-11-24T10:35:21.030+0800] {logging_mixin.py:154} INFO - [2023-11-24T10:35:21.029+0800] {dag.py:2941} INFO - Sync 2 DAGs
[2023-11-24T10:35:21.041+0800] {logging_mixin.py:154} INFO - [2023-11-24T10:35:21.040+0800] {dag.py:3722} INFO - Setting next_dagrun for example_external_task_marker_child to None, run_after=None
[2023-11-24T10:35:21.044+0800] {logging_mixin.py:154} INFO - [2023-11-24T10:35:21.043+0800] {dag.py:3722} INFO - Setting next_dagrun for example_external_task_marker_parent to None, run_after=None
[2023-11-24T10:35:21.067+0800] {processor.py:179} INFO - Processing /home/azfarmustafa/airflow_tutorial/.venv/lib/python3.10/site-packages/airflow/example_dags/example_external_task_marker_dag.py took 0.069 seconds
[2023-11-24T10:36:03.002+0800] {processor.py:157} INFO - Started process (PID=59349) to work on /home/azfarmustafa/airflow_tutorial/.venv/lib/python3.10/site-packages/airflow/example_dags/example_external_task_marker_dag.py
[2023-11-24T10:36:03.007+0800] {processor.py:829} INFO - Processing file /home/azfarmustafa/airflow_tutorial/.venv/lib/python3.10/site-packages/airflow/example_dags/example_external_task_marker_dag.py for tasks to queue
[2023-11-24T10:36:03.008+0800] {logging_mixin.py:154} INFO - [2023-11-24T10:36:03.008+0800] {dagbag.py:536} INFO - Filling up the DagBag from /home/azfarmustafa/airflow_tutorial/.venv/lib/python3.10/site-packages/airflow/example_dags/example_external_task_marker_dag.py
[2023-11-24T10:36:03.015+0800] {processor.py:839} INFO - DAG(s) dict_keys(['example_external_task_marker_child', 'example_external_task_marker_parent']) retrieved from /home/azfarmustafa/airflow_tutorial/.venv/lib/python3.10/site-packages/airflow/example_dags/example_external_task_marker_dag.py
[2023-11-24T10:36:03.032+0800] {logging_mixin.py:154} INFO - [2023-11-24T10:36:03.032+0800] {dag.py:2941} INFO - Sync 2 DAGs
[2023-11-24T10:36:03.046+0800] {logging_mixin.py:154} INFO - [2023-11-24T10:36:03.046+0800] {dag.py:3722} INFO - Setting next_dagrun for example_external_task_marker_child to None, run_after=None
[2023-11-24T10:36:03.050+0800] {logging_mixin.py:154} INFO - [2023-11-24T10:36:03.049+0800] {dag.py:3722} INFO - Setting next_dagrun for example_external_task_marker_parent to None, run_after=None
[2023-11-24T10:36:03.074+0800] {processor.py:179} INFO - Processing /home/azfarmustafa/airflow_tutorial/.venv/lib/python3.10/site-packages/airflow/example_dags/example_external_task_marker_dag.py took 0.075 seconds
[2023-11-24T10:36:52.952+0800] {processor.py:157} INFO - Started process (PID=59400) to work on /home/azfarmustafa/airflow_tutorial/.venv/lib/python3.10/site-packages/airflow/example_dags/example_external_task_marker_dag.py
[2023-11-24T10:36:52.953+0800] {processor.py:829} INFO - Processing file /home/azfarmustafa/airflow_tutorial/.venv/lib/python3.10/site-packages/airflow/example_dags/example_external_task_marker_dag.py for tasks to queue
[2023-11-24T10:36:52.954+0800] {logging_mixin.py:154} INFO - [2023-11-24T10:36:52.954+0800] {dagbag.py:536} INFO - Filling up the DagBag from /home/azfarmustafa/airflow_tutorial/.venv/lib/python3.10/site-packages/airflow/example_dags/example_external_task_marker_dag.py
[2023-11-24T10:36:52.961+0800] {processor.py:839} INFO - DAG(s) dict_keys(['example_external_task_marker_parent', 'example_external_task_marker_child']) retrieved from /home/azfarmustafa/airflow_tutorial/.venv/lib/python3.10/site-packages/airflow/example_dags/example_external_task_marker_dag.py
[2023-11-24T10:36:52.984+0800] {logging_mixin.py:154} INFO - [2023-11-24T10:36:52.984+0800] {dag.py:2941} INFO - Sync 2 DAGs
[2023-11-24T10:36:52.994+0800] {logging_mixin.py:154} INFO - [2023-11-24T10:36:52.994+0800] {dag.py:3722} INFO - Setting next_dagrun for example_external_task_marker_child to None, run_after=None
[2023-11-24T10:36:53.000+0800] {logging_mixin.py:154} INFO - [2023-11-24T10:36:53.000+0800] {dag.py:3722} INFO - Setting next_dagrun for example_external_task_marker_parent to None, run_after=None
[2023-11-24T10:36:53.024+0800] {processor.py:179} INFO - Processing /home/azfarmustafa/airflow_tutorial/.venv/lib/python3.10/site-packages/airflow/example_dags/example_external_task_marker_dag.py took 0.075 seconds
[2023-11-24T10:37:37.847+0800] {processor.py:157} INFO - Started process (PID=59447) to work on /home/azfarmustafa/airflow_tutorial/.venv/lib/python3.10/site-packages/airflow/example_dags/example_external_task_marker_dag.py
[2023-11-24T10:37:37.851+0800] {processor.py:829} INFO - Processing file /home/azfarmustafa/airflow_tutorial/.venv/lib/python3.10/site-packages/airflow/example_dags/example_external_task_marker_dag.py for tasks to queue
[2023-11-24T10:37:37.852+0800] {logging_mixin.py:154} INFO - [2023-11-24T10:37:37.851+0800] {dagbag.py:536} INFO - Filling up the DagBag from /home/azfarmustafa/airflow_tutorial/.venv/lib/python3.10/site-packages/airflow/example_dags/example_external_task_marker_dag.py
[2023-11-24T10:37:37.857+0800] {processor.py:839} INFO - DAG(s) dict_keys(['example_external_task_marker_child', 'example_external_task_marker_parent']) retrieved from /home/azfarmustafa/airflow_tutorial/.venv/lib/python3.10/site-packages/airflow/example_dags/example_external_task_marker_dag.py
[2023-11-24T10:37:37.873+0800] {logging_mixin.py:154} INFO - [2023-11-24T10:37:37.873+0800] {dag.py:2941} INFO - Sync 2 DAGs
[2023-11-24T10:37:37.885+0800] {logging_mixin.py:154} INFO - [2023-11-24T10:37:37.885+0800] {dag.py:3722} INFO - Setting next_dagrun for example_external_task_marker_child to None, run_after=None
[2023-11-24T10:37:37.889+0800] {logging_mixin.py:154} INFO - [2023-11-24T10:37:37.889+0800] {dag.py:3722} INFO - Setting next_dagrun for example_external_task_marker_parent to None, run_after=None
[2023-11-24T10:37:37.912+0800] {processor.py:179} INFO - Processing /home/azfarmustafa/airflow_tutorial/.venv/lib/python3.10/site-packages/airflow/example_dags/example_external_task_marker_dag.py took 0.068 seconds
[2023-11-24T10:38:26.839+0800] {processor.py:157} INFO - Started process (PID=59496) to work on /home/azfarmustafa/airflow_tutorial/.venv/lib/python3.10/site-packages/airflow/example_dags/example_external_task_marker_dag.py
[2023-11-24T10:38:26.843+0800] {processor.py:829} INFO - Processing file /home/azfarmustafa/airflow_tutorial/.venv/lib/python3.10/site-packages/airflow/example_dags/example_external_task_marker_dag.py for tasks to queue
[2023-11-24T10:38:26.845+0800] {logging_mixin.py:154} INFO - [2023-11-24T10:38:26.844+0800] {dagbag.py:536} INFO - Filling up the DagBag from /home/azfarmustafa/airflow_tutorial/.venv/lib/python3.10/site-packages/airflow/example_dags/example_external_task_marker_dag.py
[2023-11-24T10:38:26.853+0800] {processor.py:839} INFO - DAG(s) dict_keys(['example_external_task_marker_child', 'example_external_task_marker_parent']) retrieved from /home/azfarmustafa/airflow_tutorial/.venv/lib/python3.10/site-packages/airflow/example_dags/example_external_task_marker_dag.py
[2023-11-24T10:38:26.874+0800] {logging_mixin.py:154} INFO - [2023-11-24T10:38:26.873+0800] {dag.py:2941} INFO - Sync 2 DAGs
[2023-11-24T10:38:26.885+0800] {logging_mixin.py:154} INFO - [2023-11-24T10:38:26.885+0800] {dag.py:3722} INFO - Setting next_dagrun for example_external_task_marker_child to None, run_after=None
[2023-11-24T10:38:26.889+0800] {logging_mixin.py:154} INFO - [2023-11-24T10:38:26.889+0800] {dag.py:3722} INFO - Setting next_dagrun for example_external_task_marker_parent to None, run_after=None
[2023-11-24T10:38:26.914+0800] {processor.py:179} INFO - Processing /home/azfarmustafa/airflow_tutorial/.venv/lib/python3.10/site-packages/airflow/example_dags/example_external_task_marker_dag.py took 0.080 seconds
[2023-11-24T10:39:16.250+0800] {processor.py:157} INFO - Started process (PID=59545) to work on /home/azfarmustafa/airflow_tutorial/.venv/lib/python3.10/site-packages/airflow/example_dags/example_external_task_marker_dag.py
[2023-11-24T10:39:16.252+0800] {processor.py:829} INFO - Processing file /home/azfarmustafa/airflow_tutorial/.venv/lib/python3.10/site-packages/airflow/example_dags/example_external_task_marker_dag.py for tasks to queue
[2023-11-24T10:39:16.253+0800] {logging_mixin.py:154} INFO - [2023-11-24T10:39:16.252+0800] {dagbag.py:536} INFO - Filling up the DagBag from /home/azfarmustafa/airflow_tutorial/.venv/lib/python3.10/site-packages/airflow/example_dags/example_external_task_marker_dag.py
[2023-11-24T10:39:16.258+0800] {processor.py:839} INFO - DAG(s) dict_keys(['example_external_task_marker_parent', 'example_external_task_marker_child']) retrieved from /home/azfarmustafa/airflow_tutorial/.venv/lib/python3.10/site-packages/airflow/example_dags/example_external_task_marker_dag.py
[2023-11-24T10:39:16.276+0800] {logging_mixin.py:154} INFO - [2023-11-24T10:39:16.275+0800] {dag.py:2941} INFO - Sync 2 DAGs
[2023-11-24T10:39:16.286+0800] {logging_mixin.py:154} INFO - [2023-11-24T10:39:16.286+0800] {dag.py:3722} INFO - Setting next_dagrun for example_external_task_marker_child to None, run_after=None
[2023-11-24T10:39:16.289+0800] {logging_mixin.py:154} INFO - [2023-11-24T10:39:16.289+0800] {dag.py:3722} INFO - Setting next_dagrun for example_external_task_marker_parent to None, run_after=None
[2023-11-24T10:39:16.311+0800] {processor.py:179} INFO - Processing /home/azfarmustafa/airflow_tutorial/.venv/lib/python3.10/site-packages/airflow/example_dags/example_external_task_marker_dag.py took 0.063 seconds
[2023-11-24T10:40:05.389+0800] {processor.py:157} INFO - Started process (PID=59594) to work on /home/azfarmustafa/airflow_tutorial/.venv/lib/python3.10/site-packages/airflow/example_dags/example_external_task_marker_dag.py
[2023-11-24T10:40:05.390+0800] {processor.py:829} INFO - Processing file /home/azfarmustafa/airflow_tutorial/.venv/lib/python3.10/site-packages/airflow/example_dags/example_external_task_marker_dag.py for tasks to queue
[2023-11-24T10:40:05.391+0800] {logging_mixin.py:154} INFO - [2023-11-24T10:40:05.391+0800] {dagbag.py:536} INFO - Filling up the DagBag from /home/azfarmustafa/airflow_tutorial/.venv/lib/python3.10/site-packages/airflow/example_dags/example_external_task_marker_dag.py
[2023-11-24T10:40:05.396+0800] {processor.py:839} INFO - DAG(s) dict_keys(['example_external_task_marker_parent', 'example_external_task_marker_child']) retrieved from /home/azfarmustafa/airflow_tutorial/.venv/lib/python3.10/site-packages/airflow/example_dags/example_external_task_marker_dag.py
[2023-11-24T10:40:05.413+0800] {logging_mixin.py:154} INFO - [2023-11-24T10:40:05.413+0800] {dag.py:2941} INFO - Sync 2 DAGs
[2023-11-24T10:40:05.424+0800] {logging_mixin.py:154} INFO - [2023-11-24T10:40:05.424+0800] {dag.py:3722} INFO - Setting next_dagrun for example_external_task_marker_child to None, run_after=None
[2023-11-24T10:40:05.429+0800] {logging_mixin.py:154} INFO - [2023-11-24T10:40:05.428+0800] {dag.py:3722} INFO - Setting next_dagrun for example_external_task_marker_parent to None, run_after=None
[2023-11-24T10:40:05.450+0800] {processor.py:179} INFO - Processing /home/azfarmustafa/airflow_tutorial/.venv/lib/python3.10/site-packages/airflow/example_dags/example_external_task_marker_dag.py took 0.064 seconds
[2023-11-24T10:40:50.512+0800] {processor.py:157} INFO - Started process (PID=59640) to work on /home/azfarmustafa/airflow_tutorial/.venv/lib/python3.10/site-packages/airflow/example_dags/example_external_task_marker_dag.py
[2023-11-24T10:40:50.516+0800] {processor.py:829} INFO - Processing file /home/azfarmustafa/airflow_tutorial/.venv/lib/python3.10/site-packages/airflow/example_dags/example_external_task_marker_dag.py for tasks to queue
[2023-11-24T10:40:50.517+0800] {logging_mixin.py:154} INFO - [2023-11-24T10:40:50.517+0800] {dagbag.py:536} INFO - Filling up the DagBag from /home/azfarmustafa/airflow_tutorial/.venv/lib/python3.10/site-packages/airflow/example_dags/example_external_task_marker_dag.py
[2023-11-24T10:40:50.523+0800] {processor.py:839} INFO - DAG(s) dict_keys(['example_external_task_marker_parent', 'example_external_task_marker_child']) retrieved from /home/azfarmustafa/airflow_tutorial/.venv/lib/python3.10/site-packages/airflow/example_dags/example_external_task_marker_dag.py
[2023-11-24T10:40:50.548+0800] {logging_mixin.py:154} INFO - [2023-11-24T10:40:50.548+0800] {dag.py:2941} INFO - Sync 2 DAGs
[2023-11-24T10:40:50.560+0800] {logging_mixin.py:154} INFO - [2023-11-24T10:40:50.559+0800] {dag.py:3722} INFO - Setting next_dagrun for example_external_task_marker_child to None, run_after=None
[2023-11-24T10:40:50.563+0800] {logging_mixin.py:154} INFO - [2023-11-24T10:40:50.563+0800] {dag.py:3722} INFO - Setting next_dagrun for example_external_task_marker_parent to None, run_after=None
[2023-11-24T10:40:50.586+0800] {processor.py:179} INFO - Processing /home/azfarmustafa/airflow_tutorial/.venv/lib/python3.10/site-packages/airflow/example_dags/example_external_task_marker_dag.py took 0.077 seconds
[2023-11-24T10:41:39.703+0800] {processor.py:157} INFO - Started process (PID=59695) to work on /home/azfarmustafa/airflow_tutorial/.venv/lib/python3.10/site-packages/airflow/example_dags/example_external_task_marker_dag.py
[2023-11-24T10:41:39.707+0800] {processor.py:829} INFO - Processing file /home/azfarmustafa/airflow_tutorial/.venv/lib/python3.10/site-packages/airflow/example_dags/example_external_task_marker_dag.py for tasks to queue
[2023-11-24T10:41:39.708+0800] {logging_mixin.py:154} INFO - [2023-11-24T10:41:39.707+0800] {dagbag.py:536} INFO - Filling up the DagBag from /home/azfarmustafa/airflow_tutorial/.venv/lib/python3.10/site-packages/airflow/example_dags/example_external_task_marker_dag.py
[2023-11-24T10:41:39.716+0800] {processor.py:839} INFO - DAG(s) dict_keys(['example_external_task_marker_parent', 'example_external_task_marker_child']) retrieved from /home/azfarmustafa/airflow_tutorial/.venv/lib/python3.10/site-packages/airflow/example_dags/example_external_task_marker_dag.py
[2023-11-24T10:41:39.735+0800] {logging_mixin.py:154} INFO - [2023-11-24T10:41:39.735+0800] {dag.py:2941} INFO - Sync 2 DAGs
[2023-11-24T10:41:39.744+0800] {logging_mixin.py:154} INFO - [2023-11-24T10:41:39.744+0800] {dag.py:3722} INFO - Setting next_dagrun for example_external_task_marker_child to None, run_after=None
[2023-11-24T10:41:39.748+0800] {logging_mixin.py:154} INFO - [2023-11-24T10:41:39.748+0800] {dag.py:3722} INFO - Setting next_dagrun for example_external_task_marker_parent to None, run_after=None
[2023-11-24T10:41:39.772+0800] {processor.py:179} INFO - Processing /home/azfarmustafa/airflow_tutorial/.venv/lib/python3.10/site-packages/airflow/example_dags/example_external_task_marker_dag.py took 0.072 seconds
[2023-11-24T10:42:24.958+0800] {processor.py:157} INFO - Started process (PID=59742) to work on /home/azfarmustafa/airflow_tutorial/.venv/lib/python3.10/site-packages/airflow/example_dags/example_external_task_marker_dag.py
[2023-11-24T10:42:24.962+0800] {processor.py:829} INFO - Processing file /home/azfarmustafa/airflow_tutorial/.venv/lib/python3.10/site-packages/airflow/example_dags/example_external_task_marker_dag.py for tasks to queue
[2023-11-24T10:42:24.962+0800] {logging_mixin.py:154} INFO - [2023-11-24T10:42:24.962+0800] {dagbag.py:536} INFO - Filling up the DagBag from /home/azfarmustafa/airflow_tutorial/.venv/lib/python3.10/site-packages/airflow/example_dags/example_external_task_marker_dag.py
[2023-11-24T10:42:24.967+0800] {processor.py:839} INFO - DAG(s) dict_keys(['example_external_task_marker_parent', 'example_external_task_marker_child']) retrieved from /home/azfarmustafa/airflow_tutorial/.venv/lib/python3.10/site-packages/airflow/example_dags/example_external_task_marker_dag.py
[2023-11-24T10:42:24.992+0800] {logging_mixin.py:154} INFO - [2023-11-24T10:42:24.992+0800] {dag.py:2941} INFO - Sync 2 DAGs
[2023-11-24T10:42:25.003+0800] {logging_mixin.py:154} INFO - [2023-11-24T10:42:25.003+0800] {dag.py:3722} INFO - Setting next_dagrun for example_external_task_marker_child to None, run_after=None
[2023-11-24T10:42:25.006+0800] {logging_mixin.py:154} INFO - [2023-11-24T10:42:25.006+0800] {dag.py:3722} INFO - Setting next_dagrun for example_external_task_marker_parent to None, run_after=None
[2023-11-24T10:42:25.030+0800] {processor.py:179} INFO - Processing /home/azfarmustafa/airflow_tutorial/.venv/lib/python3.10/site-packages/airflow/example_dags/example_external_task_marker_dag.py took 0.075 seconds
[2023-11-24T10:43:13.756+0800] {processor.py:157} INFO - Started process (PID=59791) to work on /home/azfarmustafa/airflow_tutorial/.venv/lib/python3.10/site-packages/airflow/example_dags/example_external_task_marker_dag.py
[2023-11-24T10:43:13.757+0800] {processor.py:829} INFO - Processing file /home/azfarmustafa/airflow_tutorial/.venv/lib/python3.10/site-packages/airflow/example_dags/example_external_task_marker_dag.py for tasks to queue
[2023-11-24T10:43:13.758+0800] {logging_mixin.py:154} INFO - [2023-11-24T10:43:13.757+0800] {dagbag.py:536} INFO - Filling up the DagBag from /home/azfarmustafa/airflow_tutorial/.venv/lib/python3.10/site-packages/airflow/example_dags/example_external_task_marker_dag.py
[2023-11-24T10:43:13.763+0800] {processor.py:839} INFO - DAG(s) dict_keys(['example_external_task_marker_parent', 'example_external_task_marker_child']) retrieved from /home/azfarmustafa/airflow_tutorial/.venv/lib/python3.10/site-packages/airflow/example_dags/example_external_task_marker_dag.py
[2023-11-24T10:43:13.780+0800] {logging_mixin.py:154} INFO - [2023-11-24T10:43:13.780+0800] {dag.py:2941} INFO - Sync 2 DAGs
[2023-11-24T10:43:13.790+0800] {logging_mixin.py:154} INFO - [2023-11-24T10:43:13.789+0800] {dag.py:3722} INFO - Setting next_dagrun for example_external_task_marker_child to None, run_after=None
[2023-11-24T10:43:13.793+0800] {logging_mixin.py:154} INFO - [2023-11-24T10:43:13.793+0800] {dag.py:3722} INFO - Setting next_dagrun for example_external_task_marker_parent to None, run_after=None
[2023-11-24T10:43:13.816+0800] {processor.py:179} INFO - Processing /home/azfarmustafa/airflow_tutorial/.venv/lib/python3.10/site-packages/airflow/example_dags/example_external_task_marker_dag.py took 0.063 seconds
[2023-11-24T10:43:59.802+0800] {processor.py:157} INFO - Started process (PID=59838) to work on /home/azfarmustafa/airflow_tutorial/.venv/lib/python3.10/site-packages/airflow/example_dags/example_external_task_marker_dag.py
[2023-11-24T10:43:59.806+0800] {processor.py:829} INFO - Processing file /home/azfarmustafa/airflow_tutorial/.venv/lib/python3.10/site-packages/airflow/example_dags/example_external_task_marker_dag.py for tasks to queue
[2023-11-24T10:43:59.807+0800] {logging_mixin.py:154} INFO - [2023-11-24T10:43:59.807+0800] {dagbag.py:536} INFO - Filling up the DagBag from /home/azfarmustafa/airflow_tutorial/.venv/lib/python3.10/site-packages/airflow/example_dags/example_external_task_marker_dag.py
[2023-11-24T10:43:59.813+0800] {processor.py:839} INFO - DAG(s) dict_keys(['example_external_task_marker_child', 'example_external_task_marker_parent']) retrieved from /home/azfarmustafa/airflow_tutorial/.venv/lib/python3.10/site-packages/airflow/example_dags/example_external_task_marker_dag.py
[2023-11-24T10:43:59.830+0800] {logging_mixin.py:154} INFO - [2023-11-24T10:43:59.830+0800] {dag.py:2941} INFO - Sync 2 DAGs
[2023-11-24T10:43:59.840+0800] {logging_mixin.py:154} INFO - [2023-11-24T10:43:59.840+0800] {dag.py:3722} INFO - Setting next_dagrun for example_external_task_marker_child to None, run_after=None
[2023-11-24T10:43:59.843+0800] {logging_mixin.py:154} INFO - [2023-11-24T10:43:59.843+0800] {dag.py:3722} INFO - Setting next_dagrun for example_external_task_marker_parent to None, run_after=None
[2023-11-24T10:43:59.866+0800] {processor.py:179} INFO - Processing /home/azfarmustafa/airflow_tutorial/.venv/lib/python3.10/site-packages/airflow/example_dags/example_external_task_marker_dag.py took 0.067 seconds
[2023-11-24T10:44:49.108+0800] {processor.py:157} INFO - Started process (PID=59888) to work on /home/azfarmustafa/airflow_tutorial/.venv/lib/python3.10/site-packages/airflow/example_dags/example_external_task_marker_dag.py
[2023-11-24T10:44:49.112+0800] {processor.py:829} INFO - Processing file /home/azfarmustafa/airflow_tutorial/.venv/lib/python3.10/site-packages/airflow/example_dags/example_external_task_marker_dag.py for tasks to queue
[2023-11-24T10:44:49.112+0800] {logging_mixin.py:154} INFO - [2023-11-24T10:44:49.112+0800] {dagbag.py:536} INFO - Filling up the DagBag from /home/azfarmustafa/airflow_tutorial/.venv/lib/python3.10/site-packages/airflow/example_dags/example_external_task_marker_dag.py
[2023-11-24T10:44:49.118+0800] {processor.py:839} INFO - DAG(s) dict_keys(['example_external_task_marker_child', 'example_external_task_marker_parent']) retrieved from /home/azfarmustafa/airflow_tutorial/.venv/lib/python3.10/site-packages/airflow/example_dags/example_external_task_marker_dag.py
[2023-11-24T10:44:49.135+0800] {logging_mixin.py:154} INFO - [2023-11-24T10:44:49.134+0800] {dag.py:2941} INFO - Sync 2 DAGs
[2023-11-24T10:44:49.144+0800] {logging_mixin.py:154} INFO - [2023-11-24T10:44:49.144+0800] {dag.py:3722} INFO - Setting next_dagrun for example_external_task_marker_child to None, run_after=None
[2023-11-24T10:44:49.148+0800] {logging_mixin.py:154} INFO - [2023-11-24T10:44:49.147+0800] {dag.py:3722} INFO - Setting next_dagrun for example_external_task_marker_parent to None, run_after=None
[2023-11-24T10:44:49.172+0800] {processor.py:179} INFO - Processing /home/azfarmustafa/airflow_tutorial/.venv/lib/python3.10/site-packages/airflow/example_dags/example_external_task_marker_dag.py took 0.067 seconds
[2023-11-24T10:45:36.862+0800] {processor.py:157} INFO - Started process (PID=59936) to work on /home/azfarmustafa/airflow_tutorial/.venv/lib/python3.10/site-packages/airflow/example_dags/example_external_task_marker_dag.py
[2023-11-24T10:45:36.866+0800] {processor.py:829} INFO - Processing file /home/azfarmustafa/airflow_tutorial/.venv/lib/python3.10/site-packages/airflow/example_dags/example_external_task_marker_dag.py for tasks to queue
[2023-11-24T10:45:36.867+0800] {logging_mixin.py:154} INFO - [2023-11-24T10:45:36.867+0800] {dagbag.py:536} INFO - Filling up the DagBag from /home/azfarmustafa/airflow_tutorial/.venv/lib/python3.10/site-packages/airflow/example_dags/example_external_task_marker_dag.py
[2023-11-24T10:45:36.872+0800] {processor.py:839} INFO - DAG(s) dict_keys(['example_external_task_marker_parent', 'example_external_task_marker_child']) retrieved from /home/azfarmustafa/airflow_tutorial/.venv/lib/python3.10/site-packages/airflow/example_dags/example_external_task_marker_dag.py
[2023-11-24T10:45:36.889+0800] {logging_mixin.py:154} INFO - [2023-11-24T10:45:36.889+0800] {dag.py:2941} INFO - Sync 2 DAGs
[2023-11-24T10:45:36.899+0800] {logging_mixin.py:154} INFO - [2023-11-24T10:45:36.899+0800] {dag.py:3722} INFO - Setting next_dagrun for example_external_task_marker_child to None, run_after=None
[2023-11-24T10:45:36.902+0800] {logging_mixin.py:154} INFO - [2023-11-24T10:45:36.902+0800] {dag.py:3722} INFO - Setting next_dagrun for example_external_task_marker_parent to None, run_after=None
[2023-11-24T10:45:36.922+0800] {processor.py:179} INFO - Processing /home/azfarmustafa/airflow_tutorial/.venv/lib/python3.10/site-packages/airflow/example_dags/example_external_task_marker_dag.py took 0.061 seconds
[2023-11-24T10:46:23.110+0800] {processor.py:157} INFO - Started process (PID=59983) to work on /home/azfarmustafa/airflow_tutorial/.venv/lib/python3.10/site-packages/airflow/example_dags/example_external_task_marker_dag.py
[2023-11-24T10:46:23.114+0800] {processor.py:829} INFO - Processing file /home/azfarmustafa/airflow_tutorial/.venv/lib/python3.10/site-packages/airflow/example_dags/example_external_task_marker_dag.py for tasks to queue
[2023-11-24T10:46:23.115+0800] {logging_mixin.py:154} INFO - [2023-11-24T10:46:23.115+0800] {dagbag.py:536} INFO - Filling up the DagBag from /home/azfarmustafa/airflow_tutorial/.venv/lib/python3.10/site-packages/airflow/example_dags/example_external_task_marker_dag.py
[2023-11-24T10:46:23.121+0800] {processor.py:839} INFO - DAG(s) dict_keys(['example_external_task_marker_child', 'example_external_task_marker_parent']) retrieved from /home/azfarmustafa/airflow_tutorial/.venv/lib/python3.10/site-packages/airflow/example_dags/example_external_task_marker_dag.py
[2023-11-24T10:46:23.137+0800] {logging_mixin.py:154} INFO - [2023-11-24T10:46:23.137+0800] {dag.py:2941} INFO - Sync 2 DAGs
[2023-11-24T10:46:23.147+0800] {logging_mixin.py:154} INFO - [2023-11-24T10:46:23.147+0800] {dag.py:3722} INFO - Setting next_dagrun for example_external_task_marker_child to None, run_after=None
[2023-11-24T10:46:23.150+0800] {logging_mixin.py:154} INFO - [2023-11-24T10:46:23.150+0800] {dag.py:3722} INFO - Setting next_dagrun for example_external_task_marker_parent to None, run_after=None
[2023-11-24T10:46:23.171+0800] {processor.py:179} INFO - Processing /home/azfarmustafa/airflow_tutorial/.venv/lib/python3.10/site-packages/airflow/example_dags/example_external_task_marker_dag.py took 0.064 seconds
[2023-11-24T10:47:09.364+0800] {processor.py:157} INFO - Started process (PID=60036) to work on /home/azfarmustafa/airflow_tutorial/.venv/lib/python3.10/site-packages/airflow/example_dags/example_external_task_marker_dag.py
[2023-11-24T10:47:09.368+0800] {processor.py:829} INFO - Processing file /home/azfarmustafa/airflow_tutorial/.venv/lib/python3.10/site-packages/airflow/example_dags/example_external_task_marker_dag.py for tasks to queue
[2023-11-24T10:47:09.369+0800] {logging_mixin.py:154} INFO - [2023-11-24T10:47:09.369+0800] {dagbag.py:536} INFO - Filling up the DagBag from /home/azfarmustafa/airflow_tutorial/.venv/lib/python3.10/site-packages/airflow/example_dags/example_external_task_marker_dag.py
[2023-11-24T10:47:09.375+0800] {processor.py:839} INFO - DAG(s) dict_keys(['example_external_task_marker_parent', 'example_external_task_marker_child']) retrieved from /home/azfarmustafa/airflow_tutorial/.venv/lib/python3.10/site-packages/airflow/example_dags/example_external_task_marker_dag.py
[2023-11-24T10:47:09.394+0800] {logging_mixin.py:154} INFO - [2023-11-24T10:47:09.394+0800] {dag.py:2941} INFO - Sync 2 DAGs
[2023-11-24T10:47:09.405+0800] {logging_mixin.py:154} INFO - [2023-11-24T10:47:09.404+0800] {dag.py:3722} INFO - Setting next_dagrun for example_external_task_marker_child to None, run_after=None
[2023-11-24T10:47:09.410+0800] {logging_mixin.py:154} INFO - [2023-11-24T10:47:09.409+0800] {dag.py:3722} INFO - Setting next_dagrun for example_external_task_marker_parent to None, run_after=None
[2023-11-24T10:47:09.436+0800] {processor.py:179} INFO - Processing /home/azfarmustafa/airflow_tutorial/.venv/lib/python3.10/site-packages/airflow/example_dags/example_external_task_marker_dag.py took 0.075 seconds
[2023-11-24T10:47:53.020+0800] {processor.py:157} INFO - Started process (PID=60081) to work on /home/azfarmustafa/airflow_tutorial/.venv/lib/python3.10/site-packages/airflow/example_dags/example_external_task_marker_dag.py
[2023-11-24T10:47:53.025+0800] {processor.py:829} INFO - Processing file /home/azfarmustafa/airflow_tutorial/.venv/lib/python3.10/site-packages/airflow/example_dags/example_external_task_marker_dag.py for tasks to queue
[2023-11-24T10:47:53.026+0800] {logging_mixin.py:154} INFO - [2023-11-24T10:47:53.025+0800] {dagbag.py:536} INFO - Filling up the DagBag from /home/azfarmustafa/airflow_tutorial/.venv/lib/python3.10/site-packages/airflow/example_dags/example_external_task_marker_dag.py
[2023-11-24T10:47:53.039+0800] {processor.py:839} INFO - DAG(s) dict_keys(['example_external_task_marker_child', 'example_external_task_marker_parent']) retrieved from /home/azfarmustafa/airflow_tutorial/.venv/lib/python3.10/site-packages/airflow/example_dags/example_external_task_marker_dag.py
[2023-11-24T10:47:53.057+0800] {logging_mixin.py:154} INFO - [2023-11-24T10:47:53.057+0800] {dag.py:2941} INFO - Sync 2 DAGs
[2023-11-24T10:47:53.067+0800] {logging_mixin.py:154} INFO - [2023-11-24T10:47:53.067+0800] {dag.py:3722} INFO - Setting next_dagrun for example_external_task_marker_child to None, run_after=None
[2023-11-24T10:47:53.070+0800] {logging_mixin.py:154} INFO - [2023-11-24T10:47:53.070+0800] {dag.py:3722} INFO - Setting next_dagrun for example_external_task_marker_parent to None, run_after=None
[2023-11-24T10:47:53.096+0800] {processor.py:179} INFO - Processing /home/azfarmustafa/airflow_tutorial/.venv/lib/python3.10/site-packages/airflow/example_dags/example_external_task_marker_dag.py took 0.078 seconds
[2023-11-24T10:48:38.214+0800] {processor.py:157} INFO - Started process (PID=60128) to work on /home/azfarmustafa/airflow_tutorial/.venv/lib/python3.10/site-packages/airflow/example_dags/example_external_task_marker_dag.py
[2023-11-24T10:48:38.218+0800] {processor.py:829} INFO - Processing file /home/azfarmustafa/airflow_tutorial/.venv/lib/python3.10/site-packages/airflow/example_dags/example_external_task_marker_dag.py for tasks to queue
[2023-11-24T10:48:38.219+0800] {logging_mixin.py:154} INFO - [2023-11-24T10:48:38.219+0800] {dagbag.py:536} INFO - Filling up the DagBag from /home/azfarmustafa/airflow_tutorial/.venv/lib/python3.10/site-packages/airflow/example_dags/example_external_task_marker_dag.py
[2023-11-24T10:48:38.226+0800] {processor.py:839} INFO - DAG(s) dict_keys(['example_external_task_marker_parent', 'example_external_task_marker_child']) retrieved from /home/azfarmustafa/airflow_tutorial/.venv/lib/python3.10/site-packages/airflow/example_dags/example_external_task_marker_dag.py
[2023-11-24T10:48:38.246+0800] {logging_mixin.py:154} INFO - [2023-11-24T10:48:38.245+0800] {dag.py:2941} INFO - Sync 2 DAGs
[2023-11-24T10:48:38.257+0800] {logging_mixin.py:154} INFO - [2023-11-24T10:48:38.257+0800] {dag.py:3722} INFO - Setting next_dagrun for example_external_task_marker_child to None, run_after=None
[2023-11-24T10:48:38.261+0800] {logging_mixin.py:154} INFO - [2023-11-24T10:48:38.260+0800] {dag.py:3722} INFO - Setting next_dagrun for example_external_task_marker_parent to None, run_after=None
[2023-11-24T10:48:38.286+0800] {processor.py:179} INFO - Processing /home/azfarmustafa/airflow_tutorial/.venv/lib/python3.10/site-packages/airflow/example_dags/example_external_task_marker_dag.py took 0.075 seconds
[2023-11-24T10:49:28.318+0800] {processor.py:157} INFO - Started process (PID=60178) to work on /home/azfarmustafa/airflow_tutorial/.venv/lib/python3.10/site-packages/airflow/example_dags/example_external_task_marker_dag.py
[2023-11-24T10:49:28.322+0800] {processor.py:829} INFO - Processing file /home/azfarmustafa/airflow_tutorial/.venv/lib/python3.10/site-packages/airflow/example_dags/example_external_task_marker_dag.py for tasks to queue
[2023-11-24T10:49:28.323+0800] {logging_mixin.py:154} INFO - [2023-11-24T10:49:28.323+0800] {dagbag.py:536} INFO - Filling up the DagBag from /home/azfarmustafa/airflow_tutorial/.venv/lib/python3.10/site-packages/airflow/example_dags/example_external_task_marker_dag.py
[2023-11-24T10:49:28.328+0800] {processor.py:839} INFO - DAG(s) dict_keys(['example_external_task_marker_parent', 'example_external_task_marker_child']) retrieved from /home/azfarmustafa/airflow_tutorial/.venv/lib/python3.10/site-packages/airflow/example_dags/example_external_task_marker_dag.py
[2023-11-24T10:49:28.345+0800] {logging_mixin.py:154} INFO - [2023-11-24T10:49:28.345+0800] {dag.py:2941} INFO - Sync 2 DAGs
[2023-11-24T10:49:28.355+0800] {logging_mixin.py:154} INFO - [2023-11-24T10:49:28.355+0800] {dag.py:3722} INFO - Setting next_dagrun for example_external_task_marker_child to None, run_after=None
[2023-11-24T10:49:28.358+0800] {logging_mixin.py:154} INFO - [2023-11-24T10:49:28.358+0800] {dag.py:3722} INFO - Setting next_dagrun for example_external_task_marker_parent to None, run_after=None
[2023-11-24T10:49:28.380+0800] {processor.py:179} INFO - Processing /home/azfarmustafa/airflow_tutorial/.venv/lib/python3.10/site-packages/airflow/example_dags/example_external_task_marker_dag.py took 0.065 seconds
[2023-11-24T10:50:13.696+0800] {processor.py:157} INFO - Started process (PID=60225) to work on /home/azfarmustafa/airflow_tutorial/.venv/lib/python3.10/site-packages/airflow/example_dags/example_external_task_marker_dag.py
[2023-11-24T10:50:13.698+0800] {processor.py:829} INFO - Processing file /home/azfarmustafa/airflow_tutorial/.venv/lib/python3.10/site-packages/airflow/example_dags/example_external_task_marker_dag.py for tasks to queue
[2023-11-24T10:50:13.699+0800] {logging_mixin.py:154} INFO - [2023-11-24T10:50:13.699+0800] {dagbag.py:536} INFO - Filling up the DagBag from /home/azfarmustafa/airflow_tutorial/.venv/lib/python3.10/site-packages/airflow/example_dags/example_external_task_marker_dag.py
[2023-11-24T10:50:13.704+0800] {processor.py:839} INFO - DAG(s) dict_keys(['example_external_task_marker_parent', 'example_external_task_marker_child']) retrieved from /home/azfarmustafa/airflow_tutorial/.venv/lib/python3.10/site-packages/airflow/example_dags/example_external_task_marker_dag.py
[2023-11-24T10:50:13.724+0800] {logging_mixin.py:154} INFO - [2023-11-24T10:50:13.724+0800] {dag.py:2941} INFO - Sync 2 DAGs
[2023-11-24T10:50:13.734+0800] {logging_mixin.py:154} INFO - [2023-11-24T10:50:13.733+0800] {dag.py:3722} INFO - Setting next_dagrun for example_external_task_marker_child to None, run_after=None
[2023-11-24T10:50:13.737+0800] {logging_mixin.py:154} INFO - [2023-11-24T10:50:13.736+0800] {dag.py:3722} INFO - Setting next_dagrun for example_external_task_marker_parent to None, run_after=None
[2023-11-24T10:50:13.763+0800] {processor.py:179} INFO - Processing /home/azfarmustafa/airflow_tutorial/.venv/lib/python3.10/site-packages/airflow/example_dags/example_external_task_marker_dag.py took 0.069 seconds
[2023-11-24T10:51:00.088+0800] {processor.py:157} INFO - Started process (PID=60273) to work on /home/azfarmustafa/airflow_tutorial/.venv/lib/python3.10/site-packages/airflow/example_dags/example_external_task_marker_dag.py
[2023-11-24T10:51:00.089+0800] {processor.py:829} INFO - Processing file /home/azfarmustafa/airflow_tutorial/.venv/lib/python3.10/site-packages/airflow/example_dags/example_external_task_marker_dag.py for tasks to queue
[2023-11-24T10:51:00.090+0800] {logging_mixin.py:154} INFO - [2023-11-24T10:51:00.090+0800] {dagbag.py:536} INFO - Filling up the DagBag from /home/azfarmustafa/airflow_tutorial/.venv/lib/python3.10/site-packages/airflow/example_dags/example_external_task_marker_dag.py
[2023-11-24T10:51:00.097+0800] {processor.py:839} INFO - DAG(s) dict_keys(['example_external_task_marker_parent', 'example_external_task_marker_child']) retrieved from /home/azfarmustafa/airflow_tutorial/.venv/lib/python3.10/site-packages/airflow/example_dags/example_external_task_marker_dag.py
[2023-11-24T10:51:00.114+0800] {logging_mixin.py:154} INFO - [2023-11-24T10:51:00.113+0800] {dag.py:2941} INFO - Sync 2 DAGs
[2023-11-24T10:51:00.124+0800] {logging_mixin.py:154} INFO - [2023-11-24T10:51:00.124+0800] {dag.py:3722} INFO - Setting next_dagrun for example_external_task_marker_child to None, run_after=None
[2023-11-24T10:51:00.128+0800] {logging_mixin.py:154} INFO - [2023-11-24T10:51:00.128+0800] {dag.py:3722} INFO - Setting next_dagrun for example_external_task_marker_parent to None, run_after=None
[2023-11-24T10:51:00.149+0800] {processor.py:179} INFO - Processing /home/azfarmustafa/airflow_tutorial/.venv/lib/python3.10/site-packages/airflow/example_dags/example_external_task_marker_dag.py took 0.065 seconds
[2023-11-24T10:51:48.243+0800] {processor.py:157} INFO - Started process (PID=60321) to work on /home/azfarmustafa/airflow_tutorial/.venv/lib/python3.10/site-packages/airflow/example_dags/example_external_task_marker_dag.py
[2023-11-24T10:51:48.247+0800] {processor.py:829} INFO - Processing file /home/azfarmustafa/airflow_tutorial/.venv/lib/python3.10/site-packages/airflow/example_dags/example_external_task_marker_dag.py for tasks to queue
[2023-11-24T10:51:48.248+0800] {logging_mixin.py:154} INFO - [2023-11-24T10:51:48.248+0800] {dagbag.py:536} INFO - Filling up the DagBag from /home/azfarmustafa/airflow_tutorial/.venv/lib/python3.10/site-packages/airflow/example_dags/example_external_task_marker_dag.py
[2023-11-24T10:51:48.253+0800] {processor.py:839} INFO - DAG(s) dict_keys(['example_external_task_marker_parent', 'example_external_task_marker_child']) retrieved from /home/azfarmustafa/airflow_tutorial/.venv/lib/python3.10/site-packages/airflow/example_dags/example_external_task_marker_dag.py
[2023-11-24T10:51:48.270+0800] {logging_mixin.py:154} INFO - [2023-11-24T10:51:48.269+0800] {dag.py:2941} INFO - Sync 2 DAGs
[2023-11-24T10:51:48.279+0800] {logging_mixin.py:154} INFO - [2023-11-24T10:51:48.279+0800] {dag.py:3722} INFO - Setting next_dagrun for example_external_task_marker_child to None, run_after=None
[2023-11-24T10:51:48.283+0800] {logging_mixin.py:154} INFO - [2023-11-24T10:51:48.283+0800] {dag.py:3722} INFO - Setting next_dagrun for example_external_task_marker_parent to None, run_after=None
[2023-11-24T10:51:48.304+0800] {processor.py:179} INFO - Processing /home/azfarmustafa/airflow_tutorial/.venv/lib/python3.10/site-packages/airflow/example_dags/example_external_task_marker_dag.py took 0.063 seconds
[2023-11-24T10:52:35.988+0800] {processor.py:157} INFO - Started process (PID=60369) to work on /home/azfarmustafa/airflow_tutorial/.venv/lib/python3.10/site-packages/airflow/example_dags/example_external_task_marker_dag.py
[2023-11-24T10:52:35.992+0800] {processor.py:829} INFO - Processing file /home/azfarmustafa/airflow_tutorial/.venv/lib/python3.10/site-packages/airflow/example_dags/example_external_task_marker_dag.py for tasks to queue
[2023-11-24T10:52:35.994+0800] {logging_mixin.py:154} INFO - [2023-11-24T10:52:35.993+0800] {dagbag.py:536} INFO - Filling up the DagBag from /home/azfarmustafa/airflow_tutorial/.venv/lib/python3.10/site-packages/airflow/example_dags/example_external_task_marker_dag.py
[2023-11-24T10:52:35.999+0800] {processor.py:839} INFO - DAG(s) dict_keys(['example_external_task_marker_parent', 'example_external_task_marker_child']) retrieved from /home/azfarmustafa/airflow_tutorial/.venv/lib/python3.10/site-packages/airflow/example_dags/example_external_task_marker_dag.py
[2023-11-24T10:52:36.019+0800] {logging_mixin.py:154} INFO - [2023-11-24T10:52:36.019+0800] {dag.py:2941} INFO - Sync 2 DAGs
[2023-11-24T10:52:36.033+0800] {logging_mixin.py:154} INFO - [2023-11-24T10:52:36.032+0800] {dag.py:3722} INFO - Setting next_dagrun for example_external_task_marker_child to None, run_after=None
[2023-11-24T10:52:36.037+0800] {logging_mixin.py:154} INFO - [2023-11-24T10:52:36.037+0800] {dag.py:3722} INFO - Setting next_dagrun for example_external_task_marker_parent to None, run_after=None
[2023-11-24T10:52:36.063+0800] {processor.py:179} INFO - Processing /home/azfarmustafa/airflow_tutorial/.venv/lib/python3.10/site-packages/airflow/example_dags/example_external_task_marker_dag.py took 0.078 seconds
[2023-11-24T10:53:25.079+0800] {processor.py:157} INFO - Started process (PID=60425) to work on /home/azfarmustafa/airflow_tutorial/.venv/lib/python3.10/site-packages/airflow/example_dags/example_external_task_marker_dag.py
[2023-11-24T10:53:25.083+0800] {processor.py:829} INFO - Processing file /home/azfarmustafa/airflow_tutorial/.venv/lib/python3.10/site-packages/airflow/example_dags/example_external_task_marker_dag.py for tasks to queue
[2023-11-24T10:53:25.084+0800] {logging_mixin.py:154} INFO - [2023-11-24T10:53:25.084+0800] {dagbag.py:536} INFO - Filling up the DagBag from /home/azfarmustafa/airflow_tutorial/.venv/lib/python3.10/site-packages/airflow/example_dags/example_external_task_marker_dag.py
[2023-11-24T10:53:25.089+0800] {processor.py:839} INFO - DAG(s) dict_keys(['example_external_task_marker_parent', 'example_external_task_marker_child']) retrieved from /home/azfarmustafa/airflow_tutorial/.venv/lib/python3.10/site-packages/airflow/example_dags/example_external_task_marker_dag.py
[2023-11-24T10:53:25.106+0800] {logging_mixin.py:154} INFO - [2023-11-24T10:53:25.106+0800] {dag.py:2941} INFO - Sync 2 DAGs
[2023-11-24T10:53:25.116+0800] {logging_mixin.py:154} INFO - [2023-11-24T10:53:25.116+0800] {dag.py:3722} INFO - Setting next_dagrun for example_external_task_marker_child to None, run_after=None
[2023-11-24T10:53:25.119+0800] {logging_mixin.py:154} INFO - [2023-11-24T10:53:25.119+0800] {dag.py:3722} INFO - Setting next_dagrun for example_external_task_marker_parent to None, run_after=None
[2023-11-24T10:53:25.141+0800] {processor.py:179} INFO - Processing /home/azfarmustafa/airflow_tutorial/.venv/lib/python3.10/site-packages/airflow/example_dags/example_external_task_marker_dag.py took 0.065 seconds
[2023-11-24T10:54:13.299+0800] {processor.py:157} INFO - Started process (PID=60473) to work on /home/azfarmustafa/airflow_tutorial/.venv/lib/python3.10/site-packages/airflow/example_dags/example_external_task_marker_dag.py
[2023-11-24T10:54:13.303+0800] {processor.py:829} INFO - Processing file /home/azfarmustafa/airflow_tutorial/.venv/lib/python3.10/site-packages/airflow/example_dags/example_external_task_marker_dag.py for tasks to queue
[2023-11-24T10:54:13.304+0800] {logging_mixin.py:154} INFO - [2023-11-24T10:54:13.303+0800] {dagbag.py:536} INFO - Filling up the DagBag from /home/azfarmustafa/airflow_tutorial/.venv/lib/python3.10/site-packages/airflow/example_dags/example_external_task_marker_dag.py
[2023-11-24T10:54:13.309+0800] {processor.py:839} INFO - DAG(s) dict_keys(['example_external_task_marker_parent', 'example_external_task_marker_child']) retrieved from /home/azfarmustafa/airflow_tutorial/.venv/lib/python3.10/site-packages/airflow/example_dags/example_external_task_marker_dag.py
[2023-11-24T10:54:13.331+0800] {logging_mixin.py:154} INFO - [2023-11-24T10:54:13.331+0800] {dag.py:2941} INFO - Sync 2 DAGs
[2023-11-24T10:54:13.353+0800] {logging_mixin.py:154} INFO - [2023-11-24T10:54:13.352+0800] {dag.py:3722} INFO - Setting next_dagrun for example_external_task_marker_child to None, run_after=None
[2023-11-24T10:54:13.358+0800] {logging_mixin.py:154} INFO - [2023-11-24T10:54:13.358+0800] {dag.py:3722} INFO - Setting next_dagrun for example_external_task_marker_parent to None, run_after=None
[2023-11-24T10:54:13.387+0800] {processor.py:179} INFO - Processing /home/azfarmustafa/airflow_tutorial/.venv/lib/python3.10/site-packages/airflow/example_dags/example_external_task_marker_dag.py took 0.090 seconds
[2023-11-24T10:55:01.720+0800] {processor.py:157} INFO - Started process (PID=60522) to work on /home/azfarmustafa/airflow_tutorial/.venv/lib/python3.10/site-packages/airflow/example_dags/example_external_task_marker_dag.py
[2023-11-24T10:55:01.722+0800] {processor.py:829} INFO - Processing file /home/azfarmustafa/airflow_tutorial/.venv/lib/python3.10/site-packages/airflow/example_dags/example_external_task_marker_dag.py for tasks to queue
[2023-11-24T10:55:01.723+0800] {logging_mixin.py:154} INFO - [2023-11-24T10:55:01.722+0800] {dagbag.py:536} INFO - Filling up the DagBag from /home/azfarmustafa/airflow_tutorial/.venv/lib/python3.10/site-packages/airflow/example_dags/example_external_task_marker_dag.py
[2023-11-24T10:55:01.728+0800] {processor.py:839} INFO - DAG(s) dict_keys(['example_external_task_marker_child', 'example_external_task_marker_parent']) retrieved from /home/azfarmustafa/airflow_tutorial/.venv/lib/python3.10/site-packages/airflow/example_dags/example_external_task_marker_dag.py
[2023-11-24T10:55:01.746+0800] {logging_mixin.py:154} INFO - [2023-11-24T10:55:01.746+0800] {dag.py:2941} INFO - Sync 2 DAGs
[2023-11-24T10:55:01.758+0800] {logging_mixin.py:154} INFO - [2023-11-24T10:55:01.758+0800] {dag.py:3722} INFO - Setting next_dagrun for example_external_task_marker_child to None, run_after=None
[2023-11-24T10:55:01.761+0800] {logging_mixin.py:154} INFO - [2023-11-24T10:55:01.761+0800] {dag.py:3722} INFO - Setting next_dagrun for example_external_task_marker_parent to None, run_after=None
[2023-11-24T10:55:01.785+0800] {processor.py:179} INFO - Processing /home/azfarmustafa/airflow_tutorial/.venv/lib/python3.10/site-packages/airflow/example_dags/example_external_task_marker_dag.py took 0.068 seconds
[2023-11-24T10:55:46.288+0800] {processor.py:157} INFO - Started process (PID=60568) to work on /home/azfarmustafa/airflow_tutorial/.venv/lib/python3.10/site-packages/airflow/example_dags/example_external_task_marker_dag.py
[2023-11-24T10:55:46.292+0800] {processor.py:829} INFO - Processing file /home/azfarmustafa/airflow_tutorial/.venv/lib/python3.10/site-packages/airflow/example_dags/example_external_task_marker_dag.py for tasks to queue
[2023-11-24T10:55:46.293+0800] {logging_mixin.py:154} INFO - [2023-11-24T10:55:46.293+0800] {dagbag.py:536} INFO - Filling up the DagBag from /home/azfarmustafa/airflow_tutorial/.venv/lib/python3.10/site-packages/airflow/example_dags/example_external_task_marker_dag.py
[2023-11-24T10:55:46.298+0800] {processor.py:839} INFO - DAG(s) dict_keys(['example_external_task_marker_child', 'example_external_task_marker_parent']) retrieved from /home/azfarmustafa/airflow_tutorial/.venv/lib/python3.10/site-packages/airflow/example_dags/example_external_task_marker_dag.py
[2023-11-24T10:55:46.316+0800] {logging_mixin.py:154} INFO - [2023-11-24T10:55:46.316+0800] {dag.py:2941} INFO - Sync 2 DAGs
[2023-11-24T10:55:46.326+0800] {logging_mixin.py:154} INFO - [2023-11-24T10:55:46.326+0800] {dag.py:3722} INFO - Setting next_dagrun for example_external_task_marker_child to None, run_after=None
[2023-11-24T10:55:46.329+0800] {logging_mixin.py:154} INFO - [2023-11-24T10:55:46.329+0800] {dag.py:3722} INFO - Setting next_dagrun for example_external_task_marker_parent to None, run_after=None
[2023-11-24T10:55:46.351+0800] {processor.py:179} INFO - Processing /home/azfarmustafa/airflow_tutorial/.venv/lib/python3.10/site-packages/airflow/example_dags/example_external_task_marker_dag.py took 0.067 seconds
[2023-11-24T10:56:31.271+0800] {processor.py:157} INFO - Started process (PID=60615) to work on /home/azfarmustafa/airflow_tutorial/.venv/lib/python3.10/site-packages/airflow/example_dags/example_external_task_marker_dag.py
[2023-11-24T10:56:31.275+0800] {processor.py:829} INFO - Processing file /home/azfarmustafa/airflow_tutorial/.venv/lib/python3.10/site-packages/airflow/example_dags/example_external_task_marker_dag.py for tasks to queue
[2023-11-24T10:56:31.276+0800] {logging_mixin.py:154} INFO - [2023-11-24T10:56:31.276+0800] {dagbag.py:536} INFO - Filling up the DagBag from /home/azfarmustafa/airflow_tutorial/.venv/lib/python3.10/site-packages/airflow/example_dags/example_external_task_marker_dag.py
[2023-11-24T10:56:31.281+0800] {processor.py:839} INFO - DAG(s) dict_keys(['example_external_task_marker_parent', 'example_external_task_marker_child']) retrieved from /home/azfarmustafa/airflow_tutorial/.venv/lib/python3.10/site-packages/airflow/example_dags/example_external_task_marker_dag.py
[2023-11-24T10:56:31.298+0800] {logging_mixin.py:154} INFO - [2023-11-24T10:56:31.298+0800] {dag.py:2941} INFO - Sync 2 DAGs
[2023-11-24T10:56:31.308+0800] {logging_mixin.py:154} INFO - [2023-11-24T10:56:31.307+0800] {dag.py:3722} INFO - Setting next_dagrun for example_external_task_marker_child to None, run_after=None
[2023-11-24T10:56:31.311+0800] {logging_mixin.py:154} INFO - [2023-11-24T10:56:31.310+0800] {dag.py:3722} INFO - Setting next_dagrun for example_external_task_marker_parent to None, run_after=None
[2023-11-24T10:56:31.335+0800] {processor.py:179} INFO - Processing /home/azfarmustafa/airflow_tutorial/.venv/lib/python3.10/site-packages/airflow/example_dags/example_external_task_marker_dag.py took 0.066 seconds
[2023-11-24T10:57:14.134+0800] {processor.py:157} INFO - Started process (PID=60658) to work on /home/azfarmustafa/airflow_tutorial/.venv/lib/python3.10/site-packages/airflow/example_dags/example_external_task_marker_dag.py
[2023-11-24T10:57:14.139+0800] {processor.py:829} INFO - Processing file /home/azfarmustafa/airflow_tutorial/.venv/lib/python3.10/site-packages/airflow/example_dags/example_external_task_marker_dag.py for tasks to queue
[2023-11-24T10:57:14.140+0800] {logging_mixin.py:154} INFO - [2023-11-24T10:57:14.140+0800] {dagbag.py:536} INFO - Filling up the DagBag from /home/azfarmustafa/airflow_tutorial/.venv/lib/python3.10/site-packages/airflow/example_dags/example_external_task_marker_dag.py
[2023-11-24T10:57:14.146+0800] {processor.py:839} INFO - DAG(s) dict_keys(['example_external_task_marker_child', 'example_external_task_marker_parent']) retrieved from /home/azfarmustafa/airflow_tutorial/.venv/lib/python3.10/site-packages/airflow/example_dags/example_external_task_marker_dag.py
[2023-11-24T10:57:14.166+0800] {logging_mixin.py:154} INFO - [2023-11-24T10:57:14.166+0800] {dag.py:2941} INFO - Sync 2 DAGs
[2023-11-24T10:57:14.192+0800] {logging_mixin.py:154} INFO - [2023-11-24T10:57:14.192+0800] {dag.py:3722} INFO - Setting next_dagrun for example_external_task_marker_child to None, run_after=None
[2023-11-24T10:57:14.196+0800] {logging_mixin.py:154} INFO - [2023-11-24T10:57:14.196+0800] {dag.py:3722} INFO - Setting next_dagrun for example_external_task_marker_parent to None, run_after=None
[2023-11-24T10:57:14.222+0800] {processor.py:179} INFO - Processing /home/azfarmustafa/airflow_tutorial/.venv/lib/python3.10/site-packages/airflow/example_dags/example_external_task_marker_dag.py took 0.091 seconds
[2023-11-24T10:57:57.635+0800] {processor.py:157} INFO - Started process (PID=60704) to work on /home/azfarmustafa/airflow_tutorial/.venv/lib/python3.10/site-packages/airflow/example_dags/example_external_task_marker_dag.py
[2023-11-24T10:57:57.639+0800] {processor.py:829} INFO - Processing file /home/azfarmustafa/airflow_tutorial/.venv/lib/python3.10/site-packages/airflow/example_dags/example_external_task_marker_dag.py for tasks to queue
[2023-11-24T10:57:57.639+0800] {logging_mixin.py:154} INFO - [2023-11-24T10:57:57.639+0800] {dagbag.py:536} INFO - Filling up the DagBag from /home/azfarmustafa/airflow_tutorial/.venv/lib/python3.10/site-packages/airflow/example_dags/example_external_task_marker_dag.py
[2023-11-24T10:57:57.644+0800] {processor.py:839} INFO - DAG(s) dict_keys(['example_external_task_marker_parent', 'example_external_task_marker_child']) retrieved from /home/azfarmustafa/airflow_tutorial/.venv/lib/python3.10/site-packages/airflow/example_dags/example_external_task_marker_dag.py
[2023-11-24T10:57:57.665+0800] {logging_mixin.py:154} INFO - [2023-11-24T10:57:57.665+0800] {dag.py:2941} INFO - Sync 2 DAGs
[2023-11-24T10:57:57.676+0800] {logging_mixin.py:154} INFO - [2023-11-24T10:57:57.676+0800] {dag.py:3722} INFO - Setting next_dagrun for example_external_task_marker_child to None, run_after=None
[2023-11-24T10:57:57.679+0800] {logging_mixin.py:154} INFO - [2023-11-24T10:57:57.678+0800] {dag.py:3722} INFO - Setting next_dagrun for example_external_task_marker_parent to None, run_after=None
[2023-11-24T10:57:57.705+0800] {processor.py:179} INFO - Processing /home/azfarmustafa/airflow_tutorial/.venv/lib/python3.10/site-packages/airflow/example_dags/example_external_task_marker_dag.py took 0.074 seconds
[2023-11-24T10:58:44.798+0800] {processor.py:157} INFO - Started process (PID=60752) to work on /home/azfarmustafa/airflow_tutorial/.venv/lib/python3.10/site-packages/airflow/example_dags/example_external_task_marker_dag.py
[2023-11-24T10:58:44.802+0800] {processor.py:829} INFO - Processing file /home/azfarmustafa/airflow_tutorial/.venv/lib/python3.10/site-packages/airflow/example_dags/example_external_task_marker_dag.py for tasks to queue
[2023-11-24T10:58:44.803+0800] {logging_mixin.py:154} INFO - [2023-11-24T10:58:44.803+0800] {dagbag.py:536} INFO - Filling up the DagBag from /home/azfarmustafa/airflow_tutorial/.venv/lib/python3.10/site-packages/airflow/example_dags/example_external_task_marker_dag.py
[2023-11-24T10:58:44.810+0800] {processor.py:839} INFO - DAG(s) dict_keys(['example_external_task_marker_parent', 'example_external_task_marker_child']) retrieved from /home/azfarmustafa/airflow_tutorial/.venv/lib/python3.10/site-packages/airflow/example_dags/example_external_task_marker_dag.py
[2023-11-24T10:58:44.833+0800] {logging_mixin.py:154} INFO - [2023-11-24T10:58:44.832+0800] {dag.py:2941} INFO - Sync 2 DAGs
[2023-11-24T10:58:44.844+0800] {logging_mixin.py:154} INFO - [2023-11-24T10:58:44.844+0800] {dag.py:3722} INFO - Setting next_dagrun for example_external_task_marker_child to None, run_after=None
[2023-11-24T10:58:44.847+0800] {logging_mixin.py:154} INFO - [2023-11-24T10:58:44.847+0800] {dag.py:3722} INFO - Setting next_dagrun for example_external_task_marker_parent to None, run_after=None
[2023-11-24T10:58:44.870+0800] {processor.py:179} INFO - Processing /home/azfarmustafa/airflow_tutorial/.venv/lib/python3.10/site-packages/airflow/example_dags/example_external_task_marker_dag.py took 0.073 seconds
[2023-11-24T10:59:31.721+0800] {processor.py:157} INFO - Started process (PID=60806) to work on /home/azfarmustafa/airflow_tutorial/.venv/lib/python3.10/site-packages/airflow/example_dags/example_external_task_marker_dag.py
[2023-11-24T10:59:31.725+0800] {processor.py:829} INFO - Processing file /home/azfarmustafa/airflow_tutorial/.venv/lib/python3.10/site-packages/airflow/example_dags/example_external_task_marker_dag.py for tasks to queue
[2023-11-24T10:59:31.725+0800] {logging_mixin.py:154} INFO - [2023-11-24T10:59:31.725+0800] {dagbag.py:536} INFO - Filling up the DagBag from /home/azfarmustafa/airflow_tutorial/.venv/lib/python3.10/site-packages/airflow/example_dags/example_external_task_marker_dag.py
[2023-11-24T10:59:31.730+0800] {processor.py:839} INFO - DAG(s) dict_keys(['example_external_task_marker_child', 'example_external_task_marker_parent']) retrieved from /home/azfarmustafa/airflow_tutorial/.venv/lib/python3.10/site-packages/airflow/example_dags/example_external_task_marker_dag.py
[2023-11-24T10:59:31.749+0800] {logging_mixin.py:154} INFO - [2023-11-24T10:59:31.749+0800] {dag.py:2941} INFO - Sync 2 DAGs
[2023-11-24T10:59:31.759+0800] {logging_mixin.py:154} INFO - [2023-11-24T10:59:31.759+0800] {dag.py:3722} INFO - Setting next_dagrun for example_external_task_marker_child to None, run_after=None
[2023-11-24T10:59:31.762+0800] {logging_mixin.py:154} INFO - [2023-11-24T10:59:31.762+0800] {dag.py:3722} INFO - Setting next_dagrun for example_external_task_marker_parent to None, run_after=None
[2023-11-24T10:59:31.783+0800] {processor.py:179} INFO - Processing /home/azfarmustafa/airflow_tutorial/.venv/lib/python3.10/site-packages/airflow/example_dags/example_external_task_marker_dag.py took 0.065 seconds
[2023-11-24T11:00:17.506+0800] {processor.py:157} INFO - Started process (PID=60853) to work on /home/azfarmustafa/airflow_tutorial/.venv/lib/python3.10/site-packages/airflow/example_dags/example_external_task_marker_dag.py
[2023-11-24T11:00:17.510+0800] {processor.py:829} INFO - Processing file /home/azfarmustafa/airflow_tutorial/.venv/lib/python3.10/site-packages/airflow/example_dags/example_external_task_marker_dag.py for tasks to queue
[2023-11-24T11:00:17.511+0800] {logging_mixin.py:154} INFO - [2023-11-24T11:00:17.511+0800] {dagbag.py:536} INFO - Filling up the DagBag from /home/azfarmustafa/airflow_tutorial/.venv/lib/python3.10/site-packages/airflow/example_dags/example_external_task_marker_dag.py
[2023-11-24T11:00:17.518+0800] {processor.py:839} INFO - DAG(s) dict_keys(['example_external_task_marker_parent', 'example_external_task_marker_child']) retrieved from /home/azfarmustafa/airflow_tutorial/.venv/lib/python3.10/site-packages/airflow/example_dags/example_external_task_marker_dag.py
[2023-11-24T11:00:17.539+0800] {logging_mixin.py:154} INFO - [2023-11-24T11:00:17.539+0800] {dag.py:2941} INFO - Sync 2 DAGs
[2023-11-24T11:00:17.551+0800] {logging_mixin.py:154} INFO - [2023-11-24T11:00:17.551+0800] {dag.py:3722} INFO - Setting next_dagrun for example_external_task_marker_child to None, run_after=None
[2023-11-24T11:00:17.554+0800] {logging_mixin.py:154} INFO - [2023-11-24T11:00:17.553+0800] {dag.py:3722} INFO - Setting next_dagrun for example_external_task_marker_parent to None, run_after=None
[2023-11-24T11:00:17.580+0800] {processor.py:179} INFO - Processing /home/azfarmustafa/airflow_tutorial/.venv/lib/python3.10/site-packages/airflow/example_dags/example_external_task_marker_dag.py took 0.077 seconds
[2023-11-24T11:00:59.168+0800] {processor.py:157} INFO - Started process (PID=60897) to work on /home/azfarmustafa/airflow_tutorial/.venv/lib/python3.10/site-packages/airflow/example_dags/example_external_task_marker_dag.py
[2023-11-24T11:00:59.169+0800] {processor.py:829} INFO - Processing file /home/azfarmustafa/airflow_tutorial/.venv/lib/python3.10/site-packages/airflow/example_dags/example_external_task_marker_dag.py for tasks to queue
[2023-11-24T11:00:59.171+0800] {logging_mixin.py:154} INFO - [2023-11-24T11:00:59.170+0800] {dagbag.py:536} INFO - Filling up the DagBag from /home/azfarmustafa/airflow_tutorial/.venv/lib/python3.10/site-packages/airflow/example_dags/example_external_task_marker_dag.py
[2023-11-24T11:00:59.176+0800] {processor.py:839} INFO - DAG(s) dict_keys(['example_external_task_marker_child', 'example_external_task_marker_parent']) retrieved from /home/azfarmustafa/airflow_tutorial/.venv/lib/python3.10/site-packages/airflow/example_dags/example_external_task_marker_dag.py
[2023-11-24T11:00:59.193+0800] {logging_mixin.py:154} INFO - [2023-11-24T11:00:59.192+0800] {dag.py:2941} INFO - Sync 2 DAGs
[2023-11-24T11:00:59.206+0800] {logging_mixin.py:154} INFO - [2023-11-24T11:00:59.206+0800] {dag.py:3722} INFO - Setting next_dagrun for example_external_task_marker_child to None, run_after=None
[2023-11-24T11:00:59.210+0800] {logging_mixin.py:154} INFO - [2023-11-24T11:00:59.210+0800] {dag.py:3722} INFO - Setting next_dagrun for example_external_task_marker_parent to None, run_after=None
[2023-11-24T11:00:59.236+0800] {processor.py:179} INFO - Processing /home/azfarmustafa/airflow_tutorial/.venv/lib/python3.10/site-packages/airflow/example_dags/example_external_task_marker_dag.py took 0.071 seconds
[2023-11-24T11:01:45.583+0800] {processor.py:157} INFO - Started process (PID=60945) to work on /home/azfarmustafa/airflow_tutorial/.venv/lib/python3.10/site-packages/airflow/example_dags/example_external_task_marker_dag.py
[2023-11-24T11:01:45.585+0800] {processor.py:829} INFO - Processing file /home/azfarmustafa/airflow_tutorial/.venv/lib/python3.10/site-packages/airflow/example_dags/example_external_task_marker_dag.py for tasks to queue
[2023-11-24T11:01:45.587+0800] {logging_mixin.py:154} INFO - [2023-11-24T11:01:45.587+0800] {dagbag.py:536} INFO - Filling up the DagBag from /home/azfarmustafa/airflow_tutorial/.venv/lib/python3.10/site-packages/airflow/example_dags/example_external_task_marker_dag.py
[2023-11-24T11:01:45.594+0800] {processor.py:839} INFO - DAG(s) dict_keys(['example_external_task_marker_child', 'example_external_task_marker_parent']) retrieved from /home/azfarmustafa/airflow_tutorial/.venv/lib/python3.10/site-packages/airflow/example_dags/example_external_task_marker_dag.py
[2023-11-24T11:01:45.614+0800] {logging_mixin.py:154} INFO - [2023-11-24T11:01:45.614+0800] {dag.py:2941} INFO - Sync 2 DAGs
[2023-11-24T11:01:45.628+0800] {logging_mixin.py:154} INFO - [2023-11-24T11:01:45.627+0800] {dag.py:3722} INFO - Setting next_dagrun for example_external_task_marker_child to None, run_after=None
[2023-11-24T11:01:45.631+0800] {logging_mixin.py:154} INFO - [2023-11-24T11:01:45.631+0800] {dag.py:3722} INFO - Setting next_dagrun for example_external_task_marker_parent to None, run_after=None
[2023-11-24T11:01:45.661+0800] {processor.py:179} INFO - Processing /home/azfarmustafa/airflow_tutorial/.venv/lib/python3.10/site-packages/airflow/example_dags/example_external_task_marker_dag.py took 0.081 seconds
[2023-11-24T11:02:31.707+0800] {processor.py:157} INFO - Started process (PID=60992) to work on /home/azfarmustafa/airflow_tutorial/.venv/lib/python3.10/site-packages/airflow/example_dags/example_external_task_marker_dag.py
[2023-11-24T11:02:31.712+0800] {processor.py:829} INFO - Processing file /home/azfarmustafa/airflow_tutorial/.venv/lib/python3.10/site-packages/airflow/example_dags/example_external_task_marker_dag.py for tasks to queue
[2023-11-24T11:02:31.713+0800] {logging_mixin.py:154} INFO - [2023-11-24T11:02:31.712+0800] {dagbag.py:536} INFO - Filling up the DagBag from /home/azfarmustafa/airflow_tutorial/.venv/lib/python3.10/site-packages/airflow/example_dags/example_external_task_marker_dag.py
[2023-11-24T11:02:31.718+0800] {processor.py:839} INFO - DAG(s) dict_keys(['example_external_task_marker_parent', 'example_external_task_marker_child']) retrieved from /home/azfarmustafa/airflow_tutorial/.venv/lib/python3.10/site-packages/airflow/example_dags/example_external_task_marker_dag.py
[2023-11-24T11:02:31.737+0800] {logging_mixin.py:154} INFO - [2023-11-24T11:02:31.737+0800] {dag.py:2941} INFO - Sync 2 DAGs
[2023-11-24T11:02:31.751+0800] {logging_mixin.py:154} INFO - [2023-11-24T11:02:31.751+0800] {dag.py:3722} INFO - Setting next_dagrun for example_external_task_marker_child to None, run_after=None
[2023-11-24T11:02:31.754+0800] {logging_mixin.py:154} INFO - [2023-11-24T11:02:31.754+0800] {dag.py:3722} INFO - Setting next_dagrun for example_external_task_marker_parent to None, run_after=None
[2023-11-24T11:02:31.781+0800] {processor.py:179} INFO - Processing /home/azfarmustafa/airflow_tutorial/.venv/lib/python3.10/site-packages/airflow/example_dags/example_external_task_marker_dag.py took 0.077 seconds
[2023-11-24T11:03:17.949+0800] {processor.py:157} INFO - Started process (PID=61041) to work on /home/azfarmustafa/airflow_tutorial/.venv/lib/python3.10/site-packages/airflow/example_dags/example_external_task_marker_dag.py
[2023-11-24T11:03:17.951+0800] {processor.py:829} INFO - Processing file /home/azfarmustafa/airflow_tutorial/.venv/lib/python3.10/site-packages/airflow/example_dags/example_external_task_marker_dag.py for tasks to queue
[2023-11-24T11:03:17.952+0800] {logging_mixin.py:154} INFO - [2023-11-24T11:03:17.952+0800] {dagbag.py:536} INFO - Filling up the DagBag from /home/azfarmustafa/airflow_tutorial/.venv/lib/python3.10/site-packages/airflow/example_dags/example_external_task_marker_dag.py
[2023-11-24T11:03:17.960+0800] {processor.py:839} INFO - DAG(s) dict_keys(['example_external_task_marker_parent', 'example_external_task_marker_child']) retrieved from /home/azfarmustafa/airflow_tutorial/.venv/lib/python3.10/site-packages/airflow/example_dags/example_external_task_marker_dag.py
[2023-11-24T11:03:17.986+0800] {logging_mixin.py:154} INFO - [2023-11-24T11:03:17.985+0800] {dag.py:2941} INFO - Sync 2 DAGs
[2023-11-24T11:03:18.004+0800] {logging_mixin.py:154} INFO - [2023-11-24T11:03:18.004+0800] {dag.py:3722} INFO - Setting next_dagrun for example_external_task_marker_child to None, run_after=None
[2023-11-24T11:03:18.008+0800] {logging_mixin.py:154} INFO - [2023-11-24T11:03:18.007+0800] {dag.py:3722} INFO - Setting next_dagrun for example_external_task_marker_parent to None, run_after=None
[2023-11-24T11:03:18.039+0800] {processor.py:179} INFO - Processing /home/azfarmustafa/airflow_tutorial/.venv/lib/python3.10/site-packages/airflow/example_dags/example_external_task_marker_dag.py took 0.095 seconds
[2023-11-24T11:04:06.489+0800] {processor.py:157} INFO - Started process (PID=61094) to work on /home/azfarmustafa/airflow_tutorial/.venv/lib/python3.10/site-packages/airflow/example_dags/example_external_task_marker_dag.py
[2023-11-24T11:04:06.491+0800] {processor.py:829} INFO - Processing file /home/azfarmustafa/airflow_tutorial/.venv/lib/python3.10/site-packages/airflow/example_dags/example_external_task_marker_dag.py for tasks to queue
[2023-11-24T11:04:06.491+0800] {logging_mixin.py:154} INFO - [2023-11-24T11:04:06.491+0800] {dagbag.py:536} INFO - Filling up the DagBag from /home/azfarmustafa/airflow_tutorial/.venv/lib/python3.10/site-packages/airflow/example_dags/example_external_task_marker_dag.py
[2023-11-24T11:04:06.497+0800] {processor.py:839} INFO - DAG(s) dict_keys(['example_external_task_marker_child', 'example_external_task_marker_parent']) retrieved from /home/azfarmustafa/airflow_tutorial/.venv/lib/python3.10/site-packages/airflow/example_dags/example_external_task_marker_dag.py
[2023-11-24T11:04:06.519+0800] {logging_mixin.py:154} INFO - [2023-11-24T11:04:06.519+0800] {dag.py:2941} INFO - Sync 2 DAGs
[2023-11-24T11:04:06.529+0800] {logging_mixin.py:154} INFO - [2023-11-24T11:04:06.529+0800] {dag.py:3722} INFO - Setting next_dagrun for example_external_task_marker_child to None, run_after=None
[2023-11-24T11:04:06.532+0800] {logging_mixin.py:154} INFO - [2023-11-24T11:04:06.532+0800] {dag.py:3722} INFO - Setting next_dagrun for example_external_task_marker_parent to None, run_after=None
[2023-11-24T11:04:06.559+0800] {processor.py:179} INFO - Processing /home/azfarmustafa/airflow_tutorial/.venv/lib/python3.10/site-packages/airflow/example_dags/example_external_task_marker_dag.py took 0.073 seconds
[2023-11-24T11:04:55.140+0800] {processor.py:157} INFO - Started process (PID=61145) to work on /home/azfarmustafa/airflow_tutorial/.venv/lib/python3.10/site-packages/airflow/example_dags/example_external_task_marker_dag.py
[2023-11-24T11:04:55.142+0800] {processor.py:829} INFO - Processing file /home/azfarmustafa/airflow_tutorial/.venv/lib/python3.10/site-packages/airflow/example_dags/example_external_task_marker_dag.py for tasks to queue
[2023-11-24T11:04:55.143+0800] {logging_mixin.py:154} INFO - [2023-11-24T11:04:55.142+0800] {dagbag.py:536} INFO - Filling up the DagBag from /home/azfarmustafa/airflow_tutorial/.venv/lib/python3.10/site-packages/airflow/example_dags/example_external_task_marker_dag.py
[2023-11-24T11:04:55.151+0800] {processor.py:839} INFO - DAG(s) dict_keys(['example_external_task_marker_child', 'example_external_task_marker_parent']) retrieved from /home/azfarmustafa/airflow_tutorial/.venv/lib/python3.10/site-packages/airflow/example_dags/example_external_task_marker_dag.py
[2023-11-24T11:04:55.176+0800] {logging_mixin.py:154} INFO - [2023-11-24T11:04:55.176+0800] {dag.py:2941} INFO - Sync 2 DAGs
[2023-11-24T11:04:55.194+0800] {logging_mixin.py:154} INFO - [2023-11-24T11:04:55.194+0800] {dag.py:3722} INFO - Setting next_dagrun for example_external_task_marker_child to None, run_after=None
[2023-11-24T11:04:55.199+0800] {logging_mixin.py:154} INFO - [2023-11-24T11:04:55.199+0800] {dag.py:3722} INFO - Setting next_dagrun for example_external_task_marker_parent to None, run_after=None
[2023-11-24T11:04:55.228+0800] {processor.py:179} INFO - Processing /home/azfarmustafa/airflow_tutorial/.venv/lib/python3.10/site-packages/airflow/example_dags/example_external_task_marker_dag.py took 0.091 seconds
