[2023-11-24T10:26:01.230+0800] {processor.py:157} INFO - Started process (PID=58719) to work on /home/azfarmustafa/airflow_tutorial/.venv/lib/python3.10/site-packages/airflow/example_dags/example_bash_operator.py
[2023-11-24T10:26:01.230+0800] {processor.py:829} INFO - Processing file /home/azfarmustafa/airflow_tutorial/.venv/lib/python3.10/site-packages/airflow/example_dags/example_bash_operator.py for tasks to queue
[2023-11-24T10:26:01.231+0800] {logging_mixin.py:154} INFO - [2023-11-24T10:26:01.231+0800] {dagbag.py:536} INFO - Filling up the DagBag from /home/azfarmustafa/airflow_tutorial/.venv/lib/python3.10/site-packages/airflow/example_dags/example_bash_operator.py
[2023-11-24T10:26:01.241+0800] {processor.py:839} INFO - DAG(s) dict_keys(['example_bash_operator']) retrieved from /home/azfarmustafa/airflow_tutorial/.venv/lib/python3.10/site-packages/airflow/example_dags/example_bash_operator.py
[2023-11-24T10:26:01.265+0800] {logging_mixin.py:154} INFO - [2023-11-24T10:26:01.265+0800] {dag.py:2941} INFO - Sync 1 DAGs
[2023-11-24T10:26:01.283+0800] {logging_mixin.py:154} INFO - [2023-11-24T10:26:01.283+0800] {dag.py:3722} INFO - Setting next_dagrun for example_bash_operator to 2023-11-23T00:00:00+00:00, run_after=2023-11-24T00:00:00+00:00
[2023-11-24T10:26:01.312+0800] {processor.py:179} INFO - Processing /home/azfarmustafa/airflow_tutorial/.venv/lib/python3.10/site-packages/airflow/example_dags/example_bash_operator.py took 0.085 seconds
[2023-11-24T10:26:47.894+0800] {processor.py:157} INFO - Started process (PID=58774) to work on /home/azfarmustafa/airflow_tutorial/.venv/lib/python3.10/site-packages/airflow/example_dags/example_bash_operator.py
[2023-11-24T10:26:47.895+0800] {processor.py:829} INFO - Processing file /home/azfarmustafa/airflow_tutorial/.venv/lib/python3.10/site-packages/airflow/example_dags/example_bash_operator.py for tasks to queue
[2023-11-24T10:26:47.897+0800] {logging_mixin.py:154} INFO - [2023-11-24T10:26:47.896+0800] {dagbag.py:536} INFO - Filling up the DagBag from /home/azfarmustafa/airflow_tutorial/.venv/lib/python3.10/site-packages/airflow/example_dags/example_bash_operator.py
[2023-11-24T10:26:47.908+0800] {processor.py:839} INFO - DAG(s) dict_keys(['example_bash_operator']) retrieved from /home/azfarmustafa/airflow_tutorial/.venv/lib/python3.10/site-packages/airflow/example_dags/example_bash_operator.py
[2023-11-24T10:26:47.932+0800] {logging_mixin.py:154} INFO - [2023-11-24T10:26:47.932+0800] {dag.py:2941} INFO - Sync 1 DAGs
[2023-11-24T10:26:47.958+0800] {logging_mixin.py:154} INFO - [2023-11-24T10:26:47.958+0800] {dag.py:3722} INFO - Setting next_dagrun for example_bash_operator to 2023-11-23T00:00:00+00:00, run_after=2023-11-24T00:00:00+00:00
[2023-11-24T10:26:47.995+0800] {processor.py:179} INFO - Processing /home/azfarmustafa/airflow_tutorial/.venv/lib/python3.10/site-packages/airflow/example_dags/example_bash_operator.py took 0.104 seconds
[2023-11-24T10:27:36.366+0800] {processor.py:157} INFO - Started process (PID=58823) to work on /home/azfarmustafa/airflow_tutorial/.venv/lib/python3.10/site-packages/airflow/example_dags/example_bash_operator.py
[2023-11-24T10:27:36.367+0800] {processor.py:829} INFO - Processing file /home/azfarmustafa/airflow_tutorial/.venv/lib/python3.10/site-packages/airflow/example_dags/example_bash_operator.py for tasks to queue
[2023-11-24T10:27:36.367+0800] {logging_mixin.py:154} INFO - [2023-11-24T10:27:36.367+0800] {dagbag.py:536} INFO - Filling up the DagBag from /home/azfarmustafa/airflow_tutorial/.venv/lib/python3.10/site-packages/airflow/example_dags/example_bash_operator.py
[2023-11-24T10:27:36.377+0800] {processor.py:839} INFO - DAG(s) dict_keys(['example_bash_operator']) retrieved from /home/azfarmustafa/airflow_tutorial/.venv/lib/python3.10/site-packages/airflow/example_dags/example_bash_operator.py
[2023-11-24T10:27:36.398+0800] {logging_mixin.py:154} INFO - [2023-11-24T10:27:36.398+0800] {dag.py:2941} INFO - Sync 1 DAGs
[2023-11-24T10:27:36.416+0800] {logging_mixin.py:154} INFO - [2023-11-24T10:27:36.416+0800] {dag.py:3722} INFO - Setting next_dagrun for example_bash_operator to 2023-11-23T00:00:00+00:00, run_after=2023-11-24T00:00:00+00:00
[2023-11-24T10:27:36.439+0800] {processor.py:179} INFO - Processing /home/azfarmustafa/airflow_tutorial/.venv/lib/python3.10/site-packages/airflow/example_dags/example_bash_operator.py took 0.076 seconds
[2023-11-24T10:28:21.907+0800] {processor.py:157} INFO - Started process (PID=58869) to work on /home/azfarmustafa/airflow_tutorial/.venv/lib/python3.10/site-packages/airflow/example_dags/example_bash_operator.py
[2023-11-24T10:28:21.912+0800] {processor.py:829} INFO - Processing file /home/azfarmustafa/airflow_tutorial/.venv/lib/python3.10/site-packages/airflow/example_dags/example_bash_operator.py for tasks to queue
[2023-11-24T10:28:21.913+0800] {logging_mixin.py:154} INFO - [2023-11-24T10:28:21.913+0800] {dagbag.py:536} INFO - Filling up the DagBag from /home/azfarmustafa/airflow_tutorial/.venv/lib/python3.10/site-packages/airflow/example_dags/example_bash_operator.py
[2023-11-24T10:28:21.923+0800] {processor.py:839} INFO - DAG(s) dict_keys(['example_bash_operator']) retrieved from /home/azfarmustafa/airflow_tutorial/.venv/lib/python3.10/site-packages/airflow/example_dags/example_bash_operator.py
[2023-11-24T10:28:21.946+0800] {logging_mixin.py:154} INFO - [2023-11-24T10:28:21.945+0800] {dag.py:2941} INFO - Sync 1 DAGs
[2023-11-24T10:28:21.970+0800] {logging_mixin.py:154} INFO - [2023-11-24T10:28:21.969+0800] {dag.py:3722} INFO - Setting next_dagrun for example_bash_operator to 2023-11-23T00:00:00+00:00, run_after=2023-11-24T00:00:00+00:00
[2023-11-24T10:28:22.001+0800] {processor.py:179} INFO - Processing /home/azfarmustafa/airflow_tutorial/.venv/lib/python3.10/site-packages/airflow/example_dags/example_bash_operator.py took 0.097 seconds
[2023-11-24T10:29:10.567+0800] {processor.py:157} INFO - Started process (PID=58924) to work on /home/azfarmustafa/airflow_tutorial/.venv/lib/python3.10/site-packages/airflow/example_dags/example_bash_operator.py
[2023-11-24T10:29:10.571+0800] {processor.py:829} INFO - Processing file /home/azfarmustafa/airflow_tutorial/.venv/lib/python3.10/site-packages/airflow/example_dags/example_bash_operator.py for tasks to queue
[2023-11-24T10:29:10.572+0800] {logging_mixin.py:154} INFO - [2023-11-24T10:29:10.572+0800] {dagbag.py:536} INFO - Filling up the DagBag from /home/azfarmustafa/airflow_tutorial/.venv/lib/python3.10/site-packages/airflow/example_dags/example_bash_operator.py
[2023-11-24T10:29:10.583+0800] {processor.py:839} INFO - DAG(s) dict_keys(['example_bash_operator']) retrieved from /home/azfarmustafa/airflow_tutorial/.venv/lib/python3.10/site-packages/airflow/example_dags/example_bash_operator.py
[2023-11-24T10:29:10.604+0800] {logging_mixin.py:154} INFO - [2023-11-24T10:29:10.603+0800] {dag.py:2941} INFO - Sync 1 DAGs
[2023-11-24T10:29:10.625+0800] {logging_mixin.py:154} INFO - [2023-11-24T10:29:10.625+0800] {dag.py:3722} INFO - Setting next_dagrun for example_bash_operator to 2023-11-23T00:00:00+00:00, run_after=2023-11-24T00:00:00+00:00
[2023-11-24T10:29:10.657+0800] {processor.py:179} INFO - Processing /home/azfarmustafa/airflow_tutorial/.venv/lib/python3.10/site-packages/airflow/example_dags/example_bash_operator.py took 0.092 seconds
[2023-11-24T10:29:56.793+0800] {processor.py:157} INFO - Started process (PID=58971) to work on /home/azfarmustafa/airflow_tutorial/.venv/lib/python3.10/site-packages/airflow/example_dags/example_bash_operator.py
[2023-11-24T10:29:56.799+0800] {processor.py:829} INFO - Processing file /home/azfarmustafa/airflow_tutorial/.venv/lib/python3.10/site-packages/airflow/example_dags/example_bash_operator.py for tasks to queue
[2023-11-24T10:29:56.799+0800] {logging_mixin.py:154} INFO - [2023-11-24T10:29:56.799+0800] {dagbag.py:536} INFO - Filling up the DagBag from /home/azfarmustafa/airflow_tutorial/.venv/lib/python3.10/site-packages/airflow/example_dags/example_bash_operator.py
[2023-11-24T10:29:56.809+0800] {processor.py:839} INFO - DAG(s) dict_keys(['example_bash_operator']) retrieved from /home/azfarmustafa/airflow_tutorial/.venv/lib/python3.10/site-packages/airflow/example_dags/example_bash_operator.py
[2023-11-24T10:29:56.833+0800] {logging_mixin.py:154} INFO - [2023-11-24T10:29:56.833+0800] {dag.py:2941} INFO - Sync 1 DAGs
[2023-11-24T10:29:56.854+0800] {logging_mixin.py:154} INFO - [2023-11-24T10:29:56.854+0800] {dag.py:3722} INFO - Setting next_dagrun for example_bash_operator to 2023-11-23T00:00:00+00:00, run_after=2023-11-24T00:00:00+00:00
[2023-11-24T10:29:56.883+0800] {processor.py:179} INFO - Processing /home/azfarmustafa/airflow_tutorial/.venv/lib/python3.10/site-packages/airflow/example_dags/example_bash_operator.py took 0.092 seconds
[2023-11-24T10:30:45.036+0800] {processor.py:157} INFO - Started process (PID=59022) to work on /home/azfarmustafa/airflow_tutorial/.venv/lib/python3.10/site-packages/airflow/example_dags/example_bash_operator.py
[2023-11-24T10:30:45.038+0800] {processor.py:829} INFO - Processing file /home/azfarmustafa/airflow_tutorial/.venv/lib/python3.10/site-packages/airflow/example_dags/example_bash_operator.py for tasks to queue
[2023-11-24T10:30:45.039+0800] {logging_mixin.py:154} INFO - [2023-11-24T10:30:45.039+0800] {dagbag.py:536} INFO - Filling up the DagBag from /home/azfarmustafa/airflow_tutorial/.venv/lib/python3.10/site-packages/airflow/example_dags/example_bash_operator.py
[2023-11-24T10:30:45.051+0800] {processor.py:839} INFO - DAG(s) dict_keys(['example_bash_operator']) retrieved from /home/azfarmustafa/airflow_tutorial/.venv/lib/python3.10/site-packages/airflow/example_dags/example_bash_operator.py
[2023-11-24T10:30:45.075+0800] {logging_mixin.py:154} INFO - [2023-11-24T10:30:45.074+0800] {dag.py:2941} INFO - Sync 1 DAGs
[2023-11-24T10:30:45.098+0800] {logging_mixin.py:154} INFO - [2023-11-24T10:30:45.098+0800] {dag.py:3722} INFO - Setting next_dagrun for example_bash_operator to 2023-11-23T00:00:00+00:00, run_after=2023-11-24T00:00:00+00:00
[2023-11-24T10:30:45.128+0800] {processor.py:179} INFO - Processing /home/azfarmustafa/airflow_tutorial/.venv/lib/python3.10/site-packages/airflow/example_dags/example_bash_operator.py took 0.096 seconds
[2023-11-24T10:31:33.705+0800] {processor.py:157} INFO - Started process (PID=59070) to work on /home/azfarmustafa/airflow_tutorial/.venv/lib/python3.10/site-packages/airflow/example_dags/example_bash_operator.py
[2023-11-24T10:31:33.706+0800] {processor.py:829} INFO - Processing file /home/azfarmustafa/airflow_tutorial/.venv/lib/python3.10/site-packages/airflow/example_dags/example_bash_operator.py for tasks to queue
[2023-11-24T10:31:33.707+0800] {logging_mixin.py:154} INFO - [2023-11-24T10:31:33.707+0800] {dagbag.py:536} INFO - Filling up the DagBag from /home/azfarmustafa/airflow_tutorial/.venv/lib/python3.10/site-packages/airflow/example_dags/example_bash_operator.py
[2023-11-24T10:31:33.719+0800] {processor.py:839} INFO - DAG(s) dict_keys(['example_bash_operator']) retrieved from /home/azfarmustafa/airflow_tutorial/.venv/lib/python3.10/site-packages/airflow/example_dags/example_bash_operator.py
[2023-11-24T10:31:33.743+0800] {logging_mixin.py:154} INFO - [2023-11-24T10:31:33.743+0800] {dag.py:2941} INFO - Sync 1 DAGs
[2023-11-24T10:31:33.767+0800] {logging_mixin.py:154} INFO - [2023-11-24T10:31:33.767+0800] {dag.py:3722} INFO - Setting next_dagrun for example_bash_operator to 2023-11-23T00:00:00+00:00, run_after=2023-11-24T00:00:00+00:00
[2023-11-24T10:31:33.792+0800] {processor.py:179} INFO - Processing /home/azfarmustafa/airflow_tutorial/.venv/lib/python3.10/site-packages/airflow/example_dags/example_bash_operator.py took 0.091 seconds
[2023-11-24T10:32:19.429+0800] {processor.py:157} INFO - Started process (PID=59116) to work on /home/azfarmustafa/airflow_tutorial/.venv/lib/python3.10/site-packages/airflow/example_dags/example_bash_operator.py
[2023-11-24T10:32:19.433+0800] {processor.py:829} INFO - Processing file /home/azfarmustafa/airflow_tutorial/.venv/lib/python3.10/site-packages/airflow/example_dags/example_bash_operator.py for tasks to queue
[2023-11-24T10:32:19.434+0800] {logging_mixin.py:154} INFO - [2023-11-24T10:32:19.433+0800] {dagbag.py:536} INFO - Filling up the DagBag from /home/azfarmustafa/airflow_tutorial/.venv/lib/python3.10/site-packages/airflow/example_dags/example_bash_operator.py
[2023-11-24T10:32:19.443+0800] {processor.py:839} INFO - DAG(s) dict_keys(['example_bash_operator']) retrieved from /home/azfarmustafa/airflow_tutorial/.venv/lib/python3.10/site-packages/airflow/example_dags/example_bash_operator.py
[2023-11-24T10:32:19.463+0800] {logging_mixin.py:154} INFO - [2023-11-24T10:32:19.463+0800] {dag.py:2941} INFO - Sync 1 DAGs
[2023-11-24T10:32:19.485+0800] {logging_mixin.py:154} INFO - [2023-11-24T10:32:19.485+0800] {dag.py:3722} INFO - Setting next_dagrun for example_bash_operator to 2023-11-23T00:00:00+00:00, run_after=2023-11-24T00:00:00+00:00
[2023-11-24T10:32:19.511+0800] {processor.py:179} INFO - Processing /home/azfarmustafa/airflow_tutorial/.venv/lib/python3.10/site-packages/airflow/example_dags/example_bash_operator.py took 0.085 seconds
[2023-11-24T10:33:11.681+0800] {processor.py:157} INFO - Started process (PID=59167) to work on /home/azfarmustafa/airflow_tutorial/.venv/lib/python3.10/site-packages/airflow/example_dags/example_bash_operator.py
[2023-11-24T10:33:11.685+0800] {processor.py:829} INFO - Processing file /home/azfarmustafa/airflow_tutorial/.venv/lib/python3.10/site-packages/airflow/example_dags/example_bash_operator.py for tasks to queue
[2023-11-24T10:33:11.686+0800] {logging_mixin.py:154} INFO - [2023-11-24T10:33:11.685+0800] {dagbag.py:536} INFO - Filling up the DagBag from /home/azfarmustafa/airflow_tutorial/.venv/lib/python3.10/site-packages/airflow/example_dags/example_bash_operator.py
[2023-11-24T10:33:11.698+0800] {processor.py:839} INFO - DAG(s) dict_keys(['example_bash_operator']) retrieved from /home/azfarmustafa/airflow_tutorial/.venv/lib/python3.10/site-packages/airflow/example_dags/example_bash_operator.py
[2023-11-24T10:33:11.719+0800] {logging_mixin.py:154} INFO - [2023-11-24T10:33:11.719+0800] {dag.py:2941} INFO - Sync 1 DAGs
[2023-11-24T10:33:11.737+0800] {logging_mixin.py:154} INFO - [2023-11-24T10:33:11.737+0800] {dag.py:3722} INFO - Setting next_dagrun for example_bash_operator to 2023-11-23T00:00:00+00:00, run_after=2023-11-24T00:00:00+00:00
[2023-11-24T10:33:11.760+0800] {processor.py:179} INFO - Processing /home/azfarmustafa/airflow_tutorial/.venv/lib/python3.10/site-packages/airflow/example_dags/example_bash_operator.py took 0.083 seconds
[2023-11-24T10:34:02.870+0800] {processor.py:157} INFO - Started process (PID=59217) to work on /home/azfarmustafa/airflow_tutorial/.venv/lib/python3.10/site-packages/airflow/example_dags/example_bash_operator.py
[2023-11-24T10:34:02.875+0800] {processor.py:829} INFO - Processing file /home/azfarmustafa/airflow_tutorial/.venv/lib/python3.10/site-packages/airflow/example_dags/example_bash_operator.py for tasks to queue
[2023-11-24T10:34:02.875+0800] {logging_mixin.py:154} INFO - [2023-11-24T10:34:02.875+0800] {dagbag.py:536} INFO - Filling up the DagBag from /home/azfarmustafa/airflow_tutorial/.venv/lib/python3.10/site-packages/airflow/example_dags/example_bash_operator.py
[2023-11-24T10:34:02.888+0800] {processor.py:839} INFO - DAG(s) dict_keys(['example_bash_operator']) retrieved from /home/azfarmustafa/airflow_tutorial/.venv/lib/python3.10/site-packages/airflow/example_dags/example_bash_operator.py
[2023-11-24T10:34:02.910+0800] {logging_mixin.py:154} INFO - [2023-11-24T10:34:02.910+0800] {dag.py:2941} INFO - Sync 1 DAGs
[2023-11-24T10:34:02.936+0800] {logging_mixin.py:154} INFO - [2023-11-24T10:34:02.935+0800] {dag.py:3722} INFO - Setting next_dagrun for example_bash_operator to 2023-11-23T00:00:00+00:00, run_after=2023-11-24T00:00:00+00:00
[2023-11-24T10:34:02.963+0800] {processor.py:179} INFO - Processing /home/azfarmustafa/airflow_tutorial/.venv/lib/python3.10/site-packages/airflow/example_dags/example_bash_operator.py took 0.096 seconds
[2023-11-24T10:34:49.465+0800] {processor.py:157} INFO - Started process (PID=59272) to work on /home/azfarmustafa/airflow_tutorial/.venv/lib/python3.10/site-packages/airflow/example_dags/example_bash_operator.py
[2023-11-24T10:34:49.469+0800] {processor.py:829} INFO - Processing file /home/azfarmustafa/airflow_tutorial/.venv/lib/python3.10/site-packages/airflow/example_dags/example_bash_operator.py for tasks to queue
[2023-11-24T10:34:49.470+0800] {logging_mixin.py:154} INFO - [2023-11-24T10:34:49.470+0800] {dagbag.py:536} INFO - Filling up the DagBag from /home/azfarmustafa/airflow_tutorial/.venv/lib/python3.10/site-packages/airflow/example_dags/example_bash_operator.py
[2023-11-24T10:34:49.480+0800] {processor.py:839} INFO - DAG(s) dict_keys(['example_bash_operator']) retrieved from /home/azfarmustafa/airflow_tutorial/.venv/lib/python3.10/site-packages/airflow/example_dags/example_bash_operator.py
[2023-11-24T10:34:49.502+0800] {logging_mixin.py:154} INFO - [2023-11-24T10:34:49.502+0800] {dag.py:2941} INFO - Sync 1 DAGs
[2023-11-24T10:34:49.521+0800] {logging_mixin.py:154} INFO - [2023-11-24T10:34:49.521+0800] {dag.py:3722} INFO - Setting next_dagrun for example_bash_operator to 2023-11-23T00:00:00+00:00, run_after=2023-11-24T00:00:00+00:00
[2023-11-24T10:34:49.548+0800] {processor.py:179} INFO - Processing /home/azfarmustafa/airflow_tutorial/.venv/lib/python3.10/site-packages/airflow/example_dags/example_bash_operator.py took 0.087 seconds
[2023-11-24T10:35:36.120+0800] {processor.py:157} INFO - Started process (PID=59320) to work on /home/azfarmustafa/airflow_tutorial/.venv/lib/python3.10/site-packages/airflow/example_dags/example_bash_operator.py
[2023-11-24T10:35:36.122+0800] {processor.py:829} INFO - Processing file /home/azfarmustafa/airflow_tutorial/.venv/lib/python3.10/site-packages/airflow/example_dags/example_bash_operator.py for tasks to queue
[2023-11-24T10:35:36.123+0800] {logging_mixin.py:154} INFO - [2023-11-24T10:35:36.122+0800] {dagbag.py:536} INFO - Filling up the DagBag from /home/azfarmustafa/airflow_tutorial/.venv/lib/python3.10/site-packages/airflow/example_dags/example_bash_operator.py
[2023-11-24T10:35:36.132+0800] {processor.py:839} INFO - DAG(s) dict_keys(['example_bash_operator']) retrieved from /home/azfarmustafa/airflow_tutorial/.venv/lib/python3.10/site-packages/airflow/example_dags/example_bash_operator.py
[2023-11-24T10:35:36.153+0800] {logging_mixin.py:154} INFO - [2023-11-24T10:35:36.152+0800] {dag.py:2941} INFO - Sync 1 DAGs
[2023-11-24T10:35:36.171+0800] {logging_mixin.py:154} INFO - [2023-11-24T10:35:36.171+0800] {dag.py:3722} INFO - Setting next_dagrun for example_bash_operator to 2023-11-23T00:00:00+00:00, run_after=2023-11-24T00:00:00+00:00
[2023-11-24T10:35:36.195+0800] {processor.py:179} INFO - Processing /home/azfarmustafa/airflow_tutorial/.venv/lib/python3.10/site-packages/airflow/example_dags/example_bash_operator.py took 0.079 seconds
[2023-11-24T10:36:23.062+0800] {processor.py:157} INFO - Started process (PID=59370) to work on /home/azfarmustafa/airflow_tutorial/.venv/lib/python3.10/site-packages/airflow/example_dags/example_bash_operator.py
[2023-11-24T10:36:23.066+0800] {processor.py:829} INFO - Processing file /home/azfarmustafa/airflow_tutorial/.venv/lib/python3.10/site-packages/airflow/example_dags/example_bash_operator.py for tasks to queue
[2023-11-24T10:36:23.067+0800] {logging_mixin.py:154} INFO - [2023-11-24T10:36:23.066+0800] {dagbag.py:536} INFO - Filling up the DagBag from /home/azfarmustafa/airflow_tutorial/.venv/lib/python3.10/site-packages/airflow/example_dags/example_bash_operator.py
[2023-11-24T10:36:23.077+0800] {processor.py:839} INFO - DAG(s) dict_keys(['example_bash_operator']) retrieved from /home/azfarmustafa/airflow_tutorial/.venv/lib/python3.10/site-packages/airflow/example_dags/example_bash_operator.py
[2023-11-24T10:36:23.098+0800] {logging_mixin.py:154} INFO - [2023-11-24T10:36:23.098+0800] {dag.py:2941} INFO - Sync 1 DAGs
[2023-11-24T10:36:23.117+0800] {logging_mixin.py:154} INFO - [2023-11-24T10:36:23.117+0800] {dag.py:3722} INFO - Setting next_dagrun for example_bash_operator to 2023-11-23T00:00:00+00:00, run_after=2023-11-24T00:00:00+00:00
[2023-11-24T10:36:23.141+0800] {processor.py:179} INFO - Processing /home/azfarmustafa/airflow_tutorial/.venv/lib/python3.10/site-packages/airflow/example_dags/example_bash_operator.py took 0.082 seconds
[2023-11-24T10:37:07.541+0800] {processor.py:157} INFO - Started process (PID=59416) to work on /home/azfarmustafa/airflow_tutorial/.venv/lib/python3.10/site-packages/airflow/example_dags/example_bash_operator.py
[2023-11-24T10:37:07.543+0800] {processor.py:829} INFO - Processing file /home/azfarmustafa/airflow_tutorial/.venv/lib/python3.10/site-packages/airflow/example_dags/example_bash_operator.py for tasks to queue
[2023-11-24T10:37:07.543+0800] {logging_mixin.py:154} INFO - [2023-11-24T10:37:07.543+0800] {dagbag.py:536} INFO - Filling up the DagBag from /home/azfarmustafa/airflow_tutorial/.venv/lib/python3.10/site-packages/airflow/example_dags/example_bash_operator.py
[2023-11-24T10:37:07.553+0800] {processor.py:839} INFO - DAG(s) dict_keys(['example_bash_operator']) retrieved from /home/azfarmustafa/airflow_tutorial/.venv/lib/python3.10/site-packages/airflow/example_dags/example_bash_operator.py
[2023-11-24T10:37:07.573+0800] {logging_mixin.py:154} INFO - [2023-11-24T10:37:07.573+0800] {dag.py:2941} INFO - Sync 1 DAGs
[2023-11-24T10:37:07.591+0800] {logging_mixin.py:154} INFO - [2023-11-24T10:37:07.591+0800] {dag.py:3722} INFO - Setting next_dagrun for example_bash_operator to 2023-11-23T00:00:00+00:00, run_after=2023-11-24T00:00:00+00:00
[2023-11-24T10:37:07.615+0800] {processor.py:179} INFO - Processing /home/azfarmustafa/airflow_tutorial/.venv/lib/python3.10/site-packages/airflow/example_dags/example_bash_operator.py took 0.076 seconds
[2023-11-24T10:37:53.585+0800] {processor.py:157} INFO - Started process (PID=59462) to work on /home/azfarmustafa/airflow_tutorial/.venv/lib/python3.10/site-packages/airflow/example_dags/example_bash_operator.py
[2023-11-24T10:37:53.587+0800] {processor.py:829} INFO - Processing file /home/azfarmustafa/airflow_tutorial/.venv/lib/python3.10/site-packages/airflow/example_dags/example_bash_operator.py for tasks to queue
[2023-11-24T10:37:53.587+0800] {logging_mixin.py:154} INFO - [2023-11-24T10:37:53.587+0800] {dagbag.py:536} INFO - Filling up the DagBag from /home/azfarmustafa/airflow_tutorial/.venv/lib/python3.10/site-packages/airflow/example_dags/example_bash_operator.py
[2023-11-24T10:37:53.597+0800] {processor.py:839} INFO - DAG(s) dict_keys(['example_bash_operator']) retrieved from /home/azfarmustafa/airflow_tutorial/.venv/lib/python3.10/site-packages/airflow/example_dags/example_bash_operator.py
[2023-11-24T10:37:53.618+0800] {logging_mixin.py:154} INFO - [2023-11-24T10:37:53.617+0800] {dag.py:2941} INFO - Sync 1 DAGs
[2023-11-24T10:37:53.638+0800] {logging_mixin.py:154} INFO - [2023-11-24T10:37:53.638+0800] {dag.py:3722} INFO - Setting next_dagrun for example_bash_operator to 2023-11-23T00:00:00+00:00, run_after=2023-11-24T00:00:00+00:00
[2023-11-24T10:37:53.665+0800] {processor.py:179} INFO - Processing /home/azfarmustafa/airflow_tutorial/.venv/lib/python3.10/site-packages/airflow/example_dags/example_bash_operator.py took 0.082 seconds
[2023-11-24T10:38:42.163+0800] {processor.py:157} INFO - Started process (PID=59511) to work on /home/azfarmustafa/airflow_tutorial/.venv/lib/python3.10/site-packages/airflow/example_dags/example_bash_operator.py
[2023-11-24T10:38:42.167+0800] {processor.py:829} INFO - Processing file /home/azfarmustafa/airflow_tutorial/.venv/lib/python3.10/site-packages/airflow/example_dags/example_bash_operator.py for tasks to queue
[2023-11-24T10:38:42.168+0800] {logging_mixin.py:154} INFO - [2023-11-24T10:38:42.168+0800] {dagbag.py:536} INFO - Filling up the DagBag from /home/azfarmustafa/airflow_tutorial/.venv/lib/python3.10/site-packages/airflow/example_dags/example_bash_operator.py
[2023-11-24T10:38:42.178+0800] {processor.py:839} INFO - DAG(s) dict_keys(['example_bash_operator']) retrieved from /home/azfarmustafa/airflow_tutorial/.venv/lib/python3.10/site-packages/airflow/example_dags/example_bash_operator.py
[2023-11-24T10:38:42.199+0800] {logging_mixin.py:154} INFO - [2023-11-24T10:38:42.199+0800] {dag.py:2941} INFO - Sync 1 DAGs
[2023-11-24T10:38:42.218+0800] {logging_mixin.py:154} INFO - [2023-11-24T10:38:42.218+0800] {dag.py:3722} INFO - Setting next_dagrun for example_bash_operator to 2023-11-23T00:00:00+00:00, run_after=2023-11-24T00:00:00+00:00
[2023-11-24T10:38:42.252+0800] {processor.py:179} INFO - Processing /home/azfarmustafa/airflow_tutorial/.venv/lib/python3.10/site-packages/airflow/example_dags/example_bash_operator.py took 0.092 seconds
[2023-11-24T10:39:30.659+0800] {processor.py:157} INFO - Started process (PID=59560) to work on /home/azfarmustafa/airflow_tutorial/.venv/lib/python3.10/site-packages/airflow/example_dags/example_bash_operator.py
[2023-11-24T10:39:30.664+0800] {processor.py:829} INFO - Processing file /home/azfarmustafa/airflow_tutorial/.venv/lib/python3.10/site-packages/airflow/example_dags/example_bash_operator.py for tasks to queue
[2023-11-24T10:39:30.665+0800] {logging_mixin.py:154} INFO - [2023-11-24T10:39:30.665+0800] {dagbag.py:536} INFO - Filling up the DagBag from /home/azfarmustafa/airflow_tutorial/.venv/lib/python3.10/site-packages/airflow/example_dags/example_bash_operator.py
[2023-11-24T10:39:30.679+0800] {processor.py:839} INFO - DAG(s) dict_keys(['example_bash_operator']) retrieved from /home/azfarmustafa/airflow_tutorial/.venv/lib/python3.10/site-packages/airflow/example_dags/example_bash_operator.py
[2023-11-24T10:39:30.704+0800] {logging_mixin.py:154} INFO - [2023-11-24T10:39:30.703+0800] {dag.py:2941} INFO - Sync 1 DAGs
[2023-11-24T10:39:30.733+0800] {logging_mixin.py:154} INFO - [2023-11-24T10:39:30.733+0800] {dag.py:3722} INFO - Setting next_dagrun for example_bash_operator to 2023-11-23T00:00:00+00:00, run_after=2023-11-24T00:00:00+00:00
[2023-11-24T10:39:30.758+0800] {processor.py:179} INFO - Processing /home/azfarmustafa/airflow_tutorial/.venv/lib/python3.10/site-packages/airflow/example_dags/example_bash_operator.py took 0.104 seconds
[2023-11-24T10:40:21.258+0800] {processor.py:157} INFO - Started process (PID=59611) to work on /home/azfarmustafa/airflow_tutorial/.venv/lib/python3.10/site-packages/airflow/example_dags/example_bash_operator.py
[2023-11-24T10:40:21.263+0800] {processor.py:829} INFO - Processing file /home/azfarmustafa/airflow_tutorial/.venv/lib/python3.10/site-packages/airflow/example_dags/example_bash_operator.py for tasks to queue
[2023-11-24T10:40:21.265+0800] {logging_mixin.py:154} INFO - [2023-11-24T10:40:21.264+0800] {dagbag.py:536} INFO - Filling up the DagBag from /home/azfarmustafa/airflow_tutorial/.venv/lib/python3.10/site-packages/airflow/example_dags/example_bash_operator.py
[2023-11-24T10:40:21.275+0800] {processor.py:839} INFO - DAG(s) dict_keys(['example_bash_operator']) retrieved from /home/azfarmustafa/airflow_tutorial/.venv/lib/python3.10/site-packages/airflow/example_dags/example_bash_operator.py
[2023-11-24T10:40:21.297+0800] {logging_mixin.py:154} INFO - [2023-11-24T10:40:21.296+0800] {dag.py:2941} INFO - Sync 1 DAGs
[2023-11-24T10:40:21.320+0800] {logging_mixin.py:154} INFO - [2023-11-24T10:40:21.320+0800] {dag.py:3722} INFO - Setting next_dagrun for example_bash_operator to 2023-11-23T00:00:00+00:00, run_after=2023-11-24T00:00:00+00:00
[2023-11-24T10:40:21.349+0800] {processor.py:179} INFO - Processing /home/azfarmustafa/airflow_tutorial/.venv/lib/python3.10/site-packages/airflow/example_dags/example_bash_operator.py took 0.093 seconds
[2023-11-24T10:41:05.953+0800] {processor.py:157} INFO - Started process (PID=59662) to work on /home/azfarmustafa/airflow_tutorial/.venv/lib/python3.10/site-packages/airflow/example_dags/example_bash_operator.py
[2023-11-24T10:41:05.957+0800] {processor.py:829} INFO - Processing file /home/azfarmustafa/airflow_tutorial/.venv/lib/python3.10/site-packages/airflow/example_dags/example_bash_operator.py for tasks to queue
[2023-11-24T10:41:05.958+0800] {logging_mixin.py:154} INFO - [2023-11-24T10:41:05.958+0800] {dagbag.py:536} INFO - Filling up the DagBag from /home/azfarmustafa/airflow_tutorial/.venv/lib/python3.10/site-packages/airflow/example_dags/example_bash_operator.py
[2023-11-24T10:41:05.968+0800] {processor.py:839} INFO - DAG(s) dict_keys(['example_bash_operator']) retrieved from /home/azfarmustafa/airflow_tutorial/.venv/lib/python3.10/site-packages/airflow/example_dags/example_bash_operator.py
[2023-11-24T10:41:05.992+0800] {logging_mixin.py:154} INFO - [2023-11-24T10:41:05.992+0800] {dag.py:2941} INFO - Sync 1 DAGs
[2023-11-24T10:41:06.014+0800] {logging_mixin.py:154} INFO - [2023-11-24T10:41:06.014+0800] {dag.py:3722} INFO - Setting next_dagrun for example_bash_operator to 2023-11-23T00:00:00+00:00, run_after=2023-11-24T00:00:00+00:00
[2023-11-24T10:41:06.038+0800] {processor.py:179} INFO - Processing /home/azfarmustafa/airflow_tutorial/.venv/lib/python3.10/site-packages/airflow/example_dags/example_bash_operator.py took 0.088 seconds
[2023-11-24T10:41:55.169+0800] {processor.py:157} INFO - Started process (PID=59712) to work on /home/azfarmustafa/airflow_tutorial/.venv/lib/python3.10/site-packages/airflow/example_dags/example_bash_operator.py
[2023-11-24T10:41:55.174+0800] {processor.py:829} INFO - Processing file /home/azfarmustafa/airflow_tutorial/.venv/lib/python3.10/site-packages/airflow/example_dags/example_bash_operator.py for tasks to queue
[2023-11-24T10:41:55.174+0800] {logging_mixin.py:154} INFO - [2023-11-24T10:41:55.174+0800] {dagbag.py:536} INFO - Filling up the DagBag from /home/azfarmustafa/airflow_tutorial/.venv/lib/python3.10/site-packages/airflow/example_dags/example_bash_operator.py
[2023-11-24T10:41:55.186+0800] {processor.py:839} INFO - DAG(s) dict_keys(['example_bash_operator']) retrieved from /home/azfarmustafa/airflow_tutorial/.venv/lib/python3.10/site-packages/airflow/example_dags/example_bash_operator.py
[2023-11-24T10:41:55.206+0800] {logging_mixin.py:154} INFO - [2023-11-24T10:41:55.206+0800] {dag.py:2941} INFO - Sync 1 DAGs
[2023-11-24T10:41:55.225+0800] {logging_mixin.py:154} INFO - [2023-11-24T10:41:55.225+0800] {dag.py:3722} INFO - Setting next_dagrun for example_bash_operator to 2023-11-23T00:00:00+00:00, run_after=2023-11-24T00:00:00+00:00
[2023-11-24T10:41:55.249+0800] {processor.py:179} INFO - Processing /home/azfarmustafa/airflow_tutorial/.venv/lib/python3.10/site-packages/airflow/example_dags/example_bash_operator.py took 0.082 seconds
[2023-11-24T10:42:41.432+0800] {processor.py:157} INFO - Started process (PID=59758) to work on /home/azfarmustafa/airflow_tutorial/.venv/lib/python3.10/site-packages/airflow/example_dags/example_bash_operator.py
[2023-11-24T10:42:41.436+0800] {processor.py:829} INFO - Processing file /home/azfarmustafa/airflow_tutorial/.venv/lib/python3.10/site-packages/airflow/example_dags/example_bash_operator.py for tasks to queue
[2023-11-24T10:42:41.437+0800] {logging_mixin.py:154} INFO - [2023-11-24T10:42:41.437+0800] {dagbag.py:536} INFO - Filling up the DagBag from /home/azfarmustafa/airflow_tutorial/.venv/lib/python3.10/site-packages/airflow/example_dags/example_bash_operator.py
[2023-11-24T10:42:41.447+0800] {processor.py:839} INFO - DAG(s) dict_keys(['example_bash_operator']) retrieved from /home/azfarmustafa/airflow_tutorial/.venv/lib/python3.10/site-packages/airflow/example_dags/example_bash_operator.py
[2023-11-24T10:42:41.467+0800] {logging_mixin.py:154} INFO - [2023-11-24T10:42:41.467+0800] {dag.py:2941} INFO - Sync 1 DAGs
[2023-11-24T10:42:41.486+0800] {logging_mixin.py:154} INFO - [2023-11-24T10:42:41.486+0800] {dag.py:3722} INFO - Setting next_dagrun for example_bash_operator to 2023-11-23T00:00:00+00:00, run_after=2023-11-24T00:00:00+00:00
[2023-11-24T10:42:41.510+0800] {processor.py:179} INFO - Processing /home/azfarmustafa/airflow_tutorial/.venv/lib/python3.10/site-packages/airflow/example_dags/example_bash_operator.py took 0.080 seconds
[2023-11-24T10:43:28.929+0800] {processor.py:157} INFO - Started process (PID=59807) to work on /home/azfarmustafa/airflow_tutorial/.venv/lib/python3.10/site-packages/airflow/example_dags/example_bash_operator.py
[2023-11-24T10:43:28.933+0800] {processor.py:829} INFO - Processing file /home/azfarmustafa/airflow_tutorial/.venv/lib/python3.10/site-packages/airflow/example_dags/example_bash_operator.py for tasks to queue
[2023-11-24T10:43:28.934+0800] {logging_mixin.py:154} INFO - [2023-11-24T10:43:28.933+0800] {dagbag.py:536} INFO - Filling up the DagBag from /home/azfarmustafa/airflow_tutorial/.venv/lib/python3.10/site-packages/airflow/example_dags/example_bash_operator.py
[2023-11-24T10:43:28.943+0800] {processor.py:839} INFO - DAG(s) dict_keys(['example_bash_operator']) retrieved from /home/azfarmustafa/airflow_tutorial/.venv/lib/python3.10/site-packages/airflow/example_dags/example_bash_operator.py
[2023-11-24T10:43:28.964+0800] {logging_mixin.py:154} INFO - [2023-11-24T10:43:28.963+0800] {dag.py:2941} INFO - Sync 1 DAGs
[2023-11-24T10:43:28.984+0800] {logging_mixin.py:154} INFO - [2023-11-24T10:43:28.984+0800] {dag.py:3722} INFO - Setting next_dagrun for example_bash_operator to 2023-11-23T00:00:00+00:00, run_after=2023-11-24T00:00:00+00:00
[2023-11-24T10:43:29.012+0800] {processor.py:179} INFO - Processing /home/azfarmustafa/airflow_tutorial/.venv/lib/python3.10/site-packages/airflow/example_dags/example_bash_operator.py took 0.086 seconds
[2023-11-24T10:44:16.933+0800] {processor.py:157} INFO - Started process (PID=59855) to work on /home/azfarmustafa/airflow_tutorial/.venv/lib/python3.10/site-packages/airflow/example_dags/example_bash_operator.py
[2023-11-24T10:44:16.935+0800] {processor.py:829} INFO - Processing file /home/azfarmustafa/airflow_tutorial/.venv/lib/python3.10/site-packages/airflow/example_dags/example_bash_operator.py for tasks to queue
[2023-11-24T10:44:16.935+0800] {logging_mixin.py:154} INFO - [2023-11-24T10:44:16.935+0800] {dagbag.py:536} INFO - Filling up the DagBag from /home/azfarmustafa/airflow_tutorial/.venv/lib/python3.10/site-packages/airflow/example_dags/example_bash_operator.py
[2023-11-24T10:44:16.946+0800] {processor.py:839} INFO - DAG(s) dict_keys(['example_bash_operator']) retrieved from /home/azfarmustafa/airflow_tutorial/.venv/lib/python3.10/site-packages/airflow/example_dags/example_bash_operator.py
[2023-11-24T10:44:16.966+0800] {logging_mixin.py:154} INFO - [2023-11-24T10:44:16.966+0800] {dag.py:2941} INFO - Sync 1 DAGs
[2023-11-24T10:44:16.986+0800] {logging_mixin.py:154} INFO - [2023-11-24T10:44:16.986+0800] {dag.py:3722} INFO - Setting next_dagrun for example_bash_operator to 2023-11-23T00:00:00+00:00, run_after=2023-11-24T00:00:00+00:00
[2023-11-24T10:44:17.015+0800] {processor.py:179} INFO - Processing /home/azfarmustafa/airflow_tutorial/.venv/lib/python3.10/site-packages/airflow/example_dags/example_bash_operator.py took 0.086 seconds
[2023-11-24T10:45:04.678+0800] {processor.py:157} INFO - Started process (PID=59904) to work on /home/azfarmustafa/airflow_tutorial/.venv/lib/python3.10/site-packages/airflow/example_dags/example_bash_operator.py
[2023-11-24T10:45:04.680+0800] {processor.py:829} INFO - Processing file /home/azfarmustafa/airflow_tutorial/.venv/lib/python3.10/site-packages/airflow/example_dags/example_bash_operator.py for tasks to queue
[2023-11-24T10:45:04.681+0800] {logging_mixin.py:154} INFO - [2023-11-24T10:45:04.680+0800] {dagbag.py:536} INFO - Filling up the DagBag from /home/azfarmustafa/airflow_tutorial/.venv/lib/python3.10/site-packages/airflow/example_dags/example_bash_operator.py
[2023-11-24T10:45:04.695+0800] {processor.py:839} INFO - DAG(s) dict_keys(['example_bash_operator']) retrieved from /home/azfarmustafa/airflow_tutorial/.venv/lib/python3.10/site-packages/airflow/example_dags/example_bash_operator.py
[2023-11-24T10:45:04.718+0800] {logging_mixin.py:154} INFO - [2023-11-24T10:45:04.718+0800] {dag.py:2941} INFO - Sync 1 DAGs
[2023-11-24T10:45:04.740+0800] {logging_mixin.py:154} INFO - [2023-11-24T10:45:04.740+0800] {dag.py:3722} INFO - Setting next_dagrun for example_bash_operator to 2023-11-23T00:00:00+00:00, run_after=2023-11-24T00:00:00+00:00
[2023-11-24T10:45:04.765+0800] {processor.py:179} INFO - Processing /home/azfarmustafa/airflow_tutorial/.venv/lib/python3.10/site-packages/airflow/example_dags/example_bash_operator.py took 0.090 seconds
[2023-11-24T10:45:53.310+0800] {processor.py:157} INFO - Started process (PID=59952) to work on /home/azfarmustafa/airflow_tutorial/.venv/lib/python3.10/site-packages/airflow/example_dags/example_bash_operator.py
[2023-11-24T10:45:53.314+0800] {processor.py:829} INFO - Processing file /home/azfarmustafa/airflow_tutorial/.venv/lib/python3.10/site-packages/airflow/example_dags/example_bash_operator.py for tasks to queue
[2023-11-24T10:45:53.314+0800] {logging_mixin.py:154} INFO - [2023-11-24T10:45:53.314+0800] {dagbag.py:536} INFO - Filling up the DagBag from /home/azfarmustafa/airflow_tutorial/.venv/lib/python3.10/site-packages/airflow/example_dags/example_bash_operator.py
[2023-11-24T10:45:53.327+0800] {processor.py:839} INFO - DAG(s) dict_keys(['example_bash_operator']) retrieved from /home/azfarmustafa/airflow_tutorial/.venv/lib/python3.10/site-packages/airflow/example_dags/example_bash_operator.py
[2023-11-24T10:45:53.347+0800] {logging_mixin.py:154} INFO - [2023-11-24T10:45:53.347+0800] {dag.py:2941} INFO - Sync 1 DAGs
[2023-11-24T10:45:53.366+0800] {logging_mixin.py:154} INFO - [2023-11-24T10:45:53.366+0800] {dag.py:3722} INFO - Setting next_dagrun for example_bash_operator to 2023-11-23T00:00:00+00:00, run_after=2023-11-24T00:00:00+00:00
[2023-11-24T10:45:53.392+0800] {processor.py:179} INFO - Processing /home/azfarmustafa/airflow_tutorial/.venv/lib/python3.10/site-packages/airflow/example_dags/example_bash_operator.py took 0.085 seconds
[2023-11-24T10:46:37.279+0800] {processor.py:157} INFO - Started process (PID=59998) to work on /home/azfarmustafa/airflow_tutorial/.venv/lib/python3.10/site-packages/airflow/example_dags/example_bash_operator.py
[2023-11-24T10:46:37.281+0800] {processor.py:829} INFO - Processing file /home/azfarmustafa/airflow_tutorial/.venv/lib/python3.10/site-packages/airflow/example_dags/example_bash_operator.py for tasks to queue
[2023-11-24T10:46:37.281+0800] {logging_mixin.py:154} INFO - [2023-11-24T10:46:37.281+0800] {dagbag.py:536} INFO - Filling up the DagBag from /home/azfarmustafa/airflow_tutorial/.venv/lib/python3.10/site-packages/airflow/example_dags/example_bash_operator.py
[2023-11-24T10:46:37.294+0800] {processor.py:839} INFO - DAG(s) dict_keys(['example_bash_operator']) retrieved from /home/azfarmustafa/airflow_tutorial/.venv/lib/python3.10/site-packages/airflow/example_dags/example_bash_operator.py
[2023-11-24T10:46:37.314+0800] {logging_mixin.py:154} INFO - [2023-11-24T10:46:37.314+0800] {dag.py:2941} INFO - Sync 1 DAGs
[2023-11-24T10:46:37.332+0800] {logging_mixin.py:154} INFO - [2023-11-24T10:46:37.332+0800] {dag.py:3722} INFO - Setting next_dagrun for example_bash_operator to 2023-11-23T00:00:00+00:00, run_after=2023-11-24T00:00:00+00:00
[2023-11-24T10:46:37.358+0800] {processor.py:179} INFO - Processing /home/azfarmustafa/airflow_tutorial/.venv/lib/python3.10/site-packages/airflow/example_dags/example_bash_operator.py took 0.082 seconds
[2023-11-24T10:47:23.129+0800] {processor.py:157} INFO - Started process (PID=60051) to work on /home/azfarmustafa/airflow_tutorial/.venv/lib/python3.10/site-packages/airflow/example_dags/example_bash_operator.py
[2023-11-24T10:47:23.130+0800] {processor.py:829} INFO - Processing file /home/azfarmustafa/airflow_tutorial/.venv/lib/python3.10/site-packages/airflow/example_dags/example_bash_operator.py for tasks to queue
[2023-11-24T10:47:23.131+0800] {logging_mixin.py:154} INFO - [2023-11-24T10:47:23.131+0800] {dagbag.py:536} INFO - Filling up the DagBag from /home/azfarmustafa/airflow_tutorial/.venv/lib/python3.10/site-packages/airflow/example_dags/example_bash_operator.py
[2023-11-24T10:47:23.143+0800] {processor.py:839} INFO - DAG(s) dict_keys(['example_bash_operator']) retrieved from /home/azfarmustafa/airflow_tutorial/.venv/lib/python3.10/site-packages/airflow/example_dags/example_bash_operator.py
[2023-11-24T10:47:23.164+0800] {logging_mixin.py:154} INFO - [2023-11-24T10:47:23.164+0800] {dag.py:2941} INFO - Sync 1 DAGs
[2023-11-24T10:47:23.185+0800] {logging_mixin.py:154} INFO - [2023-11-24T10:47:23.185+0800] {dag.py:3722} INFO - Setting next_dagrun for example_bash_operator to 2023-11-23T00:00:00+00:00, run_after=2023-11-24T00:00:00+00:00
[2023-11-24T10:47:23.207+0800] {processor.py:179} INFO - Processing /home/azfarmustafa/airflow_tutorial/.venv/lib/python3.10/site-packages/airflow/example_dags/example_bash_operator.py took 0.081 seconds
[2023-11-24T10:48:07.895+0800] {processor.py:157} INFO - Started process (PID=60097) to work on /home/azfarmustafa/airflow_tutorial/.venv/lib/python3.10/site-packages/airflow/example_dags/example_bash_operator.py
[2023-11-24T10:48:07.899+0800] {processor.py:829} INFO - Processing file /home/azfarmustafa/airflow_tutorial/.venv/lib/python3.10/site-packages/airflow/example_dags/example_bash_operator.py for tasks to queue
[2023-11-24T10:48:07.900+0800] {logging_mixin.py:154} INFO - [2023-11-24T10:48:07.900+0800] {dagbag.py:536} INFO - Filling up the DagBag from /home/azfarmustafa/airflow_tutorial/.venv/lib/python3.10/site-packages/airflow/example_dags/example_bash_operator.py
[2023-11-24T10:48:07.909+0800] {processor.py:839} INFO - DAG(s) dict_keys(['example_bash_operator']) retrieved from /home/azfarmustafa/airflow_tutorial/.venv/lib/python3.10/site-packages/airflow/example_dags/example_bash_operator.py
[2023-11-24T10:48:07.930+0800] {logging_mixin.py:154} INFO - [2023-11-24T10:48:07.929+0800] {dag.py:2941} INFO - Sync 1 DAGs
[2023-11-24T10:48:07.948+0800] {logging_mixin.py:154} INFO - [2023-11-24T10:48:07.948+0800] {dag.py:3722} INFO - Setting next_dagrun for example_bash_operator to 2023-11-23T00:00:00+00:00, run_after=2023-11-24T00:00:00+00:00
[2023-11-24T10:48:07.973+0800] {processor.py:179} INFO - Processing /home/azfarmustafa/airflow_tutorial/.venv/lib/python3.10/site-packages/airflow/example_dags/example_bash_operator.py took 0.081 seconds
[2023-11-24T10:48:55.100+0800] {processor.py:157} INFO - Started process (PID=60144) to work on /home/azfarmustafa/airflow_tutorial/.venv/lib/python3.10/site-packages/airflow/example_dags/example_bash_operator.py
[2023-11-24T10:48:55.102+0800] {processor.py:829} INFO - Processing file /home/azfarmustafa/airflow_tutorial/.venv/lib/python3.10/site-packages/airflow/example_dags/example_bash_operator.py for tasks to queue
[2023-11-24T10:48:55.102+0800] {logging_mixin.py:154} INFO - [2023-11-24T10:48:55.102+0800] {dagbag.py:536} INFO - Filling up the DagBag from /home/azfarmustafa/airflow_tutorial/.venv/lib/python3.10/site-packages/airflow/example_dags/example_bash_operator.py
[2023-11-24T10:48:55.115+0800] {processor.py:839} INFO - DAG(s) dict_keys(['example_bash_operator']) retrieved from /home/azfarmustafa/airflow_tutorial/.venv/lib/python3.10/site-packages/airflow/example_dags/example_bash_operator.py
[2023-11-24T10:48:55.135+0800] {logging_mixin.py:154} INFO - [2023-11-24T10:48:55.135+0800] {dag.py:2941} INFO - Sync 1 DAGs
[2023-11-24T10:48:55.154+0800] {logging_mixin.py:154} INFO - [2023-11-24T10:48:55.153+0800] {dag.py:3722} INFO - Setting next_dagrun for example_bash_operator to 2023-11-23T00:00:00+00:00, run_after=2023-11-24T00:00:00+00:00
[2023-11-24T10:48:55.177+0800] {processor.py:179} INFO - Processing /home/azfarmustafa/airflow_tutorial/.venv/lib/python3.10/site-packages/airflow/example_dags/example_bash_operator.py took 0.080 seconds
[2023-11-24T10:49:44.156+0800] {processor.py:157} INFO - Started process (PID=60194) to work on /home/azfarmustafa/airflow_tutorial/.venv/lib/python3.10/site-packages/airflow/example_dags/example_bash_operator.py
[2023-11-24T10:49:44.157+0800] {processor.py:829} INFO - Processing file /home/azfarmustafa/airflow_tutorial/.venv/lib/python3.10/site-packages/airflow/example_dags/example_bash_operator.py for tasks to queue
[2023-11-24T10:49:44.158+0800] {logging_mixin.py:154} INFO - [2023-11-24T10:49:44.158+0800] {dagbag.py:536} INFO - Filling up the DagBag from /home/azfarmustafa/airflow_tutorial/.venv/lib/python3.10/site-packages/airflow/example_dags/example_bash_operator.py
[2023-11-24T10:49:44.183+0800] {processor.py:839} INFO - DAG(s) dict_keys(['example_bash_operator']) retrieved from /home/azfarmustafa/airflow_tutorial/.venv/lib/python3.10/site-packages/airflow/example_dags/example_bash_operator.py
[2023-11-24T10:49:44.212+0800] {logging_mixin.py:154} INFO - [2023-11-24T10:49:44.212+0800] {dag.py:2941} INFO - Sync 1 DAGs
[2023-11-24T10:49:44.235+0800] {logging_mixin.py:154} INFO - [2023-11-24T10:49:44.235+0800] {dag.py:3722} INFO - Setting next_dagrun for example_bash_operator to 2023-11-23T00:00:00+00:00, run_after=2023-11-24T00:00:00+00:00
[2023-11-24T10:49:44.261+0800] {processor.py:179} INFO - Processing /home/azfarmustafa/airflow_tutorial/.venv/lib/python3.10/site-packages/airflow/example_dags/example_bash_operator.py took 0.110 seconds
[2023-11-24T10:50:29.617+0800] {processor.py:157} INFO - Started process (PID=60241) to work on /home/azfarmustafa/airflow_tutorial/.venv/lib/python3.10/site-packages/airflow/example_dags/example_bash_operator.py
[2023-11-24T10:50:29.622+0800] {processor.py:829} INFO - Processing file /home/azfarmustafa/airflow_tutorial/.venv/lib/python3.10/site-packages/airflow/example_dags/example_bash_operator.py for tasks to queue
[2023-11-24T10:50:29.623+0800] {logging_mixin.py:154} INFO - [2023-11-24T10:50:29.622+0800] {dagbag.py:536} INFO - Filling up the DagBag from /home/azfarmustafa/airflow_tutorial/.venv/lib/python3.10/site-packages/airflow/example_dags/example_bash_operator.py
[2023-11-24T10:50:29.632+0800] {processor.py:839} INFO - DAG(s) dict_keys(['example_bash_operator']) retrieved from /home/azfarmustafa/airflow_tutorial/.venv/lib/python3.10/site-packages/airflow/example_dags/example_bash_operator.py
[2023-11-24T10:50:29.659+0800] {logging_mixin.py:154} INFO - [2023-11-24T10:50:29.659+0800] {dag.py:2941} INFO - Sync 1 DAGs
[2023-11-24T10:50:29.678+0800] {logging_mixin.py:154} INFO - [2023-11-24T10:50:29.677+0800] {dag.py:3722} INFO - Setting next_dagrun for example_bash_operator to 2023-11-23T00:00:00+00:00, run_after=2023-11-24T00:00:00+00:00
[2023-11-24T10:50:29.702+0800] {processor.py:179} INFO - Processing /home/azfarmustafa/airflow_tutorial/.venv/lib/python3.10/site-packages/airflow/example_dags/example_bash_operator.py took 0.087 seconds
[2023-11-24T10:51:16.168+0800] {processor.py:157} INFO - Started process (PID=60289) to work on /home/azfarmustafa/airflow_tutorial/.venv/lib/python3.10/site-packages/airflow/example_dags/example_bash_operator.py
[2023-11-24T10:51:16.173+0800] {processor.py:829} INFO - Processing file /home/azfarmustafa/airflow_tutorial/.venv/lib/python3.10/site-packages/airflow/example_dags/example_bash_operator.py for tasks to queue
[2023-11-24T10:51:16.175+0800] {logging_mixin.py:154} INFO - [2023-11-24T10:51:16.174+0800] {dagbag.py:536} INFO - Filling up the DagBag from /home/azfarmustafa/airflow_tutorial/.venv/lib/python3.10/site-packages/airflow/example_dags/example_bash_operator.py
[2023-11-24T10:51:16.188+0800] {processor.py:839} INFO - DAG(s) dict_keys(['example_bash_operator']) retrieved from /home/azfarmustafa/airflow_tutorial/.venv/lib/python3.10/site-packages/airflow/example_dags/example_bash_operator.py
[2023-11-24T10:51:16.210+0800] {logging_mixin.py:154} INFO - [2023-11-24T10:51:16.209+0800] {dag.py:2941} INFO - Sync 1 DAGs
[2023-11-24T10:51:16.232+0800] {logging_mixin.py:154} INFO - [2023-11-24T10:51:16.232+0800] {dag.py:3722} INFO - Setting next_dagrun for example_bash_operator to 2023-11-23T00:00:00+00:00, run_after=2023-11-24T00:00:00+00:00
[2023-11-24T10:51:16.258+0800] {processor.py:179} INFO - Processing /home/azfarmustafa/airflow_tutorial/.venv/lib/python3.10/site-packages/airflow/example_dags/example_bash_operator.py took 0.092 seconds
[2023-11-24T10:52:02.597+0800] {processor.py:157} INFO - Started process (PID=60337) to work on /home/azfarmustafa/airflow_tutorial/.venv/lib/python3.10/site-packages/airflow/example_dags/example_bash_operator.py
[2023-11-24T10:52:02.598+0800] {processor.py:829} INFO - Processing file /home/azfarmustafa/airflow_tutorial/.venv/lib/python3.10/site-packages/airflow/example_dags/example_bash_operator.py for tasks to queue
[2023-11-24T10:52:02.599+0800] {logging_mixin.py:154} INFO - [2023-11-24T10:52:02.599+0800] {dagbag.py:536} INFO - Filling up the DagBag from /home/azfarmustafa/airflow_tutorial/.venv/lib/python3.10/site-packages/airflow/example_dags/example_bash_operator.py
[2023-11-24T10:52:02.612+0800] {processor.py:839} INFO - DAG(s) dict_keys(['example_bash_operator']) retrieved from /home/azfarmustafa/airflow_tutorial/.venv/lib/python3.10/site-packages/airflow/example_dags/example_bash_operator.py
[2023-11-24T10:52:02.639+0800] {logging_mixin.py:154} INFO - [2023-11-24T10:52:02.639+0800] {dag.py:2941} INFO - Sync 1 DAGs
[2023-11-24T10:52:02.660+0800] {logging_mixin.py:154} INFO - [2023-11-24T10:52:02.660+0800] {dag.py:3722} INFO - Setting next_dagrun for example_bash_operator to 2023-11-23T00:00:00+00:00, run_after=2023-11-24T00:00:00+00:00
[2023-11-24T10:52:02.712+0800] {processor.py:179} INFO - Processing /home/azfarmustafa/airflow_tutorial/.venv/lib/python3.10/site-packages/airflow/example_dags/example_bash_operator.py took 0.119 seconds
[2023-11-24T10:52:53.159+0800] {processor.py:157} INFO - Started process (PID=60386) to work on /home/azfarmustafa/airflow_tutorial/.venv/lib/python3.10/site-packages/airflow/example_dags/example_bash_operator.py
[2023-11-24T10:52:53.163+0800] {processor.py:829} INFO - Processing file /home/azfarmustafa/airflow_tutorial/.venv/lib/python3.10/site-packages/airflow/example_dags/example_bash_operator.py for tasks to queue
[2023-11-24T10:52:53.163+0800] {logging_mixin.py:154} INFO - [2023-11-24T10:52:53.163+0800] {dagbag.py:536} INFO - Filling up the DagBag from /home/azfarmustafa/airflow_tutorial/.venv/lib/python3.10/site-packages/airflow/example_dags/example_bash_operator.py
[2023-11-24T10:52:53.173+0800] {processor.py:839} INFO - DAG(s) dict_keys(['example_bash_operator']) retrieved from /home/azfarmustafa/airflow_tutorial/.venv/lib/python3.10/site-packages/airflow/example_dags/example_bash_operator.py
[2023-11-24T10:52:53.194+0800] {logging_mixin.py:154} INFO - [2023-11-24T10:52:53.194+0800] {dag.py:2941} INFO - Sync 1 DAGs
[2023-11-24T10:52:53.213+0800] {logging_mixin.py:154} INFO - [2023-11-24T10:52:53.213+0800] {dag.py:3722} INFO - Setting next_dagrun for example_bash_operator to 2023-11-23T00:00:00+00:00, run_after=2023-11-24T00:00:00+00:00
[2023-11-24T10:52:53.238+0800] {processor.py:179} INFO - Processing /home/azfarmustafa/airflow_tutorial/.venv/lib/python3.10/site-packages/airflow/example_dags/example_bash_operator.py took 0.081 seconds
[2023-11-24T10:53:39.976+0800] {processor.py:157} INFO - Started process (PID=60440) to work on /home/azfarmustafa/airflow_tutorial/.venv/lib/python3.10/site-packages/airflow/example_dags/example_bash_operator.py
[2023-11-24T10:53:39.980+0800] {processor.py:829} INFO - Processing file /home/azfarmustafa/airflow_tutorial/.venv/lib/python3.10/site-packages/airflow/example_dags/example_bash_operator.py for tasks to queue
[2023-11-24T10:53:39.980+0800] {logging_mixin.py:154} INFO - [2023-11-24T10:53:39.980+0800] {dagbag.py:536} INFO - Filling up the DagBag from /home/azfarmustafa/airflow_tutorial/.venv/lib/python3.10/site-packages/airflow/example_dags/example_bash_operator.py
[2023-11-24T10:53:39.997+0800] {processor.py:839} INFO - DAG(s) dict_keys(['example_bash_operator']) retrieved from /home/azfarmustafa/airflow_tutorial/.venv/lib/python3.10/site-packages/airflow/example_dags/example_bash_operator.py
[2023-11-24T10:53:40.025+0800] {logging_mixin.py:154} INFO - [2023-11-24T10:53:40.025+0800] {dag.py:2941} INFO - Sync 1 DAGs
[2023-11-24T10:53:40.044+0800] {logging_mixin.py:154} INFO - [2023-11-24T10:53:40.044+0800] {dag.py:3722} INFO - Setting next_dagrun for example_bash_operator to 2023-11-23T00:00:00+00:00, run_after=2023-11-24T00:00:00+00:00
[2023-11-24T10:53:40.074+0800] {processor.py:179} INFO - Processing /home/azfarmustafa/airflow_tutorial/.venv/lib/python3.10/site-packages/airflow/example_dags/example_bash_operator.py took 0.101 seconds
[2023-11-24T10:54:29.130+0800] {processor.py:157} INFO - Started process (PID=60489) to work on /home/azfarmustafa/airflow_tutorial/.venv/lib/python3.10/site-packages/airflow/example_dags/example_bash_operator.py
[2023-11-24T10:54:29.134+0800] {processor.py:829} INFO - Processing file /home/azfarmustafa/airflow_tutorial/.venv/lib/python3.10/site-packages/airflow/example_dags/example_bash_operator.py for tasks to queue
[2023-11-24T10:54:29.135+0800] {logging_mixin.py:154} INFO - [2023-11-24T10:54:29.135+0800] {dagbag.py:536} INFO - Filling up the DagBag from /home/azfarmustafa/airflow_tutorial/.venv/lib/python3.10/site-packages/airflow/example_dags/example_bash_operator.py
[2023-11-24T10:54:29.147+0800] {processor.py:839} INFO - DAG(s) dict_keys(['example_bash_operator']) retrieved from /home/azfarmustafa/airflow_tutorial/.venv/lib/python3.10/site-packages/airflow/example_dags/example_bash_operator.py
[2023-11-24T10:54:29.168+0800] {logging_mixin.py:154} INFO - [2023-11-24T10:54:29.168+0800] {dag.py:2941} INFO - Sync 1 DAGs
[2023-11-24T10:54:29.187+0800] {logging_mixin.py:154} INFO - [2023-11-24T10:54:29.187+0800] {dag.py:3722} INFO - Setting next_dagrun for example_bash_operator to 2023-11-23T00:00:00+00:00, run_after=2023-11-24T00:00:00+00:00
[2023-11-24T10:54:29.210+0800] {processor.py:179} INFO - Processing /home/azfarmustafa/airflow_tutorial/.venv/lib/python3.10/site-packages/airflow/example_dags/example_bash_operator.py took 0.083 seconds
[2023-11-24T10:55:15.957+0800] {processor.py:157} INFO - Started process (PID=60537) to work on /home/azfarmustafa/airflow_tutorial/.venv/lib/python3.10/site-packages/airflow/example_dags/example_bash_operator.py
[2023-11-24T10:55:15.961+0800] {processor.py:829} INFO - Processing file /home/azfarmustafa/airflow_tutorial/.venv/lib/python3.10/site-packages/airflow/example_dags/example_bash_operator.py for tasks to queue
[2023-11-24T10:55:15.962+0800] {logging_mixin.py:154} INFO - [2023-11-24T10:55:15.961+0800] {dagbag.py:536} INFO - Filling up the DagBag from /home/azfarmustafa/airflow_tutorial/.venv/lib/python3.10/site-packages/airflow/example_dags/example_bash_operator.py
[2023-11-24T10:55:15.974+0800] {processor.py:839} INFO - DAG(s) dict_keys(['example_bash_operator']) retrieved from /home/azfarmustafa/airflow_tutorial/.venv/lib/python3.10/site-packages/airflow/example_dags/example_bash_operator.py
[2023-11-24T10:55:15.997+0800] {logging_mixin.py:154} INFO - [2023-11-24T10:55:15.997+0800] {dag.py:2941} INFO - Sync 1 DAGs
[2023-11-24T10:55:16.016+0800] {logging_mixin.py:154} INFO - [2023-11-24T10:55:16.016+0800] {dag.py:3722} INFO - Setting next_dagrun for example_bash_operator to 2023-11-23T00:00:00+00:00, run_after=2023-11-24T00:00:00+00:00
[2023-11-24T10:55:16.045+0800] {processor.py:179} INFO - Processing /home/azfarmustafa/airflow_tutorial/.venv/lib/python3.10/site-packages/airflow/example_dags/example_bash_operator.py took 0.092 seconds
[2023-11-24T10:56:00.284+0800] {processor.py:157} INFO - Started process (PID=60582) to work on /home/azfarmustafa/airflow_tutorial/.venv/lib/python3.10/site-packages/airflow/example_dags/example_bash_operator.py
[2023-11-24T10:56:00.286+0800] {processor.py:829} INFO - Processing file /home/azfarmustafa/airflow_tutorial/.venv/lib/python3.10/site-packages/airflow/example_dags/example_bash_operator.py for tasks to queue
[2023-11-24T10:56:00.287+0800] {logging_mixin.py:154} INFO - [2023-11-24T10:56:00.286+0800] {dagbag.py:536} INFO - Filling up the DagBag from /home/azfarmustafa/airflow_tutorial/.venv/lib/python3.10/site-packages/airflow/example_dags/example_bash_operator.py
[2023-11-24T10:56:00.296+0800] {processor.py:839} INFO - DAG(s) dict_keys(['example_bash_operator']) retrieved from /home/azfarmustafa/airflow_tutorial/.venv/lib/python3.10/site-packages/airflow/example_dags/example_bash_operator.py
[2023-11-24T10:56:00.318+0800] {logging_mixin.py:154} INFO - [2023-11-24T10:56:00.318+0800] {dag.py:2941} INFO - Sync 1 DAGs
[2023-11-24T10:56:00.340+0800] {logging_mixin.py:154} INFO - [2023-11-24T10:56:00.340+0800] {dag.py:3722} INFO - Setting next_dagrun for example_bash_operator to 2023-11-23T00:00:00+00:00, run_after=2023-11-24T00:00:00+00:00
[2023-11-24T10:56:00.365+0800] {processor.py:179} INFO - Processing /home/azfarmustafa/airflow_tutorial/.venv/lib/python3.10/site-packages/airflow/example_dags/example_bash_operator.py took 0.084 seconds
[2023-11-24T10:56:44.329+0800] {processor.py:157} INFO - Started process (PID=60628) to work on /home/azfarmustafa/airflow_tutorial/.venv/lib/python3.10/site-packages/airflow/example_dags/example_bash_operator.py
[2023-11-24T10:56:44.333+0800] {processor.py:829} INFO - Processing file /home/azfarmustafa/airflow_tutorial/.venv/lib/python3.10/site-packages/airflow/example_dags/example_bash_operator.py for tasks to queue
[2023-11-24T10:56:44.334+0800] {logging_mixin.py:154} INFO - [2023-11-24T10:56:44.334+0800] {dagbag.py:536} INFO - Filling up the DagBag from /home/azfarmustafa/airflow_tutorial/.venv/lib/python3.10/site-packages/airflow/example_dags/example_bash_operator.py
[2023-11-24T10:56:44.345+0800] {processor.py:839} INFO - DAG(s) dict_keys(['example_bash_operator']) retrieved from /home/azfarmustafa/airflow_tutorial/.venv/lib/python3.10/site-packages/airflow/example_dags/example_bash_operator.py
[2023-11-24T10:56:44.369+0800] {logging_mixin.py:154} INFO - [2023-11-24T10:56:44.368+0800] {dag.py:2941} INFO - Sync 1 DAGs
[2023-11-24T10:56:44.389+0800] {logging_mixin.py:154} INFO - [2023-11-24T10:56:44.388+0800] {dag.py:3722} INFO - Setting next_dagrun for example_bash_operator to 2023-11-23T00:00:00+00:00, run_after=2023-11-24T00:00:00+00:00
[2023-11-24T10:56:44.419+0800] {processor.py:179} INFO - Processing /home/azfarmustafa/airflow_tutorial/.venv/lib/python3.10/site-packages/airflow/example_dags/example_bash_operator.py took 0.093 seconds
[2023-11-24T10:57:28.804+0800] {processor.py:157} INFO - Started process (PID=60674) to work on /home/azfarmustafa/airflow_tutorial/.venv/lib/python3.10/site-packages/airflow/example_dags/example_bash_operator.py
[2023-11-24T10:57:28.805+0800] {processor.py:829} INFO - Processing file /home/azfarmustafa/airflow_tutorial/.venv/lib/python3.10/site-packages/airflow/example_dags/example_bash_operator.py for tasks to queue
[2023-11-24T10:57:28.806+0800] {logging_mixin.py:154} INFO - [2023-11-24T10:57:28.805+0800] {dagbag.py:536} INFO - Filling up the DagBag from /home/azfarmustafa/airflow_tutorial/.venv/lib/python3.10/site-packages/airflow/example_dags/example_bash_operator.py
[2023-11-24T10:57:28.816+0800] {processor.py:839} INFO - DAG(s) dict_keys(['example_bash_operator']) retrieved from /home/azfarmustafa/airflow_tutorial/.venv/lib/python3.10/site-packages/airflow/example_dags/example_bash_operator.py
[2023-11-24T10:57:28.836+0800] {logging_mixin.py:154} INFO - [2023-11-24T10:57:28.836+0800] {dag.py:2941} INFO - Sync 1 DAGs
[2023-11-24T10:57:28.854+0800] {logging_mixin.py:154} INFO - [2023-11-24T10:57:28.853+0800] {dag.py:3722} INFO - Setting next_dagrun for example_bash_operator to 2023-11-23T00:00:00+00:00, run_after=2023-11-24T00:00:00+00:00
[2023-11-24T10:57:28.876+0800] {processor.py:179} INFO - Processing /home/azfarmustafa/airflow_tutorial/.venv/lib/python3.10/site-packages/airflow/example_dags/example_bash_operator.py took 0.075 seconds
[2023-11-24T10:58:12.127+0800] {processor.py:157} INFO - Started process (PID=60718) to work on /home/azfarmustafa/airflow_tutorial/.venv/lib/python3.10/site-packages/airflow/example_dags/example_bash_operator.py
[2023-11-24T10:58:12.131+0800] {processor.py:829} INFO - Processing file /home/azfarmustafa/airflow_tutorial/.venv/lib/python3.10/site-packages/airflow/example_dags/example_bash_operator.py for tasks to queue
[2023-11-24T10:58:12.132+0800] {logging_mixin.py:154} INFO - [2023-11-24T10:58:12.132+0800] {dagbag.py:536} INFO - Filling up the DagBag from /home/azfarmustafa/airflow_tutorial/.venv/lib/python3.10/site-packages/airflow/example_dags/example_bash_operator.py
[2023-11-24T10:58:12.142+0800] {processor.py:839} INFO - DAG(s) dict_keys(['example_bash_operator']) retrieved from /home/azfarmustafa/airflow_tutorial/.venv/lib/python3.10/site-packages/airflow/example_dags/example_bash_operator.py
[2023-11-24T10:58:12.166+0800] {logging_mixin.py:154} INFO - [2023-11-24T10:58:12.165+0800] {dag.py:2941} INFO - Sync 1 DAGs
[2023-11-24T10:58:12.190+0800] {logging_mixin.py:154} INFO - [2023-11-24T10:58:12.189+0800] {dag.py:3722} INFO - Setting next_dagrun for example_bash_operator to 2023-11-23T00:00:00+00:00, run_after=2023-11-24T00:00:00+00:00
[2023-11-24T10:58:12.214+0800] {processor.py:179} INFO - Processing /home/azfarmustafa/airflow_tutorial/.venv/lib/python3.10/site-packages/airflow/example_dags/example_bash_operator.py took 0.090 seconds
[2023-11-24T10:58:58.622+0800] {processor.py:157} INFO - Started process (PID=60766) to work on /home/azfarmustafa/airflow_tutorial/.venv/lib/python3.10/site-packages/airflow/example_dags/example_bash_operator.py
[2023-11-24T10:58:58.626+0800] {processor.py:829} INFO - Processing file /home/azfarmustafa/airflow_tutorial/.venv/lib/python3.10/site-packages/airflow/example_dags/example_bash_operator.py for tasks to queue
[2023-11-24T10:58:58.627+0800] {logging_mixin.py:154} INFO - [2023-11-24T10:58:58.626+0800] {dagbag.py:536} INFO - Filling up the DagBag from /home/azfarmustafa/airflow_tutorial/.venv/lib/python3.10/site-packages/airflow/example_dags/example_bash_operator.py
[2023-11-24T10:58:58.641+0800] {processor.py:839} INFO - DAG(s) dict_keys(['example_bash_operator']) retrieved from /home/azfarmustafa/airflow_tutorial/.venv/lib/python3.10/site-packages/airflow/example_dags/example_bash_operator.py
[2023-11-24T10:58:58.662+0800] {logging_mixin.py:154} INFO - [2023-11-24T10:58:58.662+0800] {dag.py:2941} INFO - Sync 1 DAGs
[2023-11-24T10:58:58.680+0800] {logging_mixin.py:154} INFO - [2023-11-24T10:58:58.680+0800] {dag.py:3722} INFO - Setting next_dagrun for example_bash_operator to 2023-11-23T00:00:00+00:00, run_after=2023-11-24T00:00:00+00:00
[2023-11-24T10:58:58.705+0800] {processor.py:179} INFO - Processing /home/azfarmustafa/airflow_tutorial/.venv/lib/python3.10/site-packages/airflow/example_dags/example_bash_operator.py took 0.085 seconds
[2023-11-24T10:59:46.148+0800] {processor.py:157} INFO - Started process (PID=60820) to work on /home/azfarmustafa/airflow_tutorial/.venv/lib/python3.10/site-packages/airflow/example_dags/example_bash_operator.py
[2023-11-24T10:59:46.149+0800] {processor.py:829} INFO - Processing file /home/azfarmustafa/airflow_tutorial/.venv/lib/python3.10/site-packages/airflow/example_dags/example_bash_operator.py for tasks to queue
[2023-11-24T10:59:46.150+0800] {logging_mixin.py:154} INFO - [2023-11-24T10:59:46.150+0800] {dagbag.py:536} INFO - Filling up the DagBag from /home/azfarmustafa/airflow_tutorial/.venv/lib/python3.10/site-packages/airflow/example_dags/example_bash_operator.py
[2023-11-24T10:59:46.163+0800] {processor.py:839} INFO - DAG(s) dict_keys(['example_bash_operator']) retrieved from /home/azfarmustafa/airflow_tutorial/.venv/lib/python3.10/site-packages/airflow/example_dags/example_bash_operator.py
[2023-11-24T10:59:46.189+0800] {logging_mixin.py:154} INFO - [2023-11-24T10:59:46.189+0800] {dag.py:2941} INFO - Sync 1 DAGs
[2023-11-24T10:59:46.210+0800] {logging_mixin.py:154} INFO - [2023-11-24T10:59:46.210+0800] {dag.py:3722} INFO - Setting next_dagrun for example_bash_operator to 2023-11-23T00:00:00+00:00, run_after=2023-11-24T00:00:00+00:00
[2023-11-24T10:59:46.234+0800] {processor.py:179} INFO - Processing /home/azfarmustafa/airflow_tutorial/.venv/lib/python3.10/site-packages/airflow/example_dags/example_bash_operator.py took 0.089 seconds
[2023-11-24T11:00:27.968+0800] {processor.py:157} INFO - Started process (PID=60866) to work on /home/azfarmustafa/airflow_tutorial/.venv/lib/python3.10/site-packages/airflow/example_dags/example_bash_operator.py
[2023-11-24T11:00:27.970+0800] {processor.py:829} INFO - Processing file /home/azfarmustafa/airflow_tutorial/.venv/lib/python3.10/site-packages/airflow/example_dags/example_bash_operator.py for tasks to queue
[2023-11-24T11:00:27.971+0800] {logging_mixin.py:154} INFO - [2023-11-24T11:00:27.971+0800] {dagbag.py:536} INFO - Filling up the DagBag from /home/azfarmustafa/airflow_tutorial/.venv/lib/python3.10/site-packages/airflow/example_dags/example_bash_operator.py
[2023-11-24T11:00:27.982+0800] {processor.py:839} INFO - DAG(s) dict_keys(['example_bash_operator']) retrieved from /home/azfarmustafa/airflow_tutorial/.venv/lib/python3.10/site-packages/airflow/example_dags/example_bash_operator.py
[2023-11-24T11:00:28.011+0800] {logging_mixin.py:154} INFO - [2023-11-24T11:00:28.010+0800] {dag.py:2941} INFO - Sync 1 DAGs
[2023-11-24T11:00:28.033+0800] {logging_mixin.py:154} INFO - [2023-11-24T11:00:28.033+0800] {dag.py:3722} INFO - Setting next_dagrun for example_bash_operator to 2023-11-23T00:00:00+00:00, run_after=2023-11-24T00:00:00+00:00
[2023-11-24T11:00:28.064+0800] {processor.py:179} INFO - Processing /home/azfarmustafa/airflow_tutorial/.venv/lib/python3.10/site-packages/airflow/example_dags/example_bash_operator.py took 0.098 seconds
[2023-11-24T11:01:14.039+0800] {processor.py:157} INFO - Started process (PID=60912) to work on /home/azfarmustafa/airflow_tutorial/.venv/lib/python3.10/site-packages/airflow/example_dags/example_bash_operator.py
[2023-11-24T11:01:14.043+0800] {processor.py:829} INFO - Processing file /home/azfarmustafa/airflow_tutorial/.venv/lib/python3.10/site-packages/airflow/example_dags/example_bash_operator.py for tasks to queue
[2023-11-24T11:01:14.044+0800] {logging_mixin.py:154} INFO - [2023-11-24T11:01:14.044+0800] {dagbag.py:536} INFO - Filling up the DagBag from /home/azfarmustafa/airflow_tutorial/.venv/lib/python3.10/site-packages/airflow/example_dags/example_bash_operator.py
[2023-11-24T11:01:14.054+0800] {processor.py:839} INFO - DAG(s) dict_keys(['example_bash_operator']) retrieved from /home/azfarmustafa/airflow_tutorial/.venv/lib/python3.10/site-packages/airflow/example_dags/example_bash_operator.py
[2023-11-24T11:01:14.075+0800] {logging_mixin.py:154} INFO - [2023-11-24T11:01:14.075+0800] {dag.py:2941} INFO - Sync 1 DAGs
[2023-11-24T11:01:14.094+0800] {logging_mixin.py:154} INFO - [2023-11-24T11:01:14.093+0800] {dag.py:3722} INFO - Setting next_dagrun for example_bash_operator to 2023-11-23T00:00:00+00:00, run_after=2023-11-24T00:00:00+00:00
[2023-11-24T11:01:14.116+0800] {processor.py:179} INFO - Processing /home/azfarmustafa/airflow_tutorial/.venv/lib/python3.10/site-packages/airflow/example_dags/example_bash_operator.py took 0.080 seconds
[2023-11-24T11:02:00.125+0800] {processor.py:157} INFO - Started process (PID=60959) to work on /home/azfarmustafa/airflow_tutorial/.venv/lib/python3.10/site-packages/airflow/example_dags/example_bash_operator.py
[2023-11-24T11:02:00.127+0800] {processor.py:829} INFO - Processing file /home/azfarmustafa/airflow_tutorial/.venv/lib/python3.10/site-packages/airflow/example_dags/example_bash_operator.py for tasks to queue
[2023-11-24T11:02:00.129+0800] {logging_mixin.py:154} INFO - [2023-11-24T11:02:00.128+0800] {dagbag.py:536} INFO - Filling up the DagBag from /home/azfarmustafa/airflow_tutorial/.venv/lib/python3.10/site-packages/airflow/example_dags/example_bash_operator.py
[2023-11-24T11:02:00.142+0800] {processor.py:839} INFO - DAG(s) dict_keys(['example_bash_operator']) retrieved from /home/azfarmustafa/airflow_tutorial/.venv/lib/python3.10/site-packages/airflow/example_dags/example_bash_operator.py
[2023-11-24T11:02:00.172+0800] {logging_mixin.py:154} INFO - [2023-11-24T11:02:00.172+0800] {dag.py:2941} INFO - Sync 1 DAGs
[2023-11-24T11:02:00.193+0800] {logging_mixin.py:154} INFO - [2023-11-24T11:02:00.193+0800] {dag.py:3722} INFO - Setting next_dagrun for example_bash_operator to 2023-11-23T00:00:00+00:00, run_after=2023-11-24T00:00:00+00:00
[2023-11-24T11:02:00.219+0800] {processor.py:179} INFO - Processing /home/azfarmustafa/airflow_tutorial/.venv/lib/python3.10/site-packages/airflow/example_dags/example_bash_operator.py took 0.098 seconds
[2023-11-24T11:02:44.840+0800] {processor.py:157} INFO - Started process (PID=61005) to work on /home/azfarmustafa/airflow_tutorial/.venv/lib/python3.10/site-packages/airflow/example_dags/example_bash_operator.py
[2023-11-24T11:02:44.844+0800] {processor.py:829} INFO - Processing file /home/azfarmustafa/airflow_tutorial/.venv/lib/python3.10/site-packages/airflow/example_dags/example_bash_operator.py for tasks to queue
[2023-11-24T11:02:44.845+0800] {logging_mixin.py:154} INFO - [2023-11-24T11:02:44.845+0800] {dagbag.py:536} INFO - Filling up the DagBag from /home/azfarmustafa/airflow_tutorial/.venv/lib/python3.10/site-packages/airflow/example_dags/example_bash_operator.py
[2023-11-24T11:02:44.857+0800] {processor.py:839} INFO - DAG(s) dict_keys(['example_bash_operator']) retrieved from /home/azfarmustafa/airflow_tutorial/.venv/lib/python3.10/site-packages/airflow/example_dags/example_bash_operator.py
[2023-11-24T11:02:44.884+0800] {logging_mixin.py:154} INFO - [2023-11-24T11:02:44.884+0800] {dag.py:2941} INFO - Sync 1 DAGs
[2023-11-24T11:02:44.911+0800] {logging_mixin.py:154} INFO - [2023-11-24T11:02:44.910+0800] {dag.py:3722} INFO - Setting next_dagrun for example_bash_operator to 2023-11-23T00:00:00+00:00, run_after=2023-11-24T00:00:00+00:00
[2023-11-24T11:02:44.939+0800] {processor.py:179} INFO - Processing /home/azfarmustafa/airflow_tutorial/.venv/lib/python3.10/site-packages/airflow/example_dags/example_bash_operator.py took 0.105 seconds
[2023-11-24T11:03:32.286+0800] {processor.py:157} INFO - Started process (PID=61056) to work on /home/azfarmustafa/airflow_tutorial/.venv/lib/python3.10/site-packages/airflow/example_dags/example_bash_operator.py
[2023-11-24T11:03:32.291+0800] {processor.py:829} INFO - Processing file /home/azfarmustafa/airflow_tutorial/.venv/lib/python3.10/site-packages/airflow/example_dags/example_bash_operator.py for tasks to queue
[2023-11-24T11:03:32.292+0800] {logging_mixin.py:154} INFO - [2023-11-24T11:03:32.292+0800] {dagbag.py:536} INFO - Filling up the DagBag from /home/azfarmustafa/airflow_tutorial/.venv/lib/python3.10/site-packages/airflow/example_dags/example_bash_operator.py
[2023-11-24T11:03:32.307+0800] {processor.py:839} INFO - DAG(s) dict_keys(['example_bash_operator']) retrieved from /home/azfarmustafa/airflow_tutorial/.venv/lib/python3.10/site-packages/airflow/example_dags/example_bash_operator.py
[2023-11-24T11:03:32.333+0800] {logging_mixin.py:154} INFO - [2023-11-24T11:03:32.332+0800] {dag.py:2941} INFO - Sync 1 DAGs
[2023-11-24T11:03:32.358+0800] {logging_mixin.py:154} INFO - [2023-11-24T11:03:32.357+0800] {dag.py:3722} INFO - Setting next_dagrun for example_bash_operator to 2023-11-23T00:00:00+00:00, run_after=2023-11-24T00:00:00+00:00
[2023-11-24T11:03:32.394+0800] {processor.py:179} INFO - Processing /home/azfarmustafa/airflow_tutorial/.venv/lib/python3.10/site-packages/airflow/example_dags/example_bash_operator.py took 0.113 seconds
[2023-11-24T11:04:17.948+0800] {processor.py:157} INFO - Started process (PID=61105) to work on /home/azfarmustafa/airflow_tutorial/.venv/lib/python3.10/site-packages/airflow/example_dags/example_bash_operator.py
[2023-11-24T11:04:17.949+0800] {processor.py:829} INFO - Processing file /home/azfarmustafa/airflow_tutorial/.venv/lib/python3.10/site-packages/airflow/example_dags/example_bash_operator.py for tasks to queue
[2023-11-24T11:04:17.950+0800] {logging_mixin.py:154} INFO - [2023-11-24T11:04:17.950+0800] {dagbag.py:536} INFO - Filling up the DagBag from /home/azfarmustafa/airflow_tutorial/.venv/lib/python3.10/site-packages/airflow/example_dags/example_bash_operator.py
[2023-11-24T11:04:17.963+0800] {processor.py:839} INFO - DAG(s) dict_keys(['example_bash_operator']) retrieved from /home/azfarmustafa/airflow_tutorial/.venv/lib/python3.10/site-packages/airflow/example_dags/example_bash_operator.py
[2023-11-24T11:04:17.984+0800] {logging_mixin.py:154} INFO - [2023-11-24T11:04:17.984+0800] {dag.py:2941} INFO - Sync 1 DAGs
[2023-11-24T11:04:18.003+0800] {logging_mixin.py:154} INFO - [2023-11-24T11:04:18.002+0800] {dag.py:3722} INFO - Setting next_dagrun for example_bash_operator to 2023-11-23T00:00:00+00:00, run_after=2023-11-24T00:00:00+00:00
[2023-11-24T11:04:18.030+0800] {processor.py:179} INFO - Processing /home/azfarmustafa/airflow_tutorial/.venv/lib/python3.10/site-packages/airflow/example_dags/example_bash_operator.py took 0.084 seconds
