[2023-11-24T10:26:04.221+0800] {processor.py:157} INFO - Started process (PID=58722) to work on /home/azfarmustafa/airflow_tutorial/.venv/lib/python3.10/site-packages/airflow/example_dags/example_branch_labels.py
[2023-11-24T10:26:04.222+0800] {processor.py:829} INFO - Processing file /home/azfarmustafa/airflow_tutorial/.venv/lib/python3.10/site-packages/airflow/example_dags/example_branch_labels.py for tasks to queue
[2023-11-24T10:26:04.223+0800] {logging_mixin.py:154} INFO - [2023-11-24T10:26:04.222+0800] {dagbag.py:536} INFO - Filling up the DagBag from /home/azfarmustafa/airflow_tutorial/.venv/lib/python3.10/site-packages/airflow/example_dags/example_branch_labels.py
[2023-11-24T10:26:04.233+0800] {processor.py:839} INFO - DAG(s) dict_keys(['example_branch_labels']) retrieved from /home/azfarmustafa/airflow_tutorial/.venv/lib/python3.10/site-packages/airflow/example_dags/example_branch_labels.py
[2023-11-24T10:26:04.254+0800] {logging_mixin.py:154} INFO - [2023-11-24T10:26:04.254+0800] {dag.py:2941} INFO - Sync 1 DAGs
[2023-11-24T10:26:04.273+0800] {logging_mixin.py:154} INFO - [2023-11-24T10:26:04.273+0800] {dag.py:3722} INFO - Setting next_dagrun for example_branch_labels to 2023-11-23T00:00:00+00:00, run_after=2023-11-24T00:00:00+00:00
[2023-11-24T10:26:04.306+0800] {processor.py:179} INFO - Processing /home/azfarmustafa/airflow_tutorial/.venv/lib/python3.10/site-packages/airflow/example_dags/example_branch_labels.py took 0.089 seconds
[2023-11-24T10:26:54.867+0800] {processor.py:157} INFO - Started process (PID=58781) to work on /home/azfarmustafa/airflow_tutorial/.venv/lib/python3.10/site-packages/airflow/example_dags/example_branch_labels.py
[2023-11-24T10:26:54.871+0800] {processor.py:829} INFO - Processing file /home/azfarmustafa/airflow_tutorial/.venv/lib/python3.10/site-packages/airflow/example_dags/example_branch_labels.py for tasks to queue
[2023-11-24T10:26:54.872+0800] {logging_mixin.py:154} INFO - [2023-11-24T10:26:54.872+0800] {dagbag.py:536} INFO - Filling up the DagBag from /home/azfarmustafa/airflow_tutorial/.venv/lib/python3.10/site-packages/airflow/example_dags/example_branch_labels.py
[2023-11-24T10:26:54.879+0800] {processor.py:839} INFO - DAG(s) dict_keys(['example_branch_labels']) retrieved from /home/azfarmustafa/airflow_tutorial/.venv/lib/python3.10/site-packages/airflow/example_dags/example_branch_labels.py
[2023-11-24T10:26:54.893+0800] {logging_mixin.py:154} INFO - [2023-11-24T10:26:54.893+0800] {dag.py:2941} INFO - Sync 1 DAGs
[2023-11-24T10:26:54.911+0800] {logging_mixin.py:154} INFO - [2023-11-24T10:26:54.911+0800] {dag.py:3722} INFO - Setting next_dagrun for example_branch_labels to 2023-11-23T00:00:00+00:00, run_after=2023-11-24T00:00:00+00:00
[2023-11-24T10:26:54.933+0800] {processor.py:179} INFO - Processing /home/azfarmustafa/airflow_tutorial/.venv/lib/python3.10/site-packages/airflow/example_dags/example_branch_labels.py took 0.068 seconds
[2023-11-24T10:27:41.521+0800] {processor.py:157} INFO - Started process (PID=58829) to work on /home/azfarmustafa/airflow_tutorial/.venv/lib/python3.10/site-packages/airflow/example_dags/example_branch_labels.py
[2023-11-24T10:27:41.525+0800] {processor.py:829} INFO - Processing file /home/azfarmustafa/airflow_tutorial/.venv/lib/python3.10/site-packages/airflow/example_dags/example_branch_labels.py for tasks to queue
[2023-11-24T10:27:41.525+0800] {logging_mixin.py:154} INFO - [2023-11-24T10:27:41.525+0800] {dagbag.py:536} INFO - Filling up the DagBag from /home/azfarmustafa/airflow_tutorial/.venv/lib/python3.10/site-packages/airflow/example_dags/example_branch_labels.py
[2023-11-24T10:27:41.532+0800] {processor.py:839} INFO - DAG(s) dict_keys(['example_branch_labels']) retrieved from /home/azfarmustafa/airflow_tutorial/.venv/lib/python3.10/site-packages/airflow/example_dags/example_branch_labels.py
[2023-11-24T10:27:41.546+0800] {logging_mixin.py:154} INFO - [2023-11-24T10:27:41.546+0800] {dag.py:2941} INFO - Sync 1 DAGs
[2023-11-24T10:27:41.564+0800] {logging_mixin.py:154} INFO - [2023-11-24T10:27:41.564+0800] {dag.py:3722} INFO - Setting next_dagrun for example_branch_labels to 2023-11-23T00:00:00+00:00, run_after=2023-11-24T00:00:00+00:00
[2023-11-24T10:27:41.585+0800] {processor.py:179} INFO - Processing /home/azfarmustafa/airflow_tutorial/.venv/lib/python3.10/site-packages/airflow/example_dags/example_branch_labels.py took 0.067 seconds
[2023-11-24T10:28:27.932+0800] {processor.py:157} INFO - Started process (PID=58875) to work on /home/azfarmustafa/airflow_tutorial/.venv/lib/python3.10/site-packages/airflow/example_dags/example_branch_labels.py
[2023-11-24T10:28:27.933+0800] {processor.py:829} INFO - Processing file /home/azfarmustafa/airflow_tutorial/.venv/lib/python3.10/site-packages/airflow/example_dags/example_branch_labels.py for tasks to queue
[2023-11-24T10:28:27.934+0800] {logging_mixin.py:154} INFO - [2023-11-24T10:28:27.933+0800] {dagbag.py:536} INFO - Filling up the DagBag from /home/azfarmustafa/airflow_tutorial/.venv/lib/python3.10/site-packages/airflow/example_dags/example_branch_labels.py
[2023-11-24T10:28:27.942+0800] {processor.py:839} INFO - DAG(s) dict_keys(['example_branch_labels']) retrieved from /home/azfarmustafa/airflow_tutorial/.venv/lib/python3.10/site-packages/airflow/example_dags/example_branch_labels.py
[2023-11-24T10:28:27.958+0800] {logging_mixin.py:154} INFO - [2023-11-24T10:28:27.958+0800] {dag.py:2941} INFO - Sync 1 DAGs
[2023-11-24T10:28:27.979+0800] {logging_mixin.py:154} INFO - [2023-11-24T10:28:27.978+0800] {dag.py:3722} INFO - Setting next_dagrun for example_branch_labels to 2023-11-23T00:00:00+00:00, run_after=2023-11-24T00:00:00+00:00
[2023-11-24T10:28:28.008+0800] {processor.py:179} INFO - Processing /home/azfarmustafa/airflow_tutorial/.venv/lib/python3.10/site-packages/airflow/example_dags/example_branch_labels.py took 0.079 seconds
[2023-11-24T10:29:17.708+0800] {processor.py:157} INFO - Started process (PID=58931) to work on /home/azfarmustafa/airflow_tutorial/.venv/lib/python3.10/site-packages/airflow/example_dags/example_branch_labels.py
[2023-11-24T10:29:17.712+0800] {processor.py:829} INFO - Processing file /home/azfarmustafa/airflow_tutorial/.venv/lib/python3.10/site-packages/airflow/example_dags/example_branch_labels.py for tasks to queue
[2023-11-24T10:29:17.713+0800] {logging_mixin.py:154} INFO - [2023-11-24T10:29:17.712+0800] {dagbag.py:536} INFO - Filling up the DagBag from /home/azfarmustafa/airflow_tutorial/.venv/lib/python3.10/site-packages/airflow/example_dags/example_branch_labels.py
[2023-11-24T10:29:17.719+0800] {processor.py:839} INFO - DAG(s) dict_keys(['example_branch_labels']) retrieved from /home/azfarmustafa/airflow_tutorial/.venv/lib/python3.10/site-packages/airflow/example_dags/example_branch_labels.py
[2023-11-24T10:29:17.734+0800] {logging_mixin.py:154} INFO - [2023-11-24T10:29:17.733+0800] {dag.py:2941} INFO - Sync 1 DAGs
[2023-11-24T10:29:17.752+0800] {logging_mixin.py:154} INFO - [2023-11-24T10:29:17.752+0800] {dag.py:3722} INFO - Setting next_dagrun for example_branch_labels to 2023-11-23T00:00:00+00:00, run_after=2023-11-24T00:00:00+00:00
[2023-11-24T10:29:17.773+0800] {processor.py:179} INFO - Processing /home/azfarmustafa/airflow_tutorial/.venv/lib/python3.10/site-packages/airflow/example_dags/example_branch_labels.py took 0.068 seconds
[2023-11-24T10:30:03.674+0800] {processor.py:157} INFO - Started process (PID=58979) to work on /home/azfarmustafa/airflow_tutorial/.venv/lib/python3.10/site-packages/airflow/example_dags/example_branch_labels.py
[2023-11-24T10:30:03.679+0800] {processor.py:829} INFO - Processing file /home/azfarmustafa/airflow_tutorial/.venv/lib/python3.10/site-packages/airflow/example_dags/example_branch_labels.py for tasks to queue
[2023-11-24T10:30:03.680+0800] {logging_mixin.py:154} INFO - [2023-11-24T10:30:03.679+0800] {dagbag.py:536} INFO - Filling up the DagBag from /home/azfarmustafa/airflow_tutorial/.venv/lib/python3.10/site-packages/airflow/example_dags/example_branch_labels.py
[2023-11-24T10:30:03.686+0800] {processor.py:839} INFO - DAG(s) dict_keys(['example_branch_labels']) retrieved from /home/azfarmustafa/airflow_tutorial/.venv/lib/python3.10/site-packages/airflow/example_dags/example_branch_labels.py
[2023-11-24T10:30:03.703+0800] {logging_mixin.py:154} INFO - [2023-11-24T10:30:03.702+0800] {dag.py:2941} INFO - Sync 1 DAGs
[2023-11-24T10:30:03.724+0800] {logging_mixin.py:154} INFO - [2023-11-24T10:30:03.724+0800] {dag.py:3722} INFO - Setting next_dagrun for example_branch_labels to 2023-11-23T00:00:00+00:00, run_after=2023-11-24T00:00:00+00:00
[2023-11-24T10:30:03.751+0800] {processor.py:179} INFO - Processing /home/azfarmustafa/airflow_tutorial/.venv/lib/python3.10/site-packages/airflow/example_dags/example_branch_labels.py took 0.081 seconds
[2023-11-24T10:30:50.776+0800] {processor.py:157} INFO - Started process (PID=59027) to work on /home/azfarmustafa/airflow_tutorial/.venv/lib/python3.10/site-packages/airflow/example_dags/example_branch_labels.py
[2023-11-24T10:30:50.780+0800] {processor.py:829} INFO - Processing file /home/azfarmustafa/airflow_tutorial/.venv/lib/python3.10/site-packages/airflow/example_dags/example_branch_labels.py for tasks to queue
[2023-11-24T10:30:50.781+0800] {logging_mixin.py:154} INFO - [2023-11-24T10:30:50.780+0800] {dagbag.py:536} INFO - Filling up the DagBag from /home/azfarmustafa/airflow_tutorial/.venv/lib/python3.10/site-packages/airflow/example_dags/example_branch_labels.py
[2023-11-24T10:30:50.790+0800] {processor.py:839} INFO - DAG(s) dict_keys(['example_branch_labels']) retrieved from /home/azfarmustafa/airflow_tutorial/.venv/lib/python3.10/site-packages/airflow/example_dags/example_branch_labels.py
[2023-11-24T10:30:50.808+0800] {logging_mixin.py:154} INFO - [2023-11-24T10:30:50.808+0800] {dag.py:2941} INFO - Sync 1 DAGs
[2023-11-24T10:30:50.828+0800] {logging_mixin.py:154} INFO - [2023-11-24T10:30:50.828+0800] {dag.py:3722} INFO - Setting next_dagrun for example_branch_labels to 2023-11-23T00:00:00+00:00, run_after=2023-11-24T00:00:00+00:00
[2023-11-24T10:30:50.855+0800] {processor.py:179} INFO - Processing /home/azfarmustafa/airflow_tutorial/.venv/lib/python3.10/site-packages/airflow/example_dags/example_branch_labels.py took 0.082 seconds
[2023-11-24T10:31:40.266+0800] {processor.py:157} INFO - Started process (PID=59077) to work on /home/azfarmustafa/airflow_tutorial/.venv/lib/python3.10/site-packages/airflow/example_dags/example_branch_labels.py
[2023-11-24T10:31:40.268+0800] {processor.py:829} INFO - Processing file /home/azfarmustafa/airflow_tutorial/.venv/lib/python3.10/site-packages/airflow/example_dags/example_branch_labels.py for tasks to queue
[2023-11-24T10:31:40.268+0800] {logging_mixin.py:154} INFO - [2023-11-24T10:31:40.268+0800] {dagbag.py:536} INFO - Filling up the DagBag from /home/azfarmustafa/airflow_tutorial/.venv/lib/python3.10/site-packages/airflow/example_dags/example_branch_labels.py
[2023-11-24T10:31:40.275+0800] {processor.py:839} INFO - DAG(s) dict_keys(['example_branch_labels']) retrieved from /home/azfarmustafa/airflow_tutorial/.venv/lib/python3.10/site-packages/airflow/example_dags/example_branch_labels.py
[2023-11-24T10:31:40.291+0800] {logging_mixin.py:154} INFO - [2023-11-24T10:31:40.290+0800] {dag.py:2941} INFO - Sync 1 DAGs
[2023-11-24T10:31:40.310+0800] {logging_mixin.py:154} INFO - [2023-11-24T10:31:40.310+0800] {dag.py:3722} INFO - Setting next_dagrun for example_branch_labels to 2023-11-23T00:00:00+00:00, run_after=2023-11-24T00:00:00+00:00
[2023-11-24T10:31:40.333+0800] {processor.py:179} INFO - Processing /home/azfarmustafa/airflow_tutorial/.venv/lib/python3.10/site-packages/airflow/example_dags/example_branch_labels.py took 0.070 seconds
[2023-11-24T10:32:27.695+0800] {processor.py:157} INFO - Started process (PID=59124) to work on /home/azfarmustafa/airflow_tutorial/.venv/lib/python3.10/site-packages/airflow/example_dags/example_branch_labels.py
[2023-11-24T10:32:27.699+0800] {processor.py:829} INFO - Processing file /home/azfarmustafa/airflow_tutorial/.venv/lib/python3.10/site-packages/airflow/example_dags/example_branch_labels.py for tasks to queue
[2023-11-24T10:32:27.700+0800] {logging_mixin.py:154} INFO - [2023-11-24T10:32:27.700+0800] {dagbag.py:536} INFO - Filling up the DagBag from /home/azfarmustafa/airflow_tutorial/.venv/lib/python3.10/site-packages/airflow/example_dags/example_branch_labels.py
[2023-11-24T10:32:27.708+0800] {processor.py:839} INFO - DAG(s) dict_keys(['example_branch_labels']) retrieved from /home/azfarmustafa/airflow_tutorial/.venv/lib/python3.10/site-packages/airflow/example_dags/example_branch_labels.py
[2023-11-24T10:32:27.724+0800] {logging_mixin.py:154} INFO - [2023-11-24T10:32:27.724+0800] {dag.py:2941} INFO - Sync 1 DAGs
[2023-11-24T10:32:27.750+0800] {logging_mixin.py:154} INFO - [2023-11-24T10:32:27.750+0800] {dag.py:3722} INFO - Setting next_dagrun for example_branch_labels to 2023-11-23T00:00:00+00:00, run_after=2023-11-24T00:00:00+00:00
[2023-11-24T10:32:27.776+0800] {processor.py:179} INFO - Processing /home/azfarmustafa/airflow_tutorial/.venv/lib/python3.10/site-packages/airflow/example_dags/example_branch_labels.py took 0.084 seconds
[2023-11-24T10:33:18.598+0800] {processor.py:157} INFO - Started process (PID=59174) to work on /home/azfarmustafa/airflow_tutorial/.venv/lib/python3.10/site-packages/airflow/example_dags/example_branch_labels.py
[2023-11-24T10:33:18.602+0800] {processor.py:829} INFO - Processing file /home/azfarmustafa/airflow_tutorial/.venv/lib/python3.10/site-packages/airflow/example_dags/example_branch_labels.py for tasks to queue
[2023-11-24T10:33:18.603+0800] {logging_mixin.py:154} INFO - [2023-11-24T10:33:18.603+0800] {dagbag.py:536} INFO - Filling up the DagBag from /home/azfarmustafa/airflow_tutorial/.venv/lib/python3.10/site-packages/airflow/example_dags/example_branch_labels.py
[2023-11-24T10:33:18.609+0800] {processor.py:839} INFO - DAG(s) dict_keys(['example_branch_labels']) retrieved from /home/azfarmustafa/airflow_tutorial/.venv/lib/python3.10/site-packages/airflow/example_dags/example_branch_labels.py
[2023-11-24T10:33:18.624+0800] {logging_mixin.py:154} INFO - [2023-11-24T10:33:18.624+0800] {dag.py:2941} INFO - Sync 1 DAGs
[2023-11-24T10:33:18.653+0800] {logging_mixin.py:154} INFO - [2023-11-24T10:33:18.652+0800] {dag.py:3722} INFO - Setting next_dagrun for example_branch_labels to 2023-11-23T00:00:00+00:00, run_after=2023-11-24T00:00:00+00:00
[2023-11-24T10:33:18.681+0800] {processor.py:179} INFO - Processing /home/azfarmustafa/airflow_tutorial/.venv/lib/python3.10/site-packages/airflow/example_dags/example_branch_labels.py took 0.085 seconds
[2023-11-24T10:34:10.990+0800] {processor.py:157} INFO - Started process (PID=59226) to work on /home/azfarmustafa/airflow_tutorial/.venv/lib/python3.10/site-packages/airflow/example_dags/example_branch_labels.py
[2023-11-24T10:34:10.995+0800] {processor.py:829} INFO - Processing file /home/azfarmustafa/airflow_tutorial/.venv/lib/python3.10/site-packages/airflow/example_dags/example_branch_labels.py for tasks to queue
[2023-11-24T10:34:10.996+0800] {logging_mixin.py:154} INFO - [2023-11-24T10:34:10.995+0800] {dagbag.py:536} INFO - Filling up the DagBag from /home/azfarmustafa/airflow_tutorial/.venv/lib/python3.10/site-packages/airflow/example_dags/example_branch_labels.py
[2023-11-24T10:34:11.002+0800] {processor.py:839} INFO - DAG(s) dict_keys(['example_branch_labels']) retrieved from /home/azfarmustafa/airflow_tutorial/.venv/lib/python3.10/site-packages/airflow/example_dags/example_branch_labels.py
[2023-11-24T10:34:11.017+0800] {logging_mixin.py:154} INFO - [2023-11-24T10:34:11.017+0800] {dag.py:2941} INFO - Sync 1 DAGs
[2023-11-24T10:34:11.037+0800] {logging_mixin.py:154} INFO - [2023-11-24T10:34:11.037+0800] {dag.py:3722} INFO - Setting next_dagrun for example_branch_labels to 2023-11-23T00:00:00+00:00, run_after=2023-11-24T00:00:00+00:00
[2023-11-24T10:34:11.064+0800] {processor.py:179} INFO - Processing /home/azfarmustafa/airflow_tutorial/.venv/lib/python3.10/site-packages/airflow/example_dags/example_branch_labels.py took 0.077 seconds
[2023-11-24T10:34:55.520+0800] {processor.py:157} INFO - Started process (PID=59278) to work on /home/azfarmustafa/airflow_tutorial/.venv/lib/python3.10/site-packages/airflow/example_dags/example_branch_labels.py
[2023-11-24T10:34:55.524+0800] {processor.py:829} INFO - Processing file /home/azfarmustafa/airflow_tutorial/.venv/lib/python3.10/site-packages/airflow/example_dags/example_branch_labels.py for tasks to queue
[2023-11-24T10:34:55.525+0800] {logging_mixin.py:154} INFO - [2023-11-24T10:34:55.525+0800] {dagbag.py:536} INFO - Filling up the DagBag from /home/azfarmustafa/airflow_tutorial/.venv/lib/python3.10/site-packages/airflow/example_dags/example_branch_labels.py
[2023-11-24T10:34:55.534+0800] {processor.py:839} INFO - DAG(s) dict_keys(['example_branch_labels']) retrieved from /home/azfarmustafa/airflow_tutorial/.venv/lib/python3.10/site-packages/airflow/example_dags/example_branch_labels.py
[2023-11-24T10:34:55.551+0800] {logging_mixin.py:154} INFO - [2023-11-24T10:34:55.550+0800] {dag.py:2941} INFO - Sync 1 DAGs
[2023-11-24T10:34:55.569+0800] {logging_mixin.py:154} INFO - [2023-11-24T10:34:55.569+0800] {dag.py:3722} INFO - Setting next_dagrun for example_branch_labels to 2023-11-23T00:00:00+00:00, run_after=2023-11-24T00:00:00+00:00
[2023-11-24T10:34:55.596+0800] {processor.py:179} INFO - Processing /home/azfarmustafa/airflow_tutorial/.venv/lib/python3.10/site-packages/airflow/example_dags/example_branch_labels.py took 0.079 seconds
[2023-11-24T10:35:43.586+0800] {processor.py:157} INFO - Started process (PID=59327) to work on /home/azfarmustafa/airflow_tutorial/.venv/lib/python3.10/site-packages/airflow/example_dags/example_branch_labels.py
[2023-11-24T10:35:43.587+0800] {processor.py:829} INFO - Processing file /home/azfarmustafa/airflow_tutorial/.venv/lib/python3.10/site-packages/airflow/example_dags/example_branch_labels.py for tasks to queue
[2023-11-24T10:35:43.588+0800] {logging_mixin.py:154} INFO - [2023-11-24T10:35:43.588+0800] {dagbag.py:536} INFO - Filling up the DagBag from /home/azfarmustafa/airflow_tutorial/.venv/lib/python3.10/site-packages/airflow/example_dags/example_branch_labels.py
[2023-11-24T10:35:43.595+0800] {processor.py:839} INFO - DAG(s) dict_keys(['example_branch_labels']) retrieved from /home/azfarmustafa/airflow_tutorial/.venv/lib/python3.10/site-packages/airflow/example_dags/example_branch_labels.py
[2023-11-24T10:35:43.610+0800] {logging_mixin.py:154} INFO - [2023-11-24T10:35:43.609+0800] {dag.py:2941} INFO - Sync 1 DAGs
[2023-11-24T10:35:43.628+0800] {logging_mixin.py:154} INFO - [2023-11-24T10:35:43.628+0800] {dag.py:3722} INFO - Setting next_dagrun for example_branch_labels to 2023-11-23T00:00:00+00:00, run_after=2023-11-24T00:00:00+00:00
[2023-11-24T10:35:43.658+0800] {processor.py:179} INFO - Processing /home/azfarmustafa/airflow_tutorial/.venv/lib/python3.10/site-packages/airflow/example_dags/example_branch_labels.py took 0.075 seconds
[2023-11-24T10:36:25.927+0800] {processor.py:157} INFO - Started process (PID=59373) to work on /home/azfarmustafa/airflow_tutorial/.venv/lib/python3.10/site-packages/airflow/example_dags/example_branch_labels.py
[2023-11-24T10:36:25.928+0800] {processor.py:829} INFO - Processing file /home/azfarmustafa/airflow_tutorial/.venv/lib/python3.10/site-packages/airflow/example_dags/example_branch_labels.py for tasks to queue
[2023-11-24T10:36:25.929+0800] {logging_mixin.py:154} INFO - [2023-11-24T10:36:25.929+0800] {dagbag.py:536} INFO - Filling up the DagBag from /home/azfarmustafa/airflow_tutorial/.venv/lib/python3.10/site-packages/airflow/example_dags/example_branch_labels.py
[2023-11-24T10:36:25.935+0800] {processor.py:839} INFO - DAG(s) dict_keys(['example_branch_labels']) retrieved from /home/azfarmustafa/airflow_tutorial/.venv/lib/python3.10/site-packages/airflow/example_dags/example_branch_labels.py
[2023-11-24T10:36:25.950+0800] {logging_mixin.py:154} INFO - [2023-11-24T10:36:25.950+0800] {dag.py:2941} INFO - Sync 1 DAGs
[2023-11-24T10:36:25.969+0800] {logging_mixin.py:154} INFO - [2023-11-24T10:36:25.969+0800] {dag.py:3722} INFO - Setting next_dagrun for example_branch_labels to 2023-11-23T00:00:00+00:00, run_after=2023-11-24T00:00:00+00:00
[2023-11-24T10:36:25.999+0800] {processor.py:179} INFO - Processing /home/azfarmustafa/airflow_tutorial/.venv/lib/python3.10/site-packages/airflow/example_dags/example_branch_labels.py took 0.075 seconds
[2023-11-24T10:37:10.097+0800] {processor.py:157} INFO - Started process (PID=59419) to work on /home/azfarmustafa/airflow_tutorial/.venv/lib/python3.10/site-packages/airflow/example_dags/example_branch_labels.py
[2023-11-24T10:37:10.099+0800] {processor.py:829} INFO - Processing file /home/azfarmustafa/airflow_tutorial/.venv/lib/python3.10/site-packages/airflow/example_dags/example_branch_labels.py for tasks to queue
[2023-11-24T10:37:10.099+0800] {logging_mixin.py:154} INFO - [2023-11-24T10:37:10.099+0800] {dagbag.py:536} INFO - Filling up the DagBag from /home/azfarmustafa/airflow_tutorial/.venv/lib/python3.10/site-packages/airflow/example_dags/example_branch_labels.py
[2023-11-24T10:37:10.106+0800] {processor.py:839} INFO - DAG(s) dict_keys(['example_branch_labels']) retrieved from /home/azfarmustafa/airflow_tutorial/.venv/lib/python3.10/site-packages/airflow/example_dags/example_branch_labels.py
[2023-11-24T10:37:10.122+0800] {logging_mixin.py:154} INFO - [2023-11-24T10:37:10.122+0800] {dag.py:2941} INFO - Sync 1 DAGs
[2023-11-24T10:37:10.147+0800] {logging_mixin.py:154} INFO - [2023-11-24T10:37:10.147+0800] {dag.py:3722} INFO - Setting next_dagrun for example_branch_labels to 2023-11-23T00:00:00+00:00, run_after=2023-11-24T00:00:00+00:00
[2023-11-24T10:37:10.174+0800] {processor.py:179} INFO - Processing /home/azfarmustafa/airflow_tutorial/.venv/lib/python3.10/site-packages/airflow/example_dags/example_branch_labels.py took 0.081 seconds
[2023-11-24T10:37:56.435+0800] {processor.py:157} INFO - Started process (PID=59465) to work on /home/azfarmustafa/airflow_tutorial/.venv/lib/python3.10/site-packages/airflow/example_dags/example_branch_labels.py
[2023-11-24T10:37:56.439+0800] {processor.py:829} INFO - Processing file /home/azfarmustafa/airflow_tutorial/.venv/lib/python3.10/site-packages/airflow/example_dags/example_branch_labels.py for tasks to queue
[2023-11-24T10:37:56.440+0800] {logging_mixin.py:154} INFO - [2023-11-24T10:37:56.440+0800] {dagbag.py:536} INFO - Filling up the DagBag from /home/azfarmustafa/airflow_tutorial/.venv/lib/python3.10/site-packages/airflow/example_dags/example_branch_labels.py
[2023-11-24T10:37:56.449+0800] {processor.py:839} INFO - DAG(s) dict_keys(['example_branch_labels']) retrieved from /home/azfarmustafa/airflow_tutorial/.venv/lib/python3.10/site-packages/airflow/example_dags/example_branch_labels.py
[2023-11-24T10:37:56.467+0800] {logging_mixin.py:154} INFO - [2023-11-24T10:37:56.466+0800] {dag.py:2941} INFO - Sync 1 DAGs
[2023-11-24T10:37:56.491+0800] {logging_mixin.py:154} INFO - [2023-11-24T10:37:56.490+0800] {dag.py:3722} INFO - Setting next_dagrun for example_branch_labels to 2023-11-23T00:00:00+00:00, run_after=2023-11-24T00:00:00+00:00
[2023-11-24T10:37:56.514+0800] {processor.py:179} INFO - Processing /home/azfarmustafa/airflow_tutorial/.venv/lib/python3.10/site-packages/airflow/example_dags/example_branch_labels.py took 0.081 seconds
[2023-11-24T10:38:45.378+0800] {processor.py:157} INFO - Started process (PID=59514) to work on /home/azfarmustafa/airflow_tutorial/.venv/lib/python3.10/site-packages/airflow/example_dags/example_branch_labels.py
[2023-11-24T10:38:45.383+0800] {processor.py:829} INFO - Processing file /home/azfarmustafa/airflow_tutorial/.venv/lib/python3.10/site-packages/airflow/example_dags/example_branch_labels.py for tasks to queue
[2023-11-24T10:38:45.384+0800] {logging_mixin.py:154} INFO - [2023-11-24T10:38:45.384+0800] {dagbag.py:536} INFO - Filling up the DagBag from /home/azfarmustafa/airflow_tutorial/.venv/lib/python3.10/site-packages/airflow/example_dags/example_branch_labels.py
[2023-11-24T10:38:45.390+0800] {processor.py:839} INFO - DAG(s) dict_keys(['example_branch_labels']) retrieved from /home/azfarmustafa/airflow_tutorial/.venv/lib/python3.10/site-packages/airflow/example_dags/example_branch_labels.py
[2023-11-24T10:38:45.407+0800] {logging_mixin.py:154} INFO - [2023-11-24T10:38:45.407+0800] {dag.py:2941} INFO - Sync 1 DAGs
[2023-11-24T10:38:45.428+0800] {logging_mixin.py:154} INFO - [2023-11-24T10:38:45.427+0800] {dag.py:3722} INFO - Setting next_dagrun for example_branch_labels to 2023-11-23T00:00:00+00:00, run_after=2023-11-24T00:00:00+00:00
[2023-11-24T10:38:45.455+0800] {processor.py:179} INFO - Processing /home/azfarmustafa/airflow_tutorial/.venv/lib/python3.10/site-packages/airflow/example_dags/example_branch_labels.py took 0.079 seconds
[2023-11-24T10:39:34.403+0800] {processor.py:157} INFO - Started process (PID=59563) to work on /home/azfarmustafa/airflow_tutorial/.venv/lib/python3.10/site-packages/airflow/example_dags/example_branch_labels.py
[2023-11-24T10:39:34.407+0800] {processor.py:829} INFO - Processing file /home/azfarmustafa/airflow_tutorial/.venv/lib/python3.10/site-packages/airflow/example_dags/example_branch_labels.py for tasks to queue
[2023-11-24T10:39:34.408+0800] {logging_mixin.py:154} INFO - [2023-11-24T10:39:34.408+0800] {dagbag.py:536} INFO - Filling up the DagBag from /home/azfarmustafa/airflow_tutorial/.venv/lib/python3.10/site-packages/airflow/example_dags/example_branch_labels.py
[2023-11-24T10:39:34.414+0800] {processor.py:839} INFO - DAG(s) dict_keys(['example_branch_labels']) retrieved from /home/azfarmustafa/airflow_tutorial/.venv/lib/python3.10/site-packages/airflow/example_dags/example_branch_labels.py
[2023-11-24T10:39:34.429+0800] {logging_mixin.py:154} INFO - [2023-11-24T10:39:34.429+0800] {dag.py:2941} INFO - Sync 1 DAGs
[2023-11-24T10:39:34.447+0800] {logging_mixin.py:154} INFO - [2023-11-24T10:39:34.447+0800] {dag.py:3722} INFO - Setting next_dagrun for example_branch_labels to 2023-11-23T00:00:00+00:00, run_after=2023-11-24T00:00:00+00:00
[2023-11-24T10:39:34.520+0800] {processor.py:179} INFO - Processing /home/azfarmustafa/airflow_tutorial/.venv/lib/python3.10/site-packages/airflow/example_dags/example_branch_labels.py took 0.119 seconds
[2023-11-24T10:40:24.696+0800] {processor.py:157} INFO - Started process (PID=59614) to work on /home/azfarmustafa/airflow_tutorial/.venv/lib/python3.10/site-packages/airflow/example_dags/example_branch_labels.py
[2023-11-24T10:40:24.700+0800] {processor.py:829} INFO - Processing file /home/azfarmustafa/airflow_tutorial/.venv/lib/python3.10/site-packages/airflow/example_dags/example_branch_labels.py for tasks to queue
[2023-11-24T10:40:24.701+0800] {logging_mixin.py:154} INFO - [2023-11-24T10:40:24.700+0800] {dagbag.py:536} INFO - Filling up the DagBag from /home/azfarmustafa/airflow_tutorial/.venv/lib/python3.10/site-packages/airflow/example_dags/example_branch_labels.py
[2023-11-24T10:40:24.708+0800] {processor.py:839} INFO - DAG(s) dict_keys(['example_branch_labels']) retrieved from /home/azfarmustafa/airflow_tutorial/.venv/lib/python3.10/site-packages/airflow/example_dags/example_branch_labels.py
[2023-11-24T10:40:24.722+0800] {logging_mixin.py:154} INFO - [2023-11-24T10:40:24.722+0800] {dag.py:2941} INFO - Sync 1 DAGs
[2023-11-24T10:40:24.741+0800] {logging_mixin.py:154} INFO - [2023-11-24T10:40:24.741+0800] {dag.py:3722} INFO - Setting next_dagrun for example_branch_labels to 2023-11-23T00:00:00+00:00, run_after=2023-11-24T00:00:00+00:00
[2023-11-24T10:40:24.765+0800] {processor.py:179} INFO - Processing /home/azfarmustafa/airflow_tutorial/.venv/lib/python3.10/site-packages/airflow/example_dags/example_branch_labels.py took 0.072 seconds
[2023-11-24T10:41:08.844+0800] {processor.py:157} INFO - Started process (PID=59665) to work on /home/azfarmustafa/airflow_tutorial/.venv/lib/python3.10/site-packages/airflow/example_dags/example_branch_labels.py
[2023-11-24T10:41:08.849+0800] {processor.py:829} INFO - Processing file /home/azfarmustafa/airflow_tutorial/.venv/lib/python3.10/site-packages/airflow/example_dags/example_branch_labels.py for tasks to queue
[2023-11-24T10:41:08.849+0800] {logging_mixin.py:154} INFO - [2023-11-24T10:41:08.849+0800] {dagbag.py:536} INFO - Filling up the DagBag from /home/azfarmustafa/airflow_tutorial/.venv/lib/python3.10/site-packages/airflow/example_dags/example_branch_labels.py
[2023-11-24T10:41:08.857+0800] {processor.py:839} INFO - DAG(s) dict_keys(['example_branch_labels']) retrieved from /home/azfarmustafa/airflow_tutorial/.venv/lib/python3.10/site-packages/airflow/example_dags/example_branch_labels.py
[2023-11-24T10:41:08.878+0800] {logging_mixin.py:154} INFO - [2023-11-24T10:41:08.878+0800] {dag.py:2941} INFO - Sync 1 DAGs
[2023-11-24T10:41:08.900+0800] {logging_mixin.py:154} INFO - [2023-11-24T10:41:08.900+0800] {dag.py:3722} INFO - Setting next_dagrun for example_branch_labels to 2023-11-23T00:00:00+00:00, run_after=2023-11-24T00:00:00+00:00
[2023-11-24T10:41:08.928+0800] {processor.py:179} INFO - Processing /home/azfarmustafa/airflow_tutorial/.venv/lib/python3.10/site-packages/airflow/example_dags/example_branch_labels.py took 0.087 seconds
[2023-11-24T10:41:58.692+0800] {processor.py:157} INFO - Started process (PID=59715) to work on /home/azfarmustafa/airflow_tutorial/.venv/lib/python3.10/site-packages/airflow/example_dags/example_branch_labels.py
[2023-11-24T10:41:58.696+0800] {processor.py:829} INFO - Processing file /home/azfarmustafa/airflow_tutorial/.venv/lib/python3.10/site-packages/airflow/example_dags/example_branch_labels.py for tasks to queue
[2023-11-24T10:41:58.697+0800] {logging_mixin.py:154} INFO - [2023-11-24T10:41:58.697+0800] {dagbag.py:536} INFO - Filling up the DagBag from /home/azfarmustafa/airflow_tutorial/.venv/lib/python3.10/site-packages/airflow/example_dags/example_branch_labels.py
[2023-11-24T10:41:58.704+0800] {processor.py:839} INFO - DAG(s) dict_keys(['example_branch_labels']) retrieved from /home/azfarmustafa/airflow_tutorial/.venv/lib/python3.10/site-packages/airflow/example_dags/example_branch_labels.py
[2023-11-24T10:41:58.719+0800] {logging_mixin.py:154} INFO - [2023-11-24T10:41:58.719+0800] {dag.py:2941} INFO - Sync 1 DAGs
[2023-11-24T10:41:58.737+0800] {logging_mixin.py:154} INFO - [2023-11-24T10:41:58.737+0800] {dag.py:3722} INFO - Setting next_dagrun for example_branch_labels to 2023-11-23T00:00:00+00:00, run_after=2023-11-24T00:00:00+00:00
[2023-11-24T10:41:58.763+0800] {processor.py:179} INFO - Processing /home/azfarmustafa/airflow_tutorial/.venv/lib/python3.10/site-packages/airflow/example_dags/example_branch_labels.py took 0.074 seconds
[2023-11-24T10:42:44.461+0800] {processor.py:157} INFO - Started process (PID=59761) to work on /home/azfarmustafa/airflow_tutorial/.venv/lib/python3.10/site-packages/airflow/example_dags/example_branch_labels.py
[2023-11-24T10:42:44.462+0800] {processor.py:829} INFO - Processing file /home/azfarmustafa/airflow_tutorial/.venv/lib/python3.10/site-packages/airflow/example_dags/example_branch_labels.py for tasks to queue
[2023-11-24T10:42:44.463+0800] {logging_mixin.py:154} INFO - [2023-11-24T10:42:44.463+0800] {dagbag.py:536} INFO - Filling up the DagBag from /home/azfarmustafa/airflow_tutorial/.venv/lib/python3.10/site-packages/airflow/example_dags/example_branch_labels.py
[2023-11-24T10:42:44.470+0800] {processor.py:839} INFO - DAG(s) dict_keys(['example_branch_labels']) retrieved from /home/azfarmustafa/airflow_tutorial/.venv/lib/python3.10/site-packages/airflow/example_dags/example_branch_labels.py
[2023-11-24T10:42:44.487+0800] {logging_mixin.py:154} INFO - [2023-11-24T10:42:44.487+0800] {dag.py:2941} INFO - Sync 1 DAGs
[2023-11-24T10:42:44.512+0800] {logging_mixin.py:154} INFO - [2023-11-24T10:42:44.512+0800] {dag.py:3722} INFO - Setting next_dagrun for example_branch_labels to 2023-11-23T00:00:00+00:00, run_after=2023-11-24T00:00:00+00:00
[2023-11-24T10:42:44.538+0800] {processor.py:179} INFO - Processing /home/azfarmustafa/airflow_tutorial/.venv/lib/python3.10/site-packages/airflow/example_dags/example_branch_labels.py took 0.080 seconds
[2023-11-24T10:43:31.784+0800] {processor.py:157} INFO - Started process (PID=59810) to work on /home/azfarmustafa/airflow_tutorial/.venv/lib/python3.10/site-packages/airflow/example_dags/example_branch_labels.py
[2023-11-24T10:43:31.789+0800] {processor.py:829} INFO - Processing file /home/azfarmustafa/airflow_tutorial/.venv/lib/python3.10/site-packages/airflow/example_dags/example_branch_labels.py for tasks to queue
[2023-11-24T10:43:31.790+0800] {logging_mixin.py:154} INFO - [2023-11-24T10:43:31.790+0800] {dagbag.py:536} INFO - Filling up the DagBag from /home/azfarmustafa/airflow_tutorial/.venv/lib/python3.10/site-packages/airflow/example_dags/example_branch_labels.py
[2023-11-24T10:43:31.796+0800] {processor.py:839} INFO - DAG(s) dict_keys(['example_branch_labels']) retrieved from /home/azfarmustafa/airflow_tutorial/.venv/lib/python3.10/site-packages/airflow/example_dags/example_branch_labels.py
[2023-11-24T10:43:31.811+0800] {logging_mixin.py:154} INFO - [2023-11-24T10:43:31.810+0800] {dag.py:2941} INFO - Sync 1 DAGs
[2023-11-24T10:43:31.829+0800] {logging_mixin.py:154} INFO - [2023-11-24T10:43:31.829+0800] {dag.py:3722} INFO - Setting next_dagrun for example_branch_labels to 2023-11-23T00:00:00+00:00, run_after=2023-11-24T00:00:00+00:00
[2023-11-24T10:43:31.852+0800] {processor.py:179} INFO - Processing /home/azfarmustafa/airflow_tutorial/.venv/lib/python3.10/site-packages/airflow/example_dags/example_branch_labels.py took 0.071 seconds
[2023-11-24T10:44:20.469+0800] {processor.py:157} INFO - Started process (PID=59858) to work on /home/azfarmustafa/airflow_tutorial/.venv/lib/python3.10/site-packages/airflow/example_dags/example_branch_labels.py
[2023-11-24T10:44:20.473+0800] {processor.py:829} INFO - Processing file /home/azfarmustafa/airflow_tutorial/.venv/lib/python3.10/site-packages/airflow/example_dags/example_branch_labels.py for tasks to queue
[2023-11-24T10:44:20.473+0800] {logging_mixin.py:154} INFO - [2023-11-24T10:44:20.473+0800] {dagbag.py:536} INFO - Filling up the DagBag from /home/azfarmustafa/airflow_tutorial/.venv/lib/python3.10/site-packages/airflow/example_dags/example_branch_labels.py
[2023-11-24T10:44:20.482+0800] {processor.py:839} INFO - DAG(s) dict_keys(['example_branch_labels']) retrieved from /home/azfarmustafa/airflow_tutorial/.venv/lib/python3.10/site-packages/airflow/example_dags/example_branch_labels.py
[2023-11-24T10:44:20.498+0800] {logging_mixin.py:154} INFO - [2023-11-24T10:44:20.498+0800] {dag.py:2941} INFO - Sync 1 DAGs
[2023-11-24T10:44:20.520+0800] {logging_mixin.py:154} INFO - [2023-11-24T10:44:20.520+0800] {dag.py:3722} INFO - Setting next_dagrun for example_branch_labels to 2023-11-23T00:00:00+00:00, run_after=2023-11-24T00:00:00+00:00
[2023-11-24T10:44:20.549+0800] {processor.py:179} INFO - Processing /home/azfarmustafa/airflow_tutorial/.venv/lib/python3.10/site-packages/airflow/example_dags/example_branch_labels.py took 0.083 seconds
[2023-11-24T10:45:08.231+0800] {processor.py:157} INFO - Started process (PID=59907) to work on /home/azfarmustafa/airflow_tutorial/.venv/lib/python3.10/site-packages/airflow/example_dags/example_branch_labels.py
[2023-11-24T10:45:08.235+0800] {processor.py:829} INFO - Processing file /home/azfarmustafa/airflow_tutorial/.venv/lib/python3.10/site-packages/airflow/example_dags/example_branch_labels.py for tasks to queue
[2023-11-24T10:45:08.236+0800] {logging_mixin.py:154} INFO - [2023-11-24T10:45:08.236+0800] {dagbag.py:536} INFO - Filling up the DagBag from /home/azfarmustafa/airflow_tutorial/.venv/lib/python3.10/site-packages/airflow/example_dags/example_branch_labels.py
[2023-11-24T10:45:08.244+0800] {processor.py:839} INFO - DAG(s) dict_keys(['example_branch_labels']) retrieved from /home/azfarmustafa/airflow_tutorial/.venv/lib/python3.10/site-packages/airflow/example_dags/example_branch_labels.py
[2023-11-24T10:45:08.261+0800] {logging_mixin.py:154} INFO - [2023-11-24T10:45:08.261+0800] {dag.py:2941} INFO - Sync 1 DAGs
[2023-11-24T10:45:08.284+0800] {logging_mixin.py:154} INFO - [2023-11-24T10:45:08.284+0800] {dag.py:3722} INFO - Setting next_dagrun for example_branch_labels to 2023-11-23T00:00:00+00:00, run_after=2023-11-24T00:00:00+00:00
[2023-11-24T10:45:08.311+0800] {processor.py:179} INFO - Processing /home/azfarmustafa/airflow_tutorial/.venv/lib/python3.10/site-packages/airflow/example_dags/example_branch_labels.py took 0.084 seconds
[2023-11-24T10:45:55.985+0800] {processor.py:157} INFO - Started process (PID=59955) to work on /home/azfarmustafa/airflow_tutorial/.venv/lib/python3.10/site-packages/airflow/example_dags/example_branch_labels.py
[2023-11-24T10:45:55.990+0800] {processor.py:829} INFO - Processing file /home/azfarmustafa/airflow_tutorial/.venv/lib/python3.10/site-packages/airflow/example_dags/example_branch_labels.py for tasks to queue
[2023-11-24T10:45:55.991+0800] {logging_mixin.py:154} INFO - [2023-11-24T10:45:55.991+0800] {dagbag.py:536} INFO - Filling up the DagBag from /home/azfarmustafa/airflow_tutorial/.venv/lib/python3.10/site-packages/airflow/example_dags/example_branch_labels.py
[2023-11-24T10:45:55.999+0800] {processor.py:839} INFO - DAG(s) dict_keys(['example_branch_labels']) retrieved from /home/azfarmustafa/airflow_tutorial/.venv/lib/python3.10/site-packages/airflow/example_dags/example_branch_labels.py
[2023-11-24T10:45:56.013+0800] {logging_mixin.py:154} INFO - [2023-11-24T10:45:56.013+0800] {dag.py:2941} INFO - Sync 1 DAGs
[2023-11-24T10:45:56.035+0800] {logging_mixin.py:154} INFO - [2023-11-24T10:45:56.035+0800] {dag.py:3722} INFO - Setting next_dagrun for example_branch_labels to 2023-11-23T00:00:00+00:00, run_after=2023-11-24T00:00:00+00:00
[2023-11-24T10:45:56.061+0800] {processor.py:179} INFO - Processing /home/azfarmustafa/airflow_tutorial/.venv/lib/python3.10/site-packages/airflow/example_dags/example_branch_labels.py took 0.079 seconds
[2023-11-24T10:46:40.376+0800] {processor.py:157} INFO - Started process (PID=60001) to work on /home/azfarmustafa/airflow_tutorial/.venv/lib/python3.10/site-packages/airflow/example_dags/example_branch_labels.py
[2023-11-24T10:46:40.378+0800] {processor.py:829} INFO - Processing file /home/azfarmustafa/airflow_tutorial/.venv/lib/python3.10/site-packages/airflow/example_dags/example_branch_labels.py for tasks to queue
[2023-11-24T10:46:40.378+0800] {logging_mixin.py:154} INFO - [2023-11-24T10:46:40.378+0800] {dagbag.py:536} INFO - Filling up the DagBag from /home/azfarmustafa/airflow_tutorial/.venv/lib/python3.10/site-packages/airflow/example_dags/example_branch_labels.py
[2023-11-24T10:46:40.385+0800] {processor.py:839} INFO - DAG(s) dict_keys(['example_branch_labels']) retrieved from /home/azfarmustafa/airflow_tutorial/.venv/lib/python3.10/site-packages/airflow/example_dags/example_branch_labels.py
[2023-11-24T10:46:40.399+0800] {logging_mixin.py:154} INFO - [2023-11-24T10:46:40.399+0800] {dag.py:2941} INFO - Sync 1 DAGs
[2023-11-24T10:46:40.418+0800] {logging_mixin.py:154} INFO - [2023-11-24T10:46:40.418+0800] {dag.py:3722} INFO - Setting next_dagrun for example_branch_labels to 2023-11-23T00:00:00+00:00, run_after=2023-11-24T00:00:00+00:00
[2023-11-24T10:46:40.440+0800] {processor.py:179} INFO - Processing /home/azfarmustafa/airflow_tutorial/.venv/lib/python3.10/site-packages/airflow/example_dags/example_branch_labels.py took 0.066 seconds
[2023-11-24T10:47:25.915+0800] {processor.py:157} INFO - Started process (PID=60054) to work on /home/azfarmustafa/airflow_tutorial/.venv/lib/python3.10/site-packages/airflow/example_dags/example_branch_labels.py
[2023-11-24T10:47:25.919+0800] {processor.py:829} INFO - Processing file /home/azfarmustafa/airflow_tutorial/.venv/lib/python3.10/site-packages/airflow/example_dags/example_branch_labels.py for tasks to queue
[2023-11-24T10:47:25.919+0800] {logging_mixin.py:154} INFO - [2023-11-24T10:47:25.919+0800] {dagbag.py:536} INFO - Filling up the DagBag from /home/azfarmustafa/airflow_tutorial/.venv/lib/python3.10/site-packages/airflow/example_dags/example_branch_labels.py
[2023-11-24T10:47:25.926+0800] {processor.py:839} INFO - DAG(s) dict_keys(['example_branch_labels']) retrieved from /home/azfarmustafa/airflow_tutorial/.venv/lib/python3.10/site-packages/airflow/example_dags/example_branch_labels.py
[2023-11-24T10:47:25.943+0800] {logging_mixin.py:154} INFO - [2023-11-24T10:47:25.943+0800] {dag.py:2941} INFO - Sync 1 DAGs
[2023-11-24T10:47:25.964+0800] {logging_mixin.py:154} INFO - [2023-11-24T10:47:25.964+0800] {dag.py:3722} INFO - Setting next_dagrun for example_branch_labels to 2023-11-23T00:00:00+00:00, run_after=2023-11-24T00:00:00+00:00
[2023-11-24T10:47:25.994+0800] {processor.py:179} INFO - Processing /home/azfarmustafa/airflow_tutorial/.venv/lib/python3.10/site-packages/airflow/example_dags/example_branch_labels.py took 0.082 seconds
[2023-11-24T10:48:11.439+0800] {processor.py:157} INFO - Started process (PID=60100) to work on /home/azfarmustafa/airflow_tutorial/.venv/lib/python3.10/site-packages/airflow/example_dags/example_branch_labels.py
[2023-11-24T10:48:11.443+0800] {processor.py:829} INFO - Processing file /home/azfarmustafa/airflow_tutorial/.venv/lib/python3.10/site-packages/airflow/example_dags/example_branch_labels.py for tasks to queue
[2023-11-24T10:48:11.444+0800] {logging_mixin.py:154} INFO - [2023-11-24T10:48:11.444+0800] {dagbag.py:536} INFO - Filling up the DagBag from /home/azfarmustafa/airflow_tutorial/.venv/lib/python3.10/site-packages/airflow/example_dags/example_branch_labels.py
[2023-11-24T10:48:11.450+0800] {processor.py:839} INFO - DAG(s) dict_keys(['example_branch_labels']) retrieved from /home/azfarmustafa/airflow_tutorial/.venv/lib/python3.10/site-packages/airflow/example_dags/example_branch_labels.py
[2023-11-24T10:48:11.465+0800] {logging_mixin.py:154} INFO - [2023-11-24T10:48:11.465+0800] {dag.py:2941} INFO - Sync 1 DAGs
[2023-11-24T10:48:11.485+0800] {logging_mixin.py:154} INFO - [2023-11-24T10:48:11.485+0800] {dag.py:3722} INFO - Setting next_dagrun for example_branch_labels to 2023-11-23T00:00:00+00:00, run_after=2023-11-24T00:00:00+00:00
[2023-11-24T10:48:11.510+0800] {processor.py:179} INFO - Processing /home/azfarmustafa/airflow_tutorial/.venv/lib/python3.10/site-packages/airflow/example_dags/example_branch_labels.py took 0.073 seconds
[2023-11-24T10:48:57.355+0800] {processor.py:157} INFO - Started process (PID=60147) to work on /home/azfarmustafa/airflow_tutorial/.venv/lib/python3.10/site-packages/airflow/example_dags/example_branch_labels.py
[2023-11-24T10:48:57.359+0800] {processor.py:829} INFO - Processing file /home/azfarmustafa/airflow_tutorial/.venv/lib/python3.10/site-packages/airflow/example_dags/example_branch_labels.py for tasks to queue
[2023-11-24T10:48:57.361+0800] {logging_mixin.py:154} INFO - [2023-11-24T10:48:57.360+0800] {dagbag.py:536} INFO - Filling up the DagBag from /home/azfarmustafa/airflow_tutorial/.venv/lib/python3.10/site-packages/airflow/example_dags/example_branch_labels.py
[2023-11-24T10:48:57.368+0800] {processor.py:839} INFO - DAG(s) dict_keys(['example_branch_labels']) retrieved from /home/azfarmustafa/airflow_tutorial/.venv/lib/python3.10/site-packages/airflow/example_dags/example_branch_labels.py
[2023-11-24T10:48:57.384+0800] {logging_mixin.py:154} INFO - [2023-11-24T10:48:57.384+0800] {dag.py:2941} INFO - Sync 1 DAGs
[2023-11-24T10:48:57.404+0800] {logging_mixin.py:154} INFO - [2023-11-24T10:48:57.403+0800] {dag.py:3722} INFO - Setting next_dagrun for example_branch_labels to 2023-11-23T00:00:00+00:00, run_after=2023-11-24T00:00:00+00:00
[2023-11-24T10:48:57.431+0800] {processor.py:179} INFO - Processing /home/azfarmustafa/airflow_tutorial/.venv/lib/python3.10/site-packages/airflow/example_dags/example_branch_labels.py took 0.078 seconds
[2023-11-24T10:49:47.684+0800] {processor.py:157} INFO - Started process (PID=60197) to work on /home/azfarmustafa/airflow_tutorial/.venv/lib/python3.10/site-packages/airflow/example_dags/example_branch_labels.py
[2023-11-24T10:49:47.688+0800] {processor.py:829} INFO - Processing file /home/azfarmustafa/airflow_tutorial/.venv/lib/python3.10/site-packages/airflow/example_dags/example_branch_labels.py for tasks to queue
[2023-11-24T10:49:47.689+0800] {logging_mixin.py:154} INFO - [2023-11-24T10:49:47.688+0800] {dagbag.py:536} INFO - Filling up the DagBag from /home/azfarmustafa/airflow_tutorial/.venv/lib/python3.10/site-packages/airflow/example_dags/example_branch_labels.py
[2023-11-24T10:49:47.695+0800] {processor.py:839} INFO - DAG(s) dict_keys(['example_branch_labels']) retrieved from /home/azfarmustafa/airflow_tutorial/.venv/lib/python3.10/site-packages/airflow/example_dags/example_branch_labels.py
[2023-11-24T10:49:47.710+0800] {logging_mixin.py:154} INFO - [2023-11-24T10:49:47.710+0800] {dag.py:2941} INFO - Sync 1 DAGs
[2023-11-24T10:49:47.729+0800] {logging_mixin.py:154} INFO - [2023-11-24T10:49:47.729+0800] {dag.py:3722} INFO - Setting next_dagrun for example_branch_labels to 2023-11-23T00:00:00+00:00, run_after=2023-11-24T00:00:00+00:00
[2023-11-24T10:49:47.754+0800] {processor.py:179} INFO - Processing /home/azfarmustafa/airflow_tutorial/.venv/lib/python3.10/site-packages/airflow/example_dags/example_branch_labels.py took 0.074 seconds
[2023-11-24T10:50:32.822+0800] {processor.py:157} INFO - Started process (PID=60244) to work on /home/azfarmustafa/airflow_tutorial/.venv/lib/python3.10/site-packages/airflow/example_dags/example_branch_labels.py
[2023-11-24T10:50:32.826+0800] {processor.py:829} INFO - Processing file /home/azfarmustafa/airflow_tutorial/.venv/lib/python3.10/site-packages/airflow/example_dags/example_branch_labels.py for tasks to queue
[2023-11-24T10:50:32.827+0800] {logging_mixin.py:154} INFO - [2023-11-24T10:50:32.827+0800] {dagbag.py:536} INFO - Filling up the DagBag from /home/azfarmustafa/airflow_tutorial/.venv/lib/python3.10/site-packages/airflow/example_dags/example_branch_labels.py
[2023-11-24T10:50:32.836+0800] {processor.py:839} INFO - DAG(s) dict_keys(['example_branch_labels']) retrieved from /home/azfarmustafa/airflow_tutorial/.venv/lib/python3.10/site-packages/airflow/example_dags/example_branch_labels.py
[2023-11-24T10:50:32.855+0800] {logging_mixin.py:154} INFO - [2023-11-24T10:50:32.855+0800] {dag.py:2941} INFO - Sync 1 DAGs
[2023-11-24T10:50:32.874+0800] {logging_mixin.py:154} INFO - [2023-11-24T10:50:32.874+0800] {dag.py:3722} INFO - Setting next_dagrun for example_branch_labels to 2023-11-23T00:00:00+00:00, run_after=2023-11-24T00:00:00+00:00
[2023-11-24T10:50:32.902+0800] {processor.py:179} INFO - Processing /home/azfarmustafa/airflow_tutorial/.venv/lib/python3.10/site-packages/airflow/example_dags/example_branch_labels.py took 0.083 seconds
[2023-11-24T10:51:19.241+0800] {processor.py:157} INFO - Started process (PID=60292) to work on /home/azfarmustafa/airflow_tutorial/.venv/lib/python3.10/site-packages/airflow/example_dags/example_branch_labels.py
[2023-11-24T10:51:19.245+0800] {processor.py:829} INFO - Processing file /home/azfarmustafa/airflow_tutorial/.venv/lib/python3.10/site-packages/airflow/example_dags/example_branch_labels.py for tasks to queue
[2023-11-24T10:51:19.246+0800] {logging_mixin.py:154} INFO - [2023-11-24T10:51:19.245+0800] {dagbag.py:536} INFO - Filling up the DagBag from /home/azfarmustafa/airflow_tutorial/.venv/lib/python3.10/site-packages/airflow/example_dags/example_branch_labels.py
[2023-11-24T10:51:19.252+0800] {processor.py:839} INFO - DAG(s) dict_keys(['example_branch_labels']) retrieved from /home/azfarmustafa/airflow_tutorial/.venv/lib/python3.10/site-packages/airflow/example_dags/example_branch_labels.py
[2023-11-24T10:51:19.268+0800] {logging_mixin.py:154} INFO - [2023-11-24T10:51:19.268+0800] {dag.py:2941} INFO - Sync 1 DAGs
[2023-11-24T10:51:19.287+0800] {logging_mixin.py:154} INFO - [2023-11-24T10:51:19.286+0800] {dag.py:3722} INFO - Setting next_dagrun for example_branch_labels to 2023-11-23T00:00:00+00:00, run_after=2023-11-24T00:00:00+00:00
[2023-11-24T10:51:19.311+0800] {processor.py:179} INFO - Processing /home/azfarmustafa/airflow_tutorial/.venv/lib/python3.10/site-packages/airflow/example_dags/example_branch_labels.py took 0.072 seconds
[2023-11-24T10:52:06.251+0800] {processor.py:157} INFO - Started process (PID=60340) to work on /home/azfarmustafa/airflow_tutorial/.venv/lib/python3.10/site-packages/airflow/example_dags/example_branch_labels.py
[2023-11-24T10:52:06.252+0800] {processor.py:829} INFO - Processing file /home/azfarmustafa/airflow_tutorial/.venv/lib/python3.10/site-packages/airflow/example_dags/example_branch_labels.py for tasks to queue
[2023-11-24T10:52:06.253+0800] {logging_mixin.py:154} INFO - [2023-11-24T10:52:06.253+0800] {dagbag.py:536} INFO - Filling up the DagBag from /home/azfarmustafa/airflow_tutorial/.venv/lib/python3.10/site-packages/airflow/example_dags/example_branch_labels.py
[2023-11-24T10:52:06.260+0800] {processor.py:839} INFO - DAG(s) dict_keys(['example_branch_labels']) retrieved from /home/azfarmustafa/airflow_tutorial/.venv/lib/python3.10/site-packages/airflow/example_dags/example_branch_labels.py
[2023-11-24T10:52:06.274+0800] {logging_mixin.py:154} INFO - [2023-11-24T10:52:06.274+0800] {dag.py:2941} INFO - Sync 1 DAGs
[2023-11-24T10:52:06.296+0800] {logging_mixin.py:154} INFO - [2023-11-24T10:52:06.296+0800] {dag.py:3722} INFO - Setting next_dagrun for example_branch_labels to 2023-11-23T00:00:00+00:00, run_after=2023-11-24T00:00:00+00:00
[2023-11-24T10:52:06.322+0800] {processor.py:179} INFO - Processing /home/azfarmustafa/airflow_tutorial/.venv/lib/python3.10/site-packages/airflow/example_dags/example_branch_labels.py took 0.074 seconds
[2023-11-24T10:52:56.701+0800] {processor.py:157} INFO - Started process (PID=60389) to work on /home/azfarmustafa/airflow_tutorial/.venv/lib/python3.10/site-packages/airflow/example_dags/example_branch_labels.py
[2023-11-24T10:52:56.703+0800] {processor.py:829} INFO - Processing file /home/azfarmustafa/airflow_tutorial/.venv/lib/python3.10/site-packages/airflow/example_dags/example_branch_labels.py for tasks to queue
[2023-11-24T10:52:56.706+0800] {logging_mixin.py:154} INFO - [2023-11-24T10:52:56.705+0800] {dagbag.py:536} INFO - Filling up the DagBag from /home/azfarmustafa/airflow_tutorial/.venv/lib/python3.10/site-packages/airflow/example_dags/example_branch_labels.py
[2023-11-24T10:52:56.712+0800] {processor.py:839} INFO - DAG(s) dict_keys(['example_branch_labels']) retrieved from /home/azfarmustafa/airflow_tutorial/.venv/lib/python3.10/site-packages/airflow/example_dags/example_branch_labels.py
[2023-11-24T10:52:56.728+0800] {logging_mixin.py:154} INFO - [2023-11-24T10:52:56.728+0800] {dag.py:2941} INFO - Sync 1 DAGs
[2023-11-24T10:52:56.750+0800] {logging_mixin.py:154} INFO - [2023-11-24T10:52:56.750+0800] {dag.py:3722} INFO - Setting next_dagrun for example_branch_labels to 2023-11-23T00:00:00+00:00, run_after=2023-11-24T00:00:00+00:00
[2023-11-24T10:52:56.778+0800] {processor.py:179} INFO - Processing /home/azfarmustafa/airflow_tutorial/.venv/lib/python3.10/site-packages/airflow/example_dags/example_branch_labels.py took 0.080 seconds
[2023-11-24T10:53:42.863+0800] {processor.py:157} INFO - Started process (PID=60443) to work on /home/azfarmustafa/airflow_tutorial/.venv/lib/python3.10/site-packages/airflow/example_dags/example_branch_labels.py
[2023-11-24T10:53:42.867+0800] {processor.py:829} INFO - Processing file /home/azfarmustafa/airflow_tutorial/.venv/lib/python3.10/site-packages/airflow/example_dags/example_branch_labels.py for tasks to queue
[2023-11-24T10:53:42.867+0800] {logging_mixin.py:154} INFO - [2023-11-24T10:53:42.867+0800] {dagbag.py:536} INFO - Filling up the DagBag from /home/azfarmustafa/airflow_tutorial/.venv/lib/python3.10/site-packages/airflow/example_dags/example_branch_labels.py
[2023-11-24T10:53:42.876+0800] {processor.py:839} INFO - DAG(s) dict_keys(['example_branch_labels']) retrieved from /home/azfarmustafa/airflow_tutorial/.venv/lib/python3.10/site-packages/airflow/example_dags/example_branch_labels.py
[2023-11-24T10:53:42.890+0800] {logging_mixin.py:154} INFO - [2023-11-24T10:53:42.890+0800] {dag.py:2941} INFO - Sync 1 DAGs
[2023-11-24T10:53:42.908+0800] {logging_mixin.py:154} INFO - [2023-11-24T10:53:42.908+0800] {dag.py:3722} INFO - Setting next_dagrun for example_branch_labels to 2023-11-23T00:00:00+00:00, run_after=2023-11-24T00:00:00+00:00
[2023-11-24T10:53:42.931+0800] {processor.py:179} INFO - Processing /home/azfarmustafa/airflow_tutorial/.venv/lib/python3.10/site-packages/airflow/example_dags/example_branch_labels.py took 0.070 seconds
[2023-11-24T10:54:32.036+0800] {processor.py:157} INFO - Started process (PID=60492) to work on /home/azfarmustafa/airflow_tutorial/.venv/lib/python3.10/site-packages/airflow/example_dags/example_branch_labels.py
[2023-11-24T10:54:32.040+0800] {processor.py:829} INFO - Processing file /home/azfarmustafa/airflow_tutorial/.venv/lib/python3.10/site-packages/airflow/example_dags/example_branch_labels.py for tasks to queue
[2023-11-24T10:54:32.041+0800] {logging_mixin.py:154} INFO - [2023-11-24T10:54:32.041+0800] {dagbag.py:536} INFO - Filling up the DagBag from /home/azfarmustafa/airflow_tutorial/.venv/lib/python3.10/site-packages/airflow/example_dags/example_branch_labels.py
[2023-11-24T10:54:32.047+0800] {processor.py:839} INFO - DAG(s) dict_keys(['example_branch_labels']) retrieved from /home/azfarmustafa/airflow_tutorial/.venv/lib/python3.10/site-packages/airflow/example_dags/example_branch_labels.py
[2023-11-24T10:54:32.063+0800] {logging_mixin.py:154} INFO - [2023-11-24T10:54:32.063+0800] {dag.py:2941} INFO - Sync 1 DAGs
[2023-11-24T10:54:32.086+0800] {logging_mixin.py:154} INFO - [2023-11-24T10:54:32.085+0800] {dag.py:3722} INFO - Setting next_dagrun for example_branch_labels to 2023-11-23T00:00:00+00:00, run_after=2023-11-24T00:00:00+00:00
[2023-11-24T10:54:32.112+0800] {processor.py:179} INFO - Processing /home/azfarmustafa/airflow_tutorial/.venv/lib/python3.10/site-packages/airflow/example_dags/example_branch_labels.py took 0.079 seconds
[2023-11-24T10:55:18.499+0800] {processor.py:157} INFO - Started process (PID=60540) to work on /home/azfarmustafa/airflow_tutorial/.venv/lib/python3.10/site-packages/airflow/example_dags/example_branch_labels.py
[2023-11-24T10:55:18.500+0800] {processor.py:829} INFO - Processing file /home/azfarmustafa/airflow_tutorial/.venv/lib/python3.10/site-packages/airflow/example_dags/example_branch_labels.py for tasks to queue
[2023-11-24T10:55:18.501+0800] {logging_mixin.py:154} INFO - [2023-11-24T10:55:18.501+0800] {dagbag.py:536} INFO - Filling up the DagBag from /home/azfarmustafa/airflow_tutorial/.venv/lib/python3.10/site-packages/airflow/example_dags/example_branch_labels.py
[2023-11-24T10:55:18.507+0800] {processor.py:839} INFO - DAG(s) dict_keys(['example_branch_labels']) retrieved from /home/azfarmustafa/airflow_tutorial/.venv/lib/python3.10/site-packages/airflow/example_dags/example_branch_labels.py
[2023-11-24T10:55:18.521+0800] {logging_mixin.py:154} INFO - [2023-11-24T10:55:18.521+0800] {dag.py:2941} INFO - Sync 1 DAGs
[2023-11-24T10:55:18.540+0800] {logging_mixin.py:154} INFO - [2023-11-24T10:55:18.539+0800] {dag.py:3722} INFO - Setting next_dagrun for example_branch_labels to 2023-11-23T00:00:00+00:00, run_after=2023-11-24T00:00:00+00:00
[2023-11-24T10:55:18.564+0800] {processor.py:179} INFO - Processing /home/azfarmustafa/airflow_tutorial/.venv/lib/python3.10/site-packages/airflow/example_dags/example_branch_labels.py took 0.068 seconds
[2023-11-24T10:56:03.741+0800] {processor.py:157} INFO - Started process (PID=60585) to work on /home/azfarmustafa/airflow_tutorial/.venv/lib/python3.10/site-packages/airflow/example_dags/example_branch_labels.py
[2023-11-24T10:56:03.745+0800] {processor.py:829} INFO - Processing file /home/azfarmustafa/airflow_tutorial/.venv/lib/python3.10/site-packages/airflow/example_dags/example_branch_labels.py for tasks to queue
[2023-11-24T10:56:03.747+0800] {logging_mixin.py:154} INFO - [2023-11-24T10:56:03.746+0800] {dagbag.py:536} INFO - Filling up the DagBag from /home/azfarmustafa/airflow_tutorial/.venv/lib/python3.10/site-packages/airflow/example_dags/example_branch_labels.py
[2023-11-24T10:56:03.754+0800] {processor.py:839} INFO - DAG(s) dict_keys(['example_branch_labels']) retrieved from /home/azfarmustafa/airflow_tutorial/.venv/lib/python3.10/site-packages/airflow/example_dags/example_branch_labels.py
[2023-11-24T10:56:03.771+0800] {logging_mixin.py:154} INFO - [2023-11-24T10:56:03.771+0800] {dag.py:2941} INFO - Sync 1 DAGs
[2023-11-24T10:56:03.791+0800] {logging_mixin.py:154} INFO - [2023-11-24T10:56:03.791+0800] {dag.py:3722} INFO - Setting next_dagrun for example_branch_labels to 2023-11-23T00:00:00+00:00, run_after=2023-11-24T00:00:00+00:00
[2023-11-24T10:56:03.817+0800] {processor.py:179} INFO - Processing /home/azfarmustafa/airflow_tutorial/.venv/lib/python3.10/site-packages/airflow/example_dags/example_branch_labels.py took 0.080 seconds
[2023-11-24T10:56:46.050+0800] {processor.py:157} INFO - Started process (PID=60631) to work on /home/azfarmustafa/airflow_tutorial/.venv/lib/python3.10/site-packages/airflow/example_dags/example_branch_labels.py
[2023-11-24T10:56:46.054+0800] {processor.py:829} INFO - Processing file /home/azfarmustafa/airflow_tutorial/.venv/lib/python3.10/site-packages/airflow/example_dags/example_branch_labels.py for tasks to queue
[2023-11-24T10:56:46.055+0800] {logging_mixin.py:154} INFO - [2023-11-24T10:56:46.055+0800] {dagbag.py:536} INFO - Filling up the DagBag from /home/azfarmustafa/airflow_tutorial/.venv/lib/python3.10/site-packages/airflow/example_dags/example_branch_labels.py
[2023-11-24T10:56:46.064+0800] {processor.py:839} INFO - DAG(s) dict_keys(['example_branch_labels']) retrieved from /home/azfarmustafa/airflow_tutorial/.venv/lib/python3.10/site-packages/airflow/example_dags/example_branch_labels.py
[2023-11-24T10:56:46.081+0800] {logging_mixin.py:154} INFO - [2023-11-24T10:56:46.081+0800] {dag.py:2941} INFO - Sync 1 DAGs
[2023-11-24T10:56:46.103+0800] {logging_mixin.py:154} INFO - [2023-11-24T10:56:46.102+0800] {dag.py:3722} INFO - Setting next_dagrun for example_branch_labels to 2023-11-23T00:00:00+00:00, run_after=2023-11-24T00:00:00+00:00
[2023-11-24T10:56:46.130+0800] {processor.py:179} INFO - Processing /home/azfarmustafa/airflow_tutorial/.venv/lib/python3.10/site-packages/airflow/example_dags/example_branch_labels.py took 0.083 seconds
[2023-11-24T10:57:31.232+0800] {processor.py:157} INFO - Started process (PID=60677) to work on /home/azfarmustafa/airflow_tutorial/.venv/lib/python3.10/site-packages/airflow/example_dags/example_branch_labels.py
[2023-11-24T10:57:31.233+0800] {processor.py:829} INFO - Processing file /home/azfarmustafa/airflow_tutorial/.venv/lib/python3.10/site-packages/airflow/example_dags/example_branch_labels.py for tasks to queue
[2023-11-24T10:57:31.234+0800] {logging_mixin.py:154} INFO - [2023-11-24T10:57:31.234+0800] {dagbag.py:536} INFO - Filling up the DagBag from /home/azfarmustafa/airflow_tutorial/.venv/lib/python3.10/site-packages/airflow/example_dags/example_branch_labels.py
[2023-11-24T10:57:31.242+0800] {processor.py:839} INFO - DAG(s) dict_keys(['example_branch_labels']) retrieved from /home/azfarmustafa/airflow_tutorial/.venv/lib/python3.10/site-packages/airflow/example_dags/example_branch_labels.py
[2023-11-24T10:57:31.258+0800] {logging_mixin.py:154} INFO - [2023-11-24T10:57:31.258+0800] {dag.py:2941} INFO - Sync 1 DAGs
[2023-11-24T10:57:31.276+0800] {logging_mixin.py:154} INFO - [2023-11-24T10:57:31.276+0800] {dag.py:3722} INFO - Setting next_dagrun for example_branch_labels to 2023-11-23T00:00:00+00:00, run_after=2023-11-24T00:00:00+00:00
[2023-11-24T10:57:31.301+0800] {processor.py:179} INFO - Processing /home/azfarmustafa/airflow_tutorial/.venv/lib/python3.10/site-packages/airflow/example_dags/example_branch_labels.py took 0.072 seconds
[2023-11-24T10:58:15.002+0800] {processor.py:157} INFO - Started process (PID=60721) to work on /home/azfarmustafa/airflow_tutorial/.venv/lib/python3.10/site-packages/airflow/example_dags/example_branch_labels.py
[2023-11-24T10:58:15.007+0800] {processor.py:829} INFO - Processing file /home/azfarmustafa/airflow_tutorial/.venv/lib/python3.10/site-packages/airflow/example_dags/example_branch_labels.py for tasks to queue
[2023-11-24T10:58:15.008+0800] {logging_mixin.py:154} INFO - [2023-11-24T10:58:15.008+0800] {dagbag.py:536} INFO - Filling up the DagBag from /home/azfarmustafa/airflow_tutorial/.venv/lib/python3.10/site-packages/airflow/example_dags/example_branch_labels.py
[2023-11-24T10:58:15.015+0800] {processor.py:839} INFO - DAG(s) dict_keys(['example_branch_labels']) retrieved from /home/azfarmustafa/airflow_tutorial/.venv/lib/python3.10/site-packages/airflow/example_dags/example_branch_labels.py
[2023-11-24T10:58:15.035+0800] {logging_mixin.py:154} INFO - [2023-11-24T10:58:15.034+0800] {dag.py:2941} INFO - Sync 1 DAGs
[2023-11-24T10:58:15.058+0800] {logging_mixin.py:154} INFO - [2023-11-24T10:58:15.058+0800] {dag.py:3722} INFO - Setting next_dagrun for example_branch_labels to 2023-11-23T00:00:00+00:00, run_after=2023-11-24T00:00:00+00:00
[2023-11-24T10:58:15.084+0800] {processor.py:179} INFO - Processing /home/azfarmustafa/airflow_tutorial/.venv/lib/python3.10/site-packages/airflow/example_dags/example_branch_labels.py took 0.085 seconds
[2023-11-24T10:59:01.538+0800] {processor.py:157} INFO - Started process (PID=60769) to work on /home/azfarmustafa/airflow_tutorial/.venv/lib/python3.10/site-packages/airflow/example_dags/example_branch_labels.py
[2023-11-24T10:59:01.543+0800] {processor.py:829} INFO - Processing file /home/azfarmustafa/airflow_tutorial/.venv/lib/python3.10/site-packages/airflow/example_dags/example_branch_labels.py for tasks to queue
[2023-11-24T10:59:01.543+0800] {logging_mixin.py:154} INFO - [2023-11-24T10:59:01.543+0800] {dagbag.py:536} INFO - Filling up the DagBag from /home/azfarmustafa/airflow_tutorial/.venv/lib/python3.10/site-packages/airflow/example_dags/example_branch_labels.py
[2023-11-24T10:59:01.550+0800] {processor.py:839} INFO - DAG(s) dict_keys(['example_branch_labels']) retrieved from /home/azfarmustafa/airflow_tutorial/.venv/lib/python3.10/site-packages/airflow/example_dags/example_branch_labels.py
[2023-11-24T10:59:01.566+0800] {logging_mixin.py:154} INFO - [2023-11-24T10:59:01.566+0800] {dag.py:2941} INFO - Sync 1 DAGs
[2023-11-24T10:59:01.584+0800] {logging_mixin.py:154} INFO - [2023-11-24T10:59:01.584+0800] {dag.py:3722} INFO - Setting next_dagrun for example_branch_labels to 2023-11-23T00:00:00+00:00, run_after=2023-11-24T00:00:00+00:00
[2023-11-24T10:59:01.607+0800] {processor.py:179} INFO - Processing /home/azfarmustafa/airflow_tutorial/.venv/lib/python3.10/site-packages/airflow/example_dags/example_branch_labels.py took 0.070 seconds
[2023-11-24T10:59:47.654+0800] {processor.py:157} INFO - Started process (PID=60823) to work on /home/azfarmustafa/airflow_tutorial/.venv/lib/python3.10/site-packages/airflow/example_dags/example_branch_labels.py
[2023-11-24T10:59:47.660+0800] {processor.py:829} INFO - Processing file /home/azfarmustafa/airflow_tutorial/.venv/lib/python3.10/site-packages/airflow/example_dags/example_branch_labels.py for tasks to queue
[2023-11-24T10:59:47.660+0800] {logging_mixin.py:154} INFO - [2023-11-24T10:59:47.660+0800] {dagbag.py:536} INFO - Filling up the DagBag from /home/azfarmustafa/airflow_tutorial/.venv/lib/python3.10/site-packages/airflow/example_dags/example_branch_labels.py
[2023-11-24T10:59:47.667+0800] {processor.py:839} INFO - DAG(s) dict_keys(['example_branch_labels']) retrieved from /home/azfarmustafa/airflow_tutorial/.venv/lib/python3.10/site-packages/airflow/example_dags/example_branch_labels.py
[2023-11-24T10:59:47.686+0800] {logging_mixin.py:154} INFO - [2023-11-24T10:59:47.685+0800] {dag.py:2941} INFO - Sync 1 DAGs
[2023-11-24T10:59:47.705+0800] {logging_mixin.py:154} INFO - [2023-11-24T10:59:47.705+0800] {dag.py:3722} INFO - Setting next_dagrun for example_branch_labels to 2023-11-23T00:00:00+00:00, run_after=2023-11-24T00:00:00+00:00
[2023-11-24T10:59:47.730+0800] {processor.py:179} INFO - Processing /home/azfarmustafa/airflow_tutorial/.venv/lib/python3.10/site-packages/airflow/example_dags/example_branch_labels.py took 0.079 seconds
[2023-11-24T11:00:31.552+0800] {processor.py:157} INFO - Started process (PID=60869) to work on /home/azfarmustafa/airflow_tutorial/.venv/lib/python3.10/site-packages/airflow/example_dags/example_branch_labels.py
[2023-11-24T11:00:31.553+0800] {processor.py:829} INFO - Processing file /home/azfarmustafa/airflow_tutorial/.venv/lib/python3.10/site-packages/airflow/example_dags/example_branch_labels.py for tasks to queue
[2023-11-24T11:00:31.554+0800] {logging_mixin.py:154} INFO - [2023-11-24T11:00:31.554+0800] {dagbag.py:536} INFO - Filling up the DagBag from /home/azfarmustafa/airflow_tutorial/.venv/lib/python3.10/site-packages/airflow/example_dags/example_branch_labels.py
[2023-11-24T11:00:31.561+0800] {processor.py:839} INFO - DAG(s) dict_keys(['example_branch_labels']) retrieved from /home/azfarmustafa/airflow_tutorial/.venv/lib/python3.10/site-packages/airflow/example_dags/example_branch_labels.py
[2023-11-24T11:00:31.577+0800] {logging_mixin.py:154} INFO - [2023-11-24T11:00:31.577+0800] {dag.py:2941} INFO - Sync 1 DAGs
[2023-11-24T11:00:31.595+0800] {logging_mixin.py:154} INFO - [2023-11-24T11:00:31.595+0800] {dag.py:3722} INFO - Setting next_dagrun for example_branch_labels to 2023-11-23T00:00:00+00:00, run_after=2023-11-24T00:00:00+00:00
[2023-11-24T11:00:31.620+0800] {processor.py:179} INFO - Processing /home/azfarmustafa/airflow_tutorial/.venv/lib/python3.10/site-packages/airflow/example_dags/example_branch_labels.py took 0.071 seconds
[2023-11-24T11:01:17.020+0800] {processor.py:157} INFO - Started process (PID=60915) to work on /home/azfarmustafa/airflow_tutorial/.venv/lib/python3.10/site-packages/airflow/example_dags/example_branch_labels.py
[2023-11-24T11:01:17.021+0800] {processor.py:829} INFO - Processing file /home/azfarmustafa/airflow_tutorial/.venv/lib/python3.10/site-packages/airflow/example_dags/example_branch_labels.py for tasks to queue
[2023-11-24T11:01:17.022+0800] {logging_mixin.py:154} INFO - [2023-11-24T11:01:17.022+0800] {dagbag.py:536} INFO - Filling up the DagBag from /home/azfarmustafa/airflow_tutorial/.venv/lib/python3.10/site-packages/airflow/example_dags/example_branch_labels.py
[2023-11-24T11:01:17.031+0800] {processor.py:839} INFO - DAG(s) dict_keys(['example_branch_labels']) retrieved from /home/azfarmustafa/airflow_tutorial/.venv/lib/python3.10/site-packages/airflow/example_dags/example_branch_labels.py
[2023-11-24T11:01:17.053+0800] {logging_mixin.py:154} INFO - [2023-11-24T11:01:17.052+0800] {dag.py:2941} INFO - Sync 1 DAGs
[2023-11-24T11:01:17.075+0800] {logging_mixin.py:154} INFO - [2023-11-24T11:01:17.074+0800] {dag.py:3722} INFO - Setting next_dagrun for example_branch_labels to 2023-11-23T00:00:00+00:00, run_after=2023-11-24T00:00:00+00:00
[2023-11-24T11:01:17.102+0800] {processor.py:179} INFO - Processing /home/azfarmustafa/airflow_tutorial/.venv/lib/python3.10/site-packages/airflow/example_dags/example_branch_labels.py took 0.086 seconds
[2023-11-24T11:02:03.472+0800] {processor.py:157} INFO - Started process (PID=60962) to work on /home/azfarmustafa/airflow_tutorial/.venv/lib/python3.10/site-packages/airflow/example_dags/example_branch_labels.py
[2023-11-24T11:02:03.475+0800] {processor.py:829} INFO - Processing file /home/azfarmustafa/airflow_tutorial/.venv/lib/python3.10/site-packages/airflow/example_dags/example_branch_labels.py for tasks to queue
[2023-11-24T11:02:03.476+0800] {logging_mixin.py:154} INFO - [2023-11-24T11:02:03.475+0800] {dagbag.py:536} INFO - Filling up the DagBag from /home/azfarmustafa/airflow_tutorial/.venv/lib/python3.10/site-packages/airflow/example_dags/example_branch_labels.py
[2023-11-24T11:02:03.482+0800] {processor.py:839} INFO - DAG(s) dict_keys(['example_branch_labels']) retrieved from /home/azfarmustafa/airflow_tutorial/.venv/lib/python3.10/site-packages/airflow/example_dags/example_branch_labels.py
[2023-11-24T11:02:03.498+0800] {logging_mixin.py:154} INFO - [2023-11-24T11:02:03.497+0800] {dag.py:2941} INFO - Sync 1 DAGs
[2023-11-24T11:02:03.519+0800] {logging_mixin.py:154} INFO - [2023-11-24T11:02:03.518+0800] {dag.py:3722} INFO - Setting next_dagrun for example_branch_labels to 2023-11-23T00:00:00+00:00, run_after=2023-11-24T00:00:00+00:00
[2023-11-24T11:02:03.549+0800] {processor.py:179} INFO - Processing /home/azfarmustafa/airflow_tutorial/.venv/lib/python3.10/site-packages/airflow/example_dags/example_branch_labels.py took 0.080 seconds
[2023-11-24T11:02:47.697+0800] {processor.py:157} INFO - Started process (PID=61008) to work on /home/azfarmustafa/airflow_tutorial/.venv/lib/python3.10/site-packages/airflow/example_dags/example_branch_labels.py
[2023-11-24T11:02:47.698+0800] {processor.py:829} INFO - Processing file /home/azfarmustafa/airflow_tutorial/.venv/lib/python3.10/site-packages/airflow/example_dags/example_branch_labels.py for tasks to queue
[2023-11-24T11:02:47.700+0800] {logging_mixin.py:154} INFO - [2023-11-24T11:02:47.699+0800] {dagbag.py:536} INFO - Filling up the DagBag from /home/azfarmustafa/airflow_tutorial/.venv/lib/python3.10/site-packages/airflow/example_dags/example_branch_labels.py
[2023-11-24T11:02:47.708+0800] {processor.py:839} INFO - DAG(s) dict_keys(['example_branch_labels']) retrieved from /home/azfarmustafa/airflow_tutorial/.venv/lib/python3.10/site-packages/airflow/example_dags/example_branch_labels.py
[2023-11-24T11:02:47.725+0800] {logging_mixin.py:154} INFO - [2023-11-24T11:02:47.725+0800] {dag.py:2941} INFO - Sync 1 DAGs
[2023-11-24T11:02:47.745+0800] {logging_mixin.py:154} INFO - [2023-11-24T11:02:47.744+0800] {dag.py:3722} INFO - Setting next_dagrun for example_branch_labels to 2023-11-23T00:00:00+00:00, run_after=2023-11-24T00:00:00+00:00
[2023-11-24T11:02:47.773+0800] {processor.py:179} INFO - Processing /home/azfarmustafa/airflow_tutorial/.venv/lib/python3.10/site-packages/airflow/example_dags/example_branch_labels.py took 0.079 seconds
[2023-11-24T11:03:34.820+0800] {processor.py:157} INFO - Started process (PID=61059) to work on /home/azfarmustafa/airflow_tutorial/.venv/lib/python3.10/site-packages/airflow/example_dags/example_branch_labels.py
[2023-11-24T11:03:34.822+0800] {processor.py:829} INFO - Processing file /home/azfarmustafa/airflow_tutorial/.venv/lib/python3.10/site-packages/airflow/example_dags/example_branch_labels.py for tasks to queue
[2023-11-24T11:03:34.822+0800] {logging_mixin.py:154} INFO - [2023-11-24T11:03:34.822+0800] {dagbag.py:536} INFO - Filling up the DagBag from /home/azfarmustafa/airflow_tutorial/.venv/lib/python3.10/site-packages/airflow/example_dags/example_branch_labels.py
[2023-11-24T11:03:34.829+0800] {processor.py:839} INFO - DAG(s) dict_keys(['example_branch_labels']) retrieved from /home/azfarmustafa/airflow_tutorial/.venv/lib/python3.10/site-packages/airflow/example_dags/example_branch_labels.py
[2023-11-24T11:03:34.845+0800] {logging_mixin.py:154} INFO - [2023-11-24T11:03:34.844+0800] {dag.py:2941} INFO - Sync 1 DAGs
[2023-11-24T11:03:34.863+0800] {logging_mixin.py:154} INFO - [2023-11-24T11:03:34.863+0800] {dag.py:3722} INFO - Setting next_dagrun for example_branch_labels to 2023-11-23T00:00:00+00:00, run_after=2023-11-24T00:00:00+00:00
[2023-11-24T11:03:34.886+0800] {processor.py:179} INFO - Processing /home/azfarmustafa/airflow_tutorial/.venv/lib/python3.10/site-packages/airflow/example_dags/example_branch_labels.py took 0.069 seconds
[2023-11-24T11:04:27.021+0800] {processor.py:157} INFO - Started process (PID=61114) to work on /home/azfarmustafa/airflow_tutorial/.venv/lib/python3.10/site-packages/airflow/example_dags/example_branch_labels.py
[2023-11-24T11:04:27.023+0800] {processor.py:829} INFO - Processing file /home/azfarmustafa/airflow_tutorial/.venv/lib/python3.10/site-packages/airflow/example_dags/example_branch_labels.py for tasks to queue
[2023-11-24T11:04:27.024+0800] {logging_mixin.py:154} INFO - [2023-11-24T11:04:27.023+0800] {dagbag.py:536} INFO - Filling up the DagBag from /home/azfarmustafa/airflow_tutorial/.venv/lib/python3.10/site-packages/airflow/example_dags/example_branch_labels.py
[2023-11-24T11:04:27.031+0800] {processor.py:839} INFO - DAG(s) dict_keys(['example_branch_labels']) retrieved from /home/azfarmustafa/airflow_tutorial/.venv/lib/python3.10/site-packages/airflow/example_dags/example_branch_labels.py
[2023-11-24T11:04:27.049+0800] {logging_mixin.py:154} INFO - [2023-11-24T11:04:27.049+0800] {dag.py:2941} INFO - Sync 1 DAGs
[2023-11-24T11:04:27.073+0800] {logging_mixin.py:154} INFO - [2023-11-24T11:04:27.072+0800] {dag.py:3722} INFO - Setting next_dagrun for example_branch_labels to 2023-11-23T00:00:00+00:00, run_after=2023-11-24T00:00:00+00:00
[2023-11-24T11:04:27.099+0800] {processor.py:179} INFO - Processing /home/azfarmustafa/airflow_tutorial/.venv/lib/python3.10/site-packages/airflow/example_dags/example_branch_labels.py took 0.082 seconds
