[2023-11-24T10:25:52.049+0800] {processor.py:157} INFO - Started process (PID=58710) to work on /home/azfarmustafa/airflow_tutorial/.venv/lib/python3.10/site-packages/airflow/example_dags/example_branch_day_of_week_operator.py
[2023-11-24T10:25:52.050+0800] {processor.py:829} INFO - Processing file /home/azfarmustafa/airflow_tutorial/.venv/lib/python3.10/site-packages/airflow/example_dags/example_branch_day_of_week_operator.py for tasks to queue
[2023-11-24T10:25:52.051+0800] {logging_mixin.py:154} INFO - [2023-11-24T10:25:52.051+0800] {dagbag.py:536} INFO - Filling up the DagBag from /home/azfarmustafa/airflow_tutorial/.venv/lib/python3.10/site-packages/airflow/example_dags/example_branch_day_of_week_operator.py
[2023-11-24T10:25:52.059+0800] {processor.py:839} INFO - DAG(s) dict_keys(['example_weekday_branch_operator']) retrieved from /home/azfarmustafa/airflow_tutorial/.venv/lib/python3.10/site-packages/airflow/example_dags/example_branch_day_of_week_operator.py
[2023-11-24T10:25:52.076+0800] {logging_mixin.py:154} INFO - [2023-11-24T10:25:52.075+0800] {dag.py:2941} INFO - Sync 1 DAGs
[2023-11-24T10:25:52.100+0800] {logging_mixin.py:154} INFO - [2023-11-24T10:25:52.099+0800] {dag.py:3722} INFO - Setting next_dagrun for example_weekday_branch_operator to 2023-11-23T00:00:00+00:00, run_after=2023-11-24T00:00:00+00:00
[2023-11-24T10:25:52.130+0800] {processor.py:179} INFO - Processing /home/azfarmustafa/airflow_tutorial/.venv/lib/python3.10/site-packages/airflow/example_dags/example_branch_day_of_week_operator.py took 0.084 seconds
[2023-11-24T10:26:38.899+0800] {processor.py:157} INFO - Started process (PID=58763) to work on /home/azfarmustafa/airflow_tutorial/.venv/lib/python3.10/site-packages/airflow/example_dags/example_branch_day_of_week_operator.py
[2023-11-24T10:26:38.900+0800] {processor.py:829} INFO - Processing file /home/azfarmustafa/airflow_tutorial/.venv/lib/python3.10/site-packages/airflow/example_dags/example_branch_day_of_week_operator.py for tasks to queue
[2023-11-24T10:26:38.902+0800] {logging_mixin.py:154} INFO - [2023-11-24T10:26:38.901+0800] {dagbag.py:536} INFO - Filling up the DagBag from /home/azfarmustafa/airflow_tutorial/.venv/lib/python3.10/site-packages/airflow/example_dags/example_branch_day_of_week_operator.py
[2023-11-24T10:26:38.911+0800] {processor.py:839} INFO - DAG(s) dict_keys(['example_weekday_branch_operator']) retrieved from /home/azfarmustafa/airflow_tutorial/.venv/lib/python3.10/site-packages/airflow/example_dags/example_branch_day_of_week_operator.py
[2023-11-24T10:26:38.938+0800] {logging_mixin.py:154} INFO - [2023-11-24T10:26:38.938+0800] {dag.py:2941} INFO - Sync 1 DAGs
[2023-11-24T10:26:38.972+0800] {logging_mixin.py:154} INFO - [2023-11-24T10:26:38.972+0800] {dag.py:3722} INFO - Setting next_dagrun for example_weekday_branch_operator to 2023-11-23T00:00:00+00:00, run_after=2023-11-24T00:00:00+00:00
[2023-11-24T10:26:39.012+0800] {processor.py:179} INFO - Processing /home/azfarmustafa/airflow_tutorial/.venv/lib/python3.10/site-packages/airflow/example_dags/example_branch_day_of_week_operator.py took 0.117 seconds
[2023-11-24T10:27:26.985+0800] {processor.py:157} INFO - Started process (PID=58814) to work on /home/azfarmustafa/airflow_tutorial/.venv/lib/python3.10/site-packages/airflow/example_dags/example_branch_day_of_week_operator.py
[2023-11-24T10:27:26.987+0800] {processor.py:829} INFO - Processing file /home/azfarmustafa/airflow_tutorial/.venv/lib/python3.10/site-packages/airflow/example_dags/example_branch_day_of_week_operator.py for tasks to queue
[2023-11-24T10:27:26.988+0800] {logging_mixin.py:154} INFO - [2023-11-24T10:27:26.987+0800] {dagbag.py:536} INFO - Filling up the DagBag from /home/azfarmustafa/airflow_tutorial/.venv/lib/python3.10/site-packages/airflow/example_dags/example_branch_day_of_week_operator.py
[2023-11-24T10:27:26.999+0800] {processor.py:839} INFO - DAG(s) dict_keys(['example_weekday_branch_operator']) retrieved from /home/azfarmustafa/airflow_tutorial/.venv/lib/python3.10/site-packages/airflow/example_dags/example_branch_day_of_week_operator.py
[2023-11-24T10:27:27.016+0800] {logging_mixin.py:154} INFO - [2023-11-24T10:27:27.015+0800] {dag.py:2941} INFO - Sync 1 DAGs
[2023-11-24T10:27:27.037+0800] {logging_mixin.py:154} INFO - [2023-11-24T10:27:27.037+0800] {dag.py:3722} INFO - Setting next_dagrun for example_weekday_branch_operator to 2023-11-23T00:00:00+00:00, run_after=2023-11-24T00:00:00+00:00
[2023-11-24T10:27:27.064+0800] {processor.py:179} INFO - Processing /home/azfarmustafa/airflow_tutorial/.venv/lib/python3.10/site-packages/airflow/example_dags/example_branch_day_of_week_operator.py took 0.081 seconds
[2023-11-24T10:28:12.463+0800] {processor.py:157} INFO - Started process (PID=58860) to work on /home/azfarmustafa/airflow_tutorial/.venv/lib/python3.10/site-packages/airflow/example_dags/example_branch_day_of_week_operator.py
[2023-11-24T10:28:12.467+0800] {processor.py:829} INFO - Processing file /home/azfarmustafa/airflow_tutorial/.venv/lib/python3.10/site-packages/airflow/example_dags/example_branch_day_of_week_operator.py for tasks to queue
[2023-11-24T10:28:12.468+0800] {logging_mixin.py:154} INFO - [2023-11-24T10:28:12.467+0800] {dagbag.py:536} INFO - Filling up the DagBag from /home/azfarmustafa/airflow_tutorial/.venv/lib/python3.10/site-packages/airflow/example_dags/example_branch_day_of_week_operator.py
[2023-11-24T10:28:12.475+0800] {processor.py:839} INFO - DAG(s) dict_keys(['example_weekday_branch_operator']) retrieved from /home/azfarmustafa/airflow_tutorial/.venv/lib/python3.10/site-packages/airflow/example_dags/example_branch_day_of_week_operator.py
[2023-11-24T10:28:12.491+0800] {logging_mixin.py:154} INFO - [2023-11-24T10:28:12.491+0800] {dag.py:2941} INFO - Sync 1 DAGs
[2023-11-24T10:28:12.509+0800] {logging_mixin.py:154} INFO - [2023-11-24T10:28:12.509+0800] {dag.py:3722} INFO - Setting next_dagrun for example_weekday_branch_operator to 2023-11-23T00:00:00+00:00, run_after=2023-11-24T00:00:00+00:00
[2023-11-24T10:28:12.533+0800] {processor.py:179} INFO - Processing /home/azfarmustafa/airflow_tutorial/.venv/lib/python3.10/site-packages/airflow/example_dags/example_branch_day_of_week_operator.py took 0.073 seconds
[2023-11-24T10:29:01.560+0800] {processor.py:157} INFO - Started process (PID=58915) to work on /home/azfarmustafa/airflow_tutorial/.venv/lib/python3.10/site-packages/airflow/example_dags/example_branch_day_of_week_operator.py
[2023-11-24T10:29:01.564+0800] {processor.py:829} INFO - Processing file /home/azfarmustafa/airflow_tutorial/.venv/lib/python3.10/site-packages/airflow/example_dags/example_branch_day_of_week_operator.py for tasks to queue
[2023-11-24T10:29:01.565+0800] {logging_mixin.py:154} INFO - [2023-11-24T10:29:01.564+0800] {dagbag.py:536} INFO - Filling up the DagBag from /home/azfarmustafa/airflow_tutorial/.venv/lib/python3.10/site-packages/airflow/example_dags/example_branch_day_of_week_operator.py
[2023-11-24T10:29:01.571+0800] {processor.py:839} INFO - DAG(s) dict_keys(['example_weekday_branch_operator']) retrieved from /home/azfarmustafa/airflow_tutorial/.venv/lib/python3.10/site-packages/airflow/example_dags/example_branch_day_of_week_operator.py
[2023-11-24T10:29:01.586+0800] {logging_mixin.py:154} INFO - [2023-11-24T10:29:01.585+0800] {dag.py:2941} INFO - Sync 1 DAGs
[2023-11-24T10:29:01.605+0800] {logging_mixin.py:154} INFO - [2023-11-24T10:29:01.605+0800] {dag.py:3722} INFO - Setting next_dagrun for example_weekday_branch_operator to 2023-11-23T00:00:00+00:00, run_after=2023-11-24T00:00:00+00:00
[2023-11-24T10:29:01.633+0800] {processor.py:179} INFO - Processing /home/azfarmustafa/airflow_tutorial/.venv/lib/python3.10/site-packages/airflow/example_dags/example_branch_day_of_week_operator.py took 0.075 seconds
[2023-11-24T10:29:47.623+0800] {processor.py:157} INFO - Started process (PID=58962) to work on /home/azfarmustafa/airflow_tutorial/.venv/lib/python3.10/site-packages/airflow/example_dags/example_branch_day_of_week_operator.py
[2023-11-24T10:29:47.627+0800] {processor.py:829} INFO - Processing file /home/azfarmustafa/airflow_tutorial/.venv/lib/python3.10/site-packages/airflow/example_dags/example_branch_day_of_week_operator.py for tasks to queue
[2023-11-24T10:29:47.628+0800] {logging_mixin.py:154} INFO - [2023-11-24T10:29:47.628+0800] {dagbag.py:536} INFO - Filling up the DagBag from /home/azfarmustafa/airflow_tutorial/.venv/lib/python3.10/site-packages/airflow/example_dags/example_branch_day_of_week_operator.py
[2023-11-24T10:29:47.635+0800] {processor.py:839} INFO - DAG(s) dict_keys(['example_weekday_branch_operator']) retrieved from /home/azfarmustafa/airflow_tutorial/.venv/lib/python3.10/site-packages/airflow/example_dags/example_branch_day_of_week_operator.py
[2023-11-24T10:29:47.655+0800] {logging_mixin.py:154} INFO - [2023-11-24T10:29:47.655+0800] {dag.py:2941} INFO - Sync 1 DAGs
[2023-11-24T10:29:47.674+0800] {logging_mixin.py:154} INFO - [2023-11-24T10:29:47.674+0800] {dag.py:3722} INFO - Setting next_dagrun for example_weekday_branch_operator to 2023-11-23T00:00:00+00:00, run_after=2023-11-24T00:00:00+00:00
[2023-11-24T10:29:47.699+0800] {processor.py:179} INFO - Processing /home/azfarmustafa/airflow_tutorial/.venv/lib/python3.10/site-packages/airflow/example_dags/example_branch_day_of_week_operator.py took 0.078 seconds
[2023-11-24T10:30:36.502+0800] {processor.py:157} INFO - Started process (PID=59013) to work on /home/azfarmustafa/airflow_tutorial/.venv/lib/python3.10/site-packages/airflow/example_dags/example_branch_day_of_week_operator.py
[2023-11-24T10:30:36.507+0800] {processor.py:829} INFO - Processing file /home/azfarmustafa/airflow_tutorial/.venv/lib/python3.10/site-packages/airflow/example_dags/example_branch_day_of_week_operator.py for tasks to queue
[2023-11-24T10:30:36.507+0800] {logging_mixin.py:154} INFO - [2023-11-24T10:30:36.507+0800] {dagbag.py:536} INFO - Filling up the DagBag from /home/azfarmustafa/airflow_tutorial/.venv/lib/python3.10/site-packages/airflow/example_dags/example_branch_day_of_week_operator.py
[2023-11-24T10:30:36.515+0800] {processor.py:839} INFO - DAG(s) dict_keys(['example_weekday_branch_operator']) retrieved from /home/azfarmustafa/airflow_tutorial/.venv/lib/python3.10/site-packages/airflow/example_dags/example_branch_day_of_week_operator.py
[2023-11-24T10:30:36.529+0800] {logging_mixin.py:154} INFO - [2023-11-24T10:30:36.528+0800] {dag.py:2941} INFO - Sync 1 DAGs
[2023-11-24T10:30:36.547+0800] {logging_mixin.py:154} INFO - [2023-11-24T10:30:36.547+0800] {dag.py:3722} INFO - Setting next_dagrun for example_weekday_branch_operator to 2023-11-23T00:00:00+00:00, run_after=2023-11-24T00:00:00+00:00
[2023-11-24T10:30:36.574+0800] {processor.py:179} INFO - Processing /home/azfarmustafa/airflow_tutorial/.venv/lib/python3.10/site-packages/airflow/example_dags/example_branch_day_of_week_operator.py took 0.075 seconds
[2023-11-24T10:31:24.794+0800] {processor.py:157} INFO - Started process (PID=59061) to work on /home/azfarmustafa/airflow_tutorial/.venv/lib/python3.10/site-packages/airflow/example_dags/example_branch_day_of_week_operator.py
[2023-11-24T10:31:24.798+0800] {processor.py:829} INFO - Processing file /home/azfarmustafa/airflow_tutorial/.venv/lib/python3.10/site-packages/airflow/example_dags/example_branch_day_of_week_operator.py for tasks to queue
[2023-11-24T10:31:24.799+0800] {logging_mixin.py:154} INFO - [2023-11-24T10:31:24.799+0800] {dagbag.py:536} INFO - Filling up the DagBag from /home/azfarmustafa/airflow_tutorial/.venv/lib/python3.10/site-packages/airflow/example_dags/example_branch_day_of_week_operator.py
[2023-11-24T10:31:24.808+0800] {processor.py:839} INFO - DAG(s) dict_keys(['example_weekday_branch_operator']) retrieved from /home/azfarmustafa/airflow_tutorial/.venv/lib/python3.10/site-packages/airflow/example_dags/example_branch_day_of_week_operator.py
[2023-11-24T10:31:24.826+0800] {logging_mixin.py:154} INFO - [2023-11-24T10:31:24.826+0800] {dag.py:2941} INFO - Sync 1 DAGs
[2023-11-24T10:31:24.847+0800] {logging_mixin.py:154} INFO - [2023-11-24T10:31:24.847+0800] {dag.py:3722} INFO - Setting next_dagrun for example_weekday_branch_operator to 2023-11-23T00:00:00+00:00, run_after=2023-11-24T00:00:00+00:00
[2023-11-24T10:31:24.869+0800] {processor.py:179} INFO - Processing /home/azfarmustafa/airflow_tutorial/.venv/lib/python3.10/site-packages/airflow/example_dags/example_branch_day_of_week_operator.py took 0.080 seconds
[2023-11-24T10:32:10.048+0800] {processor.py:157} INFO - Started process (PID=59107) to work on /home/azfarmustafa/airflow_tutorial/.venv/lib/python3.10/site-packages/airflow/example_dags/example_branch_day_of_week_operator.py
[2023-11-24T10:32:10.053+0800] {processor.py:829} INFO - Processing file /home/azfarmustafa/airflow_tutorial/.venv/lib/python3.10/site-packages/airflow/example_dags/example_branch_day_of_week_operator.py for tasks to queue
[2023-11-24T10:32:10.054+0800] {logging_mixin.py:154} INFO - [2023-11-24T10:32:10.053+0800] {dagbag.py:536} INFO - Filling up the DagBag from /home/azfarmustafa/airflow_tutorial/.venv/lib/python3.10/site-packages/airflow/example_dags/example_branch_day_of_week_operator.py
[2023-11-24T10:32:10.060+0800] {processor.py:839} INFO - DAG(s) dict_keys(['example_weekday_branch_operator']) retrieved from /home/azfarmustafa/airflow_tutorial/.venv/lib/python3.10/site-packages/airflow/example_dags/example_branch_day_of_week_operator.py
[2023-11-24T10:32:10.079+0800] {logging_mixin.py:154} INFO - [2023-11-24T10:32:10.078+0800] {dag.py:2941} INFO - Sync 1 DAGs
[2023-11-24T10:32:10.103+0800] {logging_mixin.py:154} INFO - [2023-11-24T10:32:10.102+0800] {dag.py:3722} INFO - Setting next_dagrun for example_weekday_branch_operator to 2023-11-23T00:00:00+00:00, run_after=2023-11-24T00:00:00+00:00
[2023-11-24T10:32:10.125+0800] {processor.py:179} INFO - Processing /home/azfarmustafa/airflow_tutorial/.venv/lib/python3.10/site-packages/airflow/example_dags/example_branch_day_of_week_operator.py took 0.081 seconds
[2023-11-24T10:33:01.627+0800] {processor.py:157} INFO - Started process (PID=59158) to work on /home/azfarmustafa/airflow_tutorial/.venv/lib/python3.10/site-packages/airflow/example_dags/example_branch_day_of_week_operator.py
[2023-11-24T10:33:01.631+0800] {processor.py:829} INFO - Processing file /home/azfarmustafa/airflow_tutorial/.venv/lib/python3.10/site-packages/airflow/example_dags/example_branch_day_of_week_operator.py for tasks to queue
[2023-11-24T10:33:01.632+0800] {logging_mixin.py:154} INFO - [2023-11-24T10:33:01.632+0800] {dagbag.py:536} INFO - Filling up the DagBag from /home/azfarmustafa/airflow_tutorial/.venv/lib/python3.10/site-packages/airflow/example_dags/example_branch_day_of_week_operator.py
[2023-11-24T10:33:01.640+0800] {processor.py:839} INFO - DAG(s) dict_keys(['example_weekday_branch_operator']) retrieved from /home/azfarmustafa/airflow_tutorial/.venv/lib/python3.10/site-packages/airflow/example_dags/example_branch_day_of_week_operator.py
[2023-11-24T10:33:01.659+0800] {logging_mixin.py:154} INFO - [2023-11-24T10:33:01.659+0800] {dag.py:2941} INFO - Sync 1 DAGs
[2023-11-24T10:33:01.678+0800] {logging_mixin.py:154} INFO - [2023-11-24T10:33:01.678+0800] {dag.py:3722} INFO - Setting next_dagrun for example_weekday_branch_operator to 2023-11-23T00:00:00+00:00, run_after=2023-11-24T00:00:00+00:00
[2023-11-24T10:33:01.729+0800] {processor.py:179} INFO - Processing /home/azfarmustafa/airflow_tutorial/.venv/lib/python3.10/site-packages/airflow/example_dags/example_branch_day_of_week_operator.py took 0.104 seconds
[2023-11-24T10:33:53.793+0800] {processor.py:157} INFO - Started process (PID=59208) to work on /home/azfarmustafa/airflow_tutorial/.venv/lib/python3.10/site-packages/airflow/example_dags/example_branch_day_of_week_operator.py
[2023-11-24T10:33:53.795+0800] {processor.py:829} INFO - Processing file /home/azfarmustafa/airflow_tutorial/.venv/lib/python3.10/site-packages/airflow/example_dags/example_branch_day_of_week_operator.py for tasks to queue
[2023-11-24T10:33:53.796+0800] {logging_mixin.py:154} INFO - [2023-11-24T10:33:53.796+0800] {dagbag.py:536} INFO - Filling up the DagBag from /home/azfarmustafa/airflow_tutorial/.venv/lib/python3.10/site-packages/airflow/example_dags/example_branch_day_of_week_operator.py
[2023-11-24T10:33:53.805+0800] {processor.py:839} INFO - DAG(s) dict_keys(['example_weekday_branch_operator']) retrieved from /home/azfarmustafa/airflow_tutorial/.venv/lib/python3.10/site-packages/airflow/example_dags/example_branch_day_of_week_operator.py
[2023-11-24T10:33:53.823+0800] {logging_mixin.py:154} INFO - [2023-11-24T10:33:53.822+0800] {dag.py:2941} INFO - Sync 1 DAGs
[2023-11-24T10:33:53.851+0800] {logging_mixin.py:154} INFO - [2023-11-24T10:33:53.851+0800] {dag.py:3722} INFO - Setting next_dagrun for example_weekday_branch_operator to 2023-11-23T00:00:00+00:00, run_after=2023-11-24T00:00:00+00:00
[2023-11-24T10:33:53.926+0800] {processor.py:179} INFO - Processing /home/azfarmustafa/airflow_tutorial/.venv/lib/python3.10/site-packages/airflow/example_dags/example_branch_day_of_week_operator.py took 0.137 seconds
[2023-11-24T10:34:40.669+0800] {processor.py:157} INFO - Started process (PID=59257) to work on /home/azfarmustafa/airflow_tutorial/.venv/lib/python3.10/site-packages/airflow/example_dags/example_branch_day_of_week_operator.py
[2023-11-24T10:34:40.674+0800] {processor.py:829} INFO - Processing file /home/azfarmustafa/airflow_tutorial/.venv/lib/python3.10/site-packages/airflow/example_dags/example_branch_day_of_week_operator.py for tasks to queue
[2023-11-24T10:34:40.675+0800] {logging_mixin.py:154} INFO - [2023-11-24T10:34:40.675+0800] {dagbag.py:536} INFO - Filling up the DagBag from /home/azfarmustafa/airflow_tutorial/.venv/lib/python3.10/site-packages/airflow/example_dags/example_branch_day_of_week_operator.py
[2023-11-24T10:34:40.681+0800] {processor.py:839} INFO - DAG(s) dict_keys(['example_weekday_branch_operator']) retrieved from /home/azfarmustafa/airflow_tutorial/.venv/lib/python3.10/site-packages/airflow/example_dags/example_branch_day_of_week_operator.py
[2023-11-24T10:34:40.696+0800] {logging_mixin.py:154} INFO - [2023-11-24T10:34:40.696+0800] {dag.py:2941} INFO - Sync 1 DAGs
[2023-11-24T10:34:40.715+0800] {logging_mixin.py:154} INFO - [2023-11-24T10:34:40.714+0800] {dag.py:3722} INFO - Setting next_dagrun for example_weekday_branch_operator to 2023-11-23T00:00:00+00:00, run_after=2023-11-24T00:00:00+00:00
[2023-11-24T10:34:40.741+0800] {processor.py:179} INFO - Processing /home/azfarmustafa/airflow_tutorial/.venv/lib/python3.10/site-packages/airflow/example_dags/example_branch_day_of_week_operator.py took 0.074 seconds
[2023-11-24T10:35:27.358+0800] {processor.py:157} INFO - Started process (PID=59311) to work on /home/azfarmustafa/airflow_tutorial/.venv/lib/python3.10/site-packages/airflow/example_dags/example_branch_day_of_week_operator.py
[2023-11-24T10:35:27.359+0800] {processor.py:829} INFO - Processing file /home/azfarmustafa/airflow_tutorial/.venv/lib/python3.10/site-packages/airflow/example_dags/example_branch_day_of_week_operator.py for tasks to queue
[2023-11-24T10:35:27.360+0800] {logging_mixin.py:154} INFO - [2023-11-24T10:35:27.360+0800] {dagbag.py:536} INFO - Filling up the DagBag from /home/azfarmustafa/airflow_tutorial/.venv/lib/python3.10/site-packages/airflow/example_dags/example_branch_day_of_week_operator.py
[2023-11-24T10:35:27.369+0800] {processor.py:839} INFO - DAG(s) dict_keys(['example_weekday_branch_operator']) retrieved from /home/azfarmustafa/airflow_tutorial/.venv/lib/python3.10/site-packages/airflow/example_dags/example_branch_day_of_week_operator.py
[2023-11-24T10:35:27.385+0800] {logging_mixin.py:154} INFO - [2023-11-24T10:35:27.385+0800] {dag.py:2941} INFO - Sync 1 DAGs
[2023-11-24T10:35:27.406+0800] {logging_mixin.py:154} INFO - [2023-11-24T10:35:27.406+0800] {dag.py:3722} INFO - Setting next_dagrun for example_weekday_branch_operator to 2023-11-23T00:00:00+00:00, run_after=2023-11-24T00:00:00+00:00
[2023-11-24T10:35:27.435+0800] {processor.py:179} INFO - Processing /home/azfarmustafa/airflow_tutorial/.venv/lib/python3.10/site-packages/airflow/example_dags/example_branch_day_of_week_operator.py took 0.080 seconds
[2023-11-24T10:36:10.462+0800] {processor.py:157} INFO - Started process (PID=59357) to work on /home/azfarmustafa/airflow_tutorial/.venv/lib/python3.10/site-packages/airflow/example_dags/example_branch_day_of_week_operator.py
[2023-11-24T10:36:10.466+0800] {processor.py:829} INFO - Processing file /home/azfarmustafa/airflow_tutorial/.venv/lib/python3.10/site-packages/airflow/example_dags/example_branch_day_of_week_operator.py for tasks to queue
[2023-11-24T10:36:10.467+0800] {logging_mixin.py:154} INFO - [2023-11-24T10:36:10.466+0800] {dagbag.py:536} INFO - Filling up the DagBag from /home/azfarmustafa/airflow_tutorial/.venv/lib/python3.10/site-packages/airflow/example_dags/example_branch_day_of_week_operator.py
[2023-11-24T10:36:10.474+0800] {processor.py:839} INFO - DAG(s) dict_keys(['example_weekday_branch_operator']) retrieved from /home/azfarmustafa/airflow_tutorial/.venv/lib/python3.10/site-packages/airflow/example_dags/example_branch_day_of_week_operator.py
[2023-11-24T10:36:10.489+0800] {logging_mixin.py:154} INFO - [2023-11-24T10:36:10.489+0800] {dag.py:2941} INFO - Sync 1 DAGs
[2023-11-24T10:36:10.510+0800] {logging_mixin.py:154} INFO - [2023-11-24T10:36:10.510+0800] {dag.py:3722} INFO - Setting next_dagrun for example_weekday_branch_operator to 2023-11-23T00:00:00+00:00, run_after=2023-11-24T00:00:00+00:00
[2023-11-24T10:36:10.536+0800] {processor.py:179} INFO - Processing /home/azfarmustafa/airflow_tutorial/.venv/lib/python3.10/site-packages/airflow/example_dags/example_branch_day_of_week_operator.py took 0.076 seconds
[2023-11-24T10:36:54.668+0800] {processor.py:157} INFO - Started process (PID=59402) to work on /home/azfarmustafa/airflow_tutorial/.venv/lib/python3.10/site-packages/airflow/example_dags/example_branch_day_of_week_operator.py
[2023-11-24T10:36:54.672+0800] {processor.py:829} INFO - Processing file /home/azfarmustafa/airflow_tutorial/.venv/lib/python3.10/site-packages/airflow/example_dags/example_branch_day_of_week_operator.py for tasks to queue
[2023-11-24T10:36:54.673+0800] {logging_mixin.py:154} INFO - [2023-11-24T10:36:54.673+0800] {dagbag.py:536} INFO - Filling up the DagBag from /home/azfarmustafa/airflow_tutorial/.venv/lib/python3.10/site-packages/airflow/example_dags/example_branch_day_of_week_operator.py
[2023-11-24T10:36:54.680+0800] {processor.py:839} INFO - DAG(s) dict_keys(['example_weekday_branch_operator']) retrieved from /home/azfarmustafa/airflow_tutorial/.venv/lib/python3.10/site-packages/airflow/example_dags/example_branch_day_of_week_operator.py
[2023-11-24T10:36:54.696+0800] {logging_mixin.py:154} INFO - [2023-11-24T10:36:54.696+0800] {dag.py:2941} INFO - Sync 1 DAGs
[2023-11-24T10:36:54.715+0800] {logging_mixin.py:154} INFO - [2023-11-24T10:36:54.715+0800] {dag.py:3722} INFO - Setting next_dagrun for example_weekday_branch_operator to 2023-11-23T00:00:00+00:00, run_after=2023-11-24T00:00:00+00:00
[2023-11-24T10:36:54.739+0800] {processor.py:179} INFO - Processing /home/azfarmustafa/airflow_tutorial/.venv/lib/python3.10/site-packages/airflow/example_dags/example_branch_day_of_week_operator.py took 0.074 seconds
[2023-11-24T10:37:40.139+0800] {processor.py:157} INFO - Started process (PID=59449) to work on /home/azfarmustafa/airflow_tutorial/.venv/lib/python3.10/site-packages/airflow/example_dags/example_branch_day_of_week_operator.py
[2023-11-24T10:37:40.143+0800] {processor.py:829} INFO - Processing file /home/azfarmustafa/airflow_tutorial/.venv/lib/python3.10/site-packages/airflow/example_dags/example_branch_day_of_week_operator.py for tasks to queue
[2023-11-24T10:37:40.144+0800] {logging_mixin.py:154} INFO - [2023-11-24T10:37:40.143+0800] {dagbag.py:536} INFO - Filling up the DagBag from /home/azfarmustafa/airflow_tutorial/.venv/lib/python3.10/site-packages/airflow/example_dags/example_branch_day_of_week_operator.py
[2023-11-24T10:37:40.151+0800] {processor.py:839} INFO - DAG(s) dict_keys(['example_weekday_branch_operator']) retrieved from /home/azfarmustafa/airflow_tutorial/.venv/lib/python3.10/site-packages/airflow/example_dags/example_branch_day_of_week_operator.py
[2023-11-24T10:37:40.167+0800] {logging_mixin.py:154} INFO - [2023-11-24T10:37:40.166+0800] {dag.py:2941} INFO - Sync 1 DAGs
[2023-11-24T10:37:40.194+0800] {logging_mixin.py:154} INFO - [2023-11-24T10:37:40.193+0800] {dag.py:3722} INFO - Setting next_dagrun for example_weekday_branch_operator to 2023-11-23T00:00:00+00:00, run_after=2023-11-24T00:00:00+00:00
[2023-11-24T10:37:40.220+0800] {processor.py:179} INFO - Processing /home/azfarmustafa/airflow_tutorial/.venv/lib/python3.10/site-packages/airflow/example_dags/example_branch_day_of_week_operator.py took 0.086 seconds
[2023-11-24T10:38:28.572+0800] {processor.py:157} INFO - Started process (PID=59498) to work on /home/azfarmustafa/airflow_tutorial/.venv/lib/python3.10/site-packages/airflow/example_dags/example_branch_day_of_week_operator.py
[2023-11-24T10:38:28.576+0800] {processor.py:829} INFO - Processing file /home/azfarmustafa/airflow_tutorial/.venv/lib/python3.10/site-packages/airflow/example_dags/example_branch_day_of_week_operator.py for tasks to queue
[2023-11-24T10:38:28.577+0800] {logging_mixin.py:154} INFO - [2023-11-24T10:38:28.577+0800] {dagbag.py:536} INFO - Filling up the DagBag from /home/azfarmustafa/airflow_tutorial/.venv/lib/python3.10/site-packages/airflow/example_dags/example_branch_day_of_week_operator.py
[2023-11-24T10:38:28.584+0800] {processor.py:839} INFO - DAG(s) dict_keys(['example_weekday_branch_operator']) retrieved from /home/azfarmustafa/airflow_tutorial/.venv/lib/python3.10/site-packages/airflow/example_dags/example_branch_day_of_week_operator.py
[2023-11-24T10:38:28.601+0800] {logging_mixin.py:154} INFO - [2023-11-24T10:38:28.600+0800] {dag.py:2941} INFO - Sync 1 DAGs
[2023-11-24T10:38:28.620+0800] {logging_mixin.py:154} INFO - [2023-11-24T10:38:28.620+0800] {dag.py:3722} INFO - Setting next_dagrun for example_weekday_branch_operator to 2023-11-23T00:00:00+00:00, run_after=2023-11-24T00:00:00+00:00
[2023-11-24T10:38:28.648+0800] {processor.py:179} INFO - Processing /home/azfarmustafa/airflow_tutorial/.venv/lib/python3.10/site-packages/airflow/example_dags/example_branch_day_of_week_operator.py took 0.078 seconds
[2023-11-24T10:39:18.539+0800] {processor.py:157} INFO - Started process (PID=59547) to work on /home/azfarmustafa/airflow_tutorial/.venv/lib/python3.10/site-packages/airflow/example_dags/example_branch_day_of_week_operator.py
[2023-11-24T10:39:18.543+0800] {processor.py:829} INFO - Processing file /home/azfarmustafa/airflow_tutorial/.venv/lib/python3.10/site-packages/airflow/example_dags/example_branch_day_of_week_operator.py for tasks to queue
[2023-11-24T10:39:18.544+0800] {logging_mixin.py:154} INFO - [2023-11-24T10:39:18.544+0800] {dagbag.py:536} INFO - Filling up the DagBag from /home/azfarmustafa/airflow_tutorial/.venv/lib/python3.10/site-packages/airflow/example_dags/example_branch_day_of_week_operator.py
[2023-11-24T10:39:18.551+0800] {processor.py:839} INFO - DAG(s) dict_keys(['example_weekday_branch_operator']) retrieved from /home/azfarmustafa/airflow_tutorial/.venv/lib/python3.10/site-packages/airflow/example_dags/example_branch_day_of_week_operator.py
[2023-11-24T10:39:18.565+0800] {logging_mixin.py:154} INFO - [2023-11-24T10:39:18.565+0800] {dag.py:2941} INFO - Sync 1 DAGs
[2023-11-24T10:39:18.584+0800] {logging_mixin.py:154} INFO - [2023-11-24T10:39:18.583+0800] {dag.py:3722} INFO - Setting next_dagrun for example_weekday_branch_operator to 2023-11-23T00:00:00+00:00, run_after=2023-11-24T00:00:00+00:00
[2023-11-24T10:39:18.659+0800] {processor.py:179} INFO - Processing /home/azfarmustafa/airflow_tutorial/.venv/lib/python3.10/site-packages/airflow/example_dags/example_branch_day_of_week_operator.py took 0.122 seconds
[2023-11-24T10:40:06.854+0800] {processor.py:157} INFO - Started process (PID=59596) to work on /home/azfarmustafa/airflow_tutorial/.venv/lib/python3.10/site-packages/airflow/example_dags/example_branch_day_of_week_operator.py
[2023-11-24T10:40:06.858+0800] {processor.py:829} INFO - Processing file /home/azfarmustafa/airflow_tutorial/.venv/lib/python3.10/site-packages/airflow/example_dags/example_branch_day_of_week_operator.py for tasks to queue
[2023-11-24T10:40:06.859+0800] {logging_mixin.py:154} INFO - [2023-11-24T10:40:06.858+0800] {dagbag.py:536} INFO - Filling up the DagBag from /home/azfarmustafa/airflow_tutorial/.venv/lib/python3.10/site-packages/airflow/example_dags/example_branch_day_of_week_operator.py
[2023-11-24T10:40:06.867+0800] {processor.py:839} INFO - DAG(s) dict_keys(['example_weekday_branch_operator']) retrieved from /home/azfarmustafa/airflow_tutorial/.venv/lib/python3.10/site-packages/airflow/example_dags/example_branch_day_of_week_operator.py
[2023-11-24T10:40:06.884+0800] {logging_mixin.py:154} INFO - [2023-11-24T10:40:06.883+0800] {dag.py:2941} INFO - Sync 1 DAGs
[2023-11-24T10:40:06.902+0800] {logging_mixin.py:154} INFO - [2023-11-24T10:40:06.902+0800] {dag.py:3722} INFO - Setting next_dagrun for example_weekday_branch_operator to 2023-11-23T00:00:00+00:00, run_after=2023-11-24T00:00:00+00:00
[2023-11-24T10:40:06.926+0800] {processor.py:179} INFO - Processing /home/azfarmustafa/airflow_tutorial/.venv/lib/python3.10/site-packages/airflow/example_dags/example_branch_day_of_week_operator.py took 0.075 seconds
[2023-11-24T10:40:51.954+0800] {processor.py:157} INFO - Started process (PID=59642) to work on /home/azfarmustafa/airflow_tutorial/.venv/lib/python3.10/site-packages/airflow/example_dags/example_branch_day_of_week_operator.py
[2023-11-24T10:40:51.958+0800] {processor.py:829} INFO - Processing file /home/azfarmustafa/airflow_tutorial/.venv/lib/python3.10/site-packages/airflow/example_dags/example_branch_day_of_week_operator.py for tasks to queue
[2023-11-24T10:40:51.959+0800] {logging_mixin.py:154} INFO - [2023-11-24T10:40:51.959+0800] {dagbag.py:536} INFO - Filling up the DagBag from /home/azfarmustafa/airflow_tutorial/.venv/lib/python3.10/site-packages/airflow/example_dags/example_branch_day_of_week_operator.py
[2023-11-24T10:40:51.966+0800] {processor.py:839} INFO - DAG(s) dict_keys(['example_weekday_branch_operator']) retrieved from /home/azfarmustafa/airflow_tutorial/.venv/lib/python3.10/site-packages/airflow/example_dags/example_branch_day_of_week_operator.py
[2023-11-24T10:40:51.982+0800] {logging_mixin.py:154} INFO - [2023-11-24T10:40:51.982+0800] {dag.py:2941} INFO - Sync 1 DAGs
[2023-11-24T10:40:52.010+0800] {logging_mixin.py:154} INFO - [2023-11-24T10:40:52.010+0800] {dag.py:3722} INFO - Setting next_dagrun for example_weekday_branch_operator to 2023-11-23T00:00:00+00:00, run_after=2023-11-24T00:00:00+00:00
[2023-11-24T10:40:52.033+0800] {processor.py:179} INFO - Processing /home/azfarmustafa/airflow_tutorial/.venv/lib/python3.10/site-packages/airflow/example_dags/example_branch_day_of_week_operator.py took 0.082 seconds
[2023-11-24T10:41:41.401+0800] {processor.py:157} INFO - Started process (PID=59697) to work on /home/azfarmustafa/airflow_tutorial/.venv/lib/python3.10/site-packages/airflow/example_dags/example_branch_day_of_week_operator.py
[2023-11-24T10:41:41.405+0800] {processor.py:829} INFO - Processing file /home/azfarmustafa/airflow_tutorial/.venv/lib/python3.10/site-packages/airflow/example_dags/example_branch_day_of_week_operator.py for tasks to queue
[2023-11-24T10:41:41.406+0800] {logging_mixin.py:154} INFO - [2023-11-24T10:41:41.405+0800] {dagbag.py:536} INFO - Filling up the DagBag from /home/azfarmustafa/airflow_tutorial/.venv/lib/python3.10/site-packages/airflow/example_dags/example_branch_day_of_week_operator.py
[2023-11-24T10:41:41.413+0800] {processor.py:839} INFO - DAG(s) dict_keys(['example_weekday_branch_operator']) retrieved from /home/azfarmustafa/airflow_tutorial/.venv/lib/python3.10/site-packages/airflow/example_dags/example_branch_day_of_week_operator.py
[2023-11-24T10:41:41.427+0800] {logging_mixin.py:154} INFO - [2023-11-24T10:41:41.427+0800] {dag.py:2941} INFO - Sync 1 DAGs
[2023-11-24T10:41:41.445+0800] {logging_mixin.py:154} INFO - [2023-11-24T10:41:41.445+0800] {dag.py:3722} INFO - Setting next_dagrun for example_weekday_branch_operator to 2023-11-23T00:00:00+00:00, run_after=2023-11-24T00:00:00+00:00
[2023-11-24T10:41:41.469+0800] {processor.py:179} INFO - Processing /home/azfarmustafa/airflow_tutorial/.venv/lib/python3.10/site-packages/airflow/example_dags/example_branch_day_of_week_operator.py took 0.071 seconds
[2023-11-24T10:42:27.260+0800] {processor.py:157} INFO - Started process (PID=59744) to work on /home/azfarmustafa/airflow_tutorial/.venv/lib/python3.10/site-packages/airflow/example_dags/example_branch_day_of_week_operator.py
[2023-11-24T10:42:27.264+0800] {processor.py:829} INFO - Processing file /home/azfarmustafa/airflow_tutorial/.venv/lib/python3.10/site-packages/airflow/example_dags/example_branch_day_of_week_operator.py for tasks to queue
[2023-11-24T10:42:27.265+0800] {logging_mixin.py:154} INFO - [2023-11-24T10:42:27.264+0800] {dagbag.py:536} INFO - Filling up the DagBag from /home/azfarmustafa/airflow_tutorial/.venv/lib/python3.10/site-packages/airflow/example_dags/example_branch_day_of_week_operator.py
[2023-11-24T10:42:27.271+0800] {processor.py:839} INFO - DAG(s) dict_keys(['example_weekday_branch_operator']) retrieved from /home/azfarmustafa/airflow_tutorial/.venv/lib/python3.10/site-packages/airflow/example_dags/example_branch_day_of_week_operator.py
[2023-11-24T10:42:27.290+0800] {logging_mixin.py:154} INFO - [2023-11-24T10:42:27.290+0800] {dag.py:2941} INFO - Sync 1 DAGs
[2023-11-24T10:42:27.314+0800] {logging_mixin.py:154} INFO - [2023-11-24T10:42:27.313+0800] {dag.py:3722} INFO - Setting next_dagrun for example_weekday_branch_operator to 2023-11-23T00:00:00+00:00, run_after=2023-11-24T00:00:00+00:00
[2023-11-24T10:42:27.337+0800] {processor.py:179} INFO - Processing /home/azfarmustafa/airflow_tutorial/.venv/lib/python3.10/site-packages/airflow/example_dags/example_branch_day_of_week_operator.py took 0.081 seconds
[2023-11-24T10:43:16.045+0800] {processor.py:157} INFO - Started process (PID=59793) to work on /home/azfarmustafa/airflow_tutorial/.venv/lib/python3.10/site-packages/airflow/example_dags/example_branch_day_of_week_operator.py
[2023-11-24T10:43:16.049+0800] {processor.py:829} INFO - Processing file /home/azfarmustafa/airflow_tutorial/.venv/lib/python3.10/site-packages/airflow/example_dags/example_branch_day_of_week_operator.py for tasks to queue
[2023-11-24T10:43:16.050+0800] {logging_mixin.py:154} INFO - [2023-11-24T10:43:16.050+0800] {dagbag.py:536} INFO - Filling up the DagBag from /home/azfarmustafa/airflow_tutorial/.venv/lib/python3.10/site-packages/airflow/example_dags/example_branch_day_of_week_operator.py
[2023-11-24T10:43:16.058+0800] {processor.py:839} INFO - DAG(s) dict_keys(['example_weekday_branch_operator']) retrieved from /home/azfarmustafa/airflow_tutorial/.venv/lib/python3.10/site-packages/airflow/example_dags/example_branch_day_of_week_operator.py
[2023-11-24T10:43:16.074+0800] {logging_mixin.py:154} INFO - [2023-11-24T10:43:16.074+0800] {dag.py:2941} INFO - Sync 1 DAGs
[2023-11-24T10:43:16.098+0800] {logging_mixin.py:154} INFO - [2023-11-24T10:43:16.097+0800] {dag.py:3722} INFO - Setting next_dagrun for example_weekday_branch_operator to 2023-11-23T00:00:00+00:00, run_after=2023-11-24T00:00:00+00:00
[2023-11-24T10:43:16.127+0800] {processor.py:179} INFO - Processing /home/azfarmustafa/airflow_tutorial/.venv/lib/python3.10/site-packages/airflow/example_dags/example_branch_day_of_week_operator.py took 0.085 seconds
[2023-11-24T10:44:02.083+0800] {processor.py:157} INFO - Started process (PID=59840) to work on /home/azfarmustafa/airflow_tutorial/.venv/lib/python3.10/site-packages/airflow/example_dags/example_branch_day_of_week_operator.py
[2023-11-24T10:44:02.087+0800] {processor.py:829} INFO - Processing file /home/azfarmustafa/airflow_tutorial/.venv/lib/python3.10/site-packages/airflow/example_dags/example_branch_day_of_week_operator.py for tasks to queue
[2023-11-24T10:44:02.088+0800] {logging_mixin.py:154} INFO - [2023-11-24T10:44:02.088+0800] {dagbag.py:536} INFO - Filling up the DagBag from /home/azfarmustafa/airflow_tutorial/.venv/lib/python3.10/site-packages/airflow/example_dags/example_branch_day_of_week_operator.py
[2023-11-24T10:44:02.097+0800] {processor.py:839} INFO - DAG(s) dict_keys(['example_weekday_branch_operator']) retrieved from /home/azfarmustafa/airflow_tutorial/.venv/lib/python3.10/site-packages/airflow/example_dags/example_branch_day_of_week_operator.py
[2023-11-24T10:44:02.111+0800] {logging_mixin.py:154} INFO - [2023-11-24T10:44:02.111+0800] {dag.py:2941} INFO - Sync 1 DAGs
[2023-11-24T10:44:02.129+0800] {logging_mixin.py:154} INFO - [2023-11-24T10:44:02.129+0800] {dag.py:3722} INFO - Setting next_dagrun for example_weekday_branch_operator to 2023-11-23T00:00:00+00:00, run_after=2023-11-24T00:00:00+00:00
[2023-11-24T10:44:02.154+0800] {processor.py:179} INFO - Processing /home/azfarmustafa/airflow_tutorial/.venv/lib/python3.10/site-packages/airflow/example_dags/example_branch_day_of_week_operator.py took 0.075 seconds
[2023-11-24T10:44:51.409+0800] {processor.py:157} INFO - Started process (PID=59890) to work on /home/azfarmustafa/airflow_tutorial/.venv/lib/python3.10/site-packages/airflow/example_dags/example_branch_day_of_week_operator.py
[2023-11-24T10:44:51.413+0800] {processor.py:829} INFO - Processing file /home/azfarmustafa/airflow_tutorial/.venv/lib/python3.10/site-packages/airflow/example_dags/example_branch_day_of_week_operator.py for tasks to queue
[2023-11-24T10:44:51.413+0800] {logging_mixin.py:154} INFO - [2023-11-24T10:44:51.413+0800] {dagbag.py:536} INFO - Filling up the DagBag from /home/azfarmustafa/airflow_tutorial/.venv/lib/python3.10/site-packages/airflow/example_dags/example_branch_day_of_week_operator.py
[2023-11-24T10:44:51.422+0800] {processor.py:839} INFO - DAG(s) dict_keys(['example_weekday_branch_operator']) retrieved from /home/azfarmustafa/airflow_tutorial/.venv/lib/python3.10/site-packages/airflow/example_dags/example_branch_day_of_week_operator.py
[2023-11-24T10:44:51.439+0800] {logging_mixin.py:154} INFO - [2023-11-24T10:44:51.439+0800] {dag.py:2941} INFO - Sync 1 DAGs
[2023-11-24T10:44:51.461+0800] {logging_mixin.py:154} INFO - [2023-11-24T10:44:51.461+0800] {dag.py:3722} INFO - Setting next_dagrun for example_weekday_branch_operator to 2023-11-23T00:00:00+00:00, run_after=2023-11-24T00:00:00+00:00
[2023-11-24T10:44:51.492+0800] {processor.py:179} INFO - Processing /home/azfarmustafa/airflow_tutorial/.venv/lib/python3.10/site-packages/airflow/example_dags/example_branch_day_of_week_operator.py took 0.086 seconds
[2023-11-24T10:45:38.530+0800] {processor.py:157} INFO - Started process (PID=59938) to work on /home/azfarmustafa/airflow_tutorial/.venv/lib/python3.10/site-packages/airflow/example_dags/example_branch_day_of_week_operator.py
[2023-11-24T10:45:38.535+0800] {processor.py:829} INFO - Processing file /home/azfarmustafa/airflow_tutorial/.venv/lib/python3.10/site-packages/airflow/example_dags/example_branch_day_of_week_operator.py for tasks to queue
[2023-11-24T10:45:38.535+0800] {logging_mixin.py:154} INFO - [2023-11-24T10:45:38.535+0800] {dagbag.py:536} INFO - Filling up the DagBag from /home/azfarmustafa/airflow_tutorial/.venv/lib/python3.10/site-packages/airflow/example_dags/example_branch_day_of_week_operator.py
[2023-11-24T10:45:38.542+0800] {processor.py:839} INFO - DAG(s) dict_keys(['example_weekday_branch_operator']) retrieved from /home/azfarmustafa/airflow_tutorial/.venv/lib/python3.10/site-packages/airflow/example_dags/example_branch_day_of_week_operator.py
[2023-11-24T10:45:38.558+0800] {logging_mixin.py:154} INFO - [2023-11-24T10:45:38.558+0800] {dag.py:2941} INFO - Sync 1 DAGs
[2023-11-24T10:45:38.581+0800] {logging_mixin.py:154} INFO - [2023-11-24T10:45:38.581+0800] {dag.py:3722} INFO - Setting next_dagrun for example_weekday_branch_operator to 2023-11-23T00:00:00+00:00, run_after=2023-11-24T00:00:00+00:00
[2023-11-24T10:45:38.608+0800] {processor.py:179} INFO - Processing /home/azfarmustafa/airflow_tutorial/.venv/lib/python3.10/site-packages/airflow/example_dags/example_branch_day_of_week_operator.py took 0.081 seconds
[2023-11-24T10:46:25.129+0800] {processor.py:157} INFO - Started process (PID=59985) to work on /home/azfarmustafa/airflow_tutorial/.venv/lib/python3.10/site-packages/airflow/example_dags/example_branch_day_of_week_operator.py
[2023-11-24T10:46:25.134+0800] {processor.py:829} INFO - Processing file /home/azfarmustafa/airflow_tutorial/.venv/lib/python3.10/site-packages/airflow/example_dags/example_branch_day_of_week_operator.py for tasks to queue
[2023-11-24T10:46:25.135+0800] {logging_mixin.py:154} INFO - [2023-11-24T10:46:25.135+0800] {dagbag.py:536} INFO - Filling up the DagBag from /home/azfarmustafa/airflow_tutorial/.venv/lib/python3.10/site-packages/airflow/example_dags/example_branch_day_of_week_operator.py
[2023-11-24T10:46:25.142+0800] {processor.py:839} INFO - DAG(s) dict_keys(['example_weekday_branch_operator']) retrieved from /home/azfarmustafa/airflow_tutorial/.venv/lib/python3.10/site-packages/airflow/example_dags/example_branch_day_of_week_operator.py
[2023-11-24T10:46:25.157+0800] {logging_mixin.py:154} INFO - [2023-11-24T10:46:25.156+0800] {dag.py:2941} INFO - Sync 1 DAGs
[2023-11-24T10:46:25.174+0800] {logging_mixin.py:154} INFO - [2023-11-24T10:46:25.174+0800] {dag.py:3722} INFO - Setting next_dagrun for example_weekday_branch_operator to 2023-11-23T00:00:00+00:00, run_after=2023-11-24T00:00:00+00:00
[2023-11-24T10:46:25.198+0800] {processor.py:179} INFO - Processing /home/azfarmustafa/airflow_tutorial/.venv/lib/python3.10/site-packages/airflow/example_dags/example_branch_day_of_week_operator.py took 0.072 seconds
[2023-11-24T10:47:10.660+0800] {processor.py:157} INFO - Started process (PID=60038) to work on /home/azfarmustafa/airflow_tutorial/.venv/lib/python3.10/site-packages/airflow/example_dags/example_branch_day_of_week_operator.py
[2023-11-24T10:47:10.664+0800] {processor.py:829} INFO - Processing file /home/azfarmustafa/airflow_tutorial/.venv/lib/python3.10/site-packages/airflow/example_dags/example_branch_day_of_week_operator.py for tasks to queue
[2023-11-24T10:47:10.665+0800] {logging_mixin.py:154} INFO - [2023-11-24T10:47:10.665+0800] {dagbag.py:536} INFO - Filling up the DagBag from /home/azfarmustafa/airflow_tutorial/.venv/lib/python3.10/site-packages/airflow/example_dags/example_branch_day_of_week_operator.py
[2023-11-24T10:47:10.672+0800] {processor.py:839} INFO - DAG(s) dict_keys(['example_weekday_branch_operator']) retrieved from /home/azfarmustafa/airflow_tutorial/.venv/lib/python3.10/site-packages/airflow/example_dags/example_branch_day_of_week_operator.py
[2023-11-24T10:47:10.687+0800] {logging_mixin.py:154} INFO - [2023-11-24T10:47:10.687+0800] {dag.py:2941} INFO - Sync 1 DAGs
[2023-11-24T10:47:10.705+0800] {logging_mixin.py:154} INFO - [2023-11-24T10:47:10.705+0800] {dag.py:3722} INFO - Setting next_dagrun for example_weekday_branch_operator to 2023-11-23T00:00:00+00:00, run_after=2023-11-24T00:00:00+00:00
[2023-11-24T10:47:10.728+0800] {processor.py:179} INFO - Processing /home/azfarmustafa/airflow_tutorial/.venv/lib/python3.10/site-packages/airflow/example_dags/example_branch_day_of_week_operator.py took 0.071 seconds
[2023-11-24T10:47:54.736+0800] {processor.py:157} INFO - Started process (PID=60083) to work on /home/azfarmustafa/airflow_tutorial/.venv/lib/python3.10/site-packages/airflow/example_dags/example_branch_day_of_week_operator.py
[2023-11-24T10:47:54.738+0800] {processor.py:829} INFO - Processing file /home/azfarmustafa/airflow_tutorial/.venv/lib/python3.10/site-packages/airflow/example_dags/example_branch_day_of_week_operator.py for tasks to queue
[2023-11-24T10:47:54.739+0800] {logging_mixin.py:154} INFO - [2023-11-24T10:47:54.738+0800] {dagbag.py:536} INFO - Filling up the DagBag from /home/azfarmustafa/airflow_tutorial/.venv/lib/python3.10/site-packages/airflow/example_dags/example_branch_day_of_week_operator.py
[2023-11-24T10:47:54.748+0800] {processor.py:839} INFO - DAG(s) dict_keys(['example_weekday_branch_operator']) retrieved from /home/azfarmustafa/airflow_tutorial/.venv/lib/python3.10/site-packages/airflow/example_dags/example_branch_day_of_week_operator.py
[2023-11-24T10:47:54.765+0800] {logging_mixin.py:154} INFO - [2023-11-24T10:47:54.765+0800] {dag.py:2941} INFO - Sync 1 DAGs
[2023-11-24T10:47:54.783+0800] {logging_mixin.py:154} INFO - [2023-11-24T10:47:54.783+0800] {dag.py:3722} INFO - Setting next_dagrun for example_weekday_branch_operator to 2023-11-23T00:00:00+00:00, run_after=2023-11-24T00:00:00+00:00
[2023-11-24T10:47:54.809+0800] {processor.py:179} INFO - Processing /home/azfarmustafa/airflow_tutorial/.venv/lib/python3.10/site-packages/airflow/example_dags/example_branch_day_of_week_operator.py took 0.076 seconds
[2023-11-24T10:48:40.506+0800] {processor.py:157} INFO - Started process (PID=60130) to work on /home/azfarmustafa/airflow_tutorial/.venv/lib/python3.10/site-packages/airflow/example_dags/example_branch_day_of_week_operator.py
[2023-11-24T10:48:40.510+0800] {processor.py:829} INFO - Processing file /home/azfarmustafa/airflow_tutorial/.venv/lib/python3.10/site-packages/airflow/example_dags/example_branch_day_of_week_operator.py for tasks to queue
[2023-11-24T10:48:40.511+0800] {logging_mixin.py:154} INFO - [2023-11-24T10:48:40.510+0800] {dagbag.py:536} INFO - Filling up the DagBag from /home/azfarmustafa/airflow_tutorial/.venv/lib/python3.10/site-packages/airflow/example_dags/example_branch_day_of_week_operator.py
[2023-11-24T10:48:40.517+0800] {processor.py:839} INFO - DAG(s) dict_keys(['example_weekday_branch_operator']) retrieved from /home/azfarmustafa/airflow_tutorial/.venv/lib/python3.10/site-packages/airflow/example_dags/example_branch_day_of_week_operator.py
[2023-11-24T10:48:40.531+0800] {logging_mixin.py:154} INFO - [2023-11-24T10:48:40.531+0800] {dag.py:2941} INFO - Sync 1 DAGs
[2023-11-24T10:48:40.549+0800] {logging_mixin.py:154} INFO - [2023-11-24T10:48:40.549+0800] {dag.py:3722} INFO - Setting next_dagrun for example_weekday_branch_operator to 2023-11-23T00:00:00+00:00, run_after=2023-11-24T00:00:00+00:00
[2023-11-24T10:48:40.573+0800] {processor.py:179} INFO - Processing /home/azfarmustafa/airflow_tutorial/.venv/lib/python3.10/site-packages/airflow/example_dags/example_branch_day_of_week_operator.py took 0.070 seconds
[2023-11-24T10:49:30.270+0800] {processor.py:157} INFO - Started process (PID=60180) to work on /home/azfarmustafa/airflow_tutorial/.venv/lib/python3.10/site-packages/airflow/example_dags/example_branch_day_of_week_operator.py
[2023-11-24T10:49:30.271+0800] {processor.py:829} INFO - Processing file /home/azfarmustafa/airflow_tutorial/.venv/lib/python3.10/site-packages/airflow/example_dags/example_branch_day_of_week_operator.py for tasks to queue
[2023-11-24T10:49:30.272+0800] {logging_mixin.py:154} INFO - [2023-11-24T10:49:30.272+0800] {dagbag.py:536} INFO - Filling up the DagBag from /home/azfarmustafa/airflow_tutorial/.venv/lib/python3.10/site-packages/airflow/example_dags/example_branch_day_of_week_operator.py
[2023-11-24T10:49:30.279+0800] {processor.py:839} INFO - DAG(s) dict_keys(['example_weekday_branch_operator']) retrieved from /home/azfarmustafa/airflow_tutorial/.venv/lib/python3.10/site-packages/airflow/example_dags/example_branch_day_of_week_operator.py
[2023-11-24T10:49:30.293+0800] {logging_mixin.py:154} INFO - [2023-11-24T10:49:30.293+0800] {dag.py:2941} INFO - Sync 1 DAGs
[2023-11-24T10:49:30.315+0800] {logging_mixin.py:154} INFO - [2023-11-24T10:49:30.315+0800] {dag.py:3722} INFO - Setting next_dagrun for example_weekday_branch_operator to 2023-11-23T00:00:00+00:00, run_after=2023-11-24T00:00:00+00:00
[2023-11-24T10:49:30.341+0800] {processor.py:179} INFO - Processing /home/azfarmustafa/airflow_tutorial/.venv/lib/python3.10/site-packages/airflow/example_dags/example_branch_day_of_week_operator.py took 0.075 seconds
[2023-11-24T10:50:15.172+0800] {processor.py:157} INFO - Started process (PID=60227) to work on /home/azfarmustafa/airflow_tutorial/.venv/lib/python3.10/site-packages/airflow/example_dags/example_branch_day_of_week_operator.py
[2023-11-24T10:50:15.176+0800] {processor.py:829} INFO - Processing file /home/azfarmustafa/airflow_tutorial/.venv/lib/python3.10/site-packages/airflow/example_dags/example_branch_day_of_week_operator.py for tasks to queue
[2023-11-24T10:50:15.178+0800] {logging_mixin.py:154} INFO - [2023-11-24T10:50:15.177+0800] {dagbag.py:536} INFO - Filling up the DagBag from /home/azfarmustafa/airflow_tutorial/.venv/lib/python3.10/site-packages/airflow/example_dags/example_branch_day_of_week_operator.py
[2023-11-24T10:50:15.185+0800] {processor.py:839} INFO - DAG(s) dict_keys(['example_weekday_branch_operator']) retrieved from /home/azfarmustafa/airflow_tutorial/.venv/lib/python3.10/site-packages/airflow/example_dags/example_branch_day_of_week_operator.py
[2023-11-24T10:50:15.201+0800] {logging_mixin.py:154} INFO - [2023-11-24T10:50:15.201+0800] {dag.py:2941} INFO - Sync 1 DAGs
[2023-11-24T10:50:15.221+0800] {logging_mixin.py:154} INFO - [2023-11-24T10:50:15.221+0800] {dag.py:3722} INFO - Setting next_dagrun for example_weekday_branch_operator to 2023-11-23T00:00:00+00:00, run_after=2023-11-24T00:00:00+00:00
[2023-11-24T10:50:15.249+0800] {processor.py:179} INFO - Processing /home/azfarmustafa/airflow_tutorial/.venv/lib/python3.10/site-packages/airflow/example_dags/example_branch_day_of_week_operator.py took 0.079 seconds
[2023-11-24T10:51:01.759+0800] {processor.py:157} INFO - Started process (PID=60275) to work on /home/azfarmustafa/airflow_tutorial/.venv/lib/python3.10/site-packages/airflow/example_dags/example_branch_day_of_week_operator.py
[2023-11-24T10:51:01.764+0800] {processor.py:829} INFO - Processing file /home/azfarmustafa/airflow_tutorial/.venv/lib/python3.10/site-packages/airflow/example_dags/example_branch_day_of_week_operator.py for tasks to queue
[2023-11-24T10:51:01.765+0800] {logging_mixin.py:154} INFO - [2023-11-24T10:51:01.764+0800] {dagbag.py:536} INFO - Filling up the DagBag from /home/azfarmustafa/airflow_tutorial/.venv/lib/python3.10/site-packages/airflow/example_dags/example_branch_day_of_week_operator.py
[2023-11-24T10:51:01.772+0800] {processor.py:839} INFO - DAG(s) dict_keys(['example_weekday_branch_operator']) retrieved from /home/azfarmustafa/airflow_tutorial/.venv/lib/python3.10/site-packages/airflow/example_dags/example_branch_day_of_week_operator.py
[2023-11-24T10:51:01.786+0800] {logging_mixin.py:154} INFO - [2023-11-24T10:51:01.786+0800] {dag.py:2941} INFO - Sync 1 DAGs
[2023-11-24T10:51:01.805+0800] {logging_mixin.py:154} INFO - [2023-11-24T10:51:01.804+0800] {dag.py:3722} INFO - Setting next_dagrun for example_weekday_branch_operator to 2023-11-23T00:00:00+00:00, run_after=2023-11-24T00:00:00+00:00
[2023-11-24T10:51:01.831+0800] {processor.py:179} INFO - Processing /home/azfarmustafa/airflow_tutorial/.venv/lib/python3.10/site-packages/airflow/example_dags/example_branch_day_of_week_operator.py took 0.074 seconds
[2023-11-24T10:51:49.790+0800] {processor.py:157} INFO - Started process (PID=60323) to work on /home/azfarmustafa/airflow_tutorial/.venv/lib/python3.10/site-packages/airflow/example_dags/example_branch_day_of_week_operator.py
[2023-11-24T10:51:49.794+0800] {processor.py:829} INFO - Processing file /home/azfarmustafa/airflow_tutorial/.venv/lib/python3.10/site-packages/airflow/example_dags/example_branch_day_of_week_operator.py for tasks to queue
[2023-11-24T10:51:49.795+0800] {logging_mixin.py:154} INFO - [2023-11-24T10:51:49.795+0800] {dagbag.py:536} INFO - Filling up the DagBag from /home/azfarmustafa/airflow_tutorial/.venv/lib/python3.10/site-packages/airflow/example_dags/example_branch_day_of_week_operator.py
[2023-11-24T10:51:49.802+0800] {processor.py:839} INFO - DAG(s) dict_keys(['example_weekday_branch_operator']) retrieved from /home/azfarmustafa/airflow_tutorial/.venv/lib/python3.10/site-packages/airflow/example_dags/example_branch_day_of_week_operator.py
[2023-11-24T10:51:49.816+0800] {logging_mixin.py:154} INFO - [2023-11-24T10:51:49.816+0800] {dag.py:2941} INFO - Sync 1 DAGs
[2023-11-24T10:51:49.836+0800] {logging_mixin.py:154} INFO - [2023-11-24T10:51:49.836+0800] {dag.py:3722} INFO - Setting next_dagrun for example_weekday_branch_operator to 2023-11-23T00:00:00+00:00, run_after=2023-11-24T00:00:00+00:00
[2023-11-24T10:51:49.861+0800] {processor.py:179} INFO - Processing /home/azfarmustafa/airflow_tutorial/.venv/lib/python3.10/site-packages/airflow/example_dags/example_branch_day_of_week_operator.py took 0.074 seconds
[2023-11-24T10:52:38.281+0800] {processor.py:157} INFO - Started process (PID=60371) to work on /home/azfarmustafa/airflow_tutorial/.venv/lib/python3.10/site-packages/airflow/example_dags/example_branch_day_of_week_operator.py
[2023-11-24T10:52:38.285+0800] {processor.py:829} INFO - Processing file /home/azfarmustafa/airflow_tutorial/.venv/lib/python3.10/site-packages/airflow/example_dags/example_branch_day_of_week_operator.py for tasks to queue
[2023-11-24T10:52:38.287+0800] {logging_mixin.py:154} INFO - [2023-11-24T10:52:38.287+0800] {dagbag.py:536} INFO - Filling up the DagBag from /home/azfarmustafa/airflow_tutorial/.venv/lib/python3.10/site-packages/airflow/example_dags/example_branch_day_of_week_operator.py
[2023-11-24T10:52:38.296+0800] {processor.py:839} INFO - DAG(s) dict_keys(['example_weekday_branch_operator']) retrieved from /home/azfarmustafa/airflow_tutorial/.venv/lib/python3.10/site-packages/airflow/example_dags/example_branch_day_of_week_operator.py
[2023-11-24T10:52:38.313+0800] {logging_mixin.py:154} INFO - [2023-11-24T10:52:38.313+0800] {dag.py:2941} INFO - Sync 1 DAGs
[2023-11-24T10:52:38.333+0800] {logging_mixin.py:154} INFO - [2023-11-24T10:52:38.333+0800] {dag.py:3722} INFO - Setting next_dagrun for example_weekday_branch_operator to 2023-11-23T00:00:00+00:00, run_after=2023-11-24T00:00:00+00:00
[2023-11-24T10:52:38.362+0800] {processor.py:179} INFO - Processing /home/azfarmustafa/airflow_tutorial/.venv/lib/python3.10/site-packages/airflow/example_dags/example_branch_day_of_week_operator.py took 0.084 seconds
[2023-11-24T10:53:27.378+0800] {processor.py:157} INFO - Started process (PID=60427) to work on /home/azfarmustafa/airflow_tutorial/.venv/lib/python3.10/site-packages/airflow/example_dags/example_branch_day_of_week_operator.py
[2023-11-24T10:53:27.381+0800] {processor.py:829} INFO - Processing file /home/azfarmustafa/airflow_tutorial/.venv/lib/python3.10/site-packages/airflow/example_dags/example_branch_day_of_week_operator.py for tasks to queue
[2023-11-24T10:53:27.382+0800] {logging_mixin.py:154} INFO - [2023-11-24T10:53:27.381+0800] {dagbag.py:536} INFO - Filling up the DagBag from /home/azfarmustafa/airflow_tutorial/.venv/lib/python3.10/site-packages/airflow/example_dags/example_branch_day_of_week_operator.py
[2023-11-24T10:53:27.389+0800] {processor.py:839} INFO - DAG(s) dict_keys(['example_weekday_branch_operator']) retrieved from /home/azfarmustafa/airflow_tutorial/.venv/lib/python3.10/site-packages/airflow/example_dags/example_branch_day_of_week_operator.py
[2023-11-24T10:53:27.407+0800] {logging_mixin.py:154} INFO - [2023-11-24T10:53:27.407+0800] {dag.py:2941} INFO - Sync 1 DAGs
[2023-11-24T10:53:27.429+0800] {logging_mixin.py:154} INFO - [2023-11-24T10:53:27.429+0800] {dag.py:3722} INFO - Setting next_dagrun for example_weekday_branch_operator to 2023-11-23T00:00:00+00:00, run_after=2023-11-24T00:00:00+00:00
[2023-11-24T10:53:27.456+0800] {processor.py:179} INFO - Processing /home/azfarmustafa/airflow_tutorial/.venv/lib/python3.10/site-packages/airflow/example_dags/example_branch_day_of_week_operator.py took 0.081 seconds
[2023-11-24T10:54:15.128+0800] {processor.py:157} INFO - Started process (PID=60475) to work on /home/azfarmustafa/airflow_tutorial/.venv/lib/python3.10/site-packages/airflow/example_dags/example_branch_day_of_week_operator.py
[2023-11-24T10:54:15.133+0800] {processor.py:829} INFO - Processing file /home/azfarmustafa/airflow_tutorial/.venv/lib/python3.10/site-packages/airflow/example_dags/example_branch_day_of_week_operator.py for tasks to queue
[2023-11-24T10:54:15.134+0800] {logging_mixin.py:154} INFO - [2023-11-24T10:54:15.134+0800] {dagbag.py:536} INFO - Filling up the DagBag from /home/azfarmustafa/airflow_tutorial/.venv/lib/python3.10/site-packages/airflow/example_dags/example_branch_day_of_week_operator.py
[2023-11-24T10:54:15.143+0800] {processor.py:839} INFO - DAG(s) dict_keys(['example_weekday_branch_operator']) retrieved from /home/azfarmustafa/airflow_tutorial/.venv/lib/python3.10/site-packages/airflow/example_dags/example_branch_day_of_week_operator.py
[2023-11-24T10:54:15.162+0800] {logging_mixin.py:154} INFO - [2023-11-24T10:54:15.161+0800] {dag.py:2941} INFO - Sync 1 DAGs
[2023-11-24T10:54:15.183+0800] {logging_mixin.py:154} INFO - [2023-11-24T10:54:15.182+0800] {dag.py:3722} INFO - Setting next_dagrun for example_weekday_branch_operator to 2023-11-23T00:00:00+00:00, run_after=2023-11-24T00:00:00+00:00
[2023-11-24T10:54:15.212+0800] {processor.py:179} INFO - Processing /home/azfarmustafa/airflow_tutorial/.venv/lib/python3.10/site-packages/airflow/example_dags/example_branch_day_of_week_operator.py took 0.086 seconds
[2023-11-24T10:55:03.019+0800] {processor.py:157} INFO - Started process (PID=60524) to work on /home/azfarmustafa/airflow_tutorial/.venv/lib/python3.10/site-packages/airflow/example_dags/example_branch_day_of_week_operator.py
[2023-11-24T10:55:03.021+0800] {processor.py:829} INFO - Processing file /home/azfarmustafa/airflow_tutorial/.venv/lib/python3.10/site-packages/airflow/example_dags/example_branch_day_of_week_operator.py for tasks to queue
[2023-11-24T10:55:03.022+0800] {logging_mixin.py:154} INFO - [2023-11-24T10:55:03.021+0800] {dagbag.py:536} INFO - Filling up the DagBag from /home/azfarmustafa/airflow_tutorial/.venv/lib/python3.10/site-packages/airflow/example_dags/example_branch_day_of_week_operator.py
[2023-11-24T10:55:03.033+0800] {processor.py:839} INFO - DAG(s) dict_keys(['example_weekday_branch_operator']) retrieved from /home/azfarmustafa/airflow_tutorial/.venv/lib/python3.10/site-packages/airflow/example_dags/example_branch_day_of_week_operator.py
[2023-11-24T10:55:03.053+0800] {logging_mixin.py:154} INFO - [2023-11-24T10:55:03.053+0800] {dag.py:2941} INFO - Sync 1 DAGs
[2023-11-24T10:55:03.073+0800] {logging_mixin.py:154} INFO - [2023-11-24T10:55:03.073+0800] {dag.py:3722} INFO - Setting next_dagrun for example_weekday_branch_operator to 2023-11-23T00:00:00+00:00, run_after=2023-11-24T00:00:00+00:00
[2023-11-24T10:55:03.103+0800] {processor.py:179} INFO - Processing /home/azfarmustafa/airflow_tutorial/.venv/lib/python3.10/site-packages/airflow/example_dags/example_branch_day_of_week_operator.py took 0.087 seconds
[2023-11-24T10:55:48.569+0800] {processor.py:157} INFO - Started process (PID=60570) to work on /home/azfarmustafa/airflow_tutorial/.venv/lib/python3.10/site-packages/airflow/example_dags/example_branch_day_of_week_operator.py
[2023-11-24T10:55:48.573+0800] {processor.py:829} INFO - Processing file /home/azfarmustafa/airflow_tutorial/.venv/lib/python3.10/site-packages/airflow/example_dags/example_branch_day_of_week_operator.py for tasks to queue
[2023-11-24T10:55:48.574+0800] {logging_mixin.py:154} INFO - [2023-11-24T10:55:48.574+0800] {dagbag.py:536} INFO - Filling up the DagBag from /home/azfarmustafa/airflow_tutorial/.venv/lib/python3.10/site-packages/airflow/example_dags/example_branch_day_of_week_operator.py
[2023-11-24T10:55:48.580+0800] {processor.py:839} INFO - DAG(s) dict_keys(['example_weekday_branch_operator']) retrieved from /home/azfarmustafa/airflow_tutorial/.venv/lib/python3.10/site-packages/airflow/example_dags/example_branch_day_of_week_operator.py
[2023-11-24T10:55:48.595+0800] {logging_mixin.py:154} INFO - [2023-11-24T10:55:48.595+0800] {dag.py:2941} INFO - Sync 1 DAGs
[2023-11-24T10:55:48.614+0800] {logging_mixin.py:154} INFO - [2023-11-24T10:55:48.614+0800] {dag.py:3722} INFO - Setting next_dagrun for example_weekday_branch_operator to 2023-11-23T00:00:00+00:00, run_after=2023-11-24T00:00:00+00:00
[2023-11-24T10:55:48.636+0800] {processor.py:179} INFO - Processing /home/azfarmustafa/airflow_tutorial/.venv/lib/python3.10/site-packages/airflow/example_dags/example_branch_day_of_week_operator.py took 0.069 seconds
[2023-11-24T10:56:33.562+0800] {processor.py:157} INFO - Started process (PID=60617) to work on /home/azfarmustafa/airflow_tutorial/.venv/lib/python3.10/site-packages/airflow/example_dags/example_branch_day_of_week_operator.py
[2023-11-24T10:56:33.566+0800] {processor.py:829} INFO - Processing file /home/azfarmustafa/airflow_tutorial/.venv/lib/python3.10/site-packages/airflow/example_dags/example_branch_day_of_week_operator.py for tasks to queue
[2023-11-24T10:56:33.567+0800] {logging_mixin.py:154} INFO - [2023-11-24T10:56:33.567+0800] {dagbag.py:536} INFO - Filling up the DagBag from /home/azfarmustafa/airflow_tutorial/.venv/lib/python3.10/site-packages/airflow/example_dags/example_branch_day_of_week_operator.py
[2023-11-24T10:56:33.576+0800] {processor.py:839} INFO - DAG(s) dict_keys(['example_weekday_branch_operator']) retrieved from /home/azfarmustafa/airflow_tutorial/.venv/lib/python3.10/site-packages/airflow/example_dags/example_branch_day_of_week_operator.py
[2023-11-24T10:56:33.592+0800] {logging_mixin.py:154} INFO - [2023-11-24T10:56:33.592+0800] {dag.py:2941} INFO - Sync 1 DAGs
[2023-11-24T10:56:33.614+0800] {logging_mixin.py:154} INFO - [2023-11-24T10:56:33.614+0800] {dag.py:3722} INFO - Setting next_dagrun for example_weekday_branch_operator to 2023-11-23T00:00:00+00:00, run_after=2023-11-24T00:00:00+00:00
[2023-11-24T10:56:33.644+0800] {processor.py:179} INFO - Processing /home/azfarmustafa/airflow_tutorial/.venv/lib/python3.10/site-packages/airflow/example_dags/example_branch_day_of_week_operator.py took 0.085 seconds
[2023-11-24T10:57:15.911+0800] {processor.py:157} INFO - Started process (PID=60660) to work on /home/azfarmustafa/airflow_tutorial/.venv/lib/python3.10/site-packages/airflow/example_dags/example_branch_day_of_week_operator.py
[2023-11-24T10:57:15.916+0800] {processor.py:829} INFO - Processing file /home/azfarmustafa/airflow_tutorial/.venv/lib/python3.10/site-packages/airflow/example_dags/example_branch_day_of_week_operator.py for tasks to queue
[2023-11-24T10:57:15.917+0800] {logging_mixin.py:154} INFO - [2023-11-24T10:57:15.916+0800] {dagbag.py:536} INFO - Filling up the DagBag from /home/azfarmustafa/airflow_tutorial/.venv/lib/python3.10/site-packages/airflow/example_dags/example_branch_day_of_week_operator.py
[2023-11-24T10:57:15.924+0800] {processor.py:839} INFO - DAG(s) dict_keys(['example_weekday_branch_operator']) retrieved from /home/azfarmustafa/airflow_tutorial/.venv/lib/python3.10/site-packages/airflow/example_dags/example_branch_day_of_week_operator.py
[2023-11-24T10:57:15.940+0800] {logging_mixin.py:154} INFO - [2023-11-24T10:57:15.940+0800] {dag.py:2941} INFO - Sync 1 DAGs
[2023-11-24T10:57:15.964+0800] {logging_mixin.py:154} INFO - [2023-11-24T10:57:15.964+0800] {dag.py:3722} INFO - Setting next_dagrun for example_weekday_branch_operator to 2023-11-23T00:00:00+00:00, run_after=2023-11-24T00:00:00+00:00
[2023-11-24T10:57:15.994+0800] {processor.py:179} INFO - Processing /home/azfarmustafa/airflow_tutorial/.venv/lib/python3.10/site-packages/airflow/example_dags/example_branch_day_of_week_operator.py took 0.086 seconds
[2023-11-24T10:57:59.419+0800] {processor.py:157} INFO - Started process (PID=60706) to work on /home/azfarmustafa/airflow_tutorial/.venv/lib/python3.10/site-packages/airflow/example_dags/example_branch_day_of_week_operator.py
[2023-11-24T10:57:59.423+0800] {processor.py:829} INFO - Processing file /home/azfarmustafa/airflow_tutorial/.venv/lib/python3.10/site-packages/airflow/example_dags/example_branch_day_of_week_operator.py for tasks to queue
[2023-11-24T10:57:59.424+0800] {logging_mixin.py:154} INFO - [2023-11-24T10:57:59.424+0800] {dagbag.py:536} INFO - Filling up the DagBag from /home/azfarmustafa/airflow_tutorial/.venv/lib/python3.10/site-packages/airflow/example_dags/example_branch_day_of_week_operator.py
[2023-11-24T10:57:59.431+0800] {processor.py:839} INFO - DAG(s) dict_keys(['example_weekday_branch_operator']) retrieved from /home/azfarmustafa/airflow_tutorial/.venv/lib/python3.10/site-packages/airflow/example_dags/example_branch_day_of_week_operator.py
[2023-11-24T10:57:59.445+0800] {logging_mixin.py:154} INFO - [2023-11-24T10:57:59.445+0800] {dag.py:2941} INFO - Sync 1 DAGs
[2023-11-24T10:57:59.465+0800] {logging_mixin.py:154} INFO - [2023-11-24T10:57:59.465+0800] {dag.py:3722} INFO - Setting next_dagrun for example_weekday_branch_operator to 2023-11-23T00:00:00+00:00, run_after=2023-11-24T00:00:00+00:00
[2023-11-24T10:57:59.488+0800] {processor.py:179} INFO - Processing /home/azfarmustafa/airflow_tutorial/.venv/lib/python3.10/site-packages/airflow/example_dags/example_branch_day_of_week_operator.py took 0.071 seconds
[2023-11-24T10:58:46.188+0800] {processor.py:157} INFO - Started process (PID=60754) to work on /home/azfarmustafa/airflow_tutorial/.venv/lib/python3.10/site-packages/airflow/example_dags/example_branch_day_of_week_operator.py
[2023-11-24T10:58:46.190+0800] {processor.py:829} INFO - Processing file /home/azfarmustafa/airflow_tutorial/.venv/lib/python3.10/site-packages/airflow/example_dags/example_branch_day_of_week_operator.py for tasks to queue
[2023-11-24T10:58:46.191+0800] {logging_mixin.py:154} INFO - [2023-11-24T10:58:46.190+0800] {dagbag.py:536} INFO - Filling up the DagBag from /home/azfarmustafa/airflow_tutorial/.venv/lib/python3.10/site-packages/airflow/example_dags/example_branch_day_of_week_operator.py
[2023-11-24T10:58:46.199+0800] {processor.py:839} INFO - DAG(s) dict_keys(['example_weekday_branch_operator']) retrieved from /home/azfarmustafa/airflow_tutorial/.venv/lib/python3.10/site-packages/airflow/example_dags/example_branch_day_of_week_operator.py
[2023-11-24T10:58:46.215+0800] {logging_mixin.py:154} INFO - [2023-11-24T10:58:46.214+0800] {dag.py:2941} INFO - Sync 1 DAGs
[2023-11-24T10:58:46.234+0800] {logging_mixin.py:154} INFO - [2023-11-24T10:58:46.234+0800] {dag.py:3722} INFO - Setting next_dagrun for example_weekday_branch_operator to 2023-11-23T00:00:00+00:00, run_after=2023-11-24T00:00:00+00:00
[2023-11-24T10:58:46.260+0800] {processor.py:179} INFO - Processing /home/azfarmustafa/airflow_tutorial/.venv/lib/python3.10/site-packages/airflow/example_dags/example_branch_day_of_week_operator.py took 0.074 seconds
[2023-11-24T10:59:33.645+0800] {processor.py:157} INFO - Started process (PID=60808) to work on /home/azfarmustafa/airflow_tutorial/.venv/lib/python3.10/site-packages/airflow/example_dags/example_branch_day_of_week_operator.py
[2023-11-24T10:59:33.650+0800] {processor.py:829} INFO - Processing file /home/azfarmustafa/airflow_tutorial/.venv/lib/python3.10/site-packages/airflow/example_dags/example_branch_day_of_week_operator.py for tasks to queue
[2023-11-24T10:59:33.651+0800] {logging_mixin.py:154} INFO - [2023-11-24T10:59:33.651+0800] {dagbag.py:536} INFO - Filling up the DagBag from /home/azfarmustafa/airflow_tutorial/.venv/lib/python3.10/site-packages/airflow/example_dags/example_branch_day_of_week_operator.py
[2023-11-24T10:59:33.660+0800] {processor.py:839} INFO - DAG(s) dict_keys(['example_weekday_branch_operator']) retrieved from /home/azfarmustafa/airflow_tutorial/.venv/lib/python3.10/site-packages/airflow/example_dags/example_branch_day_of_week_operator.py
[2023-11-24T10:59:33.677+0800] {logging_mixin.py:154} INFO - [2023-11-24T10:59:33.677+0800] {dag.py:2941} INFO - Sync 1 DAGs
[2023-11-24T10:59:33.697+0800] {logging_mixin.py:154} INFO - [2023-11-24T10:59:33.697+0800] {dag.py:3722} INFO - Setting next_dagrun for example_weekday_branch_operator to 2023-11-23T00:00:00+00:00, run_after=2023-11-24T00:00:00+00:00
[2023-11-24T10:59:33.726+0800] {processor.py:179} INFO - Processing /home/azfarmustafa/airflow_tutorial/.venv/lib/python3.10/site-packages/airflow/example_dags/example_branch_day_of_week_operator.py took 0.086 seconds
[2023-11-24T11:00:17.955+0800] {processor.py:157} INFO - Started process (PID=60855) to work on /home/azfarmustafa/airflow_tutorial/.venv/lib/python3.10/site-packages/airflow/example_dags/example_branch_day_of_week_operator.py
[2023-11-24T11:00:17.956+0800] {processor.py:829} INFO - Processing file /home/azfarmustafa/airflow_tutorial/.venv/lib/python3.10/site-packages/airflow/example_dags/example_branch_day_of_week_operator.py for tasks to queue
[2023-11-24T11:00:17.957+0800] {logging_mixin.py:154} INFO - [2023-11-24T11:00:17.957+0800] {dagbag.py:536} INFO - Filling up the DagBag from /home/azfarmustafa/airflow_tutorial/.venv/lib/python3.10/site-packages/airflow/example_dags/example_branch_day_of_week_operator.py
[2023-11-24T11:00:17.964+0800] {processor.py:839} INFO - DAG(s) dict_keys(['example_weekday_branch_operator']) retrieved from /home/azfarmustafa/airflow_tutorial/.venv/lib/python3.10/site-packages/airflow/example_dags/example_branch_day_of_week_operator.py
[2023-11-24T11:00:17.978+0800] {logging_mixin.py:154} INFO - [2023-11-24T11:00:17.978+0800] {dag.py:2941} INFO - Sync 1 DAGs
[2023-11-24T11:00:18.002+0800] {logging_mixin.py:154} INFO - [2023-11-24T11:00:18.001+0800] {dag.py:3722} INFO - Setting next_dagrun for example_weekday_branch_operator to 2023-11-23T00:00:00+00:00, run_after=2023-11-24T00:00:00+00:00
[2023-11-24T11:00:18.031+0800] {processor.py:179} INFO - Processing /home/azfarmustafa/airflow_tutorial/.venv/lib/python3.10/site-packages/airflow/example_dags/example_branch_day_of_week_operator.py took 0.079 seconds
[2023-11-24T11:01:01.461+0800] {processor.py:157} INFO - Started process (PID=60899) to work on /home/azfarmustafa/airflow_tutorial/.venv/lib/python3.10/site-packages/airflow/example_dags/example_branch_day_of_week_operator.py
[2023-11-24T11:01:01.463+0800] {processor.py:829} INFO - Processing file /home/azfarmustafa/airflow_tutorial/.venv/lib/python3.10/site-packages/airflow/example_dags/example_branch_day_of_week_operator.py for tasks to queue
[2023-11-24T11:01:01.464+0800] {logging_mixin.py:154} INFO - [2023-11-24T11:01:01.464+0800] {dagbag.py:536} INFO - Filling up the DagBag from /home/azfarmustafa/airflow_tutorial/.venv/lib/python3.10/site-packages/airflow/example_dags/example_branch_day_of_week_operator.py
[2023-11-24T11:01:01.472+0800] {processor.py:839} INFO - DAG(s) dict_keys(['example_weekday_branch_operator']) retrieved from /home/azfarmustafa/airflow_tutorial/.venv/lib/python3.10/site-packages/airflow/example_dags/example_branch_day_of_week_operator.py
[2023-11-24T11:01:01.489+0800] {logging_mixin.py:154} INFO - [2023-11-24T11:01:01.489+0800] {dag.py:2941} INFO - Sync 1 DAGs
[2023-11-24T11:01:01.512+0800] {logging_mixin.py:154} INFO - [2023-11-24T11:01:01.512+0800] {dag.py:3722} INFO - Setting next_dagrun for example_weekday_branch_operator to 2023-11-23T00:00:00+00:00, run_after=2023-11-24T00:00:00+00:00
[2023-11-24T11:01:01.539+0800] {processor.py:179} INFO - Processing /home/azfarmustafa/airflow_tutorial/.venv/lib/python3.10/site-packages/airflow/example_dags/example_branch_day_of_week_operator.py took 0.082 seconds
[2023-11-24T11:01:47.882+0800] {processor.py:157} INFO - Started process (PID=60947) to work on /home/azfarmustafa/airflow_tutorial/.venv/lib/python3.10/site-packages/airflow/example_dags/example_branch_day_of_week_operator.py
[2023-11-24T11:01:47.887+0800] {processor.py:829} INFO - Processing file /home/azfarmustafa/airflow_tutorial/.venv/lib/python3.10/site-packages/airflow/example_dags/example_branch_day_of_week_operator.py for tasks to queue
[2023-11-24T11:01:47.888+0800] {logging_mixin.py:154} INFO - [2023-11-24T11:01:47.887+0800] {dagbag.py:536} INFO - Filling up the DagBag from /home/azfarmustafa/airflow_tutorial/.venv/lib/python3.10/site-packages/airflow/example_dags/example_branch_day_of_week_operator.py
[2023-11-24T11:01:47.896+0800] {processor.py:839} INFO - DAG(s) dict_keys(['example_weekday_branch_operator']) retrieved from /home/azfarmustafa/airflow_tutorial/.venv/lib/python3.10/site-packages/airflow/example_dags/example_branch_day_of_week_operator.py
[2023-11-24T11:01:47.913+0800] {logging_mixin.py:154} INFO - [2023-11-24T11:01:47.913+0800] {dag.py:2941} INFO - Sync 1 DAGs
[2023-11-24T11:01:47.932+0800] {logging_mixin.py:154} INFO - [2023-11-24T11:01:47.932+0800] {dag.py:3722} INFO - Setting next_dagrun for example_weekday_branch_operator to 2023-11-23T00:00:00+00:00, run_after=2023-11-24T00:00:00+00:00
[2023-11-24T11:01:47.954+0800] {processor.py:179} INFO - Processing /home/azfarmustafa/airflow_tutorial/.venv/lib/python3.10/site-packages/airflow/example_dags/example_branch_day_of_week_operator.py took 0.074 seconds
[2023-11-24T11:02:33.289+0800] {processor.py:157} INFO - Started process (PID=60994) to work on /home/azfarmustafa/airflow_tutorial/.venv/lib/python3.10/site-packages/airflow/example_dags/example_branch_day_of_week_operator.py
[2023-11-24T11:02:33.291+0800] {processor.py:829} INFO - Processing file /home/azfarmustafa/airflow_tutorial/.venv/lib/python3.10/site-packages/airflow/example_dags/example_branch_day_of_week_operator.py for tasks to queue
[2023-11-24T11:02:33.292+0800] {logging_mixin.py:154} INFO - [2023-11-24T11:02:33.291+0800] {dagbag.py:536} INFO - Filling up the DagBag from /home/azfarmustafa/airflow_tutorial/.venv/lib/python3.10/site-packages/airflow/example_dags/example_branch_day_of_week_operator.py
[2023-11-24T11:02:33.302+0800] {processor.py:839} INFO - DAG(s) dict_keys(['example_weekday_branch_operator']) retrieved from /home/azfarmustafa/airflow_tutorial/.venv/lib/python3.10/site-packages/airflow/example_dags/example_branch_day_of_week_operator.py
[2023-11-24T11:02:33.321+0800] {logging_mixin.py:154} INFO - [2023-11-24T11:02:33.321+0800] {dag.py:2941} INFO - Sync 1 DAGs
[2023-11-24T11:02:33.342+0800] {logging_mixin.py:154} INFO - [2023-11-24T11:02:33.342+0800] {dag.py:3722} INFO - Setting next_dagrun for example_weekday_branch_operator to 2023-11-23T00:00:00+00:00, run_after=2023-11-24T00:00:00+00:00
[2023-11-24T11:02:33.370+0800] {processor.py:179} INFO - Processing /home/azfarmustafa/airflow_tutorial/.venv/lib/python3.10/site-packages/airflow/example_dags/example_branch_day_of_week_operator.py took 0.084 seconds
[2023-11-24T11:03:19.665+0800] {processor.py:157} INFO - Started process (PID=61043) to work on /home/azfarmustafa/airflow_tutorial/.venv/lib/python3.10/site-packages/airflow/example_dags/example_branch_day_of_week_operator.py
[2023-11-24T11:03:19.670+0800] {processor.py:829} INFO - Processing file /home/azfarmustafa/airflow_tutorial/.venv/lib/python3.10/site-packages/airflow/example_dags/example_branch_day_of_week_operator.py for tasks to queue
[2023-11-24T11:03:19.671+0800] {logging_mixin.py:154} INFO - [2023-11-24T11:03:19.670+0800] {dagbag.py:536} INFO - Filling up the DagBag from /home/azfarmustafa/airflow_tutorial/.venv/lib/python3.10/site-packages/airflow/example_dags/example_branch_day_of_week_operator.py
[2023-11-24T11:03:19.681+0800] {processor.py:839} INFO - DAG(s) dict_keys(['example_weekday_branch_operator']) retrieved from /home/azfarmustafa/airflow_tutorial/.venv/lib/python3.10/site-packages/airflow/example_dags/example_branch_day_of_week_operator.py
[2023-11-24T11:03:19.702+0800] {logging_mixin.py:154} INFO - [2023-11-24T11:03:19.701+0800] {dag.py:2941} INFO - Sync 1 DAGs
[2023-11-24T11:03:19.726+0800] {logging_mixin.py:154} INFO - [2023-11-24T11:03:19.725+0800] {dag.py:3722} INFO - Setting next_dagrun for example_weekday_branch_operator to 2023-11-23T00:00:00+00:00, run_after=2023-11-24T00:00:00+00:00
[2023-11-24T11:03:19.755+0800] {processor.py:179} INFO - Processing /home/azfarmustafa/airflow_tutorial/.venv/lib/python3.10/site-packages/airflow/example_dags/example_branch_day_of_week_operator.py took 0.093 seconds
[2023-11-24T11:04:08.777+0800] {processor.py:157} INFO - Started process (PID=61096) to work on /home/azfarmustafa/airflow_tutorial/.venv/lib/python3.10/site-packages/airflow/example_dags/example_branch_day_of_week_operator.py
[2023-11-24T11:04:08.779+0800] {processor.py:829} INFO - Processing file /home/azfarmustafa/airflow_tutorial/.venv/lib/python3.10/site-packages/airflow/example_dags/example_branch_day_of_week_operator.py for tasks to queue
[2023-11-24T11:04:08.781+0800] {logging_mixin.py:154} INFO - [2023-11-24T11:04:08.780+0800] {dagbag.py:536} INFO - Filling up the DagBag from /home/azfarmustafa/airflow_tutorial/.venv/lib/python3.10/site-packages/airflow/example_dags/example_branch_day_of_week_operator.py
[2023-11-24T11:04:08.791+0800] {processor.py:839} INFO - DAG(s) dict_keys(['example_weekday_branch_operator']) retrieved from /home/azfarmustafa/airflow_tutorial/.venv/lib/python3.10/site-packages/airflow/example_dags/example_branch_day_of_week_operator.py
[2023-11-24T11:04:08.808+0800] {logging_mixin.py:154} INFO - [2023-11-24T11:04:08.807+0800] {dag.py:2941} INFO - Sync 1 DAGs
[2023-11-24T11:04:08.834+0800] {logging_mixin.py:154} INFO - [2023-11-24T11:04:08.834+0800] {dag.py:3722} INFO - Setting next_dagrun for example_weekday_branch_operator to 2023-11-23T00:00:00+00:00, run_after=2023-11-24T00:00:00+00:00
[2023-11-24T11:04:08.861+0800] {processor.py:179} INFO - Processing /home/azfarmustafa/airflow_tutorial/.venv/lib/python3.10/site-packages/airflow/example_dags/example_branch_day_of_week_operator.py took 0.088 seconds
[2023-11-24T11:04:56.850+0800] {processor.py:157} INFO - Started process (PID=61147) to work on /home/azfarmustafa/airflow_tutorial/.venv/lib/python3.10/site-packages/airflow/example_dags/example_branch_day_of_week_operator.py
[2023-11-24T11:04:56.854+0800] {processor.py:829} INFO - Processing file /home/azfarmustafa/airflow_tutorial/.venv/lib/python3.10/site-packages/airflow/example_dags/example_branch_day_of_week_operator.py for tasks to queue
[2023-11-24T11:04:56.855+0800] {logging_mixin.py:154} INFO - [2023-11-24T11:04:56.855+0800] {dagbag.py:536} INFO - Filling up the DagBag from /home/azfarmustafa/airflow_tutorial/.venv/lib/python3.10/site-packages/airflow/example_dags/example_branch_day_of_week_operator.py
[2023-11-24T11:04:56.864+0800] {processor.py:839} INFO - DAG(s) dict_keys(['example_weekday_branch_operator']) retrieved from /home/azfarmustafa/airflow_tutorial/.venv/lib/python3.10/site-packages/airflow/example_dags/example_branch_day_of_week_operator.py
[2023-11-24T11:04:56.882+0800] {logging_mixin.py:154} INFO - [2023-11-24T11:04:56.881+0800] {dag.py:2941} INFO - Sync 1 DAGs
[2023-11-24T11:04:56.903+0800] {logging_mixin.py:154} INFO - [2023-11-24T11:04:56.903+0800] {dag.py:3722} INFO - Setting next_dagrun for example_weekday_branch_operator to 2023-11-23T00:00:00+00:00, run_after=2023-11-24T00:00:00+00:00
[2023-11-24T11:04:56.927+0800] {processor.py:179} INFO - Processing /home/azfarmustafa/airflow_tutorial/.venv/lib/python3.10/site-packages/airflow/example_dags/example_branch_day_of_week_operator.py took 0.081 seconds
