[2023-11-24T10:25:36.791+0800] {processor.py:157} INFO - Started process (PID=58693) to work on /home/azfarmustafa/airflow_tutorial/.venv/lib/python3.10/site-packages/airflow/example_dags/example_xcom.py
[2023-11-24T10:25:36.792+0800] {processor.py:829} INFO - Processing file /home/azfarmustafa/airflow_tutorial/.venv/lib/python3.10/site-packages/airflow/example_dags/example_xcom.py for tasks to queue
[2023-11-24T10:25:36.793+0800] {logging_mixin.py:154} INFO - [2023-11-24T10:25:36.793+0800] {dagbag.py:536} INFO - Filling up the DagBag from /home/azfarmustafa/airflow_tutorial/.venv/lib/python3.10/site-packages/airflow/example_dags/example_xcom.py
[2023-11-24T10:25:36.802+0800] {processor.py:839} INFO - DAG(s) dict_keys(['example_xcom']) retrieved from /home/azfarmustafa/airflow_tutorial/.venv/lib/python3.10/site-packages/airflow/example_dags/example_xcom.py
[2023-11-24T10:25:36.820+0800] {logging_mixin.py:154} INFO - [2023-11-24T10:25:36.820+0800] {dag.py:2941} INFO - Sync 1 DAGs
[2023-11-24T10:25:36.843+0800] {logging_mixin.py:154} INFO - [2023-11-24T10:25:36.843+0800] {dag.py:3722} INFO - Setting next_dagrun for example_xcom to 2021-01-01T00:00:00+00:00, run_after=2021-01-01T00:00:00+00:00
[2023-11-24T10:25:36.873+0800] {processor.py:179} INFO - Processing /home/azfarmustafa/airflow_tutorial/.venv/lib/python3.10/site-packages/airflow/example_dags/example_xcom.py took 0.086 seconds
[2023-11-24T10:26:23.679+0800] {processor.py:157} INFO - Started process (PID=58743) to work on /home/azfarmustafa/airflow_tutorial/.venv/lib/python3.10/site-packages/airflow/example_dags/example_xcom.py
[2023-11-24T10:26:23.683+0800] {processor.py:829} INFO - Processing file /home/azfarmustafa/airflow_tutorial/.venv/lib/python3.10/site-packages/airflow/example_dags/example_xcom.py for tasks to queue
[2023-11-24T10:26:23.684+0800] {logging_mixin.py:154} INFO - [2023-11-24T10:26:23.683+0800] {dagbag.py:536} INFO - Filling up the DagBag from /home/azfarmustafa/airflow_tutorial/.venv/lib/python3.10/site-packages/airflow/example_dags/example_xcom.py
[2023-11-24T10:26:23.690+0800] {processor.py:839} INFO - DAG(s) dict_keys(['example_xcom']) retrieved from /home/azfarmustafa/airflow_tutorial/.venv/lib/python3.10/site-packages/airflow/example_dags/example_xcom.py
[2023-11-24T10:26:23.703+0800] {logging_mixin.py:154} INFO - [2023-11-24T10:26:23.703+0800] {dag.py:2941} INFO - Sync 1 DAGs
[2023-11-24T10:26:23.720+0800] {logging_mixin.py:154} INFO - [2023-11-24T10:26:23.720+0800] {dag.py:3722} INFO - Setting next_dagrun for example_xcom to 2021-01-01T00:00:00+00:00, run_after=2021-01-01T00:00:00+00:00
[2023-11-24T10:26:23.742+0800] {processor.py:179} INFO - Processing /home/azfarmustafa/airflow_tutorial/.venv/lib/python3.10/site-packages/airflow/example_dags/example_xcom.py took 0.066 seconds
[2023-11-24T10:27:09.546+0800] {processor.py:157} INFO - Started process (PID=58796) to work on /home/azfarmustafa/airflow_tutorial/.venv/lib/python3.10/site-packages/airflow/example_dags/example_xcom.py
[2023-11-24T10:27:09.547+0800] {processor.py:829} INFO - Processing file /home/azfarmustafa/airflow_tutorial/.venv/lib/python3.10/site-packages/airflow/example_dags/example_xcom.py for tasks to queue
[2023-11-24T10:27:09.548+0800] {logging_mixin.py:154} INFO - [2023-11-24T10:27:09.548+0800] {dagbag.py:536} INFO - Filling up the DagBag from /home/azfarmustafa/airflow_tutorial/.venv/lib/python3.10/site-packages/airflow/example_dags/example_xcom.py
[2023-11-24T10:27:09.557+0800] {processor.py:839} INFO - DAG(s) dict_keys(['example_xcom']) retrieved from /home/azfarmustafa/airflow_tutorial/.venv/lib/python3.10/site-packages/airflow/example_dags/example_xcom.py
[2023-11-24T10:27:09.576+0800] {logging_mixin.py:154} INFO - [2023-11-24T10:27:09.576+0800] {dag.py:2941} INFO - Sync 1 DAGs
[2023-11-24T10:27:09.614+0800] {logging_mixin.py:154} INFO - [2023-11-24T10:27:09.614+0800] {dag.py:3722} INFO - Setting next_dagrun for example_xcom to 2021-01-01T00:00:00+00:00, run_after=2021-01-01T00:00:00+00:00
[2023-11-24T10:27:09.642+0800] {processor.py:179} INFO - Processing /home/azfarmustafa/airflow_tutorial/.venv/lib/python3.10/site-packages/airflow/example_dags/example_xcom.py took 0.098 seconds
[2023-11-24T10:27:56.418+0800] {processor.py:157} INFO - Started process (PID=58843) to work on /home/azfarmustafa/airflow_tutorial/.venv/lib/python3.10/site-packages/airflow/example_dags/example_xcom.py
[2023-11-24T10:27:56.422+0800] {processor.py:829} INFO - Processing file /home/azfarmustafa/airflow_tutorial/.venv/lib/python3.10/site-packages/airflow/example_dags/example_xcom.py for tasks to queue
[2023-11-24T10:27:56.423+0800] {logging_mixin.py:154} INFO - [2023-11-24T10:27:56.423+0800] {dagbag.py:536} INFO - Filling up the DagBag from /home/azfarmustafa/airflow_tutorial/.venv/lib/python3.10/site-packages/airflow/example_dags/example_xcom.py
[2023-11-24T10:27:56.429+0800] {processor.py:839} INFO - DAG(s) dict_keys(['example_xcom']) retrieved from /home/azfarmustafa/airflow_tutorial/.venv/lib/python3.10/site-packages/airflow/example_dags/example_xcom.py
[2023-11-24T10:27:56.448+0800] {logging_mixin.py:154} INFO - [2023-11-24T10:27:56.448+0800] {dag.py:2941} INFO - Sync 1 DAGs
[2023-11-24T10:27:56.469+0800] {logging_mixin.py:154} INFO - [2023-11-24T10:27:56.468+0800] {dag.py:3722} INFO - Setting next_dagrun for example_xcom to 2021-01-01T00:00:00+00:00, run_after=2021-01-01T00:00:00+00:00
[2023-11-24T10:27:56.495+0800] {processor.py:179} INFO - Processing /home/azfarmustafa/airflow_tutorial/.venv/lib/python3.10/site-packages/airflow/example_dags/example_xcom.py took 0.082 seconds
[2023-11-24T10:28:43.922+0800] {processor.py:157} INFO - Started process (PID=58897) to work on /home/azfarmustafa/airflow_tutorial/.venv/lib/python3.10/site-packages/airflow/example_dags/example_xcom.py
[2023-11-24T10:28:43.927+0800] {processor.py:829} INFO - Processing file /home/azfarmustafa/airflow_tutorial/.venv/lib/python3.10/site-packages/airflow/example_dags/example_xcom.py for tasks to queue
[2023-11-24T10:28:43.927+0800] {logging_mixin.py:154} INFO - [2023-11-24T10:28:43.927+0800] {dagbag.py:536} INFO - Filling up the DagBag from /home/azfarmustafa/airflow_tutorial/.venv/lib/python3.10/site-packages/airflow/example_dags/example_xcom.py
[2023-11-24T10:28:43.934+0800] {processor.py:839} INFO - DAG(s) dict_keys(['example_xcom']) retrieved from /home/azfarmustafa/airflow_tutorial/.venv/lib/python3.10/site-packages/airflow/example_dags/example_xcom.py
[2023-11-24T10:28:43.947+0800] {logging_mixin.py:154} INFO - [2023-11-24T10:28:43.947+0800] {dag.py:2941} INFO - Sync 1 DAGs
[2023-11-24T10:28:43.964+0800] {logging_mixin.py:154} INFO - [2023-11-24T10:28:43.964+0800] {dag.py:3722} INFO - Setting next_dagrun for example_xcom to 2021-01-01T00:00:00+00:00, run_after=2021-01-01T00:00:00+00:00
[2023-11-24T10:28:43.992+0800] {processor.py:179} INFO - Processing /home/azfarmustafa/airflow_tutorial/.venv/lib/python3.10/site-packages/airflow/example_dags/example_xcom.py took 0.072 seconds
[2023-11-24T10:29:30.723+0800] {processor.py:157} INFO - Started process (PID=58945) to work on /home/azfarmustafa/airflow_tutorial/.venv/lib/python3.10/site-packages/airflow/example_dags/example_xcom.py
[2023-11-24T10:29:30.727+0800] {processor.py:829} INFO - Processing file /home/azfarmustafa/airflow_tutorial/.venv/lib/python3.10/site-packages/airflow/example_dags/example_xcom.py for tasks to queue
[2023-11-24T10:29:30.728+0800] {logging_mixin.py:154} INFO - [2023-11-24T10:29:30.728+0800] {dagbag.py:536} INFO - Filling up the DagBag from /home/azfarmustafa/airflow_tutorial/.venv/lib/python3.10/site-packages/airflow/example_dags/example_xcom.py
[2023-11-24T10:29:30.736+0800] {processor.py:839} INFO - DAG(s) dict_keys(['example_xcom']) retrieved from /home/azfarmustafa/airflow_tutorial/.venv/lib/python3.10/site-packages/airflow/example_dags/example_xcom.py
[2023-11-24T10:29:30.753+0800] {logging_mixin.py:154} INFO - [2023-11-24T10:29:30.753+0800] {dag.py:2941} INFO - Sync 1 DAGs
[2023-11-24T10:29:30.771+0800] {logging_mixin.py:154} INFO - [2023-11-24T10:29:30.771+0800] {dag.py:3722} INFO - Setting next_dagrun for example_xcom to 2021-01-01T00:00:00+00:00, run_after=2021-01-01T00:00:00+00:00
[2023-11-24T10:29:30.793+0800] {processor.py:179} INFO - Processing /home/azfarmustafa/airflow_tutorial/.venv/lib/python3.10/site-packages/airflow/example_dags/example_xcom.py took 0.072 seconds
[2023-11-24T10:30:19.887+0800] {processor.py:157} INFO - Started process (PID=58994) to work on /home/azfarmustafa/airflow_tutorial/.venv/lib/python3.10/site-packages/airflow/example_dags/example_xcom.py
[2023-11-24T10:30:19.892+0800] {processor.py:829} INFO - Processing file /home/azfarmustafa/airflow_tutorial/.venv/lib/python3.10/site-packages/airflow/example_dags/example_xcom.py for tasks to queue
[2023-11-24T10:30:19.892+0800] {logging_mixin.py:154} INFO - [2023-11-24T10:30:19.892+0800] {dagbag.py:536} INFO - Filling up the DagBag from /home/azfarmustafa/airflow_tutorial/.venv/lib/python3.10/site-packages/airflow/example_dags/example_xcom.py
[2023-11-24T10:30:19.900+0800] {processor.py:839} INFO - DAG(s) dict_keys(['example_xcom']) retrieved from /home/azfarmustafa/airflow_tutorial/.venv/lib/python3.10/site-packages/airflow/example_dags/example_xcom.py
[2023-11-24T10:30:19.916+0800] {logging_mixin.py:154} INFO - [2023-11-24T10:30:19.916+0800] {dag.py:2941} INFO - Sync 1 DAGs
[2023-11-24T10:30:19.936+0800] {logging_mixin.py:154} INFO - [2023-11-24T10:30:19.935+0800] {dag.py:3722} INFO - Setting next_dagrun for example_xcom to 2021-01-01T00:00:00+00:00, run_after=2021-01-01T00:00:00+00:00
[2023-11-24T10:30:19.959+0800] {processor.py:179} INFO - Processing /home/azfarmustafa/airflow_tutorial/.venv/lib/python3.10/site-packages/airflow/example_dags/example_xcom.py took 0.073 seconds
[2023-11-24T10:31:06.436+0800] {processor.py:157} INFO - Started process (PID=59042) to work on /home/azfarmustafa/airflow_tutorial/.venv/lib/python3.10/site-packages/airflow/example_dags/example_xcom.py
[2023-11-24T10:31:06.438+0800] {processor.py:829} INFO - Processing file /home/azfarmustafa/airflow_tutorial/.venv/lib/python3.10/site-packages/airflow/example_dags/example_xcom.py for tasks to queue
[2023-11-24T10:31:06.439+0800] {logging_mixin.py:154} INFO - [2023-11-24T10:31:06.438+0800] {dagbag.py:536} INFO - Filling up the DagBag from /home/azfarmustafa/airflow_tutorial/.venv/lib/python3.10/site-packages/airflow/example_dags/example_xcom.py
[2023-11-24T10:31:06.446+0800] {processor.py:839} INFO - DAG(s) dict_keys(['example_xcom']) retrieved from /home/azfarmustafa/airflow_tutorial/.venv/lib/python3.10/site-packages/airflow/example_dags/example_xcom.py
[2023-11-24T10:31:06.463+0800] {logging_mixin.py:154} INFO - [2023-11-24T10:31:06.463+0800] {dag.py:2941} INFO - Sync 1 DAGs
[2023-11-24T10:31:06.479+0800] {logging_mixin.py:154} INFO - [2023-11-24T10:31:06.479+0800] {dag.py:3722} INFO - Setting next_dagrun for example_xcom to 2021-01-01T00:00:00+00:00, run_after=2021-01-01T00:00:00+00:00
[2023-11-24T10:31:06.502+0800] {processor.py:179} INFO - Processing /home/azfarmustafa/airflow_tutorial/.venv/lib/python3.10/site-packages/airflow/example_dags/example_xcom.py took 0.068 seconds
[2023-11-24T10:31:50.586+0800] {processor.py:157} INFO - Started process (PID=59088) to work on /home/azfarmustafa/airflow_tutorial/.venv/lib/python3.10/site-packages/airflow/example_dags/example_xcom.py
[2023-11-24T10:31:50.591+0800] {processor.py:829} INFO - Processing file /home/azfarmustafa/airflow_tutorial/.venv/lib/python3.10/site-packages/airflow/example_dags/example_xcom.py for tasks to queue
[2023-11-24T10:31:50.592+0800] {logging_mixin.py:154} INFO - [2023-11-24T10:31:50.591+0800] {dagbag.py:536} INFO - Filling up the DagBag from /home/azfarmustafa/airflow_tutorial/.venv/lib/python3.10/site-packages/airflow/example_dags/example_xcom.py
[2023-11-24T10:31:50.598+0800] {processor.py:839} INFO - DAG(s) dict_keys(['example_xcom']) retrieved from /home/azfarmustafa/airflow_tutorial/.venv/lib/python3.10/site-packages/airflow/example_dags/example_xcom.py
[2023-11-24T10:31:50.615+0800] {logging_mixin.py:154} INFO - [2023-11-24T10:31:50.615+0800] {dag.py:2941} INFO - Sync 1 DAGs
[2023-11-24T10:31:50.636+0800] {logging_mixin.py:154} INFO - [2023-11-24T10:31:50.636+0800] {dag.py:3722} INFO - Setting next_dagrun for example_xcom to 2021-01-01T00:00:00+00:00, run_after=2021-01-01T00:00:00+00:00
[2023-11-24T10:31:50.661+0800] {processor.py:179} INFO - Processing /home/azfarmustafa/airflow_tutorial/.venv/lib/python3.10/site-packages/airflow/example_dags/example_xcom.py took 0.078 seconds
[2023-11-24T10:32:25.518+0800] {processor.py:157} INFO - Started process (PID=59122) to work on /home/azfarmustafa/airflow_tutorial/.venv/lib/python3.10/site-packages/airflow/example_dags/example_xcom.py
[2023-11-24T10:32:25.520+0800] {processor.py:829} INFO - Processing file /home/azfarmustafa/airflow_tutorial/.venv/lib/python3.10/site-packages/airflow/example_dags/example_xcom.py for tasks to queue
[2023-11-24T10:32:25.521+0800] {logging_mixin.py:154} INFO - [2023-11-24T10:32:25.520+0800] {dagbag.py:536} INFO - Filling up the DagBag from /home/azfarmustafa/airflow_tutorial/.venv/lib/python3.10/site-packages/airflow/example_dags/example_xcom.py
[2023-11-24T10:32:25.527+0800] {processor.py:839} INFO - DAG(s) dict_keys(['example_xcom']) retrieved from /home/azfarmustafa/airflow_tutorial/.venv/lib/python3.10/site-packages/airflow/example_dags/example_xcom.py
[2023-11-24T10:32:25.540+0800] {logging_mixin.py:154} INFO - [2023-11-24T10:32:25.540+0800] {dag.py:2941} INFO - Sync 1 DAGs
[2023-11-24T10:32:25.561+0800] {logging_mixin.py:154} INFO - [2023-11-24T10:32:25.561+0800] {dag.py:3722} INFO - Setting next_dagrun for example_xcom to 2021-01-01T00:00:00+00:00, run_after=2021-01-01T00:00:00+00:00
[2023-11-24T10:32:25.587+0800] {processor.py:179} INFO - Processing /home/azfarmustafa/airflow_tutorial/.venv/lib/python3.10/site-packages/airflow/example_dags/example_xcom.py took 0.071 seconds
[2023-11-24T10:32:59.918+0800] {processor.py:157} INFO - Started process (PID=59156) to work on /home/azfarmustafa/airflow_tutorial/.venv/lib/python3.10/site-packages/airflow/example_dags/example_xcom.py
[2023-11-24T10:32:59.923+0800] {processor.py:829} INFO - Processing file /home/azfarmustafa/airflow_tutorial/.venv/lib/python3.10/site-packages/airflow/example_dags/example_xcom.py for tasks to queue
[2023-11-24T10:32:59.924+0800] {logging_mixin.py:154} INFO - [2023-11-24T10:32:59.923+0800] {dagbag.py:536} INFO - Filling up the DagBag from /home/azfarmustafa/airflow_tutorial/.venv/lib/python3.10/site-packages/airflow/example_dags/example_xcom.py
[2023-11-24T10:32:59.931+0800] {processor.py:839} INFO - DAG(s) dict_keys(['example_xcom']) retrieved from /home/azfarmustafa/airflow_tutorial/.venv/lib/python3.10/site-packages/airflow/example_dags/example_xcom.py
[2023-11-24T10:32:59.948+0800] {logging_mixin.py:154} INFO - [2023-11-24T10:32:59.947+0800] {dag.py:2941} INFO - Sync 1 DAGs
[2023-11-24T10:32:59.966+0800] {logging_mixin.py:154} INFO - [2023-11-24T10:32:59.966+0800] {dag.py:3722} INFO - Setting next_dagrun for example_xcom to 2021-01-01T00:00:00+00:00, run_after=2021-01-01T00:00:00+00:00
[2023-11-24T10:33:00.024+0800] {processor.py:179} INFO - Processing /home/azfarmustafa/airflow_tutorial/.venv/lib/python3.10/site-packages/airflow/example_dags/example_xcom.py took 0.108 seconds
[2023-11-24T10:33:51.386+0800] {processor.py:157} INFO - Started process (PID=59206) to work on /home/azfarmustafa/airflow_tutorial/.venv/lib/python3.10/site-packages/airflow/example_dags/example_xcom.py
[2023-11-24T10:33:51.390+0800] {processor.py:829} INFO - Processing file /home/azfarmustafa/airflow_tutorial/.venv/lib/python3.10/site-packages/airflow/example_dags/example_xcom.py for tasks to queue
[2023-11-24T10:33:51.391+0800] {logging_mixin.py:154} INFO - [2023-11-24T10:33:51.390+0800] {dagbag.py:536} INFO - Filling up the DagBag from /home/azfarmustafa/airflow_tutorial/.venv/lib/python3.10/site-packages/airflow/example_dags/example_xcom.py
[2023-11-24T10:33:51.399+0800] {processor.py:839} INFO - DAG(s) dict_keys(['example_xcom']) retrieved from /home/azfarmustafa/airflow_tutorial/.venv/lib/python3.10/site-packages/airflow/example_dags/example_xcom.py
[2023-11-24T10:33:51.416+0800] {logging_mixin.py:154} INFO - [2023-11-24T10:33:51.416+0800] {dag.py:2941} INFO - Sync 1 DAGs
[2023-11-24T10:33:51.437+0800] {logging_mixin.py:154} INFO - [2023-11-24T10:33:51.436+0800] {dag.py:3722} INFO - Setting next_dagrun for example_xcom to 2021-01-01T00:00:00+00:00, run_after=2021-01-01T00:00:00+00:00
[2023-11-24T10:33:51.466+0800] {processor.py:179} INFO - Processing /home/azfarmustafa/airflow_tutorial/.venv/lib/python3.10/site-packages/airflow/example_dags/example_xcom.py took 0.083 seconds
[2023-11-24T10:34:25.291+0800] {processor.py:157} INFO - Started process (PID=59241) to work on /home/azfarmustafa/airflow_tutorial/.venv/lib/python3.10/site-packages/airflow/example_dags/example_xcom.py
[2023-11-24T10:34:25.293+0800] {processor.py:829} INFO - Processing file /home/azfarmustafa/airflow_tutorial/.venv/lib/python3.10/site-packages/airflow/example_dags/example_xcom.py for tasks to queue
[2023-11-24T10:34:25.294+0800] {logging_mixin.py:154} INFO - [2023-11-24T10:34:25.293+0800] {dagbag.py:536} INFO - Filling up the DagBag from /home/azfarmustafa/airflow_tutorial/.venv/lib/python3.10/site-packages/airflow/example_dags/example_xcom.py
[2023-11-24T10:34:25.300+0800] {processor.py:839} INFO - DAG(s) dict_keys(['example_xcom']) retrieved from /home/azfarmustafa/airflow_tutorial/.venv/lib/python3.10/site-packages/airflow/example_dags/example_xcom.py
[2023-11-24T10:34:25.314+0800] {logging_mixin.py:154} INFO - [2023-11-24T10:34:25.314+0800] {dag.py:2941} INFO - Sync 1 DAGs
[2023-11-24T10:34:25.332+0800] {logging_mixin.py:154} INFO - [2023-11-24T10:34:25.332+0800] {dag.py:3722} INFO - Setting next_dagrun for example_xcom to 2021-01-01T00:00:00+00:00, run_after=2021-01-01T00:00:00+00:00
[2023-11-24T10:34:25.357+0800] {processor.py:179} INFO - Processing /home/azfarmustafa/airflow_tutorial/.venv/lib/python3.10/site-packages/airflow/example_dags/example_xcom.py took 0.068 seconds
[2023-11-24T10:35:09.894+0800] {processor.py:157} INFO - Started process (PID=59292) to work on /home/azfarmustafa/airflow_tutorial/.venv/lib/python3.10/site-packages/airflow/example_dags/example_xcom.py
[2023-11-24T10:35:09.899+0800] {processor.py:829} INFO - Processing file /home/azfarmustafa/airflow_tutorial/.venv/lib/python3.10/site-packages/airflow/example_dags/example_xcom.py for tasks to queue
[2023-11-24T10:35:09.901+0800] {logging_mixin.py:154} INFO - [2023-11-24T10:35:09.900+0800] {dagbag.py:536} INFO - Filling up the DagBag from /home/azfarmustafa/airflow_tutorial/.venv/lib/python3.10/site-packages/airflow/example_dags/example_xcom.py
[2023-11-24T10:35:09.909+0800] {processor.py:839} INFO - DAG(s) dict_keys(['example_xcom']) retrieved from /home/azfarmustafa/airflow_tutorial/.venv/lib/python3.10/site-packages/airflow/example_dags/example_xcom.py
[2023-11-24T10:35:09.928+0800] {logging_mixin.py:154} INFO - [2023-11-24T10:35:09.928+0800] {dag.py:2941} INFO - Sync 1 DAGs
[2023-11-24T10:35:09.949+0800] {logging_mixin.py:154} INFO - [2023-11-24T10:35:09.949+0800] {dag.py:3722} INFO - Setting next_dagrun for example_xcom to 2021-01-01T00:00:00+00:00, run_after=2021-01-01T00:00:00+00:00
[2023-11-24T10:35:09.974+0800] {processor.py:179} INFO - Processing /home/azfarmustafa/airflow_tutorial/.venv/lib/python3.10/site-packages/airflow/example_dags/example_xcom.py took 0.083 seconds
[2023-11-24T10:35:52.753+0800] {processor.py:157} INFO - Started process (PID=59338) to work on /home/azfarmustafa/airflow_tutorial/.venv/lib/python3.10/site-packages/airflow/example_dags/example_xcom.py
[2023-11-24T10:35:52.755+0800] {processor.py:829} INFO - Processing file /home/azfarmustafa/airflow_tutorial/.venv/lib/python3.10/site-packages/airflow/example_dags/example_xcom.py for tasks to queue
[2023-11-24T10:35:52.756+0800] {logging_mixin.py:154} INFO - [2023-11-24T10:35:52.755+0800] {dagbag.py:536} INFO - Filling up the DagBag from /home/azfarmustafa/airflow_tutorial/.venv/lib/python3.10/site-packages/airflow/example_dags/example_xcom.py
[2023-11-24T10:35:52.764+0800] {processor.py:839} INFO - DAG(s) dict_keys(['example_xcom']) retrieved from /home/azfarmustafa/airflow_tutorial/.venv/lib/python3.10/site-packages/airflow/example_dags/example_xcom.py
[2023-11-24T10:35:52.779+0800] {logging_mixin.py:154} INFO - [2023-11-24T10:35:52.778+0800] {dag.py:2941} INFO - Sync 1 DAGs
[2023-11-24T10:35:52.796+0800] {logging_mixin.py:154} INFO - [2023-11-24T10:35:52.796+0800] {dag.py:3722} INFO - Setting next_dagrun for example_xcom to 2021-01-01T00:00:00+00:00, run_after=2021-01-01T00:00:00+00:00
[2023-11-24T10:35:52.819+0800] {processor.py:179} INFO - Processing /home/azfarmustafa/airflow_tutorial/.venv/lib/python3.10/site-packages/airflow/example_dags/example_xcom.py took 0.071 seconds
[2023-11-24T10:36:33.304+0800] {processor.py:157} INFO - Started process (PID=59381) to work on /home/azfarmustafa/airflow_tutorial/.venv/lib/python3.10/site-packages/airflow/example_dags/example_xcom.py
[2023-11-24T10:36:33.309+0800] {processor.py:829} INFO - Processing file /home/azfarmustafa/airflow_tutorial/.venv/lib/python3.10/site-packages/airflow/example_dags/example_xcom.py for tasks to queue
[2023-11-24T10:36:33.310+0800] {logging_mixin.py:154} INFO - [2023-11-24T10:36:33.309+0800] {dagbag.py:536} INFO - Filling up the DagBag from /home/azfarmustafa/airflow_tutorial/.venv/lib/python3.10/site-packages/airflow/example_dags/example_xcom.py
[2023-11-24T10:36:33.317+0800] {processor.py:839} INFO - DAG(s) dict_keys(['example_xcom']) retrieved from /home/azfarmustafa/airflow_tutorial/.venv/lib/python3.10/site-packages/airflow/example_dags/example_xcom.py
[2023-11-24T10:36:33.333+0800] {logging_mixin.py:154} INFO - [2023-11-24T10:36:33.332+0800] {dag.py:2941} INFO - Sync 1 DAGs
[2023-11-24T10:36:33.351+0800] {logging_mixin.py:154} INFO - [2023-11-24T10:36:33.350+0800] {dag.py:3722} INFO - Setting next_dagrun for example_xcom to 2021-01-01T00:00:00+00:00, run_after=2021-01-01T00:00:00+00:00
[2023-11-24T10:36:33.379+0800] {processor.py:179} INFO - Processing /home/azfarmustafa/airflow_tutorial/.venv/lib/python3.10/site-packages/airflow/example_dags/example_xcom.py took 0.078 seconds
[2023-11-24T10:37:20.412+0800] {processor.py:157} INFO - Started process (PID=59429) to work on /home/azfarmustafa/airflow_tutorial/.venv/lib/python3.10/site-packages/airflow/example_dags/example_xcom.py
[2023-11-24T10:37:20.416+0800] {processor.py:829} INFO - Processing file /home/azfarmustafa/airflow_tutorial/.venv/lib/python3.10/site-packages/airflow/example_dags/example_xcom.py for tasks to queue
[2023-11-24T10:37:20.418+0800] {logging_mixin.py:154} INFO - [2023-11-24T10:37:20.417+0800] {dagbag.py:536} INFO - Filling up the DagBag from /home/azfarmustafa/airflow_tutorial/.venv/lib/python3.10/site-packages/airflow/example_dags/example_xcom.py
[2023-11-24T10:37:20.425+0800] {processor.py:839} INFO - DAG(s) dict_keys(['example_xcom']) retrieved from /home/azfarmustafa/airflow_tutorial/.venv/lib/python3.10/site-packages/airflow/example_dags/example_xcom.py
[2023-11-24T10:37:20.443+0800] {logging_mixin.py:154} INFO - [2023-11-24T10:37:20.442+0800] {dag.py:2941} INFO - Sync 1 DAGs
[2023-11-24T10:37:20.464+0800] {logging_mixin.py:154} INFO - [2023-11-24T10:37:20.463+0800] {dag.py:3722} INFO - Setting next_dagrun for example_xcom to 2021-01-01T00:00:00+00:00, run_after=2021-01-01T00:00:00+00:00
[2023-11-24T10:37:20.492+0800] {processor.py:179} INFO - Processing /home/azfarmustafa/airflow_tutorial/.venv/lib/python3.10/site-packages/airflow/example_dags/example_xcom.py took 0.083 seconds
[2023-11-24T10:38:06.742+0800] {processor.py:157} INFO - Started process (PID=59476) to work on /home/azfarmustafa/airflow_tutorial/.venv/lib/python3.10/site-packages/airflow/example_dags/example_xcom.py
[2023-11-24T10:38:06.746+0800] {processor.py:829} INFO - Processing file /home/azfarmustafa/airflow_tutorial/.venv/lib/python3.10/site-packages/airflow/example_dags/example_xcom.py for tasks to queue
[2023-11-24T10:38:06.747+0800] {logging_mixin.py:154} INFO - [2023-11-24T10:38:06.747+0800] {dagbag.py:536} INFO - Filling up the DagBag from /home/azfarmustafa/airflow_tutorial/.venv/lib/python3.10/site-packages/airflow/example_dags/example_xcom.py
[2023-11-24T10:38:06.753+0800] {processor.py:839} INFO - DAG(s) dict_keys(['example_xcom']) retrieved from /home/azfarmustafa/airflow_tutorial/.venv/lib/python3.10/site-packages/airflow/example_dags/example_xcom.py
[2023-11-24T10:38:06.768+0800] {logging_mixin.py:154} INFO - [2023-11-24T10:38:06.768+0800] {dag.py:2941} INFO - Sync 1 DAGs
[2023-11-24T10:38:06.785+0800] {logging_mixin.py:154} INFO - [2023-11-24T10:38:06.784+0800] {dag.py:3722} INFO - Setting next_dagrun for example_xcom to 2021-01-01T00:00:00+00:00, run_after=2021-01-01T00:00:00+00:00
[2023-11-24T10:38:06.809+0800] {processor.py:179} INFO - Processing /home/azfarmustafa/airflow_tutorial/.venv/lib/python3.10/site-packages/airflow/example_dags/example_xcom.py took 0.069 seconds
[2023-11-24T10:38:55.589+0800] {processor.py:157} INFO - Started process (PID=59525) to work on /home/azfarmustafa/airflow_tutorial/.venv/lib/python3.10/site-packages/airflow/example_dags/example_xcom.py
[2023-11-24T10:38:55.591+0800] {processor.py:829} INFO - Processing file /home/azfarmustafa/airflow_tutorial/.venv/lib/python3.10/site-packages/airflow/example_dags/example_xcom.py for tasks to queue
[2023-11-24T10:38:55.591+0800] {logging_mixin.py:154} INFO - [2023-11-24T10:38:55.591+0800] {dagbag.py:536} INFO - Filling up the DagBag from /home/azfarmustafa/airflow_tutorial/.venv/lib/python3.10/site-packages/airflow/example_dags/example_xcom.py
[2023-11-24T10:38:55.598+0800] {processor.py:839} INFO - DAG(s) dict_keys(['example_xcom']) retrieved from /home/azfarmustafa/airflow_tutorial/.venv/lib/python3.10/site-packages/airflow/example_dags/example_xcom.py
[2023-11-24T10:38:55.612+0800] {logging_mixin.py:154} INFO - [2023-11-24T10:38:55.612+0800] {dag.py:2941} INFO - Sync 1 DAGs
[2023-11-24T10:38:55.629+0800] {logging_mixin.py:154} INFO - [2023-11-24T10:38:55.629+0800] {dag.py:3722} INFO - Setting next_dagrun for example_xcom to 2021-01-01T00:00:00+00:00, run_after=2021-01-01T00:00:00+00:00
[2023-11-24T10:38:55.688+0800] {processor.py:179} INFO - Processing /home/azfarmustafa/airflow_tutorial/.venv/lib/python3.10/site-packages/airflow/example_dags/example_xcom.py took 0.101 seconds
[2023-11-24T10:39:47.270+0800] {processor.py:157} INFO - Started process (PID=59575) to work on /home/azfarmustafa/airflow_tutorial/.venv/lib/python3.10/site-packages/airflow/example_dags/example_xcom.py
[2023-11-24T10:39:47.271+0800] {processor.py:829} INFO - Processing file /home/azfarmustafa/airflow_tutorial/.venv/lib/python3.10/site-packages/airflow/example_dags/example_xcom.py for tasks to queue
[2023-11-24T10:39:47.272+0800] {logging_mixin.py:154} INFO - [2023-11-24T10:39:47.272+0800] {dagbag.py:536} INFO - Filling up the DagBag from /home/azfarmustafa/airflow_tutorial/.venv/lib/python3.10/site-packages/airflow/example_dags/example_xcom.py
[2023-11-24T10:39:47.278+0800] {processor.py:839} INFO - DAG(s) dict_keys(['example_xcom']) retrieved from /home/azfarmustafa/airflow_tutorial/.venv/lib/python3.10/site-packages/airflow/example_dags/example_xcom.py
[2023-11-24T10:39:47.293+0800] {logging_mixin.py:154} INFO - [2023-11-24T10:39:47.292+0800] {dag.py:2941} INFO - Sync 1 DAGs
[2023-11-24T10:39:47.310+0800] {logging_mixin.py:154} INFO - [2023-11-24T10:39:47.310+0800] {dag.py:3722} INFO - Setting next_dagrun for example_xcom to 2021-01-01T00:00:00+00:00, run_after=2021-01-01T00:00:00+00:00
[2023-11-24T10:39:47.337+0800] {processor.py:179} INFO - Processing /home/azfarmustafa/airflow_tutorial/.venv/lib/python3.10/site-packages/airflow/example_dags/example_xcom.py took 0.071 seconds
[2023-11-24T10:40:31.660+0800] {processor.py:157} INFO - Started process (PID=59622) to work on /home/azfarmustafa/airflow_tutorial/.venv/lib/python3.10/site-packages/airflow/example_dags/example_xcom.py
[2023-11-24T10:40:31.665+0800] {processor.py:829} INFO - Processing file /home/azfarmustafa/airflow_tutorial/.venv/lib/python3.10/site-packages/airflow/example_dags/example_xcom.py for tasks to queue
[2023-11-24T10:40:31.665+0800] {logging_mixin.py:154} INFO - [2023-11-24T10:40:31.665+0800] {dagbag.py:536} INFO - Filling up the DagBag from /home/azfarmustafa/airflow_tutorial/.venv/lib/python3.10/site-packages/airflow/example_dags/example_xcom.py
[2023-11-24T10:40:31.673+0800] {processor.py:839} INFO - DAG(s) dict_keys(['example_xcom']) retrieved from /home/azfarmustafa/airflow_tutorial/.venv/lib/python3.10/site-packages/airflow/example_dags/example_xcom.py
[2023-11-24T10:40:31.687+0800] {logging_mixin.py:154} INFO - [2023-11-24T10:40:31.687+0800] {dag.py:2941} INFO - Sync 1 DAGs
[2023-11-24T10:40:31.704+0800] {logging_mixin.py:154} INFO - [2023-11-24T10:40:31.704+0800] {dag.py:3722} INFO - Setting next_dagrun for example_xcom to 2021-01-01T00:00:00+00:00, run_after=2021-01-01T00:00:00+00:00
[2023-11-24T10:40:31.727+0800] {processor.py:179} INFO - Processing /home/azfarmustafa/airflow_tutorial/.venv/lib/python3.10/site-packages/airflow/example_dags/example_xcom.py took 0.070 seconds
[2023-11-24T10:41:18.007+0800] {processor.py:157} INFO - Started process (PID=59674) to work on /home/azfarmustafa/airflow_tutorial/.venv/lib/python3.10/site-packages/airflow/example_dags/example_xcom.py
[2023-11-24T10:41:18.009+0800] {processor.py:829} INFO - Processing file /home/azfarmustafa/airflow_tutorial/.venv/lib/python3.10/site-packages/airflow/example_dags/example_xcom.py for tasks to queue
[2023-11-24T10:41:18.010+0800] {logging_mixin.py:154} INFO - [2023-11-24T10:41:18.010+0800] {dagbag.py:536} INFO - Filling up the DagBag from /home/azfarmustafa/airflow_tutorial/.venv/lib/python3.10/site-packages/airflow/example_dags/example_xcom.py
[2023-11-24T10:41:18.016+0800] {processor.py:839} INFO - DAG(s) dict_keys(['example_xcom']) retrieved from /home/azfarmustafa/airflow_tutorial/.venv/lib/python3.10/site-packages/airflow/example_dags/example_xcom.py
[2023-11-24T10:41:18.031+0800] {logging_mixin.py:154} INFO - [2023-11-24T10:41:18.030+0800] {dag.py:2941} INFO - Sync 1 DAGs
[2023-11-24T10:41:18.048+0800] {logging_mixin.py:154} INFO - [2023-11-24T10:41:18.048+0800] {dag.py:3722} INFO - Setting next_dagrun for example_xcom to 2021-01-01T00:00:00+00:00, run_after=2021-01-01T00:00:00+00:00
[2023-11-24T10:41:18.077+0800] {processor.py:179} INFO - Processing /home/azfarmustafa/airflow_tutorial/.venv/lib/python3.10/site-packages/airflow/example_dags/example_xcom.py took 0.073 seconds
[2023-11-24T10:41:52.692+0800] {processor.py:157} INFO - Started process (PID=59709) to work on /home/azfarmustafa/airflow_tutorial/.venv/lib/python3.10/site-packages/airflow/example_dags/example_xcom.py
[2023-11-24T10:41:52.693+0800] {processor.py:829} INFO - Processing file /home/azfarmustafa/airflow_tutorial/.venv/lib/python3.10/site-packages/airflow/example_dags/example_xcom.py for tasks to queue
[2023-11-24T10:41:52.693+0800] {logging_mixin.py:154} INFO - [2023-11-24T10:41:52.693+0800] {dagbag.py:536} INFO - Filling up the DagBag from /home/azfarmustafa/airflow_tutorial/.venv/lib/python3.10/site-packages/airflow/example_dags/example_xcom.py
[2023-11-24T10:41:52.700+0800] {processor.py:839} INFO - DAG(s) dict_keys(['example_xcom']) retrieved from /home/azfarmustafa/airflow_tutorial/.venv/lib/python3.10/site-packages/airflow/example_dags/example_xcom.py
[2023-11-24T10:41:52.718+0800] {logging_mixin.py:154} INFO - [2023-11-24T10:41:52.717+0800] {dag.py:2941} INFO - Sync 1 DAGs
[2023-11-24T10:41:52.735+0800] {logging_mixin.py:154} INFO - [2023-11-24T10:41:52.735+0800] {dag.py:3722} INFO - Setting next_dagrun for example_xcom to 2021-01-01T00:00:00+00:00, run_after=2021-01-01T00:00:00+00:00
[2023-11-24T10:41:52.759+0800] {processor.py:179} INFO - Processing /home/azfarmustafa/airflow_tutorial/.venv/lib/python3.10/site-packages/airflow/example_dags/example_xcom.py took 0.070 seconds
[2023-11-24T10:42:37.995+0800] {processor.py:157} INFO - Started process (PID=59755) to work on /home/azfarmustafa/airflow_tutorial/.venv/lib/python3.10/site-packages/airflow/example_dags/example_xcom.py
[2023-11-24T10:42:37.997+0800] {processor.py:829} INFO - Processing file /home/azfarmustafa/airflow_tutorial/.venv/lib/python3.10/site-packages/airflow/example_dags/example_xcom.py for tasks to queue
[2023-11-24T10:42:37.998+0800] {logging_mixin.py:154} INFO - [2023-11-24T10:42:37.998+0800] {dagbag.py:536} INFO - Filling up the DagBag from /home/azfarmustafa/airflow_tutorial/.venv/lib/python3.10/site-packages/airflow/example_dags/example_xcom.py
[2023-11-24T10:42:38.006+0800] {processor.py:839} INFO - DAG(s) dict_keys(['example_xcom']) retrieved from /home/azfarmustafa/airflow_tutorial/.venv/lib/python3.10/site-packages/airflow/example_dags/example_xcom.py
[2023-11-24T10:42:38.024+0800] {logging_mixin.py:154} INFO - [2023-11-24T10:42:38.024+0800] {dag.py:2941} INFO - Sync 1 DAGs
[2023-11-24T10:42:38.044+0800] {logging_mixin.py:154} INFO - [2023-11-24T10:42:38.044+0800] {dag.py:3722} INFO - Setting next_dagrun for example_xcom to 2021-01-01T00:00:00+00:00, run_after=2021-01-01T00:00:00+00:00
[2023-11-24T10:42:38.070+0800] {processor.py:179} INFO - Processing /home/azfarmustafa/airflow_tutorial/.venv/lib/python3.10/site-packages/airflow/example_dags/example_xcom.py took 0.078 seconds
[2023-11-24T10:43:26.193+0800] {processor.py:157} INFO - Started process (PID=59804) to work on /home/azfarmustafa/airflow_tutorial/.venv/lib/python3.10/site-packages/airflow/example_dags/example_xcom.py
[2023-11-24T10:43:26.197+0800] {processor.py:829} INFO - Processing file /home/azfarmustafa/airflow_tutorial/.venv/lib/python3.10/site-packages/airflow/example_dags/example_xcom.py for tasks to queue
[2023-11-24T10:43:26.198+0800] {logging_mixin.py:154} INFO - [2023-11-24T10:43:26.198+0800] {dagbag.py:536} INFO - Filling up the DagBag from /home/azfarmustafa/airflow_tutorial/.venv/lib/python3.10/site-packages/airflow/example_dags/example_xcom.py
[2023-11-24T10:43:26.204+0800] {processor.py:839} INFO - DAG(s) dict_keys(['example_xcom']) retrieved from /home/azfarmustafa/airflow_tutorial/.venv/lib/python3.10/site-packages/airflow/example_dags/example_xcom.py
[2023-11-24T10:43:26.220+0800] {logging_mixin.py:154} INFO - [2023-11-24T10:43:26.220+0800] {dag.py:2941} INFO - Sync 1 DAGs
[2023-11-24T10:43:26.243+0800] {logging_mixin.py:154} INFO - [2023-11-24T10:43:26.243+0800] {dag.py:3722} INFO - Setting next_dagrun for example_xcom to 2021-01-01T00:00:00+00:00, run_after=2021-01-01T00:00:00+00:00
[2023-11-24T10:43:26.270+0800] {processor.py:179} INFO - Processing /home/azfarmustafa/airflow_tutorial/.venv/lib/python3.10/site-packages/airflow/example_dags/example_xcom.py took 0.080 seconds
[2023-11-24T10:44:13.495+0800] {processor.py:157} INFO - Started process (PID=59852) to work on /home/azfarmustafa/airflow_tutorial/.venv/lib/python3.10/site-packages/airflow/example_dags/example_xcom.py
[2023-11-24T10:44:13.496+0800] {processor.py:829} INFO - Processing file /home/azfarmustafa/airflow_tutorial/.venv/lib/python3.10/site-packages/airflow/example_dags/example_xcom.py for tasks to queue
[2023-11-24T10:44:13.497+0800] {logging_mixin.py:154} INFO - [2023-11-24T10:44:13.496+0800] {dagbag.py:536} INFO - Filling up the DagBag from /home/azfarmustafa/airflow_tutorial/.venv/lib/python3.10/site-packages/airflow/example_dags/example_xcom.py
[2023-11-24T10:44:13.503+0800] {processor.py:839} INFO - DAG(s) dict_keys(['example_xcom']) retrieved from /home/azfarmustafa/airflow_tutorial/.venv/lib/python3.10/site-packages/airflow/example_dags/example_xcom.py
[2023-11-24T10:44:13.518+0800] {logging_mixin.py:154} INFO - [2023-11-24T10:44:13.517+0800] {dag.py:2941} INFO - Sync 1 DAGs
[2023-11-24T10:44:13.534+0800] {logging_mixin.py:154} INFO - [2023-11-24T10:44:13.534+0800] {dag.py:3722} INFO - Setting next_dagrun for example_xcom to 2021-01-01T00:00:00+00:00, run_after=2021-01-01T00:00:00+00:00
[2023-11-24T10:44:13.557+0800] {processor.py:179} INFO - Processing /home/azfarmustafa/airflow_tutorial/.venv/lib/python3.10/site-packages/airflow/example_dags/example_xcom.py took 0.064 seconds
[2023-11-24T10:45:01.823+0800] {processor.py:157} INFO - Started process (PID=59901) to work on /home/azfarmustafa/airflow_tutorial/.venv/lib/python3.10/site-packages/airflow/example_dags/example_xcom.py
[2023-11-24T10:45:01.827+0800] {processor.py:829} INFO - Processing file /home/azfarmustafa/airflow_tutorial/.venv/lib/python3.10/site-packages/airflow/example_dags/example_xcom.py for tasks to queue
[2023-11-24T10:45:01.828+0800] {logging_mixin.py:154} INFO - [2023-11-24T10:45:01.828+0800] {dagbag.py:536} INFO - Filling up the DagBag from /home/azfarmustafa/airflow_tutorial/.venv/lib/python3.10/site-packages/airflow/example_dags/example_xcom.py
[2023-11-24T10:45:01.834+0800] {processor.py:839} INFO - DAG(s) dict_keys(['example_xcom']) retrieved from /home/azfarmustafa/airflow_tutorial/.venv/lib/python3.10/site-packages/airflow/example_dags/example_xcom.py
[2023-11-24T10:45:01.849+0800] {logging_mixin.py:154} INFO - [2023-11-24T10:45:01.849+0800] {dag.py:2941} INFO - Sync 1 DAGs
[2023-11-24T10:45:01.866+0800] {logging_mixin.py:154} INFO - [2023-11-24T10:45:01.866+0800] {dag.py:3722} INFO - Setting next_dagrun for example_xcom to 2021-01-01T00:00:00+00:00, run_after=2021-01-01T00:00:00+00:00
[2023-11-24T10:45:01.889+0800] {processor.py:179} INFO - Processing /home/azfarmustafa/airflow_tutorial/.venv/lib/python3.10/site-packages/airflow/example_dags/example_xcom.py took 0.068 seconds
[2023-11-24T10:45:50.436+0800] {processor.py:157} INFO - Started process (PID=59949) to work on /home/azfarmustafa/airflow_tutorial/.venv/lib/python3.10/site-packages/airflow/example_dags/example_xcom.py
[2023-11-24T10:45:50.440+0800] {processor.py:829} INFO - Processing file /home/azfarmustafa/airflow_tutorial/.venv/lib/python3.10/site-packages/airflow/example_dags/example_xcom.py for tasks to queue
[2023-11-24T10:45:50.441+0800] {logging_mixin.py:154} INFO - [2023-11-24T10:45:50.441+0800] {dagbag.py:536} INFO - Filling up the DagBag from /home/azfarmustafa/airflow_tutorial/.venv/lib/python3.10/site-packages/airflow/example_dags/example_xcom.py
[2023-11-24T10:45:50.447+0800] {processor.py:839} INFO - DAG(s) dict_keys(['example_xcom']) retrieved from /home/azfarmustafa/airflow_tutorial/.venv/lib/python3.10/site-packages/airflow/example_dags/example_xcom.py
[2023-11-24T10:45:50.464+0800] {logging_mixin.py:154} INFO - [2023-11-24T10:45:50.463+0800] {dag.py:2941} INFO - Sync 1 DAGs
[2023-11-24T10:45:50.484+0800] {logging_mixin.py:154} INFO - [2023-11-24T10:45:50.484+0800] {dag.py:3722} INFO - Setting next_dagrun for example_xcom to 2021-01-01T00:00:00+00:00, run_after=2021-01-01T00:00:00+00:00
[2023-11-24T10:45:50.510+0800] {processor.py:179} INFO - Processing /home/azfarmustafa/airflow_tutorial/.venv/lib/python3.10/site-packages/airflow/example_dags/example_xcom.py took 0.078 seconds
[2023-11-24T10:46:34.420+0800] {processor.py:157} INFO - Started process (PID=59995) to work on /home/azfarmustafa/airflow_tutorial/.venv/lib/python3.10/site-packages/airflow/example_dags/example_xcom.py
[2023-11-24T10:46:34.422+0800] {processor.py:829} INFO - Processing file /home/azfarmustafa/airflow_tutorial/.venv/lib/python3.10/site-packages/airflow/example_dags/example_xcom.py for tasks to queue
[2023-11-24T10:46:34.423+0800] {logging_mixin.py:154} INFO - [2023-11-24T10:46:34.422+0800] {dagbag.py:536} INFO - Filling up the DagBag from /home/azfarmustafa/airflow_tutorial/.venv/lib/python3.10/site-packages/airflow/example_dags/example_xcom.py
[2023-11-24T10:46:34.429+0800] {processor.py:839} INFO - DAG(s) dict_keys(['example_xcom']) retrieved from /home/azfarmustafa/airflow_tutorial/.venv/lib/python3.10/site-packages/airflow/example_dags/example_xcom.py
[2023-11-24T10:46:34.443+0800] {logging_mixin.py:154} INFO - [2023-11-24T10:46:34.443+0800] {dag.py:2941} INFO - Sync 1 DAGs
[2023-11-24T10:46:34.461+0800] {logging_mixin.py:154} INFO - [2023-11-24T10:46:34.460+0800] {dag.py:3722} INFO - Setting next_dagrun for example_xcom to 2021-01-01T00:00:00+00:00, run_after=2021-01-01T00:00:00+00:00
[2023-11-24T10:46:34.484+0800] {processor.py:179} INFO - Processing /home/azfarmustafa/airflow_tutorial/.venv/lib/python3.10/site-packages/airflow/example_dags/example_xcom.py took 0.066 seconds
[2023-11-24T10:47:19.693+0800] {processor.py:157} INFO - Started process (PID=60048) to work on /home/azfarmustafa/airflow_tutorial/.venv/lib/python3.10/site-packages/airflow/example_dags/example_xcom.py
[2023-11-24T10:47:19.697+0800] {processor.py:829} INFO - Processing file /home/azfarmustafa/airflow_tutorial/.venv/lib/python3.10/site-packages/airflow/example_dags/example_xcom.py for tasks to queue
[2023-11-24T10:47:19.698+0800] {logging_mixin.py:154} INFO - [2023-11-24T10:47:19.698+0800] {dagbag.py:536} INFO - Filling up the DagBag from /home/azfarmustafa/airflow_tutorial/.venv/lib/python3.10/site-packages/airflow/example_dags/example_xcom.py
[2023-11-24T10:47:19.705+0800] {processor.py:839} INFO - DAG(s) dict_keys(['example_xcom']) retrieved from /home/azfarmustafa/airflow_tutorial/.venv/lib/python3.10/site-packages/airflow/example_dags/example_xcom.py
[2023-11-24T10:47:19.719+0800] {logging_mixin.py:154} INFO - [2023-11-24T10:47:19.719+0800] {dag.py:2941} INFO - Sync 1 DAGs
[2023-11-24T10:47:19.736+0800] {logging_mixin.py:154} INFO - [2023-11-24T10:47:19.736+0800] {dag.py:3722} INFO - Setting next_dagrun for example_xcom to 2021-01-01T00:00:00+00:00, run_after=2021-01-01T00:00:00+00:00
[2023-11-24T10:47:19.758+0800] {processor.py:179} INFO - Processing /home/azfarmustafa/airflow_tutorial/.venv/lib/python3.10/site-packages/airflow/example_dags/example_xcom.py took 0.067 seconds
[2023-11-24T10:48:04.478+0800] {processor.py:157} INFO - Started process (PID=60093) to work on /home/azfarmustafa/airflow_tutorial/.venv/lib/python3.10/site-packages/airflow/example_dags/example_xcom.py
[2023-11-24T10:48:04.482+0800] {processor.py:829} INFO - Processing file /home/azfarmustafa/airflow_tutorial/.venv/lib/python3.10/site-packages/airflow/example_dags/example_xcom.py for tasks to queue
[2023-11-24T10:48:04.483+0800] {logging_mixin.py:154} INFO - [2023-11-24T10:48:04.482+0800] {dagbag.py:536} INFO - Filling up the DagBag from /home/azfarmustafa/airflow_tutorial/.venv/lib/python3.10/site-packages/airflow/example_dags/example_xcom.py
[2023-11-24T10:48:04.489+0800] {processor.py:839} INFO - DAG(s) dict_keys(['example_xcom']) retrieved from /home/azfarmustafa/airflow_tutorial/.venv/lib/python3.10/site-packages/airflow/example_dags/example_xcom.py
[2023-11-24T10:48:04.503+0800] {logging_mixin.py:154} INFO - [2023-11-24T10:48:04.503+0800] {dag.py:2941} INFO - Sync 1 DAGs
[2023-11-24T10:48:04.521+0800] {logging_mixin.py:154} INFO - [2023-11-24T10:48:04.521+0800] {dag.py:3722} INFO - Setting next_dagrun for example_xcom to 2021-01-01T00:00:00+00:00, run_after=2021-01-01T00:00:00+00:00
[2023-11-24T10:48:04.549+0800] {processor.py:179} INFO - Processing /home/azfarmustafa/airflow_tutorial/.venv/lib/python3.10/site-packages/airflow/example_dags/example_xcom.py took 0.075 seconds
[2023-11-24T10:48:50.638+0800] {processor.py:157} INFO - Started process (PID=60140) to work on /home/azfarmustafa/airflow_tutorial/.venv/lib/python3.10/site-packages/airflow/example_dags/example_xcom.py
[2023-11-24T10:48:50.642+0800] {processor.py:829} INFO - Processing file /home/azfarmustafa/airflow_tutorial/.venv/lib/python3.10/site-packages/airflow/example_dags/example_xcom.py for tasks to queue
[2023-11-24T10:48:50.643+0800] {logging_mixin.py:154} INFO - [2023-11-24T10:48:50.643+0800] {dagbag.py:536} INFO - Filling up the DagBag from /home/azfarmustafa/airflow_tutorial/.venv/lib/python3.10/site-packages/airflow/example_dags/example_xcom.py
[2023-11-24T10:48:50.653+0800] {processor.py:839} INFO - DAG(s) dict_keys(['example_xcom']) retrieved from /home/azfarmustafa/airflow_tutorial/.venv/lib/python3.10/site-packages/airflow/example_dags/example_xcom.py
[2023-11-24T10:48:50.670+0800] {logging_mixin.py:154} INFO - [2023-11-24T10:48:50.670+0800] {dag.py:2941} INFO - Sync 1 DAGs
[2023-11-24T10:48:50.690+0800] {logging_mixin.py:154} INFO - [2023-11-24T10:48:50.689+0800] {dag.py:3722} INFO - Setting next_dagrun for example_xcom to 2021-01-01T00:00:00+00:00, run_after=2021-01-01T00:00:00+00:00
[2023-11-24T10:48:50.718+0800] {processor.py:179} INFO - Processing /home/azfarmustafa/airflow_tutorial/.venv/lib/python3.10/site-packages/airflow/example_dags/example_xcom.py took 0.083 seconds
[2023-11-24T10:49:24.965+0800] {processor.py:157} INFO - Started process (PID=60174) to work on /home/azfarmustafa/airflow_tutorial/.venv/lib/python3.10/site-packages/airflow/example_dags/example_xcom.py
[2023-11-24T10:49:24.966+0800] {processor.py:829} INFO - Processing file /home/azfarmustafa/airflow_tutorial/.venv/lib/python3.10/site-packages/airflow/example_dags/example_xcom.py for tasks to queue
[2023-11-24T10:49:24.967+0800] {logging_mixin.py:154} INFO - [2023-11-24T10:49:24.966+0800] {dagbag.py:536} INFO - Filling up the DagBag from /home/azfarmustafa/airflow_tutorial/.venv/lib/python3.10/site-packages/airflow/example_dags/example_xcom.py
[2023-11-24T10:49:24.973+0800] {processor.py:839} INFO - DAG(s) dict_keys(['example_xcom']) retrieved from /home/azfarmustafa/airflow_tutorial/.venv/lib/python3.10/site-packages/airflow/example_dags/example_xcom.py
[2023-11-24T10:49:24.991+0800] {logging_mixin.py:154} INFO - [2023-11-24T10:49:24.991+0800] {dag.py:2941} INFO - Sync 1 DAGs
[2023-11-24T10:49:25.013+0800] {logging_mixin.py:154} INFO - [2023-11-24T10:49:25.013+0800] {dag.py:3722} INFO - Setting next_dagrun for example_xcom to 2021-01-01T00:00:00+00:00, run_after=2021-01-01T00:00:00+00:00
[2023-11-24T10:49:25.041+0800] {processor.py:179} INFO - Processing /home/azfarmustafa/airflow_tutorial/.venv/lib/python3.10/site-packages/airflow/example_dags/example_xcom.py took 0.079 seconds
[2023-11-24T10:50:10.020+0800] {processor.py:157} INFO - Started process (PID=60221) to work on /home/azfarmustafa/airflow_tutorial/.venv/lib/python3.10/site-packages/airflow/example_dags/example_xcom.py
[2023-11-24T10:50:10.024+0800] {processor.py:829} INFO - Processing file /home/azfarmustafa/airflow_tutorial/.venv/lib/python3.10/site-packages/airflow/example_dags/example_xcom.py for tasks to queue
[2023-11-24T10:50:10.025+0800] {logging_mixin.py:154} INFO - [2023-11-24T10:50:10.025+0800] {dagbag.py:536} INFO - Filling up the DagBag from /home/azfarmustafa/airflow_tutorial/.venv/lib/python3.10/site-packages/airflow/example_dags/example_xcom.py
[2023-11-24T10:50:10.035+0800] {processor.py:839} INFO - DAG(s) dict_keys(['example_xcom']) retrieved from /home/azfarmustafa/airflow_tutorial/.venv/lib/python3.10/site-packages/airflow/example_dags/example_xcom.py
[2023-11-24T10:50:10.051+0800] {logging_mixin.py:154} INFO - [2023-11-24T10:50:10.051+0800] {dag.py:2941} INFO - Sync 1 DAGs
[2023-11-24T10:50:10.069+0800] {logging_mixin.py:154} INFO - [2023-11-24T10:50:10.068+0800] {dag.py:3722} INFO - Setting next_dagrun for example_xcom to 2021-01-01T00:00:00+00:00, run_after=2021-01-01T00:00:00+00:00
[2023-11-24T10:50:10.094+0800] {processor.py:179} INFO - Processing /home/azfarmustafa/airflow_tutorial/.venv/lib/python3.10/site-packages/airflow/example_dags/example_xcom.py took 0.076 seconds
[2023-11-24T10:50:56.605+0800] {processor.py:157} INFO - Started process (PID=60269) to work on /home/azfarmustafa/airflow_tutorial/.venv/lib/python3.10/site-packages/airflow/example_dags/example_xcom.py
[2023-11-24T10:50:56.609+0800] {processor.py:829} INFO - Processing file /home/azfarmustafa/airflow_tutorial/.venv/lib/python3.10/site-packages/airflow/example_dags/example_xcom.py for tasks to queue
[2023-11-24T10:50:56.610+0800] {logging_mixin.py:154} INFO - [2023-11-24T10:50:56.610+0800] {dagbag.py:536} INFO - Filling up the DagBag from /home/azfarmustafa/airflow_tutorial/.venv/lib/python3.10/site-packages/airflow/example_dags/example_xcom.py
[2023-11-24T10:50:56.617+0800] {processor.py:839} INFO - DAG(s) dict_keys(['example_xcom']) retrieved from /home/azfarmustafa/airflow_tutorial/.venv/lib/python3.10/site-packages/airflow/example_dags/example_xcom.py
[2023-11-24T10:50:56.632+0800] {logging_mixin.py:154} INFO - [2023-11-24T10:50:56.632+0800] {dag.py:2941} INFO - Sync 1 DAGs
[2023-11-24T10:50:56.653+0800] {logging_mixin.py:154} INFO - [2023-11-24T10:50:56.652+0800] {dag.py:3722} INFO - Setting next_dagrun for example_xcom to 2021-01-01T00:00:00+00:00, run_after=2021-01-01T00:00:00+00:00
[2023-11-24T10:50:56.683+0800] {processor.py:179} INFO - Processing /home/azfarmustafa/airflow_tutorial/.venv/lib/python3.10/site-packages/airflow/example_dags/example_xcom.py took 0.081 seconds
[2023-11-24T10:51:43.438+0800] {processor.py:157} INFO - Started process (PID=60317) to work on /home/azfarmustafa/airflow_tutorial/.venv/lib/python3.10/site-packages/airflow/example_dags/example_xcom.py
[2023-11-24T10:51:43.442+0800] {processor.py:829} INFO - Processing file /home/azfarmustafa/airflow_tutorial/.venv/lib/python3.10/site-packages/airflow/example_dags/example_xcom.py for tasks to queue
[2023-11-24T10:51:43.443+0800] {logging_mixin.py:154} INFO - [2023-11-24T10:51:43.443+0800] {dagbag.py:536} INFO - Filling up the DagBag from /home/azfarmustafa/airflow_tutorial/.venv/lib/python3.10/site-packages/airflow/example_dags/example_xcom.py
[2023-11-24T10:51:43.451+0800] {processor.py:839} INFO - DAG(s) dict_keys(['example_xcom']) retrieved from /home/azfarmustafa/airflow_tutorial/.venv/lib/python3.10/site-packages/airflow/example_dags/example_xcom.py
[2023-11-24T10:51:43.471+0800] {logging_mixin.py:154} INFO - [2023-11-24T10:51:43.470+0800] {dag.py:2941} INFO - Sync 1 DAGs
[2023-11-24T10:51:43.490+0800] {logging_mixin.py:154} INFO - [2023-11-24T10:51:43.489+0800] {dag.py:3722} INFO - Setting next_dagrun for example_xcom to 2021-01-01T00:00:00+00:00, run_after=2021-01-01T00:00:00+00:00
[2023-11-24T10:51:43.539+0800] {processor.py:179} INFO - Processing /home/azfarmustafa/airflow_tutorial/.venv/lib/python3.10/site-packages/airflow/example_dags/example_xcom.py took 0.105 seconds
[2023-11-24T10:52:31.733+0800] {processor.py:157} INFO - Started process (PID=60365) to work on /home/azfarmustafa/airflow_tutorial/.venv/lib/python3.10/site-packages/airflow/example_dags/example_xcom.py
[2023-11-24T10:52:31.735+0800] {processor.py:829} INFO - Processing file /home/azfarmustafa/airflow_tutorial/.venv/lib/python3.10/site-packages/airflow/example_dags/example_xcom.py for tasks to queue
[2023-11-24T10:52:31.736+0800] {logging_mixin.py:154} INFO - [2023-11-24T10:52:31.735+0800] {dagbag.py:536} INFO - Filling up the DagBag from /home/azfarmustafa/airflow_tutorial/.venv/lib/python3.10/site-packages/airflow/example_dags/example_xcom.py
[2023-11-24T10:52:31.742+0800] {processor.py:839} INFO - DAG(s) dict_keys(['example_xcom']) retrieved from /home/azfarmustafa/airflow_tutorial/.venv/lib/python3.10/site-packages/airflow/example_dags/example_xcom.py
[2023-11-24T10:52:31.759+0800] {logging_mixin.py:154} INFO - [2023-11-24T10:52:31.759+0800] {dag.py:2941} INFO - Sync 1 DAGs
[2023-11-24T10:52:31.777+0800] {logging_mixin.py:154} INFO - [2023-11-24T10:52:31.776+0800] {dag.py:3722} INFO - Setting next_dagrun for example_xcom to 2021-01-01T00:00:00+00:00, run_after=2021-01-01T00:00:00+00:00
[2023-11-24T10:52:31.799+0800] {processor.py:179} INFO - Processing /home/azfarmustafa/airflow_tutorial/.venv/lib/python3.10/site-packages/airflow/example_dags/example_xcom.py took 0.069 seconds
[2023-11-24T10:53:06.755+0800] {processor.py:157} INFO - Started process (PID=60399) to work on /home/azfarmustafa/airflow_tutorial/.venv/lib/python3.10/site-packages/airflow/example_dags/example_xcom.py
[2023-11-24T10:53:06.759+0800] {processor.py:829} INFO - Processing file /home/azfarmustafa/airflow_tutorial/.venv/lib/python3.10/site-packages/airflow/example_dags/example_xcom.py for tasks to queue
[2023-11-24T10:53:06.760+0800] {logging_mixin.py:154} INFO - [2023-11-24T10:53:06.759+0800] {dagbag.py:536} INFO - Filling up the DagBag from /home/azfarmustafa/airflow_tutorial/.venv/lib/python3.10/site-packages/airflow/example_dags/example_xcom.py
[2023-11-24T10:53:06.768+0800] {processor.py:839} INFO - DAG(s) dict_keys(['example_xcom']) retrieved from /home/azfarmustafa/airflow_tutorial/.venv/lib/python3.10/site-packages/airflow/example_dags/example_xcom.py
[2023-11-24T10:53:06.784+0800] {logging_mixin.py:154} INFO - [2023-11-24T10:53:06.784+0800] {dag.py:2941} INFO - Sync 1 DAGs
[2023-11-24T10:53:06.803+0800] {logging_mixin.py:154} INFO - [2023-11-24T10:53:06.803+0800] {dag.py:3722} INFO - Setting next_dagrun for example_xcom to 2021-01-01T00:00:00+00:00, run_after=2021-01-01T00:00:00+00:00
[2023-11-24T10:53:06.828+0800] {processor.py:179} INFO - Processing /home/azfarmustafa/airflow_tutorial/.venv/lib/python3.10/site-packages/airflow/example_dags/example_xcom.py took 0.076 seconds
[2023-11-24T10:53:51.854+0800] {processor.py:157} INFO - Started process (PID=60452) to work on /home/azfarmustafa/airflow_tutorial/.venv/lib/python3.10/site-packages/airflow/example_dags/example_xcom.py
[2023-11-24T10:53:51.856+0800] {processor.py:829} INFO - Processing file /home/azfarmustafa/airflow_tutorial/.venv/lib/python3.10/site-packages/airflow/example_dags/example_xcom.py for tasks to queue
[2023-11-24T10:53:51.858+0800] {logging_mixin.py:154} INFO - [2023-11-24T10:53:51.857+0800] {dagbag.py:536} INFO - Filling up the DagBag from /home/azfarmustafa/airflow_tutorial/.venv/lib/python3.10/site-packages/airflow/example_dags/example_xcom.py
[2023-11-24T10:53:51.866+0800] {processor.py:839} INFO - DAG(s) dict_keys(['example_xcom']) retrieved from /home/azfarmustafa/airflow_tutorial/.venv/lib/python3.10/site-packages/airflow/example_dags/example_xcom.py
[2023-11-24T10:53:51.883+0800] {logging_mixin.py:154} INFO - [2023-11-24T10:53:51.882+0800] {dag.py:2941} INFO - Sync 1 DAGs
[2023-11-24T10:53:51.906+0800] {logging_mixin.py:154} INFO - [2023-11-24T10:53:51.906+0800] {dag.py:3722} INFO - Setting next_dagrun for example_xcom to 2021-01-01T00:00:00+00:00, run_after=2021-01-01T00:00:00+00:00
[2023-11-24T10:53:51.935+0800] {processor.py:179} INFO - Processing /home/azfarmustafa/airflow_tutorial/.venv/lib/python3.10/site-packages/airflow/example_dags/example_xcom.py took 0.084 seconds
[2023-11-24T10:54:25.737+0800] {processor.py:157} INFO - Started process (PID=60486) to work on /home/azfarmustafa/airflow_tutorial/.venv/lib/python3.10/site-packages/airflow/example_dags/example_xcom.py
[2023-11-24T10:54:25.739+0800] {processor.py:829} INFO - Processing file /home/azfarmustafa/airflow_tutorial/.venv/lib/python3.10/site-packages/airflow/example_dags/example_xcom.py for tasks to queue
[2023-11-24T10:54:25.740+0800] {logging_mixin.py:154} INFO - [2023-11-24T10:54:25.739+0800] {dagbag.py:536} INFO - Filling up the DagBag from /home/azfarmustafa/airflow_tutorial/.venv/lib/python3.10/site-packages/airflow/example_dags/example_xcom.py
[2023-11-24T10:54:25.747+0800] {processor.py:839} INFO - DAG(s) dict_keys(['example_xcom']) retrieved from /home/azfarmustafa/airflow_tutorial/.venv/lib/python3.10/site-packages/airflow/example_dags/example_xcom.py
[2023-11-24T10:54:25.762+0800] {logging_mixin.py:154} INFO - [2023-11-24T10:54:25.761+0800] {dag.py:2941} INFO - Sync 1 DAGs
[2023-11-24T10:54:25.780+0800] {logging_mixin.py:154} INFO - [2023-11-24T10:54:25.779+0800] {dag.py:3722} INFO - Setting next_dagrun for example_xcom to 2021-01-01T00:00:00+00:00, run_after=2021-01-01T00:00:00+00:00
[2023-11-24T10:54:25.802+0800] {processor.py:179} INFO - Processing /home/azfarmustafa/airflow_tutorial/.venv/lib/python3.10/site-packages/airflow/example_dags/example_xcom.py took 0.068 seconds
[2023-11-24T10:55:13.006+0800] {processor.py:157} INFO - Started process (PID=60534) to work on /home/azfarmustafa/airflow_tutorial/.venv/lib/python3.10/site-packages/airflow/example_dags/example_xcom.py
[2023-11-24T10:55:13.008+0800] {processor.py:829} INFO - Processing file /home/azfarmustafa/airflow_tutorial/.venv/lib/python3.10/site-packages/airflow/example_dags/example_xcom.py for tasks to queue
[2023-11-24T10:55:13.009+0800] {logging_mixin.py:154} INFO - [2023-11-24T10:55:13.009+0800] {dagbag.py:536} INFO - Filling up the DagBag from /home/azfarmustafa/airflow_tutorial/.venv/lib/python3.10/site-packages/airflow/example_dags/example_xcom.py
[2023-11-24T10:55:13.016+0800] {processor.py:839} INFO - DAG(s) dict_keys(['example_xcom']) retrieved from /home/azfarmustafa/airflow_tutorial/.venv/lib/python3.10/site-packages/airflow/example_dags/example_xcom.py
[2023-11-24T10:55:13.031+0800] {logging_mixin.py:154} INFO - [2023-11-24T10:55:13.031+0800] {dag.py:2941} INFO - Sync 1 DAGs
[2023-11-24T10:55:13.049+0800] {logging_mixin.py:154} INFO - [2023-11-24T10:55:13.049+0800] {dag.py:3722} INFO - Setting next_dagrun for example_xcom to 2021-01-01T00:00:00+00:00, run_after=2021-01-01T00:00:00+00:00
[2023-11-24T10:55:13.076+0800] {processor.py:179} INFO - Processing /home/azfarmustafa/airflow_tutorial/.venv/lib/python3.10/site-packages/airflow/example_dags/example_xcom.py took 0.072 seconds
[2023-11-24T10:55:58.057+0800] {processor.py:157} INFO - Started process (PID=60579) to work on /home/azfarmustafa/airflow_tutorial/.venv/lib/python3.10/site-packages/airflow/example_dags/example_xcom.py
[2023-11-24T10:55:58.059+0800] {processor.py:829} INFO - Processing file /home/azfarmustafa/airflow_tutorial/.venv/lib/python3.10/site-packages/airflow/example_dags/example_xcom.py for tasks to queue
[2023-11-24T10:55:58.060+0800] {logging_mixin.py:154} INFO - [2023-11-24T10:55:58.059+0800] {dagbag.py:536} INFO - Filling up the DagBag from /home/azfarmustafa/airflow_tutorial/.venv/lib/python3.10/site-packages/airflow/example_dags/example_xcom.py
[2023-11-24T10:55:58.069+0800] {processor.py:839} INFO - DAG(s) dict_keys(['example_xcom']) retrieved from /home/azfarmustafa/airflow_tutorial/.venv/lib/python3.10/site-packages/airflow/example_dags/example_xcom.py
[2023-11-24T10:55:58.086+0800] {logging_mixin.py:154} INFO - [2023-11-24T10:55:58.086+0800] {dag.py:2941} INFO - Sync 1 DAGs
[2023-11-24T10:55:58.104+0800] {logging_mixin.py:154} INFO - [2023-11-24T10:55:58.104+0800] {dag.py:3722} INFO - Setting next_dagrun for example_xcom to 2021-01-01T00:00:00+00:00, run_after=2021-01-01T00:00:00+00:00
[2023-11-24T10:55:58.129+0800] {processor.py:179} INFO - Processing /home/azfarmustafa/airflow_tutorial/.venv/lib/python3.10/site-packages/airflow/example_dags/example_xcom.py took 0.075 seconds
[2023-11-24T10:56:40.896+0800] {processor.py:157} INFO - Started process (PID=60625) to work on /home/azfarmustafa/airflow_tutorial/.venv/lib/python3.10/site-packages/airflow/example_dags/example_xcom.py
[2023-11-24T10:56:40.901+0800] {processor.py:829} INFO - Processing file /home/azfarmustafa/airflow_tutorial/.venv/lib/python3.10/site-packages/airflow/example_dags/example_xcom.py for tasks to queue
[2023-11-24T10:56:40.901+0800] {logging_mixin.py:154} INFO - [2023-11-24T10:56:40.901+0800] {dagbag.py:536} INFO - Filling up the DagBag from /home/azfarmustafa/airflow_tutorial/.venv/lib/python3.10/site-packages/airflow/example_dags/example_xcom.py
[2023-11-24T10:56:40.908+0800] {processor.py:839} INFO - DAG(s) dict_keys(['example_xcom']) retrieved from /home/azfarmustafa/airflow_tutorial/.venv/lib/python3.10/site-packages/airflow/example_dags/example_xcom.py
[2023-11-24T10:56:40.923+0800] {logging_mixin.py:154} INFO - [2023-11-24T10:56:40.922+0800] {dag.py:2941} INFO - Sync 1 DAGs
[2023-11-24T10:56:40.943+0800] {logging_mixin.py:154} INFO - [2023-11-24T10:56:40.942+0800] {dag.py:3722} INFO - Setting next_dagrun for example_xcom to 2021-01-01T00:00:00+00:00, run_after=2021-01-01T00:00:00+00:00
[2023-11-24T10:56:40.968+0800] {processor.py:179} INFO - Processing /home/azfarmustafa/airflow_tutorial/.venv/lib/python3.10/site-packages/airflow/example_dags/example_xcom.py took 0.074 seconds
[2023-11-24T10:57:24.439+0800] {processor.py:157} INFO - Started process (PID=60669) to work on /home/azfarmustafa/airflow_tutorial/.venv/lib/python3.10/site-packages/airflow/example_dags/example_xcom.py
[2023-11-24T10:57:24.444+0800] {processor.py:829} INFO - Processing file /home/azfarmustafa/airflow_tutorial/.venv/lib/python3.10/site-packages/airflow/example_dags/example_xcom.py for tasks to queue
[2023-11-24T10:57:24.444+0800] {logging_mixin.py:154} INFO - [2023-11-24T10:57:24.444+0800] {dagbag.py:536} INFO - Filling up the DagBag from /home/azfarmustafa/airflow_tutorial/.venv/lib/python3.10/site-packages/airflow/example_dags/example_xcom.py
[2023-11-24T10:57:24.451+0800] {processor.py:839} INFO - DAG(s) dict_keys(['example_xcom']) retrieved from /home/azfarmustafa/airflow_tutorial/.venv/lib/python3.10/site-packages/airflow/example_dags/example_xcom.py
[2023-11-24T10:57:24.465+0800] {logging_mixin.py:154} INFO - [2023-11-24T10:57:24.464+0800] {dag.py:2941} INFO - Sync 1 DAGs
[2023-11-24T10:57:24.481+0800] {logging_mixin.py:154} INFO - [2023-11-24T10:57:24.481+0800] {dag.py:3722} INFO - Setting next_dagrun for example_xcom to 2021-01-01T00:00:00+00:00, run_after=2021-01-01T00:00:00+00:00
[2023-11-24T10:57:24.506+0800] {processor.py:179} INFO - Processing /home/azfarmustafa/airflow_tutorial/.venv/lib/python3.10/site-packages/airflow/example_dags/example_xcom.py took 0.070 seconds
[2023-11-24T10:58:06.744+0800] {processor.py:157} INFO - Started process (PID=60713) to work on /home/azfarmustafa/airflow_tutorial/.venv/lib/python3.10/site-packages/airflow/example_dags/example_xcom.py
[2023-11-24T10:58:06.749+0800] {processor.py:829} INFO - Processing file /home/azfarmustafa/airflow_tutorial/.venv/lib/python3.10/site-packages/airflow/example_dags/example_xcom.py for tasks to queue
[2023-11-24T10:58:06.749+0800] {logging_mixin.py:154} INFO - [2023-11-24T10:58:06.749+0800] {dagbag.py:536} INFO - Filling up the DagBag from /home/azfarmustafa/airflow_tutorial/.venv/lib/python3.10/site-packages/airflow/example_dags/example_xcom.py
[2023-11-24T10:58:06.757+0800] {processor.py:839} INFO - DAG(s) dict_keys(['example_xcom']) retrieved from /home/azfarmustafa/airflow_tutorial/.venv/lib/python3.10/site-packages/airflow/example_dags/example_xcom.py
[2023-11-24T10:58:06.771+0800] {logging_mixin.py:154} INFO - [2023-11-24T10:58:06.771+0800] {dag.py:2941} INFO - Sync 1 DAGs
[2023-11-24T10:58:06.789+0800] {logging_mixin.py:154} INFO - [2023-11-24T10:58:06.789+0800] {dag.py:3722} INFO - Setting next_dagrun for example_xcom to 2021-01-01T00:00:00+00:00, run_after=2021-01-01T00:00:00+00:00
[2023-11-24T10:58:06.816+0800] {processor.py:179} INFO - Processing /home/azfarmustafa/airflow_tutorial/.venv/lib/python3.10/site-packages/airflow/example_dags/example_xcom.py took 0.075 seconds
[2023-11-24T10:58:40.807+0800] {processor.py:157} INFO - Started process (PID=60748) to work on /home/azfarmustafa/airflow_tutorial/.venv/lib/python3.10/site-packages/airflow/example_dags/example_xcom.py
[2023-11-24T10:58:40.808+0800] {processor.py:829} INFO - Processing file /home/azfarmustafa/airflow_tutorial/.venv/lib/python3.10/site-packages/airflow/example_dags/example_xcom.py for tasks to queue
[2023-11-24T10:58:40.809+0800] {logging_mixin.py:154} INFO - [2023-11-24T10:58:40.808+0800] {dagbag.py:536} INFO - Filling up the DagBag from /home/azfarmustafa/airflow_tutorial/.venv/lib/python3.10/site-packages/airflow/example_dags/example_xcom.py
[2023-11-24T10:58:40.815+0800] {processor.py:839} INFO - DAG(s) dict_keys(['example_xcom']) retrieved from /home/azfarmustafa/airflow_tutorial/.venv/lib/python3.10/site-packages/airflow/example_dags/example_xcom.py
[2023-11-24T10:58:40.830+0800] {logging_mixin.py:154} INFO - [2023-11-24T10:58:40.830+0800] {dag.py:2941} INFO - Sync 1 DAGs
[2023-11-24T10:58:40.849+0800] {logging_mixin.py:154} INFO - [2023-11-24T10:58:40.848+0800] {dag.py:3722} INFO - Setting next_dagrun for example_xcom to 2021-01-01T00:00:00+00:00, run_after=2021-01-01T00:00:00+00:00
[2023-11-24T10:58:40.873+0800] {processor.py:179} INFO - Processing /home/azfarmustafa/airflow_tutorial/.venv/lib/python3.10/site-packages/airflow/example_dags/example_xcom.py took 0.068 seconds
[2023-11-24T10:59:27.920+0800] {processor.py:157} INFO - Started process (PID=60802) to work on /home/azfarmustafa/airflow_tutorial/.venv/lib/python3.10/site-packages/airflow/example_dags/example_xcom.py
[2023-11-24T10:59:27.925+0800] {processor.py:829} INFO - Processing file /home/azfarmustafa/airflow_tutorial/.venv/lib/python3.10/site-packages/airflow/example_dags/example_xcom.py for tasks to queue
[2023-11-24T10:59:27.926+0800] {logging_mixin.py:154} INFO - [2023-11-24T10:59:27.925+0800] {dagbag.py:536} INFO - Filling up the DagBag from /home/azfarmustafa/airflow_tutorial/.venv/lib/python3.10/site-packages/airflow/example_dags/example_xcom.py
[2023-11-24T10:59:27.932+0800] {processor.py:839} INFO - DAG(s) dict_keys(['example_xcom']) retrieved from /home/azfarmustafa/airflow_tutorial/.venv/lib/python3.10/site-packages/airflow/example_dags/example_xcom.py
[2023-11-24T10:59:27.948+0800] {logging_mixin.py:154} INFO - [2023-11-24T10:59:27.948+0800] {dag.py:2941} INFO - Sync 1 DAGs
[2023-11-24T10:59:27.968+0800] {logging_mixin.py:154} INFO - [2023-11-24T10:59:27.967+0800] {dag.py:3722} INFO - Setting next_dagrun for example_xcom to 2021-01-01T00:00:00+00:00, run_after=2021-01-01T00:00:00+00:00
[2023-11-24T10:59:28.000+0800] {processor.py:179} INFO - Processing /home/azfarmustafa/airflow_tutorial/.venv/lib/python3.10/site-packages/airflow/example_dags/example_xcom.py took 0.083 seconds
[2023-11-24T11:00:13.667+0800] {processor.py:157} INFO - Started process (PID=60849) to work on /home/azfarmustafa/airflow_tutorial/.venv/lib/python3.10/site-packages/airflow/example_dags/example_xcom.py
[2023-11-24T11:00:13.669+0800] {processor.py:829} INFO - Processing file /home/azfarmustafa/airflow_tutorial/.venv/lib/python3.10/site-packages/airflow/example_dags/example_xcom.py for tasks to queue
[2023-11-24T11:00:13.670+0800] {logging_mixin.py:154} INFO - [2023-11-24T11:00:13.669+0800] {dagbag.py:536} INFO - Filling up the DagBag from /home/azfarmustafa/airflow_tutorial/.venv/lib/python3.10/site-packages/airflow/example_dags/example_xcom.py
[2023-11-24T11:00:13.676+0800] {processor.py:839} INFO - DAG(s) dict_keys(['example_xcom']) retrieved from /home/azfarmustafa/airflow_tutorial/.venv/lib/python3.10/site-packages/airflow/example_dags/example_xcom.py
[2023-11-24T11:00:13.692+0800] {logging_mixin.py:154} INFO - [2023-11-24T11:00:13.692+0800] {dag.py:2941} INFO - Sync 1 DAGs
[2023-11-24T11:00:13.709+0800] {logging_mixin.py:154} INFO - [2023-11-24T11:00:13.709+0800] {dag.py:3722} INFO - Setting next_dagrun for example_xcom to 2021-01-01T00:00:00+00:00, run_after=2021-01-01T00:00:00+00:00
[2023-11-24T11:00:13.732+0800] {processor.py:179} INFO - Processing /home/azfarmustafa/airflow_tutorial/.venv/lib/python3.10/site-packages/airflow/example_dags/example_xcom.py took 0.067 seconds
[2023-11-24T11:00:55.172+0800] {processor.py:157} INFO - Started process (PID=60893) to work on /home/azfarmustafa/airflow_tutorial/.venv/lib/python3.10/site-packages/airflow/example_dags/example_xcom.py
[2023-11-24T11:00:55.173+0800] {processor.py:829} INFO - Processing file /home/azfarmustafa/airflow_tutorial/.venv/lib/python3.10/site-packages/airflow/example_dags/example_xcom.py for tasks to queue
[2023-11-24T11:00:55.175+0800] {logging_mixin.py:154} INFO - [2023-11-24T11:00:55.174+0800] {dagbag.py:536} INFO - Filling up the DagBag from /home/azfarmustafa/airflow_tutorial/.venv/lib/python3.10/site-packages/airflow/example_dags/example_xcom.py
[2023-11-24T11:00:55.184+0800] {processor.py:839} INFO - DAG(s) dict_keys(['example_xcom']) retrieved from /home/azfarmustafa/airflow_tutorial/.venv/lib/python3.10/site-packages/airflow/example_dags/example_xcom.py
[2023-11-24T11:00:55.205+0800] {logging_mixin.py:154} INFO - [2023-11-24T11:00:55.204+0800] {dag.py:2941} INFO - Sync 1 DAGs
[2023-11-24T11:00:55.229+0800] {logging_mixin.py:154} INFO - [2023-11-24T11:00:55.229+0800] {dag.py:3722} INFO - Setting next_dagrun for example_xcom to 2021-01-01T00:00:00+00:00, run_after=2021-01-01T00:00:00+00:00
[2023-11-24T11:00:55.265+0800] {processor.py:179} INFO - Processing /home/azfarmustafa/airflow_tutorial/.venv/lib/python3.10/site-packages/airflow/example_dags/example_xcom.py took 0.097 seconds
[2023-11-24T11:01:32.031+0800] {processor.py:157} INFO - Started process (PID=60931) to work on /home/azfarmustafa/airflow_tutorial/.venv/lib/python3.10/site-packages/airflow/example_dags/example_xcom.py
[2023-11-24T11:01:32.032+0800] {processor.py:829} INFO - Processing file /home/azfarmustafa/airflow_tutorial/.venv/lib/python3.10/site-packages/airflow/example_dags/example_xcom.py for tasks to queue
[2023-11-24T11:01:32.033+0800] {logging_mixin.py:154} INFO - [2023-11-24T11:01:32.033+0800] {dagbag.py:536} INFO - Filling up the DagBag from /home/azfarmustafa/airflow_tutorial/.venv/lib/python3.10/site-packages/airflow/example_dags/example_xcom.py
[2023-11-24T11:01:32.039+0800] {processor.py:839} INFO - DAG(s) dict_keys(['example_xcom']) retrieved from /home/azfarmustafa/airflow_tutorial/.venv/lib/python3.10/site-packages/airflow/example_dags/example_xcom.py
[2023-11-24T11:01:32.055+0800] {logging_mixin.py:154} INFO - [2023-11-24T11:01:32.055+0800] {dag.py:2941} INFO - Sync 1 DAGs
[2023-11-24T11:01:32.073+0800] {logging_mixin.py:154} INFO - [2023-11-24T11:01:32.072+0800] {dag.py:3722} INFO - Setting next_dagrun for example_xcom to 2021-01-01T00:00:00+00:00, run_after=2021-01-01T00:00:00+00:00
[2023-11-24T11:01:32.095+0800] {processor.py:179} INFO - Processing /home/azfarmustafa/airflow_tutorial/.venv/lib/python3.10/site-packages/airflow/example_dags/example_xcom.py took 0.066 seconds
[2023-11-24T11:02:19.121+0800] {processor.py:157} INFO - Started process (PID=60978) to work on /home/azfarmustafa/airflow_tutorial/.venv/lib/python3.10/site-packages/airflow/example_dags/example_xcom.py
[2023-11-24T11:02:19.123+0800] {processor.py:829} INFO - Processing file /home/azfarmustafa/airflow_tutorial/.venv/lib/python3.10/site-packages/airflow/example_dags/example_xcom.py for tasks to queue
[2023-11-24T11:02:19.124+0800] {logging_mixin.py:154} INFO - [2023-11-24T11:02:19.123+0800] {dagbag.py:536} INFO - Filling up the DagBag from /home/azfarmustafa/airflow_tutorial/.venv/lib/python3.10/site-packages/airflow/example_dags/example_xcom.py
[2023-11-24T11:02:19.130+0800] {processor.py:839} INFO - DAG(s) dict_keys(['example_xcom']) retrieved from /home/azfarmustafa/airflow_tutorial/.venv/lib/python3.10/site-packages/airflow/example_dags/example_xcom.py
[2023-11-24T11:02:19.145+0800] {logging_mixin.py:154} INFO - [2023-11-24T11:02:19.145+0800] {dag.py:2941} INFO - Sync 1 DAGs
[2023-11-24T11:02:19.163+0800] {logging_mixin.py:154} INFO - [2023-11-24T11:02:19.163+0800] {dag.py:3722} INFO - Setting next_dagrun for example_xcom to 2021-01-01T00:00:00+00:00, run_after=2021-01-01T00:00:00+00:00
[2023-11-24T11:02:19.186+0800] {processor.py:179} INFO - Processing /home/azfarmustafa/airflow_tutorial/.venv/lib/python3.10/site-packages/airflow/example_dags/example_xcom.py took 0.069 seconds
[2023-11-24T11:03:03.169+0800] {processor.py:157} INFO - Started process (PID=61024) to work on /home/azfarmustafa/airflow_tutorial/.venv/lib/python3.10/site-packages/airflow/example_dags/example_xcom.py
[2023-11-24T11:03:03.174+0800] {processor.py:829} INFO - Processing file /home/azfarmustafa/airflow_tutorial/.venv/lib/python3.10/site-packages/airflow/example_dags/example_xcom.py for tasks to queue
[2023-11-24T11:03:03.175+0800] {logging_mixin.py:154} INFO - [2023-11-24T11:03:03.175+0800] {dagbag.py:536} INFO - Filling up the DagBag from /home/azfarmustafa/airflow_tutorial/.venv/lib/python3.10/site-packages/airflow/example_dags/example_xcom.py
[2023-11-24T11:03:03.181+0800] {processor.py:839} INFO - DAG(s) dict_keys(['example_xcom']) retrieved from /home/azfarmustafa/airflow_tutorial/.venv/lib/python3.10/site-packages/airflow/example_dags/example_xcom.py
[2023-11-24T11:03:03.197+0800] {logging_mixin.py:154} INFO - [2023-11-24T11:03:03.197+0800] {dag.py:2941} INFO - Sync 1 DAGs
[2023-11-24T11:03:03.215+0800] {logging_mixin.py:154} INFO - [2023-11-24T11:03:03.215+0800] {dag.py:3722} INFO - Setting next_dagrun for example_xcom to 2021-01-01T00:00:00+00:00, run_after=2021-01-01T00:00:00+00:00
[2023-11-24T11:03:03.242+0800] {processor.py:179} INFO - Processing /home/azfarmustafa/airflow_tutorial/.venv/lib/python3.10/site-packages/airflow/example_dags/example_xcom.py took 0.076 seconds
[2023-11-24T11:03:50.744+0800] {processor.py:157} INFO - Started process (PID=61078) to work on /home/azfarmustafa/airflow_tutorial/.venv/lib/python3.10/site-packages/airflow/example_dags/example_xcom.py
[2023-11-24T11:03:50.746+0800] {processor.py:829} INFO - Processing file /home/azfarmustafa/airflow_tutorial/.venv/lib/python3.10/site-packages/airflow/example_dags/example_xcom.py for tasks to queue
[2023-11-24T11:03:50.747+0800] {logging_mixin.py:154} INFO - [2023-11-24T11:03:50.746+0800] {dagbag.py:536} INFO - Filling up the DagBag from /home/azfarmustafa/airflow_tutorial/.venv/lib/python3.10/site-packages/airflow/example_dags/example_xcom.py
[2023-11-24T11:03:50.758+0800] {processor.py:839} INFO - DAG(s) dict_keys(['example_xcom']) retrieved from /home/azfarmustafa/airflow_tutorial/.venv/lib/python3.10/site-packages/airflow/example_dags/example_xcom.py
[2023-11-24T11:03:50.783+0800] {logging_mixin.py:154} INFO - [2023-11-24T11:03:50.782+0800] {dag.py:2941} INFO - Sync 1 DAGs
[2023-11-24T11:03:50.810+0800] {logging_mixin.py:154} INFO - [2023-11-24T11:03:50.810+0800] {dag.py:3722} INFO - Setting next_dagrun for example_xcom to 2021-01-01T00:00:00+00:00, run_after=2021-01-01T00:00:00+00:00
[2023-11-24T11:03:50.845+0800] {processor.py:179} INFO - Processing /home/azfarmustafa/airflow_tutorial/.venv/lib/python3.10/site-packages/airflow/example_dags/example_xcom.py took 0.105 seconds
[2023-11-24T11:04:39.619+0800] {processor.py:157} INFO - Started process (PID=61127) to work on /home/azfarmustafa/airflow_tutorial/.venv/lib/python3.10/site-packages/airflow/example_dags/example_xcom.py
[2023-11-24T11:04:39.620+0800] {processor.py:829} INFO - Processing file /home/azfarmustafa/airflow_tutorial/.venv/lib/python3.10/site-packages/airflow/example_dags/example_xcom.py for tasks to queue
[2023-11-24T11:04:39.621+0800] {logging_mixin.py:154} INFO - [2023-11-24T11:04:39.621+0800] {dagbag.py:536} INFO - Filling up the DagBag from /home/azfarmustafa/airflow_tutorial/.venv/lib/python3.10/site-packages/airflow/example_dags/example_xcom.py
[2023-11-24T11:04:39.628+0800] {processor.py:839} INFO - DAG(s) dict_keys(['example_xcom']) retrieved from /home/azfarmustafa/airflow_tutorial/.venv/lib/python3.10/site-packages/airflow/example_dags/example_xcom.py
[2023-11-24T11:04:39.642+0800] {logging_mixin.py:154} INFO - [2023-11-24T11:04:39.642+0800] {dag.py:2941} INFO - Sync 1 DAGs
[2023-11-24T11:04:39.659+0800] {logging_mixin.py:154} INFO - [2023-11-24T11:04:39.659+0800] {dag.py:3722} INFO - Setting next_dagrun for example_xcom to 2021-01-01T00:00:00+00:00, run_after=2021-01-01T00:00:00+00:00
[2023-11-24T11:04:39.684+0800] {processor.py:179} INFO - Processing /home/azfarmustafa/airflow_tutorial/.venv/lib/python3.10/site-packages/airflow/example_dags/example_xcom.py took 0.068 seconds
