[2023-11-24T10:26:02.947+0800] {processor.py:157} INFO - Started process (PID=58721) to work on /home/azfarmustafa/airflow_tutorial/.venv/lib/python3.10/site-packages/airflow/example_dags/example_params_trigger_ui.py
[2023-11-24T10:26:02.947+0800] {processor.py:829} INFO - Processing file /home/azfarmustafa/airflow_tutorial/.venv/lib/python3.10/site-packages/airflow/example_dags/example_params_trigger_ui.py for tasks to queue
[2023-11-24T10:26:02.948+0800] {logging_mixin.py:154} INFO - [2023-11-24T10:26:02.948+0800] {dagbag.py:536} INFO - Filling up the DagBag from /home/azfarmustafa/airflow_tutorial/.venv/lib/python3.10/site-packages/airflow/example_dags/example_params_trigger_ui.py
[2023-11-24T10:26:02.965+0800] {processor.py:839} INFO - DAG(s) dict_keys(['example_params_trigger_ui']) retrieved from /home/azfarmustafa/airflow_tutorial/.venv/lib/python3.10/site-packages/airflow/example_dags/example_params_trigger_ui.py
[2023-11-24T10:26:03.032+0800] {logging_mixin.py:154} INFO - [2023-11-24T10:26:03.031+0800] {dag.py:2941} INFO - Sync 1 DAGs
[2023-11-24T10:26:03.059+0800] {logging_mixin.py:154} INFO - [2023-11-24T10:26:03.059+0800] {dag.py:3722} INFO - Setting next_dagrun for example_params_trigger_ui to None, run_after=None
[2023-11-24T10:26:03.102+0800] {processor.py:179} INFO - Processing /home/azfarmustafa/airflow_tutorial/.venv/lib/python3.10/site-packages/airflow/example_dags/example_params_trigger_ui.py took 0.160 seconds
[2023-11-24T10:26:54.400+0800] {processor.py:157} INFO - Started process (PID=58780) to work on /home/azfarmustafa/airflow_tutorial/.venv/lib/python3.10/site-packages/airflow/example_dags/example_params_trigger_ui.py
[2023-11-24T10:26:54.402+0800] {processor.py:829} INFO - Processing file /home/azfarmustafa/airflow_tutorial/.venv/lib/python3.10/site-packages/airflow/example_dags/example_params_trigger_ui.py for tasks to queue
[2023-11-24T10:26:54.403+0800] {logging_mixin.py:154} INFO - [2023-11-24T10:26:54.402+0800] {dagbag.py:536} INFO - Filling up the DagBag from /home/azfarmustafa/airflow_tutorial/.venv/lib/python3.10/site-packages/airflow/example_dags/example_params_trigger_ui.py
[2023-11-24T10:26:54.417+0800] {processor.py:839} INFO - DAG(s) dict_keys(['example_params_trigger_ui']) retrieved from /home/azfarmustafa/airflow_tutorial/.venv/lib/python3.10/site-packages/airflow/example_dags/example_params_trigger_ui.py
[2023-11-24T10:26:54.456+0800] {logging_mixin.py:154} INFO - [2023-11-24T10:26:54.455+0800] {dag.py:2941} INFO - Sync 1 DAGs
[2023-11-24T10:26:54.468+0800] {logging_mixin.py:154} INFO - [2023-11-24T10:26:54.468+0800] {dag.py:3722} INFO - Setting next_dagrun for example_params_trigger_ui to None, run_after=None
[2023-11-24T10:26:54.491+0800] {processor.py:179} INFO - Processing /home/azfarmustafa/airflow_tutorial/.venv/lib/python3.10/site-packages/airflow/example_dags/example_params_trigger_ui.py took 0.094 seconds
[2023-11-24T10:27:41.132+0800] {processor.py:157} INFO - Started process (PID=58828) to work on /home/azfarmustafa/airflow_tutorial/.venv/lib/python3.10/site-packages/airflow/example_dags/example_params_trigger_ui.py
[2023-11-24T10:27:41.134+0800] {processor.py:829} INFO - Processing file /home/azfarmustafa/airflow_tutorial/.venv/lib/python3.10/site-packages/airflow/example_dags/example_params_trigger_ui.py for tasks to queue
[2023-11-24T10:27:41.136+0800] {logging_mixin.py:154} INFO - [2023-11-24T10:27:41.135+0800] {dagbag.py:536} INFO - Filling up the DagBag from /home/azfarmustafa/airflow_tutorial/.venv/lib/python3.10/site-packages/airflow/example_dags/example_params_trigger_ui.py
[2023-11-24T10:27:41.162+0800] {processor.py:839} INFO - DAG(s) dict_keys(['example_params_trigger_ui']) retrieved from /home/azfarmustafa/airflow_tutorial/.venv/lib/python3.10/site-packages/airflow/example_dags/example_params_trigger_ui.py
[2023-11-24T10:27:41.223+0800] {logging_mixin.py:154} INFO - [2023-11-24T10:27:41.223+0800] {dag.py:2941} INFO - Sync 1 DAGs
[2023-11-24T10:27:41.240+0800] {logging_mixin.py:154} INFO - [2023-11-24T10:27:41.240+0800] {dag.py:3722} INFO - Setting next_dagrun for example_params_trigger_ui to None, run_after=None
[2023-11-24T10:27:41.280+0800] {processor.py:179} INFO - Processing /home/azfarmustafa/airflow_tutorial/.venv/lib/python3.10/site-packages/airflow/example_dags/example_params_trigger_ui.py took 0.151 seconds
[2023-11-24T10:28:26.986+0800] {processor.py:157} INFO - Started process (PID=58874) to work on /home/azfarmustafa/airflow_tutorial/.venv/lib/python3.10/site-packages/airflow/example_dags/example_params_trigger_ui.py
[2023-11-24T10:28:26.991+0800] {processor.py:829} INFO - Processing file /home/azfarmustafa/airflow_tutorial/.venv/lib/python3.10/site-packages/airflow/example_dags/example_params_trigger_ui.py for tasks to queue
[2023-11-24T10:28:26.992+0800] {logging_mixin.py:154} INFO - [2023-11-24T10:28:26.991+0800] {dagbag.py:536} INFO - Filling up the DagBag from /home/azfarmustafa/airflow_tutorial/.venv/lib/python3.10/site-packages/airflow/example_dags/example_params_trigger_ui.py
[2023-11-24T10:28:27.011+0800] {processor.py:839} INFO - DAG(s) dict_keys(['example_params_trigger_ui']) retrieved from /home/azfarmustafa/airflow_tutorial/.venv/lib/python3.10/site-packages/airflow/example_dags/example_params_trigger_ui.py
[2023-11-24T10:28:27.053+0800] {logging_mixin.py:154} INFO - [2023-11-24T10:28:27.053+0800] {dag.py:2941} INFO - Sync 1 DAGs
[2023-11-24T10:28:27.066+0800] {logging_mixin.py:154} INFO - [2023-11-24T10:28:27.066+0800] {dag.py:3722} INFO - Setting next_dagrun for example_params_trigger_ui to None, run_after=None
[2023-11-24T10:28:27.097+0800] {processor.py:179} INFO - Processing /home/azfarmustafa/airflow_tutorial/.venv/lib/python3.10/site-packages/airflow/example_dags/example_params_trigger_ui.py took 0.114 seconds
[2023-11-24T10:29:16.469+0800] {processor.py:157} INFO - Started process (PID=58930) to work on /home/azfarmustafa/airflow_tutorial/.venv/lib/python3.10/site-packages/airflow/example_dags/example_params_trigger_ui.py
[2023-11-24T10:29:16.474+0800] {processor.py:829} INFO - Processing file /home/azfarmustafa/airflow_tutorial/.venv/lib/python3.10/site-packages/airflow/example_dags/example_params_trigger_ui.py for tasks to queue
[2023-11-24T10:29:16.475+0800] {logging_mixin.py:154} INFO - [2023-11-24T10:29:16.474+0800] {dagbag.py:536} INFO - Filling up the DagBag from /home/azfarmustafa/airflow_tutorial/.venv/lib/python3.10/site-packages/airflow/example_dags/example_params_trigger_ui.py
[2023-11-24T10:29:16.489+0800] {processor.py:839} INFO - DAG(s) dict_keys(['example_params_trigger_ui']) retrieved from /home/azfarmustafa/airflow_tutorial/.venv/lib/python3.10/site-packages/airflow/example_dags/example_params_trigger_ui.py
[2023-11-24T10:29:16.528+0800] {logging_mixin.py:154} INFO - [2023-11-24T10:29:16.528+0800] {dag.py:2941} INFO - Sync 1 DAGs
[2023-11-24T10:29:16.538+0800] {logging_mixin.py:154} INFO - [2023-11-24T10:29:16.537+0800] {dag.py:3722} INFO - Setting next_dagrun for example_params_trigger_ui to None, run_after=None
[2023-11-24T10:29:16.567+0800] {processor.py:179} INFO - Processing /home/azfarmustafa/airflow_tutorial/.venv/lib/python3.10/site-packages/airflow/example_dags/example_params_trigger_ui.py took 0.101 seconds
[2023-11-24T10:30:02.423+0800] {processor.py:157} INFO - Started process (PID=58978) to work on /home/azfarmustafa/airflow_tutorial/.venv/lib/python3.10/site-packages/airflow/example_dags/example_params_trigger_ui.py
[2023-11-24T10:30:02.428+0800] {processor.py:829} INFO - Processing file /home/azfarmustafa/airflow_tutorial/.venv/lib/python3.10/site-packages/airflow/example_dags/example_params_trigger_ui.py for tasks to queue
[2023-11-24T10:30:02.429+0800] {logging_mixin.py:154} INFO - [2023-11-24T10:30:02.428+0800] {dagbag.py:536} INFO - Filling up the DagBag from /home/azfarmustafa/airflow_tutorial/.venv/lib/python3.10/site-packages/airflow/example_dags/example_params_trigger_ui.py
[2023-11-24T10:30:02.446+0800] {processor.py:839} INFO - DAG(s) dict_keys(['example_params_trigger_ui']) retrieved from /home/azfarmustafa/airflow_tutorial/.venv/lib/python3.10/site-packages/airflow/example_dags/example_params_trigger_ui.py
[2023-11-24T10:30:02.492+0800] {logging_mixin.py:154} INFO - [2023-11-24T10:30:02.492+0800] {dag.py:2941} INFO - Sync 1 DAGs
[2023-11-24T10:30:02.502+0800] {logging_mixin.py:154} INFO - [2023-11-24T10:30:02.501+0800] {dag.py:3722} INFO - Setting next_dagrun for example_params_trigger_ui to None, run_after=None
[2023-11-24T10:30:02.532+0800] {processor.py:179} INFO - Processing /home/azfarmustafa/airflow_tutorial/.venv/lib/python3.10/site-packages/airflow/example_dags/example_params_trigger_ui.py took 0.112 seconds
[2023-11-24T10:30:49.632+0800] {processor.py:157} INFO - Started process (PID=59026) to work on /home/azfarmustafa/airflow_tutorial/.venv/lib/python3.10/site-packages/airflow/example_dags/example_params_trigger_ui.py
[2023-11-24T10:30:49.634+0800] {processor.py:829} INFO - Processing file /home/azfarmustafa/airflow_tutorial/.venv/lib/python3.10/site-packages/airflow/example_dags/example_params_trigger_ui.py for tasks to queue
[2023-11-24T10:30:49.635+0800] {logging_mixin.py:154} INFO - [2023-11-24T10:30:49.634+0800] {dagbag.py:536} INFO - Filling up the DagBag from /home/azfarmustafa/airflow_tutorial/.venv/lib/python3.10/site-packages/airflow/example_dags/example_params_trigger_ui.py
[2023-11-24T10:30:49.656+0800] {processor.py:839} INFO - DAG(s) dict_keys(['example_params_trigger_ui']) retrieved from /home/azfarmustafa/airflow_tutorial/.venv/lib/python3.10/site-packages/airflow/example_dags/example_params_trigger_ui.py
[2023-11-24T10:30:49.693+0800] {logging_mixin.py:154} INFO - [2023-11-24T10:30:49.693+0800] {dag.py:2941} INFO - Sync 1 DAGs
[2023-11-24T10:30:49.703+0800] {logging_mixin.py:154} INFO - [2023-11-24T10:30:49.703+0800] {dag.py:3722} INFO - Setting next_dagrun for example_params_trigger_ui to None, run_after=None
[2023-11-24T10:30:49.725+0800] {processor.py:179} INFO - Processing /home/azfarmustafa/airflow_tutorial/.venv/lib/python3.10/site-packages/airflow/example_dags/example_params_trigger_ui.py took 0.095 seconds
[2023-11-24T10:31:35.112+0800] {processor.py:157} INFO - Started process (PID=59072) to work on /home/azfarmustafa/airflow_tutorial/.venv/lib/python3.10/site-packages/airflow/example_dags/example_params_trigger_ui.py
[2023-11-24T10:31:35.114+0800] {processor.py:829} INFO - Processing file /home/azfarmustafa/airflow_tutorial/.venv/lib/python3.10/site-packages/airflow/example_dags/example_params_trigger_ui.py for tasks to queue
[2023-11-24T10:31:35.115+0800] {logging_mixin.py:154} INFO - [2023-11-24T10:31:35.114+0800] {dagbag.py:536} INFO - Filling up the DagBag from /home/azfarmustafa/airflow_tutorial/.venv/lib/python3.10/site-packages/airflow/example_dags/example_params_trigger_ui.py
[2023-11-24T10:31:35.129+0800] {processor.py:839} INFO - DAG(s) dict_keys(['example_params_trigger_ui']) retrieved from /home/azfarmustafa/airflow_tutorial/.venv/lib/python3.10/site-packages/airflow/example_dags/example_params_trigger_ui.py
[2023-11-24T10:31:35.166+0800] {logging_mixin.py:154} INFO - [2023-11-24T10:31:35.166+0800] {dag.py:2941} INFO - Sync 1 DAGs
[2023-11-24T10:31:35.176+0800] {logging_mixin.py:154} INFO - [2023-11-24T10:31:35.176+0800] {dag.py:3722} INFO - Setting next_dagrun for example_params_trigger_ui to None, run_after=None
[2023-11-24T10:31:35.199+0800] {processor.py:179} INFO - Processing /home/azfarmustafa/airflow_tutorial/.venv/lib/python3.10/site-packages/airflow/example_dags/example_params_trigger_ui.py took 0.089 seconds
[2023-11-24T10:32:26.675+0800] {processor.py:157} INFO - Started process (PID=59123) to work on /home/azfarmustafa/airflow_tutorial/.venv/lib/python3.10/site-packages/airflow/example_dags/example_params_trigger_ui.py
[2023-11-24T10:32:26.679+0800] {processor.py:829} INFO - Processing file /home/azfarmustafa/airflow_tutorial/.venv/lib/python3.10/site-packages/airflow/example_dags/example_params_trigger_ui.py for tasks to queue
[2023-11-24T10:32:26.680+0800] {logging_mixin.py:154} INFO - [2023-11-24T10:32:26.680+0800] {dagbag.py:536} INFO - Filling up the DagBag from /home/azfarmustafa/airflow_tutorial/.venv/lib/python3.10/site-packages/airflow/example_dags/example_params_trigger_ui.py
[2023-11-24T10:32:26.696+0800] {processor.py:839} INFO - DAG(s) dict_keys(['example_params_trigger_ui']) retrieved from /home/azfarmustafa/airflow_tutorial/.venv/lib/python3.10/site-packages/airflow/example_dags/example_params_trigger_ui.py
[2023-11-24T10:32:26.739+0800] {logging_mixin.py:154} INFO - [2023-11-24T10:32:26.739+0800] {dag.py:2941} INFO - Sync 1 DAGs
[2023-11-24T10:32:26.753+0800] {logging_mixin.py:154} INFO - [2023-11-24T10:32:26.752+0800] {dag.py:3722} INFO - Setting next_dagrun for example_params_trigger_ui to None, run_after=None
[2023-11-24T10:32:26.780+0800] {processor.py:179} INFO - Processing /home/azfarmustafa/airflow_tutorial/.venv/lib/python3.10/site-packages/airflow/example_dags/example_params_trigger_ui.py took 0.108 seconds
[2023-11-24T10:33:17.345+0800] {processor.py:157} INFO - Started process (PID=59173) to work on /home/azfarmustafa/airflow_tutorial/.venv/lib/python3.10/site-packages/airflow/example_dags/example_params_trigger_ui.py
[2023-11-24T10:33:17.349+0800] {processor.py:829} INFO - Processing file /home/azfarmustafa/airflow_tutorial/.venv/lib/python3.10/site-packages/airflow/example_dags/example_params_trigger_ui.py for tasks to queue
[2023-11-24T10:33:17.350+0800] {logging_mixin.py:154} INFO - [2023-11-24T10:33:17.350+0800] {dagbag.py:536} INFO - Filling up the DagBag from /home/azfarmustafa/airflow_tutorial/.venv/lib/python3.10/site-packages/airflow/example_dags/example_params_trigger_ui.py
[2023-11-24T10:33:17.364+0800] {processor.py:839} INFO - DAG(s) dict_keys(['example_params_trigger_ui']) retrieved from /home/azfarmustafa/airflow_tutorial/.venv/lib/python3.10/site-packages/airflow/example_dags/example_params_trigger_ui.py
[2023-11-24T10:33:17.400+0800] {logging_mixin.py:154} INFO - [2023-11-24T10:33:17.399+0800] {dag.py:2941} INFO - Sync 1 DAGs
[2023-11-24T10:33:17.410+0800] {logging_mixin.py:154} INFO - [2023-11-24T10:33:17.410+0800] {dag.py:3722} INFO - Setting next_dagrun for example_params_trigger_ui to None, run_after=None
[2023-11-24T10:33:17.479+0800] {processor.py:179} INFO - Processing /home/azfarmustafa/airflow_tutorial/.venv/lib/python3.10/site-packages/airflow/example_dags/example_params_trigger_ui.py took 0.138 seconds
[2023-11-24T10:34:09.725+0800] {processor.py:157} INFO - Started process (PID=59225) to work on /home/azfarmustafa/airflow_tutorial/.venv/lib/python3.10/site-packages/airflow/example_dags/example_params_trigger_ui.py
[2023-11-24T10:34:09.727+0800] {processor.py:829} INFO - Processing file /home/azfarmustafa/airflow_tutorial/.venv/lib/python3.10/site-packages/airflow/example_dags/example_params_trigger_ui.py for tasks to queue
[2023-11-24T10:34:09.728+0800] {logging_mixin.py:154} INFO - [2023-11-24T10:34:09.727+0800] {dagbag.py:536} INFO - Filling up the DagBag from /home/azfarmustafa/airflow_tutorial/.venv/lib/python3.10/site-packages/airflow/example_dags/example_params_trigger_ui.py
[2023-11-24T10:34:09.744+0800] {processor.py:839} INFO - DAG(s) dict_keys(['example_params_trigger_ui']) retrieved from /home/azfarmustafa/airflow_tutorial/.venv/lib/python3.10/site-packages/airflow/example_dags/example_params_trigger_ui.py
[2023-11-24T10:34:09.791+0800] {logging_mixin.py:154} INFO - [2023-11-24T10:34:09.791+0800] {dag.py:2941} INFO - Sync 1 DAGs
[2023-11-24T10:34:09.805+0800] {logging_mixin.py:154} INFO - [2023-11-24T10:34:09.804+0800] {dag.py:3722} INFO - Setting next_dagrun for example_params_trigger_ui to None, run_after=None
[2023-11-24T10:34:09.834+0800] {processor.py:179} INFO - Processing /home/azfarmustafa/airflow_tutorial/.venv/lib/python3.10/site-packages/airflow/example_dags/example_params_trigger_ui.py took 0.112 seconds
[2023-11-24T10:34:54.427+0800] {processor.py:157} INFO - Started process (PID=59277) to work on /home/azfarmustafa/airflow_tutorial/.venv/lib/python3.10/site-packages/airflow/example_dags/example_params_trigger_ui.py
[2023-11-24T10:34:54.428+0800] {processor.py:829} INFO - Processing file /home/azfarmustafa/airflow_tutorial/.venv/lib/python3.10/site-packages/airflow/example_dags/example_params_trigger_ui.py for tasks to queue
[2023-11-24T10:34:54.429+0800] {logging_mixin.py:154} INFO - [2023-11-24T10:34:54.429+0800] {dagbag.py:536} INFO - Filling up the DagBag from /home/azfarmustafa/airflow_tutorial/.venv/lib/python3.10/site-packages/airflow/example_dags/example_params_trigger_ui.py
[2023-11-24T10:34:54.443+0800] {processor.py:839} INFO - DAG(s) dict_keys(['example_params_trigger_ui']) retrieved from /home/azfarmustafa/airflow_tutorial/.venv/lib/python3.10/site-packages/airflow/example_dags/example_params_trigger_ui.py
[2023-11-24T10:34:54.479+0800] {logging_mixin.py:154} INFO - [2023-11-24T10:34:54.479+0800] {dag.py:2941} INFO - Sync 1 DAGs
[2023-11-24T10:34:54.490+0800] {logging_mixin.py:154} INFO - [2023-11-24T10:34:54.489+0800] {dag.py:3722} INFO - Setting next_dagrun for example_params_trigger_ui to None, run_after=None
[2023-11-24T10:34:54.512+0800] {processor.py:179} INFO - Processing /home/azfarmustafa/airflow_tutorial/.venv/lib/python3.10/site-packages/airflow/example_dags/example_params_trigger_ui.py took 0.088 seconds
[2023-11-24T10:35:42.427+0800] {processor.py:157} INFO - Started process (PID=59326) to work on /home/azfarmustafa/airflow_tutorial/.venv/lib/python3.10/site-packages/airflow/example_dags/example_params_trigger_ui.py
[2023-11-24T10:35:42.428+0800] {processor.py:829} INFO - Processing file /home/azfarmustafa/airflow_tutorial/.venv/lib/python3.10/site-packages/airflow/example_dags/example_params_trigger_ui.py for tasks to queue
[2023-11-24T10:35:42.429+0800] {logging_mixin.py:154} INFO - [2023-11-24T10:35:42.429+0800] {dagbag.py:536} INFO - Filling up the DagBag from /home/azfarmustafa/airflow_tutorial/.venv/lib/python3.10/site-packages/airflow/example_dags/example_params_trigger_ui.py
[2023-11-24T10:35:42.443+0800] {processor.py:839} INFO - DAG(s) dict_keys(['example_params_trigger_ui']) retrieved from /home/azfarmustafa/airflow_tutorial/.venv/lib/python3.10/site-packages/airflow/example_dags/example_params_trigger_ui.py
[2023-11-24T10:35:42.480+0800] {logging_mixin.py:154} INFO - [2023-11-24T10:35:42.480+0800] {dag.py:2941} INFO - Sync 1 DAGs
[2023-11-24T10:35:42.490+0800] {logging_mixin.py:154} INFO - [2023-11-24T10:35:42.490+0800] {dag.py:3722} INFO - Setting next_dagrun for example_params_trigger_ui to None, run_after=None
[2023-11-24T10:35:42.514+0800] {processor.py:179} INFO - Processing /home/azfarmustafa/airflow_tutorial/.venv/lib/python3.10/site-packages/airflow/example_dags/example_params_trigger_ui.py took 0.090 seconds
[2023-11-24T10:36:24.789+0800] {processor.py:157} INFO - Started process (PID=59372) to work on /home/azfarmustafa/airflow_tutorial/.venv/lib/python3.10/site-packages/airflow/example_dags/example_params_trigger_ui.py
[2023-11-24T10:36:24.794+0800] {processor.py:829} INFO - Processing file /home/azfarmustafa/airflow_tutorial/.venv/lib/python3.10/site-packages/airflow/example_dags/example_params_trigger_ui.py for tasks to queue
[2023-11-24T10:36:24.794+0800] {logging_mixin.py:154} INFO - [2023-11-24T10:36:24.794+0800] {dagbag.py:536} INFO - Filling up the DagBag from /home/azfarmustafa/airflow_tutorial/.venv/lib/python3.10/site-packages/airflow/example_dags/example_params_trigger_ui.py
[2023-11-24T10:36:24.808+0800] {processor.py:839} INFO - DAG(s) dict_keys(['example_params_trigger_ui']) retrieved from /home/azfarmustafa/airflow_tutorial/.venv/lib/python3.10/site-packages/airflow/example_dags/example_params_trigger_ui.py
[2023-11-24T10:36:24.844+0800] {logging_mixin.py:154} INFO - [2023-11-24T10:36:24.844+0800] {dag.py:2941} INFO - Sync 1 DAGs
[2023-11-24T10:36:24.854+0800] {logging_mixin.py:154} INFO - [2023-11-24T10:36:24.854+0800] {dag.py:3722} INFO - Setting next_dagrun for example_params_trigger_ui to None, run_after=None
[2023-11-24T10:36:24.876+0800] {processor.py:179} INFO - Processing /home/azfarmustafa/airflow_tutorial/.venv/lib/python3.10/site-packages/airflow/example_dags/example_params_trigger_ui.py took 0.090 seconds
[2023-11-24T10:37:09.832+0800] {processor.py:157} INFO - Started process (PID=59418) to work on /home/azfarmustafa/airflow_tutorial/.venv/lib/python3.10/site-packages/airflow/example_dags/example_params_trigger_ui.py
[2023-11-24T10:37:09.836+0800] {processor.py:829} INFO - Processing file /home/azfarmustafa/airflow_tutorial/.venv/lib/python3.10/site-packages/airflow/example_dags/example_params_trigger_ui.py for tasks to queue
[2023-11-24T10:37:09.837+0800] {logging_mixin.py:154} INFO - [2023-11-24T10:37:09.837+0800] {dagbag.py:536} INFO - Filling up the DagBag from /home/azfarmustafa/airflow_tutorial/.venv/lib/python3.10/site-packages/airflow/example_dags/example_params_trigger_ui.py
[2023-11-24T10:37:09.856+0800] {processor.py:839} INFO - DAG(s) dict_keys(['example_params_trigger_ui']) retrieved from /home/azfarmustafa/airflow_tutorial/.venv/lib/python3.10/site-packages/airflow/example_dags/example_params_trigger_ui.py
[2023-11-24T10:37:09.903+0800] {logging_mixin.py:154} INFO - [2023-11-24T10:37:09.903+0800] {dag.py:2941} INFO - Sync 1 DAGs
[2023-11-24T10:37:09.917+0800] {logging_mixin.py:154} INFO - [2023-11-24T10:37:09.916+0800] {dag.py:3722} INFO - Setting next_dagrun for example_params_trigger_ui to None, run_after=None
[2023-11-24T10:37:09.941+0800] {processor.py:179} INFO - Processing /home/azfarmustafa/airflow_tutorial/.venv/lib/python3.10/site-packages/airflow/example_dags/example_params_trigger_ui.py took 0.112 seconds
[2023-11-24T10:37:55.872+0800] {processor.py:157} INFO - Started process (PID=59464) to work on /home/azfarmustafa/airflow_tutorial/.venv/lib/python3.10/site-packages/airflow/example_dags/example_params_trigger_ui.py
[2023-11-24T10:37:55.876+0800] {processor.py:829} INFO - Processing file /home/azfarmustafa/airflow_tutorial/.venv/lib/python3.10/site-packages/airflow/example_dags/example_params_trigger_ui.py for tasks to queue
[2023-11-24T10:37:55.877+0800] {logging_mixin.py:154} INFO - [2023-11-24T10:37:55.876+0800] {dagbag.py:536} INFO - Filling up the DagBag from /home/azfarmustafa/airflow_tutorial/.venv/lib/python3.10/site-packages/airflow/example_dags/example_params_trigger_ui.py
[2023-11-24T10:37:55.891+0800] {processor.py:839} INFO - DAG(s) dict_keys(['example_params_trigger_ui']) retrieved from /home/azfarmustafa/airflow_tutorial/.venv/lib/python3.10/site-packages/airflow/example_dags/example_params_trigger_ui.py
[2023-11-24T10:37:55.935+0800] {logging_mixin.py:154} INFO - [2023-11-24T10:37:55.935+0800] {dag.py:2941} INFO - Sync 1 DAGs
[2023-11-24T10:37:55.944+0800] {logging_mixin.py:154} INFO - [2023-11-24T10:37:55.944+0800] {dag.py:3722} INFO - Setting next_dagrun for example_params_trigger_ui to None, run_after=None
[2023-11-24T10:37:55.969+0800] {processor.py:179} INFO - Processing /home/azfarmustafa/airflow_tutorial/.venv/lib/python3.10/site-packages/airflow/example_dags/example_params_trigger_ui.py took 0.100 seconds
[2023-11-24T10:38:44.134+0800] {processor.py:157} INFO - Started process (PID=59513) to work on /home/azfarmustafa/airflow_tutorial/.venv/lib/python3.10/site-packages/airflow/example_dags/example_params_trigger_ui.py
[2023-11-24T10:38:44.138+0800] {processor.py:829} INFO - Processing file /home/azfarmustafa/airflow_tutorial/.venv/lib/python3.10/site-packages/airflow/example_dags/example_params_trigger_ui.py for tasks to queue
[2023-11-24T10:38:44.139+0800] {logging_mixin.py:154} INFO - [2023-11-24T10:38:44.138+0800] {dagbag.py:536} INFO - Filling up the DagBag from /home/azfarmustafa/airflow_tutorial/.venv/lib/python3.10/site-packages/airflow/example_dags/example_params_trigger_ui.py
[2023-11-24T10:38:44.153+0800] {processor.py:839} INFO - DAG(s) dict_keys(['example_params_trigger_ui']) retrieved from /home/azfarmustafa/airflow_tutorial/.venv/lib/python3.10/site-packages/airflow/example_dags/example_params_trigger_ui.py
[2023-11-24T10:38:44.197+0800] {logging_mixin.py:154} INFO - [2023-11-24T10:38:44.197+0800] {dag.py:2941} INFO - Sync 1 DAGs
[2023-11-24T10:38:44.207+0800] {logging_mixin.py:154} INFO - [2023-11-24T10:38:44.207+0800] {dag.py:3722} INFO - Setting next_dagrun for example_params_trigger_ui to None, run_after=None
[2023-11-24T10:38:44.236+0800] {processor.py:179} INFO - Processing /home/azfarmustafa/airflow_tutorial/.venv/lib/python3.10/site-packages/airflow/example_dags/example_params_trigger_ui.py took 0.105 seconds
[2023-11-24T10:39:33.158+0800] {processor.py:157} INFO - Started process (PID=59562) to work on /home/azfarmustafa/airflow_tutorial/.venv/lib/python3.10/site-packages/airflow/example_dags/example_params_trigger_ui.py
[2023-11-24T10:39:33.162+0800] {processor.py:829} INFO - Processing file /home/azfarmustafa/airflow_tutorial/.venv/lib/python3.10/site-packages/airflow/example_dags/example_params_trigger_ui.py for tasks to queue
[2023-11-24T10:39:33.163+0800] {logging_mixin.py:154} INFO - [2023-11-24T10:39:33.163+0800] {dagbag.py:536} INFO - Filling up the DagBag from /home/azfarmustafa/airflow_tutorial/.venv/lib/python3.10/site-packages/airflow/example_dags/example_params_trigger_ui.py
[2023-11-24T10:39:33.180+0800] {processor.py:839} INFO - DAG(s) dict_keys(['example_params_trigger_ui']) retrieved from /home/azfarmustafa/airflow_tutorial/.venv/lib/python3.10/site-packages/airflow/example_dags/example_params_trigger_ui.py
[2023-11-24T10:39:33.222+0800] {logging_mixin.py:154} INFO - [2023-11-24T10:39:33.222+0800] {dag.py:2941} INFO - Sync 1 DAGs
[2023-11-24T10:39:33.232+0800] {logging_mixin.py:154} INFO - [2023-11-24T10:39:33.232+0800] {dag.py:3722} INFO - Setting next_dagrun for example_params_trigger_ui to None, run_after=None
[2023-11-24T10:39:33.263+0800] {processor.py:179} INFO - Processing /home/azfarmustafa/airflow_tutorial/.venv/lib/python3.10/site-packages/airflow/example_dags/example_params_trigger_ui.py took 0.108 seconds
[2023-11-24T10:40:23.558+0800] {processor.py:157} INFO - Started process (PID=59613) to work on /home/azfarmustafa/airflow_tutorial/.venv/lib/python3.10/site-packages/airflow/example_dags/example_params_trigger_ui.py
[2023-11-24T10:40:23.559+0800] {processor.py:829} INFO - Processing file /home/azfarmustafa/airflow_tutorial/.venv/lib/python3.10/site-packages/airflow/example_dags/example_params_trigger_ui.py for tasks to queue
[2023-11-24T10:40:23.560+0800] {logging_mixin.py:154} INFO - [2023-11-24T10:40:23.560+0800] {dagbag.py:536} INFO - Filling up the DagBag from /home/azfarmustafa/airflow_tutorial/.venv/lib/python3.10/site-packages/airflow/example_dags/example_params_trigger_ui.py
[2023-11-24T10:40:23.575+0800] {processor.py:839} INFO - DAG(s) dict_keys(['example_params_trigger_ui']) retrieved from /home/azfarmustafa/airflow_tutorial/.venv/lib/python3.10/site-packages/airflow/example_dags/example_params_trigger_ui.py
[2023-11-24T10:40:23.611+0800] {logging_mixin.py:154} INFO - [2023-11-24T10:40:23.611+0800] {dag.py:2941} INFO - Sync 1 DAGs
[2023-11-24T10:40:23.621+0800] {logging_mixin.py:154} INFO - [2023-11-24T10:40:23.620+0800] {dag.py:3722} INFO - Setting next_dagrun for example_params_trigger_ui to None, run_after=None
[2023-11-24T10:40:23.648+0800] {processor.py:179} INFO - Processing /home/azfarmustafa/airflow_tutorial/.venv/lib/python3.10/site-packages/airflow/example_dags/example_params_trigger_ui.py took 0.093 seconds
[2023-11-24T10:41:07.693+0800] {processor.py:157} INFO - Started process (PID=59664) to work on /home/azfarmustafa/airflow_tutorial/.venv/lib/python3.10/site-packages/airflow/example_dags/example_params_trigger_ui.py
[2023-11-24T10:41:07.697+0800] {processor.py:829} INFO - Processing file /home/azfarmustafa/airflow_tutorial/.venv/lib/python3.10/site-packages/airflow/example_dags/example_params_trigger_ui.py for tasks to queue
[2023-11-24T10:41:07.698+0800] {logging_mixin.py:154} INFO - [2023-11-24T10:41:07.698+0800] {dagbag.py:536} INFO - Filling up the DagBag from /home/azfarmustafa/airflow_tutorial/.venv/lib/python3.10/site-packages/airflow/example_dags/example_params_trigger_ui.py
[2023-11-24T10:41:07.712+0800] {processor.py:839} INFO - DAG(s) dict_keys(['example_params_trigger_ui']) retrieved from /home/azfarmustafa/airflow_tutorial/.venv/lib/python3.10/site-packages/airflow/example_dags/example_params_trigger_ui.py
[2023-11-24T10:41:07.749+0800] {logging_mixin.py:154} INFO - [2023-11-24T10:41:07.749+0800] {dag.py:2941} INFO - Sync 1 DAGs
[2023-11-24T10:41:07.759+0800] {logging_mixin.py:154} INFO - [2023-11-24T10:41:07.759+0800] {dag.py:3722} INFO - Setting next_dagrun for example_params_trigger_ui to None, run_after=None
[2023-11-24T10:41:07.781+0800] {processor.py:179} INFO - Processing /home/azfarmustafa/airflow_tutorial/.venv/lib/python3.10/site-packages/airflow/example_dags/example_params_trigger_ui.py took 0.090 seconds
[2023-11-24T10:41:57.452+0800] {processor.py:157} INFO - Started process (PID=59714) to work on /home/azfarmustafa/airflow_tutorial/.venv/lib/python3.10/site-packages/airflow/example_dags/example_params_trigger_ui.py
[2023-11-24T10:41:57.456+0800] {processor.py:829} INFO - Processing file /home/azfarmustafa/airflow_tutorial/.venv/lib/python3.10/site-packages/airflow/example_dags/example_params_trigger_ui.py for tasks to queue
[2023-11-24T10:41:57.457+0800] {logging_mixin.py:154} INFO - [2023-11-24T10:41:57.457+0800] {dagbag.py:536} INFO - Filling up the DagBag from /home/azfarmustafa/airflow_tutorial/.venv/lib/python3.10/site-packages/airflow/example_dags/example_params_trigger_ui.py
[2023-11-24T10:41:57.474+0800] {processor.py:839} INFO - DAG(s) dict_keys(['example_params_trigger_ui']) retrieved from /home/azfarmustafa/airflow_tutorial/.venv/lib/python3.10/site-packages/airflow/example_dags/example_params_trigger_ui.py
[2023-11-24T10:41:57.522+0800] {logging_mixin.py:154} INFO - [2023-11-24T10:41:57.521+0800] {dag.py:2941} INFO - Sync 1 DAGs
[2023-11-24T10:41:57.532+0800] {logging_mixin.py:154} INFO - [2023-11-24T10:41:57.532+0800] {dag.py:3722} INFO - Setting next_dagrun for example_params_trigger_ui to None, run_after=None
[2023-11-24T10:41:57.558+0800] {processor.py:179} INFO - Processing /home/azfarmustafa/airflow_tutorial/.venv/lib/python3.10/site-packages/airflow/example_dags/example_params_trigger_ui.py took 0.110 seconds
[2023-11-24T10:42:43.315+0800] {processor.py:157} INFO - Started process (PID=59760) to work on /home/azfarmustafa/airflow_tutorial/.venv/lib/python3.10/site-packages/airflow/example_dags/example_params_trigger_ui.py
[2023-11-24T10:42:43.317+0800] {processor.py:829} INFO - Processing file /home/azfarmustafa/airflow_tutorial/.venv/lib/python3.10/site-packages/airflow/example_dags/example_params_trigger_ui.py for tasks to queue
[2023-11-24T10:42:43.317+0800] {logging_mixin.py:154} INFO - [2023-11-24T10:42:43.317+0800] {dagbag.py:536} INFO - Filling up the DagBag from /home/azfarmustafa/airflow_tutorial/.venv/lib/python3.10/site-packages/airflow/example_dags/example_params_trigger_ui.py
[2023-11-24T10:42:43.331+0800] {processor.py:839} INFO - DAG(s) dict_keys(['example_params_trigger_ui']) retrieved from /home/azfarmustafa/airflow_tutorial/.venv/lib/python3.10/site-packages/airflow/example_dags/example_params_trigger_ui.py
[2023-11-24T10:42:43.373+0800] {logging_mixin.py:154} INFO - [2023-11-24T10:42:43.372+0800] {dag.py:2941} INFO - Sync 1 DAGs
[2023-11-24T10:42:43.382+0800] {logging_mixin.py:154} INFO - [2023-11-24T10:42:43.382+0800] {dag.py:3722} INFO - Setting next_dagrun for example_params_trigger_ui to None, run_after=None
[2023-11-24T10:42:43.406+0800] {processor.py:179} INFO - Processing /home/azfarmustafa/airflow_tutorial/.venv/lib/python3.10/site-packages/airflow/example_dags/example_params_trigger_ui.py took 0.093 seconds
[2023-11-24T10:43:30.667+0800] {processor.py:157} INFO - Started process (PID=59809) to work on /home/azfarmustafa/airflow_tutorial/.venv/lib/python3.10/site-packages/airflow/example_dags/example_params_trigger_ui.py
[2023-11-24T10:43:30.672+0800] {processor.py:829} INFO - Processing file /home/azfarmustafa/airflow_tutorial/.venv/lib/python3.10/site-packages/airflow/example_dags/example_params_trigger_ui.py for tasks to queue
[2023-11-24T10:43:30.673+0800] {logging_mixin.py:154} INFO - [2023-11-24T10:43:30.672+0800] {dagbag.py:536} INFO - Filling up the DagBag from /home/azfarmustafa/airflow_tutorial/.venv/lib/python3.10/site-packages/airflow/example_dags/example_params_trigger_ui.py
[2023-11-24T10:43:30.687+0800] {processor.py:839} INFO - DAG(s) dict_keys(['example_params_trigger_ui']) retrieved from /home/azfarmustafa/airflow_tutorial/.venv/lib/python3.10/site-packages/airflow/example_dags/example_params_trigger_ui.py
[2023-11-24T10:43:30.730+0800] {logging_mixin.py:154} INFO - [2023-11-24T10:43:30.730+0800] {dag.py:2941} INFO - Sync 1 DAGs
[2023-11-24T10:43:30.741+0800] {logging_mixin.py:154} INFO - [2023-11-24T10:43:30.740+0800] {dag.py:3722} INFO - Setting next_dagrun for example_params_trigger_ui to None, run_after=None
[2023-11-24T10:43:30.763+0800] {processor.py:179} INFO - Processing /home/azfarmustafa/airflow_tutorial/.venv/lib/python3.10/site-packages/airflow/example_dags/example_params_trigger_ui.py took 0.098 seconds
[2023-11-24T10:44:19.224+0800] {processor.py:157} INFO - Started process (PID=59857) to work on /home/azfarmustafa/airflow_tutorial/.venv/lib/python3.10/site-packages/airflow/example_dags/example_params_trigger_ui.py
[2023-11-24T10:44:19.228+0800] {processor.py:829} INFO - Processing file /home/azfarmustafa/airflow_tutorial/.venv/lib/python3.10/site-packages/airflow/example_dags/example_params_trigger_ui.py for tasks to queue
[2023-11-24T10:44:19.229+0800] {logging_mixin.py:154} INFO - [2023-11-24T10:44:19.229+0800] {dagbag.py:536} INFO - Filling up the DagBag from /home/azfarmustafa/airflow_tutorial/.venv/lib/python3.10/site-packages/airflow/example_dags/example_params_trigger_ui.py
[2023-11-24T10:44:19.247+0800] {processor.py:839} INFO - DAG(s) dict_keys(['example_params_trigger_ui']) retrieved from /home/azfarmustafa/airflow_tutorial/.venv/lib/python3.10/site-packages/airflow/example_dags/example_params_trigger_ui.py
[2023-11-24T10:44:19.286+0800] {logging_mixin.py:154} INFO - [2023-11-24T10:44:19.285+0800] {dag.py:2941} INFO - Sync 1 DAGs
[2023-11-24T10:44:19.295+0800] {logging_mixin.py:154} INFO - [2023-11-24T10:44:19.295+0800] {dag.py:3722} INFO - Setting next_dagrun for example_params_trigger_ui to None, run_after=None
[2023-11-24T10:44:19.320+0800] {processor.py:179} INFO - Processing /home/azfarmustafa/airflow_tutorial/.venv/lib/python3.10/site-packages/airflow/example_dags/example_params_trigger_ui.py took 0.099 seconds
[2023-11-24T10:45:06.989+0800] {processor.py:157} INFO - Started process (PID=59906) to work on /home/azfarmustafa/airflow_tutorial/.venv/lib/python3.10/site-packages/airflow/example_dags/example_params_trigger_ui.py
[2023-11-24T10:45:06.994+0800] {processor.py:829} INFO - Processing file /home/azfarmustafa/airflow_tutorial/.venv/lib/python3.10/site-packages/airflow/example_dags/example_params_trigger_ui.py for tasks to queue
[2023-11-24T10:45:06.995+0800] {logging_mixin.py:154} INFO - [2023-11-24T10:45:06.995+0800] {dagbag.py:536} INFO - Filling up the DagBag from /home/azfarmustafa/airflow_tutorial/.venv/lib/python3.10/site-packages/airflow/example_dags/example_params_trigger_ui.py
[2023-11-24T10:45:07.009+0800] {processor.py:839} INFO - DAG(s) dict_keys(['example_params_trigger_ui']) retrieved from /home/azfarmustafa/airflow_tutorial/.venv/lib/python3.10/site-packages/airflow/example_dags/example_params_trigger_ui.py
[2023-11-24T10:45:07.047+0800] {logging_mixin.py:154} INFO - [2023-11-24T10:45:07.047+0800] {dag.py:2941} INFO - Sync 1 DAGs
[2023-11-24T10:45:07.059+0800] {logging_mixin.py:154} INFO - [2023-11-24T10:45:07.058+0800] {dag.py:3722} INFO - Setting next_dagrun for example_params_trigger_ui to None, run_after=None
[2023-11-24T10:45:07.085+0800] {processor.py:179} INFO - Processing /home/azfarmustafa/airflow_tutorial/.venv/lib/python3.10/site-packages/airflow/example_dags/example_params_trigger_ui.py took 0.099 seconds
[2023-11-24T10:45:54.834+0800] {processor.py:157} INFO - Started process (PID=59954) to work on /home/azfarmustafa/airflow_tutorial/.venv/lib/python3.10/site-packages/airflow/example_dags/example_params_trigger_ui.py
[2023-11-24T10:45:54.835+0800] {processor.py:829} INFO - Processing file /home/azfarmustafa/airflow_tutorial/.venv/lib/python3.10/site-packages/airflow/example_dags/example_params_trigger_ui.py for tasks to queue
[2023-11-24T10:45:54.836+0800] {logging_mixin.py:154} INFO - [2023-11-24T10:45:54.836+0800] {dagbag.py:536} INFO - Filling up the DagBag from /home/azfarmustafa/airflow_tutorial/.venv/lib/python3.10/site-packages/airflow/example_dags/example_params_trigger_ui.py
[2023-11-24T10:45:54.850+0800] {processor.py:839} INFO - DAG(s) dict_keys(['example_params_trigger_ui']) retrieved from /home/azfarmustafa/airflow_tutorial/.venv/lib/python3.10/site-packages/airflow/example_dags/example_params_trigger_ui.py
[2023-11-24T10:45:54.887+0800] {logging_mixin.py:154} INFO - [2023-11-24T10:45:54.887+0800] {dag.py:2941} INFO - Sync 1 DAGs
[2023-11-24T10:45:54.896+0800] {logging_mixin.py:154} INFO - [2023-11-24T10:45:54.896+0800] {dag.py:3722} INFO - Setting next_dagrun for example_params_trigger_ui to None, run_after=None
[2023-11-24T10:45:54.921+0800] {processor.py:179} INFO - Processing /home/azfarmustafa/airflow_tutorial/.venv/lib/python3.10/site-packages/airflow/example_dags/example_params_trigger_ui.py took 0.090 seconds
[2023-11-24T10:46:39.128+0800] {processor.py:157} INFO - Started process (PID=60000) to work on /home/azfarmustafa/airflow_tutorial/.venv/lib/python3.10/site-packages/airflow/example_dags/example_params_trigger_ui.py
[2023-11-24T10:46:39.132+0800] {processor.py:829} INFO - Processing file /home/azfarmustafa/airflow_tutorial/.venv/lib/python3.10/site-packages/airflow/example_dags/example_params_trigger_ui.py for tasks to queue
[2023-11-24T10:46:39.133+0800] {logging_mixin.py:154} INFO - [2023-11-24T10:46:39.133+0800] {dagbag.py:536} INFO - Filling up the DagBag from /home/azfarmustafa/airflow_tutorial/.venv/lib/python3.10/site-packages/airflow/example_dags/example_params_trigger_ui.py
[2023-11-24T10:46:39.149+0800] {processor.py:839} INFO - DAG(s) dict_keys(['example_params_trigger_ui']) retrieved from /home/azfarmustafa/airflow_tutorial/.venv/lib/python3.10/site-packages/airflow/example_dags/example_params_trigger_ui.py
[2023-11-24T10:46:39.193+0800] {logging_mixin.py:154} INFO - [2023-11-24T10:46:39.192+0800] {dag.py:2941} INFO - Sync 1 DAGs
[2023-11-24T10:46:39.206+0800] {logging_mixin.py:154} INFO - [2023-11-24T10:46:39.206+0800] {dag.py:3722} INFO - Setting next_dagrun for example_params_trigger_ui to None, run_after=None
[2023-11-24T10:46:39.234+0800] {processor.py:179} INFO - Processing /home/azfarmustafa/airflow_tutorial/.venv/lib/python3.10/site-packages/airflow/example_dags/example_params_trigger_ui.py took 0.110 seconds
[2023-11-24T10:47:24.663+0800] {processor.py:157} INFO - Started process (PID=60053) to work on /home/azfarmustafa/airflow_tutorial/.venv/lib/python3.10/site-packages/airflow/example_dags/example_params_trigger_ui.py
[2023-11-24T10:47:24.668+0800] {processor.py:829} INFO - Processing file /home/azfarmustafa/airflow_tutorial/.venv/lib/python3.10/site-packages/airflow/example_dags/example_params_trigger_ui.py for tasks to queue
[2023-11-24T10:47:24.670+0800] {logging_mixin.py:154} INFO - [2023-11-24T10:47:24.669+0800] {dagbag.py:536} INFO - Filling up the DagBag from /home/azfarmustafa/airflow_tutorial/.venv/lib/python3.10/site-packages/airflow/example_dags/example_params_trigger_ui.py
[2023-11-24T10:47:24.684+0800] {processor.py:839} INFO - DAG(s) dict_keys(['example_params_trigger_ui']) retrieved from /home/azfarmustafa/airflow_tutorial/.venv/lib/python3.10/site-packages/airflow/example_dags/example_params_trigger_ui.py
[2023-11-24T10:47:24.724+0800] {logging_mixin.py:154} INFO - [2023-11-24T10:47:24.724+0800] {dag.py:2941} INFO - Sync 1 DAGs
[2023-11-24T10:47:24.736+0800] {logging_mixin.py:154} INFO - [2023-11-24T10:47:24.736+0800] {dag.py:3722} INFO - Setting next_dagrun for example_params_trigger_ui to None, run_after=None
[2023-11-24T10:47:24.759+0800] {processor.py:179} INFO - Processing /home/azfarmustafa/airflow_tutorial/.venv/lib/python3.10/site-packages/airflow/example_dags/example_params_trigger_ui.py took 0.099 seconds
[2023-11-24T10:48:10.176+0800] {processor.py:157} INFO - Started process (PID=60099) to work on /home/azfarmustafa/airflow_tutorial/.venv/lib/python3.10/site-packages/airflow/example_dags/example_params_trigger_ui.py
[2023-11-24T10:48:10.181+0800] {processor.py:829} INFO - Processing file /home/azfarmustafa/airflow_tutorial/.venv/lib/python3.10/site-packages/airflow/example_dags/example_params_trigger_ui.py for tasks to queue
[2023-11-24T10:48:10.181+0800] {logging_mixin.py:154} INFO - [2023-11-24T10:48:10.181+0800] {dagbag.py:536} INFO - Filling up the DagBag from /home/azfarmustafa/airflow_tutorial/.venv/lib/python3.10/site-packages/airflow/example_dags/example_params_trigger_ui.py
[2023-11-24T10:48:10.199+0800] {processor.py:839} INFO - DAG(s) dict_keys(['example_params_trigger_ui']) retrieved from /home/azfarmustafa/airflow_tutorial/.venv/lib/python3.10/site-packages/airflow/example_dags/example_params_trigger_ui.py
[2023-11-24T10:48:10.240+0800] {logging_mixin.py:154} INFO - [2023-11-24T10:48:10.239+0800] {dag.py:2941} INFO - Sync 1 DAGs
[2023-11-24T10:48:10.252+0800] {logging_mixin.py:154} INFO - [2023-11-24T10:48:10.252+0800] {dag.py:3722} INFO - Setting next_dagrun for example_params_trigger_ui to None, run_after=None
[2023-11-24T10:48:10.277+0800] {processor.py:179} INFO - Processing /home/azfarmustafa/airflow_tutorial/.venv/lib/python3.10/site-packages/airflow/example_dags/example_params_trigger_ui.py took 0.104 seconds
[2023-11-24T10:48:56.803+0800] {processor.py:157} INFO - Started process (PID=60146) to work on /home/azfarmustafa/airflow_tutorial/.venv/lib/python3.10/site-packages/airflow/example_dags/example_params_trigger_ui.py
[2023-11-24T10:48:56.807+0800] {processor.py:829} INFO - Processing file /home/azfarmustafa/airflow_tutorial/.venv/lib/python3.10/site-packages/airflow/example_dags/example_params_trigger_ui.py for tasks to queue
[2023-11-24T10:48:56.808+0800] {logging_mixin.py:154} INFO - [2023-11-24T10:48:56.808+0800] {dagbag.py:536} INFO - Filling up the DagBag from /home/azfarmustafa/airflow_tutorial/.venv/lib/python3.10/site-packages/airflow/example_dags/example_params_trigger_ui.py
[2023-11-24T10:48:56.828+0800] {processor.py:839} INFO - DAG(s) dict_keys(['example_params_trigger_ui']) retrieved from /home/azfarmustafa/airflow_tutorial/.venv/lib/python3.10/site-packages/airflow/example_dags/example_params_trigger_ui.py
[2023-11-24T10:48:56.871+0800] {logging_mixin.py:154} INFO - [2023-11-24T10:48:56.871+0800] {dag.py:2941} INFO - Sync 1 DAGs
[2023-11-24T10:48:56.882+0800] {logging_mixin.py:154} INFO - [2023-11-24T10:48:56.882+0800] {dag.py:3722} INFO - Setting next_dagrun for example_params_trigger_ui to None, run_after=None
[2023-11-24T10:48:56.909+0800] {processor.py:179} INFO - Processing /home/azfarmustafa/airflow_tutorial/.venv/lib/python3.10/site-packages/airflow/example_dags/example_params_trigger_ui.py took 0.109 seconds
[2023-11-24T10:49:46.544+0800] {processor.py:157} INFO - Started process (PID=60196) to work on /home/azfarmustafa/airflow_tutorial/.venv/lib/python3.10/site-packages/airflow/example_dags/example_params_trigger_ui.py
[2023-11-24T10:49:46.546+0800] {processor.py:829} INFO - Processing file /home/azfarmustafa/airflow_tutorial/.venv/lib/python3.10/site-packages/airflow/example_dags/example_params_trigger_ui.py for tasks to queue
[2023-11-24T10:49:46.546+0800] {logging_mixin.py:154} INFO - [2023-11-24T10:49:46.546+0800] {dagbag.py:536} INFO - Filling up the DagBag from /home/azfarmustafa/airflow_tutorial/.venv/lib/python3.10/site-packages/airflow/example_dags/example_params_trigger_ui.py
[2023-11-24T10:49:46.560+0800] {processor.py:839} INFO - DAG(s) dict_keys(['example_params_trigger_ui']) retrieved from /home/azfarmustafa/airflow_tutorial/.venv/lib/python3.10/site-packages/airflow/example_dags/example_params_trigger_ui.py
[2023-11-24T10:49:46.597+0800] {logging_mixin.py:154} INFO - [2023-11-24T10:49:46.597+0800] {dag.py:2941} INFO - Sync 1 DAGs
[2023-11-24T10:49:46.607+0800] {logging_mixin.py:154} INFO - [2023-11-24T10:49:46.607+0800] {dag.py:3722} INFO - Setting next_dagrun for example_params_trigger_ui to None, run_after=None
[2023-11-24T10:49:46.632+0800] {processor.py:179} INFO - Processing /home/azfarmustafa/airflow_tutorial/.venv/lib/python3.10/site-packages/airflow/example_dags/example_params_trigger_ui.py took 0.090 seconds
[2023-11-24T10:50:31.576+0800] {processor.py:157} INFO - Started process (PID=60243) to work on /home/azfarmustafa/airflow_tutorial/.venv/lib/python3.10/site-packages/airflow/example_dags/example_params_trigger_ui.py
[2023-11-24T10:50:31.578+0800] {processor.py:829} INFO - Processing file /home/azfarmustafa/airflow_tutorial/.venv/lib/python3.10/site-packages/airflow/example_dags/example_params_trigger_ui.py for tasks to queue
[2023-11-24T10:50:31.578+0800] {logging_mixin.py:154} INFO - [2023-11-24T10:50:31.578+0800] {dagbag.py:536} INFO - Filling up the DagBag from /home/azfarmustafa/airflow_tutorial/.venv/lib/python3.10/site-packages/airflow/example_dags/example_params_trigger_ui.py
[2023-11-24T10:50:31.594+0800] {processor.py:839} INFO - DAG(s) dict_keys(['example_params_trigger_ui']) retrieved from /home/azfarmustafa/airflow_tutorial/.venv/lib/python3.10/site-packages/airflow/example_dags/example_params_trigger_ui.py
[2023-11-24T10:50:31.636+0800] {logging_mixin.py:154} INFO - [2023-11-24T10:50:31.635+0800] {dag.py:2941} INFO - Sync 1 DAGs
[2023-11-24T10:50:31.650+0800] {logging_mixin.py:154} INFO - [2023-11-24T10:50:31.650+0800] {dag.py:3722} INFO - Setting next_dagrun for example_params_trigger_ui to None, run_after=None
[2023-11-24T10:50:31.677+0800] {processor.py:179} INFO - Processing /home/azfarmustafa/airflow_tutorial/.venv/lib/python3.10/site-packages/airflow/example_dags/example_params_trigger_ui.py took 0.104 seconds
[2023-11-24T10:51:18.466+0800] {processor.py:157} INFO - Started process (PID=60291) to work on /home/azfarmustafa/airflow_tutorial/.venv/lib/python3.10/site-packages/airflow/example_dags/example_params_trigger_ui.py
[2023-11-24T10:51:18.470+0800] {processor.py:829} INFO - Processing file /home/azfarmustafa/airflow_tutorial/.venv/lib/python3.10/site-packages/airflow/example_dags/example_params_trigger_ui.py for tasks to queue
[2023-11-24T10:51:18.471+0800] {logging_mixin.py:154} INFO - [2023-11-24T10:51:18.471+0800] {dagbag.py:536} INFO - Filling up the DagBag from /home/azfarmustafa/airflow_tutorial/.venv/lib/python3.10/site-packages/airflow/example_dags/example_params_trigger_ui.py
[2023-11-24T10:51:18.485+0800] {processor.py:839} INFO - DAG(s) dict_keys(['example_params_trigger_ui']) retrieved from /home/azfarmustafa/airflow_tutorial/.venv/lib/python3.10/site-packages/airflow/example_dags/example_params_trigger_ui.py
[2023-11-24T10:51:18.522+0800] {logging_mixin.py:154} INFO - [2023-11-24T10:51:18.522+0800] {dag.py:2941} INFO - Sync 1 DAGs
[2023-11-24T10:51:18.532+0800] {logging_mixin.py:154} INFO - [2023-11-24T10:51:18.532+0800] {dag.py:3722} INFO - Setting next_dagrun for example_params_trigger_ui to None, run_after=None
[2023-11-24T10:51:18.556+0800] {processor.py:179} INFO - Processing /home/azfarmustafa/airflow_tutorial/.venv/lib/python3.10/site-packages/airflow/example_dags/example_params_trigger_ui.py took 0.092 seconds
[2023-11-24T10:52:04.994+0800] {processor.py:157} INFO - Started process (PID=60339) to work on /home/azfarmustafa/airflow_tutorial/.venv/lib/python3.10/site-packages/airflow/example_dags/example_params_trigger_ui.py
[2023-11-24T10:52:04.999+0800] {processor.py:829} INFO - Processing file /home/azfarmustafa/airflow_tutorial/.venv/lib/python3.10/site-packages/airflow/example_dags/example_params_trigger_ui.py for tasks to queue
[2023-11-24T10:52:04.999+0800] {logging_mixin.py:154} INFO - [2023-11-24T10:52:04.999+0800] {dagbag.py:536} INFO - Filling up the DagBag from /home/azfarmustafa/airflow_tutorial/.venv/lib/python3.10/site-packages/airflow/example_dags/example_params_trigger_ui.py
[2023-11-24T10:52:05.016+0800] {processor.py:839} INFO - DAG(s) dict_keys(['example_params_trigger_ui']) retrieved from /home/azfarmustafa/airflow_tutorial/.venv/lib/python3.10/site-packages/airflow/example_dags/example_params_trigger_ui.py
[2023-11-24T10:52:05.056+0800] {logging_mixin.py:154} INFO - [2023-11-24T10:52:05.056+0800] {dag.py:2941} INFO - Sync 1 DAGs
[2023-11-24T10:52:05.066+0800] {logging_mixin.py:154} INFO - [2023-11-24T10:52:05.065+0800] {dag.py:3722} INFO - Setting next_dagrun for example_params_trigger_ui to None, run_after=None
[2023-11-24T10:52:05.116+0800] {processor.py:179} INFO - Processing /home/azfarmustafa/airflow_tutorial/.venv/lib/python3.10/site-packages/airflow/example_dags/example_params_trigger_ui.py took 0.125 seconds
[2023-11-24T10:52:55.460+0800] {processor.py:157} INFO - Started process (PID=60388) to work on /home/azfarmustafa/airflow_tutorial/.venv/lib/python3.10/site-packages/airflow/example_dags/example_params_trigger_ui.py
[2023-11-24T10:52:55.465+0800] {processor.py:829} INFO - Processing file /home/azfarmustafa/airflow_tutorial/.venv/lib/python3.10/site-packages/airflow/example_dags/example_params_trigger_ui.py for tasks to queue
[2023-11-24T10:52:55.466+0800] {logging_mixin.py:154} INFO - [2023-11-24T10:52:55.465+0800] {dagbag.py:536} INFO - Filling up the DagBag from /home/azfarmustafa/airflow_tutorial/.venv/lib/python3.10/site-packages/airflow/example_dags/example_params_trigger_ui.py
[2023-11-24T10:52:55.486+0800] {processor.py:839} INFO - DAG(s) dict_keys(['example_params_trigger_ui']) retrieved from /home/azfarmustafa/airflow_tutorial/.venv/lib/python3.10/site-packages/airflow/example_dags/example_params_trigger_ui.py
[2023-11-24T10:52:55.527+0800] {logging_mixin.py:154} INFO - [2023-11-24T10:52:55.527+0800] {dag.py:2941} INFO - Sync 1 DAGs
[2023-11-24T10:52:55.542+0800] {logging_mixin.py:154} INFO - [2023-11-24T10:52:55.541+0800] {dag.py:3722} INFO - Setting next_dagrun for example_params_trigger_ui to None, run_after=None
[2023-11-24T10:52:55.569+0800] {processor.py:179} INFO - Processing /home/azfarmustafa/airflow_tutorial/.venv/lib/python3.10/site-packages/airflow/example_dags/example_params_trigger_ui.py took 0.111 seconds
[2023-11-24T10:53:41.598+0800] {processor.py:157} INFO - Started process (PID=60442) to work on /home/azfarmustafa/airflow_tutorial/.venv/lib/python3.10/site-packages/airflow/example_dags/example_params_trigger_ui.py
[2023-11-24T10:53:41.602+0800] {processor.py:829} INFO - Processing file /home/azfarmustafa/airflow_tutorial/.venv/lib/python3.10/site-packages/airflow/example_dags/example_params_trigger_ui.py for tasks to queue
[2023-11-24T10:53:41.603+0800] {logging_mixin.py:154} INFO - [2023-11-24T10:53:41.602+0800] {dagbag.py:536} INFO - Filling up the DagBag from /home/azfarmustafa/airflow_tutorial/.venv/lib/python3.10/site-packages/airflow/example_dags/example_params_trigger_ui.py
[2023-11-24T10:53:41.617+0800] {processor.py:839} INFO - DAG(s) dict_keys(['example_params_trigger_ui']) retrieved from /home/azfarmustafa/airflow_tutorial/.venv/lib/python3.10/site-packages/airflow/example_dags/example_params_trigger_ui.py
[2023-11-24T10:53:41.659+0800] {logging_mixin.py:154} INFO - [2023-11-24T10:53:41.659+0800] {dag.py:2941} INFO - Sync 1 DAGs
[2023-11-24T10:53:41.669+0800] {logging_mixin.py:154} INFO - [2023-11-24T10:53:41.669+0800] {dag.py:3722} INFO - Setting next_dagrun for example_params_trigger_ui to None, run_after=None
[2023-11-24T10:53:41.695+0800] {processor.py:179} INFO - Processing /home/azfarmustafa/airflow_tutorial/.venv/lib/python3.10/site-packages/airflow/example_dags/example_params_trigger_ui.py took 0.099 seconds
[2023-11-24T10:54:30.977+0800] {processor.py:157} INFO - Started process (PID=60491) to work on /home/azfarmustafa/airflow_tutorial/.venv/lib/python3.10/site-packages/airflow/example_dags/example_params_trigger_ui.py
[2023-11-24T10:54:30.982+0800] {processor.py:829} INFO - Processing file /home/azfarmustafa/airflow_tutorial/.venv/lib/python3.10/site-packages/airflow/example_dags/example_params_trigger_ui.py for tasks to queue
[2023-11-24T10:54:30.983+0800] {logging_mixin.py:154} INFO - [2023-11-24T10:54:30.982+0800] {dagbag.py:536} INFO - Filling up the DagBag from /home/azfarmustafa/airflow_tutorial/.venv/lib/python3.10/site-packages/airflow/example_dags/example_params_trigger_ui.py
[2023-11-24T10:54:30.999+0800] {processor.py:839} INFO - DAG(s) dict_keys(['example_params_trigger_ui']) retrieved from /home/azfarmustafa/airflow_tutorial/.venv/lib/python3.10/site-packages/airflow/example_dags/example_params_trigger_ui.py
[2023-11-24T10:54:31.036+0800] {logging_mixin.py:154} INFO - [2023-11-24T10:54:31.035+0800] {dag.py:2941} INFO - Sync 1 DAGs
[2023-11-24T10:54:31.046+0800] {logging_mixin.py:154} INFO - [2023-11-24T10:54:31.046+0800] {dag.py:3722} INFO - Setting next_dagrun for example_params_trigger_ui to None, run_after=None
[2023-11-24T10:54:31.069+0800] {processor.py:179} INFO - Processing /home/azfarmustafa/airflow_tutorial/.venv/lib/python3.10/site-packages/airflow/example_dags/example_params_trigger_ui.py took 0.096 seconds
[2023-11-24T10:55:18.249+0800] {processor.py:157} INFO - Started process (PID=60539) to work on /home/azfarmustafa/airflow_tutorial/.venv/lib/python3.10/site-packages/airflow/example_dags/example_params_trigger_ui.py
[2023-11-24T10:55:18.251+0800] {processor.py:829} INFO - Processing file /home/azfarmustafa/airflow_tutorial/.venv/lib/python3.10/site-packages/airflow/example_dags/example_params_trigger_ui.py for tasks to queue
[2023-11-24T10:55:18.252+0800] {logging_mixin.py:154} INFO - [2023-11-24T10:55:18.252+0800] {dagbag.py:536} INFO - Filling up the DagBag from /home/azfarmustafa/airflow_tutorial/.venv/lib/python3.10/site-packages/airflow/example_dags/example_params_trigger_ui.py
[2023-11-24T10:55:18.267+0800] {processor.py:839} INFO - DAG(s) dict_keys(['example_params_trigger_ui']) retrieved from /home/azfarmustafa/airflow_tutorial/.venv/lib/python3.10/site-packages/airflow/example_dags/example_params_trigger_ui.py
[2023-11-24T10:55:18.306+0800] {logging_mixin.py:154} INFO - [2023-11-24T10:55:18.306+0800] {dag.py:2941} INFO - Sync 1 DAGs
[2023-11-24T10:55:18.316+0800] {logging_mixin.py:154} INFO - [2023-11-24T10:55:18.316+0800] {dag.py:3722} INFO - Setting next_dagrun for example_params_trigger_ui to None, run_after=None
[2023-11-24T10:55:18.342+0800] {processor.py:179} INFO - Processing /home/azfarmustafa/airflow_tutorial/.venv/lib/python3.10/site-packages/airflow/example_dags/example_params_trigger_ui.py took 0.096 seconds
[2023-11-24T10:56:02.577+0800] {processor.py:157} INFO - Started process (PID=60584) to work on /home/azfarmustafa/airflow_tutorial/.venv/lib/python3.10/site-packages/airflow/example_dags/example_params_trigger_ui.py
[2023-11-24T10:56:02.581+0800] {processor.py:829} INFO - Processing file /home/azfarmustafa/airflow_tutorial/.venv/lib/python3.10/site-packages/airflow/example_dags/example_params_trigger_ui.py for tasks to queue
[2023-11-24T10:56:02.583+0800] {logging_mixin.py:154} INFO - [2023-11-24T10:56:02.582+0800] {dagbag.py:536} INFO - Filling up the DagBag from /home/azfarmustafa/airflow_tutorial/.venv/lib/python3.10/site-packages/airflow/example_dags/example_params_trigger_ui.py
[2023-11-24T10:56:02.598+0800] {processor.py:839} INFO - DAG(s) dict_keys(['example_params_trigger_ui']) retrieved from /home/azfarmustafa/airflow_tutorial/.venv/lib/python3.10/site-packages/airflow/example_dags/example_params_trigger_ui.py
[2023-11-24T10:56:02.640+0800] {logging_mixin.py:154} INFO - [2023-11-24T10:56:02.640+0800] {dag.py:2941} INFO - Sync 1 DAGs
[2023-11-24T10:56:02.652+0800] {logging_mixin.py:154} INFO - [2023-11-24T10:56:02.652+0800] {dag.py:3722} INFO - Setting next_dagrun for example_params_trigger_ui to None, run_after=None
[2023-11-24T10:56:02.679+0800] {processor.py:179} INFO - Processing /home/azfarmustafa/airflow_tutorial/.venv/lib/python3.10/site-packages/airflow/example_dags/example_params_trigger_ui.py took 0.105 seconds
[2023-11-24T10:56:45.728+0800] {processor.py:157} INFO - Started process (PID=60630) to work on /home/azfarmustafa/airflow_tutorial/.venv/lib/python3.10/site-packages/airflow/example_dags/example_params_trigger_ui.py
[2023-11-24T10:56:45.730+0800] {processor.py:829} INFO - Processing file /home/azfarmustafa/airflow_tutorial/.venv/lib/python3.10/site-packages/airflow/example_dags/example_params_trigger_ui.py for tasks to queue
[2023-11-24T10:56:45.730+0800] {logging_mixin.py:154} INFO - [2023-11-24T10:56:45.730+0800] {dagbag.py:536} INFO - Filling up the DagBag from /home/azfarmustafa/airflow_tutorial/.venv/lib/python3.10/site-packages/airflow/example_dags/example_params_trigger_ui.py
[2023-11-24T10:56:45.746+0800] {processor.py:839} INFO - DAG(s) dict_keys(['example_params_trigger_ui']) retrieved from /home/azfarmustafa/airflow_tutorial/.venv/lib/python3.10/site-packages/airflow/example_dags/example_params_trigger_ui.py
[2023-11-24T10:56:45.786+0800] {logging_mixin.py:154} INFO - [2023-11-24T10:56:45.786+0800] {dag.py:2941} INFO - Sync 1 DAGs
[2023-11-24T10:56:45.797+0800] {logging_mixin.py:154} INFO - [2023-11-24T10:56:45.797+0800] {dag.py:3722} INFO - Setting next_dagrun for example_params_trigger_ui to None, run_after=None
[2023-11-24T10:56:45.824+0800] {processor.py:179} INFO - Processing /home/azfarmustafa/airflow_tutorial/.venv/lib/python3.10/site-packages/airflow/example_dags/example_params_trigger_ui.py took 0.099 seconds
[2023-11-24T10:57:31.094+0800] {processor.py:157} INFO - Started process (PID=60676) to work on /home/azfarmustafa/airflow_tutorial/.venv/lib/python3.10/site-packages/airflow/example_dags/example_params_trigger_ui.py
[2023-11-24T10:57:31.099+0800] {processor.py:829} INFO - Processing file /home/azfarmustafa/airflow_tutorial/.venv/lib/python3.10/site-packages/airflow/example_dags/example_params_trigger_ui.py for tasks to queue
[2023-11-24T10:57:31.100+0800] {logging_mixin.py:154} INFO - [2023-11-24T10:57:31.100+0800] {dagbag.py:536} INFO - Filling up the DagBag from /home/azfarmustafa/airflow_tutorial/.venv/lib/python3.10/site-packages/airflow/example_dags/example_params_trigger_ui.py
[2023-11-24T10:57:31.115+0800] {processor.py:839} INFO - DAG(s) dict_keys(['example_params_trigger_ui']) retrieved from /home/azfarmustafa/airflow_tutorial/.venv/lib/python3.10/site-packages/airflow/example_dags/example_params_trigger_ui.py
[2023-11-24T10:57:31.152+0800] {logging_mixin.py:154} INFO - [2023-11-24T10:57:31.151+0800] {dag.py:2941} INFO - Sync 1 DAGs
[2023-11-24T10:57:31.161+0800] {logging_mixin.py:154} INFO - [2023-11-24T10:57:31.161+0800] {dag.py:3722} INFO - Setting next_dagrun for example_params_trigger_ui to None, run_after=None
[2023-11-24T10:57:31.186+0800] {processor.py:179} INFO - Processing /home/azfarmustafa/airflow_tutorial/.venv/lib/python3.10/site-packages/airflow/example_dags/example_params_trigger_ui.py took 0.094 seconds
[2023-11-24T10:58:13.847+0800] {processor.py:157} INFO - Started process (PID=60720) to work on /home/azfarmustafa/airflow_tutorial/.venv/lib/python3.10/site-packages/airflow/example_dags/example_params_trigger_ui.py
[2023-11-24T10:58:13.848+0800] {processor.py:829} INFO - Processing file /home/azfarmustafa/airflow_tutorial/.venv/lib/python3.10/site-packages/airflow/example_dags/example_params_trigger_ui.py for tasks to queue
[2023-11-24T10:58:13.849+0800] {logging_mixin.py:154} INFO - [2023-11-24T10:58:13.849+0800] {dagbag.py:536} INFO - Filling up the DagBag from /home/azfarmustafa/airflow_tutorial/.venv/lib/python3.10/site-packages/airflow/example_dags/example_params_trigger_ui.py
[2023-11-24T10:58:13.863+0800] {processor.py:839} INFO - DAG(s) dict_keys(['example_params_trigger_ui']) retrieved from /home/azfarmustafa/airflow_tutorial/.venv/lib/python3.10/site-packages/airflow/example_dags/example_params_trigger_ui.py
[2023-11-24T10:58:13.898+0800] {logging_mixin.py:154} INFO - [2023-11-24T10:58:13.898+0800] {dag.py:2941} INFO - Sync 1 DAGs
[2023-11-24T10:58:13.909+0800] {logging_mixin.py:154} INFO - [2023-11-24T10:58:13.908+0800] {dag.py:3722} INFO - Setting next_dagrun for example_params_trigger_ui to None, run_after=None
[2023-11-24T10:58:13.931+0800] {processor.py:179} INFO - Processing /home/azfarmustafa/airflow_tutorial/.venv/lib/python3.10/site-packages/airflow/example_dags/example_params_trigger_ui.py took 0.087 seconds
[2023-11-24T10:59:00.377+0800] {processor.py:157} INFO - Started process (PID=60768) to work on /home/azfarmustafa/airflow_tutorial/.venv/lib/python3.10/site-packages/airflow/example_dags/example_params_trigger_ui.py
[2023-11-24T10:59:00.381+0800] {processor.py:829} INFO - Processing file /home/azfarmustafa/airflow_tutorial/.venv/lib/python3.10/site-packages/airflow/example_dags/example_params_trigger_ui.py for tasks to queue
[2023-11-24T10:59:00.382+0800] {logging_mixin.py:154} INFO - [2023-11-24T10:59:00.381+0800] {dagbag.py:536} INFO - Filling up the DagBag from /home/azfarmustafa/airflow_tutorial/.venv/lib/python3.10/site-packages/airflow/example_dags/example_params_trigger_ui.py
[2023-11-24T10:59:00.396+0800] {processor.py:839} INFO - DAG(s) dict_keys(['example_params_trigger_ui']) retrieved from /home/azfarmustafa/airflow_tutorial/.venv/lib/python3.10/site-packages/airflow/example_dags/example_params_trigger_ui.py
[2023-11-24T10:59:00.434+0800] {logging_mixin.py:154} INFO - [2023-11-24T10:59:00.434+0800] {dag.py:2941} INFO - Sync 1 DAGs
[2023-11-24T10:59:00.444+0800] {logging_mixin.py:154} INFO - [2023-11-24T10:59:00.443+0800] {dag.py:3722} INFO - Setting next_dagrun for example_params_trigger_ui to None, run_after=None
[2023-11-24T10:59:00.472+0800] {processor.py:179} INFO - Processing /home/azfarmustafa/airflow_tutorial/.venv/lib/python3.10/site-packages/airflow/example_dags/example_params_trigger_ui.py took 0.098 seconds
[2023-11-24T10:59:47.174+0800] {processor.py:157} INFO - Started process (PID=60822) to work on /home/azfarmustafa/airflow_tutorial/.venv/lib/python3.10/site-packages/airflow/example_dags/example_params_trigger_ui.py
[2023-11-24T10:59:47.178+0800] {processor.py:829} INFO - Processing file /home/azfarmustafa/airflow_tutorial/.venv/lib/python3.10/site-packages/airflow/example_dags/example_params_trigger_ui.py for tasks to queue
[2023-11-24T10:59:47.179+0800] {logging_mixin.py:154} INFO - [2023-11-24T10:59:47.178+0800] {dagbag.py:536} INFO - Filling up the DagBag from /home/azfarmustafa/airflow_tutorial/.venv/lib/python3.10/site-packages/airflow/example_dags/example_params_trigger_ui.py
[2023-11-24T10:59:47.193+0800] {processor.py:839} INFO - DAG(s) dict_keys(['example_params_trigger_ui']) retrieved from /home/azfarmustafa/airflow_tutorial/.venv/lib/python3.10/site-packages/airflow/example_dags/example_params_trigger_ui.py
[2023-11-24T10:59:47.231+0800] {logging_mixin.py:154} INFO - [2023-11-24T10:59:47.231+0800] {dag.py:2941} INFO - Sync 1 DAGs
[2023-11-24T10:59:47.240+0800] {logging_mixin.py:154} INFO - [2023-11-24T10:59:47.240+0800] {dag.py:3722} INFO - Setting next_dagrun for example_params_trigger_ui to None, run_after=None
[2023-11-24T10:59:47.264+0800] {processor.py:179} INFO - Processing /home/azfarmustafa/airflow_tutorial/.venv/lib/python3.10/site-packages/airflow/example_dags/example_params_trigger_ui.py took 0.092 seconds
[2023-11-24T11:00:30.400+0800] {processor.py:157} INFO - Started process (PID=60868) to work on /home/azfarmustafa/airflow_tutorial/.venv/lib/python3.10/site-packages/airflow/example_dags/example_params_trigger_ui.py
[2023-11-24T11:00:30.404+0800] {processor.py:829} INFO - Processing file /home/azfarmustafa/airflow_tutorial/.venv/lib/python3.10/site-packages/airflow/example_dags/example_params_trigger_ui.py for tasks to queue
[2023-11-24T11:00:30.405+0800] {logging_mixin.py:154} INFO - [2023-11-24T11:00:30.405+0800] {dagbag.py:536} INFO - Filling up the DagBag from /home/azfarmustafa/airflow_tutorial/.venv/lib/python3.10/site-packages/airflow/example_dags/example_params_trigger_ui.py
[2023-11-24T11:00:30.419+0800] {processor.py:839} INFO - DAG(s) dict_keys(['example_params_trigger_ui']) retrieved from /home/azfarmustafa/airflow_tutorial/.venv/lib/python3.10/site-packages/airflow/example_dags/example_params_trigger_ui.py
[2023-11-24T11:00:30.458+0800] {logging_mixin.py:154} INFO - [2023-11-24T11:00:30.458+0800] {dag.py:2941} INFO - Sync 1 DAGs
[2023-11-24T11:00:30.468+0800] {logging_mixin.py:154} INFO - [2023-11-24T11:00:30.467+0800] {dag.py:3722} INFO - Setting next_dagrun for example_params_trigger_ui to None, run_after=None
[2023-11-24T11:00:30.494+0800] {processor.py:179} INFO - Processing /home/azfarmustafa/airflow_tutorial/.venv/lib/python3.10/site-packages/airflow/example_dags/example_params_trigger_ui.py took 0.097 seconds
[2023-11-24T11:01:15.775+0800] {processor.py:157} INFO - Started process (PID=60914) to work on /home/azfarmustafa/airflow_tutorial/.venv/lib/python3.10/site-packages/airflow/example_dags/example_params_trigger_ui.py
[2023-11-24T11:01:15.777+0800] {processor.py:829} INFO - Processing file /home/azfarmustafa/airflow_tutorial/.venv/lib/python3.10/site-packages/airflow/example_dags/example_params_trigger_ui.py for tasks to queue
[2023-11-24T11:01:15.779+0800] {logging_mixin.py:154} INFO - [2023-11-24T11:01:15.778+0800] {dagbag.py:536} INFO - Filling up the DagBag from /home/azfarmustafa/airflow_tutorial/.venv/lib/python3.10/site-packages/airflow/example_dags/example_params_trigger_ui.py
[2023-11-24T11:01:15.794+0800] {processor.py:839} INFO - DAG(s) dict_keys(['example_params_trigger_ui']) retrieved from /home/azfarmustafa/airflow_tutorial/.venv/lib/python3.10/site-packages/airflow/example_dags/example_params_trigger_ui.py
[2023-11-24T11:01:15.841+0800] {logging_mixin.py:154} INFO - [2023-11-24T11:01:15.841+0800] {dag.py:2941} INFO - Sync 1 DAGs
[2023-11-24T11:01:15.853+0800] {logging_mixin.py:154} INFO - [2023-11-24T11:01:15.853+0800] {dag.py:3722} INFO - Setting next_dagrun for example_params_trigger_ui to None, run_after=None
[2023-11-24T11:01:15.882+0800] {processor.py:179} INFO - Processing /home/azfarmustafa/airflow_tutorial/.venv/lib/python3.10/site-packages/airflow/example_dags/example_params_trigger_ui.py took 0.110 seconds
[2023-11-24T11:02:02.223+0800] {processor.py:157} INFO - Started process (PID=60961) to work on /home/azfarmustafa/airflow_tutorial/.venv/lib/python3.10/site-packages/airflow/example_dags/example_params_trigger_ui.py
[2023-11-24T11:02:02.228+0800] {processor.py:829} INFO - Processing file /home/azfarmustafa/airflow_tutorial/.venv/lib/python3.10/site-packages/airflow/example_dags/example_params_trigger_ui.py for tasks to queue
[2023-11-24T11:02:02.229+0800] {logging_mixin.py:154} INFO - [2023-11-24T11:02:02.228+0800] {dagbag.py:536} INFO - Filling up the DagBag from /home/azfarmustafa/airflow_tutorial/.venv/lib/python3.10/site-packages/airflow/example_dags/example_params_trigger_ui.py
[2023-11-24T11:02:02.245+0800] {processor.py:839} INFO - DAG(s) dict_keys(['example_params_trigger_ui']) retrieved from /home/azfarmustafa/airflow_tutorial/.venv/lib/python3.10/site-packages/airflow/example_dags/example_params_trigger_ui.py
[2023-11-24T11:02:02.289+0800] {logging_mixin.py:154} INFO - [2023-11-24T11:02:02.289+0800] {dag.py:2941} INFO - Sync 1 DAGs
[2023-11-24T11:02:02.302+0800] {logging_mixin.py:154} INFO - [2023-11-24T11:02:02.302+0800] {dag.py:3722} INFO - Setting next_dagrun for example_params_trigger_ui to None, run_after=None
[2023-11-24T11:02:02.331+0800] {processor.py:179} INFO - Processing /home/azfarmustafa/airflow_tutorial/.venv/lib/python3.10/site-packages/airflow/example_dags/example_params_trigger_ui.py took 0.111 seconds
[2023-11-24T11:02:47.231+0800] {processor.py:157} INFO - Started process (PID=61007) to work on /home/azfarmustafa/airflow_tutorial/.venv/lib/python3.10/site-packages/airflow/example_dags/example_params_trigger_ui.py
[2023-11-24T11:02:47.235+0800] {processor.py:829} INFO - Processing file /home/azfarmustafa/airflow_tutorial/.venv/lib/python3.10/site-packages/airflow/example_dags/example_params_trigger_ui.py for tasks to queue
[2023-11-24T11:02:47.236+0800] {logging_mixin.py:154} INFO - [2023-11-24T11:02:47.235+0800] {dagbag.py:536} INFO - Filling up the DagBag from /home/azfarmustafa/airflow_tutorial/.venv/lib/python3.10/site-packages/airflow/example_dags/example_params_trigger_ui.py
[2023-11-24T11:02:47.250+0800] {processor.py:839} INFO - DAG(s) dict_keys(['example_params_trigger_ui']) retrieved from /home/azfarmustafa/airflow_tutorial/.venv/lib/python3.10/site-packages/airflow/example_dags/example_params_trigger_ui.py
[2023-11-24T11:02:47.294+0800] {logging_mixin.py:154} INFO - [2023-11-24T11:02:47.294+0800] {dag.py:2941} INFO - Sync 1 DAGs
[2023-11-24T11:02:47.304+0800] {logging_mixin.py:154} INFO - [2023-11-24T11:02:47.304+0800] {dag.py:3722} INFO - Setting next_dagrun for example_params_trigger_ui to None, run_after=None
[2023-11-24T11:02:47.327+0800] {processor.py:179} INFO - Processing /home/azfarmustafa/airflow_tutorial/.venv/lib/python3.10/site-packages/airflow/example_dags/example_params_trigger_ui.py took 0.100 seconds
[2023-11-24T11:03:34.146+0800] {processor.py:157} INFO - Started process (PID=61058) to work on /home/azfarmustafa/airflow_tutorial/.venv/lib/python3.10/site-packages/airflow/example_dags/example_params_trigger_ui.py
[2023-11-24T11:03:34.147+0800] {processor.py:829} INFO - Processing file /home/azfarmustafa/airflow_tutorial/.venv/lib/python3.10/site-packages/airflow/example_dags/example_params_trigger_ui.py for tasks to queue
[2023-11-24T11:03:34.148+0800] {logging_mixin.py:154} INFO - [2023-11-24T11:03:34.148+0800] {dagbag.py:536} INFO - Filling up the DagBag from /home/azfarmustafa/airflow_tutorial/.venv/lib/python3.10/site-packages/airflow/example_dags/example_params_trigger_ui.py
[2023-11-24T11:03:34.163+0800] {processor.py:839} INFO - DAG(s) dict_keys(['example_params_trigger_ui']) retrieved from /home/azfarmustafa/airflow_tutorial/.venv/lib/python3.10/site-packages/airflow/example_dags/example_params_trigger_ui.py
[2023-11-24T11:03:34.199+0800] {logging_mixin.py:154} INFO - [2023-11-24T11:03:34.199+0800] {dag.py:2941} INFO - Sync 1 DAGs
[2023-11-24T11:03:34.209+0800] {logging_mixin.py:154} INFO - [2023-11-24T11:03:34.209+0800] {dag.py:3722} INFO - Setting next_dagrun for example_params_trigger_ui to None, run_after=None
[2023-11-24T11:03:34.237+0800] {processor.py:179} INFO - Processing /home/azfarmustafa/airflow_tutorial/.venv/lib/python3.10/site-packages/airflow/example_dags/example_params_trigger_ui.py took 0.093 seconds
[2023-11-24T11:04:25.863+0800] {processor.py:157} INFO - Started process (PID=61113) to work on /home/azfarmustafa/airflow_tutorial/.venv/lib/python3.10/site-packages/airflow/example_dags/example_params_trigger_ui.py
[2023-11-24T11:04:25.864+0800] {processor.py:829} INFO - Processing file /home/azfarmustafa/airflow_tutorial/.venv/lib/python3.10/site-packages/airflow/example_dags/example_params_trigger_ui.py for tasks to queue
[2023-11-24T11:04:25.865+0800] {logging_mixin.py:154} INFO - [2023-11-24T11:04:25.865+0800] {dagbag.py:536} INFO - Filling up the DagBag from /home/azfarmustafa/airflow_tutorial/.venv/lib/python3.10/site-packages/airflow/example_dags/example_params_trigger_ui.py
[2023-11-24T11:04:25.881+0800] {processor.py:839} INFO - DAG(s) dict_keys(['example_params_trigger_ui']) retrieved from /home/azfarmustafa/airflow_tutorial/.venv/lib/python3.10/site-packages/airflow/example_dags/example_params_trigger_ui.py
[2023-11-24T11:04:25.920+0800] {logging_mixin.py:154} INFO - [2023-11-24T11:04:25.920+0800] {dag.py:2941} INFO - Sync 1 DAGs
[2023-11-24T11:04:25.931+0800] {logging_mixin.py:154} INFO - [2023-11-24T11:04:25.931+0800] {dag.py:3722} INFO - Setting next_dagrun for example_params_trigger_ui to None, run_after=None
[2023-11-24T11:04:25.955+0800] {processor.py:179} INFO - Processing /home/azfarmustafa/airflow_tutorial/.venv/lib/python3.10/site-packages/airflow/example_dags/example_params_trigger_ui.py took 0.094 seconds
