[2023-11-24T10:26:07.226+0800] {processor.py:157} INFO - Started process (PID=58727) to work on /home/azfarmustafa/airflow_tutorial/.venv/lib/python3.10/site-packages/airflow/example_dags/example_setup_teardown.py
[2023-11-24T10:26:07.227+0800] {processor.py:829} INFO - Processing file /home/azfarmustafa/airflow_tutorial/.venv/lib/python3.10/site-packages/airflow/example_dags/example_setup_teardown.py for tasks to queue
[2023-11-24T10:26:07.227+0800] {logging_mixin.py:154} INFO - [2023-11-24T10:26:07.227+0800] {dagbag.py:536} INFO - Filling up the DagBag from /home/azfarmustafa/airflow_tutorial/.venv/lib/python3.10/site-packages/airflow/example_dags/example_setup_teardown.py
[2023-11-24T10:26:07.235+0800] {processor.py:839} INFO - DAG(s) dict_keys(['example_setup_teardown']) retrieved from /home/azfarmustafa/airflow_tutorial/.venv/lib/python3.10/site-packages/airflow/example_dags/example_setup_teardown.py
[2023-11-24T10:26:07.252+0800] {logging_mixin.py:154} INFO - [2023-11-24T10:26:07.252+0800] {dag.py:2941} INFO - Sync 1 DAGs
[2023-11-24T10:26:07.273+0800] {logging_mixin.py:154} INFO - [2023-11-24T10:26:07.273+0800] {dag.py:3722} INFO - Setting next_dagrun for example_setup_teardown to 2023-11-23T02:26:07.272796+00:00, run_after=2023-11-24T02:26:07.272796+00:00
[2023-11-24T10:26:07.312+0800] {processor.py:179} INFO - Processing /home/azfarmustafa/airflow_tutorial/.venv/lib/python3.10/site-packages/airflow/example_dags/example_setup_teardown.py took 0.090 seconds
[2023-11-24T10:26:57.875+0800] {processor.py:157} INFO - Started process (PID=58784) to work on /home/azfarmustafa/airflow_tutorial/.venv/lib/python3.10/site-packages/airflow/example_dags/example_setup_teardown.py
[2023-11-24T10:26:57.877+0800] {processor.py:829} INFO - Processing file /home/azfarmustafa/airflow_tutorial/.venv/lib/python3.10/site-packages/airflow/example_dags/example_setup_teardown.py for tasks to queue
[2023-11-24T10:26:57.878+0800] {logging_mixin.py:154} INFO - [2023-11-24T10:26:57.877+0800] {dagbag.py:536} INFO - Filling up the DagBag from /home/azfarmustafa/airflow_tutorial/.venv/lib/python3.10/site-packages/airflow/example_dags/example_setup_teardown.py
[2023-11-24T10:26:57.886+0800] {processor.py:839} INFO - DAG(s) dict_keys(['example_setup_teardown']) retrieved from /home/azfarmustafa/airflow_tutorial/.venv/lib/python3.10/site-packages/airflow/example_dags/example_setup_teardown.py
[2023-11-24T10:26:57.903+0800] {logging_mixin.py:154} INFO - [2023-11-24T10:26:57.903+0800] {dag.py:2941} INFO - Sync 1 DAGs
[2023-11-24T10:26:57.924+0800] {logging_mixin.py:154} INFO - [2023-11-24T10:26:57.923+0800] {dag.py:3722} INFO - Setting next_dagrun for example_setup_teardown to 2023-11-23T02:26:57.923675+00:00, run_after=2023-11-24T02:26:57.923675+00:00
[2023-11-24T10:26:57.952+0800] {processor.py:179} INFO - Processing /home/azfarmustafa/airflow_tutorial/.venv/lib/python3.10/site-packages/airflow/example_dags/example_setup_teardown.py took 0.080 seconds
[2023-11-24T10:27:44.539+0800] {processor.py:157} INFO - Started process (PID=58832) to work on /home/azfarmustafa/airflow_tutorial/.venv/lib/python3.10/site-packages/airflow/example_dags/example_setup_teardown.py
[2023-11-24T10:27:44.541+0800] {processor.py:829} INFO - Processing file /home/azfarmustafa/airflow_tutorial/.venv/lib/python3.10/site-packages/airflow/example_dags/example_setup_teardown.py for tasks to queue
[2023-11-24T10:27:44.543+0800] {logging_mixin.py:154} INFO - [2023-11-24T10:27:44.542+0800] {dagbag.py:536} INFO - Filling up the DagBag from /home/azfarmustafa/airflow_tutorial/.venv/lib/python3.10/site-packages/airflow/example_dags/example_setup_teardown.py
[2023-11-24T10:27:44.553+0800] {processor.py:839} INFO - DAG(s) dict_keys(['example_setup_teardown']) retrieved from /home/azfarmustafa/airflow_tutorial/.venv/lib/python3.10/site-packages/airflow/example_dags/example_setup_teardown.py
[2023-11-24T10:27:44.573+0800] {logging_mixin.py:154} INFO - [2023-11-24T10:27:44.572+0800] {dag.py:2941} INFO - Sync 1 DAGs
[2023-11-24T10:27:44.596+0800] {logging_mixin.py:154} INFO - [2023-11-24T10:27:44.596+0800] {dag.py:3722} INFO - Setting next_dagrun for example_setup_teardown to 2023-11-23T02:27:44.595849+00:00, run_after=2023-11-24T02:27:44.595849+00:00
[2023-11-24T10:27:44.621+0800] {processor.py:179} INFO - Processing /home/azfarmustafa/airflow_tutorial/.venv/lib/python3.10/site-packages/airflow/example_dags/example_setup_teardown.py took 0.087 seconds
[2023-11-24T10:28:31.018+0800] {processor.py:157} INFO - Started process (PID=58878) to work on /home/azfarmustafa/airflow_tutorial/.venv/lib/python3.10/site-packages/airflow/example_dags/example_setup_teardown.py
[2023-11-24T10:28:31.022+0800] {processor.py:829} INFO - Processing file /home/azfarmustafa/airflow_tutorial/.venv/lib/python3.10/site-packages/airflow/example_dags/example_setup_teardown.py for tasks to queue
[2023-11-24T10:28:31.023+0800] {logging_mixin.py:154} INFO - [2023-11-24T10:28:31.023+0800] {dagbag.py:536} INFO - Filling up the DagBag from /home/azfarmustafa/airflow_tutorial/.venv/lib/python3.10/site-packages/airflow/example_dags/example_setup_teardown.py
[2023-11-24T10:28:31.030+0800] {processor.py:839} INFO - DAG(s) dict_keys(['example_setup_teardown']) retrieved from /home/azfarmustafa/airflow_tutorial/.venv/lib/python3.10/site-packages/airflow/example_dags/example_setup_teardown.py
[2023-11-24T10:28:31.046+0800] {logging_mixin.py:154} INFO - [2023-11-24T10:28:31.046+0800] {dag.py:2941} INFO - Sync 1 DAGs
[2023-11-24T10:28:31.064+0800] {logging_mixin.py:154} INFO - [2023-11-24T10:28:31.063+0800] {dag.py:3722} INFO - Setting next_dagrun for example_setup_teardown to 2023-11-23T02:28:31.063568+00:00, run_after=2023-11-24T02:28:31.063568+00:00
[2023-11-24T10:28:31.089+0800] {processor.py:179} INFO - Processing /home/azfarmustafa/airflow_tutorial/.venv/lib/python3.10/site-packages/airflow/example_dags/example_setup_teardown.py took 0.075 seconds
[2023-11-24T10:29:20.578+0800] {processor.py:157} INFO - Started process (PID=58934) to work on /home/azfarmustafa/airflow_tutorial/.venv/lib/python3.10/site-packages/airflow/example_dags/example_setup_teardown.py
[2023-11-24T10:29:20.582+0800] {processor.py:829} INFO - Processing file /home/azfarmustafa/airflow_tutorial/.venv/lib/python3.10/site-packages/airflow/example_dags/example_setup_teardown.py for tasks to queue
[2023-11-24T10:29:20.583+0800] {logging_mixin.py:154} INFO - [2023-11-24T10:29:20.583+0800] {dagbag.py:536} INFO - Filling up the DagBag from /home/azfarmustafa/airflow_tutorial/.venv/lib/python3.10/site-packages/airflow/example_dags/example_setup_teardown.py
[2023-11-24T10:29:20.589+0800] {processor.py:839} INFO - DAG(s) dict_keys(['example_setup_teardown']) retrieved from /home/azfarmustafa/airflow_tutorial/.venv/lib/python3.10/site-packages/airflow/example_dags/example_setup_teardown.py
[2023-11-24T10:29:20.607+0800] {logging_mixin.py:154} INFO - [2023-11-24T10:29:20.606+0800] {dag.py:2941} INFO - Sync 1 DAGs
[2023-11-24T10:29:20.630+0800] {logging_mixin.py:154} INFO - [2023-11-24T10:29:20.630+0800] {dag.py:3722} INFO - Setting next_dagrun for example_setup_teardown to 2023-11-23T02:29:20.629747+00:00, run_after=2023-11-24T02:29:20.629747+00:00
[2023-11-24T10:29:20.657+0800] {processor.py:179} INFO - Processing /home/azfarmustafa/airflow_tutorial/.venv/lib/python3.10/site-packages/airflow/example_dags/example_setup_teardown.py took 0.083 seconds
[2023-11-24T10:30:07.181+0800] {processor.py:157} INFO - Started process (PID=58982) to work on /home/azfarmustafa/airflow_tutorial/.venv/lib/python3.10/site-packages/airflow/example_dags/example_setup_teardown.py
[2023-11-24T10:30:07.186+0800] {processor.py:829} INFO - Processing file /home/azfarmustafa/airflow_tutorial/.venv/lib/python3.10/site-packages/airflow/example_dags/example_setup_teardown.py for tasks to queue
[2023-11-24T10:30:07.186+0800] {logging_mixin.py:154} INFO - [2023-11-24T10:30:07.186+0800] {dagbag.py:536} INFO - Filling up the DagBag from /home/azfarmustafa/airflow_tutorial/.venv/lib/python3.10/site-packages/airflow/example_dags/example_setup_teardown.py
[2023-11-24T10:30:07.192+0800] {processor.py:839} INFO - DAG(s) dict_keys(['example_setup_teardown']) retrieved from /home/azfarmustafa/airflow_tutorial/.venv/lib/python3.10/site-packages/airflow/example_dags/example_setup_teardown.py
[2023-11-24T10:30:07.206+0800] {logging_mixin.py:154} INFO - [2023-11-24T10:30:07.206+0800] {dag.py:2941} INFO - Sync 1 DAGs
[2023-11-24T10:30:07.224+0800] {logging_mixin.py:154} INFO - [2023-11-24T10:30:07.224+0800] {dag.py:3722} INFO - Setting next_dagrun for example_setup_teardown to 2023-11-23T02:30:07.224379+00:00, run_after=2023-11-24T02:30:07.224379+00:00
[2023-11-24T10:30:07.247+0800] {processor.py:179} INFO - Processing /home/azfarmustafa/airflow_tutorial/.venv/lib/python3.10/site-packages/airflow/example_dags/example_setup_teardown.py took 0.068 seconds
[2023-11-24T10:30:53.743+0800] {processor.py:157} INFO - Started process (PID=59030) to work on /home/azfarmustafa/airflow_tutorial/.venv/lib/python3.10/site-packages/airflow/example_dags/example_setup_teardown.py
[2023-11-24T10:30:53.747+0800] {processor.py:829} INFO - Processing file /home/azfarmustafa/airflow_tutorial/.venv/lib/python3.10/site-packages/airflow/example_dags/example_setup_teardown.py for tasks to queue
[2023-11-24T10:30:53.748+0800] {logging_mixin.py:154} INFO - [2023-11-24T10:30:53.748+0800] {dagbag.py:536} INFO - Filling up the DagBag from /home/azfarmustafa/airflow_tutorial/.venv/lib/python3.10/site-packages/airflow/example_dags/example_setup_teardown.py
[2023-11-24T10:30:53.756+0800] {processor.py:839} INFO - DAG(s) dict_keys(['example_setup_teardown']) retrieved from /home/azfarmustafa/airflow_tutorial/.venv/lib/python3.10/site-packages/airflow/example_dags/example_setup_teardown.py
[2023-11-24T10:30:53.771+0800] {logging_mixin.py:154} INFO - [2023-11-24T10:30:53.771+0800] {dag.py:2941} INFO - Sync 1 DAGs
[2023-11-24T10:30:53.788+0800] {logging_mixin.py:154} INFO - [2023-11-24T10:30:53.788+0800] {dag.py:3722} INFO - Setting next_dagrun for example_setup_teardown to 2023-11-23T02:30:53.787920+00:00, run_after=2023-11-24T02:30:53.787920+00:00
[2023-11-24T10:30:53.814+0800] {processor.py:179} INFO - Processing /home/azfarmustafa/airflow_tutorial/.venv/lib/python3.10/site-packages/airflow/example_dags/example_setup_teardown.py took 0.074 seconds
[2023-11-24T10:31:43.809+0800] {processor.py:157} INFO - Started process (PID=59080) to work on /home/azfarmustafa/airflow_tutorial/.venv/lib/python3.10/site-packages/airflow/example_dags/example_setup_teardown.py
[2023-11-24T10:31:43.813+0800] {processor.py:829} INFO - Processing file /home/azfarmustafa/airflow_tutorial/.venv/lib/python3.10/site-packages/airflow/example_dags/example_setup_teardown.py for tasks to queue
[2023-11-24T10:31:43.814+0800] {logging_mixin.py:154} INFO - [2023-11-24T10:31:43.814+0800] {dagbag.py:536} INFO - Filling up the DagBag from /home/azfarmustafa/airflow_tutorial/.venv/lib/python3.10/site-packages/airflow/example_dags/example_setup_teardown.py
[2023-11-24T10:31:43.820+0800] {processor.py:839} INFO - DAG(s) dict_keys(['example_setup_teardown']) retrieved from /home/azfarmustafa/airflow_tutorial/.venv/lib/python3.10/site-packages/airflow/example_dags/example_setup_teardown.py
[2023-11-24T10:31:43.833+0800] {logging_mixin.py:154} INFO - [2023-11-24T10:31:43.833+0800] {dag.py:2941} INFO - Sync 1 DAGs
[2023-11-24T10:31:43.854+0800] {logging_mixin.py:154} INFO - [2023-11-24T10:31:43.854+0800] {dag.py:3722} INFO - Setting next_dagrun for example_setup_teardown to 2023-11-23T02:31:43.853835+00:00, run_after=2023-11-24T02:31:43.853835+00:00
[2023-11-24T10:31:43.880+0800] {processor.py:179} INFO - Processing /home/azfarmustafa/airflow_tutorial/.venv/lib/python3.10/site-packages/airflow/example_dags/example_setup_teardown.py took 0.073 seconds
[2023-11-24T10:32:30.672+0800] {processor.py:157} INFO - Started process (PID=59127) to work on /home/azfarmustafa/airflow_tutorial/.venv/lib/python3.10/site-packages/airflow/example_dags/example_setup_teardown.py
[2023-11-24T10:32:30.676+0800] {processor.py:829} INFO - Processing file /home/azfarmustafa/airflow_tutorial/.venv/lib/python3.10/site-packages/airflow/example_dags/example_setup_teardown.py for tasks to queue
[2023-11-24T10:32:30.677+0800] {logging_mixin.py:154} INFO - [2023-11-24T10:32:30.677+0800] {dagbag.py:536} INFO - Filling up the DagBag from /home/azfarmustafa/airflow_tutorial/.venv/lib/python3.10/site-packages/airflow/example_dags/example_setup_teardown.py
[2023-11-24T10:32:30.683+0800] {processor.py:839} INFO - DAG(s) dict_keys(['example_setup_teardown']) retrieved from /home/azfarmustafa/airflow_tutorial/.venv/lib/python3.10/site-packages/airflow/example_dags/example_setup_teardown.py
[2023-11-24T10:32:30.697+0800] {logging_mixin.py:154} INFO - [2023-11-24T10:32:30.697+0800] {dag.py:2941} INFO - Sync 1 DAGs
[2023-11-24T10:32:30.718+0800] {logging_mixin.py:154} INFO - [2023-11-24T10:32:30.718+0800] {dag.py:3722} INFO - Setting next_dagrun for example_setup_teardown to 2023-11-23T02:32:30.718172+00:00, run_after=2023-11-24T02:32:30.718172+00:00
[2023-11-24T10:32:30.742+0800] {processor.py:179} INFO - Processing /home/azfarmustafa/airflow_tutorial/.venv/lib/python3.10/site-packages/airflow/example_dags/example_setup_teardown.py took 0.073 seconds
[2023-11-24T10:33:22.235+0800] {processor.py:157} INFO - Started process (PID=59177) to work on /home/azfarmustafa/airflow_tutorial/.venv/lib/python3.10/site-packages/airflow/example_dags/example_setup_teardown.py
[2023-11-24T10:33:22.240+0800] {processor.py:829} INFO - Processing file /home/azfarmustafa/airflow_tutorial/.venv/lib/python3.10/site-packages/airflow/example_dags/example_setup_teardown.py for tasks to queue
[2023-11-24T10:33:22.241+0800] {logging_mixin.py:154} INFO - [2023-11-24T10:33:22.240+0800] {dagbag.py:536} INFO - Filling up the DagBag from /home/azfarmustafa/airflow_tutorial/.venv/lib/python3.10/site-packages/airflow/example_dags/example_setup_teardown.py
[2023-11-24T10:33:22.246+0800] {processor.py:839} INFO - DAG(s) dict_keys(['example_setup_teardown']) retrieved from /home/azfarmustafa/airflow_tutorial/.venv/lib/python3.10/site-packages/airflow/example_dags/example_setup_teardown.py
[2023-11-24T10:33:22.262+0800] {logging_mixin.py:154} INFO - [2023-11-24T10:33:22.261+0800] {dag.py:2941} INFO - Sync 1 DAGs
[2023-11-24T10:33:22.282+0800] {logging_mixin.py:154} INFO - [2023-11-24T10:33:22.282+0800] {dag.py:3722} INFO - Setting next_dagrun for example_setup_teardown to 2023-11-23T02:33:22.282428+00:00, run_after=2023-11-24T02:33:22.282428+00:00
[2023-11-24T10:33:22.306+0800] {processor.py:179} INFO - Processing /home/azfarmustafa/airflow_tutorial/.venv/lib/python3.10/site-packages/airflow/example_dags/example_setup_teardown.py took 0.073 seconds
[2023-11-24T10:34:14.520+0800] {processor.py:157} INFO - Started process (PID=59229) to work on /home/azfarmustafa/airflow_tutorial/.venv/lib/python3.10/site-packages/airflow/example_dags/example_setup_teardown.py
[2023-11-24T10:34:14.524+0800] {processor.py:829} INFO - Processing file /home/azfarmustafa/airflow_tutorial/.venv/lib/python3.10/site-packages/airflow/example_dags/example_setup_teardown.py for tasks to queue
[2023-11-24T10:34:14.525+0800] {logging_mixin.py:154} INFO - [2023-11-24T10:34:14.524+0800] {dagbag.py:536} INFO - Filling up the DagBag from /home/azfarmustafa/airflow_tutorial/.venv/lib/python3.10/site-packages/airflow/example_dags/example_setup_teardown.py
[2023-11-24T10:34:14.531+0800] {processor.py:839} INFO - DAG(s) dict_keys(['example_setup_teardown']) retrieved from /home/azfarmustafa/airflow_tutorial/.venv/lib/python3.10/site-packages/airflow/example_dags/example_setup_teardown.py
[2023-11-24T10:34:14.548+0800] {logging_mixin.py:154} INFO - [2023-11-24T10:34:14.548+0800] {dag.py:2941} INFO - Sync 1 DAGs
[2023-11-24T10:34:14.567+0800] {logging_mixin.py:154} INFO - [2023-11-24T10:34:14.567+0800] {dag.py:3722} INFO - Setting next_dagrun for example_setup_teardown to 2023-11-23T02:34:14.567391+00:00, run_after=2023-11-24T02:34:14.567391+00:00
[2023-11-24T10:34:14.591+0800] {processor.py:179} INFO - Processing /home/azfarmustafa/airflow_tutorial/.venv/lib/python3.10/site-packages/airflow/example_dags/example_setup_teardown.py took 0.074 seconds
[2023-11-24T10:34:58.534+0800] {processor.py:157} INFO - Started process (PID=59281) to work on /home/azfarmustafa/airflow_tutorial/.venv/lib/python3.10/site-packages/airflow/example_dags/example_setup_teardown.py
[2023-11-24T10:34:58.539+0800] {processor.py:829} INFO - Processing file /home/azfarmustafa/airflow_tutorial/.venv/lib/python3.10/site-packages/airflow/example_dags/example_setup_teardown.py for tasks to queue
[2023-11-24T10:34:58.539+0800] {logging_mixin.py:154} INFO - [2023-11-24T10:34:58.539+0800] {dagbag.py:536} INFO - Filling up the DagBag from /home/azfarmustafa/airflow_tutorial/.venv/lib/python3.10/site-packages/airflow/example_dags/example_setup_teardown.py
[2023-11-24T10:34:58.545+0800] {processor.py:839} INFO - DAG(s) dict_keys(['example_setup_teardown']) retrieved from /home/azfarmustafa/airflow_tutorial/.venv/lib/python3.10/site-packages/airflow/example_dags/example_setup_teardown.py
[2023-11-24T10:34:58.560+0800] {logging_mixin.py:154} INFO - [2023-11-24T10:34:58.560+0800] {dag.py:2941} INFO - Sync 1 DAGs
[2023-11-24T10:34:58.578+0800] {logging_mixin.py:154} INFO - [2023-11-24T10:34:58.577+0800] {dag.py:3722} INFO - Setting next_dagrun for example_setup_teardown to 2023-11-23T02:34:58.577739+00:00, run_after=2023-11-24T02:34:58.577739+00:00
[2023-11-24T10:34:58.603+0800] {processor.py:179} INFO - Processing /home/azfarmustafa/airflow_tutorial/.venv/lib/python3.10/site-packages/airflow/example_dags/example_setup_teardown.py took 0.071 seconds
[2023-11-24T10:35:46.264+0800] {processor.py:157} INFO - Started process (PID=59330) to work on /home/azfarmustafa/airflow_tutorial/.venv/lib/python3.10/site-packages/airflow/example_dags/example_setup_teardown.py
[2023-11-24T10:35:46.266+0800] {processor.py:829} INFO - Processing file /home/azfarmustafa/airflow_tutorial/.venv/lib/python3.10/site-packages/airflow/example_dags/example_setup_teardown.py for tasks to queue
[2023-11-24T10:35:46.267+0800] {logging_mixin.py:154} INFO - [2023-11-24T10:35:46.266+0800] {dagbag.py:536} INFO - Filling up the DagBag from /home/azfarmustafa/airflow_tutorial/.venv/lib/python3.10/site-packages/airflow/example_dags/example_setup_teardown.py
[2023-11-24T10:35:46.273+0800] {processor.py:839} INFO - DAG(s) dict_keys(['example_setup_teardown']) retrieved from /home/azfarmustafa/airflow_tutorial/.venv/lib/python3.10/site-packages/airflow/example_dags/example_setup_teardown.py
[2023-11-24T10:35:46.286+0800] {logging_mixin.py:154} INFO - [2023-11-24T10:35:46.286+0800] {dag.py:2941} INFO - Sync 1 DAGs
[2023-11-24T10:35:46.307+0800] {logging_mixin.py:154} INFO - [2023-11-24T10:35:46.307+0800] {dag.py:3722} INFO - Setting next_dagrun for example_setup_teardown to 2023-11-23T02:35:46.306999+00:00, run_after=2023-11-24T02:35:46.306999+00:00
[2023-11-24T10:35:46.333+0800] {processor.py:179} INFO - Processing /home/azfarmustafa/airflow_tutorial/.venv/lib/python3.10/site-packages/airflow/example_dags/example_setup_teardown.py took 0.072 seconds
[2023-11-24T10:36:28.387+0800] {processor.py:157} INFO - Started process (PID=59376) to work on /home/azfarmustafa/airflow_tutorial/.venv/lib/python3.10/site-packages/airflow/example_dags/example_setup_teardown.py
[2023-11-24T10:36:28.388+0800] {processor.py:829} INFO - Processing file /home/azfarmustafa/airflow_tutorial/.venv/lib/python3.10/site-packages/airflow/example_dags/example_setup_teardown.py for tasks to queue
[2023-11-24T10:36:28.389+0800] {logging_mixin.py:154} INFO - [2023-11-24T10:36:28.389+0800] {dagbag.py:536} INFO - Filling up the DagBag from /home/azfarmustafa/airflow_tutorial/.venv/lib/python3.10/site-packages/airflow/example_dags/example_setup_teardown.py
[2023-11-24T10:36:28.395+0800] {processor.py:839} INFO - DAG(s) dict_keys(['example_setup_teardown']) retrieved from /home/azfarmustafa/airflow_tutorial/.venv/lib/python3.10/site-packages/airflow/example_dags/example_setup_teardown.py
[2023-11-24T10:36:28.408+0800] {logging_mixin.py:154} INFO - [2023-11-24T10:36:28.408+0800] {dag.py:2941} INFO - Sync 1 DAGs
[2023-11-24T10:36:28.425+0800] {logging_mixin.py:154} INFO - [2023-11-24T10:36:28.425+0800] {dag.py:3722} INFO - Setting next_dagrun for example_setup_teardown to 2023-11-23T02:36:28.425342+00:00, run_after=2023-11-24T02:36:28.425342+00:00
[2023-11-24T10:36:28.454+0800] {processor.py:179} INFO - Processing /home/azfarmustafa/airflow_tutorial/.venv/lib/python3.10/site-packages/airflow/example_dags/example_setup_teardown.py took 0.070 seconds
[2023-11-24T10:37:13.653+0800] {processor.py:157} INFO - Started process (PID=59422) to work on /home/azfarmustafa/airflow_tutorial/.venv/lib/python3.10/site-packages/airflow/example_dags/example_setup_teardown.py
[2023-11-24T10:37:13.657+0800] {processor.py:829} INFO - Processing file /home/azfarmustafa/airflow_tutorial/.venv/lib/python3.10/site-packages/airflow/example_dags/example_setup_teardown.py for tasks to queue
[2023-11-24T10:37:13.658+0800] {logging_mixin.py:154} INFO - [2023-11-24T10:37:13.657+0800] {dagbag.py:536} INFO - Filling up the DagBag from /home/azfarmustafa/airflow_tutorial/.venv/lib/python3.10/site-packages/airflow/example_dags/example_setup_teardown.py
[2023-11-24T10:37:13.663+0800] {processor.py:839} INFO - DAG(s) dict_keys(['example_setup_teardown']) retrieved from /home/azfarmustafa/airflow_tutorial/.venv/lib/python3.10/site-packages/airflow/example_dags/example_setup_teardown.py
[2023-11-24T10:37:13.677+0800] {logging_mixin.py:154} INFO - [2023-11-24T10:37:13.677+0800] {dag.py:2941} INFO - Sync 1 DAGs
[2023-11-24T10:37:13.698+0800] {logging_mixin.py:154} INFO - [2023-11-24T10:37:13.698+0800] {dag.py:3722} INFO - Setting next_dagrun for example_setup_teardown to 2023-11-23T02:37:13.697840+00:00, run_after=2023-11-24T02:37:13.697840+00:00
[2023-11-24T10:37:13.724+0800] {processor.py:179} INFO - Processing /home/azfarmustafa/airflow_tutorial/.venv/lib/python3.10/site-packages/airflow/example_dags/example_setup_teardown.py took 0.073 seconds
[2023-11-24T10:37:59.407+0800] {processor.py:157} INFO - Started process (PID=59468) to work on /home/azfarmustafa/airflow_tutorial/.venv/lib/python3.10/site-packages/airflow/example_dags/example_setup_teardown.py
[2023-11-24T10:37:59.412+0800] {processor.py:829} INFO - Processing file /home/azfarmustafa/airflow_tutorial/.venv/lib/python3.10/site-packages/airflow/example_dags/example_setup_teardown.py for tasks to queue
[2023-11-24T10:37:59.413+0800] {logging_mixin.py:154} INFO - [2023-11-24T10:37:59.412+0800] {dagbag.py:536} INFO - Filling up the DagBag from /home/azfarmustafa/airflow_tutorial/.venv/lib/python3.10/site-packages/airflow/example_dags/example_setup_teardown.py
[2023-11-24T10:37:59.421+0800] {processor.py:839} INFO - DAG(s) dict_keys(['example_setup_teardown']) retrieved from /home/azfarmustafa/airflow_tutorial/.venv/lib/python3.10/site-packages/airflow/example_dags/example_setup_teardown.py
[2023-11-24T10:37:59.438+0800] {logging_mixin.py:154} INFO - [2023-11-24T10:37:59.437+0800] {dag.py:2941} INFO - Sync 1 DAGs
[2023-11-24T10:37:59.457+0800] {logging_mixin.py:154} INFO - [2023-11-24T10:37:59.457+0800] {dag.py:3722} INFO - Setting next_dagrun for example_setup_teardown to 2023-11-23T02:37:59.456920+00:00, run_after=2023-11-24T02:37:59.456920+00:00
[2023-11-24T10:37:59.483+0800] {processor.py:179} INFO - Processing /home/azfarmustafa/airflow_tutorial/.venv/lib/python3.10/site-packages/airflow/example_dags/example_setup_teardown.py took 0.080 seconds
[2023-11-24T10:38:48.132+0800] {processor.py:157} INFO - Started process (PID=59517) to work on /home/azfarmustafa/airflow_tutorial/.venv/lib/python3.10/site-packages/airflow/example_dags/example_setup_teardown.py
[2023-11-24T10:38:48.136+0800] {processor.py:829} INFO - Processing file /home/azfarmustafa/airflow_tutorial/.venv/lib/python3.10/site-packages/airflow/example_dags/example_setup_teardown.py for tasks to queue
[2023-11-24T10:38:48.137+0800] {logging_mixin.py:154} INFO - [2023-11-24T10:38:48.137+0800] {dagbag.py:536} INFO - Filling up the DagBag from /home/azfarmustafa/airflow_tutorial/.venv/lib/python3.10/site-packages/airflow/example_dags/example_setup_teardown.py
[2023-11-24T10:38:48.143+0800] {processor.py:839} INFO - DAG(s) dict_keys(['example_setup_teardown']) retrieved from /home/azfarmustafa/airflow_tutorial/.venv/lib/python3.10/site-packages/airflow/example_dags/example_setup_teardown.py
[2023-11-24T10:38:48.157+0800] {logging_mixin.py:154} INFO - [2023-11-24T10:38:48.157+0800] {dag.py:2941} INFO - Sync 1 DAGs
[2023-11-24T10:38:48.175+0800] {logging_mixin.py:154} INFO - [2023-11-24T10:38:48.174+0800] {dag.py:3722} INFO - Setting next_dagrun for example_setup_teardown to 2023-11-23T02:38:48.174342+00:00, run_after=2023-11-24T02:38:48.174342+00:00
[2023-11-24T10:38:48.221+0800] {processor.py:179} INFO - Processing /home/azfarmustafa/airflow_tutorial/.venv/lib/python3.10/site-packages/airflow/example_dags/example_setup_teardown.py took 0.092 seconds
[2023-11-24T10:39:37.569+0800] {processor.py:157} INFO - Started process (PID=59566) to work on /home/azfarmustafa/airflow_tutorial/.venv/lib/python3.10/site-packages/airflow/example_dags/example_setup_teardown.py
[2023-11-24T10:39:37.574+0800] {processor.py:829} INFO - Processing file /home/azfarmustafa/airflow_tutorial/.venv/lib/python3.10/site-packages/airflow/example_dags/example_setup_teardown.py for tasks to queue
[2023-11-24T10:39:37.574+0800] {logging_mixin.py:154} INFO - [2023-11-24T10:39:37.574+0800] {dagbag.py:536} INFO - Filling up the DagBag from /home/azfarmustafa/airflow_tutorial/.venv/lib/python3.10/site-packages/airflow/example_dags/example_setup_teardown.py
[2023-11-24T10:39:37.580+0800] {processor.py:839} INFO - DAG(s) dict_keys(['example_setup_teardown']) retrieved from /home/azfarmustafa/airflow_tutorial/.venv/lib/python3.10/site-packages/airflow/example_dags/example_setup_teardown.py
[2023-11-24T10:39:37.597+0800] {logging_mixin.py:154} INFO - [2023-11-24T10:39:37.597+0800] {dag.py:2941} INFO - Sync 1 DAGs
[2023-11-24T10:39:37.614+0800] {logging_mixin.py:154} INFO - [2023-11-24T10:39:37.614+0800] {dag.py:3722} INFO - Setting next_dagrun for example_setup_teardown to 2023-11-23T02:39:37.613835+00:00, run_after=2023-11-24T02:39:37.613835+00:00
[2023-11-24T10:39:37.641+0800] {processor.py:179} INFO - Processing /home/azfarmustafa/airflow_tutorial/.venv/lib/python3.10/site-packages/airflow/example_dags/example_setup_teardown.py took 0.074 seconds
[2023-11-24T10:40:27.060+0800] {processor.py:157} INFO - Started process (PID=59617) to work on /home/azfarmustafa/airflow_tutorial/.venv/lib/python3.10/site-packages/airflow/example_dags/example_setup_teardown.py
[2023-11-24T10:40:27.065+0800] {processor.py:829} INFO - Processing file /home/azfarmustafa/airflow_tutorial/.venv/lib/python3.10/site-packages/airflow/example_dags/example_setup_teardown.py for tasks to queue
[2023-11-24T10:40:27.066+0800] {logging_mixin.py:154} INFO - [2023-11-24T10:40:27.065+0800] {dagbag.py:536} INFO - Filling up the DagBag from /home/azfarmustafa/airflow_tutorial/.venv/lib/python3.10/site-packages/airflow/example_dags/example_setup_teardown.py
[2023-11-24T10:40:27.071+0800] {processor.py:839} INFO - DAG(s) dict_keys(['example_setup_teardown']) retrieved from /home/azfarmustafa/airflow_tutorial/.venv/lib/python3.10/site-packages/airflow/example_dags/example_setup_teardown.py
[2023-11-24T10:40:27.089+0800] {logging_mixin.py:154} INFO - [2023-11-24T10:40:27.088+0800] {dag.py:2941} INFO - Sync 1 DAGs
[2023-11-24T10:40:27.108+0800] {logging_mixin.py:154} INFO - [2023-11-24T10:40:27.108+0800] {dag.py:3722} INFO - Setting next_dagrun for example_setup_teardown to 2023-11-23T02:40:27.107673+00:00, run_after=2023-11-24T02:40:27.107673+00:00
[2023-11-24T10:40:27.136+0800] {processor.py:179} INFO - Processing /home/azfarmustafa/airflow_tutorial/.venv/lib/python3.10/site-packages/airflow/example_dags/example_setup_teardown.py took 0.080 seconds
[2023-11-24T10:41:12.229+0800] {processor.py:157} INFO - Started process (PID=59668) to work on /home/azfarmustafa/airflow_tutorial/.venv/lib/python3.10/site-packages/airflow/example_dags/example_setup_teardown.py
[2023-11-24T10:41:12.233+0800] {processor.py:829} INFO - Processing file /home/azfarmustafa/airflow_tutorial/.venv/lib/python3.10/site-packages/airflow/example_dags/example_setup_teardown.py for tasks to queue
[2023-11-24T10:41:12.234+0800] {logging_mixin.py:154} INFO - [2023-11-24T10:41:12.233+0800] {dagbag.py:536} INFO - Filling up the DagBag from /home/azfarmustafa/airflow_tutorial/.venv/lib/python3.10/site-packages/airflow/example_dags/example_setup_teardown.py
[2023-11-24T10:41:12.239+0800] {processor.py:839} INFO - DAG(s) dict_keys(['example_setup_teardown']) retrieved from /home/azfarmustafa/airflow_tutorial/.venv/lib/python3.10/site-packages/airflow/example_dags/example_setup_teardown.py
[2023-11-24T10:41:12.253+0800] {logging_mixin.py:154} INFO - [2023-11-24T10:41:12.252+0800] {dag.py:2941} INFO - Sync 1 DAGs
[2023-11-24T10:41:12.269+0800] {logging_mixin.py:154} INFO - [2023-11-24T10:41:12.269+0800] {dag.py:3722} INFO - Setting next_dagrun for example_setup_teardown to 2023-11-23T02:41:12.269382+00:00, run_after=2023-11-24T02:41:12.269382+00:00
[2023-11-24T10:41:12.295+0800] {processor.py:179} INFO - Processing /home/azfarmustafa/airflow_tutorial/.venv/lib/python3.10/site-packages/airflow/example_dags/example_setup_teardown.py took 0.068 seconds
[2023-11-24T10:42:01.579+0800] {processor.py:157} INFO - Started process (PID=59718) to work on /home/azfarmustafa/airflow_tutorial/.venv/lib/python3.10/site-packages/airflow/example_dags/example_setup_teardown.py
[2023-11-24T10:42:01.580+0800] {processor.py:829} INFO - Processing file /home/azfarmustafa/airflow_tutorial/.venv/lib/python3.10/site-packages/airflow/example_dags/example_setup_teardown.py for tasks to queue
[2023-11-24T10:42:01.581+0800] {logging_mixin.py:154} INFO - [2023-11-24T10:42:01.580+0800] {dagbag.py:536} INFO - Filling up the DagBag from /home/azfarmustafa/airflow_tutorial/.venv/lib/python3.10/site-packages/airflow/example_dags/example_setup_teardown.py
[2023-11-24T10:42:01.587+0800] {processor.py:839} INFO - DAG(s) dict_keys(['example_setup_teardown']) retrieved from /home/azfarmustafa/airflow_tutorial/.venv/lib/python3.10/site-packages/airflow/example_dags/example_setup_teardown.py
[2023-11-24T10:42:01.600+0800] {logging_mixin.py:154} INFO - [2023-11-24T10:42:01.600+0800] {dag.py:2941} INFO - Sync 1 DAGs
[2023-11-24T10:42:01.618+0800] {logging_mixin.py:154} INFO - [2023-11-24T10:42:01.617+0800] {dag.py:3722} INFO - Setting next_dagrun for example_setup_teardown to 2023-11-23T02:42:01.617578+00:00, run_after=2023-11-24T02:42:01.617578+00:00
[2023-11-24T10:42:01.644+0800] {processor.py:179} INFO - Processing /home/azfarmustafa/airflow_tutorial/.venv/lib/python3.10/site-packages/airflow/example_dags/example_setup_teardown.py took 0.067 seconds
[2023-11-24T10:42:47.838+0800] {processor.py:157} INFO - Started process (PID=59764) to work on /home/azfarmustafa/airflow_tutorial/.venv/lib/python3.10/site-packages/airflow/example_dags/example_setup_teardown.py
[2023-11-24T10:42:47.842+0800] {processor.py:829} INFO - Processing file /home/azfarmustafa/airflow_tutorial/.venv/lib/python3.10/site-packages/airflow/example_dags/example_setup_teardown.py for tasks to queue
[2023-11-24T10:42:47.842+0800] {logging_mixin.py:154} INFO - [2023-11-24T10:42:47.842+0800] {dagbag.py:536} INFO - Filling up the DagBag from /home/azfarmustafa/airflow_tutorial/.venv/lib/python3.10/site-packages/airflow/example_dags/example_setup_teardown.py
[2023-11-24T10:42:47.848+0800] {processor.py:839} INFO - DAG(s) dict_keys(['example_setup_teardown']) retrieved from /home/azfarmustafa/airflow_tutorial/.venv/lib/python3.10/site-packages/airflow/example_dags/example_setup_teardown.py
[2023-11-24T10:42:47.862+0800] {logging_mixin.py:154} INFO - [2023-11-24T10:42:47.862+0800] {dag.py:2941} INFO - Sync 1 DAGs
[2023-11-24T10:42:47.880+0800] {logging_mixin.py:154} INFO - [2023-11-24T10:42:47.879+0800] {dag.py:3722} INFO - Setting next_dagrun for example_setup_teardown to 2023-11-23T02:42:47.879512+00:00, run_after=2023-11-24T02:42:47.879512+00:00
[2023-11-24T10:42:47.903+0800] {processor.py:179} INFO - Processing /home/azfarmustafa/airflow_tutorial/.venv/lib/python3.10/site-packages/airflow/example_dags/example_setup_teardown.py took 0.067 seconds
[2023-11-24T10:43:35.307+0800] {processor.py:157} INFO - Started process (PID=59813) to work on /home/azfarmustafa/airflow_tutorial/.venv/lib/python3.10/site-packages/airflow/example_dags/example_setup_teardown.py
[2023-11-24T10:43:35.311+0800] {processor.py:829} INFO - Processing file /home/azfarmustafa/airflow_tutorial/.venv/lib/python3.10/site-packages/airflow/example_dags/example_setup_teardown.py for tasks to queue
[2023-11-24T10:43:35.312+0800] {logging_mixin.py:154} INFO - [2023-11-24T10:43:35.311+0800] {dagbag.py:536} INFO - Filling up the DagBag from /home/azfarmustafa/airflow_tutorial/.venv/lib/python3.10/site-packages/airflow/example_dags/example_setup_teardown.py
[2023-11-24T10:43:35.318+0800] {processor.py:839} INFO - DAG(s) dict_keys(['example_setup_teardown']) retrieved from /home/azfarmustafa/airflow_tutorial/.venv/lib/python3.10/site-packages/airflow/example_dags/example_setup_teardown.py
[2023-11-24T10:43:35.331+0800] {logging_mixin.py:154} INFO - [2023-11-24T10:43:35.331+0800] {dag.py:2941} INFO - Sync 1 DAGs
[2023-11-24T10:43:35.349+0800] {logging_mixin.py:154} INFO - [2023-11-24T10:43:35.349+0800] {dag.py:3722} INFO - Setting next_dagrun for example_setup_teardown to 2023-11-23T02:43:35.349175+00:00, run_after=2023-11-24T02:43:35.349175+00:00
[2023-11-24T10:43:35.377+0800] {processor.py:179} INFO - Processing /home/azfarmustafa/airflow_tutorial/.venv/lib/python3.10/site-packages/airflow/example_dags/example_setup_teardown.py took 0.073 seconds
[2023-11-24T10:44:23.224+0800] {processor.py:157} INFO - Started process (PID=59861) to work on /home/azfarmustafa/airflow_tutorial/.venv/lib/python3.10/site-packages/airflow/example_dags/example_setup_teardown.py
[2023-11-24T10:44:23.225+0800] {processor.py:829} INFO - Processing file /home/azfarmustafa/airflow_tutorial/.venv/lib/python3.10/site-packages/airflow/example_dags/example_setup_teardown.py for tasks to queue
[2023-11-24T10:44:23.226+0800] {logging_mixin.py:154} INFO - [2023-11-24T10:44:23.226+0800] {dagbag.py:536} INFO - Filling up the DagBag from /home/azfarmustafa/airflow_tutorial/.venv/lib/python3.10/site-packages/airflow/example_dags/example_setup_teardown.py
[2023-11-24T10:44:23.232+0800] {processor.py:839} INFO - DAG(s) dict_keys(['example_setup_teardown']) retrieved from /home/azfarmustafa/airflow_tutorial/.venv/lib/python3.10/site-packages/airflow/example_dags/example_setup_teardown.py
[2023-11-24T10:44:23.246+0800] {logging_mixin.py:154} INFO - [2023-11-24T10:44:23.246+0800] {dag.py:2941} INFO - Sync 1 DAGs
[2023-11-24T10:44:23.263+0800] {logging_mixin.py:154} INFO - [2023-11-24T10:44:23.263+0800] {dag.py:3722} INFO - Setting next_dagrun for example_setup_teardown to 2023-11-23T02:44:23.263129+00:00, run_after=2023-11-24T02:44:23.263129+00:00
[2023-11-24T10:44:23.290+0800] {processor.py:179} INFO - Processing /home/azfarmustafa/airflow_tutorial/.venv/lib/python3.10/site-packages/airflow/example_dags/example_setup_teardown.py took 0.068 seconds
[2023-11-24T10:45:11.087+0800] {processor.py:157} INFO - Started process (PID=59910) to work on /home/azfarmustafa/airflow_tutorial/.venv/lib/python3.10/site-packages/airflow/example_dags/example_setup_teardown.py
[2023-11-24T10:45:11.091+0800] {processor.py:829} INFO - Processing file /home/azfarmustafa/airflow_tutorial/.venv/lib/python3.10/site-packages/airflow/example_dags/example_setup_teardown.py for tasks to queue
[2023-11-24T10:45:11.092+0800] {logging_mixin.py:154} INFO - [2023-11-24T10:45:11.092+0800] {dagbag.py:536} INFO - Filling up the DagBag from /home/azfarmustafa/airflow_tutorial/.venv/lib/python3.10/site-packages/airflow/example_dags/example_setup_teardown.py
[2023-11-24T10:45:11.098+0800] {processor.py:839} INFO - DAG(s) dict_keys(['example_setup_teardown']) retrieved from /home/azfarmustafa/airflow_tutorial/.venv/lib/python3.10/site-packages/airflow/example_dags/example_setup_teardown.py
[2023-11-24T10:45:11.111+0800] {logging_mixin.py:154} INFO - [2023-11-24T10:45:11.111+0800] {dag.py:2941} INFO - Sync 1 DAGs
[2023-11-24T10:45:11.129+0800] {logging_mixin.py:154} INFO - [2023-11-24T10:45:11.129+0800] {dag.py:3722} INFO - Setting next_dagrun for example_setup_teardown to 2023-11-23T02:45:11.128691+00:00, run_after=2023-11-24T02:45:11.128691+00:00
[2023-11-24T10:45:11.151+0800] {processor.py:179} INFO - Processing /home/azfarmustafa/airflow_tutorial/.venv/lib/python3.10/site-packages/airflow/example_dags/example_setup_teardown.py took 0.066 seconds
[2023-11-24T10:45:58.562+0800] {processor.py:157} INFO - Started process (PID=59958) to work on /home/azfarmustafa/airflow_tutorial/.venv/lib/python3.10/site-packages/airflow/example_dags/example_setup_teardown.py
[2023-11-24T10:45:58.566+0800] {processor.py:829} INFO - Processing file /home/azfarmustafa/airflow_tutorial/.venv/lib/python3.10/site-packages/airflow/example_dags/example_setup_teardown.py for tasks to queue
[2023-11-24T10:45:58.567+0800] {logging_mixin.py:154} INFO - [2023-11-24T10:45:58.567+0800] {dagbag.py:536} INFO - Filling up the DagBag from /home/azfarmustafa/airflow_tutorial/.venv/lib/python3.10/site-packages/airflow/example_dags/example_setup_teardown.py
[2023-11-24T10:45:58.575+0800] {processor.py:839} INFO - DAG(s) dict_keys(['example_setup_teardown']) retrieved from /home/azfarmustafa/airflow_tutorial/.venv/lib/python3.10/site-packages/airflow/example_dags/example_setup_teardown.py
[2023-11-24T10:45:58.590+0800] {logging_mixin.py:154} INFO - [2023-11-24T10:45:58.589+0800] {dag.py:2941} INFO - Sync 1 DAGs
[2023-11-24T10:45:58.607+0800] {logging_mixin.py:154} INFO - [2023-11-24T10:45:58.606+0800] {dag.py:3722} INFO - Setting next_dagrun for example_setup_teardown to 2023-11-23T02:45:58.606537+00:00, run_after=2023-11-24T02:45:58.606537+00:00
[2023-11-24T10:45:58.631+0800] {processor.py:179} INFO - Processing /home/azfarmustafa/airflow_tutorial/.venv/lib/python3.10/site-packages/airflow/example_dags/example_setup_teardown.py took 0.072 seconds
[2023-11-24T10:46:43.597+0800] {processor.py:157} INFO - Started process (PID=60004) to work on /home/azfarmustafa/airflow_tutorial/.venv/lib/python3.10/site-packages/airflow/example_dags/example_setup_teardown.py
[2023-11-24T10:46:43.601+0800] {processor.py:829} INFO - Processing file /home/azfarmustafa/airflow_tutorial/.venv/lib/python3.10/site-packages/airflow/example_dags/example_setup_teardown.py for tasks to queue
[2023-11-24T10:46:43.602+0800] {logging_mixin.py:154} INFO - [2023-11-24T10:46:43.601+0800] {dagbag.py:536} INFO - Filling up the DagBag from /home/azfarmustafa/airflow_tutorial/.venv/lib/python3.10/site-packages/airflow/example_dags/example_setup_teardown.py
[2023-11-24T10:46:43.607+0800] {processor.py:839} INFO - DAG(s) dict_keys(['example_setup_teardown']) retrieved from /home/azfarmustafa/airflow_tutorial/.venv/lib/python3.10/site-packages/airflow/example_dags/example_setup_teardown.py
[2023-11-24T10:46:43.624+0800] {logging_mixin.py:154} INFO - [2023-11-24T10:46:43.624+0800] {dag.py:2941} INFO - Sync 1 DAGs
[2023-11-24T10:46:43.647+0800] {logging_mixin.py:154} INFO - [2023-11-24T10:46:43.647+0800] {dag.py:3722} INFO - Setting next_dagrun for example_setup_teardown to 2023-11-23T02:46:43.646638+00:00, run_after=2023-11-24T02:46:43.646638+00:00
[2023-11-24T10:46:43.672+0800] {processor.py:179} INFO - Processing /home/azfarmustafa/airflow_tutorial/.venv/lib/python3.10/site-packages/airflow/example_dags/example_setup_teardown.py took 0.077 seconds
[2023-11-24T10:47:28.169+0800] {processor.py:157} INFO - Started process (PID=60057) to work on /home/azfarmustafa/airflow_tutorial/.venv/lib/python3.10/site-packages/airflow/example_dags/example_setup_teardown.py
[2023-11-24T10:47:28.173+0800] {processor.py:829} INFO - Processing file /home/azfarmustafa/airflow_tutorial/.venv/lib/python3.10/site-packages/airflow/example_dags/example_setup_teardown.py for tasks to queue
[2023-11-24T10:47:28.174+0800] {logging_mixin.py:154} INFO - [2023-11-24T10:47:28.174+0800] {dagbag.py:536} INFO - Filling up the DagBag from /home/azfarmustafa/airflow_tutorial/.venv/lib/python3.10/site-packages/airflow/example_dags/example_setup_teardown.py
[2023-11-24T10:47:28.180+0800] {processor.py:839} INFO - DAG(s) dict_keys(['example_setup_teardown']) retrieved from /home/azfarmustafa/airflow_tutorial/.venv/lib/python3.10/site-packages/airflow/example_dags/example_setup_teardown.py
[2023-11-24T10:47:28.194+0800] {logging_mixin.py:154} INFO - [2023-11-24T10:47:28.194+0800] {dag.py:2941} INFO - Sync 1 DAGs
[2023-11-24T10:47:28.215+0800] {logging_mixin.py:154} INFO - [2023-11-24T10:47:28.215+0800] {dag.py:3722} INFO - Setting next_dagrun for example_setup_teardown to 2023-11-23T02:47:28.215230+00:00, run_after=2023-11-24T02:47:28.215230+00:00
[2023-11-24T10:47:28.239+0800] {processor.py:179} INFO - Processing /home/azfarmustafa/airflow_tutorial/.venv/lib/python3.10/site-packages/airflow/example_dags/example_setup_teardown.py took 0.073 seconds
[2023-11-24T10:48:14.874+0800] {processor.py:157} INFO - Started process (PID=60103) to work on /home/azfarmustafa/airflow_tutorial/.venv/lib/python3.10/site-packages/airflow/example_dags/example_setup_teardown.py
[2023-11-24T10:48:14.878+0800] {processor.py:829} INFO - Processing file /home/azfarmustafa/airflow_tutorial/.venv/lib/python3.10/site-packages/airflow/example_dags/example_setup_teardown.py for tasks to queue
[2023-11-24T10:48:14.879+0800] {logging_mixin.py:154} INFO - [2023-11-24T10:48:14.878+0800] {dagbag.py:536} INFO - Filling up the DagBag from /home/azfarmustafa/airflow_tutorial/.venv/lib/python3.10/site-packages/airflow/example_dags/example_setup_teardown.py
[2023-11-24T10:48:14.885+0800] {processor.py:839} INFO - DAG(s) dict_keys(['example_setup_teardown']) retrieved from /home/azfarmustafa/airflow_tutorial/.venv/lib/python3.10/site-packages/airflow/example_dags/example_setup_teardown.py
[2023-11-24T10:48:14.903+0800] {logging_mixin.py:154} INFO - [2023-11-24T10:48:14.903+0800] {dag.py:2941} INFO - Sync 1 DAGs
[2023-11-24T10:48:14.922+0800] {logging_mixin.py:154} INFO - [2023-11-24T10:48:14.922+0800] {dag.py:3722} INFO - Setting next_dagrun for example_setup_teardown to 2023-11-23T02:48:14.922037+00:00, run_after=2023-11-24T02:48:14.922037+00:00
[2023-11-24T10:48:14.949+0800] {processor.py:179} INFO - Processing /home/azfarmustafa/airflow_tutorial/.venv/lib/python3.10/site-packages/airflow/example_dags/example_setup_teardown.py took 0.078 seconds
[2023-11-24T10:49:00.881+0800] {processor.py:157} INFO - Started process (PID=60150) to work on /home/azfarmustafa/airflow_tutorial/.venv/lib/python3.10/site-packages/airflow/example_dags/example_setup_teardown.py
[2023-11-24T10:49:00.886+0800] {processor.py:829} INFO - Processing file /home/azfarmustafa/airflow_tutorial/.venv/lib/python3.10/site-packages/airflow/example_dags/example_setup_teardown.py for tasks to queue
[2023-11-24T10:49:00.887+0800] {logging_mixin.py:154} INFO - [2023-11-24T10:49:00.886+0800] {dagbag.py:536} INFO - Filling up the DagBag from /home/azfarmustafa/airflow_tutorial/.venv/lib/python3.10/site-packages/airflow/example_dags/example_setup_teardown.py
[2023-11-24T10:49:00.895+0800] {processor.py:839} INFO - DAG(s) dict_keys(['example_setup_teardown']) retrieved from /home/azfarmustafa/airflow_tutorial/.venv/lib/python3.10/site-packages/airflow/example_dags/example_setup_teardown.py
[2023-11-24T10:49:00.912+0800] {logging_mixin.py:154} INFO - [2023-11-24T10:49:00.912+0800] {dag.py:2941} INFO - Sync 1 DAGs
[2023-11-24T10:49:00.929+0800] {logging_mixin.py:154} INFO - [2023-11-24T10:49:00.929+0800] {dag.py:3722} INFO - Setting next_dagrun for example_setup_teardown to 2023-11-23T02:49:00.928976+00:00, run_after=2023-11-24T02:49:00.928976+00:00
[2023-11-24T10:49:00.956+0800] {processor.py:179} INFO - Processing /home/azfarmustafa/airflow_tutorial/.venv/lib/python3.10/site-packages/airflow/example_dags/example_setup_teardown.py took 0.077 seconds
[2023-11-24T10:49:49.400+0800] {processor.py:157} INFO - Started process (PID=60200) to work on /home/azfarmustafa/airflow_tutorial/.venv/lib/python3.10/site-packages/airflow/example_dags/example_setup_teardown.py
[2023-11-24T10:49:49.404+0800] {processor.py:829} INFO - Processing file /home/azfarmustafa/airflow_tutorial/.venv/lib/python3.10/site-packages/airflow/example_dags/example_setup_teardown.py for tasks to queue
[2023-11-24T10:49:49.405+0800] {logging_mixin.py:154} INFO - [2023-11-24T10:49:49.404+0800] {dagbag.py:536} INFO - Filling up the DagBag from /home/azfarmustafa/airflow_tutorial/.venv/lib/python3.10/site-packages/airflow/example_dags/example_setup_teardown.py
[2023-11-24T10:49:49.410+0800] {processor.py:839} INFO - DAG(s) dict_keys(['example_setup_teardown']) retrieved from /home/azfarmustafa/airflow_tutorial/.venv/lib/python3.10/site-packages/airflow/example_dags/example_setup_teardown.py
[2023-11-24T10:49:49.424+0800] {logging_mixin.py:154} INFO - [2023-11-24T10:49:49.424+0800] {dag.py:2941} INFO - Sync 1 DAGs
[2023-11-24T10:49:49.441+0800] {logging_mixin.py:154} INFO - [2023-11-24T10:49:49.441+0800] {dag.py:3722} INFO - Setting next_dagrun for example_setup_teardown to 2023-11-23T02:49:49.441134+00:00, run_after=2023-11-24T02:49:49.441134+00:00
[2023-11-24T10:49:49.465+0800] {processor.py:179} INFO - Processing /home/azfarmustafa/airflow_tutorial/.venv/lib/python3.10/site-packages/airflow/example_dags/example_setup_teardown.py took 0.068 seconds
[2023-11-24T10:50:36.049+0800] {processor.py:157} INFO - Started process (PID=60247) to work on /home/azfarmustafa/airflow_tutorial/.venv/lib/python3.10/site-packages/airflow/example_dags/example_setup_teardown.py
[2023-11-24T10:50:36.053+0800] {processor.py:829} INFO - Processing file /home/azfarmustafa/airflow_tutorial/.venv/lib/python3.10/site-packages/airflow/example_dags/example_setup_teardown.py for tasks to queue
[2023-11-24T10:50:36.053+0800] {logging_mixin.py:154} INFO - [2023-11-24T10:50:36.053+0800] {dagbag.py:536} INFO - Filling up the DagBag from /home/azfarmustafa/airflow_tutorial/.venv/lib/python3.10/site-packages/airflow/example_dags/example_setup_teardown.py
[2023-11-24T10:50:36.059+0800] {processor.py:839} INFO - DAG(s) dict_keys(['example_setup_teardown']) retrieved from /home/azfarmustafa/airflow_tutorial/.venv/lib/python3.10/site-packages/airflow/example_dags/example_setup_teardown.py
[2023-11-24T10:50:36.073+0800] {logging_mixin.py:154} INFO - [2023-11-24T10:50:36.073+0800] {dag.py:2941} INFO - Sync 1 DAGs
[2023-11-24T10:50:36.092+0800] {logging_mixin.py:154} INFO - [2023-11-24T10:50:36.092+0800] {dag.py:3722} INFO - Setting next_dagrun for example_setup_teardown to 2023-11-23T02:50:36.091855+00:00, run_after=2023-11-24T02:50:36.091855+00:00
[2023-11-24T10:50:36.121+0800] {processor.py:179} INFO - Processing /home/azfarmustafa/airflow_tutorial/.venv/lib/python3.10/site-packages/airflow/example_dags/example_setup_teardown.py took 0.074 seconds
[2023-11-24T10:51:22.584+0800] {processor.py:157} INFO - Started process (PID=60295) to work on /home/azfarmustafa/airflow_tutorial/.venv/lib/python3.10/site-packages/airflow/example_dags/example_setup_teardown.py
[2023-11-24T10:51:22.588+0800] {processor.py:829} INFO - Processing file /home/azfarmustafa/airflow_tutorial/.venv/lib/python3.10/site-packages/airflow/example_dags/example_setup_teardown.py for tasks to queue
[2023-11-24T10:51:22.588+0800] {logging_mixin.py:154} INFO - [2023-11-24T10:51:22.588+0800] {dagbag.py:536} INFO - Filling up the DagBag from /home/azfarmustafa/airflow_tutorial/.venv/lib/python3.10/site-packages/airflow/example_dags/example_setup_teardown.py
[2023-11-24T10:51:22.596+0800] {processor.py:839} INFO - DAG(s) dict_keys(['example_setup_teardown']) retrieved from /home/azfarmustafa/airflow_tutorial/.venv/lib/python3.10/site-packages/airflow/example_dags/example_setup_teardown.py
[2023-11-24T10:51:22.610+0800] {logging_mixin.py:154} INFO - [2023-11-24T10:51:22.610+0800] {dag.py:2941} INFO - Sync 1 DAGs
[2023-11-24T10:51:22.633+0800] {logging_mixin.py:154} INFO - [2023-11-24T10:51:22.633+0800] {dag.py:3722} INFO - Setting next_dagrun for example_setup_teardown to 2023-11-23T02:51:22.633000+00:00, run_after=2023-11-24T02:51:22.633000+00:00
[2023-11-24T10:51:22.662+0800] {processor.py:179} INFO - Processing /home/azfarmustafa/airflow_tutorial/.venv/lib/python3.10/site-packages/airflow/example_dags/example_setup_teardown.py took 0.080 seconds
[2023-11-24T10:52:09.089+0800] {processor.py:157} INFO - Started process (PID=60343) to work on /home/azfarmustafa/airflow_tutorial/.venv/lib/python3.10/site-packages/airflow/example_dags/example_setup_teardown.py
[2023-11-24T10:52:09.093+0800] {processor.py:829} INFO - Processing file /home/azfarmustafa/airflow_tutorial/.venv/lib/python3.10/site-packages/airflow/example_dags/example_setup_teardown.py for tasks to queue
[2023-11-24T10:52:09.095+0800] {logging_mixin.py:154} INFO - [2023-11-24T10:52:09.094+0800] {dagbag.py:536} INFO - Filling up the DagBag from /home/azfarmustafa/airflow_tutorial/.venv/lib/python3.10/site-packages/airflow/example_dags/example_setup_teardown.py
[2023-11-24T10:52:09.102+0800] {processor.py:839} INFO - DAG(s) dict_keys(['example_setup_teardown']) retrieved from /home/azfarmustafa/airflow_tutorial/.venv/lib/python3.10/site-packages/airflow/example_dags/example_setup_teardown.py
[2023-11-24T10:52:09.118+0800] {logging_mixin.py:154} INFO - [2023-11-24T10:52:09.117+0800] {dag.py:2941} INFO - Sync 1 DAGs
[2023-11-24T10:52:09.136+0800] {logging_mixin.py:154} INFO - [2023-11-24T10:52:09.136+0800] {dag.py:3722} INFO - Setting next_dagrun for example_setup_teardown to 2023-11-23T02:52:09.136182+00:00, run_after=2023-11-24T02:52:09.136182+00:00
[2023-11-24T10:52:09.162+0800] {processor.py:179} INFO - Processing /home/azfarmustafa/airflow_tutorial/.venv/lib/python3.10/site-packages/airflow/example_dags/example_setup_teardown.py took 0.076 seconds
[2023-11-24T10:52:59.436+0800] {processor.py:157} INFO - Started process (PID=60392) to work on /home/azfarmustafa/airflow_tutorial/.venv/lib/python3.10/site-packages/airflow/example_dags/example_setup_teardown.py
[2023-11-24T10:52:59.440+0800] {processor.py:829} INFO - Processing file /home/azfarmustafa/airflow_tutorial/.venv/lib/python3.10/site-packages/airflow/example_dags/example_setup_teardown.py for tasks to queue
[2023-11-24T10:52:59.441+0800] {logging_mixin.py:154} INFO - [2023-11-24T10:52:59.440+0800] {dagbag.py:536} INFO - Filling up the DagBag from /home/azfarmustafa/airflow_tutorial/.venv/lib/python3.10/site-packages/airflow/example_dags/example_setup_teardown.py
[2023-11-24T10:52:59.446+0800] {processor.py:839} INFO - DAG(s) dict_keys(['example_setup_teardown']) retrieved from /home/azfarmustafa/airflow_tutorial/.venv/lib/python3.10/site-packages/airflow/example_dags/example_setup_teardown.py
[2023-11-24T10:52:59.460+0800] {logging_mixin.py:154} INFO - [2023-11-24T10:52:59.460+0800] {dag.py:2941} INFO - Sync 1 DAGs
[2023-11-24T10:52:59.479+0800] {logging_mixin.py:154} INFO - [2023-11-24T10:52:59.479+0800] {dag.py:3722} INFO - Setting next_dagrun for example_setup_teardown to 2023-11-23T02:52:59.478998+00:00, run_after=2023-11-24T02:52:59.478998+00:00
[2023-11-24T10:52:59.508+0800] {processor.py:179} INFO - Processing /home/azfarmustafa/airflow_tutorial/.venv/lib/python3.10/site-packages/airflow/example_dags/example_setup_teardown.py took 0.074 seconds
[2023-11-24T10:53:45.702+0800] {processor.py:157} INFO - Started process (PID=60446) to work on /home/azfarmustafa/airflow_tutorial/.venv/lib/python3.10/site-packages/airflow/example_dags/example_setup_teardown.py
[2023-11-24T10:53:45.704+0800] {processor.py:829} INFO - Processing file /home/azfarmustafa/airflow_tutorial/.venv/lib/python3.10/site-packages/airflow/example_dags/example_setup_teardown.py for tasks to queue
[2023-11-24T10:53:45.705+0800] {logging_mixin.py:154} INFO - [2023-11-24T10:53:45.704+0800] {dagbag.py:536} INFO - Filling up the DagBag from /home/azfarmustafa/airflow_tutorial/.venv/lib/python3.10/site-packages/airflow/example_dags/example_setup_teardown.py
[2023-11-24T10:53:45.710+0800] {processor.py:839} INFO - DAG(s) dict_keys(['example_setup_teardown']) retrieved from /home/azfarmustafa/airflow_tutorial/.venv/lib/python3.10/site-packages/airflow/example_dags/example_setup_teardown.py
[2023-11-24T10:53:45.726+0800] {logging_mixin.py:154} INFO - [2023-11-24T10:53:45.725+0800] {dag.py:2941} INFO - Sync 1 DAGs
[2023-11-24T10:53:45.745+0800] {logging_mixin.py:154} INFO - [2023-11-24T10:53:45.744+0800] {dag.py:3722} INFO - Setting next_dagrun for example_setup_teardown to 2023-11-23T02:53:45.744263+00:00, run_after=2023-11-24T02:53:45.744263+00:00
[2023-11-24T10:53:45.775+0800] {processor.py:179} INFO - Processing /home/azfarmustafa/airflow_tutorial/.venv/lib/python3.10/site-packages/airflow/example_dags/example_setup_teardown.py took 0.076 seconds
[2023-11-24T10:54:34.838+0800] {processor.py:157} INFO - Started process (PID=60495) to work on /home/azfarmustafa/airflow_tutorial/.venv/lib/python3.10/site-packages/airflow/example_dags/example_setup_teardown.py
[2023-11-24T10:54:34.839+0800] {processor.py:829} INFO - Processing file /home/azfarmustafa/airflow_tutorial/.venv/lib/python3.10/site-packages/airflow/example_dags/example_setup_teardown.py for tasks to queue
[2023-11-24T10:54:34.840+0800] {logging_mixin.py:154} INFO - [2023-11-24T10:54:34.840+0800] {dagbag.py:536} INFO - Filling up the DagBag from /home/azfarmustafa/airflow_tutorial/.venv/lib/python3.10/site-packages/airflow/example_dags/example_setup_teardown.py
[2023-11-24T10:54:34.846+0800] {processor.py:839} INFO - DAG(s) dict_keys(['example_setup_teardown']) retrieved from /home/azfarmustafa/airflow_tutorial/.venv/lib/python3.10/site-packages/airflow/example_dags/example_setup_teardown.py
[2023-11-24T10:54:34.860+0800] {logging_mixin.py:154} INFO - [2023-11-24T10:54:34.860+0800] {dag.py:2941} INFO - Sync 1 DAGs
[2023-11-24T10:54:34.879+0800] {logging_mixin.py:154} INFO - [2023-11-24T10:54:34.879+0800] {dag.py:3722} INFO - Setting next_dagrun for example_setup_teardown to 2023-11-23T02:54:34.878716+00:00, run_after=2023-11-24T02:54:34.878716+00:00
[2023-11-24T10:54:34.902+0800] {processor.py:179} INFO - Processing /home/azfarmustafa/airflow_tutorial/.venv/lib/python3.10/site-packages/airflow/example_dags/example_setup_teardown.py took 0.066 seconds
[2023-11-24T10:55:22.051+0800] {processor.py:157} INFO - Started process (PID=60543) to work on /home/azfarmustafa/airflow_tutorial/.venv/lib/python3.10/site-packages/airflow/example_dags/example_setup_teardown.py
[2023-11-24T10:55:22.055+0800] {processor.py:829} INFO - Processing file /home/azfarmustafa/airflow_tutorial/.venv/lib/python3.10/site-packages/airflow/example_dags/example_setup_teardown.py for tasks to queue
[2023-11-24T10:55:22.056+0800] {logging_mixin.py:154} INFO - [2023-11-24T10:55:22.056+0800] {dagbag.py:536} INFO - Filling up the DagBag from /home/azfarmustafa/airflow_tutorial/.venv/lib/python3.10/site-packages/airflow/example_dags/example_setup_teardown.py
[2023-11-24T10:55:22.063+0800] {processor.py:839} INFO - DAG(s) dict_keys(['example_setup_teardown']) retrieved from /home/azfarmustafa/airflow_tutorial/.venv/lib/python3.10/site-packages/airflow/example_dags/example_setup_teardown.py
[2023-11-24T10:55:22.079+0800] {logging_mixin.py:154} INFO - [2023-11-24T10:55:22.079+0800] {dag.py:2941} INFO - Sync 1 DAGs
[2023-11-24T10:55:22.098+0800] {logging_mixin.py:154} INFO - [2023-11-24T10:55:22.098+0800] {dag.py:3722} INFO - Setting next_dagrun for example_setup_teardown to 2023-11-23T02:55:22.098211+00:00, run_after=2023-11-24T02:55:22.098211+00:00
[2023-11-24T10:55:22.125+0800] {processor.py:179} INFO - Processing /home/azfarmustafa/airflow_tutorial/.venv/lib/python3.10/site-packages/airflow/example_dags/example_setup_teardown.py took 0.078 seconds
[2023-11-24T10:56:07.190+0800] {processor.py:157} INFO - Started process (PID=60588) to work on /home/azfarmustafa/airflow_tutorial/.venv/lib/python3.10/site-packages/airflow/example_dags/example_setup_teardown.py
[2023-11-24T10:56:07.194+0800] {processor.py:829} INFO - Processing file /home/azfarmustafa/airflow_tutorial/.venv/lib/python3.10/site-packages/airflow/example_dags/example_setup_teardown.py for tasks to queue
[2023-11-24T10:56:07.195+0800] {logging_mixin.py:154} INFO - [2023-11-24T10:56:07.195+0800] {dagbag.py:536} INFO - Filling up the DagBag from /home/azfarmustafa/airflow_tutorial/.venv/lib/python3.10/site-packages/airflow/example_dags/example_setup_teardown.py
[2023-11-24T10:56:07.201+0800] {processor.py:839} INFO - DAG(s) dict_keys(['example_setup_teardown']) retrieved from /home/azfarmustafa/airflow_tutorial/.venv/lib/python3.10/site-packages/airflow/example_dags/example_setup_teardown.py
[2023-11-24T10:56:07.215+0800] {logging_mixin.py:154} INFO - [2023-11-24T10:56:07.215+0800] {dag.py:2941} INFO - Sync 1 DAGs
[2023-11-24T10:56:07.234+0800] {logging_mixin.py:154} INFO - [2023-11-24T10:56:07.234+0800] {dag.py:3722} INFO - Setting next_dagrun for example_setup_teardown to 2023-11-23T02:56:07.233917+00:00, run_after=2023-11-24T02:56:07.233917+00:00
[2023-11-24T10:56:07.259+0800] {processor.py:179} INFO - Processing /home/azfarmustafa/airflow_tutorial/.venv/lib/python3.10/site-packages/airflow/example_dags/example_setup_teardown.py took 0.071 seconds
[2023-11-24T10:56:49.603+0800] {processor.py:157} INFO - Started process (PID=60634) to work on /home/azfarmustafa/airflow_tutorial/.venv/lib/python3.10/site-packages/airflow/example_dags/example_setup_teardown.py
[2023-11-24T10:56:49.608+0800] {processor.py:829} INFO - Processing file /home/azfarmustafa/airflow_tutorial/.venv/lib/python3.10/site-packages/airflow/example_dags/example_setup_teardown.py for tasks to queue
[2023-11-24T10:56:49.608+0800] {logging_mixin.py:154} INFO - [2023-11-24T10:56:49.608+0800] {dagbag.py:536} INFO - Filling up the DagBag from /home/azfarmustafa/airflow_tutorial/.venv/lib/python3.10/site-packages/airflow/example_dags/example_setup_teardown.py
[2023-11-24T10:56:49.614+0800] {processor.py:839} INFO - DAG(s) dict_keys(['example_setup_teardown']) retrieved from /home/azfarmustafa/airflow_tutorial/.venv/lib/python3.10/site-packages/airflow/example_dags/example_setup_teardown.py
[2023-11-24T10:56:49.628+0800] {logging_mixin.py:154} INFO - [2023-11-24T10:56:49.627+0800] {dag.py:2941} INFO - Sync 1 DAGs
[2023-11-24T10:56:49.653+0800] {logging_mixin.py:154} INFO - [2023-11-24T10:56:49.652+0800] {dag.py:3722} INFO - Setting next_dagrun for example_setup_teardown to 2023-11-23T02:56:49.652628+00:00, run_after=2023-11-24T02:56:49.652628+00:00
[2023-11-24T10:56:49.680+0800] {processor.py:179} INFO - Processing /home/azfarmustafa/airflow_tutorial/.venv/lib/python3.10/site-packages/airflow/example_dags/example_setup_teardown.py took 0.079 seconds
[2023-11-24T10:57:33.626+0800] {processor.py:157} INFO - Started process (PID=60680) to work on /home/azfarmustafa/airflow_tutorial/.venv/lib/python3.10/site-packages/airflow/example_dags/example_setup_teardown.py
[2023-11-24T10:57:33.630+0800] {processor.py:829} INFO - Processing file /home/azfarmustafa/airflow_tutorial/.venv/lib/python3.10/site-packages/airflow/example_dags/example_setup_teardown.py for tasks to queue
[2023-11-24T10:57:33.631+0800] {logging_mixin.py:154} INFO - [2023-11-24T10:57:33.631+0800] {dagbag.py:536} INFO - Filling up the DagBag from /home/azfarmustafa/airflow_tutorial/.venv/lib/python3.10/site-packages/airflow/example_dags/example_setup_teardown.py
[2023-11-24T10:57:33.640+0800] {processor.py:839} INFO - DAG(s) dict_keys(['example_setup_teardown']) retrieved from /home/azfarmustafa/airflow_tutorial/.venv/lib/python3.10/site-packages/airflow/example_dags/example_setup_teardown.py
[2023-11-24T10:57:33.659+0800] {logging_mixin.py:154} INFO - [2023-11-24T10:57:33.659+0800] {dag.py:2941} INFO - Sync 1 DAGs
[2023-11-24T10:57:33.682+0800] {logging_mixin.py:154} INFO - [2023-11-24T10:57:33.682+0800] {dag.py:3722} INFO - Setting next_dagrun for example_setup_teardown to 2023-11-23T02:57:33.682169+00:00, run_after=2023-11-24T02:57:33.682169+00:00
[2023-11-24T10:57:33.711+0800] {processor.py:179} INFO - Processing /home/azfarmustafa/airflow_tutorial/.venv/lib/python3.10/site-packages/airflow/example_dags/example_setup_teardown.py took 0.087 seconds
[2023-11-24T10:58:17.913+0800] {processor.py:157} INFO - Started process (PID=60724) to work on /home/azfarmustafa/airflow_tutorial/.venv/lib/python3.10/site-packages/airflow/example_dags/example_setup_teardown.py
[2023-11-24T10:58:17.917+0800] {processor.py:829} INFO - Processing file /home/azfarmustafa/airflow_tutorial/.venv/lib/python3.10/site-packages/airflow/example_dags/example_setup_teardown.py for tasks to queue
[2023-11-24T10:58:17.918+0800] {logging_mixin.py:154} INFO - [2023-11-24T10:58:17.917+0800] {dagbag.py:536} INFO - Filling up the DagBag from /home/azfarmustafa/airflow_tutorial/.venv/lib/python3.10/site-packages/airflow/example_dags/example_setup_teardown.py
[2023-11-24T10:58:17.924+0800] {processor.py:839} INFO - DAG(s) dict_keys(['example_setup_teardown']) retrieved from /home/azfarmustafa/airflow_tutorial/.venv/lib/python3.10/site-packages/airflow/example_dags/example_setup_teardown.py
[2023-11-24T10:58:17.938+0800] {logging_mixin.py:154} INFO - [2023-11-24T10:58:17.937+0800] {dag.py:2941} INFO - Sync 1 DAGs
[2023-11-24T10:58:17.956+0800] {logging_mixin.py:154} INFO - [2023-11-24T10:58:17.956+0800] {dag.py:3722} INFO - Setting next_dagrun for example_setup_teardown to 2023-11-23T02:58:17.955938+00:00, run_after=2023-11-24T02:58:17.955938+00:00
[2023-11-24T10:58:17.979+0800] {processor.py:179} INFO - Processing /home/azfarmustafa/airflow_tutorial/.venv/lib/python3.10/site-packages/airflow/example_dags/example_setup_teardown.py took 0.068 seconds
[2023-11-24T10:59:04.593+0800] {processor.py:157} INFO - Started process (PID=60772) to work on /home/azfarmustafa/airflow_tutorial/.venv/lib/python3.10/site-packages/airflow/example_dags/example_setup_teardown.py
[2023-11-24T10:59:04.597+0800] {processor.py:829} INFO - Processing file /home/azfarmustafa/airflow_tutorial/.venv/lib/python3.10/site-packages/airflow/example_dags/example_setup_teardown.py for tasks to queue
[2023-11-24T10:59:04.598+0800] {logging_mixin.py:154} INFO - [2023-11-24T10:59:04.598+0800] {dagbag.py:536} INFO - Filling up the DagBag from /home/azfarmustafa/airflow_tutorial/.venv/lib/python3.10/site-packages/airflow/example_dags/example_setup_teardown.py
[2023-11-24T10:59:04.604+0800] {processor.py:839} INFO - DAG(s) dict_keys(['example_setup_teardown']) retrieved from /home/azfarmustafa/airflow_tutorial/.venv/lib/python3.10/site-packages/airflow/example_dags/example_setup_teardown.py
[2023-11-24T10:59:04.619+0800] {logging_mixin.py:154} INFO - [2023-11-24T10:59:04.619+0800] {dag.py:2941} INFO - Sync 1 DAGs
[2023-11-24T10:59:04.637+0800] {logging_mixin.py:154} INFO - [2023-11-24T10:59:04.636+0800] {dag.py:3722} INFO - Setting next_dagrun for example_setup_teardown to 2023-11-23T02:59:04.636480+00:00, run_after=2023-11-24T02:59:04.636480+00:00
[2023-11-24T10:59:04.663+0800] {processor.py:179} INFO - Processing /home/azfarmustafa/airflow_tutorial/.venv/lib/python3.10/site-packages/airflow/example_dags/example_setup_teardown.py took 0.072 seconds
[2023-11-24T10:59:51.190+0800] {processor.py:157} INFO - Started process (PID=60826) to work on /home/azfarmustafa/airflow_tutorial/.venv/lib/python3.10/site-packages/airflow/example_dags/example_setup_teardown.py
[2023-11-24T10:59:51.192+0800] {processor.py:829} INFO - Processing file /home/azfarmustafa/airflow_tutorial/.venv/lib/python3.10/site-packages/airflow/example_dags/example_setup_teardown.py for tasks to queue
[2023-11-24T10:59:51.192+0800] {logging_mixin.py:154} INFO - [2023-11-24T10:59:51.192+0800] {dagbag.py:536} INFO - Filling up the DagBag from /home/azfarmustafa/airflow_tutorial/.venv/lib/python3.10/site-packages/airflow/example_dags/example_setup_teardown.py
[2023-11-24T10:59:51.198+0800] {processor.py:839} INFO - DAG(s) dict_keys(['example_setup_teardown']) retrieved from /home/azfarmustafa/airflow_tutorial/.venv/lib/python3.10/site-packages/airflow/example_dags/example_setup_teardown.py
[2023-11-24T10:59:51.215+0800] {logging_mixin.py:154} INFO - [2023-11-24T10:59:51.214+0800] {dag.py:2941} INFO - Sync 1 DAGs
[2023-11-24T10:59:51.238+0800] {logging_mixin.py:154} INFO - [2023-11-24T10:59:51.238+0800] {dag.py:3722} INFO - Setting next_dagrun for example_setup_teardown to 2023-11-23T02:59:51.237843+00:00, run_after=2023-11-24T02:59:51.237843+00:00
[2023-11-24T10:59:51.263+0800] {processor.py:179} INFO - Processing /home/azfarmustafa/airflow_tutorial/.venv/lib/python3.10/site-packages/airflow/example_dags/example_setup_teardown.py took 0.074 seconds
[2023-11-24T11:00:34.297+0800] {processor.py:157} INFO - Started process (PID=60872) to work on /home/azfarmustafa/airflow_tutorial/.venv/lib/python3.10/site-packages/airflow/example_dags/example_setup_teardown.py
[2023-11-24T11:00:34.302+0800] {processor.py:829} INFO - Processing file /home/azfarmustafa/airflow_tutorial/.venv/lib/python3.10/site-packages/airflow/example_dags/example_setup_teardown.py for tasks to queue
[2023-11-24T11:00:34.303+0800] {logging_mixin.py:154} INFO - [2023-11-24T11:00:34.302+0800] {dagbag.py:536} INFO - Filling up the DagBag from /home/azfarmustafa/airflow_tutorial/.venv/lib/python3.10/site-packages/airflow/example_dags/example_setup_teardown.py
[2023-11-24T11:00:34.311+0800] {processor.py:839} INFO - DAG(s) dict_keys(['example_setup_teardown']) retrieved from /home/azfarmustafa/airflow_tutorial/.venv/lib/python3.10/site-packages/airflow/example_dags/example_setup_teardown.py
[2023-11-24T11:00:34.326+0800] {logging_mixin.py:154} INFO - [2023-11-24T11:00:34.326+0800] {dag.py:2941} INFO - Sync 1 DAGs
[2023-11-24T11:00:34.346+0800] {logging_mixin.py:154} INFO - [2023-11-24T11:00:34.346+0800] {dag.py:3722} INFO - Setting next_dagrun for example_setup_teardown to 2023-11-23T03:00:34.345844+00:00, run_after=2023-11-24T03:00:34.345844+00:00
[2023-11-24T11:00:34.370+0800] {processor.py:179} INFO - Processing /home/azfarmustafa/airflow_tutorial/.venv/lib/python3.10/site-packages/airflow/example_dags/example_setup_teardown.py took 0.075 seconds
[2023-11-24T11:01:19.678+0800] {processor.py:157} INFO - Started process (PID=60918) to work on /home/azfarmustafa/airflow_tutorial/.venv/lib/python3.10/site-packages/airflow/example_dags/example_setup_teardown.py
[2023-11-24T11:01:19.682+0800] {processor.py:829} INFO - Processing file /home/azfarmustafa/airflow_tutorial/.venv/lib/python3.10/site-packages/airflow/example_dags/example_setup_teardown.py for tasks to queue
[2023-11-24T11:01:19.683+0800] {logging_mixin.py:154} INFO - [2023-11-24T11:01:19.683+0800] {dagbag.py:536} INFO - Filling up the DagBag from /home/azfarmustafa/airflow_tutorial/.venv/lib/python3.10/site-packages/airflow/example_dags/example_setup_teardown.py
[2023-11-24T11:01:19.690+0800] {processor.py:839} INFO - DAG(s) dict_keys(['example_setup_teardown']) retrieved from /home/azfarmustafa/airflow_tutorial/.venv/lib/python3.10/site-packages/airflow/example_dags/example_setup_teardown.py
[2023-11-24T11:01:19.705+0800] {logging_mixin.py:154} INFO - [2023-11-24T11:01:19.705+0800] {dag.py:2941} INFO - Sync 1 DAGs
[2023-11-24T11:01:19.730+0800] {logging_mixin.py:154} INFO - [2023-11-24T11:01:19.730+0800] {dag.py:3722} INFO - Setting next_dagrun for example_setup_teardown to 2023-11-23T03:01:19.729961+00:00, run_after=2023-11-24T03:01:19.729961+00:00
[2023-11-24T11:01:19.760+0800] {processor.py:179} INFO - Processing /home/azfarmustafa/airflow_tutorial/.venv/lib/python3.10/site-packages/airflow/example_dags/example_setup_teardown.py took 0.088 seconds
[2023-11-24T11:02:06.228+0800] {processor.py:157} INFO - Started process (PID=60965) to work on /home/azfarmustafa/airflow_tutorial/.venv/lib/python3.10/site-packages/airflow/example_dags/example_setup_teardown.py
[2023-11-24T11:02:06.230+0800] {processor.py:829} INFO - Processing file /home/azfarmustafa/airflow_tutorial/.venv/lib/python3.10/site-packages/airflow/example_dags/example_setup_teardown.py for tasks to queue
[2023-11-24T11:02:06.231+0800] {logging_mixin.py:154} INFO - [2023-11-24T11:02:06.231+0800] {dagbag.py:536} INFO - Filling up the DagBag from /home/azfarmustafa/airflow_tutorial/.venv/lib/python3.10/site-packages/airflow/example_dags/example_setup_teardown.py
[2023-11-24T11:02:06.237+0800] {processor.py:839} INFO - DAG(s) dict_keys(['example_setup_teardown']) retrieved from /home/azfarmustafa/airflow_tutorial/.venv/lib/python3.10/site-packages/airflow/example_dags/example_setup_teardown.py
[2023-11-24T11:02:06.250+0800] {logging_mixin.py:154} INFO - [2023-11-24T11:02:06.250+0800] {dag.py:2941} INFO - Sync 1 DAGs
[2023-11-24T11:02:06.269+0800] {logging_mixin.py:154} INFO - [2023-11-24T11:02:06.268+0800] {dag.py:3722} INFO - Setting next_dagrun for example_setup_teardown to 2023-11-23T03:02:06.267799+00:00, run_after=2023-11-24T03:02:06.267799+00:00
[2023-11-24T11:02:06.293+0800] {processor.py:179} INFO - Processing /home/azfarmustafa/airflow_tutorial/.venv/lib/python3.10/site-packages/airflow/example_dags/example_setup_teardown.py took 0.067 seconds
[2023-11-24T11:02:49.712+0800] {processor.py:157} INFO - Started process (PID=61011) to work on /home/azfarmustafa/airflow_tutorial/.venv/lib/python3.10/site-packages/airflow/example_dags/example_setup_teardown.py
[2023-11-24T11:02:49.713+0800] {processor.py:829} INFO - Processing file /home/azfarmustafa/airflow_tutorial/.venv/lib/python3.10/site-packages/airflow/example_dags/example_setup_teardown.py for tasks to queue
[2023-11-24T11:02:49.715+0800] {logging_mixin.py:154} INFO - [2023-11-24T11:02:49.714+0800] {dagbag.py:536} INFO - Filling up the DagBag from /home/azfarmustafa/airflow_tutorial/.venv/lib/python3.10/site-packages/airflow/example_dags/example_setup_teardown.py
[2023-11-24T11:02:49.724+0800] {processor.py:839} INFO - DAG(s) dict_keys(['example_setup_teardown']) retrieved from /home/azfarmustafa/airflow_tutorial/.venv/lib/python3.10/site-packages/airflow/example_dags/example_setup_teardown.py
[2023-11-24T11:02:49.742+0800] {logging_mixin.py:154} INFO - [2023-11-24T11:02:49.741+0800] {dag.py:2941} INFO - Sync 1 DAGs
[2023-11-24T11:02:49.761+0800] {logging_mixin.py:154} INFO - [2023-11-24T11:02:49.761+0800] {dag.py:3722} INFO - Setting next_dagrun for example_setup_teardown to 2023-11-23T03:02:49.761458+00:00, run_after=2023-11-24T03:02:49.761458+00:00
[2023-11-24T11:02:49.792+0800] {processor.py:179} INFO - Processing /home/azfarmustafa/airflow_tutorial/.venv/lib/python3.10/site-packages/airflow/example_dags/example_setup_teardown.py took 0.082 seconds
[2023-11-24T11:03:38.529+0800] {processor.py:157} INFO - Started process (PID=61066) to work on /home/azfarmustafa/airflow_tutorial/.venv/lib/python3.10/site-packages/airflow/example_dags/example_setup_teardown.py
[2023-11-24T11:03:38.531+0800] {processor.py:829} INFO - Processing file /home/azfarmustafa/airflow_tutorial/.venv/lib/python3.10/site-packages/airflow/example_dags/example_setup_teardown.py for tasks to queue
[2023-11-24T11:03:38.532+0800] {logging_mixin.py:154} INFO - [2023-11-24T11:03:38.532+0800] {dagbag.py:536} INFO - Filling up the DagBag from /home/azfarmustafa/airflow_tutorial/.venv/lib/python3.10/site-packages/airflow/example_dags/example_setup_teardown.py
[2023-11-24T11:03:38.540+0800] {processor.py:839} INFO - DAG(s) dict_keys(['example_setup_teardown']) retrieved from /home/azfarmustafa/airflow_tutorial/.venv/lib/python3.10/site-packages/airflow/example_dags/example_setup_teardown.py
[2023-11-24T11:03:38.579+0800] {logging_mixin.py:154} INFO - [2023-11-24T11:03:38.579+0800] {dag.py:2941} INFO - Sync 1 DAGs
[2023-11-24T11:03:38.613+0800] {logging_mixin.py:154} INFO - [2023-11-24T11:03:38.613+0800] {dag.py:3722} INFO - Setting next_dagrun for example_setup_teardown to 2023-11-23T03:03:38.613341+00:00, run_after=2023-11-24T03:03:38.613341+00:00
[2023-11-24T11:03:38.663+0800] {processor.py:179} INFO - Processing /home/azfarmustafa/airflow_tutorial/.venv/lib/python3.10/site-packages/airflow/example_dags/example_setup_teardown.py took 0.141 seconds
[2023-11-24T11:04:30.548+0800] {processor.py:157} INFO - Started process (PID=61117) to work on /home/azfarmustafa/airflow_tutorial/.venv/lib/python3.10/site-packages/airflow/example_dags/example_setup_teardown.py
[2023-11-24T11:04:30.552+0800] {processor.py:829} INFO - Processing file /home/azfarmustafa/airflow_tutorial/.venv/lib/python3.10/site-packages/airflow/example_dags/example_setup_teardown.py for tasks to queue
[2023-11-24T11:04:30.553+0800] {logging_mixin.py:154} INFO - [2023-11-24T11:04:30.553+0800] {dagbag.py:536} INFO - Filling up the DagBag from /home/azfarmustafa/airflow_tutorial/.venv/lib/python3.10/site-packages/airflow/example_dags/example_setup_teardown.py
[2023-11-24T11:04:30.559+0800] {processor.py:839} INFO - DAG(s) dict_keys(['example_setup_teardown']) retrieved from /home/azfarmustafa/airflow_tutorial/.venv/lib/python3.10/site-packages/airflow/example_dags/example_setup_teardown.py
[2023-11-24T11:04:30.573+0800] {logging_mixin.py:154} INFO - [2023-11-24T11:04:30.573+0800] {dag.py:2941} INFO - Sync 1 DAGs
[2023-11-24T11:04:30.591+0800] {logging_mixin.py:154} INFO - [2023-11-24T11:04:30.590+0800] {dag.py:3722} INFO - Setting next_dagrun for example_setup_teardown to 2023-11-23T03:04:30.590489+00:00, run_after=2023-11-24T03:04:30.590489+00:00
[2023-11-24T11:04:30.613+0800] {processor.py:179} INFO - Processing /home/azfarmustafa/airflow_tutorial/.venv/lib/python3.10/site-packages/airflow/example_dags/example_setup_teardown.py took 0.068 seconds
