[2023-11-24T10:26:02.370+0800] {processor.py:157} INFO - Started process (PID=58720) to work on /home/azfarmustafa/airflow_tutorial/.venv/lib/python3.10/site-packages/airflow/example_dags/example_branch_operator.py
[2023-11-24T10:26:02.371+0800] {processor.py:829} INFO - Processing file /home/azfarmustafa/airflow_tutorial/.venv/lib/python3.10/site-packages/airflow/example_dags/example_branch_operator.py for tasks to queue
[2023-11-24T10:26:02.372+0800] {logging_mixin.py:154} INFO - [2023-11-24T10:26:02.371+0800] {dagbag.py:536} INFO - Filling up the DagBag from /home/azfarmustafa/airflow_tutorial/.venv/lib/python3.10/site-packages/airflow/example_dags/example_branch_operator.py
[2023-11-24T10:26:02.380+0800] {processor.py:839} INFO - DAG(s) dict_keys(['example_branch_operator']) retrieved from /home/azfarmustafa/airflow_tutorial/.venv/lib/python3.10/site-packages/airflow/example_dags/example_branch_operator.py
[2023-11-24T10:26:02.399+0800] {logging_mixin.py:154} INFO - [2023-11-24T10:26:02.399+0800] {dag.py:2941} INFO - Sync 1 DAGs
[2023-11-24T10:26:02.417+0800] {logging_mixin.py:154} INFO - [2023-11-24T10:26:02.417+0800] {dag.py:3722} INFO - Setting next_dagrun for example_branch_operator to 2023-11-23T00:00:00+00:00, run_after=2023-11-24T00:00:00+00:00
[2023-11-24T10:26:02.445+0800] {processor.py:179} INFO - Processing /home/azfarmustafa/airflow_tutorial/.venv/lib/python3.10/site-packages/airflow/example_dags/example_branch_operator.py took 0.077 seconds
[2023-11-24T10:26:53.251+0800] {processor.py:157} INFO - Started process (PID=58779) to work on /home/azfarmustafa/airflow_tutorial/.venv/lib/python3.10/site-packages/airflow/example_dags/example_branch_operator.py
[2023-11-24T10:26:53.252+0800] {processor.py:829} INFO - Processing file /home/azfarmustafa/airflow_tutorial/.venv/lib/python3.10/site-packages/airflow/example_dags/example_branch_operator.py for tasks to queue
[2023-11-24T10:26:53.253+0800] {logging_mixin.py:154} INFO - [2023-11-24T10:26:53.252+0800] {dagbag.py:536} INFO - Filling up the DagBag from /home/azfarmustafa/airflow_tutorial/.venv/lib/python3.10/site-packages/airflow/example_dags/example_branch_operator.py
[2023-11-24T10:26:53.265+0800] {processor.py:839} INFO - DAG(s) dict_keys(['example_branch_operator']) retrieved from /home/azfarmustafa/airflow_tutorial/.venv/lib/python3.10/site-packages/airflow/example_dags/example_branch_operator.py
[2023-11-24T10:26:53.280+0800] {logging_mixin.py:154} INFO - [2023-11-24T10:26:53.280+0800] {dag.py:2941} INFO - Sync 1 DAGs
[2023-11-24T10:26:53.301+0800] {logging_mixin.py:154} INFO - [2023-11-24T10:26:53.301+0800] {dag.py:3722} INFO - Setting next_dagrun for example_branch_operator to 2023-11-23T00:00:00+00:00, run_after=2023-11-24T00:00:00+00:00
[2023-11-24T10:26:53.328+0800] {processor.py:179} INFO - Processing /home/azfarmustafa/airflow_tutorial/.venv/lib/python3.10/site-packages/airflow/example_dags/example_branch_operator.py took 0.080 seconds
[2023-11-24T10:27:39.988+0800] {processor.py:157} INFO - Started process (PID=58827) to work on /home/azfarmustafa/airflow_tutorial/.venv/lib/python3.10/site-packages/airflow/example_dags/example_branch_operator.py
[2023-11-24T10:27:39.992+0800] {processor.py:829} INFO - Processing file /home/azfarmustafa/airflow_tutorial/.venv/lib/python3.10/site-packages/airflow/example_dags/example_branch_operator.py for tasks to queue
[2023-11-24T10:27:39.993+0800] {logging_mixin.py:154} INFO - [2023-11-24T10:27:39.993+0800] {dagbag.py:536} INFO - Filling up the DagBag from /home/azfarmustafa/airflow_tutorial/.venv/lib/python3.10/site-packages/airflow/example_dags/example_branch_operator.py
[2023-11-24T10:27:40.003+0800] {processor.py:839} INFO - DAG(s) dict_keys(['example_branch_operator']) retrieved from /home/azfarmustafa/airflow_tutorial/.venv/lib/python3.10/site-packages/airflow/example_dags/example_branch_operator.py
[2023-11-24T10:27:40.020+0800] {logging_mixin.py:154} INFO - [2023-11-24T10:27:40.020+0800] {dag.py:2941} INFO - Sync 1 DAGs
[2023-11-24T10:27:40.039+0800] {logging_mixin.py:154} INFO - [2023-11-24T10:27:40.039+0800] {dag.py:3722} INFO - Setting next_dagrun for example_branch_operator to 2023-11-23T00:00:00+00:00, run_after=2023-11-24T00:00:00+00:00
[2023-11-24T10:27:40.068+0800] {processor.py:179} INFO - Processing /home/azfarmustafa/airflow_tutorial/.venv/lib/python3.10/site-packages/airflow/example_dags/example_branch_operator.py took 0.082 seconds
[2023-11-24T10:28:26.219+0800] {processor.py:157} INFO - Started process (PID=58873) to work on /home/azfarmustafa/airflow_tutorial/.venv/lib/python3.10/site-packages/airflow/example_dags/example_branch_operator.py
[2023-11-24T10:28:26.224+0800] {processor.py:829} INFO - Processing file /home/azfarmustafa/airflow_tutorial/.venv/lib/python3.10/site-packages/airflow/example_dags/example_branch_operator.py for tasks to queue
[2023-11-24T10:28:26.225+0800] {logging_mixin.py:154} INFO - [2023-11-24T10:28:26.225+0800] {dagbag.py:536} INFO - Filling up the DagBag from /home/azfarmustafa/airflow_tutorial/.venv/lib/python3.10/site-packages/airflow/example_dags/example_branch_operator.py
[2023-11-24T10:28:26.234+0800] {processor.py:839} INFO - DAG(s) dict_keys(['example_branch_operator']) retrieved from /home/azfarmustafa/airflow_tutorial/.venv/lib/python3.10/site-packages/airflow/example_dags/example_branch_operator.py
[2023-11-24T10:28:26.254+0800] {logging_mixin.py:154} INFO - [2023-11-24T10:28:26.253+0800] {dag.py:2941} INFO - Sync 1 DAGs
[2023-11-24T10:28:26.274+0800] {logging_mixin.py:154} INFO - [2023-11-24T10:28:26.274+0800] {dag.py:3722} INFO - Setting next_dagrun for example_branch_operator to 2023-11-23T00:00:00+00:00, run_after=2023-11-24T00:00:00+00:00
[2023-11-24T10:28:26.303+0800] {processor.py:179} INFO - Processing /home/azfarmustafa/airflow_tutorial/.venv/lib/python3.10/site-packages/airflow/example_dags/example_branch_operator.py took 0.087 seconds
[2023-11-24T10:29:11.708+0800] {processor.py:157} INFO - Started process (PID=58925) to work on /home/azfarmustafa/airflow_tutorial/.venv/lib/python3.10/site-packages/airflow/example_dags/example_branch_operator.py
[2023-11-24T10:29:11.712+0800] {processor.py:829} INFO - Processing file /home/azfarmustafa/airflow_tutorial/.venv/lib/python3.10/site-packages/airflow/example_dags/example_branch_operator.py for tasks to queue
[2023-11-24T10:29:11.713+0800] {logging_mixin.py:154} INFO - [2023-11-24T10:29:11.712+0800] {dagbag.py:536} INFO - Filling up the DagBag from /home/azfarmustafa/airflow_tutorial/.venv/lib/python3.10/site-packages/airflow/example_dags/example_branch_operator.py
[2023-11-24T10:29:11.720+0800] {processor.py:839} INFO - DAG(s) dict_keys(['example_branch_operator']) retrieved from /home/azfarmustafa/airflow_tutorial/.venv/lib/python3.10/site-packages/airflow/example_dags/example_branch_operator.py
[2023-11-24T10:29:11.736+0800] {logging_mixin.py:154} INFO - [2023-11-24T10:29:11.736+0800] {dag.py:2941} INFO - Sync 1 DAGs
[2023-11-24T10:29:11.755+0800] {logging_mixin.py:154} INFO - [2023-11-24T10:29:11.755+0800] {dag.py:3722} INFO - Setting next_dagrun for example_branch_operator to 2023-11-23T00:00:00+00:00, run_after=2023-11-24T00:00:00+00:00
[2023-11-24T10:29:11.778+0800] {processor.py:179} INFO - Processing /home/azfarmustafa/airflow_tutorial/.venv/lib/python3.10/site-packages/airflow/example_dags/example_branch_operator.py took 0.072 seconds
[2023-11-24T10:29:57.936+0800] {processor.py:157} INFO - Started process (PID=58972) to work on /home/azfarmustafa/airflow_tutorial/.venv/lib/python3.10/site-packages/airflow/example_dags/example_branch_operator.py
[2023-11-24T10:29:57.937+0800] {processor.py:829} INFO - Processing file /home/azfarmustafa/airflow_tutorial/.venv/lib/python3.10/site-packages/airflow/example_dags/example_branch_operator.py for tasks to queue
[2023-11-24T10:29:57.938+0800] {logging_mixin.py:154} INFO - [2023-11-24T10:29:57.938+0800] {dagbag.py:536} INFO - Filling up the DagBag from /home/azfarmustafa/airflow_tutorial/.venv/lib/python3.10/site-packages/airflow/example_dags/example_branch_operator.py
[2023-11-24T10:29:57.948+0800] {processor.py:839} INFO - DAG(s) dict_keys(['example_branch_operator']) retrieved from /home/azfarmustafa/airflow_tutorial/.venv/lib/python3.10/site-packages/airflow/example_dags/example_branch_operator.py
[2023-11-24T10:29:57.966+0800] {logging_mixin.py:154} INFO - [2023-11-24T10:29:57.966+0800] {dag.py:2941} INFO - Sync 1 DAGs
[2023-11-24T10:29:57.988+0800] {logging_mixin.py:154} INFO - [2023-11-24T10:29:57.988+0800] {dag.py:3722} INFO - Setting next_dagrun for example_branch_operator to 2023-11-23T00:00:00+00:00, run_after=2023-11-24T00:00:00+00:00
[2023-11-24T10:29:58.015+0800] {processor.py:179} INFO - Processing /home/azfarmustafa/airflow_tutorial/.venv/lib/python3.10/site-packages/airflow/example_dags/example_branch_operator.py took 0.082 seconds
[2023-11-24T10:30:46.186+0800] {processor.py:157} INFO - Started process (PID=59023) to work on /home/azfarmustafa/airflow_tutorial/.venv/lib/python3.10/site-packages/airflow/example_dags/example_branch_operator.py
[2023-11-24T10:30:46.187+0800] {processor.py:829} INFO - Processing file /home/azfarmustafa/airflow_tutorial/.venv/lib/python3.10/site-packages/airflow/example_dags/example_branch_operator.py for tasks to queue
[2023-11-24T10:30:46.188+0800] {logging_mixin.py:154} INFO - [2023-11-24T10:30:46.188+0800] {dagbag.py:536} INFO - Filling up the DagBag from /home/azfarmustafa/airflow_tutorial/.venv/lib/python3.10/site-packages/airflow/example_dags/example_branch_operator.py
[2023-11-24T10:30:46.196+0800] {processor.py:839} INFO - DAG(s) dict_keys(['example_branch_operator']) retrieved from /home/azfarmustafa/airflow_tutorial/.venv/lib/python3.10/site-packages/airflow/example_dags/example_branch_operator.py
[2023-11-24T10:30:46.212+0800] {logging_mixin.py:154} INFO - [2023-11-24T10:30:46.211+0800] {dag.py:2941} INFO - Sync 1 DAGs
[2023-11-24T10:30:46.230+0800] {logging_mixin.py:154} INFO - [2023-11-24T10:30:46.230+0800] {dag.py:3722} INFO - Setting next_dagrun for example_branch_operator to 2023-11-23T00:00:00+00:00, run_after=2023-11-24T00:00:00+00:00
[2023-11-24T10:30:46.253+0800] {processor.py:179} INFO - Processing /home/azfarmustafa/airflow_tutorial/.venv/lib/python3.10/site-packages/airflow/example_dags/example_branch_operator.py took 0.070 seconds
[2023-11-24T10:31:33.950+0800] {processor.py:157} INFO - Started process (PID=59071) to work on /home/azfarmustafa/airflow_tutorial/.venv/lib/python3.10/site-packages/airflow/example_dags/example_branch_operator.py
[2023-11-24T10:31:33.952+0800] {processor.py:829} INFO - Processing file /home/azfarmustafa/airflow_tutorial/.venv/lib/python3.10/site-packages/airflow/example_dags/example_branch_operator.py for tasks to queue
[2023-11-24T10:31:33.953+0800] {logging_mixin.py:154} INFO - [2023-11-24T10:31:33.952+0800] {dagbag.py:536} INFO - Filling up the DagBag from /home/azfarmustafa/airflow_tutorial/.venv/lib/python3.10/site-packages/airflow/example_dags/example_branch_operator.py
[2023-11-24T10:31:33.961+0800] {processor.py:839} INFO - DAG(s) dict_keys(['example_branch_operator']) retrieved from /home/azfarmustafa/airflow_tutorial/.venv/lib/python3.10/site-packages/airflow/example_dags/example_branch_operator.py
[2023-11-24T10:31:33.979+0800] {logging_mixin.py:154} INFO - [2023-11-24T10:31:33.978+0800] {dag.py:2941} INFO - Sync 1 DAGs
[2023-11-24T10:31:34.003+0800] {logging_mixin.py:154} INFO - [2023-11-24T10:31:34.003+0800] {dag.py:3722} INFO - Setting next_dagrun for example_branch_operator to 2023-11-23T00:00:00+00:00, run_after=2023-11-24T00:00:00+00:00
[2023-11-24T10:31:34.029+0800] {processor.py:179} INFO - Processing /home/azfarmustafa/airflow_tutorial/.venv/lib/python3.10/site-packages/airflow/example_dags/example_branch_operator.py took 0.081 seconds
[2023-11-24T10:32:20.358+0800] {processor.py:157} INFO - Started process (PID=59117) to work on /home/azfarmustafa/airflow_tutorial/.venv/lib/python3.10/site-packages/airflow/example_dags/example_branch_operator.py
[2023-11-24T10:32:20.359+0800] {processor.py:829} INFO - Processing file /home/azfarmustafa/airflow_tutorial/.venv/lib/python3.10/site-packages/airflow/example_dags/example_branch_operator.py for tasks to queue
[2023-11-24T10:32:20.361+0800] {logging_mixin.py:154} INFO - [2023-11-24T10:32:20.360+0800] {dagbag.py:536} INFO - Filling up the DagBag from /home/azfarmustafa/airflow_tutorial/.venv/lib/python3.10/site-packages/airflow/example_dags/example_branch_operator.py
[2023-11-24T10:32:20.369+0800] {processor.py:839} INFO - DAG(s) dict_keys(['example_branch_operator']) retrieved from /home/azfarmustafa/airflow_tutorial/.venv/lib/python3.10/site-packages/airflow/example_dags/example_branch_operator.py
[2023-11-24T10:32:20.387+0800] {logging_mixin.py:154} INFO - [2023-11-24T10:32:20.387+0800] {dag.py:2941} INFO - Sync 1 DAGs
[2023-11-24T10:32:20.411+0800] {logging_mixin.py:154} INFO - [2023-11-24T10:32:20.410+0800] {dag.py:3722} INFO - Setting next_dagrun for example_branch_operator to 2023-11-23T00:00:00+00:00, run_after=2023-11-24T00:00:00+00:00
[2023-11-24T10:32:20.438+0800] {processor.py:179} INFO - Processing /home/azfarmustafa/airflow_tutorial/.venv/lib/python3.10/site-packages/airflow/example_dags/example_branch_operator.py took 0.084 seconds
[2023-11-24T10:33:12.038+0800] {processor.py:157} INFO - Started process (PID=59168) to work on /home/azfarmustafa/airflow_tutorial/.venv/lib/python3.10/site-packages/airflow/example_dags/example_branch_operator.py
[2023-11-24T10:33:12.045+0800] {processor.py:829} INFO - Processing file /home/azfarmustafa/airflow_tutorial/.venv/lib/python3.10/site-packages/airflow/example_dags/example_branch_operator.py for tasks to queue
[2023-11-24T10:33:12.046+0800] {logging_mixin.py:154} INFO - [2023-11-24T10:33:12.046+0800] {dagbag.py:536} INFO - Filling up the DagBag from /home/azfarmustafa/airflow_tutorial/.venv/lib/python3.10/site-packages/airflow/example_dags/example_branch_operator.py
[2023-11-24T10:33:12.054+0800] {processor.py:839} INFO - DAG(s) dict_keys(['example_branch_operator']) retrieved from /home/azfarmustafa/airflow_tutorial/.venv/lib/python3.10/site-packages/airflow/example_dags/example_branch_operator.py
[2023-11-24T10:33:12.069+0800] {logging_mixin.py:154} INFO - [2023-11-24T10:33:12.069+0800] {dag.py:2941} INFO - Sync 1 DAGs
[2023-11-24T10:33:12.089+0800] {logging_mixin.py:154} INFO - [2023-11-24T10:33:12.089+0800] {dag.py:3722} INFO - Setting next_dagrun for example_branch_operator to 2023-11-23T00:00:00+00:00, run_after=2023-11-24T00:00:00+00:00
[2023-11-24T10:33:12.244+0800] {processor.py:179} INFO - Processing /home/azfarmustafa/airflow_tutorial/.venv/lib/python3.10/site-packages/airflow/example_dags/example_branch_operator.py took 0.209 seconds
[2023-11-24T10:34:04.010+0800] {processor.py:157} INFO - Started process (PID=59218) to work on /home/azfarmustafa/airflow_tutorial/.venv/lib/python3.10/site-packages/airflow/example_dags/example_branch_operator.py
[2023-11-24T10:34:04.014+0800] {processor.py:829} INFO - Processing file /home/azfarmustafa/airflow_tutorial/.venv/lib/python3.10/site-packages/airflow/example_dags/example_branch_operator.py for tasks to queue
[2023-11-24T10:34:04.015+0800] {logging_mixin.py:154} INFO - [2023-11-24T10:34:04.015+0800] {dagbag.py:536} INFO - Filling up the DagBag from /home/azfarmustafa/airflow_tutorial/.venv/lib/python3.10/site-packages/airflow/example_dags/example_branch_operator.py
[2023-11-24T10:34:04.025+0800] {processor.py:839} INFO - DAG(s) dict_keys(['example_branch_operator']) retrieved from /home/azfarmustafa/airflow_tutorial/.venv/lib/python3.10/site-packages/airflow/example_dags/example_branch_operator.py
[2023-11-24T10:34:04.041+0800] {logging_mixin.py:154} INFO - [2023-11-24T10:34:04.040+0800] {dag.py:2941} INFO - Sync 1 DAGs
[2023-11-24T10:34:04.065+0800] {logging_mixin.py:154} INFO - [2023-11-24T10:34:04.064+0800] {dag.py:3722} INFO - Setting next_dagrun for example_branch_operator to 2023-11-23T00:00:00+00:00, run_after=2023-11-24T00:00:00+00:00
[2023-11-24T10:34:04.093+0800] {processor.py:179} INFO - Processing /home/azfarmustafa/airflow_tutorial/.venv/lib/python3.10/site-packages/airflow/example_dags/example_branch_operator.py took 0.085 seconds
[2023-11-24T10:34:50.604+0800] {processor.py:157} INFO - Started process (PID=59273) to work on /home/azfarmustafa/airflow_tutorial/.venv/lib/python3.10/site-packages/airflow/example_dags/example_branch_operator.py
[2023-11-24T10:34:50.608+0800] {processor.py:829} INFO - Processing file /home/azfarmustafa/airflow_tutorial/.venv/lib/python3.10/site-packages/airflow/example_dags/example_branch_operator.py for tasks to queue
[2023-11-24T10:34:50.609+0800] {logging_mixin.py:154} INFO - [2023-11-24T10:34:50.608+0800] {dagbag.py:536} INFO - Filling up the DagBag from /home/azfarmustafa/airflow_tutorial/.venv/lib/python3.10/site-packages/airflow/example_dags/example_branch_operator.py
[2023-11-24T10:34:50.619+0800] {processor.py:839} INFO - DAG(s) dict_keys(['example_branch_operator']) retrieved from /home/azfarmustafa/airflow_tutorial/.venv/lib/python3.10/site-packages/airflow/example_dags/example_branch_operator.py
[2023-11-24T10:34:50.636+0800] {logging_mixin.py:154} INFO - [2023-11-24T10:34:50.636+0800] {dag.py:2941} INFO - Sync 1 DAGs
[2023-11-24T10:34:50.660+0800] {logging_mixin.py:154} INFO - [2023-11-24T10:34:50.660+0800] {dag.py:3722} INFO - Setting next_dagrun for example_branch_operator to 2023-11-23T00:00:00+00:00, run_after=2023-11-24T00:00:00+00:00
[2023-11-24T10:34:50.687+0800] {processor.py:179} INFO - Processing /home/azfarmustafa/airflow_tutorial/.venv/lib/python3.10/site-packages/airflow/example_dags/example_branch_operator.py took 0.085 seconds
[2023-11-24T10:35:37.267+0800] {processor.py:157} INFO - Started process (PID=59321) to work on /home/azfarmustafa/airflow_tutorial/.venv/lib/python3.10/site-packages/airflow/example_dags/example_branch_operator.py
[2023-11-24T10:35:37.268+0800] {processor.py:829} INFO - Processing file /home/azfarmustafa/airflow_tutorial/.venv/lib/python3.10/site-packages/airflow/example_dags/example_branch_operator.py for tasks to queue
[2023-11-24T10:35:37.269+0800] {logging_mixin.py:154} INFO - [2023-11-24T10:35:37.269+0800] {dagbag.py:536} INFO - Filling up the DagBag from /home/azfarmustafa/airflow_tutorial/.venv/lib/python3.10/site-packages/airflow/example_dags/example_branch_operator.py
[2023-11-24T10:35:37.277+0800] {processor.py:839} INFO - DAG(s) dict_keys(['example_branch_operator']) retrieved from /home/azfarmustafa/airflow_tutorial/.venv/lib/python3.10/site-packages/airflow/example_dags/example_branch_operator.py
[2023-11-24T10:35:37.292+0800] {logging_mixin.py:154} INFO - [2023-11-24T10:35:37.292+0800] {dag.py:2941} INFO - Sync 1 DAGs
[2023-11-24T10:35:37.311+0800] {logging_mixin.py:154} INFO - [2023-11-24T10:35:37.310+0800] {dag.py:3722} INFO - Setting next_dagrun for example_branch_operator to 2023-11-23T00:00:00+00:00, run_after=2023-11-24T00:00:00+00:00
[2023-11-24T10:35:37.332+0800] {processor.py:179} INFO - Processing /home/azfarmustafa/airflow_tutorial/.venv/lib/python3.10/site-packages/airflow/example_dags/example_branch_operator.py took 0.068 seconds
[2023-11-24T10:36:23.633+0800] {processor.py:157} INFO - Started process (PID=59371) to work on /home/azfarmustafa/airflow_tutorial/.venv/lib/python3.10/site-packages/airflow/example_dags/example_branch_operator.py
[2023-11-24T10:36:23.637+0800] {processor.py:829} INFO - Processing file /home/azfarmustafa/airflow_tutorial/.venv/lib/python3.10/site-packages/airflow/example_dags/example_branch_operator.py for tasks to queue
[2023-11-24T10:36:23.638+0800] {logging_mixin.py:154} INFO - [2023-11-24T10:36:23.638+0800] {dagbag.py:536} INFO - Filling up the DagBag from /home/azfarmustafa/airflow_tutorial/.venv/lib/python3.10/site-packages/airflow/example_dags/example_branch_operator.py
[2023-11-24T10:36:23.652+0800] {processor.py:839} INFO - DAG(s) dict_keys(['example_branch_operator']) retrieved from /home/azfarmustafa/airflow_tutorial/.venv/lib/python3.10/site-packages/airflow/example_dags/example_branch_operator.py
[2023-11-24T10:36:23.669+0800] {logging_mixin.py:154} INFO - [2023-11-24T10:36:23.669+0800] {dag.py:2941} INFO - Sync 1 DAGs
[2023-11-24T10:36:23.688+0800] {logging_mixin.py:154} INFO - [2023-11-24T10:36:23.688+0800] {dag.py:3722} INFO - Setting next_dagrun for example_branch_operator to 2023-11-23T00:00:00+00:00, run_after=2023-11-24T00:00:00+00:00
[2023-11-24T10:36:23.712+0800] {processor.py:179} INFO - Processing /home/azfarmustafa/airflow_tutorial/.venv/lib/python3.10/site-packages/airflow/example_dags/example_branch_operator.py took 0.081 seconds
[2023-11-24T10:37:08.690+0800] {processor.py:157} INFO - Started process (PID=59417) to work on /home/azfarmustafa/airflow_tutorial/.venv/lib/python3.10/site-packages/airflow/example_dags/example_branch_operator.py
[2023-11-24T10:37:08.695+0800] {processor.py:829} INFO - Processing file /home/azfarmustafa/airflow_tutorial/.venv/lib/python3.10/site-packages/airflow/example_dags/example_branch_operator.py for tasks to queue
[2023-11-24T10:37:08.696+0800] {logging_mixin.py:154} INFO - [2023-11-24T10:37:08.696+0800] {dagbag.py:536} INFO - Filling up the DagBag from /home/azfarmustafa/airflow_tutorial/.venv/lib/python3.10/site-packages/airflow/example_dags/example_branch_operator.py
[2023-11-24T10:37:08.704+0800] {processor.py:839} INFO - DAG(s) dict_keys(['example_branch_operator']) retrieved from /home/azfarmustafa/airflow_tutorial/.venv/lib/python3.10/site-packages/airflow/example_dags/example_branch_operator.py
[2023-11-24T10:37:08.723+0800] {logging_mixin.py:154} INFO - [2023-11-24T10:37:08.723+0800] {dag.py:2941} INFO - Sync 1 DAGs
[2023-11-24T10:37:08.742+0800] {logging_mixin.py:154} INFO - [2023-11-24T10:37:08.742+0800] {dag.py:3722} INFO - Setting next_dagrun for example_branch_operator to 2023-11-23T00:00:00+00:00, run_after=2023-11-24T00:00:00+00:00
[2023-11-24T10:37:08.773+0800] {processor.py:179} INFO - Processing /home/azfarmustafa/airflow_tutorial/.venv/lib/python3.10/site-packages/airflow/example_dags/example_branch_operator.py took 0.085 seconds
[2023-11-24T10:37:54.729+0800] {processor.py:157} INFO - Started process (PID=59463) to work on /home/azfarmustafa/airflow_tutorial/.venv/lib/python3.10/site-packages/airflow/example_dags/example_branch_operator.py
[2023-11-24T10:37:54.733+0800] {processor.py:829} INFO - Processing file /home/azfarmustafa/airflow_tutorial/.venv/lib/python3.10/site-packages/airflow/example_dags/example_branch_operator.py for tasks to queue
[2023-11-24T10:37:54.734+0800] {logging_mixin.py:154} INFO - [2023-11-24T10:37:54.733+0800] {dagbag.py:536} INFO - Filling up the DagBag from /home/azfarmustafa/airflow_tutorial/.venv/lib/python3.10/site-packages/airflow/example_dags/example_branch_operator.py
[2023-11-24T10:37:54.742+0800] {processor.py:839} INFO - DAG(s) dict_keys(['example_branch_operator']) retrieved from /home/azfarmustafa/airflow_tutorial/.venv/lib/python3.10/site-packages/airflow/example_dags/example_branch_operator.py
[2023-11-24T10:37:54.760+0800] {logging_mixin.py:154} INFO - [2023-11-24T10:37:54.760+0800] {dag.py:2941} INFO - Sync 1 DAGs
[2023-11-24T10:37:54.779+0800] {logging_mixin.py:154} INFO - [2023-11-24T10:37:54.779+0800] {dag.py:3722} INFO - Setting next_dagrun for example_branch_operator to 2023-11-23T00:00:00+00:00, run_after=2023-11-24T00:00:00+00:00
[2023-11-24T10:37:54.805+0800] {processor.py:179} INFO - Processing /home/azfarmustafa/airflow_tutorial/.venv/lib/python3.10/site-packages/airflow/example_dags/example_branch_operator.py took 0.078 seconds
[2023-11-24T10:38:42.977+0800] {processor.py:157} INFO - Started process (PID=59512) to work on /home/azfarmustafa/airflow_tutorial/.venv/lib/python3.10/site-packages/airflow/example_dags/example_branch_operator.py
[2023-11-24T10:38:42.982+0800] {processor.py:829} INFO - Processing file /home/azfarmustafa/airflow_tutorial/.venv/lib/python3.10/site-packages/airflow/example_dags/example_branch_operator.py for tasks to queue
[2023-11-24T10:38:42.984+0800] {logging_mixin.py:154} INFO - [2023-11-24T10:38:42.983+0800] {dagbag.py:536} INFO - Filling up the DagBag from /home/azfarmustafa/airflow_tutorial/.venv/lib/python3.10/site-packages/airflow/example_dags/example_branch_operator.py
[2023-11-24T10:38:42.993+0800] {processor.py:839} INFO - DAG(s) dict_keys(['example_branch_operator']) retrieved from /home/azfarmustafa/airflow_tutorial/.venv/lib/python3.10/site-packages/airflow/example_dags/example_branch_operator.py
[2023-11-24T10:38:43.009+0800] {logging_mixin.py:154} INFO - [2023-11-24T10:38:43.009+0800] {dag.py:2941} INFO - Sync 1 DAGs
[2023-11-24T10:38:43.029+0800] {logging_mixin.py:154} INFO - [2023-11-24T10:38:43.028+0800] {dag.py:3722} INFO - Setting next_dagrun for example_branch_operator to 2023-11-23T00:00:00+00:00, run_after=2023-11-24T00:00:00+00:00
[2023-11-24T10:38:43.053+0800] {processor.py:179} INFO - Processing /home/azfarmustafa/airflow_tutorial/.venv/lib/python3.10/site-packages/airflow/example_dags/example_branch_operator.py took 0.080 seconds
[2023-11-24T10:39:31.900+0800] {processor.py:157} INFO - Started process (PID=59561) to work on /home/azfarmustafa/airflow_tutorial/.venv/lib/python3.10/site-packages/airflow/example_dags/example_branch_operator.py
[2023-11-24T10:39:31.904+0800] {processor.py:829} INFO - Processing file /home/azfarmustafa/airflow_tutorial/.venv/lib/python3.10/site-packages/airflow/example_dags/example_branch_operator.py for tasks to queue
[2023-11-24T10:39:31.905+0800] {logging_mixin.py:154} INFO - [2023-11-24T10:39:31.904+0800] {dagbag.py:536} INFO - Filling up the DagBag from /home/azfarmustafa/airflow_tutorial/.venv/lib/python3.10/site-packages/airflow/example_dags/example_branch_operator.py
[2023-11-24T10:39:31.913+0800] {processor.py:839} INFO - DAG(s) dict_keys(['example_branch_operator']) retrieved from /home/azfarmustafa/airflow_tutorial/.venv/lib/python3.10/site-packages/airflow/example_dags/example_branch_operator.py
[2023-11-24T10:39:31.929+0800] {logging_mixin.py:154} INFO - [2023-11-24T10:39:31.929+0800] {dag.py:2941} INFO - Sync 1 DAGs
[2023-11-24T10:39:31.948+0800] {logging_mixin.py:154} INFO - [2023-11-24T10:39:31.947+0800] {dag.py:3722} INFO - Setting next_dagrun for example_branch_operator to 2023-11-23T00:00:00+00:00, run_after=2023-11-24T00:00:00+00:00
[2023-11-24T10:39:32.021+0800] {processor.py:179} INFO - Processing /home/azfarmustafa/airflow_tutorial/.venv/lib/python3.10/site-packages/airflow/example_dags/example_branch_operator.py took 0.123 seconds
[2023-11-24T10:40:22.410+0800] {processor.py:157} INFO - Started process (PID=59612) to work on /home/azfarmustafa/airflow_tutorial/.venv/lib/python3.10/site-packages/airflow/example_dags/example_branch_operator.py
[2023-11-24T10:40:22.414+0800] {processor.py:829} INFO - Processing file /home/azfarmustafa/airflow_tutorial/.venv/lib/python3.10/site-packages/airflow/example_dags/example_branch_operator.py for tasks to queue
[2023-11-24T10:40:22.415+0800] {logging_mixin.py:154} INFO - [2023-11-24T10:40:22.414+0800] {dagbag.py:536} INFO - Filling up the DagBag from /home/azfarmustafa/airflow_tutorial/.venv/lib/python3.10/site-packages/airflow/example_dags/example_branch_operator.py
[2023-11-24T10:40:22.422+0800] {processor.py:839} INFO - DAG(s) dict_keys(['example_branch_operator']) retrieved from /home/azfarmustafa/airflow_tutorial/.venv/lib/python3.10/site-packages/airflow/example_dags/example_branch_operator.py
[2023-11-24T10:40:22.438+0800] {logging_mixin.py:154} INFO - [2023-11-24T10:40:22.438+0800] {dag.py:2941} INFO - Sync 1 DAGs
[2023-11-24T10:40:22.462+0800] {logging_mixin.py:154} INFO - [2023-11-24T10:40:22.462+0800] {dag.py:3722} INFO - Setting next_dagrun for example_branch_operator to 2023-11-23T00:00:00+00:00, run_after=2023-11-24T00:00:00+00:00
[2023-11-24T10:40:22.488+0800] {processor.py:179} INFO - Processing /home/azfarmustafa/airflow_tutorial/.venv/lib/python3.10/site-packages/airflow/example_dags/example_branch_operator.py took 0.081 seconds
[2023-11-24T10:41:07.099+0800] {processor.py:157} INFO - Started process (PID=59663) to work on /home/azfarmustafa/airflow_tutorial/.venv/lib/python3.10/site-packages/airflow/example_dags/example_branch_operator.py
[2023-11-24T10:41:07.103+0800] {processor.py:829} INFO - Processing file /home/azfarmustafa/airflow_tutorial/.venv/lib/python3.10/site-packages/airflow/example_dags/example_branch_operator.py for tasks to queue
[2023-11-24T10:41:07.104+0800] {logging_mixin.py:154} INFO - [2023-11-24T10:41:07.104+0800] {dagbag.py:536} INFO - Filling up the DagBag from /home/azfarmustafa/airflow_tutorial/.venv/lib/python3.10/site-packages/airflow/example_dags/example_branch_operator.py
[2023-11-24T10:41:07.112+0800] {processor.py:839} INFO - DAG(s) dict_keys(['example_branch_operator']) retrieved from /home/azfarmustafa/airflow_tutorial/.venv/lib/python3.10/site-packages/airflow/example_dags/example_branch_operator.py
[2023-11-24T10:41:07.128+0800] {logging_mixin.py:154} INFO - [2023-11-24T10:41:07.127+0800] {dag.py:2941} INFO - Sync 1 DAGs
[2023-11-24T10:41:07.146+0800] {logging_mixin.py:154} INFO - [2023-11-24T10:41:07.146+0800] {dag.py:3722} INFO - Setting next_dagrun for example_branch_operator to 2023-11-23T00:00:00+00:00, run_after=2023-11-24T00:00:00+00:00
[2023-11-24T10:41:07.179+0800] {processor.py:179} INFO - Processing /home/azfarmustafa/airflow_tutorial/.venv/lib/python3.10/site-packages/airflow/example_dags/example_branch_operator.py took 0.083 seconds
[2023-11-24T10:41:56.309+0800] {processor.py:157} INFO - Started process (PID=59713) to work on /home/azfarmustafa/airflow_tutorial/.venv/lib/python3.10/site-packages/airflow/example_dags/example_branch_operator.py
[2023-11-24T10:41:56.310+0800] {processor.py:829} INFO - Processing file /home/azfarmustafa/airflow_tutorial/.venv/lib/python3.10/site-packages/airflow/example_dags/example_branch_operator.py for tasks to queue
[2023-11-24T10:41:56.311+0800] {logging_mixin.py:154} INFO - [2023-11-24T10:41:56.311+0800] {dagbag.py:536} INFO - Filling up the DagBag from /home/azfarmustafa/airflow_tutorial/.venv/lib/python3.10/site-packages/airflow/example_dags/example_branch_operator.py
[2023-11-24T10:41:56.321+0800] {processor.py:839} INFO - DAG(s) dict_keys(['example_branch_operator']) retrieved from /home/azfarmustafa/airflow_tutorial/.venv/lib/python3.10/site-packages/airflow/example_dags/example_branch_operator.py
[2023-11-24T10:41:56.338+0800] {logging_mixin.py:154} INFO - [2023-11-24T10:41:56.338+0800] {dag.py:2941} INFO - Sync 1 DAGs
[2023-11-24T10:41:56.360+0800] {logging_mixin.py:154} INFO - [2023-11-24T10:41:56.359+0800] {dag.py:3722} INFO - Setting next_dagrun for example_branch_operator to 2023-11-23T00:00:00+00:00, run_after=2023-11-24T00:00:00+00:00
[2023-11-24T10:41:56.387+0800] {processor.py:179} INFO - Processing /home/azfarmustafa/airflow_tutorial/.venv/lib/python3.10/site-packages/airflow/example_dags/example_branch_operator.py took 0.081 seconds
[2023-11-24T10:42:42.170+0800] {processor.py:157} INFO - Started process (PID=59759) to work on /home/azfarmustafa/airflow_tutorial/.venv/lib/python3.10/site-packages/airflow/example_dags/example_branch_operator.py
[2023-11-24T10:42:42.174+0800] {processor.py:829} INFO - Processing file /home/azfarmustafa/airflow_tutorial/.venv/lib/python3.10/site-packages/airflow/example_dags/example_branch_operator.py for tasks to queue
[2023-11-24T10:42:42.175+0800] {logging_mixin.py:154} INFO - [2023-11-24T10:42:42.174+0800] {dagbag.py:536} INFO - Filling up the DagBag from /home/azfarmustafa/airflow_tutorial/.venv/lib/python3.10/site-packages/airflow/example_dags/example_branch_operator.py
[2023-11-24T10:42:42.183+0800] {processor.py:839} INFO - DAG(s) dict_keys(['example_branch_operator']) retrieved from /home/azfarmustafa/airflow_tutorial/.venv/lib/python3.10/site-packages/airflow/example_dags/example_branch_operator.py
[2023-11-24T10:42:42.198+0800] {logging_mixin.py:154} INFO - [2023-11-24T10:42:42.198+0800] {dag.py:2941} INFO - Sync 1 DAGs
[2023-11-24T10:42:42.219+0800] {logging_mixin.py:154} INFO - [2023-11-24T10:42:42.218+0800] {dag.py:3722} INFO - Setting next_dagrun for example_branch_operator to 2023-11-23T00:00:00+00:00, run_after=2023-11-24T00:00:00+00:00
[2023-11-24T10:42:42.246+0800] {processor.py:179} INFO - Processing /home/azfarmustafa/airflow_tutorial/.venv/lib/python3.10/site-packages/airflow/example_dags/example_branch_operator.py took 0.078 seconds
[2023-11-24T10:43:29.508+0800] {processor.py:157} INFO - Started process (PID=59808) to work on /home/azfarmustafa/airflow_tutorial/.venv/lib/python3.10/site-packages/airflow/example_dags/example_branch_operator.py
[2023-11-24T10:43:29.512+0800] {processor.py:829} INFO - Processing file /home/azfarmustafa/airflow_tutorial/.venv/lib/python3.10/site-packages/airflow/example_dags/example_branch_operator.py for tasks to queue
[2023-11-24T10:43:29.513+0800] {logging_mixin.py:154} INFO - [2023-11-24T10:43:29.512+0800] {dagbag.py:536} INFO - Filling up the DagBag from /home/azfarmustafa/airflow_tutorial/.venv/lib/python3.10/site-packages/airflow/example_dags/example_branch_operator.py
[2023-11-24T10:43:29.520+0800] {processor.py:839} INFO - DAG(s) dict_keys(['example_branch_operator']) retrieved from /home/azfarmustafa/airflow_tutorial/.venv/lib/python3.10/site-packages/airflow/example_dags/example_branch_operator.py
[2023-11-24T10:43:29.539+0800] {logging_mixin.py:154} INFO - [2023-11-24T10:43:29.539+0800] {dag.py:2941} INFO - Sync 1 DAGs
[2023-11-24T10:43:29.558+0800] {logging_mixin.py:154} INFO - [2023-11-24T10:43:29.558+0800] {dag.py:3722} INFO - Setting next_dagrun for example_branch_operator to 2023-11-23T00:00:00+00:00, run_after=2023-11-24T00:00:00+00:00
[2023-11-24T10:43:29.581+0800] {processor.py:179} INFO - Processing /home/azfarmustafa/airflow_tutorial/.venv/lib/python3.10/site-packages/airflow/example_dags/example_branch_operator.py took 0.075 seconds
[2023-11-24T10:44:18.068+0800] {processor.py:157} INFO - Started process (PID=59856) to work on /home/azfarmustafa/airflow_tutorial/.venv/lib/python3.10/site-packages/airflow/example_dags/example_branch_operator.py
[2023-11-24T10:44:18.072+0800] {processor.py:829} INFO - Processing file /home/azfarmustafa/airflow_tutorial/.venv/lib/python3.10/site-packages/airflow/example_dags/example_branch_operator.py for tasks to queue
[2023-11-24T10:44:18.073+0800] {logging_mixin.py:154} INFO - [2023-11-24T10:44:18.073+0800] {dagbag.py:536} INFO - Filling up the DagBag from /home/azfarmustafa/airflow_tutorial/.venv/lib/python3.10/site-packages/airflow/example_dags/example_branch_operator.py
[2023-11-24T10:44:18.082+0800] {processor.py:839} INFO - DAG(s) dict_keys(['example_branch_operator']) retrieved from /home/azfarmustafa/airflow_tutorial/.venv/lib/python3.10/site-packages/airflow/example_dags/example_branch_operator.py
[2023-11-24T10:44:18.097+0800] {logging_mixin.py:154} INFO - [2023-11-24T10:44:18.097+0800] {dag.py:2941} INFO - Sync 1 DAGs
[2023-11-24T10:44:18.116+0800] {logging_mixin.py:154} INFO - [2023-11-24T10:44:18.116+0800] {dag.py:3722} INFO - Setting next_dagrun for example_branch_operator to 2023-11-23T00:00:00+00:00, run_after=2023-11-24T00:00:00+00:00
[2023-11-24T10:44:18.138+0800] {processor.py:179} INFO - Processing /home/azfarmustafa/airflow_tutorial/.venv/lib/python3.10/site-packages/airflow/example_dags/example_branch_operator.py took 0.072 seconds
[2023-11-24T10:45:05.837+0800] {processor.py:157} INFO - Started process (PID=59905) to work on /home/azfarmustafa/airflow_tutorial/.venv/lib/python3.10/site-packages/airflow/example_dags/example_branch_operator.py
[2023-11-24T10:45:05.841+0800] {processor.py:829} INFO - Processing file /home/azfarmustafa/airflow_tutorial/.venv/lib/python3.10/site-packages/airflow/example_dags/example_branch_operator.py for tasks to queue
[2023-11-24T10:45:05.842+0800] {logging_mixin.py:154} INFO - [2023-11-24T10:45:05.842+0800] {dagbag.py:536} INFO - Filling up the DagBag from /home/azfarmustafa/airflow_tutorial/.venv/lib/python3.10/site-packages/airflow/example_dags/example_branch_operator.py
[2023-11-24T10:45:05.850+0800] {processor.py:839} INFO - DAG(s) dict_keys(['example_branch_operator']) retrieved from /home/azfarmustafa/airflow_tutorial/.venv/lib/python3.10/site-packages/airflow/example_dags/example_branch_operator.py
[2023-11-24T10:45:05.868+0800] {logging_mixin.py:154} INFO - [2023-11-24T10:45:05.868+0800] {dag.py:2941} INFO - Sync 1 DAGs
[2023-11-24T10:45:05.887+0800] {logging_mixin.py:154} INFO - [2023-11-24T10:45:05.886+0800] {dag.py:3722} INFO - Setting next_dagrun for example_branch_operator to 2023-11-23T00:00:00+00:00, run_after=2023-11-24T00:00:00+00:00
[2023-11-24T10:45:05.913+0800] {processor.py:179} INFO - Processing /home/azfarmustafa/airflow_tutorial/.venv/lib/python3.10/site-packages/airflow/example_dags/example_branch_operator.py took 0.080 seconds
[2023-11-24T10:45:53.682+0800] {processor.py:157} INFO - Started process (PID=59953) to work on /home/azfarmustafa/airflow_tutorial/.venv/lib/python3.10/site-packages/airflow/example_dags/example_branch_operator.py
[2023-11-24T10:45:53.684+0800] {processor.py:829} INFO - Processing file /home/azfarmustafa/airflow_tutorial/.venv/lib/python3.10/site-packages/airflow/example_dags/example_branch_operator.py for tasks to queue
[2023-11-24T10:45:53.685+0800] {logging_mixin.py:154} INFO - [2023-11-24T10:45:53.684+0800] {dagbag.py:536} INFO - Filling up the DagBag from /home/azfarmustafa/airflow_tutorial/.venv/lib/python3.10/site-packages/airflow/example_dags/example_branch_operator.py
[2023-11-24T10:45:53.693+0800] {processor.py:839} INFO - DAG(s) dict_keys(['example_branch_operator']) retrieved from /home/azfarmustafa/airflow_tutorial/.venv/lib/python3.10/site-packages/airflow/example_dags/example_branch_operator.py
[2023-11-24T10:45:53.711+0800] {logging_mixin.py:154} INFO - [2023-11-24T10:45:53.711+0800] {dag.py:2941} INFO - Sync 1 DAGs
[2023-11-24T10:45:53.730+0800] {logging_mixin.py:154} INFO - [2023-11-24T10:45:53.730+0800] {dag.py:3722} INFO - Setting next_dagrun for example_branch_operator to 2023-11-23T00:00:00+00:00, run_after=2023-11-24T00:00:00+00:00
[2023-11-24T10:45:53.756+0800] {processor.py:179} INFO - Processing /home/azfarmustafa/airflow_tutorial/.venv/lib/python3.10/site-packages/airflow/example_dags/example_branch_operator.py took 0.077 seconds
[2023-11-24T10:46:38.435+0800] {processor.py:157} INFO - Started process (PID=59999) to work on /home/azfarmustafa/airflow_tutorial/.venv/lib/python3.10/site-packages/airflow/example_dags/example_branch_operator.py
[2023-11-24T10:46:38.439+0800] {processor.py:829} INFO - Processing file /home/azfarmustafa/airflow_tutorial/.venv/lib/python3.10/site-packages/airflow/example_dags/example_branch_operator.py for tasks to queue
[2023-11-24T10:46:38.439+0800] {logging_mixin.py:154} INFO - [2023-11-24T10:46:38.439+0800] {dagbag.py:536} INFO - Filling up the DagBag from /home/azfarmustafa/airflow_tutorial/.venv/lib/python3.10/site-packages/airflow/example_dags/example_branch_operator.py
[2023-11-24T10:46:38.449+0800] {processor.py:839} INFO - DAG(s) dict_keys(['example_branch_operator']) retrieved from /home/azfarmustafa/airflow_tutorial/.venv/lib/python3.10/site-packages/airflow/example_dags/example_branch_operator.py
[2023-11-24T10:46:38.468+0800] {logging_mixin.py:154} INFO - [2023-11-24T10:46:38.468+0800] {dag.py:2941} INFO - Sync 1 DAGs
[2023-11-24T10:46:38.491+0800] {logging_mixin.py:154} INFO - [2023-11-24T10:46:38.491+0800] {dag.py:3722} INFO - Setting next_dagrun for example_branch_operator to 2023-11-23T00:00:00+00:00, run_after=2023-11-24T00:00:00+00:00
[2023-11-24T10:46:38.517+0800] {processor.py:179} INFO - Processing /home/azfarmustafa/airflow_tutorial/.venv/lib/python3.10/site-packages/airflow/example_dags/example_branch_operator.py took 0.085 seconds
[2023-11-24T10:47:23.692+0800] {processor.py:157} INFO - Started process (PID=60052) to work on /home/azfarmustafa/airflow_tutorial/.venv/lib/python3.10/site-packages/airflow/example_dags/example_branch_operator.py
[2023-11-24T10:47:23.694+0800] {processor.py:829} INFO - Processing file /home/azfarmustafa/airflow_tutorial/.venv/lib/python3.10/site-packages/airflow/example_dags/example_branch_operator.py for tasks to queue
[2023-11-24T10:47:23.695+0800] {logging_mixin.py:154} INFO - [2023-11-24T10:47:23.695+0800] {dagbag.py:536} INFO - Filling up the DagBag from /home/azfarmustafa/airflow_tutorial/.venv/lib/python3.10/site-packages/airflow/example_dags/example_branch_operator.py
[2023-11-24T10:47:23.703+0800] {processor.py:839} INFO - DAG(s) dict_keys(['example_branch_operator']) retrieved from /home/azfarmustafa/airflow_tutorial/.venv/lib/python3.10/site-packages/airflow/example_dags/example_branch_operator.py
[2023-11-24T10:47:23.719+0800] {logging_mixin.py:154} INFO - [2023-11-24T10:47:23.719+0800] {dag.py:2941} INFO - Sync 1 DAGs
[2023-11-24T10:47:23.741+0800] {logging_mixin.py:154} INFO - [2023-11-24T10:47:23.740+0800] {dag.py:3722} INFO - Setting next_dagrun for example_branch_operator to 2023-11-23T00:00:00+00:00, run_after=2023-11-24T00:00:00+00:00
[2023-11-24T10:47:23.763+0800] {processor.py:179} INFO - Processing /home/azfarmustafa/airflow_tutorial/.venv/lib/python3.10/site-packages/airflow/example_dags/example_branch_operator.py took 0.074 seconds
[2023-11-24T10:48:09.037+0800] {processor.py:157} INFO - Started process (PID=60098) to work on /home/azfarmustafa/airflow_tutorial/.venv/lib/python3.10/site-packages/airflow/example_dags/example_branch_operator.py
[2023-11-24T10:48:09.041+0800] {processor.py:829} INFO - Processing file /home/azfarmustafa/airflow_tutorial/.venv/lib/python3.10/site-packages/airflow/example_dags/example_branch_operator.py for tasks to queue
[2023-11-24T10:48:09.042+0800] {logging_mixin.py:154} INFO - [2023-11-24T10:48:09.042+0800] {dagbag.py:536} INFO - Filling up the DagBag from /home/azfarmustafa/airflow_tutorial/.venv/lib/python3.10/site-packages/airflow/example_dags/example_branch_operator.py
[2023-11-24T10:48:09.052+0800] {processor.py:839} INFO - DAG(s) dict_keys(['example_branch_operator']) retrieved from /home/azfarmustafa/airflow_tutorial/.venv/lib/python3.10/site-packages/airflow/example_dags/example_branch_operator.py
[2023-11-24T10:48:09.072+0800] {logging_mixin.py:154} INFO - [2023-11-24T10:48:09.071+0800] {dag.py:2941} INFO - Sync 1 DAGs
[2023-11-24T10:48:09.101+0800] {logging_mixin.py:154} INFO - [2023-11-24T10:48:09.100+0800] {dag.py:3722} INFO - Setting next_dagrun for example_branch_operator to 2023-11-23T00:00:00+00:00, run_after=2023-11-24T00:00:00+00:00
[2023-11-24T10:48:09.126+0800] {processor.py:179} INFO - Processing /home/azfarmustafa/airflow_tutorial/.venv/lib/python3.10/site-packages/airflow/example_dags/example_branch_operator.py took 0.093 seconds
[2023-11-24T10:48:55.659+0800] {processor.py:157} INFO - Started process (PID=60145) to work on /home/azfarmustafa/airflow_tutorial/.venv/lib/python3.10/site-packages/airflow/example_dags/example_branch_operator.py
[2023-11-24T10:48:55.660+0800] {processor.py:829} INFO - Processing file /home/azfarmustafa/airflow_tutorial/.venv/lib/python3.10/site-packages/airflow/example_dags/example_branch_operator.py for tasks to queue
[2023-11-24T10:48:55.662+0800] {logging_mixin.py:154} INFO - [2023-11-24T10:48:55.661+0800] {dagbag.py:536} INFO - Filling up the DagBag from /home/azfarmustafa/airflow_tutorial/.venv/lib/python3.10/site-packages/airflow/example_dags/example_branch_operator.py
[2023-11-24T10:48:55.672+0800] {processor.py:839} INFO - DAG(s) dict_keys(['example_branch_operator']) retrieved from /home/azfarmustafa/airflow_tutorial/.venv/lib/python3.10/site-packages/airflow/example_dags/example_branch_operator.py
[2023-11-24T10:48:55.688+0800] {logging_mixin.py:154} INFO - [2023-11-24T10:48:55.688+0800] {dag.py:2941} INFO - Sync 1 DAGs
[2023-11-24T10:48:55.706+0800] {logging_mixin.py:154} INFO - [2023-11-24T10:48:55.706+0800] {dag.py:3722} INFO - Setting next_dagrun for example_branch_operator to 2023-11-23T00:00:00+00:00, run_after=2023-11-24T00:00:00+00:00
[2023-11-24T10:48:55.732+0800] {processor.py:179} INFO - Processing /home/azfarmustafa/airflow_tutorial/.venv/lib/python3.10/site-packages/airflow/example_dags/example_branch_operator.py took 0.076 seconds
[2023-11-24T10:49:45.397+0800] {processor.py:157} INFO - Started process (PID=60195) to work on /home/azfarmustafa/airflow_tutorial/.venv/lib/python3.10/site-packages/airflow/example_dags/example_branch_operator.py
[2023-11-24T10:49:45.399+0800] {processor.py:829} INFO - Processing file /home/azfarmustafa/airflow_tutorial/.venv/lib/python3.10/site-packages/airflow/example_dags/example_branch_operator.py for tasks to queue
[2023-11-24T10:49:45.403+0800] {logging_mixin.py:154} INFO - [2023-11-24T10:49:45.402+0800] {dagbag.py:536} INFO - Filling up the DagBag from /home/azfarmustafa/airflow_tutorial/.venv/lib/python3.10/site-packages/airflow/example_dags/example_branch_operator.py
[2023-11-24T10:49:45.411+0800] {processor.py:839} INFO - DAG(s) dict_keys(['example_branch_operator']) retrieved from /home/azfarmustafa/airflow_tutorial/.venv/lib/python3.10/site-packages/airflow/example_dags/example_branch_operator.py
[2023-11-24T10:49:45.428+0800] {logging_mixin.py:154} INFO - [2023-11-24T10:49:45.428+0800] {dag.py:2941} INFO - Sync 1 DAGs
[2023-11-24T10:49:45.449+0800] {logging_mixin.py:154} INFO - [2023-11-24T10:49:45.448+0800] {dag.py:3722} INFO - Setting next_dagrun for example_branch_operator to 2023-11-23T00:00:00+00:00, run_after=2023-11-24T00:00:00+00:00
[2023-11-24T10:49:45.480+0800] {processor.py:179} INFO - Processing /home/azfarmustafa/airflow_tutorial/.venv/lib/python3.10/site-packages/airflow/example_dags/example_branch_operator.py took 0.086 seconds
[2023-11-24T10:50:30.417+0800] {processor.py:157} INFO - Started process (PID=60242) to work on /home/azfarmustafa/airflow_tutorial/.venv/lib/python3.10/site-packages/airflow/example_dags/example_branch_operator.py
[2023-11-24T10:50:30.421+0800] {processor.py:829} INFO - Processing file /home/azfarmustafa/airflow_tutorial/.venv/lib/python3.10/site-packages/airflow/example_dags/example_branch_operator.py for tasks to queue
[2023-11-24T10:50:30.422+0800] {logging_mixin.py:154} INFO - [2023-11-24T10:50:30.422+0800] {dagbag.py:536} INFO - Filling up the DagBag from /home/azfarmustafa/airflow_tutorial/.venv/lib/python3.10/site-packages/airflow/example_dags/example_branch_operator.py
[2023-11-24T10:50:30.430+0800] {processor.py:839} INFO - DAG(s) dict_keys(['example_branch_operator']) retrieved from /home/azfarmustafa/airflow_tutorial/.venv/lib/python3.10/site-packages/airflow/example_dags/example_branch_operator.py
[2023-11-24T10:50:30.453+0800] {logging_mixin.py:154} INFO - [2023-11-24T10:50:30.452+0800] {dag.py:2941} INFO - Sync 1 DAGs
[2023-11-24T10:50:30.475+0800] {logging_mixin.py:154} INFO - [2023-11-24T10:50:30.475+0800] {dag.py:3722} INFO - Setting next_dagrun for example_branch_operator to 2023-11-23T00:00:00+00:00, run_after=2023-11-24T00:00:00+00:00
[2023-11-24T10:50:30.501+0800] {processor.py:179} INFO - Processing /home/azfarmustafa/airflow_tutorial/.venv/lib/python3.10/site-packages/airflow/example_dags/example_branch_operator.py took 0.087 seconds
[2023-11-24T10:51:17.324+0800] {processor.py:157} INFO - Started process (PID=60290) to work on /home/azfarmustafa/airflow_tutorial/.venv/lib/python3.10/site-packages/airflow/example_dags/example_branch_operator.py
[2023-11-24T10:51:17.325+0800] {processor.py:829} INFO - Processing file /home/azfarmustafa/airflow_tutorial/.venv/lib/python3.10/site-packages/airflow/example_dags/example_branch_operator.py for tasks to queue
[2023-11-24T10:51:17.326+0800] {logging_mixin.py:154} INFO - [2023-11-24T10:51:17.326+0800] {dagbag.py:536} INFO - Filling up the DagBag from /home/azfarmustafa/airflow_tutorial/.venv/lib/python3.10/site-packages/airflow/example_dags/example_branch_operator.py
[2023-11-24T10:51:17.334+0800] {processor.py:839} INFO - DAG(s) dict_keys(['example_branch_operator']) retrieved from /home/azfarmustafa/airflow_tutorial/.venv/lib/python3.10/site-packages/airflow/example_dags/example_branch_operator.py
[2023-11-24T10:51:17.350+0800] {logging_mixin.py:154} INFO - [2023-11-24T10:51:17.350+0800] {dag.py:2941} INFO - Sync 1 DAGs
[2023-11-24T10:51:17.368+0800] {logging_mixin.py:154} INFO - [2023-11-24T10:51:17.368+0800] {dag.py:3722} INFO - Setting next_dagrun for example_branch_operator to 2023-11-23T00:00:00+00:00, run_after=2023-11-24T00:00:00+00:00
[2023-11-24T10:51:17.391+0800] {processor.py:179} INFO - Processing /home/azfarmustafa/airflow_tutorial/.venv/lib/python3.10/site-packages/airflow/example_dags/example_branch_operator.py took 0.069 seconds
[2023-11-24T10:52:03.843+0800] {processor.py:157} INFO - Started process (PID=60338) to work on /home/azfarmustafa/airflow_tutorial/.venv/lib/python3.10/site-packages/airflow/example_dags/example_branch_operator.py
[2023-11-24T10:52:03.847+0800] {processor.py:829} INFO - Processing file /home/azfarmustafa/airflow_tutorial/.venv/lib/python3.10/site-packages/airflow/example_dags/example_branch_operator.py for tasks to queue
[2023-11-24T10:52:03.849+0800] {logging_mixin.py:154} INFO - [2023-11-24T10:52:03.848+0800] {dagbag.py:536} INFO - Filling up the DagBag from /home/azfarmustafa/airflow_tutorial/.venv/lib/python3.10/site-packages/airflow/example_dags/example_branch_operator.py
[2023-11-24T10:52:03.860+0800] {processor.py:839} INFO - DAG(s) dict_keys(['example_branch_operator']) retrieved from /home/azfarmustafa/airflow_tutorial/.venv/lib/python3.10/site-packages/airflow/example_dags/example_branch_operator.py
[2023-11-24T10:52:03.877+0800] {logging_mixin.py:154} INFO - [2023-11-24T10:52:03.877+0800] {dag.py:2941} INFO - Sync 1 DAGs
[2023-11-24T10:52:03.897+0800] {logging_mixin.py:154} INFO - [2023-11-24T10:52:03.896+0800] {dag.py:3722} INFO - Setting next_dagrun for example_branch_operator to 2023-11-23T00:00:00+00:00, run_after=2023-11-24T00:00:00+00:00
[2023-11-24T10:52:03.925+0800] {processor.py:179} INFO - Processing /home/azfarmustafa/airflow_tutorial/.venv/lib/python3.10/site-packages/airflow/example_dags/example_branch_operator.py took 0.085 seconds
[2023-11-24T10:52:54.303+0800] {processor.py:157} INFO - Started process (PID=60387) to work on /home/azfarmustafa/airflow_tutorial/.venv/lib/python3.10/site-packages/airflow/example_dags/example_branch_operator.py
[2023-11-24T10:52:54.307+0800] {processor.py:829} INFO - Processing file /home/azfarmustafa/airflow_tutorial/.venv/lib/python3.10/site-packages/airflow/example_dags/example_branch_operator.py for tasks to queue
[2023-11-24T10:52:54.308+0800] {logging_mixin.py:154} INFO - [2023-11-24T10:52:54.308+0800] {dagbag.py:536} INFO - Filling up the DagBag from /home/azfarmustafa/airflow_tutorial/.venv/lib/python3.10/site-packages/airflow/example_dags/example_branch_operator.py
[2023-11-24T10:52:54.317+0800] {processor.py:839} INFO - DAG(s) dict_keys(['example_branch_operator']) retrieved from /home/azfarmustafa/airflow_tutorial/.venv/lib/python3.10/site-packages/airflow/example_dags/example_branch_operator.py
[2023-11-24T10:52:54.332+0800] {logging_mixin.py:154} INFO - [2023-11-24T10:52:54.332+0800] {dag.py:2941} INFO - Sync 1 DAGs
[2023-11-24T10:52:54.354+0800] {logging_mixin.py:154} INFO - [2023-11-24T10:52:54.354+0800] {dag.py:3722} INFO - Setting next_dagrun for example_branch_operator to 2023-11-23T00:00:00+00:00, run_after=2023-11-24T00:00:00+00:00
[2023-11-24T10:52:54.380+0800] {processor.py:179} INFO - Processing /home/azfarmustafa/airflow_tutorial/.venv/lib/python3.10/site-packages/airflow/example_dags/example_branch_operator.py took 0.080 seconds
[2023-11-24T10:53:40.548+0800] {processor.py:157} INFO - Started process (PID=60441) to work on /home/azfarmustafa/airflow_tutorial/.venv/lib/python3.10/site-packages/airflow/example_dags/example_branch_operator.py
[2023-11-24T10:53:40.553+0800] {processor.py:829} INFO - Processing file /home/azfarmustafa/airflow_tutorial/.venv/lib/python3.10/site-packages/airflow/example_dags/example_branch_operator.py for tasks to queue
[2023-11-24T10:53:40.553+0800] {logging_mixin.py:154} INFO - [2023-11-24T10:53:40.553+0800] {dagbag.py:536} INFO - Filling up the DagBag from /home/azfarmustafa/airflow_tutorial/.venv/lib/python3.10/site-packages/airflow/example_dags/example_branch_operator.py
[2023-11-24T10:53:40.561+0800] {processor.py:839} INFO - DAG(s) dict_keys(['example_branch_operator']) retrieved from /home/azfarmustafa/airflow_tutorial/.venv/lib/python3.10/site-packages/airflow/example_dags/example_branch_operator.py
[2023-11-24T10:53:40.577+0800] {logging_mixin.py:154} INFO - [2023-11-24T10:53:40.576+0800] {dag.py:2941} INFO - Sync 1 DAGs
[2023-11-24T10:53:40.596+0800] {logging_mixin.py:154} INFO - [2023-11-24T10:53:40.595+0800] {dag.py:3722} INFO - Setting next_dagrun for example_branch_operator to 2023-11-23T00:00:00+00:00, run_after=2023-11-24T00:00:00+00:00
[2023-11-24T10:53:40.621+0800] {processor.py:179} INFO - Processing /home/azfarmustafa/airflow_tutorial/.venv/lib/python3.10/site-packages/airflow/example_dags/example_branch_operator.py took 0.074 seconds
[2023-11-24T10:54:30.282+0800] {processor.py:157} INFO - Started process (PID=60490) to work on /home/azfarmustafa/airflow_tutorial/.venv/lib/python3.10/site-packages/airflow/example_dags/example_branch_operator.py
[2023-11-24T10:54:30.283+0800] {processor.py:829} INFO - Processing file /home/azfarmustafa/airflow_tutorial/.venv/lib/python3.10/site-packages/airflow/example_dags/example_branch_operator.py for tasks to queue
[2023-11-24T10:54:30.284+0800] {logging_mixin.py:154} INFO - [2023-11-24T10:54:30.284+0800] {dagbag.py:536} INFO - Filling up the DagBag from /home/azfarmustafa/airflow_tutorial/.venv/lib/python3.10/site-packages/airflow/example_dags/example_branch_operator.py
[2023-11-24T10:54:30.292+0800] {processor.py:839} INFO - DAG(s) dict_keys(['example_branch_operator']) retrieved from /home/azfarmustafa/airflow_tutorial/.venv/lib/python3.10/site-packages/airflow/example_dags/example_branch_operator.py
[2023-11-24T10:54:30.308+0800] {logging_mixin.py:154} INFO - [2023-11-24T10:54:30.307+0800] {dag.py:2941} INFO - Sync 1 DAGs
[2023-11-24T10:54:30.326+0800] {logging_mixin.py:154} INFO - [2023-11-24T10:54:30.326+0800] {dag.py:3722} INFO - Setting next_dagrun for example_branch_operator to 2023-11-23T00:00:00+00:00, run_after=2023-11-24T00:00:00+00:00
[2023-11-24T10:54:30.349+0800] {processor.py:179} INFO - Processing /home/azfarmustafa/airflow_tutorial/.venv/lib/python3.10/site-packages/airflow/example_dags/example_branch_operator.py took 0.069 seconds
[2023-11-24T10:55:17.102+0800] {processor.py:157} INFO - Started process (PID=60538) to work on /home/azfarmustafa/airflow_tutorial/.venv/lib/python3.10/site-packages/airflow/example_dags/example_branch_operator.py
[2023-11-24T10:55:17.106+0800] {processor.py:829} INFO - Processing file /home/azfarmustafa/airflow_tutorial/.venv/lib/python3.10/site-packages/airflow/example_dags/example_branch_operator.py for tasks to queue
[2023-11-24T10:55:17.107+0800] {logging_mixin.py:154} INFO - [2023-11-24T10:55:17.106+0800] {dagbag.py:536} INFO - Filling up the DagBag from /home/azfarmustafa/airflow_tutorial/.venv/lib/python3.10/site-packages/airflow/example_dags/example_branch_operator.py
[2023-11-24T10:55:17.115+0800] {processor.py:839} INFO - DAG(s) dict_keys(['example_branch_operator']) retrieved from /home/azfarmustafa/airflow_tutorial/.venv/lib/python3.10/site-packages/airflow/example_dags/example_branch_operator.py
[2023-11-24T10:55:17.129+0800] {logging_mixin.py:154} INFO - [2023-11-24T10:55:17.129+0800] {dag.py:2941} INFO - Sync 1 DAGs
[2023-11-24T10:55:17.150+0800] {logging_mixin.py:154} INFO - [2023-11-24T10:55:17.150+0800] {dag.py:3722} INFO - Setting next_dagrun for example_branch_operator to 2023-11-23T00:00:00+00:00, run_after=2023-11-24T00:00:00+00:00
[2023-11-24T10:55:17.180+0800] {processor.py:179} INFO - Processing /home/azfarmustafa/airflow_tutorial/.venv/lib/python3.10/site-packages/airflow/example_dags/example_branch_operator.py took 0.080 seconds
[2023-11-24T10:56:01.436+0800] {processor.py:157} INFO - Started process (PID=60583) to work on /home/azfarmustafa/airflow_tutorial/.venv/lib/python3.10/site-packages/airflow/example_dags/example_branch_operator.py
[2023-11-24T10:56:01.441+0800] {processor.py:829} INFO - Processing file /home/azfarmustafa/airflow_tutorial/.venv/lib/python3.10/site-packages/airflow/example_dags/example_branch_operator.py for tasks to queue
[2023-11-24T10:56:01.441+0800] {logging_mixin.py:154} INFO - [2023-11-24T10:56:01.441+0800] {dagbag.py:536} INFO - Filling up the DagBag from /home/azfarmustafa/airflow_tutorial/.venv/lib/python3.10/site-packages/airflow/example_dags/example_branch_operator.py
[2023-11-24T10:56:01.452+0800] {processor.py:839} INFO - DAG(s) dict_keys(['example_branch_operator']) retrieved from /home/azfarmustafa/airflow_tutorial/.venv/lib/python3.10/site-packages/airflow/example_dags/example_branch_operator.py
[2023-11-24T10:56:01.468+0800] {logging_mixin.py:154} INFO - [2023-11-24T10:56:01.468+0800] {dag.py:2941} INFO - Sync 1 DAGs
[2023-11-24T10:56:01.487+0800] {logging_mixin.py:154} INFO - [2023-11-24T10:56:01.486+0800] {dag.py:3722} INFO - Setting next_dagrun for example_branch_operator to 2023-11-23T00:00:00+00:00, run_after=2023-11-24T00:00:00+00:00
[2023-11-24T10:56:01.512+0800] {processor.py:179} INFO - Processing /home/azfarmustafa/airflow_tutorial/.venv/lib/python3.10/site-packages/airflow/example_dags/example_branch_operator.py took 0.078 seconds
[2023-11-24T10:56:45.472+0800] {processor.py:157} INFO - Started process (PID=60629) to work on /home/azfarmustafa/airflow_tutorial/.venv/lib/python3.10/site-packages/airflow/example_dags/example_branch_operator.py
[2023-11-24T10:56:45.476+0800] {processor.py:829} INFO - Processing file /home/azfarmustafa/airflow_tutorial/.venv/lib/python3.10/site-packages/airflow/example_dags/example_branch_operator.py for tasks to queue
[2023-11-24T10:56:45.477+0800] {logging_mixin.py:154} INFO - [2023-11-24T10:56:45.477+0800] {dagbag.py:536} INFO - Filling up the DagBag from /home/azfarmustafa/airflow_tutorial/.venv/lib/python3.10/site-packages/airflow/example_dags/example_branch_operator.py
[2023-11-24T10:56:45.486+0800] {processor.py:839} INFO - DAG(s) dict_keys(['example_branch_operator']) retrieved from /home/azfarmustafa/airflow_tutorial/.venv/lib/python3.10/site-packages/airflow/example_dags/example_branch_operator.py
[2023-11-24T10:56:45.503+0800] {logging_mixin.py:154} INFO - [2023-11-24T10:56:45.503+0800] {dag.py:2941} INFO - Sync 1 DAGs
[2023-11-24T10:56:45.526+0800] {logging_mixin.py:154} INFO - [2023-11-24T10:56:45.525+0800] {dag.py:3722} INFO - Setting next_dagrun for example_branch_operator to 2023-11-23T00:00:00+00:00, run_after=2023-11-24T00:00:00+00:00
[2023-11-24T10:56:45.554+0800] {processor.py:179} INFO - Processing /home/azfarmustafa/airflow_tutorial/.venv/lib/python3.10/site-packages/airflow/example_dags/example_branch_operator.py took 0.085 seconds
[2023-11-24T10:57:29.948+0800] {processor.py:157} INFO - Started process (PID=60675) to work on /home/azfarmustafa/airflow_tutorial/.venv/lib/python3.10/site-packages/airflow/example_dags/example_branch_operator.py
[2023-11-24T10:57:29.952+0800] {processor.py:829} INFO - Processing file /home/azfarmustafa/airflow_tutorial/.venv/lib/python3.10/site-packages/airflow/example_dags/example_branch_operator.py for tasks to queue
[2023-11-24T10:57:29.953+0800] {logging_mixin.py:154} INFO - [2023-11-24T10:57:29.952+0800] {dagbag.py:536} INFO - Filling up the DagBag from /home/azfarmustafa/airflow_tutorial/.venv/lib/python3.10/site-packages/airflow/example_dags/example_branch_operator.py
[2023-11-24T10:57:29.961+0800] {processor.py:839} INFO - DAG(s) dict_keys(['example_branch_operator']) retrieved from /home/azfarmustafa/airflow_tutorial/.venv/lib/python3.10/site-packages/airflow/example_dags/example_branch_operator.py
[2023-11-24T10:57:29.980+0800] {logging_mixin.py:154} INFO - [2023-11-24T10:57:29.980+0800] {dag.py:2941} INFO - Sync 1 DAGs
[2023-11-24T10:57:30.003+0800] {logging_mixin.py:154} INFO - [2023-11-24T10:57:30.002+0800] {dag.py:3722} INFO - Setting next_dagrun for example_branch_operator to 2023-11-23T00:00:00+00:00, run_after=2023-11-24T00:00:00+00:00
[2023-11-24T10:57:30.026+0800] {processor.py:179} INFO - Processing /home/azfarmustafa/airflow_tutorial/.venv/lib/python3.10/site-packages/airflow/example_dags/example_branch_operator.py took 0.081 seconds
[2023-11-24T10:58:13.271+0800] {processor.py:157} INFO - Started process (PID=60719) to work on /home/azfarmustafa/airflow_tutorial/.venv/lib/python3.10/site-packages/airflow/example_dags/example_branch_operator.py
[2023-11-24T10:58:13.275+0800] {processor.py:829} INFO - Processing file /home/azfarmustafa/airflow_tutorial/.venv/lib/python3.10/site-packages/airflow/example_dags/example_branch_operator.py for tasks to queue
[2023-11-24T10:58:13.275+0800] {logging_mixin.py:154} INFO - [2023-11-24T10:58:13.275+0800] {dagbag.py:536} INFO - Filling up the DagBag from /home/azfarmustafa/airflow_tutorial/.venv/lib/python3.10/site-packages/airflow/example_dags/example_branch_operator.py
[2023-11-24T10:58:13.283+0800] {processor.py:839} INFO - DAG(s) dict_keys(['example_branch_operator']) retrieved from /home/azfarmustafa/airflow_tutorial/.venv/lib/python3.10/site-packages/airflow/example_dags/example_branch_operator.py
[2023-11-24T10:58:13.298+0800] {logging_mixin.py:154} INFO - [2023-11-24T10:58:13.298+0800] {dag.py:2941} INFO - Sync 1 DAGs
[2023-11-24T10:58:13.318+0800] {logging_mixin.py:154} INFO - [2023-11-24T10:58:13.318+0800] {dag.py:3722} INFO - Setting next_dagrun for example_branch_operator to 2023-11-23T00:00:00+00:00, run_after=2023-11-24T00:00:00+00:00
[2023-11-24T10:58:13.342+0800] {processor.py:179} INFO - Processing /home/azfarmustafa/airflow_tutorial/.venv/lib/python3.10/site-packages/airflow/example_dags/example_branch_operator.py took 0.075 seconds
[2023-11-24T10:58:59.765+0800] {processor.py:157} INFO - Started process (PID=60767) to work on /home/azfarmustafa/airflow_tutorial/.venv/lib/python3.10/site-packages/airflow/example_dags/example_branch_operator.py
[2023-11-24T10:58:59.770+0800] {processor.py:829} INFO - Processing file /home/azfarmustafa/airflow_tutorial/.venv/lib/python3.10/site-packages/airflow/example_dags/example_branch_operator.py for tasks to queue
[2023-11-24T10:58:59.771+0800] {logging_mixin.py:154} INFO - [2023-11-24T10:58:59.770+0800] {dagbag.py:536} INFO - Filling up the DagBag from /home/azfarmustafa/airflow_tutorial/.venv/lib/python3.10/site-packages/airflow/example_dags/example_branch_operator.py
[2023-11-24T10:58:59.779+0800] {processor.py:839} INFO - DAG(s) dict_keys(['example_branch_operator']) retrieved from /home/azfarmustafa/airflow_tutorial/.venv/lib/python3.10/site-packages/airflow/example_dags/example_branch_operator.py
[2023-11-24T10:58:59.794+0800] {logging_mixin.py:154} INFO - [2023-11-24T10:58:59.794+0800] {dag.py:2941} INFO - Sync 1 DAGs
[2023-11-24T10:58:59.812+0800] {logging_mixin.py:154} INFO - [2023-11-24T10:58:59.812+0800] {dag.py:3722} INFO - Setting next_dagrun for example_branch_operator to 2023-11-23T00:00:00+00:00, run_after=2023-11-24T00:00:00+00:00
[2023-11-24T10:58:59.836+0800] {processor.py:179} INFO - Processing /home/azfarmustafa/airflow_tutorial/.venv/lib/python3.10/site-packages/airflow/example_dags/example_branch_operator.py took 0.073 seconds
[2023-11-24T10:59:46.709+0800] {processor.py:157} INFO - Started process (PID=60821) to work on /home/azfarmustafa/airflow_tutorial/.venv/lib/python3.10/site-packages/airflow/example_dags/example_branch_operator.py
[2023-11-24T10:59:46.713+0800] {processor.py:829} INFO - Processing file /home/azfarmustafa/airflow_tutorial/.venv/lib/python3.10/site-packages/airflow/example_dags/example_branch_operator.py for tasks to queue
[2023-11-24T10:59:46.714+0800] {logging_mixin.py:154} INFO - [2023-11-24T10:59:46.713+0800] {dagbag.py:536} INFO - Filling up the DagBag from /home/azfarmustafa/airflow_tutorial/.venv/lib/python3.10/site-packages/airflow/example_dags/example_branch_operator.py
[2023-11-24T10:59:46.722+0800] {processor.py:839} INFO - DAG(s) dict_keys(['example_branch_operator']) retrieved from /home/azfarmustafa/airflow_tutorial/.venv/lib/python3.10/site-packages/airflow/example_dags/example_branch_operator.py
[2023-11-24T10:59:46.737+0800] {logging_mixin.py:154} INFO - [2023-11-24T10:59:46.737+0800] {dag.py:2941} INFO - Sync 1 DAGs
[2023-11-24T10:59:46.756+0800] {logging_mixin.py:154} INFO - [2023-11-24T10:59:46.756+0800] {dag.py:3722} INFO - Setting next_dagrun for example_branch_operator to 2023-11-23T00:00:00+00:00, run_after=2023-11-24T00:00:00+00:00
[2023-11-24T10:59:46.781+0800] {processor.py:179} INFO - Processing /home/azfarmustafa/airflow_tutorial/.venv/lib/python3.10/site-packages/airflow/example_dags/example_branch_operator.py took 0.075 seconds
[2023-11-24T11:00:29.231+0800] {processor.py:157} INFO - Started process (PID=60867) to work on /home/azfarmustafa/airflow_tutorial/.venv/lib/python3.10/site-packages/airflow/example_dags/example_branch_operator.py
[2023-11-24T11:00:29.232+0800] {processor.py:829} INFO - Processing file /home/azfarmustafa/airflow_tutorial/.venv/lib/python3.10/site-packages/airflow/example_dags/example_branch_operator.py for tasks to queue
[2023-11-24T11:00:29.233+0800] {logging_mixin.py:154} INFO - [2023-11-24T11:00:29.233+0800] {dagbag.py:536} INFO - Filling up the DagBag from /home/azfarmustafa/airflow_tutorial/.venv/lib/python3.10/site-packages/airflow/example_dags/example_branch_operator.py
[2023-11-24T11:00:29.241+0800] {processor.py:839} INFO - DAG(s) dict_keys(['example_branch_operator']) retrieved from /home/azfarmustafa/airflow_tutorial/.venv/lib/python3.10/site-packages/airflow/example_dags/example_branch_operator.py
[2023-11-24T11:00:29.257+0800] {logging_mixin.py:154} INFO - [2023-11-24T11:00:29.256+0800] {dag.py:2941} INFO - Sync 1 DAGs
[2023-11-24T11:00:29.275+0800] {logging_mixin.py:154} INFO - [2023-11-24T11:00:29.275+0800] {dag.py:3722} INFO - Setting next_dagrun for example_branch_operator to 2023-11-23T00:00:00+00:00, run_after=2023-11-24T00:00:00+00:00
[2023-11-24T11:00:29.297+0800] {processor.py:179} INFO - Processing /home/azfarmustafa/airflow_tutorial/.venv/lib/python3.10/site-packages/airflow/example_dags/example_branch_operator.py took 0.069 seconds
[2023-11-24T11:01:14.614+0800] {processor.py:157} INFO - Started process (PID=60913) to work on /home/azfarmustafa/airflow_tutorial/.venv/lib/python3.10/site-packages/airflow/example_dags/example_branch_operator.py
[2023-11-24T11:01:14.615+0800] {processor.py:829} INFO - Processing file /home/azfarmustafa/airflow_tutorial/.venv/lib/python3.10/site-packages/airflow/example_dags/example_branch_operator.py for tasks to queue
[2023-11-24T11:01:14.617+0800] {logging_mixin.py:154} INFO - [2023-11-24T11:01:14.616+0800] {dagbag.py:536} INFO - Filling up the DagBag from /home/azfarmustafa/airflow_tutorial/.venv/lib/python3.10/site-packages/airflow/example_dags/example_branch_operator.py
[2023-11-24T11:01:14.625+0800] {processor.py:839} INFO - DAG(s) dict_keys(['example_branch_operator']) retrieved from /home/azfarmustafa/airflow_tutorial/.venv/lib/python3.10/site-packages/airflow/example_dags/example_branch_operator.py
[2023-11-24T11:01:14.648+0800] {logging_mixin.py:154} INFO - [2023-11-24T11:01:14.647+0800] {dag.py:2941} INFO - Sync 1 DAGs
[2023-11-24T11:01:14.673+0800] {logging_mixin.py:154} INFO - [2023-11-24T11:01:14.672+0800] {dag.py:3722} INFO - Setting next_dagrun for example_branch_operator to 2023-11-23T00:00:00+00:00, run_after=2023-11-24T00:00:00+00:00
[2023-11-24T11:01:14.705+0800] {processor.py:179} INFO - Processing /home/azfarmustafa/airflow_tutorial/.venv/lib/python3.10/site-packages/airflow/example_dags/example_branch_operator.py took 0.095 seconds
[2023-11-24T11:02:01.068+0800] {processor.py:157} INFO - Started process (PID=60960) to work on /home/azfarmustafa/airflow_tutorial/.venv/lib/python3.10/site-packages/airflow/example_dags/example_branch_operator.py
[2023-11-24T11:02:01.069+0800] {processor.py:829} INFO - Processing file /home/azfarmustafa/airflow_tutorial/.venv/lib/python3.10/site-packages/airflow/example_dags/example_branch_operator.py for tasks to queue
[2023-11-24T11:02:01.071+0800] {logging_mixin.py:154} INFO - [2023-11-24T11:02:01.070+0800] {dagbag.py:536} INFO - Filling up the DagBag from /home/azfarmustafa/airflow_tutorial/.venv/lib/python3.10/site-packages/airflow/example_dags/example_branch_operator.py
[2023-11-24T11:02:01.079+0800] {processor.py:839} INFO - DAG(s) dict_keys(['example_branch_operator']) retrieved from /home/azfarmustafa/airflow_tutorial/.venv/lib/python3.10/site-packages/airflow/example_dags/example_branch_operator.py
[2023-11-24T11:02:01.095+0800] {logging_mixin.py:154} INFO - [2023-11-24T11:02:01.094+0800] {dag.py:2941} INFO - Sync 1 DAGs
[2023-11-24T11:02:01.113+0800] {logging_mixin.py:154} INFO - [2023-11-24T11:02:01.113+0800] {dag.py:3722} INFO - Setting next_dagrun for example_branch_operator to 2023-11-23T00:00:00+00:00, run_after=2023-11-24T00:00:00+00:00
[2023-11-24T11:02:01.144+0800] {processor.py:179} INFO - Processing /home/azfarmustafa/airflow_tutorial/.venv/lib/python3.10/site-packages/airflow/example_dags/example_branch_operator.py took 0.080 seconds
[2023-11-24T11:02:46.085+0800] {processor.py:157} INFO - Started process (PID=61006) to work on /home/azfarmustafa/airflow_tutorial/.venv/lib/python3.10/site-packages/airflow/example_dags/example_branch_operator.py
[2023-11-24T11:02:46.089+0800] {processor.py:829} INFO - Processing file /home/azfarmustafa/airflow_tutorial/.venv/lib/python3.10/site-packages/airflow/example_dags/example_branch_operator.py for tasks to queue
[2023-11-24T11:02:46.091+0800] {logging_mixin.py:154} INFO - [2023-11-24T11:02:46.090+0800] {dagbag.py:536} INFO - Filling up the DagBag from /home/azfarmustafa/airflow_tutorial/.venv/lib/python3.10/site-packages/airflow/example_dags/example_branch_operator.py
[2023-11-24T11:02:46.099+0800] {processor.py:839} INFO - DAG(s) dict_keys(['example_branch_operator']) retrieved from /home/azfarmustafa/airflow_tutorial/.venv/lib/python3.10/site-packages/airflow/example_dags/example_branch_operator.py
[2023-11-24T11:02:46.121+0800] {logging_mixin.py:154} INFO - [2023-11-24T11:02:46.121+0800] {dag.py:2941} INFO - Sync 1 DAGs
[2023-11-24T11:02:46.141+0800] {logging_mixin.py:154} INFO - [2023-11-24T11:02:46.141+0800] {dag.py:3722} INFO - Setting next_dagrun for example_branch_operator to 2023-11-23T00:00:00+00:00, run_after=2023-11-24T00:00:00+00:00
[2023-11-24T11:02:46.168+0800] {processor.py:179} INFO - Processing /home/azfarmustafa/airflow_tutorial/.venv/lib/python3.10/site-packages/airflow/example_dags/example_branch_operator.py took 0.087 seconds
[2023-11-24T11:03:33.543+0800] {processor.py:157} INFO - Started process (PID=61057) to work on /home/azfarmustafa/airflow_tutorial/.venv/lib/python3.10/site-packages/airflow/example_dags/example_branch_operator.py
[2023-11-24T11:03:33.544+0800] {processor.py:829} INFO - Processing file /home/azfarmustafa/airflow_tutorial/.venv/lib/python3.10/site-packages/airflow/example_dags/example_branch_operator.py for tasks to queue
[2023-11-24T11:03:33.545+0800] {logging_mixin.py:154} INFO - [2023-11-24T11:03:33.545+0800] {dagbag.py:536} INFO - Filling up the DagBag from /home/azfarmustafa/airflow_tutorial/.venv/lib/python3.10/site-packages/airflow/example_dags/example_branch_operator.py
[2023-11-24T11:03:33.554+0800] {processor.py:839} INFO - DAG(s) dict_keys(['example_branch_operator']) retrieved from /home/azfarmustafa/airflow_tutorial/.venv/lib/python3.10/site-packages/airflow/example_dags/example_branch_operator.py
[2023-11-24T11:03:33.570+0800] {logging_mixin.py:154} INFO - [2023-11-24T11:03:33.569+0800] {dag.py:2941} INFO - Sync 1 DAGs
[2023-11-24T11:03:33.601+0800] {logging_mixin.py:154} INFO - [2023-11-24T11:03:33.601+0800] {dag.py:3722} INFO - Setting next_dagrun for example_branch_operator to 2023-11-23T00:00:00+00:00, run_after=2023-11-24T00:00:00+00:00
[2023-11-24T11:03:33.628+0800] {processor.py:179} INFO - Processing /home/azfarmustafa/airflow_tutorial/.venv/lib/python3.10/site-packages/airflow/example_dags/example_branch_operator.py took 0.089 seconds
[2023-11-24T11:04:24.715+0800] {processor.py:157} INFO - Started process (PID=61112) to work on /home/azfarmustafa/airflow_tutorial/.venv/lib/python3.10/site-packages/airflow/example_dags/example_branch_operator.py
[2023-11-24T11:04:24.717+0800] {processor.py:829} INFO - Processing file /home/azfarmustafa/airflow_tutorial/.venv/lib/python3.10/site-packages/airflow/example_dags/example_branch_operator.py for tasks to queue
[2023-11-24T11:04:24.718+0800] {logging_mixin.py:154} INFO - [2023-11-24T11:04:24.717+0800] {dagbag.py:536} INFO - Filling up the DagBag from /home/azfarmustafa/airflow_tutorial/.venv/lib/python3.10/site-packages/airflow/example_dags/example_branch_operator.py
[2023-11-24T11:04:24.727+0800] {processor.py:839} INFO - DAG(s) dict_keys(['example_branch_operator']) retrieved from /home/azfarmustafa/airflow_tutorial/.venv/lib/python3.10/site-packages/airflow/example_dags/example_branch_operator.py
[2023-11-24T11:04:24.743+0800] {logging_mixin.py:154} INFO - [2023-11-24T11:04:24.743+0800] {dag.py:2941} INFO - Sync 1 DAGs
[2023-11-24T11:04:24.766+0800] {logging_mixin.py:154} INFO - [2023-11-24T11:04:24.766+0800] {dag.py:3722} INFO - Setting next_dagrun for example_branch_operator to 2023-11-23T00:00:00+00:00, run_after=2023-11-24T00:00:00+00:00
[2023-11-24T11:04:24.796+0800] {processor.py:179} INFO - Processing /home/azfarmustafa/airflow_tutorial/.venv/lib/python3.10/site-packages/airflow/example_dags/example_branch_operator.py took 0.084 seconds
