[2023-11-24T10:25:53.781+0800] {processor.py:157} INFO - Started process (PID=58712) to work on /home/azfarmustafa/airflow_tutorial/.venv/lib/python3.10/site-packages/airflow/example_dags/example_sensor_decorator.py
[2023-11-24T10:25:53.782+0800] {processor.py:829} INFO - Processing file /home/azfarmustafa/airflow_tutorial/.venv/lib/python3.10/site-packages/airflow/example_dags/example_sensor_decorator.py for tasks to queue
[2023-11-24T10:25:53.783+0800] {logging_mixin.py:154} INFO - [2023-11-24T10:25:53.782+0800] {dagbag.py:536} INFO - Filling up the DagBag from /home/azfarmustafa/airflow_tutorial/.venv/lib/python3.10/site-packages/airflow/example_dags/example_sensor_decorator.py
[2023-11-24T10:25:53.790+0800] {processor.py:839} INFO - DAG(s) dict_keys(['example_sensor_decorator']) retrieved from /home/azfarmustafa/airflow_tutorial/.venv/lib/python3.10/site-packages/airflow/example_dags/example_sensor_decorator.py
[2023-11-24T10:25:53.805+0800] {logging_mixin.py:154} INFO - [2023-11-24T10:25:53.805+0800] {dag.py:2941} INFO - Sync 1 DAGs
[2023-11-24T10:25:53.817+0800] {logging_mixin.py:154} INFO - [2023-11-24T10:25:53.817+0800] {dag.py:3722} INFO - Setting next_dagrun for example_sensor_decorator to None, run_after=None
[2023-11-24T10:25:53.846+0800] {processor.py:179} INFO - Processing /home/azfarmustafa/airflow_tutorial/.venv/lib/python3.10/site-packages/airflow/example_dags/example_sensor_decorator.py took 0.070 seconds
[2023-11-24T10:26:40.537+0800] {processor.py:157} INFO - Started process (PID=58765) to work on /home/azfarmustafa/airflow_tutorial/.venv/lib/python3.10/site-packages/airflow/example_dags/example_sensor_decorator.py
[2023-11-24T10:26:40.539+0800] {processor.py:829} INFO - Processing file /home/azfarmustafa/airflow_tutorial/.venv/lib/python3.10/site-packages/airflow/example_dags/example_sensor_decorator.py for tasks to queue
[2023-11-24T10:26:40.539+0800] {logging_mixin.py:154} INFO - [2023-11-24T10:26:40.539+0800] {dagbag.py:536} INFO - Filling up the DagBag from /home/azfarmustafa/airflow_tutorial/.venv/lib/python3.10/site-packages/airflow/example_dags/example_sensor_decorator.py
[2023-11-24T10:26:40.544+0800] {processor.py:839} INFO - DAG(s) dict_keys(['example_sensor_decorator']) retrieved from /home/azfarmustafa/airflow_tutorial/.venv/lib/python3.10/site-packages/airflow/example_dags/example_sensor_decorator.py
[2023-11-24T10:26:40.562+0800] {logging_mixin.py:154} INFO - [2023-11-24T10:26:40.561+0800] {dag.py:2941} INFO - Sync 1 DAGs
[2023-11-24T10:26:40.573+0800] {logging_mixin.py:154} INFO - [2023-11-24T10:26:40.572+0800] {dag.py:3722} INFO - Setting next_dagrun for example_sensor_decorator to None, run_after=None
[2023-11-24T10:26:40.597+0800] {processor.py:179} INFO - Processing /home/azfarmustafa/airflow_tutorial/.venv/lib/python3.10/site-packages/airflow/example_dags/example_sensor_decorator.py took 0.062 seconds
[2023-11-24T10:27:28.700+0800] {processor.py:157} INFO - Started process (PID=58816) to work on /home/azfarmustafa/airflow_tutorial/.venv/lib/python3.10/site-packages/airflow/example_dags/example_sensor_decorator.py
[2023-11-24T10:27:28.704+0800] {processor.py:829} INFO - Processing file /home/azfarmustafa/airflow_tutorial/.venv/lib/python3.10/site-packages/airflow/example_dags/example_sensor_decorator.py for tasks to queue
[2023-11-24T10:27:28.705+0800] {logging_mixin.py:154} INFO - [2023-11-24T10:27:28.705+0800] {dagbag.py:536} INFO - Filling up the DagBag from /home/azfarmustafa/airflow_tutorial/.venv/lib/python3.10/site-packages/airflow/example_dags/example_sensor_decorator.py
[2023-11-24T10:27:28.710+0800] {processor.py:839} INFO - DAG(s) dict_keys(['example_sensor_decorator']) retrieved from /home/azfarmustafa/airflow_tutorial/.venv/lib/python3.10/site-packages/airflow/example_dags/example_sensor_decorator.py
[2023-11-24T10:27:28.724+0800] {logging_mixin.py:154} INFO - [2023-11-24T10:27:28.723+0800] {dag.py:2941} INFO - Sync 1 DAGs
[2023-11-24T10:27:28.733+0800] {logging_mixin.py:154} INFO - [2023-11-24T10:27:28.733+0800] {dag.py:3722} INFO - Setting next_dagrun for example_sensor_decorator to None, run_after=None
[2023-11-24T10:27:28.760+0800] {processor.py:179} INFO - Processing /home/azfarmustafa/airflow_tutorial/.venv/lib/python3.10/site-packages/airflow/example_dags/example_sensor_decorator.py took 0.063 seconds
[2023-11-24T10:28:14.762+0800] {processor.py:157} INFO - Started process (PID=58862) to work on /home/azfarmustafa/airflow_tutorial/.venv/lib/python3.10/site-packages/airflow/example_dags/example_sensor_decorator.py
[2023-11-24T10:28:14.768+0800] {processor.py:829} INFO - Processing file /home/azfarmustafa/airflow_tutorial/.venv/lib/python3.10/site-packages/airflow/example_dags/example_sensor_decorator.py for tasks to queue
[2023-11-24T10:28:14.769+0800] {logging_mixin.py:154} INFO - [2023-11-24T10:28:14.768+0800] {dagbag.py:536} INFO - Filling up the DagBag from /home/azfarmustafa/airflow_tutorial/.venv/lib/python3.10/site-packages/airflow/example_dags/example_sensor_decorator.py
[2023-11-24T10:28:14.774+0800] {processor.py:839} INFO - DAG(s) dict_keys(['example_sensor_decorator']) retrieved from /home/azfarmustafa/airflow_tutorial/.venv/lib/python3.10/site-packages/airflow/example_dags/example_sensor_decorator.py
[2023-11-24T10:28:14.789+0800] {logging_mixin.py:154} INFO - [2023-11-24T10:28:14.789+0800] {dag.py:2941} INFO - Sync 1 DAGs
[2023-11-24T10:28:14.800+0800] {logging_mixin.py:154} INFO - [2023-11-24T10:28:14.800+0800] {dag.py:3722} INFO - Setting next_dagrun for example_sensor_decorator to None, run_after=None
[2023-11-24T10:28:14.827+0800] {processor.py:179} INFO - Processing /home/azfarmustafa/airflow_tutorial/.venv/lib/python3.10/site-packages/airflow/example_dags/example_sensor_decorator.py took 0.067 seconds
[2023-11-24T10:29:03.845+0800] {processor.py:157} INFO - Started process (PID=58917) to work on /home/azfarmustafa/airflow_tutorial/.venv/lib/python3.10/site-packages/airflow/example_dags/example_sensor_decorator.py
[2023-11-24T10:29:03.850+0800] {processor.py:829} INFO - Processing file /home/azfarmustafa/airflow_tutorial/.venv/lib/python3.10/site-packages/airflow/example_dags/example_sensor_decorator.py for tasks to queue
[2023-11-24T10:29:03.850+0800] {logging_mixin.py:154} INFO - [2023-11-24T10:29:03.850+0800] {dagbag.py:536} INFO - Filling up the DagBag from /home/azfarmustafa/airflow_tutorial/.venv/lib/python3.10/site-packages/airflow/example_dags/example_sensor_decorator.py
[2023-11-24T10:29:03.855+0800] {processor.py:839} INFO - DAG(s) dict_keys(['example_sensor_decorator']) retrieved from /home/azfarmustafa/airflow_tutorial/.venv/lib/python3.10/site-packages/airflow/example_dags/example_sensor_decorator.py
[2023-11-24T10:29:03.872+0800] {logging_mixin.py:154} INFO - [2023-11-24T10:29:03.871+0800] {dag.py:2941} INFO - Sync 1 DAGs
[2023-11-24T10:29:03.883+0800] {logging_mixin.py:154} INFO - [2023-11-24T10:29:03.883+0800] {dag.py:3722} INFO - Setting next_dagrun for example_sensor_decorator to None, run_after=None
[2023-11-24T10:29:03.911+0800] {processor.py:179} INFO - Processing /home/azfarmustafa/airflow_tutorial/.venv/lib/python3.10/site-packages/airflow/example_dags/example_sensor_decorator.py took 0.069 seconds
[2023-11-24T10:29:49.915+0800] {processor.py:157} INFO - Started process (PID=58964) to work on /home/azfarmustafa/airflow_tutorial/.venv/lib/python3.10/site-packages/airflow/example_dags/example_sensor_decorator.py
[2023-11-24T10:29:49.916+0800] {processor.py:829} INFO - Processing file /home/azfarmustafa/airflow_tutorial/.venv/lib/python3.10/site-packages/airflow/example_dags/example_sensor_decorator.py for tasks to queue
[2023-11-24T10:29:49.917+0800] {logging_mixin.py:154} INFO - [2023-11-24T10:29:49.916+0800] {dagbag.py:536} INFO - Filling up the DagBag from /home/azfarmustafa/airflow_tutorial/.venv/lib/python3.10/site-packages/airflow/example_dags/example_sensor_decorator.py
[2023-11-24T10:29:49.923+0800] {processor.py:839} INFO - DAG(s) dict_keys(['example_sensor_decorator']) retrieved from /home/azfarmustafa/airflow_tutorial/.venv/lib/python3.10/site-packages/airflow/example_dags/example_sensor_decorator.py
[2023-11-24T10:29:49.938+0800] {logging_mixin.py:154} INFO - [2023-11-24T10:29:49.938+0800] {dag.py:2941} INFO - Sync 1 DAGs
[2023-11-24T10:29:49.950+0800] {logging_mixin.py:154} INFO - [2023-11-24T10:29:49.950+0800] {dag.py:3722} INFO - Setting next_dagrun for example_sensor_decorator to None, run_after=None
[2023-11-24T10:29:49.975+0800] {processor.py:179} INFO - Processing /home/azfarmustafa/airflow_tutorial/.venv/lib/python3.10/site-packages/airflow/example_dags/example_sensor_decorator.py took 0.062 seconds
[2023-11-24T10:30:38.223+0800] {processor.py:157} INFO - Started process (PID=59015) to work on /home/azfarmustafa/airflow_tutorial/.venv/lib/python3.10/site-packages/airflow/example_dags/example_sensor_decorator.py
[2023-11-24T10:30:38.227+0800] {processor.py:829} INFO - Processing file /home/azfarmustafa/airflow_tutorial/.venv/lib/python3.10/site-packages/airflow/example_dags/example_sensor_decorator.py for tasks to queue
[2023-11-24T10:30:38.229+0800] {logging_mixin.py:154} INFO - [2023-11-24T10:30:38.229+0800] {dagbag.py:536} INFO - Filling up the DagBag from /home/azfarmustafa/airflow_tutorial/.venv/lib/python3.10/site-packages/airflow/example_dags/example_sensor_decorator.py
[2023-11-24T10:30:38.235+0800] {processor.py:839} INFO - DAG(s) dict_keys(['example_sensor_decorator']) retrieved from /home/azfarmustafa/airflow_tutorial/.venv/lib/python3.10/site-packages/airflow/example_dags/example_sensor_decorator.py
[2023-11-24T10:30:38.249+0800] {logging_mixin.py:154} INFO - [2023-11-24T10:30:38.249+0800] {dag.py:2941} INFO - Sync 1 DAGs
[2023-11-24T10:30:38.260+0800] {logging_mixin.py:154} INFO - [2023-11-24T10:30:38.260+0800] {dag.py:3722} INFO - Setting next_dagrun for example_sensor_decorator to None, run_after=None
[2023-11-24T10:30:38.291+0800] {processor.py:179} INFO - Processing /home/azfarmustafa/airflow_tutorial/.venv/lib/python3.10/site-packages/airflow/example_dags/example_sensor_decorator.py took 0.070 seconds
[2023-11-24T10:31:27.073+0800] {processor.py:157} INFO - Started process (PID=59063) to work on /home/azfarmustafa/airflow_tutorial/.venv/lib/python3.10/site-packages/airflow/example_dags/example_sensor_decorator.py
[2023-11-24T10:31:27.077+0800] {processor.py:829} INFO - Processing file /home/azfarmustafa/airflow_tutorial/.venv/lib/python3.10/site-packages/airflow/example_dags/example_sensor_decorator.py for tasks to queue
[2023-11-24T10:31:27.078+0800] {logging_mixin.py:154} INFO - [2023-11-24T10:31:27.077+0800] {dagbag.py:536} INFO - Filling up the DagBag from /home/azfarmustafa/airflow_tutorial/.venv/lib/python3.10/site-packages/airflow/example_dags/example_sensor_decorator.py
[2023-11-24T10:31:27.082+0800] {processor.py:839} INFO - DAG(s) dict_keys(['example_sensor_decorator']) retrieved from /home/azfarmustafa/airflow_tutorial/.venv/lib/python3.10/site-packages/airflow/example_dags/example_sensor_decorator.py
[2023-11-24T10:31:27.101+0800] {logging_mixin.py:154} INFO - [2023-11-24T10:31:27.100+0800] {dag.py:2941} INFO - Sync 1 DAGs
[2023-11-24T10:31:27.112+0800] {logging_mixin.py:154} INFO - [2023-11-24T10:31:27.112+0800] {dag.py:3722} INFO - Setting next_dagrun for example_sensor_decorator to None, run_after=None
[2023-11-24T10:31:27.137+0800] {processor.py:179} INFO - Processing /home/azfarmustafa/airflow_tutorial/.venv/lib/python3.10/site-packages/airflow/example_dags/example_sensor_decorator.py took 0.069 seconds
[2023-11-24T10:32:12.359+0800] {processor.py:157} INFO - Started process (PID=59109) to work on /home/azfarmustafa/airflow_tutorial/.venv/lib/python3.10/site-packages/airflow/example_dags/example_sensor_decorator.py
[2023-11-24T10:32:12.363+0800] {processor.py:829} INFO - Processing file /home/azfarmustafa/airflow_tutorial/.venv/lib/python3.10/site-packages/airflow/example_dags/example_sensor_decorator.py for tasks to queue
[2023-11-24T10:32:12.364+0800] {logging_mixin.py:154} INFO - [2023-11-24T10:32:12.364+0800] {dagbag.py:536} INFO - Filling up the DagBag from /home/azfarmustafa/airflow_tutorial/.venv/lib/python3.10/site-packages/airflow/example_dags/example_sensor_decorator.py
[2023-11-24T10:32:12.369+0800] {processor.py:839} INFO - DAG(s) dict_keys(['example_sensor_decorator']) retrieved from /home/azfarmustafa/airflow_tutorial/.venv/lib/python3.10/site-packages/airflow/example_dags/example_sensor_decorator.py
[2023-11-24T10:32:12.383+0800] {logging_mixin.py:154} INFO - [2023-11-24T10:32:12.382+0800] {dag.py:2941} INFO - Sync 1 DAGs
[2023-11-24T10:32:12.393+0800] {logging_mixin.py:154} INFO - [2023-11-24T10:32:12.392+0800] {dag.py:3722} INFO - Setting next_dagrun for example_sensor_decorator to None, run_after=None
[2023-11-24T10:32:12.418+0800] {processor.py:179} INFO - Processing /home/azfarmustafa/airflow_tutorial/.venv/lib/python3.10/site-packages/airflow/example_dags/example_sensor_decorator.py took 0.062 seconds
[2023-11-24T10:33:03.762+0800] {processor.py:157} INFO - Started process (PID=59160) to work on /home/azfarmustafa/airflow_tutorial/.venv/lib/python3.10/site-packages/airflow/example_dags/example_sensor_decorator.py
[2023-11-24T10:33:03.763+0800] {processor.py:829} INFO - Processing file /home/azfarmustafa/airflow_tutorial/.venv/lib/python3.10/site-packages/airflow/example_dags/example_sensor_decorator.py for tasks to queue
[2023-11-24T10:33:03.764+0800] {logging_mixin.py:154} INFO - [2023-11-24T10:33:03.764+0800] {dagbag.py:536} INFO - Filling up the DagBag from /home/azfarmustafa/airflow_tutorial/.venv/lib/python3.10/site-packages/airflow/example_dags/example_sensor_decorator.py
[2023-11-24T10:33:03.770+0800] {processor.py:839} INFO - DAG(s) dict_keys(['example_sensor_decorator']) retrieved from /home/azfarmustafa/airflow_tutorial/.venv/lib/python3.10/site-packages/airflow/example_dags/example_sensor_decorator.py
[2023-11-24T10:33:03.784+0800] {logging_mixin.py:154} INFO - [2023-11-24T10:33:03.784+0800] {dag.py:2941} INFO - Sync 1 DAGs
[2023-11-24T10:33:03.795+0800] {logging_mixin.py:154} INFO - [2023-11-24T10:33:03.795+0800] {dag.py:3722} INFO - Setting next_dagrun for example_sensor_decorator to None, run_after=None
[2023-11-24T10:33:03.826+0800] {processor.py:179} INFO - Processing /home/azfarmustafa/airflow_tutorial/.venv/lib/python3.10/site-packages/airflow/example_dags/example_sensor_decorator.py took 0.068 seconds
[2023-11-24T10:33:54.596+0800] {processor.py:157} INFO - Started process (PID=59210) to work on /home/azfarmustafa/airflow_tutorial/.venv/lib/python3.10/site-packages/airflow/example_dags/example_sensor_decorator.py
[2023-11-24T10:33:54.598+0800] {processor.py:829} INFO - Processing file /home/azfarmustafa/airflow_tutorial/.venv/lib/python3.10/site-packages/airflow/example_dags/example_sensor_decorator.py for tasks to queue
[2023-11-24T10:33:54.598+0800] {logging_mixin.py:154} INFO - [2023-11-24T10:33:54.598+0800] {dagbag.py:536} INFO - Filling up the DagBag from /home/azfarmustafa/airflow_tutorial/.venv/lib/python3.10/site-packages/airflow/example_dags/example_sensor_decorator.py
[2023-11-24T10:33:54.604+0800] {processor.py:839} INFO - DAG(s) dict_keys(['example_sensor_decorator']) retrieved from /home/azfarmustafa/airflow_tutorial/.venv/lib/python3.10/site-packages/airflow/example_dags/example_sensor_decorator.py
[2023-11-24T10:33:54.620+0800] {logging_mixin.py:154} INFO - [2023-11-24T10:33:54.620+0800] {dag.py:2941} INFO - Sync 1 DAGs
[2023-11-24T10:33:54.635+0800] {logging_mixin.py:154} INFO - [2023-11-24T10:33:54.635+0800] {dag.py:3722} INFO - Setting next_dagrun for example_sensor_decorator to None, run_after=None
[2023-11-24T10:33:54.692+0800] {processor.py:179} INFO - Processing /home/azfarmustafa/airflow_tutorial/.venv/lib/python3.10/site-packages/airflow/example_dags/example_sensor_decorator.py took 0.099 seconds
[2023-11-24T10:34:42.985+0800] {processor.py:157} INFO - Started process (PID=59259) to work on /home/azfarmustafa/airflow_tutorial/.venv/lib/python3.10/site-packages/airflow/example_dags/example_sensor_decorator.py
[2023-11-24T10:34:42.990+0800] {processor.py:829} INFO - Processing file /home/azfarmustafa/airflow_tutorial/.venv/lib/python3.10/site-packages/airflow/example_dags/example_sensor_decorator.py for tasks to queue
[2023-11-24T10:34:42.990+0800] {logging_mixin.py:154} INFO - [2023-11-24T10:34:42.990+0800] {dagbag.py:536} INFO - Filling up the DagBag from /home/azfarmustafa/airflow_tutorial/.venv/lib/python3.10/site-packages/airflow/example_dags/example_sensor_decorator.py
[2023-11-24T10:34:42.995+0800] {processor.py:839} INFO - DAG(s) dict_keys(['example_sensor_decorator']) retrieved from /home/azfarmustafa/airflow_tutorial/.venv/lib/python3.10/site-packages/airflow/example_dags/example_sensor_decorator.py
[2023-11-24T10:34:43.012+0800] {logging_mixin.py:154} INFO - [2023-11-24T10:34:43.012+0800] {dag.py:2941} INFO - Sync 1 DAGs
[2023-11-24T10:34:43.023+0800] {logging_mixin.py:154} INFO - [2023-11-24T10:34:43.022+0800] {dag.py:3722} INFO - Setting next_dagrun for example_sensor_decorator to None, run_after=None
[2023-11-24T10:34:43.048+0800] {processor.py:179} INFO - Processing /home/azfarmustafa/airflow_tutorial/.venv/lib/python3.10/site-packages/airflow/example_dags/example_sensor_decorator.py took 0.067 seconds
[2023-11-24T10:35:29.387+0800] {processor.py:157} INFO - Started process (PID=59313) to work on /home/azfarmustafa/airflow_tutorial/.venv/lib/python3.10/site-packages/airflow/example_dags/example_sensor_decorator.py
[2023-11-24T10:35:29.392+0800] {processor.py:829} INFO - Processing file /home/azfarmustafa/airflow_tutorial/.venv/lib/python3.10/site-packages/airflow/example_dags/example_sensor_decorator.py for tasks to queue
[2023-11-24T10:35:29.393+0800] {logging_mixin.py:154} INFO - [2023-11-24T10:35:29.392+0800] {dagbag.py:536} INFO - Filling up the DagBag from /home/azfarmustafa/airflow_tutorial/.venv/lib/python3.10/site-packages/airflow/example_dags/example_sensor_decorator.py
[2023-11-24T10:35:29.397+0800] {processor.py:839} INFO - DAG(s) dict_keys(['example_sensor_decorator']) retrieved from /home/azfarmustafa/airflow_tutorial/.venv/lib/python3.10/site-packages/airflow/example_dags/example_sensor_decorator.py
[2023-11-24T10:35:29.411+0800] {logging_mixin.py:154} INFO - [2023-11-24T10:35:29.410+0800] {dag.py:2941} INFO - Sync 1 DAGs
[2023-11-24T10:35:29.420+0800] {logging_mixin.py:154} INFO - [2023-11-24T10:35:29.420+0800] {dag.py:3722} INFO - Setting next_dagrun for example_sensor_decorator to None, run_after=None
[2023-11-24T10:35:29.443+0800] {processor.py:179} INFO - Processing /home/azfarmustafa/airflow_tutorial/.venv/lib/python3.10/site-packages/airflow/example_dags/example_sensor_decorator.py took 0.058 seconds
[2023-11-24T10:36:12.755+0800] {processor.py:157} INFO - Started process (PID=59359) to work on /home/azfarmustafa/airflow_tutorial/.venv/lib/python3.10/site-packages/airflow/example_dags/example_sensor_decorator.py
[2023-11-24T10:36:12.759+0800] {processor.py:829} INFO - Processing file /home/azfarmustafa/airflow_tutorial/.venv/lib/python3.10/site-packages/airflow/example_dags/example_sensor_decorator.py for tasks to queue
[2023-11-24T10:36:12.760+0800] {logging_mixin.py:154} INFO - [2023-11-24T10:36:12.760+0800] {dagbag.py:536} INFO - Filling up the DagBag from /home/azfarmustafa/airflow_tutorial/.venv/lib/python3.10/site-packages/airflow/example_dags/example_sensor_decorator.py
[2023-11-24T10:36:12.766+0800] {processor.py:839} INFO - DAG(s) dict_keys(['example_sensor_decorator']) retrieved from /home/azfarmustafa/airflow_tutorial/.venv/lib/python3.10/site-packages/airflow/example_dags/example_sensor_decorator.py
[2023-11-24T10:36:12.782+0800] {logging_mixin.py:154} INFO - [2023-11-24T10:36:12.781+0800] {dag.py:2941} INFO - Sync 1 DAGs
[2023-11-24T10:36:12.791+0800] {logging_mixin.py:154} INFO - [2023-11-24T10:36:12.791+0800] {dag.py:3722} INFO - Setting next_dagrun for example_sensor_decorator to None, run_after=None
[2023-11-24T10:36:12.817+0800] {processor.py:179} INFO - Processing /home/azfarmustafa/airflow_tutorial/.venv/lib/python3.10/site-packages/airflow/example_dags/example_sensor_decorator.py took 0.065 seconds
[2023-11-24T10:36:56.971+0800] {processor.py:157} INFO - Started process (PID=59404) to work on /home/azfarmustafa/airflow_tutorial/.venv/lib/python3.10/site-packages/airflow/example_dags/example_sensor_decorator.py
[2023-11-24T10:36:56.976+0800] {processor.py:829} INFO - Processing file /home/azfarmustafa/airflow_tutorial/.venv/lib/python3.10/site-packages/airflow/example_dags/example_sensor_decorator.py for tasks to queue
[2023-11-24T10:36:56.976+0800] {logging_mixin.py:154} INFO - [2023-11-24T10:36:56.976+0800] {dagbag.py:536} INFO - Filling up the DagBag from /home/azfarmustafa/airflow_tutorial/.venv/lib/python3.10/site-packages/airflow/example_dags/example_sensor_decorator.py
[2023-11-24T10:36:56.981+0800] {processor.py:839} INFO - DAG(s) dict_keys(['example_sensor_decorator']) retrieved from /home/azfarmustafa/airflow_tutorial/.venv/lib/python3.10/site-packages/airflow/example_dags/example_sensor_decorator.py
[2023-11-24T10:36:56.998+0800] {logging_mixin.py:154} INFO - [2023-11-24T10:36:56.998+0800] {dag.py:2941} INFO - Sync 1 DAGs
[2023-11-24T10:36:57.011+0800] {logging_mixin.py:154} INFO - [2023-11-24T10:36:57.011+0800] {dag.py:3722} INFO - Setting next_dagrun for example_sensor_decorator to None, run_after=None
[2023-11-24T10:36:57.041+0800] {processor.py:179} INFO - Processing /home/azfarmustafa/airflow_tutorial/.venv/lib/python3.10/site-packages/airflow/example_dags/example_sensor_decorator.py took 0.073 seconds
[2023-11-24T10:37:42.212+0800] {processor.py:157} INFO - Started process (PID=59451) to work on /home/azfarmustafa/airflow_tutorial/.venv/lib/python3.10/site-packages/airflow/example_dags/example_sensor_decorator.py
[2023-11-24T10:37:42.213+0800] {processor.py:829} INFO - Processing file /home/azfarmustafa/airflow_tutorial/.venv/lib/python3.10/site-packages/airflow/example_dags/example_sensor_decorator.py for tasks to queue
[2023-11-24T10:37:42.214+0800] {logging_mixin.py:154} INFO - [2023-11-24T10:37:42.214+0800] {dagbag.py:536} INFO - Filling up the DagBag from /home/azfarmustafa/airflow_tutorial/.venv/lib/python3.10/site-packages/airflow/example_dags/example_sensor_decorator.py
[2023-11-24T10:37:42.220+0800] {processor.py:839} INFO - DAG(s) dict_keys(['example_sensor_decorator']) retrieved from /home/azfarmustafa/airflow_tutorial/.venv/lib/python3.10/site-packages/airflow/example_dags/example_sensor_decorator.py
[2023-11-24T10:37:42.236+0800] {logging_mixin.py:154} INFO - [2023-11-24T10:37:42.235+0800] {dag.py:2941} INFO - Sync 1 DAGs
[2023-11-24T10:37:42.248+0800] {logging_mixin.py:154} INFO - [2023-11-24T10:37:42.248+0800] {dag.py:3722} INFO - Setting next_dagrun for example_sensor_decorator to None, run_after=None
[2023-11-24T10:37:42.273+0800] {processor.py:179} INFO - Processing /home/azfarmustafa/airflow_tutorial/.venv/lib/python3.10/site-packages/airflow/example_dags/example_sensor_decorator.py took 0.064 seconds
[2023-11-24T10:38:30.871+0800] {processor.py:157} INFO - Started process (PID=59500) to work on /home/azfarmustafa/airflow_tutorial/.venv/lib/python3.10/site-packages/airflow/example_dags/example_sensor_decorator.py
[2023-11-24T10:38:30.875+0800] {processor.py:829} INFO - Processing file /home/azfarmustafa/airflow_tutorial/.venv/lib/python3.10/site-packages/airflow/example_dags/example_sensor_decorator.py for tasks to queue
[2023-11-24T10:38:30.876+0800] {logging_mixin.py:154} INFO - [2023-11-24T10:38:30.876+0800] {dagbag.py:536} INFO - Filling up the DagBag from /home/azfarmustafa/airflow_tutorial/.venv/lib/python3.10/site-packages/airflow/example_dags/example_sensor_decorator.py
[2023-11-24T10:38:30.881+0800] {processor.py:839} INFO - DAG(s) dict_keys(['example_sensor_decorator']) retrieved from /home/azfarmustafa/airflow_tutorial/.venv/lib/python3.10/site-packages/airflow/example_dags/example_sensor_decorator.py
[2023-11-24T10:38:30.895+0800] {logging_mixin.py:154} INFO - [2023-11-24T10:38:30.895+0800] {dag.py:2941} INFO - Sync 1 DAGs
[2023-11-24T10:38:30.905+0800] {logging_mixin.py:154} INFO - [2023-11-24T10:38:30.905+0800] {dag.py:3722} INFO - Setting next_dagrun for example_sensor_decorator to None, run_after=None
[2023-11-24T10:38:30.929+0800] {processor.py:179} INFO - Processing /home/azfarmustafa/airflow_tutorial/.venv/lib/python3.10/site-packages/airflow/example_dags/example_sensor_decorator.py took 0.060 seconds
[2023-11-24T10:39:19.314+0800] {processor.py:157} INFO - Started process (PID=59549) to work on /home/azfarmustafa/airflow_tutorial/.venv/lib/python3.10/site-packages/airflow/example_dags/example_sensor_decorator.py
[2023-11-24T10:39:19.316+0800] {processor.py:829} INFO - Processing file /home/azfarmustafa/airflow_tutorial/.venv/lib/python3.10/site-packages/airflow/example_dags/example_sensor_decorator.py for tasks to queue
[2023-11-24T10:39:19.317+0800] {logging_mixin.py:154} INFO - [2023-11-24T10:39:19.316+0800] {dagbag.py:536} INFO - Filling up the DagBag from /home/azfarmustafa/airflow_tutorial/.venv/lib/python3.10/site-packages/airflow/example_dags/example_sensor_decorator.py
[2023-11-24T10:39:19.322+0800] {processor.py:839} INFO - DAG(s) dict_keys(['example_sensor_decorator']) retrieved from /home/azfarmustafa/airflow_tutorial/.venv/lib/python3.10/site-packages/airflow/example_dags/example_sensor_decorator.py
[2023-11-24T10:39:19.335+0800] {logging_mixin.py:154} INFO - [2023-11-24T10:39:19.335+0800] {dag.py:2941} INFO - Sync 1 DAGs
[2023-11-24T10:39:19.348+0800] {logging_mixin.py:154} INFO - [2023-11-24T10:39:19.348+0800] {dag.py:3722} INFO - Setting next_dagrun for example_sensor_decorator to None, run_after=None
[2023-11-24T10:39:19.424+0800] {processor.py:179} INFO - Processing /home/azfarmustafa/airflow_tutorial/.venv/lib/python3.10/site-packages/airflow/example_dags/example_sensor_decorator.py took 0.113 seconds
[2023-11-24T10:40:09.154+0800] {processor.py:157} INFO - Started process (PID=59598) to work on /home/azfarmustafa/airflow_tutorial/.venv/lib/python3.10/site-packages/airflow/example_dags/example_sensor_decorator.py
[2023-11-24T10:40:09.159+0800] {processor.py:829} INFO - Processing file /home/azfarmustafa/airflow_tutorial/.venv/lib/python3.10/site-packages/airflow/example_dags/example_sensor_decorator.py for tasks to queue
[2023-11-24T10:40:09.160+0800] {logging_mixin.py:154} INFO - [2023-11-24T10:40:09.160+0800] {dagbag.py:536} INFO - Filling up the DagBag from /home/azfarmustafa/airflow_tutorial/.venv/lib/python3.10/site-packages/airflow/example_dags/example_sensor_decorator.py
[2023-11-24T10:40:09.165+0800] {processor.py:839} INFO - DAG(s) dict_keys(['example_sensor_decorator']) retrieved from /home/azfarmustafa/airflow_tutorial/.venv/lib/python3.10/site-packages/airflow/example_dags/example_sensor_decorator.py
[2023-11-24T10:40:09.181+0800] {logging_mixin.py:154} INFO - [2023-11-24T10:40:09.181+0800] {dag.py:2941} INFO - Sync 1 DAGs
[2023-11-24T10:40:09.194+0800] {logging_mixin.py:154} INFO - [2023-11-24T10:40:09.194+0800] {dag.py:3722} INFO - Setting next_dagrun for example_sensor_decorator to None, run_after=None
[2023-11-24T10:40:09.219+0800] {processor.py:179} INFO - Processing /home/azfarmustafa/airflow_tutorial/.venv/lib/python3.10/site-packages/airflow/example_dags/example_sensor_decorator.py took 0.068 seconds
[2023-11-24T10:40:53.381+0800] {processor.py:157} INFO - Started process (PID=59644) to work on /home/azfarmustafa/airflow_tutorial/.venv/lib/python3.10/site-packages/airflow/example_dags/example_sensor_decorator.py
[2023-11-24T10:40:53.385+0800] {processor.py:829} INFO - Processing file /home/azfarmustafa/airflow_tutorial/.venv/lib/python3.10/site-packages/airflow/example_dags/example_sensor_decorator.py for tasks to queue
[2023-11-24T10:40:53.386+0800] {logging_mixin.py:154} INFO - [2023-11-24T10:40:53.386+0800] {dagbag.py:536} INFO - Filling up the DagBag from /home/azfarmustafa/airflow_tutorial/.venv/lib/python3.10/site-packages/airflow/example_dags/example_sensor_decorator.py
[2023-11-24T10:40:53.391+0800] {processor.py:839} INFO - DAG(s) dict_keys(['example_sensor_decorator']) retrieved from /home/azfarmustafa/airflow_tutorial/.venv/lib/python3.10/site-packages/airflow/example_dags/example_sensor_decorator.py
[2023-11-24T10:40:53.405+0800] {logging_mixin.py:154} INFO - [2023-11-24T10:40:53.405+0800] {dag.py:2941} INFO - Sync 1 DAGs
[2023-11-24T10:40:53.415+0800] {logging_mixin.py:154} INFO - [2023-11-24T10:40:53.415+0800] {dag.py:3722} INFO - Setting next_dagrun for example_sensor_decorator to None, run_after=None
[2023-11-24T10:40:53.441+0800] {processor.py:179} INFO - Processing /home/azfarmustafa/airflow_tutorial/.venv/lib/python3.10/site-packages/airflow/example_dags/example_sensor_decorator.py took 0.062 seconds
[2023-11-24T10:41:43.695+0800] {processor.py:157} INFO - Started process (PID=59699) to work on /home/azfarmustafa/airflow_tutorial/.venv/lib/python3.10/site-packages/airflow/example_dags/example_sensor_decorator.py
[2023-11-24T10:41:43.700+0800] {processor.py:829} INFO - Processing file /home/azfarmustafa/airflow_tutorial/.venv/lib/python3.10/site-packages/airflow/example_dags/example_sensor_decorator.py for tasks to queue
[2023-11-24T10:41:43.701+0800] {logging_mixin.py:154} INFO - [2023-11-24T10:41:43.700+0800] {dagbag.py:536} INFO - Filling up the DagBag from /home/azfarmustafa/airflow_tutorial/.venv/lib/python3.10/site-packages/airflow/example_dags/example_sensor_decorator.py
[2023-11-24T10:41:43.706+0800] {processor.py:839} INFO - DAG(s) dict_keys(['example_sensor_decorator']) retrieved from /home/azfarmustafa/airflow_tutorial/.venv/lib/python3.10/site-packages/airflow/example_dags/example_sensor_decorator.py
[2023-11-24T10:41:43.719+0800] {logging_mixin.py:154} INFO - [2023-11-24T10:41:43.719+0800] {dag.py:2941} INFO - Sync 1 DAGs
[2023-11-24T10:41:43.729+0800] {logging_mixin.py:154} INFO - [2023-11-24T10:41:43.729+0800] {dag.py:3722} INFO - Setting next_dagrun for example_sensor_decorator to None, run_after=None
[2023-11-24T10:41:43.752+0800] {processor.py:179} INFO - Processing /home/azfarmustafa/airflow_tutorial/.venv/lib/python3.10/site-packages/airflow/example_dags/example_sensor_decorator.py took 0.060 seconds
[2023-11-24T10:42:29.364+0800] {processor.py:157} INFO - Started process (PID=59746) to work on /home/azfarmustafa/airflow_tutorial/.venv/lib/python3.10/site-packages/airflow/example_dags/example_sensor_decorator.py
[2023-11-24T10:42:29.368+0800] {processor.py:829} INFO - Processing file /home/azfarmustafa/airflow_tutorial/.venv/lib/python3.10/site-packages/airflow/example_dags/example_sensor_decorator.py for tasks to queue
[2023-11-24T10:42:29.369+0800] {logging_mixin.py:154} INFO - [2023-11-24T10:42:29.369+0800] {dagbag.py:536} INFO - Filling up the DagBag from /home/azfarmustafa/airflow_tutorial/.venv/lib/python3.10/site-packages/airflow/example_dags/example_sensor_decorator.py
[2023-11-24T10:42:29.374+0800] {processor.py:839} INFO - DAG(s) dict_keys(['example_sensor_decorator']) retrieved from /home/azfarmustafa/airflow_tutorial/.venv/lib/python3.10/site-packages/airflow/example_dags/example_sensor_decorator.py
[2023-11-24T10:42:29.388+0800] {logging_mixin.py:154} INFO - [2023-11-24T10:42:29.388+0800] {dag.py:2941} INFO - Sync 1 DAGs
[2023-11-24T10:42:29.401+0800] {logging_mixin.py:154} INFO - [2023-11-24T10:42:29.401+0800] {dag.py:3722} INFO - Setting next_dagrun for example_sensor_decorator to None, run_after=None
[2023-11-24T10:42:29.428+0800] {processor.py:179} INFO - Processing /home/azfarmustafa/airflow_tutorial/.venv/lib/python3.10/site-packages/airflow/example_dags/example_sensor_decorator.py took 0.066 seconds
[2023-11-24T10:43:17.465+0800] {processor.py:157} INFO - Started process (PID=59795) to work on /home/azfarmustafa/airflow_tutorial/.venv/lib/python3.10/site-packages/airflow/example_dags/example_sensor_decorator.py
[2023-11-24T10:43:17.469+0800] {processor.py:829} INFO - Processing file /home/azfarmustafa/airflow_tutorial/.venv/lib/python3.10/site-packages/airflow/example_dags/example_sensor_decorator.py for tasks to queue
[2023-11-24T10:43:17.470+0800] {logging_mixin.py:154} INFO - [2023-11-24T10:43:17.469+0800] {dagbag.py:536} INFO - Filling up the DagBag from /home/azfarmustafa/airflow_tutorial/.venv/lib/python3.10/site-packages/airflow/example_dags/example_sensor_decorator.py
[2023-11-24T10:43:17.474+0800] {processor.py:839} INFO - DAG(s) dict_keys(['example_sensor_decorator']) retrieved from /home/azfarmustafa/airflow_tutorial/.venv/lib/python3.10/site-packages/airflow/example_dags/example_sensor_decorator.py
[2023-11-24T10:43:17.488+0800] {logging_mixin.py:154} INFO - [2023-11-24T10:43:17.488+0800] {dag.py:2941} INFO - Sync 1 DAGs
[2023-11-24T10:43:17.497+0800] {logging_mixin.py:154} INFO - [2023-11-24T10:43:17.497+0800] {dag.py:3722} INFO - Setting next_dagrun for example_sensor_decorator to None, run_after=None
[2023-11-24T10:43:17.519+0800] {processor.py:179} INFO - Processing /home/azfarmustafa/airflow_tutorial/.venv/lib/python3.10/site-packages/airflow/example_dags/example_sensor_decorator.py took 0.057 seconds
[2023-11-24T10:44:03.348+0800] {processor.py:157} INFO - Started process (PID=59842) to work on /home/azfarmustafa/airflow_tutorial/.venv/lib/python3.10/site-packages/airflow/example_dags/example_sensor_decorator.py
[2023-11-24T10:44:03.350+0800] {processor.py:829} INFO - Processing file /home/azfarmustafa/airflow_tutorial/.venv/lib/python3.10/site-packages/airflow/example_dags/example_sensor_decorator.py for tasks to queue
[2023-11-24T10:44:03.351+0800] {logging_mixin.py:154} INFO - [2023-11-24T10:44:03.351+0800] {dagbag.py:536} INFO - Filling up the DagBag from /home/azfarmustafa/airflow_tutorial/.venv/lib/python3.10/site-packages/airflow/example_dags/example_sensor_decorator.py
[2023-11-24T10:44:03.359+0800] {processor.py:839} INFO - DAG(s) dict_keys(['example_sensor_decorator']) retrieved from /home/azfarmustafa/airflow_tutorial/.venv/lib/python3.10/site-packages/airflow/example_dags/example_sensor_decorator.py
[2023-11-24T10:44:03.374+0800] {logging_mixin.py:154} INFO - [2023-11-24T10:44:03.373+0800] {dag.py:2941} INFO - Sync 1 DAGs
[2023-11-24T10:44:03.387+0800] {logging_mixin.py:154} INFO - [2023-11-24T10:44:03.387+0800] {dag.py:3722} INFO - Setting next_dagrun for example_sensor_decorator to None, run_after=None
[2023-11-24T10:44:03.416+0800] {processor.py:179} INFO - Processing /home/azfarmustafa/airflow_tutorial/.venv/lib/python3.10/site-packages/airflow/example_dags/example_sensor_decorator.py took 0.070 seconds
[2023-11-24T10:44:53.158+0800] {processor.py:157} INFO - Started process (PID=59892) to work on /home/azfarmustafa/airflow_tutorial/.venv/lib/python3.10/site-packages/airflow/example_dags/example_sensor_decorator.py
[2023-11-24T10:44:53.162+0800] {processor.py:829} INFO - Processing file /home/azfarmustafa/airflow_tutorial/.venv/lib/python3.10/site-packages/airflow/example_dags/example_sensor_decorator.py for tasks to queue
[2023-11-24T10:44:53.163+0800] {logging_mixin.py:154} INFO - [2023-11-24T10:44:53.163+0800] {dagbag.py:536} INFO - Filling up the DagBag from /home/azfarmustafa/airflow_tutorial/.venv/lib/python3.10/site-packages/airflow/example_dags/example_sensor_decorator.py
[2023-11-24T10:44:53.168+0800] {processor.py:839} INFO - DAG(s) dict_keys(['example_sensor_decorator']) retrieved from /home/azfarmustafa/airflow_tutorial/.venv/lib/python3.10/site-packages/airflow/example_dags/example_sensor_decorator.py
[2023-11-24T10:44:53.182+0800] {logging_mixin.py:154} INFO - [2023-11-24T10:44:53.181+0800] {dag.py:2941} INFO - Sync 1 DAGs
[2023-11-24T10:44:53.192+0800] {logging_mixin.py:154} INFO - [2023-11-24T10:44:53.192+0800] {dag.py:3722} INFO - Setting next_dagrun for example_sensor_decorator to None, run_after=None
[2023-11-24T10:44:53.216+0800] {processor.py:179} INFO - Processing /home/azfarmustafa/airflow_tutorial/.venv/lib/python3.10/site-packages/airflow/example_dags/example_sensor_decorator.py took 0.060 seconds
[2023-11-24T10:45:40.837+0800] {processor.py:157} INFO - Started process (PID=59940) to work on /home/azfarmustafa/airflow_tutorial/.venv/lib/python3.10/site-packages/airflow/example_dags/example_sensor_decorator.py
[2023-11-24T10:45:40.841+0800] {processor.py:829} INFO - Processing file /home/azfarmustafa/airflow_tutorial/.venv/lib/python3.10/site-packages/airflow/example_dags/example_sensor_decorator.py for tasks to queue
[2023-11-24T10:45:40.841+0800] {logging_mixin.py:154} INFO - [2023-11-24T10:45:40.841+0800] {dagbag.py:536} INFO - Filling up the DagBag from /home/azfarmustafa/airflow_tutorial/.venv/lib/python3.10/site-packages/airflow/example_dags/example_sensor_decorator.py
[2023-11-24T10:45:40.846+0800] {processor.py:839} INFO - DAG(s) dict_keys(['example_sensor_decorator']) retrieved from /home/azfarmustafa/airflow_tutorial/.venv/lib/python3.10/site-packages/airflow/example_dags/example_sensor_decorator.py
[2023-11-24T10:45:40.860+0800] {logging_mixin.py:154} INFO - [2023-11-24T10:45:40.860+0800] {dag.py:2941} INFO - Sync 1 DAGs
[2023-11-24T10:45:40.870+0800] {logging_mixin.py:154} INFO - [2023-11-24T10:45:40.870+0800] {dag.py:3722} INFO - Setting next_dagrun for example_sensor_decorator to None, run_after=None
[2023-11-24T10:45:40.892+0800] {processor.py:179} INFO - Processing /home/azfarmustafa/airflow_tutorial/.venv/lib/python3.10/site-packages/airflow/example_dags/example_sensor_decorator.py took 0.058 seconds
[2023-11-24T10:46:26.476+0800] {processor.py:157} INFO - Started process (PID=59987) to work on /home/azfarmustafa/airflow_tutorial/.venv/lib/python3.10/site-packages/airflow/example_dags/example_sensor_decorator.py
[2023-11-24T10:46:26.480+0800] {processor.py:829} INFO - Processing file /home/azfarmustafa/airflow_tutorial/.venv/lib/python3.10/site-packages/airflow/example_dags/example_sensor_decorator.py for tasks to queue
[2023-11-24T10:46:26.481+0800] {logging_mixin.py:154} INFO - [2023-11-24T10:46:26.481+0800] {dagbag.py:536} INFO - Filling up the DagBag from /home/azfarmustafa/airflow_tutorial/.venv/lib/python3.10/site-packages/airflow/example_dags/example_sensor_decorator.py
[2023-11-24T10:46:26.487+0800] {processor.py:839} INFO - DAG(s) dict_keys(['example_sensor_decorator']) retrieved from /home/azfarmustafa/airflow_tutorial/.venv/lib/python3.10/site-packages/airflow/example_dags/example_sensor_decorator.py
[2023-11-24T10:46:26.501+0800] {logging_mixin.py:154} INFO - [2023-11-24T10:46:26.501+0800] {dag.py:2941} INFO - Sync 1 DAGs
[2023-11-24T10:46:26.515+0800] {logging_mixin.py:154} INFO - [2023-11-24T10:46:26.514+0800] {dag.py:3722} INFO - Setting next_dagrun for example_sensor_decorator to None, run_after=None
[2023-11-24T10:46:26.544+0800] {processor.py:179} INFO - Processing /home/azfarmustafa/airflow_tutorial/.venv/lib/python3.10/site-packages/airflow/example_dags/example_sensor_decorator.py took 0.071 seconds
[2023-11-24T10:47:12.955+0800] {processor.py:157} INFO - Started process (PID=60040) to work on /home/azfarmustafa/airflow_tutorial/.venv/lib/python3.10/site-packages/airflow/example_dags/example_sensor_decorator.py
[2023-11-24T10:47:12.959+0800] {processor.py:829} INFO - Processing file /home/azfarmustafa/airflow_tutorial/.venv/lib/python3.10/site-packages/airflow/example_dags/example_sensor_decorator.py for tasks to queue
[2023-11-24T10:47:12.960+0800] {logging_mixin.py:154} INFO - [2023-11-24T10:47:12.960+0800] {dagbag.py:536} INFO - Filling up the DagBag from /home/azfarmustafa/airflow_tutorial/.venv/lib/python3.10/site-packages/airflow/example_dags/example_sensor_decorator.py
[2023-11-24T10:47:12.965+0800] {processor.py:839} INFO - DAG(s) dict_keys(['example_sensor_decorator']) retrieved from /home/azfarmustafa/airflow_tutorial/.venv/lib/python3.10/site-packages/airflow/example_dags/example_sensor_decorator.py
[2023-11-24T10:47:12.981+0800] {logging_mixin.py:154} INFO - [2023-11-24T10:47:12.981+0800] {dag.py:2941} INFO - Sync 1 DAGs
[2023-11-24T10:47:12.994+0800] {logging_mixin.py:154} INFO - [2023-11-24T10:47:12.994+0800] {dag.py:3722} INFO - Setting next_dagrun for example_sensor_decorator to None, run_after=None
[2023-11-24T10:47:13.024+0800] {processor.py:179} INFO - Processing /home/azfarmustafa/airflow_tutorial/.venv/lib/python3.10/site-packages/airflow/example_dags/example_sensor_decorator.py took 0.071 seconds
[2023-11-24T10:47:56.213+0800] {processor.py:157} INFO - Started process (PID=60085) to work on /home/azfarmustafa/airflow_tutorial/.venv/lib/python3.10/site-packages/airflow/example_dags/example_sensor_decorator.py
[2023-11-24T10:47:56.215+0800] {processor.py:829} INFO - Processing file /home/azfarmustafa/airflow_tutorial/.venv/lib/python3.10/site-packages/airflow/example_dags/example_sensor_decorator.py for tasks to queue
[2023-11-24T10:47:56.216+0800] {logging_mixin.py:154} INFO - [2023-11-24T10:47:56.215+0800] {dagbag.py:536} INFO - Filling up the DagBag from /home/azfarmustafa/airflow_tutorial/.venv/lib/python3.10/site-packages/airflow/example_dags/example_sensor_decorator.py
[2023-11-24T10:47:56.220+0800] {processor.py:839} INFO - DAG(s) dict_keys(['example_sensor_decorator']) retrieved from /home/azfarmustafa/airflow_tutorial/.venv/lib/python3.10/site-packages/airflow/example_dags/example_sensor_decorator.py
[2023-11-24T10:47:56.236+0800] {logging_mixin.py:154} INFO - [2023-11-24T10:47:56.236+0800] {dag.py:2941} INFO - Sync 1 DAGs
[2023-11-24T10:47:56.249+0800] {logging_mixin.py:154} INFO - [2023-11-24T10:47:56.249+0800] {dag.py:3722} INFO - Setting next_dagrun for example_sensor_decorator to None, run_after=None
[2023-11-24T10:47:56.279+0800] {processor.py:179} INFO - Processing /home/azfarmustafa/airflow_tutorial/.venv/lib/python3.10/site-packages/airflow/example_dags/example_sensor_decorator.py took 0.069 seconds
[2023-11-24T10:48:42.500+0800] {processor.py:157} INFO - Started process (PID=60132) to work on /home/azfarmustafa/airflow_tutorial/.venv/lib/python3.10/site-packages/airflow/example_dags/example_sensor_decorator.py
[2023-11-24T10:48:42.505+0800] {processor.py:829} INFO - Processing file /home/azfarmustafa/airflow_tutorial/.venv/lib/python3.10/site-packages/airflow/example_dags/example_sensor_decorator.py for tasks to queue
[2023-11-24T10:48:42.505+0800] {logging_mixin.py:154} INFO - [2023-11-24T10:48:42.505+0800] {dagbag.py:536} INFO - Filling up the DagBag from /home/azfarmustafa/airflow_tutorial/.venv/lib/python3.10/site-packages/airflow/example_dags/example_sensor_decorator.py
[2023-11-24T10:48:42.510+0800] {processor.py:839} INFO - DAG(s) dict_keys(['example_sensor_decorator']) retrieved from /home/azfarmustafa/airflow_tutorial/.venv/lib/python3.10/site-packages/airflow/example_dags/example_sensor_decorator.py
[2023-11-24T10:48:42.523+0800] {logging_mixin.py:154} INFO - [2023-11-24T10:48:42.523+0800] {dag.py:2941} INFO - Sync 1 DAGs
[2023-11-24T10:48:42.533+0800] {logging_mixin.py:154} INFO - [2023-11-24T10:48:42.532+0800] {dag.py:3722} INFO - Setting next_dagrun for example_sensor_decorator to None, run_after=None
[2023-11-24T10:48:42.554+0800] {processor.py:179} INFO - Processing /home/azfarmustafa/airflow_tutorial/.venv/lib/python3.10/site-packages/airflow/example_dags/example_sensor_decorator.py took 0.056 seconds
[2023-11-24T10:49:32.569+0800] {processor.py:157} INFO - Started process (PID=60182) to work on /home/azfarmustafa/airflow_tutorial/.venv/lib/python3.10/site-packages/airflow/example_dags/example_sensor_decorator.py
[2023-11-24T10:49:32.573+0800] {processor.py:829} INFO - Processing file /home/azfarmustafa/airflow_tutorial/.venv/lib/python3.10/site-packages/airflow/example_dags/example_sensor_decorator.py for tasks to queue
[2023-11-24T10:49:32.574+0800] {logging_mixin.py:154} INFO - [2023-11-24T10:49:32.574+0800] {dagbag.py:536} INFO - Filling up the DagBag from /home/azfarmustafa/airflow_tutorial/.venv/lib/python3.10/site-packages/airflow/example_dags/example_sensor_decorator.py
[2023-11-24T10:49:32.581+0800] {processor.py:839} INFO - DAG(s) dict_keys(['example_sensor_decorator']) retrieved from /home/azfarmustafa/airflow_tutorial/.venv/lib/python3.10/site-packages/airflow/example_dags/example_sensor_decorator.py
[2023-11-24T10:49:32.597+0800] {logging_mixin.py:154} INFO - [2023-11-24T10:49:32.597+0800] {dag.py:2941} INFO - Sync 1 DAGs
[2023-11-24T10:49:32.609+0800] {logging_mixin.py:154} INFO - [2023-11-24T10:49:32.609+0800] {dag.py:3722} INFO - Setting next_dagrun for example_sensor_decorator to None, run_after=None
[2023-11-24T10:49:32.639+0800] {processor.py:179} INFO - Processing /home/azfarmustafa/airflow_tutorial/.venv/lib/python3.10/site-packages/airflow/example_dags/example_sensor_decorator.py took 0.073 seconds
[2023-11-24T10:50:17.457+0800] {processor.py:157} INFO - Started process (PID=60229) to work on /home/azfarmustafa/airflow_tutorial/.venv/lib/python3.10/site-packages/airflow/example_dags/example_sensor_decorator.py
[2023-11-24T10:50:17.461+0800] {processor.py:829} INFO - Processing file /home/azfarmustafa/airflow_tutorial/.venv/lib/python3.10/site-packages/airflow/example_dags/example_sensor_decorator.py for tasks to queue
[2023-11-24T10:50:17.462+0800] {logging_mixin.py:154} INFO - [2023-11-24T10:50:17.462+0800] {dagbag.py:536} INFO - Filling up the DagBag from /home/azfarmustafa/airflow_tutorial/.venv/lib/python3.10/site-packages/airflow/example_dags/example_sensor_decorator.py
[2023-11-24T10:50:17.468+0800] {processor.py:839} INFO - DAG(s) dict_keys(['example_sensor_decorator']) retrieved from /home/azfarmustafa/airflow_tutorial/.venv/lib/python3.10/site-packages/airflow/example_dags/example_sensor_decorator.py
[2023-11-24T10:50:17.481+0800] {logging_mixin.py:154} INFO - [2023-11-24T10:50:17.481+0800] {dag.py:2941} INFO - Sync 1 DAGs
[2023-11-24T10:50:17.492+0800] {logging_mixin.py:154} INFO - [2023-11-24T10:50:17.492+0800] {dag.py:3722} INFO - Setting next_dagrun for example_sensor_decorator to None, run_after=None
[2023-11-24T10:50:17.519+0800] {processor.py:179} INFO - Processing /home/azfarmustafa/airflow_tutorial/.venv/lib/python3.10/site-packages/airflow/example_dags/example_sensor_decorator.py took 0.064 seconds
[2023-11-24T10:51:04.048+0800] {processor.py:157} INFO - Started process (PID=60277) to work on /home/azfarmustafa/airflow_tutorial/.venv/lib/python3.10/site-packages/airflow/example_dags/example_sensor_decorator.py
[2023-11-24T10:51:04.050+0800] {processor.py:829} INFO - Processing file /home/azfarmustafa/airflow_tutorial/.venv/lib/python3.10/site-packages/airflow/example_dags/example_sensor_decorator.py for tasks to queue
[2023-11-24T10:51:04.052+0800] {logging_mixin.py:154} INFO - [2023-11-24T10:51:04.051+0800] {dagbag.py:536} INFO - Filling up the DagBag from /home/azfarmustafa/airflow_tutorial/.venv/lib/python3.10/site-packages/airflow/example_dags/example_sensor_decorator.py
[2023-11-24T10:51:04.057+0800] {processor.py:839} INFO - DAG(s) dict_keys(['example_sensor_decorator']) retrieved from /home/azfarmustafa/airflow_tutorial/.venv/lib/python3.10/site-packages/airflow/example_dags/example_sensor_decorator.py
[2023-11-24T10:51:04.073+0800] {logging_mixin.py:154} INFO - [2023-11-24T10:51:04.073+0800] {dag.py:2941} INFO - Sync 1 DAGs
[2023-11-24T10:51:04.088+0800] {logging_mixin.py:154} INFO - [2023-11-24T10:51:04.088+0800] {dag.py:3722} INFO - Setting next_dagrun for example_sensor_decorator to None, run_after=None
[2023-11-24T10:51:04.113+0800] {processor.py:179} INFO - Processing /home/azfarmustafa/airflow_tutorial/.venv/lib/python3.10/site-packages/airflow/example_dags/example_sensor_decorator.py took 0.068 seconds
[2023-11-24T10:51:52.077+0800] {processor.py:157} INFO - Started process (PID=60325) to work on /home/azfarmustafa/airflow_tutorial/.venv/lib/python3.10/site-packages/airflow/example_dags/example_sensor_decorator.py
[2023-11-24T10:51:52.082+0800] {processor.py:829} INFO - Processing file /home/azfarmustafa/airflow_tutorial/.venv/lib/python3.10/site-packages/airflow/example_dags/example_sensor_decorator.py for tasks to queue
[2023-11-24T10:51:52.083+0800] {logging_mixin.py:154} INFO - [2023-11-24T10:51:52.083+0800] {dagbag.py:536} INFO - Filling up the DagBag from /home/azfarmustafa/airflow_tutorial/.venv/lib/python3.10/site-packages/airflow/example_dags/example_sensor_decorator.py
[2023-11-24T10:51:52.088+0800] {processor.py:839} INFO - DAG(s) dict_keys(['example_sensor_decorator']) retrieved from /home/azfarmustafa/airflow_tutorial/.venv/lib/python3.10/site-packages/airflow/example_dags/example_sensor_decorator.py
[2023-11-24T10:51:52.105+0800] {logging_mixin.py:154} INFO - [2023-11-24T10:51:52.105+0800] {dag.py:2941} INFO - Sync 1 DAGs
[2023-11-24T10:51:52.116+0800] {logging_mixin.py:154} INFO - [2023-11-24T10:51:52.116+0800] {dag.py:3722} INFO - Setting next_dagrun for example_sensor_decorator to None, run_after=None
[2023-11-24T10:51:52.142+0800] {processor.py:179} INFO - Processing /home/azfarmustafa/airflow_tutorial/.venv/lib/python3.10/site-packages/airflow/example_dags/example_sensor_decorator.py took 0.067 seconds
[2023-11-24T10:52:39.999+0800] {processor.py:157} INFO - Started process (PID=60373) to work on /home/azfarmustafa/airflow_tutorial/.venv/lib/python3.10/site-packages/airflow/example_dags/example_sensor_decorator.py
[2023-11-24T10:52:40.004+0800] {processor.py:829} INFO - Processing file /home/azfarmustafa/airflow_tutorial/.venv/lib/python3.10/site-packages/airflow/example_dags/example_sensor_decorator.py for tasks to queue
[2023-11-24T10:52:40.005+0800] {logging_mixin.py:154} INFO - [2023-11-24T10:52:40.005+0800] {dagbag.py:536} INFO - Filling up the DagBag from /home/azfarmustafa/airflow_tutorial/.venv/lib/python3.10/site-packages/airflow/example_dags/example_sensor_decorator.py
[2023-11-24T10:52:40.010+0800] {processor.py:839} INFO - DAG(s) dict_keys(['example_sensor_decorator']) retrieved from /home/azfarmustafa/airflow_tutorial/.venv/lib/python3.10/site-packages/airflow/example_dags/example_sensor_decorator.py
[2023-11-24T10:52:40.027+0800] {logging_mixin.py:154} INFO - [2023-11-24T10:52:40.027+0800] {dag.py:2941} INFO - Sync 1 DAGs
[2023-11-24T10:52:40.039+0800] {logging_mixin.py:154} INFO - [2023-11-24T10:52:40.039+0800] {dag.py:3722} INFO - Setting next_dagrun for example_sensor_decorator to None, run_after=None
[2023-11-24T10:52:40.063+0800] {processor.py:179} INFO - Processing /home/azfarmustafa/airflow_tutorial/.venv/lib/python3.10/site-packages/airflow/example_dags/example_sensor_decorator.py took 0.067 seconds
[2023-11-24T10:53:29.681+0800] {processor.py:157} INFO - Started process (PID=60429) to work on /home/azfarmustafa/airflow_tutorial/.venv/lib/python3.10/site-packages/airflow/example_dags/example_sensor_decorator.py
[2023-11-24T10:53:29.686+0800] {processor.py:829} INFO - Processing file /home/azfarmustafa/airflow_tutorial/.venv/lib/python3.10/site-packages/airflow/example_dags/example_sensor_decorator.py for tasks to queue
[2023-11-24T10:53:29.686+0800] {logging_mixin.py:154} INFO - [2023-11-24T10:53:29.686+0800] {dagbag.py:536} INFO - Filling up the DagBag from /home/azfarmustafa/airflow_tutorial/.venv/lib/python3.10/site-packages/airflow/example_dags/example_sensor_decorator.py
[2023-11-24T10:53:29.692+0800] {processor.py:839} INFO - DAG(s) dict_keys(['example_sensor_decorator']) retrieved from /home/azfarmustafa/airflow_tutorial/.venv/lib/python3.10/site-packages/airflow/example_dags/example_sensor_decorator.py
[2023-11-24T10:53:29.708+0800] {logging_mixin.py:154} INFO - [2023-11-24T10:53:29.708+0800] {dag.py:2941} INFO - Sync 1 DAGs
[2023-11-24T10:53:29.720+0800] {logging_mixin.py:154} INFO - [2023-11-24T10:53:29.720+0800] {dag.py:3722} INFO - Setting next_dagrun for example_sensor_decorator to None, run_after=None
[2023-11-24T10:53:29.747+0800] {processor.py:179} INFO - Processing /home/azfarmustafa/airflow_tutorial/.venv/lib/python3.10/site-packages/airflow/example_dags/example_sensor_decorator.py took 0.068 seconds
[2023-11-24T10:54:16.587+0800] {processor.py:157} INFO - Started process (PID=60477) to work on /home/azfarmustafa/airflow_tutorial/.venv/lib/python3.10/site-packages/airflow/example_dags/example_sensor_decorator.py
[2023-11-24T10:54:16.592+0800] {processor.py:829} INFO - Processing file /home/azfarmustafa/airflow_tutorial/.venv/lib/python3.10/site-packages/airflow/example_dags/example_sensor_decorator.py for tasks to queue
[2023-11-24T10:54:16.592+0800] {logging_mixin.py:154} INFO - [2023-11-24T10:54:16.592+0800] {dagbag.py:536} INFO - Filling up the DagBag from /home/azfarmustafa/airflow_tutorial/.venv/lib/python3.10/site-packages/airflow/example_dags/example_sensor_decorator.py
[2023-11-24T10:54:16.599+0800] {processor.py:839} INFO - DAG(s) dict_keys(['example_sensor_decorator']) retrieved from /home/azfarmustafa/airflow_tutorial/.venv/lib/python3.10/site-packages/airflow/example_dags/example_sensor_decorator.py
[2023-11-24T10:54:16.616+0800] {logging_mixin.py:154} INFO - [2023-11-24T10:54:16.616+0800] {dag.py:2941} INFO - Sync 1 DAGs
[2023-11-24T10:54:16.630+0800] {logging_mixin.py:154} INFO - [2023-11-24T10:54:16.629+0800] {dag.py:3722} INFO - Setting next_dagrun for example_sensor_decorator to None, run_after=None
[2023-11-24T10:54:16.656+0800] {processor.py:179} INFO - Processing /home/azfarmustafa/airflow_tutorial/.venv/lib/python3.10/site-packages/airflow/example_dags/example_sensor_decorator.py took 0.071 seconds
[2023-11-24T10:55:05.320+0800] {processor.py:157} INFO - Started process (PID=60526) to work on /home/azfarmustafa/airflow_tutorial/.venv/lib/python3.10/site-packages/airflow/example_dags/example_sensor_decorator.py
[2023-11-24T10:55:05.325+0800] {processor.py:829} INFO - Processing file /home/azfarmustafa/airflow_tutorial/.venv/lib/python3.10/site-packages/airflow/example_dags/example_sensor_decorator.py for tasks to queue
[2023-11-24T10:55:05.326+0800] {logging_mixin.py:154} INFO - [2023-11-24T10:55:05.325+0800] {dagbag.py:536} INFO - Filling up the DagBag from /home/azfarmustafa/airflow_tutorial/.venv/lib/python3.10/site-packages/airflow/example_dags/example_sensor_decorator.py
[2023-11-24T10:55:05.332+0800] {processor.py:839} INFO - DAG(s) dict_keys(['example_sensor_decorator']) retrieved from /home/azfarmustafa/airflow_tutorial/.venv/lib/python3.10/site-packages/airflow/example_dags/example_sensor_decorator.py
[2023-11-24T10:55:05.346+0800] {logging_mixin.py:154} INFO - [2023-11-24T10:55:05.346+0800] {dag.py:2941} INFO - Sync 1 DAGs
[2023-11-24T10:55:05.356+0800] {logging_mixin.py:154} INFO - [2023-11-24T10:55:05.355+0800] {dag.py:3722} INFO - Setting next_dagrun for example_sensor_decorator to None, run_after=None
[2023-11-24T10:55:05.378+0800] {processor.py:179} INFO - Processing /home/azfarmustafa/airflow_tutorial/.venv/lib/python3.10/site-packages/airflow/example_dags/example_sensor_decorator.py took 0.060 seconds
[2023-11-24T10:55:50.618+0800] {processor.py:157} INFO - Started process (PID=60572) to work on /home/azfarmustafa/airflow_tutorial/.venv/lib/python3.10/site-packages/airflow/example_dags/example_sensor_decorator.py
[2023-11-24T10:55:50.620+0800] {processor.py:829} INFO - Processing file /home/azfarmustafa/airflow_tutorial/.venv/lib/python3.10/site-packages/airflow/example_dags/example_sensor_decorator.py for tasks to queue
[2023-11-24T10:55:50.620+0800] {logging_mixin.py:154} INFO - [2023-11-24T10:55:50.620+0800] {dagbag.py:536} INFO - Filling up the DagBag from /home/azfarmustafa/airflow_tutorial/.venv/lib/python3.10/site-packages/airflow/example_dags/example_sensor_decorator.py
[2023-11-24T10:55:50.628+0800] {processor.py:839} INFO - DAG(s) dict_keys(['example_sensor_decorator']) retrieved from /home/azfarmustafa/airflow_tutorial/.venv/lib/python3.10/site-packages/airflow/example_dags/example_sensor_decorator.py
[2023-11-24T10:55:50.642+0800] {logging_mixin.py:154} INFO - [2023-11-24T10:55:50.642+0800] {dag.py:2941} INFO - Sync 1 DAGs
[2023-11-24T10:55:50.654+0800] {logging_mixin.py:154} INFO - [2023-11-24T10:55:50.653+0800] {dag.py:3722} INFO - Setting next_dagrun for example_sensor_decorator to None, run_after=None
[2023-11-24T10:55:50.682+0800] {processor.py:179} INFO - Processing /home/azfarmustafa/airflow_tutorial/.venv/lib/python3.10/site-packages/airflow/example_dags/example_sensor_decorator.py took 0.067 seconds
[2023-11-24T10:56:35.326+0800] {processor.py:157} INFO - Started process (PID=60619) to work on /home/azfarmustafa/airflow_tutorial/.venv/lib/python3.10/site-packages/airflow/example_dags/example_sensor_decorator.py
[2023-11-24T10:56:35.330+0800] {processor.py:829} INFO - Processing file /home/azfarmustafa/airflow_tutorial/.venv/lib/python3.10/site-packages/airflow/example_dags/example_sensor_decorator.py for tasks to queue
[2023-11-24T10:56:35.331+0800] {logging_mixin.py:154} INFO - [2023-11-24T10:56:35.330+0800] {dagbag.py:536} INFO - Filling up the DagBag from /home/azfarmustafa/airflow_tutorial/.venv/lib/python3.10/site-packages/airflow/example_dags/example_sensor_decorator.py
[2023-11-24T10:56:35.336+0800] {processor.py:839} INFO - DAG(s) dict_keys(['example_sensor_decorator']) retrieved from /home/azfarmustafa/airflow_tutorial/.venv/lib/python3.10/site-packages/airflow/example_dags/example_sensor_decorator.py
[2023-11-24T10:56:35.350+0800] {logging_mixin.py:154} INFO - [2023-11-24T10:56:35.349+0800] {dag.py:2941} INFO - Sync 1 DAGs
[2023-11-24T10:56:35.359+0800] {logging_mixin.py:154} INFO - [2023-11-24T10:56:35.359+0800] {dag.py:3722} INFO - Setting next_dagrun for example_sensor_decorator to None, run_after=None
[2023-11-24T10:56:35.382+0800] {processor.py:179} INFO - Processing /home/azfarmustafa/airflow_tutorial/.venv/lib/python3.10/site-packages/airflow/example_dags/example_sensor_decorator.py took 0.058 seconds
[2023-11-24T10:57:16.980+0800] {processor.py:157} INFO - Started process (PID=60662) to work on /home/azfarmustafa/airflow_tutorial/.venv/lib/python3.10/site-packages/airflow/example_dags/example_sensor_decorator.py
[2023-11-24T10:57:16.981+0800] {processor.py:829} INFO - Processing file /home/azfarmustafa/airflow_tutorial/.venv/lib/python3.10/site-packages/airflow/example_dags/example_sensor_decorator.py for tasks to queue
[2023-11-24T10:57:16.982+0800] {logging_mixin.py:154} INFO - [2023-11-24T10:57:16.982+0800] {dagbag.py:536} INFO - Filling up the DagBag from /home/azfarmustafa/airflow_tutorial/.venv/lib/python3.10/site-packages/airflow/example_dags/example_sensor_decorator.py
[2023-11-24T10:57:16.992+0800] {processor.py:839} INFO - DAG(s) dict_keys(['example_sensor_decorator']) retrieved from /home/azfarmustafa/airflow_tutorial/.venv/lib/python3.10/site-packages/airflow/example_dags/example_sensor_decorator.py
[2023-11-24T10:57:17.006+0800] {logging_mixin.py:154} INFO - [2023-11-24T10:57:17.006+0800] {dag.py:2941} INFO - Sync 1 DAGs
[2023-11-24T10:57:17.017+0800] {logging_mixin.py:154} INFO - [2023-11-24T10:57:17.016+0800] {dag.py:3722} INFO - Setting next_dagrun for example_sensor_decorator to None, run_after=None
[2023-11-24T10:57:17.041+0800] {processor.py:179} INFO - Processing /home/azfarmustafa/airflow_tutorial/.venv/lib/python3.10/site-packages/airflow/example_dags/example_sensor_decorator.py took 0.063 seconds
[2023-11-24T10:58:01.500+0800] {processor.py:157} INFO - Started process (PID=60708) to work on /home/azfarmustafa/airflow_tutorial/.venv/lib/python3.10/site-packages/airflow/example_dags/example_sensor_decorator.py
[2023-11-24T10:58:01.504+0800] {processor.py:829} INFO - Processing file /home/azfarmustafa/airflow_tutorial/.venv/lib/python3.10/site-packages/airflow/example_dags/example_sensor_decorator.py for tasks to queue
[2023-11-24T10:58:01.505+0800] {logging_mixin.py:154} INFO - [2023-11-24T10:58:01.504+0800] {dagbag.py:536} INFO - Filling up the DagBag from /home/azfarmustafa/airflow_tutorial/.venv/lib/python3.10/site-packages/airflow/example_dags/example_sensor_decorator.py
[2023-11-24T10:58:01.509+0800] {processor.py:839} INFO - DAG(s) dict_keys(['example_sensor_decorator']) retrieved from /home/azfarmustafa/airflow_tutorial/.venv/lib/python3.10/site-packages/airflow/example_dags/example_sensor_decorator.py
[2023-11-24T10:58:01.523+0800] {logging_mixin.py:154} INFO - [2023-11-24T10:58:01.522+0800] {dag.py:2941} INFO - Sync 1 DAGs
[2023-11-24T10:58:01.533+0800] {logging_mixin.py:154} INFO - [2023-11-24T10:58:01.533+0800] {dag.py:3722} INFO - Setting next_dagrun for example_sensor_decorator to None, run_after=None
[2023-11-24T10:58:01.556+0800] {processor.py:179} INFO - Processing /home/azfarmustafa/airflow_tutorial/.venv/lib/python3.10/site-packages/airflow/example_dags/example_sensor_decorator.py took 0.058 seconds
[2023-11-24T10:58:48.218+0800] {processor.py:157} INFO - Started process (PID=60756) to work on /home/azfarmustafa/airflow_tutorial/.venv/lib/python3.10/site-packages/airflow/example_dags/example_sensor_decorator.py
[2023-11-24T10:58:48.222+0800] {processor.py:829} INFO - Processing file /home/azfarmustafa/airflow_tutorial/.venv/lib/python3.10/site-packages/airflow/example_dags/example_sensor_decorator.py for tasks to queue
[2023-11-24T10:58:48.223+0800] {logging_mixin.py:154} INFO - [2023-11-24T10:58:48.223+0800] {dagbag.py:536} INFO - Filling up the DagBag from /home/azfarmustafa/airflow_tutorial/.venv/lib/python3.10/site-packages/airflow/example_dags/example_sensor_decorator.py
[2023-11-24T10:58:48.228+0800] {processor.py:839} INFO - DAG(s) dict_keys(['example_sensor_decorator']) retrieved from /home/azfarmustafa/airflow_tutorial/.venv/lib/python3.10/site-packages/airflow/example_dags/example_sensor_decorator.py
[2023-11-24T10:58:48.241+0800] {logging_mixin.py:154} INFO - [2023-11-24T10:58:48.241+0800] {dag.py:2941} INFO - Sync 1 DAGs
[2023-11-24T10:58:48.251+0800] {logging_mixin.py:154} INFO - [2023-11-24T10:58:48.251+0800] {dag.py:3722} INFO - Setting next_dagrun for example_sensor_decorator to None, run_after=None
[2023-11-24T10:58:48.276+0800] {processor.py:179} INFO - Processing /home/azfarmustafa/airflow_tutorial/.venv/lib/python3.10/site-packages/airflow/example_dags/example_sensor_decorator.py took 0.069 seconds
[2023-11-24T10:59:35.934+0800] {processor.py:157} INFO - Started process (PID=60810) to work on /home/azfarmustafa/airflow_tutorial/.venv/lib/python3.10/site-packages/airflow/example_dags/example_sensor_decorator.py
[2023-11-24T10:59:35.938+0800] {processor.py:829} INFO - Processing file /home/azfarmustafa/airflow_tutorial/.venv/lib/python3.10/site-packages/airflow/example_dags/example_sensor_decorator.py for tasks to queue
[2023-11-24T10:59:35.938+0800] {logging_mixin.py:154} INFO - [2023-11-24T10:59:35.938+0800] {dagbag.py:536} INFO - Filling up the DagBag from /home/azfarmustafa/airflow_tutorial/.venv/lib/python3.10/site-packages/airflow/example_dags/example_sensor_decorator.py
[2023-11-24T10:59:35.943+0800] {processor.py:839} INFO - DAG(s) dict_keys(['example_sensor_decorator']) retrieved from /home/azfarmustafa/airflow_tutorial/.venv/lib/python3.10/site-packages/airflow/example_dags/example_sensor_decorator.py
[2023-11-24T10:59:35.957+0800] {logging_mixin.py:154} INFO - [2023-11-24T10:59:35.957+0800] {dag.py:2941} INFO - Sync 1 DAGs
[2023-11-24T10:59:35.967+0800] {logging_mixin.py:154} INFO - [2023-11-24T10:59:35.967+0800] {dag.py:3722} INFO - Setting next_dagrun for example_sensor_decorator to None, run_after=None
[2023-11-24T10:59:35.997+0800] {processor.py:179} INFO - Processing /home/azfarmustafa/airflow_tutorial/.venv/lib/python3.10/site-packages/airflow/example_dags/example_sensor_decorator.py took 0.065 seconds
[2023-11-24T11:00:20.242+0800] {processor.py:157} INFO - Started process (PID=60857) to work on /home/azfarmustafa/airflow_tutorial/.venv/lib/python3.10/site-packages/airflow/example_dags/example_sensor_decorator.py
[2023-11-24T11:00:20.247+0800] {processor.py:829} INFO - Processing file /home/azfarmustafa/airflow_tutorial/.venv/lib/python3.10/site-packages/airflow/example_dags/example_sensor_decorator.py for tasks to queue
[2023-11-24T11:00:20.248+0800] {logging_mixin.py:154} INFO - [2023-11-24T11:00:20.247+0800] {dagbag.py:536} INFO - Filling up the DagBag from /home/azfarmustafa/airflow_tutorial/.venv/lib/python3.10/site-packages/airflow/example_dags/example_sensor_decorator.py
[2023-11-24T11:00:20.253+0800] {processor.py:839} INFO - DAG(s) dict_keys(['example_sensor_decorator']) retrieved from /home/azfarmustafa/airflow_tutorial/.venv/lib/python3.10/site-packages/airflow/example_dags/example_sensor_decorator.py
[2023-11-24T11:00:20.270+0800] {logging_mixin.py:154} INFO - [2023-11-24T11:00:20.270+0800] {dag.py:2941} INFO - Sync 1 DAGs
[2023-11-24T11:00:20.284+0800] {logging_mixin.py:154} INFO - [2023-11-24T11:00:20.284+0800] {dag.py:3722} INFO - Setting next_dagrun for example_sensor_decorator to None, run_after=None
[2023-11-24T11:00:20.311+0800] {processor.py:179} INFO - Processing /home/azfarmustafa/airflow_tutorial/.venv/lib/python3.10/site-packages/airflow/example_dags/example_sensor_decorator.py took 0.072 seconds
[2023-11-24T11:01:03.435+0800] {processor.py:157} INFO - Started process (PID=60901) to work on /home/azfarmustafa/airflow_tutorial/.venv/lib/python3.10/site-packages/airflow/example_dags/example_sensor_decorator.py
[2023-11-24T11:01:03.437+0800] {processor.py:829} INFO - Processing file /home/azfarmustafa/airflow_tutorial/.venv/lib/python3.10/site-packages/airflow/example_dags/example_sensor_decorator.py for tasks to queue
[2023-11-24T11:01:03.438+0800] {logging_mixin.py:154} INFO - [2023-11-24T11:01:03.437+0800] {dagbag.py:536} INFO - Filling up the DagBag from /home/azfarmustafa/airflow_tutorial/.venv/lib/python3.10/site-packages/airflow/example_dags/example_sensor_decorator.py
[2023-11-24T11:01:03.446+0800] {processor.py:839} INFO - DAG(s) dict_keys(['example_sensor_decorator']) retrieved from /home/azfarmustafa/airflow_tutorial/.venv/lib/python3.10/site-packages/airflow/example_dags/example_sensor_decorator.py
[2023-11-24T11:01:03.465+0800] {logging_mixin.py:154} INFO - [2023-11-24T11:01:03.465+0800] {dag.py:2941} INFO - Sync 1 DAGs
[2023-11-24T11:01:03.480+0800] {logging_mixin.py:154} INFO - [2023-11-24T11:01:03.479+0800] {dag.py:3722} INFO - Setting next_dagrun for example_sensor_decorator to None, run_after=None
[2023-11-24T11:01:03.511+0800] {processor.py:179} INFO - Processing /home/azfarmustafa/airflow_tutorial/.venv/lib/python3.10/site-packages/airflow/example_dags/example_sensor_decorator.py took 0.078 seconds
[2023-11-24T11:01:49.978+0800] {processor.py:157} INFO - Started process (PID=60949) to work on /home/azfarmustafa/airflow_tutorial/.venv/lib/python3.10/site-packages/airflow/example_dags/example_sensor_decorator.py
[2023-11-24T11:01:49.984+0800] {processor.py:829} INFO - Processing file /home/azfarmustafa/airflow_tutorial/.venv/lib/python3.10/site-packages/airflow/example_dags/example_sensor_decorator.py for tasks to queue
[2023-11-24T11:01:49.985+0800] {logging_mixin.py:154} INFO - [2023-11-24T11:01:49.985+0800] {dagbag.py:536} INFO - Filling up the DagBag from /home/azfarmustafa/airflow_tutorial/.venv/lib/python3.10/site-packages/airflow/example_dags/example_sensor_decorator.py
[2023-11-24T11:01:49.990+0800] {processor.py:839} INFO - DAG(s) dict_keys(['example_sensor_decorator']) retrieved from /home/azfarmustafa/airflow_tutorial/.venv/lib/python3.10/site-packages/airflow/example_dags/example_sensor_decorator.py
[2023-11-24T11:01:50.005+0800] {logging_mixin.py:154} INFO - [2023-11-24T11:01:50.005+0800] {dag.py:2941} INFO - Sync 1 DAGs
[2023-11-24T11:01:50.014+0800] {logging_mixin.py:154} INFO - [2023-11-24T11:01:50.014+0800] {dag.py:3722} INFO - Setting next_dagrun for example_sensor_decorator to None, run_after=None
[2023-11-24T11:01:50.040+0800] {processor.py:179} INFO - Processing /home/azfarmustafa/airflow_tutorial/.venv/lib/python3.10/site-packages/airflow/example_dags/example_sensor_decorator.py took 0.065 seconds
[2023-11-24T11:02:35.413+0800] {processor.py:157} INFO - Started process (PID=60996) to work on /home/azfarmustafa/airflow_tutorial/.venv/lib/python3.10/site-packages/airflow/example_dags/example_sensor_decorator.py
[2023-11-24T11:02:35.415+0800] {processor.py:829} INFO - Processing file /home/azfarmustafa/airflow_tutorial/.venv/lib/python3.10/site-packages/airflow/example_dags/example_sensor_decorator.py for tasks to queue
[2023-11-24T11:02:35.415+0800] {logging_mixin.py:154} INFO - [2023-11-24T11:02:35.415+0800] {dagbag.py:536} INFO - Filling up the DagBag from /home/azfarmustafa/airflow_tutorial/.venv/lib/python3.10/site-packages/airflow/example_dags/example_sensor_decorator.py
[2023-11-24T11:02:35.420+0800] {processor.py:839} INFO - DAG(s) dict_keys(['example_sensor_decorator']) retrieved from /home/azfarmustafa/airflow_tutorial/.venv/lib/python3.10/site-packages/airflow/example_dags/example_sensor_decorator.py
[2023-11-24T11:02:35.434+0800] {logging_mixin.py:154} INFO - [2023-11-24T11:02:35.433+0800] {dag.py:2941} INFO - Sync 1 DAGs
[2023-11-24T11:02:35.444+0800] {logging_mixin.py:154} INFO - [2023-11-24T11:02:35.444+0800] {dag.py:3722} INFO - Setting next_dagrun for example_sensor_decorator to None, run_after=None
[2023-11-24T11:02:35.466+0800] {processor.py:179} INFO - Processing /home/azfarmustafa/airflow_tutorial/.venv/lib/python3.10/site-packages/airflow/example_dags/example_sensor_decorator.py took 0.055 seconds
[2023-11-24T11:03:21.327+0800] {processor.py:157} INFO - Started process (PID=61045) to work on /home/azfarmustafa/airflow_tutorial/.venv/lib/python3.10/site-packages/airflow/example_dags/example_sensor_decorator.py
[2023-11-24T11:03:21.332+0800] {processor.py:829} INFO - Processing file /home/azfarmustafa/airflow_tutorial/.venv/lib/python3.10/site-packages/airflow/example_dags/example_sensor_decorator.py for tasks to queue
[2023-11-24T11:03:21.333+0800] {logging_mixin.py:154} INFO - [2023-11-24T11:03:21.333+0800] {dagbag.py:536} INFO - Filling up the DagBag from /home/azfarmustafa/airflow_tutorial/.venv/lib/python3.10/site-packages/airflow/example_dags/example_sensor_decorator.py
[2023-11-24T11:03:21.340+0800] {processor.py:839} INFO - DAG(s) dict_keys(['example_sensor_decorator']) retrieved from /home/azfarmustafa/airflow_tutorial/.venv/lib/python3.10/site-packages/airflow/example_dags/example_sensor_decorator.py
[2023-11-24T11:03:21.353+0800] {logging_mixin.py:154} INFO - [2023-11-24T11:03:21.353+0800] {dag.py:2941} INFO - Sync 1 DAGs
[2023-11-24T11:03:21.364+0800] {logging_mixin.py:154} INFO - [2023-11-24T11:03:21.363+0800] {dag.py:3722} INFO - Setting next_dagrun for example_sensor_decorator to None, run_after=None
[2023-11-24T11:03:21.391+0800] {processor.py:179} INFO - Processing /home/azfarmustafa/airflow_tutorial/.venv/lib/python3.10/site-packages/airflow/example_dags/example_sensor_decorator.py took 0.066 seconds
[2023-11-24T11:04:10.487+0800] {processor.py:157} INFO - Started process (PID=61098) to work on /home/azfarmustafa/airflow_tutorial/.venv/lib/python3.10/site-packages/airflow/example_dags/example_sensor_decorator.py
[2023-11-24T11:04:10.488+0800] {processor.py:829} INFO - Processing file /home/azfarmustafa/airflow_tutorial/.venv/lib/python3.10/site-packages/airflow/example_dags/example_sensor_decorator.py for tasks to queue
[2023-11-24T11:04:10.489+0800] {logging_mixin.py:154} INFO - [2023-11-24T11:04:10.489+0800] {dagbag.py:536} INFO - Filling up the DagBag from /home/azfarmustafa/airflow_tutorial/.venv/lib/python3.10/site-packages/airflow/example_dags/example_sensor_decorator.py
[2023-11-24T11:04:10.494+0800] {processor.py:839} INFO - DAG(s) dict_keys(['example_sensor_decorator']) retrieved from /home/azfarmustafa/airflow_tutorial/.venv/lib/python3.10/site-packages/airflow/example_dags/example_sensor_decorator.py
[2023-11-24T11:04:10.515+0800] {logging_mixin.py:154} INFO - [2023-11-24T11:04:10.514+0800] {dag.py:2941} INFO - Sync 1 DAGs
[2023-11-24T11:04:10.528+0800] {logging_mixin.py:154} INFO - [2023-11-24T11:04:10.528+0800] {dag.py:3722} INFO - Setting next_dagrun for example_sensor_decorator to None, run_after=None
[2023-11-24T11:04:10.556+0800] {processor.py:179} INFO - Processing /home/azfarmustafa/airflow_tutorial/.venv/lib/python3.10/site-packages/airflow/example_dags/example_sensor_decorator.py took 0.071 seconds
[2023-11-24T11:04:59.155+0800] {processor.py:157} INFO - Started process (PID=61162) to work on /home/azfarmustafa/airflow_tutorial/.venv/lib/python3.10/site-packages/airflow/example_dags/example_sensor_decorator.py
[2023-11-24T11:04:59.159+0800] {processor.py:829} INFO - Processing file /home/azfarmustafa/airflow_tutorial/.venv/lib/python3.10/site-packages/airflow/example_dags/example_sensor_decorator.py for tasks to queue
[2023-11-24T11:04:59.160+0800] {logging_mixin.py:154} INFO - [2023-11-24T11:04:59.160+0800] {dagbag.py:536} INFO - Filling up the DagBag from /home/azfarmustafa/airflow_tutorial/.venv/lib/python3.10/site-packages/airflow/example_dags/example_sensor_decorator.py
[2023-11-24T11:04:59.165+0800] {processor.py:839} INFO - DAG(s) dict_keys(['example_sensor_decorator']) retrieved from /home/azfarmustafa/airflow_tutorial/.venv/lib/python3.10/site-packages/airflow/example_dags/example_sensor_decorator.py
[2023-11-24T11:04:59.179+0800] {logging_mixin.py:154} INFO - [2023-11-24T11:04:59.179+0800] {dag.py:2941} INFO - Sync 1 DAGs
[2023-11-24T11:04:59.192+0800] {logging_mixin.py:154} INFO - [2023-11-24T11:04:59.192+0800] {dag.py:3722} INFO - Setting next_dagrun for example_sensor_decorator to None, run_after=None
[2023-11-24T11:04:59.221+0800] {processor.py:179} INFO - Processing /home/azfarmustafa/airflow_tutorial/.venv/lib/python3.10/site-packages/airflow/example_dags/example_sensor_decorator.py took 0.069 seconds
