[2023-11-24T10:25:58.940+0800] {processor.py:157} INFO - Started process (PID=58717) to work on /home/azfarmustafa/airflow_tutorial/.venv/lib/python3.10/site-packages/airflow/example_dags/example_complex.py
[2023-11-24T10:25:58.941+0800] {processor.py:829} INFO - Processing file /home/azfarmustafa/airflow_tutorial/.venv/lib/python3.10/site-packages/airflow/example_dags/example_complex.py for tasks to queue
[2023-11-24T10:25:58.941+0800] {logging_mixin.py:154} INFO - [2023-11-24T10:25:58.941+0800] {dagbag.py:536} INFO - Filling up the DagBag from /home/azfarmustafa/airflow_tutorial/.venv/lib/python3.10/site-packages/airflow/example_dags/example_complex.py
[2023-11-24T10:25:58.952+0800] {processor.py:839} INFO - DAG(s) dict_keys(['example_complex']) retrieved from /home/azfarmustafa/airflow_tutorial/.venv/lib/python3.10/site-packages/airflow/example_dags/example_complex.py
[2023-11-24T10:25:58.975+0800] {logging_mixin.py:154} INFO - [2023-11-24T10:25:58.974+0800] {dag.py:2941} INFO - Sync 1 DAGs
[2023-11-24T10:25:58.984+0800] {logging_mixin.py:154} INFO - [2023-11-24T10:25:58.984+0800] {dag.py:3722} INFO - Setting next_dagrun for example_complex to None, run_after=None
[2023-11-24T10:25:59.009+0800] {processor.py:179} INFO - Processing /home/azfarmustafa/airflow_tutorial/.venv/lib/python3.10/site-packages/airflow/example_dags/example_complex.py took 0.072 seconds
[2023-11-24T10:26:45.693+0800] {processor.py:157} INFO - Started process (PID=58772) to work on /home/azfarmustafa/airflow_tutorial/.venv/lib/python3.10/site-packages/airflow/example_dags/example_complex.py
[2023-11-24T10:26:45.697+0800] {processor.py:829} INFO - Processing file /home/azfarmustafa/airflow_tutorial/.venv/lib/python3.10/site-packages/airflow/example_dags/example_complex.py for tasks to queue
[2023-11-24T10:26:45.698+0800] {logging_mixin.py:154} INFO - [2023-11-24T10:26:45.698+0800] {dagbag.py:536} INFO - Filling up the DagBag from /home/azfarmustafa/airflow_tutorial/.venv/lib/python3.10/site-packages/airflow/example_dags/example_complex.py
[2023-11-24T10:26:45.707+0800] {processor.py:839} INFO - DAG(s) dict_keys(['example_complex']) retrieved from /home/azfarmustafa/airflow_tutorial/.venv/lib/python3.10/site-packages/airflow/example_dags/example_complex.py
[2023-11-24T10:26:45.734+0800] {logging_mixin.py:154} INFO - [2023-11-24T10:26:45.733+0800] {dag.py:2941} INFO - Sync 1 DAGs
[2023-11-24T10:26:45.744+0800] {logging_mixin.py:154} INFO - [2023-11-24T10:26:45.744+0800] {dag.py:3722} INFO - Setting next_dagrun for example_complex to None, run_after=None
[2023-11-24T10:26:45.768+0800] {processor.py:179} INFO - Processing /home/azfarmustafa/airflow_tutorial/.venv/lib/python3.10/site-packages/airflow/example_dags/example_complex.py took 0.080 seconds
[2023-11-24T10:27:34.667+0800] {processor.py:157} INFO - Started process (PID=58821) to work on /home/azfarmustafa/airflow_tutorial/.venv/lib/python3.10/site-packages/airflow/example_dags/example_complex.py
[2023-11-24T10:27:34.668+0800] {processor.py:829} INFO - Processing file /home/azfarmustafa/airflow_tutorial/.venv/lib/python3.10/site-packages/airflow/example_dags/example_complex.py for tasks to queue
[2023-11-24T10:27:34.669+0800] {logging_mixin.py:154} INFO - [2023-11-24T10:27:34.669+0800] {dagbag.py:536} INFO - Filling up the DagBag from /home/azfarmustafa/airflow_tutorial/.venv/lib/python3.10/site-packages/airflow/example_dags/example_complex.py
[2023-11-24T10:27:34.680+0800] {processor.py:839} INFO - DAG(s) dict_keys(['example_complex']) retrieved from /home/azfarmustafa/airflow_tutorial/.venv/lib/python3.10/site-packages/airflow/example_dags/example_complex.py
[2023-11-24T10:27:34.703+0800] {logging_mixin.py:154} INFO - [2023-11-24T10:27:34.702+0800] {dag.py:2941} INFO - Sync 1 DAGs
[2023-11-24T10:27:34.713+0800] {logging_mixin.py:154} INFO - [2023-11-24T10:27:34.712+0800] {dag.py:3722} INFO - Setting next_dagrun for example_complex to None, run_after=None
[2023-11-24T10:27:34.741+0800] {processor.py:179} INFO - Processing /home/azfarmustafa/airflow_tutorial/.venv/lib/python3.10/site-packages/airflow/example_dags/example_complex.py took 0.079 seconds
[2023-11-24T10:28:19.517+0800] {processor.py:157} INFO - Started process (PID=58867) to work on /home/azfarmustafa/airflow_tutorial/.venv/lib/python3.10/site-packages/airflow/example_dags/example_complex.py
[2023-11-24T10:28:19.519+0800] {processor.py:829} INFO - Processing file /home/azfarmustafa/airflow_tutorial/.venv/lib/python3.10/site-packages/airflow/example_dags/example_complex.py for tasks to queue
[2023-11-24T10:28:19.520+0800] {logging_mixin.py:154} INFO - [2023-11-24T10:28:19.520+0800] {dagbag.py:536} INFO - Filling up the DagBag from /home/azfarmustafa/airflow_tutorial/.venv/lib/python3.10/site-packages/airflow/example_dags/example_complex.py
[2023-11-24T10:28:19.534+0800] {processor.py:839} INFO - DAG(s) dict_keys(['example_complex']) retrieved from /home/azfarmustafa/airflow_tutorial/.venv/lib/python3.10/site-packages/airflow/example_dags/example_complex.py
[2023-11-24T10:28:19.560+0800] {logging_mixin.py:154} INFO - [2023-11-24T10:28:19.560+0800] {dag.py:2941} INFO - Sync 1 DAGs
[2023-11-24T10:28:19.571+0800] {logging_mixin.py:154} INFO - [2023-11-24T10:28:19.571+0800] {dag.py:3722} INFO - Setting next_dagrun for example_complex to None, run_after=None
[2023-11-24T10:28:19.623+0800] {processor.py:179} INFO - Processing /home/azfarmustafa/airflow_tutorial/.venv/lib/python3.10/site-packages/airflow/example_dags/example_complex.py took 0.109 seconds
[2023-11-24T10:29:09.006+0800] {processor.py:157} INFO - Started process (PID=58922) to work on /home/azfarmustafa/airflow_tutorial/.venv/lib/python3.10/site-packages/airflow/example_dags/example_complex.py
[2023-11-24T10:29:09.010+0800] {processor.py:829} INFO - Processing file /home/azfarmustafa/airflow_tutorial/.venv/lib/python3.10/site-packages/airflow/example_dags/example_complex.py for tasks to queue
[2023-11-24T10:29:09.011+0800] {logging_mixin.py:154} INFO - [2023-11-24T10:29:09.011+0800] {dagbag.py:536} INFO - Filling up the DagBag from /home/azfarmustafa/airflow_tutorial/.venv/lib/python3.10/site-packages/airflow/example_dags/example_complex.py
[2023-11-24T10:29:09.024+0800] {processor.py:839} INFO - DAG(s) dict_keys(['example_complex']) retrieved from /home/azfarmustafa/airflow_tutorial/.venv/lib/python3.10/site-packages/airflow/example_dags/example_complex.py
[2023-11-24T10:29:09.047+0800] {logging_mixin.py:154} INFO - [2023-11-24T10:29:09.046+0800] {dag.py:2941} INFO - Sync 1 DAGs
[2023-11-24T10:29:09.059+0800] {logging_mixin.py:154} INFO - [2023-11-24T10:29:09.059+0800] {dag.py:3722} INFO - Setting next_dagrun for example_complex to None, run_after=None
[2023-11-24T10:29:09.085+0800] {processor.py:179} INFO - Processing /home/azfarmustafa/airflow_tutorial/.venv/lib/python3.10/site-packages/airflow/example_dags/example_complex.py took 0.083 seconds
[2023-11-24T10:29:54.561+0800] {processor.py:157} INFO - Started process (PID=58969) to work on /home/azfarmustafa/airflow_tutorial/.venv/lib/python3.10/site-packages/airflow/example_dags/example_complex.py
[2023-11-24T10:29:54.565+0800] {processor.py:829} INFO - Processing file /home/azfarmustafa/airflow_tutorial/.venv/lib/python3.10/site-packages/airflow/example_dags/example_complex.py for tasks to queue
[2023-11-24T10:29:54.566+0800] {logging_mixin.py:154} INFO - [2023-11-24T10:29:54.566+0800] {dagbag.py:536} INFO - Filling up the DagBag from /home/azfarmustafa/airflow_tutorial/.venv/lib/python3.10/site-packages/airflow/example_dags/example_complex.py
[2023-11-24T10:29:54.575+0800] {processor.py:839} INFO - DAG(s) dict_keys(['example_complex']) retrieved from /home/azfarmustafa/airflow_tutorial/.venv/lib/python3.10/site-packages/airflow/example_dags/example_complex.py
[2023-11-24T10:29:54.597+0800] {logging_mixin.py:154} INFO - [2023-11-24T10:29:54.596+0800] {dag.py:2941} INFO - Sync 1 DAGs
[2023-11-24T10:29:54.608+0800] {logging_mixin.py:154} INFO - [2023-11-24T10:29:54.608+0800] {dag.py:3722} INFO - Setting next_dagrun for example_complex to None, run_after=None
[2023-11-24T10:29:54.635+0800] {processor.py:179} INFO - Processing /home/azfarmustafa/airflow_tutorial/.venv/lib/python3.10/site-packages/airflow/example_dags/example_complex.py took 0.077 seconds
[2023-11-24T10:30:43.382+0800] {processor.py:157} INFO - Started process (PID=59020) to work on /home/azfarmustafa/airflow_tutorial/.venv/lib/python3.10/site-packages/airflow/example_dags/example_complex.py
[2023-11-24T10:30:43.386+0800] {processor.py:829} INFO - Processing file /home/azfarmustafa/airflow_tutorial/.venv/lib/python3.10/site-packages/airflow/example_dags/example_complex.py for tasks to queue
[2023-11-24T10:30:43.387+0800] {logging_mixin.py:154} INFO - [2023-11-24T10:30:43.387+0800] {dagbag.py:536} INFO - Filling up the DagBag from /home/azfarmustafa/airflow_tutorial/.venv/lib/python3.10/site-packages/airflow/example_dags/example_complex.py
[2023-11-24T10:30:43.396+0800] {processor.py:839} INFO - DAG(s) dict_keys(['example_complex']) retrieved from /home/azfarmustafa/airflow_tutorial/.venv/lib/python3.10/site-packages/airflow/example_dags/example_complex.py
[2023-11-24T10:30:43.422+0800] {logging_mixin.py:154} INFO - [2023-11-24T10:30:43.422+0800] {dag.py:2941} INFO - Sync 1 DAGs
[2023-11-24T10:30:43.434+0800] {logging_mixin.py:154} INFO - [2023-11-24T10:30:43.434+0800] {dag.py:3722} INFO - Setting next_dagrun for example_complex to None, run_after=None
[2023-11-24T10:30:43.462+0800] {processor.py:179} INFO - Processing /home/azfarmustafa/airflow_tutorial/.venv/lib/python3.10/site-packages/airflow/example_dags/example_complex.py took 0.083 seconds
[2023-11-24T10:31:31.691+0800] {processor.py:157} INFO - Started process (PID=59068) to work on /home/azfarmustafa/airflow_tutorial/.venv/lib/python3.10/site-packages/airflow/example_dags/example_complex.py
[2023-11-24T10:31:31.695+0800] {processor.py:829} INFO - Processing file /home/azfarmustafa/airflow_tutorial/.venv/lib/python3.10/site-packages/airflow/example_dags/example_complex.py for tasks to queue
[2023-11-24T10:31:31.696+0800] {logging_mixin.py:154} INFO - [2023-11-24T10:31:31.696+0800] {dagbag.py:536} INFO - Filling up the DagBag from /home/azfarmustafa/airflow_tutorial/.venv/lib/python3.10/site-packages/airflow/example_dags/example_complex.py
[2023-11-24T10:31:31.706+0800] {processor.py:839} INFO - DAG(s) dict_keys(['example_complex']) retrieved from /home/azfarmustafa/airflow_tutorial/.venv/lib/python3.10/site-packages/airflow/example_dags/example_complex.py
[2023-11-24T10:31:31.731+0800] {logging_mixin.py:154} INFO - [2023-11-24T10:31:31.731+0800] {dag.py:2941} INFO - Sync 1 DAGs
[2023-11-24T10:31:31.741+0800] {logging_mixin.py:154} INFO - [2023-11-24T10:31:31.741+0800] {dag.py:3722} INFO - Setting next_dagrun for example_complex to None, run_after=None
[2023-11-24T10:31:31.766+0800] {processor.py:179} INFO - Processing /home/azfarmustafa/airflow_tutorial/.venv/lib/python3.10/site-packages/airflow/example_dags/example_complex.py took 0.078 seconds
[2023-11-24T10:32:17.140+0800] {processor.py:157} INFO - Started process (PID=59114) to work on /home/azfarmustafa/airflow_tutorial/.venv/lib/python3.10/site-packages/airflow/example_dags/example_complex.py
[2023-11-24T10:32:17.144+0800] {processor.py:829} INFO - Processing file /home/azfarmustafa/airflow_tutorial/.venv/lib/python3.10/site-packages/airflow/example_dags/example_complex.py for tasks to queue
[2023-11-24T10:32:17.145+0800] {logging_mixin.py:154} INFO - [2023-11-24T10:32:17.145+0800] {dagbag.py:536} INFO - Filling up the DagBag from /home/azfarmustafa/airflow_tutorial/.venv/lib/python3.10/site-packages/airflow/example_dags/example_complex.py
[2023-11-24T10:32:17.155+0800] {processor.py:839} INFO - DAG(s) dict_keys(['example_complex']) retrieved from /home/azfarmustafa/airflow_tutorial/.venv/lib/python3.10/site-packages/airflow/example_dags/example_complex.py
[2023-11-24T10:32:17.179+0800] {logging_mixin.py:154} INFO - [2023-11-24T10:32:17.179+0800] {dag.py:2941} INFO - Sync 1 DAGs
[2023-11-24T10:32:17.191+0800] {logging_mixin.py:154} INFO - [2023-11-24T10:32:17.191+0800] {dag.py:3722} INFO - Setting next_dagrun for example_complex to None, run_after=None
[2023-11-24T10:32:17.214+0800] {processor.py:179} INFO - Processing /home/azfarmustafa/airflow_tutorial/.venv/lib/python3.10/site-packages/airflow/example_dags/example_complex.py took 0.076 seconds
[2023-11-24T10:33:09.285+0800] {processor.py:157} INFO - Started process (PID=59165) to work on /home/azfarmustafa/airflow_tutorial/.venv/lib/python3.10/site-packages/airflow/example_dags/example_complex.py
[2023-11-24T10:33:09.289+0800] {processor.py:829} INFO - Processing file /home/azfarmustafa/airflow_tutorial/.venv/lib/python3.10/site-packages/airflow/example_dags/example_complex.py for tasks to queue
[2023-11-24T10:33:09.291+0800] {logging_mixin.py:154} INFO - [2023-11-24T10:33:09.290+0800] {dagbag.py:536} INFO - Filling up the DagBag from /home/azfarmustafa/airflow_tutorial/.venv/lib/python3.10/site-packages/airflow/example_dags/example_complex.py
[2023-11-24T10:33:09.302+0800] {processor.py:839} INFO - DAG(s) dict_keys(['example_complex']) retrieved from /home/azfarmustafa/airflow_tutorial/.venv/lib/python3.10/site-packages/airflow/example_dags/example_complex.py
[2023-11-24T10:33:09.324+0800] {logging_mixin.py:154} INFO - [2023-11-24T10:33:09.324+0800] {dag.py:2941} INFO - Sync 1 DAGs
[2023-11-24T10:33:09.337+0800] {logging_mixin.py:154} INFO - [2023-11-24T10:33:09.337+0800] {dag.py:3722} INFO - Setting next_dagrun for example_complex to None, run_after=None
[2023-11-24T10:33:09.369+0800] {processor.py:179} INFO - Processing /home/azfarmustafa/airflow_tutorial/.venv/lib/python3.10/site-packages/airflow/example_dags/example_complex.py took 0.090 seconds
[2023-11-24T10:34:00.576+0800] {processor.py:157} INFO - Started process (PID=59215) to work on /home/azfarmustafa/airflow_tutorial/.venv/lib/python3.10/site-packages/airflow/example_dags/example_complex.py
[2023-11-24T10:34:00.580+0800] {processor.py:829} INFO - Processing file /home/azfarmustafa/airflow_tutorial/.venv/lib/python3.10/site-packages/airflow/example_dags/example_complex.py for tasks to queue
[2023-11-24T10:34:00.581+0800] {logging_mixin.py:154} INFO - [2023-11-24T10:34:00.580+0800] {dagbag.py:536} INFO - Filling up the DagBag from /home/azfarmustafa/airflow_tutorial/.venv/lib/python3.10/site-packages/airflow/example_dags/example_complex.py
[2023-11-24T10:34:00.590+0800] {processor.py:839} INFO - DAG(s) dict_keys(['example_complex']) retrieved from /home/azfarmustafa/airflow_tutorial/.venv/lib/python3.10/site-packages/airflow/example_dags/example_complex.py
[2023-11-24T10:34:00.611+0800] {logging_mixin.py:154} INFO - [2023-11-24T10:34:00.611+0800] {dag.py:2941} INFO - Sync 1 DAGs
[2023-11-24T10:34:00.621+0800] {logging_mixin.py:154} INFO - [2023-11-24T10:34:00.621+0800] {dag.py:3722} INFO - Setting next_dagrun for example_complex to None, run_after=None
[2023-11-24T10:34:00.666+0800] {processor.py:179} INFO - Processing /home/azfarmustafa/airflow_tutorial/.venv/lib/python3.10/site-packages/airflow/example_dags/example_complex.py took 0.093 seconds
[2023-11-24T10:34:47.170+0800] {processor.py:157} INFO - Started process (PID=59270) to work on /home/azfarmustafa/airflow_tutorial/.venv/lib/python3.10/site-packages/airflow/example_dags/example_complex.py
[2023-11-24T10:34:47.171+0800] {processor.py:829} INFO - Processing file /home/azfarmustafa/airflow_tutorial/.venv/lib/python3.10/site-packages/airflow/example_dags/example_complex.py for tasks to queue
[2023-11-24T10:34:47.172+0800] {logging_mixin.py:154} INFO - [2023-11-24T10:34:47.172+0800] {dagbag.py:536} INFO - Filling up the DagBag from /home/azfarmustafa/airflow_tutorial/.venv/lib/python3.10/site-packages/airflow/example_dags/example_complex.py
[2023-11-24T10:34:47.183+0800] {processor.py:839} INFO - DAG(s) dict_keys(['example_complex']) retrieved from /home/azfarmustafa/airflow_tutorial/.venv/lib/python3.10/site-packages/airflow/example_dags/example_complex.py
[2023-11-24T10:34:47.204+0800] {logging_mixin.py:154} INFO - [2023-11-24T10:34:47.204+0800] {dag.py:2941} INFO - Sync 1 DAGs
[2023-11-24T10:34:47.217+0800] {logging_mixin.py:154} INFO - [2023-11-24T10:34:47.216+0800] {dag.py:3722} INFO - Setting next_dagrun for example_complex to None, run_after=None
[2023-11-24T10:34:47.241+0800] {processor.py:179} INFO - Processing /home/azfarmustafa/airflow_tutorial/.venv/lib/python3.10/site-packages/airflow/example_dags/example_complex.py took 0.074 seconds
[2023-11-24T10:35:33.858+0800] {processor.py:157} INFO - Started process (PID=59318) to work on /home/azfarmustafa/airflow_tutorial/.venv/lib/python3.10/site-packages/airflow/example_dags/example_complex.py
[2023-11-24T10:35:33.863+0800] {processor.py:829} INFO - Processing file /home/azfarmustafa/airflow_tutorial/.venv/lib/python3.10/site-packages/airflow/example_dags/example_complex.py for tasks to queue
[2023-11-24T10:35:33.863+0800] {logging_mixin.py:154} INFO - [2023-11-24T10:35:33.863+0800] {dagbag.py:536} INFO - Filling up the DagBag from /home/azfarmustafa/airflow_tutorial/.venv/lib/python3.10/site-packages/airflow/example_dags/example_complex.py
[2023-11-24T10:35:33.872+0800] {processor.py:839} INFO - DAG(s) dict_keys(['example_complex']) retrieved from /home/azfarmustafa/airflow_tutorial/.venv/lib/python3.10/site-packages/airflow/example_dags/example_complex.py
[2023-11-24T10:35:33.897+0800] {logging_mixin.py:154} INFO - [2023-11-24T10:35:33.897+0800] {dag.py:2941} INFO - Sync 1 DAGs
[2023-11-24T10:35:33.907+0800] {logging_mixin.py:154} INFO - [2023-11-24T10:35:33.907+0800] {dag.py:3722} INFO - Setting next_dagrun for example_complex to None, run_after=None
[2023-11-24T10:35:33.934+0800] {processor.py:179} INFO - Processing /home/azfarmustafa/airflow_tutorial/.venv/lib/python3.10/site-packages/airflow/example_dags/example_complex.py took 0.080 seconds
[2023-11-24T10:36:17.960+0800] {processor.py:157} INFO - Started process (PID=59364) to work on /home/azfarmustafa/airflow_tutorial/.venv/lib/python3.10/site-packages/airflow/example_dags/example_complex.py
[2023-11-24T10:36:17.964+0800] {processor.py:829} INFO - Processing file /home/azfarmustafa/airflow_tutorial/.venv/lib/python3.10/site-packages/airflow/example_dags/example_complex.py for tasks to queue
[2023-11-24T10:36:17.965+0800] {logging_mixin.py:154} INFO - [2023-11-24T10:36:17.965+0800] {dagbag.py:536} INFO - Filling up the DagBag from /home/azfarmustafa/airflow_tutorial/.venv/lib/python3.10/site-packages/airflow/example_dags/example_complex.py
[2023-11-24T10:36:17.974+0800] {processor.py:839} INFO - DAG(s) dict_keys(['example_complex']) retrieved from /home/azfarmustafa/airflow_tutorial/.venv/lib/python3.10/site-packages/airflow/example_dags/example_complex.py
[2023-11-24T10:36:17.999+0800] {logging_mixin.py:154} INFO - [2023-11-24T10:36:17.999+0800] {dag.py:2941} INFO - Sync 1 DAGs
[2023-11-24T10:36:18.011+0800] {logging_mixin.py:154} INFO - [2023-11-24T10:36:18.011+0800] {dag.py:3722} INFO - Setting next_dagrun for example_complex to None, run_after=None
[2023-11-24T10:36:18.038+0800] {processor.py:179} INFO - Processing /home/azfarmustafa/airflow_tutorial/.venv/lib/python3.10/site-packages/airflow/example_dags/example_complex.py took 0.081 seconds
[2023-11-24T10:37:06.102+0800] {processor.py:157} INFO - Started process (PID=59414) to work on /home/azfarmustafa/airflow_tutorial/.venv/lib/python3.10/site-packages/airflow/example_dags/example_complex.py
[2023-11-24T10:37:06.115+0800] {processor.py:829} INFO - Processing file /home/azfarmustafa/airflow_tutorial/.venv/lib/python3.10/site-packages/airflow/example_dags/example_complex.py for tasks to queue
[2023-11-24T10:37:06.116+0800] {logging_mixin.py:154} INFO - [2023-11-24T10:37:06.115+0800] {dagbag.py:536} INFO - Filling up the DagBag from /home/azfarmustafa/airflow_tutorial/.venv/lib/python3.10/site-packages/airflow/example_dags/example_complex.py
[2023-11-24T10:37:06.127+0800] {processor.py:839} INFO - DAG(s) dict_keys(['example_complex']) retrieved from /home/azfarmustafa/airflow_tutorial/.venv/lib/python3.10/site-packages/airflow/example_dags/example_complex.py
[2023-11-24T10:37:06.150+0800] {logging_mixin.py:154} INFO - [2023-11-24T10:37:06.150+0800] {dag.py:2941} INFO - Sync 1 DAGs
[2023-11-24T10:37:06.161+0800] {logging_mixin.py:154} INFO - [2023-11-24T10:37:06.161+0800] {dag.py:3722} INFO - Setting next_dagrun for example_complex to None, run_after=None
[2023-11-24T10:37:06.184+0800] {processor.py:179} INFO - Processing /home/azfarmustafa/airflow_tutorial/.venv/lib/python3.10/site-packages/airflow/example_dags/example_complex.py took 0.084 seconds
[2023-11-24T10:37:51.278+0800] {processor.py:157} INFO - Started process (PID=59460) to work on /home/azfarmustafa/airflow_tutorial/.venv/lib/python3.10/site-packages/airflow/example_dags/example_complex.py
[2023-11-24T10:37:51.284+0800] {processor.py:829} INFO - Processing file /home/azfarmustafa/airflow_tutorial/.venv/lib/python3.10/site-packages/airflow/example_dags/example_complex.py for tasks to queue
[2023-11-24T10:37:51.285+0800] {logging_mixin.py:154} INFO - [2023-11-24T10:37:51.284+0800] {dagbag.py:536} INFO - Filling up the DagBag from /home/azfarmustafa/airflow_tutorial/.venv/lib/python3.10/site-packages/airflow/example_dags/example_complex.py
[2023-11-24T10:37:51.298+0800] {processor.py:839} INFO - DAG(s) dict_keys(['example_complex']) retrieved from /home/azfarmustafa/airflow_tutorial/.venv/lib/python3.10/site-packages/airflow/example_dags/example_complex.py
[2023-11-24T10:37:51.322+0800] {logging_mixin.py:154} INFO - [2023-11-24T10:37:51.322+0800] {dag.py:2941} INFO - Sync 1 DAGs
[2023-11-24T10:37:51.337+0800] {logging_mixin.py:154} INFO - [2023-11-24T10:37:51.336+0800] {dag.py:3722} INFO - Setting next_dagrun for example_complex to None, run_after=None
[2023-11-24T10:37:51.365+0800] {processor.py:179} INFO - Processing /home/azfarmustafa/airflow_tutorial/.venv/lib/python3.10/site-packages/airflow/example_dags/example_complex.py took 0.089 seconds
[2023-11-24T10:38:39.875+0800] {processor.py:157} INFO - Started process (PID=59509) to work on /home/azfarmustafa/airflow_tutorial/.venv/lib/python3.10/site-packages/airflow/example_dags/example_complex.py
[2023-11-24T10:38:39.879+0800] {processor.py:829} INFO - Processing file /home/azfarmustafa/airflow_tutorial/.venv/lib/python3.10/site-packages/airflow/example_dags/example_complex.py for tasks to queue
[2023-11-24T10:38:39.881+0800] {logging_mixin.py:154} INFO - [2023-11-24T10:38:39.880+0800] {dagbag.py:536} INFO - Filling up the DagBag from /home/azfarmustafa/airflow_tutorial/.venv/lib/python3.10/site-packages/airflow/example_dags/example_complex.py
[2023-11-24T10:38:39.892+0800] {processor.py:839} INFO - DAG(s) dict_keys(['example_complex']) retrieved from /home/azfarmustafa/airflow_tutorial/.venv/lib/python3.10/site-packages/airflow/example_dags/example_complex.py
[2023-11-24T10:38:39.920+0800] {logging_mixin.py:154} INFO - [2023-11-24T10:38:39.920+0800] {dag.py:2941} INFO - Sync 1 DAGs
[2023-11-24T10:38:39.932+0800] {logging_mixin.py:154} INFO - [2023-11-24T10:38:39.932+0800] {dag.py:3722} INFO - Setting next_dagrun for example_complex to None, run_after=None
[2023-11-24T10:38:39.962+0800] {processor.py:179} INFO - Processing /home/azfarmustafa/airflow_tutorial/.venv/lib/python3.10/site-packages/airflow/example_dags/example_complex.py took 0.090 seconds
[2023-11-24T10:39:28.718+0800] {processor.py:157} INFO - Started process (PID=59558) to work on /home/azfarmustafa/airflow_tutorial/.venv/lib/python3.10/site-packages/airflow/example_dags/example_complex.py
[2023-11-24T10:39:28.722+0800] {processor.py:829} INFO - Processing file /home/azfarmustafa/airflow_tutorial/.venv/lib/python3.10/site-packages/airflow/example_dags/example_complex.py for tasks to queue
[2023-11-24T10:39:28.723+0800] {logging_mixin.py:154} INFO - [2023-11-24T10:39:28.723+0800] {dagbag.py:536} INFO - Filling up the DagBag from /home/azfarmustafa/airflow_tutorial/.venv/lib/python3.10/site-packages/airflow/example_dags/example_complex.py
[2023-11-24T10:39:28.732+0800] {processor.py:839} INFO - DAG(s) dict_keys(['example_complex']) retrieved from /home/azfarmustafa/airflow_tutorial/.venv/lib/python3.10/site-packages/airflow/example_dags/example_complex.py
[2023-11-24T10:39:28.754+0800] {logging_mixin.py:154} INFO - [2023-11-24T10:39:28.754+0800] {dag.py:2941} INFO - Sync 1 DAGs
[2023-11-24T10:39:28.764+0800] {logging_mixin.py:154} INFO - [2023-11-24T10:39:28.764+0800] {dag.py:3722} INFO - Setting next_dagrun for example_complex to None, run_after=None
[2023-11-24T10:39:28.838+0800] {processor.py:179} INFO - Processing /home/azfarmustafa/airflow_tutorial/.venv/lib/python3.10/site-packages/airflow/example_dags/example_complex.py took 0.123 seconds
[2023-11-24T10:40:14.397+0800] {processor.py:157} INFO - Started process (PID=59603) to work on /home/azfarmustafa/airflow_tutorial/.venv/lib/python3.10/site-packages/airflow/example_dags/example_complex.py
[2023-11-24T10:40:14.402+0800] {processor.py:829} INFO - Processing file /home/azfarmustafa/airflow_tutorial/.venv/lib/python3.10/site-packages/airflow/example_dags/example_complex.py for tasks to queue
[2023-11-24T10:40:14.404+0800] {logging_mixin.py:154} INFO - [2023-11-24T10:40:14.403+0800] {dagbag.py:536} INFO - Filling up the DagBag from /home/azfarmustafa/airflow_tutorial/.venv/lib/python3.10/site-packages/airflow/example_dags/example_complex.py
[2023-11-24T10:40:14.417+0800] {processor.py:839} INFO - DAG(s) dict_keys(['example_complex']) retrieved from /home/azfarmustafa/airflow_tutorial/.venv/lib/python3.10/site-packages/airflow/example_dags/example_complex.py
[2023-11-24T10:40:14.447+0800] {logging_mixin.py:154} INFO - [2023-11-24T10:40:14.446+0800] {dag.py:2941} INFO - Sync 1 DAGs
[2023-11-24T10:40:14.459+0800] {logging_mixin.py:154} INFO - [2023-11-24T10:40:14.458+0800] {dag.py:3722} INFO - Setting next_dagrun for example_complex to None, run_after=None
[2023-11-24T10:40:14.495+0800] {processor.py:179} INFO - Processing /home/azfarmustafa/airflow_tutorial/.venv/lib/python3.10/site-packages/airflow/example_dags/example_complex.py took 0.102 seconds
[2023-11-24T10:40:58.536+0800] {processor.py:157} INFO - Started process (PID=59655) to work on /home/azfarmustafa/airflow_tutorial/.venv/lib/python3.10/site-packages/airflow/example_dags/example_complex.py
[2023-11-24T10:40:58.540+0800] {processor.py:829} INFO - Processing file /home/azfarmustafa/airflow_tutorial/.venv/lib/python3.10/site-packages/airflow/example_dags/example_complex.py for tasks to queue
[2023-11-24T10:40:58.541+0800] {logging_mixin.py:154} INFO - [2023-11-24T10:40:58.540+0800] {dagbag.py:536} INFO - Filling up the DagBag from /home/azfarmustafa/airflow_tutorial/.venv/lib/python3.10/site-packages/airflow/example_dags/example_complex.py
[2023-11-24T10:40:58.549+0800] {processor.py:839} INFO - DAG(s) dict_keys(['example_complex']) retrieved from /home/azfarmustafa/airflow_tutorial/.venv/lib/python3.10/site-packages/airflow/example_dags/example_complex.py
[2023-11-24T10:40:58.570+0800] {logging_mixin.py:154} INFO - [2023-11-24T10:40:58.570+0800] {dag.py:2941} INFO - Sync 1 DAGs
[2023-11-24T10:40:58.580+0800] {logging_mixin.py:154} INFO - [2023-11-24T10:40:58.580+0800] {dag.py:3722} INFO - Setting next_dagrun for example_complex to None, run_after=None
[2023-11-24T10:40:58.605+0800] {processor.py:179} INFO - Processing /home/azfarmustafa/airflow_tutorial/.venv/lib/python3.10/site-packages/airflow/example_dags/example_complex.py took 0.072 seconds
[2023-11-24T10:41:48.859+0800] {processor.py:157} INFO - Started process (PID=59704) to work on /home/azfarmustafa/airflow_tutorial/.venv/lib/python3.10/site-packages/airflow/example_dags/example_complex.py
[2023-11-24T10:41:48.862+0800] {processor.py:829} INFO - Processing file /home/azfarmustafa/airflow_tutorial/.venv/lib/python3.10/site-packages/airflow/example_dags/example_complex.py for tasks to queue
[2023-11-24T10:41:48.863+0800] {logging_mixin.py:154} INFO - [2023-11-24T10:41:48.863+0800] {dagbag.py:536} INFO - Filling up the DagBag from /home/azfarmustafa/airflow_tutorial/.venv/lib/python3.10/site-packages/airflow/example_dags/example_complex.py
[2023-11-24T10:41:48.872+0800] {processor.py:839} INFO - DAG(s) dict_keys(['example_complex']) retrieved from /home/azfarmustafa/airflow_tutorial/.venv/lib/python3.10/site-packages/airflow/example_dags/example_complex.py
[2023-11-24T10:41:48.893+0800] {logging_mixin.py:154} INFO - [2023-11-24T10:41:48.893+0800] {dag.py:2941} INFO - Sync 1 DAGs
[2023-11-24T10:41:48.904+0800] {logging_mixin.py:154} INFO - [2023-11-24T10:41:48.903+0800] {dag.py:3722} INFO - Setting next_dagrun for example_complex to None, run_after=None
[2023-11-24T10:41:48.928+0800] {processor.py:179} INFO - Processing /home/azfarmustafa/airflow_tutorial/.venv/lib/python3.10/site-packages/airflow/example_dags/example_complex.py took 0.072 seconds
[2023-11-24T10:42:34.307+0800] {processor.py:157} INFO - Started process (PID=59751) to work on /home/azfarmustafa/airflow_tutorial/.venv/lib/python3.10/site-packages/airflow/example_dags/example_complex.py
[2023-11-24T10:42:34.311+0800] {processor.py:829} INFO - Processing file /home/azfarmustafa/airflow_tutorial/.venv/lib/python3.10/site-packages/airflow/example_dags/example_complex.py for tasks to queue
[2023-11-24T10:42:34.312+0800] {logging_mixin.py:154} INFO - [2023-11-24T10:42:34.312+0800] {dagbag.py:536} INFO - Filling up the DagBag from /home/azfarmustafa/airflow_tutorial/.venv/lib/python3.10/site-packages/airflow/example_dags/example_complex.py
[2023-11-24T10:42:34.321+0800] {processor.py:839} INFO - DAG(s) dict_keys(['example_complex']) retrieved from /home/azfarmustafa/airflow_tutorial/.venv/lib/python3.10/site-packages/airflow/example_dags/example_complex.py
[2023-11-24T10:42:34.343+0800] {logging_mixin.py:154} INFO - [2023-11-24T10:42:34.342+0800] {dag.py:2941} INFO - Sync 1 DAGs
[2023-11-24T10:42:34.352+0800] {logging_mixin.py:154} INFO - [2023-11-24T10:42:34.352+0800] {dag.py:3722} INFO - Setting next_dagrun for example_complex to None, run_after=None
[2023-11-24T10:42:34.375+0800] {processor.py:179} INFO - Processing /home/azfarmustafa/airflow_tutorial/.venv/lib/python3.10/site-packages/airflow/example_dags/example_complex.py took 0.071 seconds
[2023-11-24T10:43:22.296+0800] {processor.py:157} INFO - Started process (PID=59800) to work on /home/azfarmustafa/airflow_tutorial/.venv/lib/python3.10/site-packages/airflow/example_dags/example_complex.py
[2023-11-24T10:43:22.300+0800] {processor.py:829} INFO - Processing file /home/azfarmustafa/airflow_tutorial/.venv/lib/python3.10/site-packages/airflow/example_dags/example_complex.py for tasks to queue
[2023-11-24T10:43:22.301+0800] {logging_mixin.py:154} INFO - [2023-11-24T10:43:22.301+0800] {dagbag.py:536} INFO - Filling up the DagBag from /home/azfarmustafa/airflow_tutorial/.venv/lib/python3.10/site-packages/airflow/example_dags/example_complex.py
[2023-11-24T10:43:22.311+0800] {processor.py:839} INFO - DAG(s) dict_keys(['example_complex']) retrieved from /home/azfarmustafa/airflow_tutorial/.venv/lib/python3.10/site-packages/airflow/example_dags/example_complex.py
[2023-11-24T10:43:22.333+0800] {logging_mixin.py:154} INFO - [2023-11-24T10:43:22.332+0800] {dag.py:2941} INFO - Sync 1 DAGs
[2023-11-24T10:43:22.344+0800] {logging_mixin.py:154} INFO - [2023-11-24T10:43:22.343+0800] {dag.py:3722} INFO - Setting next_dagrun for example_complex to None, run_after=None
[2023-11-24T10:43:22.366+0800] {processor.py:179} INFO - Processing /home/azfarmustafa/airflow_tutorial/.venv/lib/python3.10/site-packages/airflow/example_dags/example_complex.py took 0.073 seconds
[2023-11-24T10:44:08.907+0800] {processor.py:157} INFO - Started process (PID=59847) to work on /home/azfarmustafa/airflow_tutorial/.venv/lib/python3.10/site-packages/airflow/example_dags/example_complex.py
[2023-11-24T10:44:08.908+0800] {processor.py:829} INFO - Processing file /home/azfarmustafa/airflow_tutorial/.venv/lib/python3.10/site-packages/airflow/example_dags/example_complex.py for tasks to queue
[2023-11-24T10:44:08.909+0800] {logging_mixin.py:154} INFO - [2023-11-24T10:44:08.909+0800] {dagbag.py:536} INFO - Filling up the DagBag from /home/azfarmustafa/airflow_tutorial/.venv/lib/python3.10/site-packages/airflow/example_dags/example_complex.py
[2023-11-24T10:44:08.919+0800] {processor.py:839} INFO - DAG(s) dict_keys(['example_complex']) retrieved from /home/azfarmustafa/airflow_tutorial/.venv/lib/python3.10/site-packages/airflow/example_dags/example_complex.py
[2023-11-24T10:44:08.945+0800] {logging_mixin.py:154} INFO - [2023-11-24T10:44:08.945+0800] {dag.py:2941} INFO - Sync 1 DAGs
[2023-11-24T10:44:08.957+0800] {logging_mixin.py:154} INFO - [2023-11-24T10:44:08.956+0800] {dag.py:3722} INFO - Setting next_dagrun for example_complex to None, run_after=None
[2023-11-24T10:44:08.980+0800] {processor.py:179} INFO - Processing /home/azfarmustafa/airflow_tutorial/.venv/lib/python3.10/site-packages/airflow/example_dags/example_complex.py took 0.077 seconds
[2023-11-24T10:44:57.807+0800] {processor.py:157} INFO - Started process (PID=59897) to work on /home/azfarmustafa/airflow_tutorial/.venv/lib/python3.10/site-packages/airflow/example_dags/example_complex.py
[2023-11-24T10:44:57.812+0800] {processor.py:829} INFO - Processing file /home/azfarmustafa/airflow_tutorial/.venv/lib/python3.10/site-packages/airflow/example_dags/example_complex.py for tasks to queue
[2023-11-24T10:44:57.814+0800] {logging_mixin.py:154} INFO - [2023-11-24T10:44:57.813+0800] {dagbag.py:536} INFO - Filling up the DagBag from /home/azfarmustafa/airflow_tutorial/.venv/lib/python3.10/site-packages/airflow/example_dags/example_complex.py
[2023-11-24T10:44:57.823+0800] {processor.py:839} INFO - DAG(s) dict_keys(['example_complex']) retrieved from /home/azfarmustafa/airflow_tutorial/.venv/lib/python3.10/site-packages/airflow/example_dags/example_complex.py
[2023-11-24T10:44:57.848+0800] {logging_mixin.py:154} INFO - [2023-11-24T10:44:57.848+0800] {dag.py:2941} INFO - Sync 1 DAGs
[2023-11-24T10:44:57.859+0800] {logging_mixin.py:154} INFO - [2023-11-24T10:44:57.858+0800] {dag.py:3722} INFO - Setting next_dagrun for example_complex to None, run_after=None
[2023-11-24T10:44:57.886+0800] {processor.py:179} INFO - Processing /home/azfarmustafa/airflow_tutorial/.venv/lib/python3.10/site-packages/airflow/example_dags/example_complex.py took 0.081 seconds
[2023-11-24T10:45:45.850+0800] {processor.py:157} INFO - Started process (PID=59945) to work on /home/azfarmustafa/airflow_tutorial/.venv/lib/python3.10/site-packages/airflow/example_dags/example_complex.py
[2023-11-24T10:45:45.854+0800] {processor.py:829} INFO - Processing file /home/azfarmustafa/airflow_tutorial/.venv/lib/python3.10/site-packages/airflow/example_dags/example_complex.py for tasks to queue
[2023-11-24T10:45:45.856+0800] {logging_mixin.py:154} INFO - [2023-11-24T10:45:45.855+0800] {dagbag.py:536} INFO - Filling up the DagBag from /home/azfarmustafa/airflow_tutorial/.venv/lib/python3.10/site-packages/airflow/example_dags/example_complex.py
[2023-11-24T10:45:45.865+0800] {processor.py:839} INFO - DAG(s) dict_keys(['example_complex']) retrieved from /home/azfarmustafa/airflow_tutorial/.venv/lib/python3.10/site-packages/airflow/example_dags/example_complex.py
[2023-11-24T10:45:45.892+0800] {logging_mixin.py:154} INFO - [2023-11-24T10:45:45.892+0800] {dag.py:2941} INFO - Sync 1 DAGs
[2023-11-24T10:45:45.901+0800] {logging_mixin.py:154} INFO - [2023-11-24T10:45:45.901+0800] {dag.py:3722} INFO - Setting next_dagrun for example_complex to None, run_after=None
[2023-11-24T10:45:45.932+0800] {processor.py:179} INFO - Processing /home/azfarmustafa/airflow_tutorial/.venv/lib/python3.10/site-packages/airflow/example_dags/example_complex.py took 0.085 seconds
[2023-11-24T10:46:30.982+0800] {processor.py:157} INFO - Started process (PID=59992) to work on /home/azfarmustafa/airflow_tutorial/.venv/lib/python3.10/site-packages/airflow/example_dags/example_complex.py
[2023-11-24T10:46:30.986+0800] {processor.py:829} INFO - Processing file /home/azfarmustafa/airflow_tutorial/.venv/lib/python3.10/site-packages/airflow/example_dags/example_complex.py for tasks to queue
[2023-11-24T10:46:30.987+0800] {logging_mixin.py:154} INFO - [2023-11-24T10:46:30.987+0800] {dagbag.py:536} INFO - Filling up the DagBag from /home/azfarmustafa/airflow_tutorial/.venv/lib/python3.10/site-packages/airflow/example_dags/example_complex.py
[2023-11-24T10:46:30.999+0800] {processor.py:839} INFO - DAG(s) dict_keys(['example_complex']) retrieved from /home/azfarmustafa/airflow_tutorial/.venv/lib/python3.10/site-packages/airflow/example_dags/example_complex.py
[2023-11-24T10:46:31.026+0800] {logging_mixin.py:154} INFO - [2023-11-24T10:46:31.025+0800] {dag.py:2941} INFO - Sync 1 DAGs
[2023-11-24T10:46:31.038+0800] {logging_mixin.py:154} INFO - [2023-11-24T10:46:31.038+0800] {dag.py:3722} INFO - Setting next_dagrun for example_complex to None, run_after=None
[2023-11-24T10:46:31.063+0800] {processor.py:179} INFO - Processing /home/azfarmustafa/airflow_tutorial/.venv/lib/python3.10/site-packages/airflow/example_dags/example_complex.py took 0.083 seconds
[2023-11-24T10:47:17.213+0800] {processor.py:157} INFO - Started process (PID=60045) to work on /home/azfarmustafa/airflow_tutorial/.venv/lib/python3.10/site-packages/airflow/example_dags/example_complex.py
[2023-11-24T10:47:17.218+0800] {processor.py:829} INFO - Processing file /home/azfarmustafa/airflow_tutorial/.venv/lib/python3.10/site-packages/airflow/example_dags/example_complex.py for tasks to queue
[2023-11-24T10:47:17.218+0800] {logging_mixin.py:154} INFO - [2023-11-24T10:47:17.218+0800] {dagbag.py:536} INFO - Filling up the DagBag from /home/azfarmustafa/airflow_tutorial/.venv/lib/python3.10/site-packages/airflow/example_dags/example_complex.py
[2023-11-24T10:47:17.227+0800] {processor.py:839} INFO - DAG(s) dict_keys(['example_complex']) retrieved from /home/azfarmustafa/airflow_tutorial/.venv/lib/python3.10/site-packages/airflow/example_dags/example_complex.py
[2023-11-24T10:47:17.252+0800] {logging_mixin.py:154} INFO - [2023-11-24T10:47:17.252+0800] {dag.py:2941} INFO - Sync 1 DAGs
[2023-11-24T10:47:17.262+0800] {logging_mixin.py:154} INFO - [2023-11-24T10:47:17.262+0800] {dag.py:3722} INFO - Setting next_dagrun for example_complex to None, run_after=None
[2023-11-24T10:47:17.289+0800] {processor.py:179} INFO - Processing /home/azfarmustafa/airflow_tutorial/.venv/lib/python3.10/site-packages/airflow/example_dags/example_complex.py took 0.078 seconds
[2023-11-24T10:48:06.206+0800] {processor.py:157} INFO - Started process (PID=60095) to work on /home/azfarmustafa/airflow_tutorial/.venv/lib/python3.10/site-packages/airflow/example_dags/example_complex.py
[2023-11-24T10:48:06.210+0800] {processor.py:829} INFO - Processing file /home/azfarmustafa/airflow_tutorial/.venv/lib/python3.10/site-packages/airflow/example_dags/example_complex.py for tasks to queue
[2023-11-24T10:48:06.211+0800] {logging_mixin.py:154} INFO - [2023-11-24T10:48:06.211+0800] {dagbag.py:536} INFO - Filling up the DagBag from /home/azfarmustafa/airflow_tutorial/.venv/lib/python3.10/site-packages/airflow/example_dags/example_complex.py
[2023-11-24T10:48:06.220+0800] {processor.py:839} INFO - DAG(s) dict_keys(['example_complex']) retrieved from /home/azfarmustafa/airflow_tutorial/.venv/lib/python3.10/site-packages/airflow/example_dags/example_complex.py
[2023-11-24T10:48:06.241+0800] {logging_mixin.py:154} INFO - [2023-11-24T10:48:06.241+0800] {dag.py:2941} INFO - Sync 1 DAGs
[2023-11-24T10:48:06.252+0800] {logging_mixin.py:154} INFO - [2023-11-24T10:48:06.252+0800] {dag.py:3722} INFO - Setting next_dagrun for example_complex to None, run_after=None
[2023-11-24T10:48:06.275+0800] {processor.py:179} INFO - Processing /home/azfarmustafa/airflow_tutorial/.venv/lib/python3.10/site-packages/airflow/example_dags/example_complex.py took 0.072 seconds
[2023-11-24T10:48:52.821+0800] {processor.py:157} INFO - Started process (PID=60142) to work on /home/azfarmustafa/airflow_tutorial/.venv/lib/python3.10/site-packages/airflow/example_dags/example_complex.py
[2023-11-24T10:48:52.826+0800] {processor.py:829} INFO - Processing file /home/azfarmustafa/airflow_tutorial/.venv/lib/python3.10/site-packages/airflow/example_dags/example_complex.py for tasks to queue
[2023-11-24T10:48:52.827+0800] {logging_mixin.py:154} INFO - [2023-11-24T10:48:52.826+0800] {dagbag.py:536} INFO - Filling up the DagBag from /home/azfarmustafa/airflow_tutorial/.venv/lib/python3.10/site-packages/airflow/example_dags/example_complex.py
[2023-11-24T10:48:52.838+0800] {processor.py:839} INFO - DAG(s) dict_keys(['example_complex']) retrieved from /home/azfarmustafa/airflow_tutorial/.venv/lib/python3.10/site-packages/airflow/example_dags/example_complex.py
[2023-11-24T10:48:52.862+0800] {logging_mixin.py:154} INFO - [2023-11-24T10:48:52.862+0800] {dag.py:2941} INFO - Sync 1 DAGs
[2023-11-24T10:48:52.876+0800] {logging_mixin.py:154} INFO - [2023-11-24T10:48:52.876+0800] {dag.py:3722} INFO - Setting next_dagrun for example_complex to None, run_after=None
[2023-11-24T10:48:52.905+0800] {processor.py:179} INFO - Processing /home/azfarmustafa/airflow_tutorial/.venv/lib/python3.10/site-packages/airflow/example_dags/example_complex.py took 0.087 seconds
[2023-11-24T10:49:42.262+0800] {processor.py:157} INFO - Started process (PID=60192) to work on /home/azfarmustafa/airflow_tutorial/.venv/lib/python3.10/site-packages/airflow/example_dags/example_complex.py
[2023-11-24T10:49:42.266+0800] {processor.py:829} INFO - Processing file /home/azfarmustafa/airflow_tutorial/.venv/lib/python3.10/site-packages/airflow/example_dags/example_complex.py for tasks to queue
[2023-11-24T10:49:42.267+0800] {logging_mixin.py:154} INFO - [2023-11-24T10:49:42.267+0800] {dagbag.py:536} INFO - Filling up the DagBag from /home/azfarmustafa/airflow_tutorial/.venv/lib/python3.10/site-packages/airflow/example_dags/example_complex.py
[2023-11-24T10:49:42.278+0800] {processor.py:839} INFO - DAG(s) dict_keys(['example_complex']) retrieved from /home/azfarmustafa/airflow_tutorial/.venv/lib/python3.10/site-packages/airflow/example_dags/example_complex.py
[2023-11-24T10:49:42.299+0800] {logging_mixin.py:154} INFO - [2023-11-24T10:49:42.299+0800] {dag.py:2941} INFO - Sync 1 DAGs
[2023-11-24T10:49:42.309+0800] {logging_mixin.py:154} INFO - [2023-11-24T10:49:42.309+0800] {dag.py:3722} INFO - Setting next_dagrun for example_complex to None, run_after=None
[2023-11-24T10:49:42.333+0800] {processor.py:179} INFO - Processing /home/azfarmustafa/airflow_tutorial/.venv/lib/python3.10/site-packages/airflow/example_dags/example_complex.py took 0.073 seconds
[2023-11-24T10:50:27.351+0800] {processor.py:157} INFO - Started process (PID=60239) to work on /home/azfarmustafa/airflow_tutorial/.venv/lib/python3.10/site-packages/airflow/example_dags/example_complex.py
[2023-11-24T10:50:27.352+0800] {processor.py:829} INFO - Processing file /home/azfarmustafa/airflow_tutorial/.venv/lib/python3.10/site-packages/airflow/example_dags/example_complex.py for tasks to queue
[2023-11-24T10:50:27.353+0800] {logging_mixin.py:154} INFO - [2023-11-24T10:50:27.353+0800] {dagbag.py:536} INFO - Filling up the DagBag from /home/azfarmustafa/airflow_tutorial/.venv/lib/python3.10/site-packages/airflow/example_dags/example_complex.py
[2023-11-24T10:50:27.362+0800] {processor.py:839} INFO - DAG(s) dict_keys(['example_complex']) retrieved from /home/azfarmustafa/airflow_tutorial/.venv/lib/python3.10/site-packages/airflow/example_dags/example_complex.py
[2023-11-24T10:50:27.389+0800] {logging_mixin.py:154} INFO - [2023-11-24T10:50:27.389+0800] {dag.py:2941} INFO - Sync 1 DAGs
[2023-11-24T10:50:27.400+0800] {logging_mixin.py:154} INFO - [2023-11-24T10:50:27.399+0800] {dag.py:3722} INFO - Setting next_dagrun for example_complex to None, run_after=None
[2023-11-24T10:50:27.429+0800] {processor.py:179} INFO - Processing /home/azfarmustafa/airflow_tutorial/.venv/lib/python3.10/site-packages/airflow/example_dags/example_complex.py took 0.082 seconds
[2023-11-24T10:51:14.283+0800] {processor.py:157} INFO - Started process (PID=60287) to work on /home/azfarmustafa/airflow_tutorial/.venv/lib/python3.10/site-packages/airflow/example_dags/example_complex.py
[2023-11-24T10:51:14.285+0800] {processor.py:829} INFO - Processing file /home/azfarmustafa/airflow_tutorial/.venv/lib/python3.10/site-packages/airflow/example_dags/example_complex.py for tasks to queue
[2023-11-24T10:51:14.286+0800] {logging_mixin.py:154} INFO - [2023-11-24T10:51:14.286+0800] {dagbag.py:536} INFO - Filling up the DagBag from /home/azfarmustafa/airflow_tutorial/.venv/lib/python3.10/site-packages/airflow/example_dags/example_complex.py
[2023-11-24T10:51:14.297+0800] {processor.py:839} INFO - DAG(s) dict_keys(['example_complex']) retrieved from /home/azfarmustafa/airflow_tutorial/.venv/lib/python3.10/site-packages/airflow/example_dags/example_complex.py
[2023-11-24T10:51:14.320+0800] {logging_mixin.py:154} INFO - [2023-11-24T10:51:14.320+0800] {dag.py:2941} INFO - Sync 1 DAGs
[2023-11-24T10:51:14.331+0800] {logging_mixin.py:154} INFO - [2023-11-24T10:51:14.331+0800] {dag.py:3722} INFO - Setting next_dagrun for example_complex to None, run_after=None
[2023-11-24T10:51:14.357+0800] {processor.py:179} INFO - Processing /home/azfarmustafa/airflow_tutorial/.venv/lib/python3.10/site-packages/airflow/example_dags/example_complex.py took 0.077 seconds
[2023-11-24T10:52:01.194+0800] {processor.py:157} INFO - Started process (PID=60335) to work on /home/azfarmustafa/airflow_tutorial/.venv/lib/python3.10/site-packages/airflow/example_dags/example_complex.py
[2023-11-24T10:52:01.198+0800] {processor.py:829} INFO - Processing file /home/azfarmustafa/airflow_tutorial/.venv/lib/python3.10/site-packages/airflow/example_dags/example_complex.py for tasks to queue
[2023-11-24T10:52:01.199+0800] {logging_mixin.py:154} INFO - [2023-11-24T10:52:01.199+0800] {dagbag.py:536} INFO - Filling up the DagBag from /home/azfarmustafa/airflow_tutorial/.venv/lib/python3.10/site-packages/airflow/example_dags/example_complex.py
[2023-11-24T10:52:01.208+0800] {processor.py:839} INFO - DAG(s) dict_keys(['example_complex']) retrieved from /home/azfarmustafa/airflow_tutorial/.venv/lib/python3.10/site-packages/airflow/example_dags/example_complex.py
[2023-11-24T10:52:01.230+0800] {logging_mixin.py:154} INFO - [2023-11-24T10:52:01.229+0800] {dag.py:2941} INFO - Sync 1 DAGs
[2023-11-24T10:52:01.240+0800] {logging_mixin.py:154} INFO - [2023-11-24T10:52:01.240+0800] {dag.py:3722} INFO - Setting next_dagrun for example_complex to None, run_after=None
[2023-11-24T10:52:01.263+0800] {processor.py:179} INFO - Processing /home/azfarmustafa/airflow_tutorial/.venv/lib/python3.10/site-packages/airflow/example_dags/example_complex.py took 0.072 seconds
[2023-11-24T10:52:50.875+0800] {processor.py:157} INFO - Started process (PID=60384) to work on /home/azfarmustafa/airflow_tutorial/.venv/lib/python3.10/site-packages/airflow/example_dags/example_complex.py
[2023-11-24T10:52:50.879+0800] {processor.py:829} INFO - Processing file /home/azfarmustafa/airflow_tutorial/.venv/lib/python3.10/site-packages/airflow/example_dags/example_complex.py for tasks to queue
[2023-11-24T10:52:50.880+0800] {logging_mixin.py:154} INFO - [2023-11-24T10:52:50.880+0800] {dagbag.py:536} INFO - Filling up the DagBag from /home/azfarmustafa/airflow_tutorial/.venv/lib/python3.10/site-packages/airflow/example_dags/example_complex.py
[2023-11-24T10:52:50.892+0800] {processor.py:839} INFO - DAG(s) dict_keys(['example_complex']) retrieved from /home/azfarmustafa/airflow_tutorial/.venv/lib/python3.10/site-packages/airflow/example_dags/example_complex.py
[2023-11-24T10:52:50.920+0800] {logging_mixin.py:154} INFO - [2023-11-24T10:52:50.919+0800] {dag.py:2941} INFO - Sync 1 DAGs
[2023-11-24T10:52:50.934+0800] {logging_mixin.py:154} INFO - [2023-11-24T10:52:50.934+0800] {dag.py:3722} INFO - Setting next_dagrun for example_complex to None, run_after=None
[2023-11-24T10:52:50.962+0800] {processor.py:179} INFO - Processing /home/azfarmustafa/airflow_tutorial/.venv/lib/python3.10/site-packages/airflow/example_dags/example_complex.py took 0.091 seconds
[2023-11-24T10:53:37.694+0800] {processor.py:157} INFO - Started process (PID=60438) to work on /home/azfarmustafa/airflow_tutorial/.venv/lib/python3.10/site-packages/airflow/example_dags/example_complex.py
[2023-11-24T10:53:37.696+0800] {processor.py:829} INFO - Processing file /home/azfarmustafa/airflow_tutorial/.venv/lib/python3.10/site-packages/airflow/example_dags/example_complex.py for tasks to queue
[2023-11-24T10:53:37.697+0800] {logging_mixin.py:154} INFO - [2023-11-24T10:53:37.696+0800] {dagbag.py:536} INFO - Filling up the DagBag from /home/azfarmustafa/airflow_tutorial/.venv/lib/python3.10/site-packages/airflow/example_dags/example_complex.py
[2023-11-24T10:53:37.708+0800] {processor.py:839} INFO - DAG(s) dict_keys(['example_complex']) retrieved from /home/azfarmustafa/airflow_tutorial/.venv/lib/python3.10/site-packages/airflow/example_dags/example_complex.py
[2023-11-24T10:53:37.733+0800] {logging_mixin.py:154} INFO - [2023-11-24T10:53:37.732+0800] {dag.py:2941} INFO - Sync 1 DAGs
[2023-11-24T10:53:37.742+0800] {logging_mixin.py:154} INFO - [2023-11-24T10:53:37.742+0800] {dag.py:3722} INFO - Setting next_dagrun for example_complex to None, run_after=None
[2023-11-24T10:53:37.768+0800] {processor.py:179} INFO - Processing /home/azfarmustafa/airflow_tutorial/.venv/lib/python3.10/site-packages/airflow/example_dags/example_complex.py took 0.077 seconds
[2023-11-24T10:54:26.879+0800] {processor.py:157} INFO - Started process (PID=60487) to work on /home/azfarmustafa/airflow_tutorial/.venv/lib/python3.10/site-packages/airflow/example_dags/example_complex.py
[2023-11-24T10:54:26.880+0800] {processor.py:829} INFO - Processing file /home/azfarmustafa/airflow_tutorial/.venv/lib/python3.10/site-packages/airflow/example_dags/example_complex.py for tasks to queue
[2023-11-24T10:54:26.881+0800] {logging_mixin.py:154} INFO - [2023-11-24T10:54:26.881+0800] {dagbag.py:536} INFO - Filling up the DagBag from /home/azfarmustafa/airflow_tutorial/.venv/lib/python3.10/site-packages/airflow/example_dags/example_complex.py
[2023-11-24T10:54:26.890+0800] {processor.py:839} INFO - DAG(s) dict_keys(['example_complex']) retrieved from /home/azfarmustafa/airflow_tutorial/.venv/lib/python3.10/site-packages/airflow/example_dags/example_complex.py
[2023-11-24T10:54:26.917+0800] {logging_mixin.py:154} INFO - [2023-11-24T10:54:26.917+0800] {dag.py:2941} INFO - Sync 1 DAGs
[2023-11-24T10:54:26.929+0800] {logging_mixin.py:154} INFO - [2023-11-24T10:54:26.929+0800] {dag.py:3722} INFO - Setting next_dagrun for example_complex to None, run_after=None
[2023-11-24T10:54:26.967+0800] {processor.py:179} INFO - Processing /home/azfarmustafa/airflow_tutorial/.venv/lib/python3.10/site-packages/airflow/example_dags/example_complex.py took 0.092 seconds
[2023-11-24T10:55:13.343+0800] {processor.py:157} INFO - Started process (PID=60535) to work on /home/azfarmustafa/airflow_tutorial/.venv/lib/python3.10/site-packages/airflow/example_dags/example_complex.py
[2023-11-24T10:55:13.347+0800] {processor.py:829} INFO - Processing file /home/azfarmustafa/airflow_tutorial/.venv/lib/python3.10/site-packages/airflow/example_dags/example_complex.py for tasks to queue
[2023-11-24T10:55:13.348+0800] {logging_mixin.py:154} INFO - [2023-11-24T10:55:13.348+0800] {dagbag.py:536} INFO - Filling up the DagBag from /home/azfarmustafa/airflow_tutorial/.venv/lib/python3.10/site-packages/airflow/example_dags/example_complex.py
[2023-11-24T10:55:13.357+0800] {processor.py:839} INFO - DAG(s) dict_keys(['example_complex']) retrieved from /home/azfarmustafa/airflow_tutorial/.venv/lib/python3.10/site-packages/airflow/example_dags/example_complex.py
[2023-11-24T10:55:13.378+0800] {logging_mixin.py:154} INFO - [2023-11-24T10:55:13.378+0800] {dag.py:2941} INFO - Sync 1 DAGs
[2023-11-24T10:55:13.388+0800] {logging_mixin.py:154} INFO - [2023-11-24T10:55:13.388+0800] {dag.py:3722} INFO - Setting next_dagrun for example_complex to None, run_after=None
[2023-11-24T10:55:13.410+0800] {processor.py:179} INFO - Processing /home/azfarmustafa/airflow_tutorial/.venv/lib/python3.10/site-packages/airflow/example_dags/example_complex.py took 0.069 seconds
[2023-11-24T10:55:59.204+0800] {processor.py:157} INFO - Started process (PID=60580) to work on /home/azfarmustafa/airflow_tutorial/.venv/lib/python3.10/site-packages/airflow/example_dags/example_complex.py
[2023-11-24T10:55:59.208+0800] {processor.py:829} INFO - Processing file /home/azfarmustafa/airflow_tutorial/.venv/lib/python3.10/site-packages/airflow/example_dags/example_complex.py for tasks to queue
[2023-11-24T10:55:59.209+0800] {logging_mixin.py:154} INFO - [2023-11-24T10:55:59.209+0800] {dagbag.py:536} INFO - Filling up the DagBag from /home/azfarmustafa/airflow_tutorial/.venv/lib/python3.10/site-packages/airflow/example_dags/example_complex.py
[2023-11-24T10:55:59.218+0800] {processor.py:839} INFO - DAG(s) dict_keys(['example_complex']) retrieved from /home/azfarmustafa/airflow_tutorial/.venv/lib/python3.10/site-packages/airflow/example_dags/example_complex.py
[2023-11-24T10:55:59.243+0800] {logging_mixin.py:154} INFO - [2023-11-24T10:55:59.243+0800] {dag.py:2941} INFO - Sync 1 DAGs
[2023-11-24T10:55:59.253+0800] {logging_mixin.py:154} INFO - [2023-11-24T10:55:59.252+0800] {dag.py:3722} INFO - Setting next_dagrun for example_complex to None, run_after=None
[2023-11-24T10:55:59.278+0800] {processor.py:179} INFO - Processing /home/azfarmustafa/airflow_tutorial/.venv/lib/python3.10/site-packages/airflow/example_dags/example_complex.py took 0.077 seconds
[2023-11-24T10:56:42.051+0800] {processor.py:157} INFO - Started process (PID=60626) to work on /home/azfarmustafa/airflow_tutorial/.venv/lib/python3.10/site-packages/airflow/example_dags/example_complex.py
[2023-11-24T10:56:42.053+0800] {processor.py:829} INFO - Processing file /home/azfarmustafa/airflow_tutorial/.venv/lib/python3.10/site-packages/airflow/example_dags/example_complex.py for tasks to queue
[2023-11-24T10:56:42.053+0800] {logging_mixin.py:154} INFO - [2023-11-24T10:56:42.053+0800] {dagbag.py:536} INFO - Filling up the DagBag from /home/azfarmustafa/airflow_tutorial/.venv/lib/python3.10/site-packages/airflow/example_dags/example_complex.py
[2023-11-24T10:56:42.062+0800] {processor.py:839} INFO - DAG(s) dict_keys(['example_complex']) retrieved from /home/azfarmustafa/airflow_tutorial/.venv/lib/python3.10/site-packages/airflow/example_dags/example_complex.py
[2023-11-24T10:56:42.084+0800] {logging_mixin.py:154} INFO - [2023-11-24T10:56:42.084+0800] {dag.py:2941} INFO - Sync 1 DAGs
[2023-11-24T10:56:42.094+0800] {logging_mixin.py:154} INFO - [2023-11-24T10:56:42.094+0800] {dag.py:3722} INFO - Setting next_dagrun for example_complex to None, run_after=None
[2023-11-24T10:56:42.117+0800] {processor.py:179} INFO - Processing /home/azfarmustafa/airflow_tutorial/.venv/lib/python3.10/site-packages/airflow/example_dags/example_complex.py took 0.068 seconds
[2023-11-24T10:57:27.213+0800] {processor.py:157} INFO - Started process (PID=60672) to work on /home/azfarmustafa/airflow_tutorial/.venv/lib/python3.10/site-packages/airflow/example_dags/example_complex.py
[2023-11-24T10:57:27.217+0800] {processor.py:829} INFO - Processing file /home/azfarmustafa/airflow_tutorial/.venv/lib/python3.10/site-packages/airflow/example_dags/example_complex.py for tasks to queue
[2023-11-24T10:57:27.218+0800] {logging_mixin.py:154} INFO - [2023-11-24T10:57:27.218+0800] {dagbag.py:536} INFO - Filling up the DagBag from /home/azfarmustafa/airflow_tutorial/.venv/lib/python3.10/site-packages/airflow/example_dags/example_complex.py
[2023-11-24T10:57:27.229+0800] {processor.py:839} INFO - DAG(s) dict_keys(['example_complex']) retrieved from /home/azfarmustafa/airflow_tutorial/.venv/lib/python3.10/site-packages/airflow/example_dags/example_complex.py
[2023-11-24T10:57:27.252+0800] {logging_mixin.py:154} INFO - [2023-11-24T10:57:27.251+0800] {dag.py:2941} INFO - Sync 1 DAGs
[2023-11-24T10:57:27.263+0800] {logging_mixin.py:154} INFO - [2023-11-24T10:57:27.263+0800] {dag.py:3722} INFO - Setting next_dagrun for example_complex to None, run_after=None
[2023-11-24T10:57:27.287+0800] {processor.py:179} INFO - Processing /home/azfarmustafa/airflow_tutorial/.venv/lib/python3.10/site-packages/airflow/example_dags/example_complex.py took 0.078 seconds
[2023-11-24T10:58:09.841+0800] {processor.py:157} INFO - Started process (PID=60716) to work on /home/azfarmustafa/airflow_tutorial/.venv/lib/python3.10/site-packages/airflow/example_dags/example_complex.py
[2023-11-24T10:58:09.845+0800] {processor.py:829} INFO - Processing file /home/azfarmustafa/airflow_tutorial/.venv/lib/python3.10/site-packages/airflow/example_dags/example_complex.py for tasks to queue
[2023-11-24T10:58:09.846+0800] {logging_mixin.py:154} INFO - [2023-11-24T10:58:09.845+0800] {dagbag.py:536} INFO - Filling up the DagBag from /home/azfarmustafa/airflow_tutorial/.venv/lib/python3.10/site-packages/airflow/example_dags/example_complex.py
[2023-11-24T10:58:09.857+0800] {processor.py:839} INFO - DAG(s) dict_keys(['example_complex']) retrieved from /home/azfarmustafa/airflow_tutorial/.venv/lib/python3.10/site-packages/airflow/example_dags/example_complex.py
[2023-11-24T10:58:09.881+0800] {logging_mixin.py:154} INFO - [2023-11-24T10:58:09.881+0800] {dag.py:2941} INFO - Sync 1 DAGs
[2023-11-24T10:58:09.893+0800] {logging_mixin.py:154} INFO - [2023-11-24T10:58:09.893+0800] {dag.py:3722} INFO - Setting next_dagrun for example_complex to None, run_after=None
[2023-11-24T10:58:09.920+0800] {processor.py:179} INFO - Processing /home/azfarmustafa/airflow_tutorial/.venv/lib/python3.10/site-packages/airflow/example_dags/example_complex.py took 0.083 seconds
[2023-11-24T10:58:56.334+0800] {processor.py:157} INFO - Started process (PID=60764) to work on /home/azfarmustafa/airflow_tutorial/.venv/lib/python3.10/site-packages/airflow/example_dags/example_complex.py
[2023-11-24T10:58:56.338+0800] {processor.py:829} INFO - Processing file /home/azfarmustafa/airflow_tutorial/.venv/lib/python3.10/site-packages/airflow/example_dags/example_complex.py for tasks to queue
[2023-11-24T10:58:56.339+0800] {logging_mixin.py:154} INFO - [2023-11-24T10:58:56.338+0800] {dagbag.py:536} INFO - Filling up the DagBag from /home/azfarmustafa/airflow_tutorial/.venv/lib/python3.10/site-packages/airflow/example_dags/example_complex.py
[2023-11-24T10:58:56.348+0800] {processor.py:839} INFO - DAG(s) dict_keys(['example_complex']) retrieved from /home/azfarmustafa/airflow_tutorial/.venv/lib/python3.10/site-packages/airflow/example_dags/example_complex.py
[2023-11-24T10:58:56.374+0800] {logging_mixin.py:154} INFO - [2023-11-24T10:58:56.374+0800] {dag.py:2941} INFO - Sync 1 DAGs
[2023-11-24T10:58:56.386+0800] {logging_mixin.py:154} INFO - [2023-11-24T10:58:56.386+0800] {dag.py:3722} INFO - Setting next_dagrun for example_complex to None, run_after=None
[2023-11-24T10:58:56.409+0800] {processor.py:179} INFO - Processing /home/azfarmustafa/airflow_tutorial/.venv/lib/python3.10/site-packages/airflow/example_dags/example_complex.py took 0.079 seconds
[2023-11-24T10:59:43.858+0800] {processor.py:157} INFO - Started process (PID=60818) to work on /home/azfarmustafa/airflow_tutorial/.venv/lib/python3.10/site-packages/airflow/example_dags/example_complex.py
[2023-11-24T10:59:43.862+0800] {processor.py:829} INFO - Processing file /home/azfarmustafa/airflow_tutorial/.venv/lib/python3.10/site-packages/airflow/example_dags/example_complex.py for tasks to queue
[2023-11-24T10:59:43.863+0800] {logging_mixin.py:154} INFO - [2023-11-24T10:59:43.862+0800] {dagbag.py:536} INFO - Filling up the DagBag from /home/azfarmustafa/airflow_tutorial/.venv/lib/python3.10/site-packages/airflow/example_dags/example_complex.py
[2023-11-24T10:59:43.872+0800] {processor.py:839} INFO - DAG(s) dict_keys(['example_complex']) retrieved from /home/azfarmustafa/airflow_tutorial/.venv/lib/python3.10/site-packages/airflow/example_dags/example_complex.py
[2023-11-24T10:59:43.894+0800] {logging_mixin.py:154} INFO - [2023-11-24T10:59:43.893+0800] {dag.py:2941} INFO - Sync 1 DAGs
[2023-11-24T10:59:43.904+0800] {logging_mixin.py:154} INFO - [2023-11-24T10:59:43.904+0800] {dag.py:3722} INFO - Setting next_dagrun for example_complex to None, run_after=None
[2023-11-24T10:59:43.929+0800] {processor.py:179} INFO - Processing /home/azfarmustafa/airflow_tutorial/.venv/lib/python3.10/site-packages/airflow/example_dags/example_complex.py took 0.073 seconds
[2023-11-24T11:00:27.407+0800] {processor.py:157} INFO - Started process (PID=60864) to work on /home/azfarmustafa/airflow_tutorial/.venv/lib/python3.10/site-packages/airflow/example_dags/example_complex.py
[2023-11-24T11:00:27.408+0800] {processor.py:829} INFO - Processing file /home/azfarmustafa/airflow_tutorial/.venv/lib/python3.10/site-packages/airflow/example_dags/example_complex.py for tasks to queue
[2023-11-24T11:00:27.409+0800] {logging_mixin.py:154} INFO - [2023-11-24T11:00:27.409+0800] {dagbag.py:536} INFO - Filling up the DagBag from /home/azfarmustafa/airflow_tutorial/.venv/lib/python3.10/site-packages/airflow/example_dags/example_complex.py
[2023-11-24T11:00:27.418+0800] {processor.py:839} INFO - DAG(s) dict_keys(['example_complex']) retrieved from /home/azfarmustafa/airflow_tutorial/.venv/lib/python3.10/site-packages/airflow/example_dags/example_complex.py
[2023-11-24T11:00:27.444+0800] {logging_mixin.py:154} INFO - [2023-11-24T11:00:27.443+0800] {dag.py:2941} INFO - Sync 1 DAGs
[2023-11-24T11:00:27.454+0800] {logging_mixin.py:154} INFO - [2023-11-24T11:00:27.454+0800] {dag.py:3722} INFO - Setting next_dagrun for example_complex to None, run_after=None
[2023-11-24T11:00:27.483+0800] {processor.py:179} INFO - Processing /home/azfarmustafa/airflow_tutorial/.venv/lib/python3.10/site-packages/airflow/example_dags/example_complex.py took 0.080 seconds
[2023-11-24T11:01:11.755+0800] {processor.py:157} INFO - Started process (PID=60910) to work on /home/azfarmustafa/airflow_tutorial/.venv/lib/python3.10/site-packages/airflow/example_dags/example_complex.py
[2023-11-24T11:01:11.759+0800] {processor.py:829} INFO - Processing file /home/azfarmustafa/airflow_tutorial/.venv/lib/python3.10/site-packages/airflow/example_dags/example_complex.py for tasks to queue
[2023-11-24T11:01:11.760+0800] {logging_mixin.py:154} INFO - [2023-11-24T11:01:11.760+0800] {dagbag.py:536} INFO - Filling up the DagBag from /home/azfarmustafa/airflow_tutorial/.venv/lib/python3.10/site-packages/airflow/example_dags/example_complex.py
[2023-11-24T11:01:11.771+0800] {processor.py:839} INFO - DAG(s) dict_keys(['example_complex']) retrieved from /home/azfarmustafa/airflow_tutorial/.venv/lib/python3.10/site-packages/airflow/example_dags/example_complex.py
[2023-11-24T11:01:11.796+0800] {logging_mixin.py:154} INFO - [2023-11-24T11:01:11.796+0800] {dag.py:2941} INFO - Sync 1 DAGs
[2023-11-24T11:01:11.806+0800] {logging_mixin.py:154} INFO - [2023-11-24T11:01:11.806+0800] {dag.py:3722} INFO - Setting next_dagrun for example_complex to None, run_after=None
[2023-11-24T11:01:11.831+0800] {processor.py:179} INFO - Processing /home/azfarmustafa/airflow_tutorial/.venv/lib/python3.10/site-packages/airflow/example_dags/example_complex.py took 0.080 seconds
[2023-11-24T11:01:58.211+0800] {processor.py:157} INFO - Started process (PID=60957) to work on /home/azfarmustafa/airflow_tutorial/.venv/lib/python3.10/site-packages/airflow/example_dags/example_complex.py
[2023-11-24T11:01:58.215+0800] {processor.py:829} INFO - Processing file /home/azfarmustafa/airflow_tutorial/.venv/lib/python3.10/site-packages/airflow/example_dags/example_complex.py for tasks to queue
[2023-11-24T11:01:58.216+0800] {logging_mixin.py:154} INFO - [2023-11-24T11:01:58.215+0800] {dagbag.py:536} INFO - Filling up the DagBag from /home/azfarmustafa/airflow_tutorial/.venv/lib/python3.10/site-packages/airflow/example_dags/example_complex.py
[2023-11-24T11:01:58.225+0800] {processor.py:839} INFO - DAG(s) dict_keys(['example_complex']) retrieved from /home/azfarmustafa/airflow_tutorial/.venv/lib/python3.10/site-packages/airflow/example_dags/example_complex.py
[2023-11-24T11:01:58.250+0800] {logging_mixin.py:154} INFO - [2023-11-24T11:01:58.250+0800] {dag.py:2941} INFO - Sync 1 DAGs
[2023-11-24T11:01:58.260+0800] {logging_mixin.py:154} INFO - [2023-11-24T11:01:58.260+0800] {dag.py:3722} INFO - Setting next_dagrun for example_complex to None, run_after=None
[2023-11-24T11:01:58.290+0800] {processor.py:179} INFO - Processing /home/azfarmustafa/airflow_tutorial/.venv/lib/python3.10/site-packages/airflow/example_dags/example_complex.py took 0.081 seconds
[2023-11-24T11:02:42.543+0800] {processor.py:157} INFO - Started process (PID=61003) to work on /home/azfarmustafa/airflow_tutorial/.venv/lib/python3.10/site-packages/airflow/example_dags/example_complex.py
[2023-11-24T11:02:42.544+0800] {processor.py:829} INFO - Processing file /home/azfarmustafa/airflow_tutorial/.venv/lib/python3.10/site-packages/airflow/example_dags/example_complex.py for tasks to queue
[2023-11-24T11:02:42.545+0800] {logging_mixin.py:154} INFO - [2023-11-24T11:02:42.545+0800] {dagbag.py:536} INFO - Filling up the DagBag from /home/azfarmustafa/airflow_tutorial/.venv/lib/python3.10/site-packages/airflow/example_dags/example_complex.py
[2023-11-24T11:02:42.556+0800] {processor.py:839} INFO - DAG(s) dict_keys(['example_complex']) retrieved from /home/azfarmustafa/airflow_tutorial/.venv/lib/python3.10/site-packages/airflow/example_dags/example_complex.py
[2023-11-24T11:02:42.583+0800] {logging_mixin.py:154} INFO - [2023-11-24T11:02:42.583+0800] {dag.py:2941} INFO - Sync 1 DAGs
[2023-11-24T11:02:42.596+0800] {logging_mixin.py:154} INFO - [2023-11-24T11:02:42.595+0800] {dag.py:3722} INFO - Setting next_dagrun for example_complex to None, run_after=None
[2023-11-24T11:02:42.621+0800] {processor.py:179} INFO - Processing /home/azfarmustafa/airflow_tutorial/.venv/lib/python3.10/site-packages/airflow/example_dags/example_complex.py took 0.081 seconds
[2023-11-24T11:03:30.329+0800] {processor.py:157} INFO - Started process (PID=61054) to work on /home/azfarmustafa/airflow_tutorial/.venv/lib/python3.10/site-packages/airflow/example_dags/example_complex.py
[2023-11-24T11:03:30.332+0800] {processor.py:829} INFO - Processing file /home/azfarmustafa/airflow_tutorial/.venv/lib/python3.10/site-packages/airflow/example_dags/example_complex.py for tasks to queue
[2023-11-24T11:03:30.334+0800] {logging_mixin.py:154} INFO - [2023-11-24T11:03:30.333+0800] {dagbag.py:536} INFO - Filling up the DagBag from /home/azfarmustafa/airflow_tutorial/.venv/lib/python3.10/site-packages/airflow/example_dags/example_complex.py
[2023-11-24T11:03:30.346+0800] {processor.py:839} INFO - DAG(s) dict_keys(['example_complex']) retrieved from /home/azfarmustafa/airflow_tutorial/.venv/lib/python3.10/site-packages/airflow/example_dags/example_complex.py
[2023-11-24T11:03:30.373+0800] {logging_mixin.py:154} INFO - [2023-11-24T11:03:30.373+0800] {dag.py:2941} INFO - Sync 1 DAGs
[2023-11-24T11:03:30.388+0800] {logging_mixin.py:154} INFO - [2023-11-24T11:03:30.387+0800] {dag.py:3722} INFO - Setting next_dagrun for example_complex to None, run_after=None
[2023-11-24T11:03:30.417+0800] {processor.py:179} INFO - Processing /home/azfarmustafa/airflow_tutorial/.venv/lib/python3.10/site-packages/airflow/example_dags/example_complex.py took 0.091 seconds
[2023-11-24T11:04:15.642+0800] {processor.py:157} INFO - Started process (PID=61103) to work on /home/azfarmustafa/airflow_tutorial/.venv/lib/python3.10/site-packages/airflow/example_dags/example_complex.py
[2023-11-24T11:04:15.644+0800] {processor.py:829} INFO - Processing file /home/azfarmustafa/airflow_tutorial/.venv/lib/python3.10/site-packages/airflow/example_dags/example_complex.py for tasks to queue
[2023-11-24T11:04:15.645+0800] {logging_mixin.py:154} INFO - [2023-11-24T11:04:15.645+0800] {dagbag.py:536} INFO - Filling up the DagBag from /home/azfarmustafa/airflow_tutorial/.venv/lib/python3.10/site-packages/airflow/example_dags/example_complex.py
[2023-11-24T11:04:15.660+0800] {processor.py:839} INFO - DAG(s) dict_keys(['example_complex']) retrieved from /home/azfarmustafa/airflow_tutorial/.venv/lib/python3.10/site-packages/airflow/example_dags/example_complex.py
[2023-11-24T11:04:15.691+0800] {logging_mixin.py:154} INFO - [2023-11-24T11:04:15.691+0800] {dag.py:2941} INFO - Sync 1 DAGs
[2023-11-24T11:04:15.705+0800] {logging_mixin.py:154} INFO - [2023-11-24T11:04:15.705+0800] {dag.py:3722} INFO - Setting next_dagrun for example_complex to None, run_after=None
[2023-11-24T11:04:15.735+0800] {processor.py:179} INFO - Processing /home/azfarmustafa/airflow_tutorial/.venv/lib/python3.10/site-packages/airflow/example_dags/example_complex.py took 0.096 seconds
