[2023-11-24T10:25:39.332+0800] {processor.py:157} INFO - Started process (PID=58696) to work on /home/azfarmustafa/airflow_tutorial/.venv/lib/python3.10/site-packages/airflow/example_dags/tutorial_taskflow_api.py
[2023-11-24T10:25:39.334+0800] {processor.py:829} INFO - Processing file /home/azfarmustafa/airflow_tutorial/.venv/lib/python3.10/site-packages/airflow/example_dags/tutorial_taskflow_api.py for tasks to queue
[2023-11-24T10:25:39.335+0800] {logging_mixin.py:154} INFO - [2023-11-24T10:25:39.335+0800] {dagbag.py:536} INFO - Filling up the DagBag from /home/azfarmustafa/airflow_tutorial/.venv/lib/python3.10/site-packages/airflow/example_dags/tutorial_taskflow_api.py
[2023-11-24T10:25:39.346+0800] {processor.py:839} INFO - DAG(s) dict_keys(['tutorial_taskflow_api']) retrieved from /home/azfarmustafa/airflow_tutorial/.venv/lib/python3.10/site-packages/airflow/example_dags/tutorial_taskflow_api.py
[2023-11-24T10:25:39.363+0800] {logging_mixin.py:154} INFO - [2023-11-24T10:25:39.363+0800] {dag.py:2941} INFO - Sync 1 DAGs
[2023-11-24T10:25:39.376+0800] {logging_mixin.py:154} INFO - [2023-11-24T10:25:39.376+0800] {dag.py:3722} INFO - Setting next_dagrun for tutorial_taskflow_api to None, run_after=None
[2023-11-24T10:25:39.405+0800] {processor.py:179} INFO - Processing /home/azfarmustafa/airflow_tutorial/.venv/lib/python3.10/site-packages/airflow/example_dags/tutorial_taskflow_api.py took 0.078 seconds
[2023-11-24T10:26:26.831+0800] {processor.py:157} INFO - Started process (PID=58746) to work on /home/azfarmustafa/airflow_tutorial/.venv/lib/python3.10/site-packages/airflow/example_dags/tutorial_taskflow_api.py
[2023-11-24T10:26:26.833+0800] {processor.py:829} INFO - Processing file /home/azfarmustafa/airflow_tutorial/.venv/lib/python3.10/site-packages/airflow/example_dags/tutorial_taskflow_api.py for tasks to queue
[2023-11-24T10:26:26.834+0800] {logging_mixin.py:154} INFO - [2023-11-24T10:26:26.833+0800] {dagbag.py:536} INFO - Filling up the DagBag from /home/azfarmustafa/airflow_tutorial/.venv/lib/python3.10/site-packages/airflow/example_dags/tutorial_taskflow_api.py
[2023-11-24T10:26:26.840+0800] {processor.py:839} INFO - DAG(s) dict_keys(['tutorial_taskflow_api']) retrieved from /home/azfarmustafa/airflow_tutorial/.venv/lib/python3.10/site-packages/airflow/example_dags/tutorial_taskflow_api.py
[2023-11-24T10:26:26.856+0800] {logging_mixin.py:154} INFO - [2023-11-24T10:26:26.856+0800] {dag.py:2941} INFO - Sync 1 DAGs
[2023-11-24T10:26:26.883+0800] {logging_mixin.py:154} INFO - [2023-11-24T10:26:26.883+0800] {dag.py:3722} INFO - Setting next_dagrun for tutorial_taskflow_api to None, run_after=None
[2023-11-24T10:26:26.912+0800] {processor.py:179} INFO - Processing /home/azfarmustafa/airflow_tutorial/.venv/lib/python3.10/site-packages/airflow/example_dags/tutorial_taskflow_api.py took 0.085 seconds
[2023-11-24T10:27:12.659+0800] {processor.py:157} INFO - Started process (PID=58799) to work on /home/azfarmustafa/airflow_tutorial/.venv/lib/python3.10/site-packages/airflow/example_dags/tutorial_taskflow_api.py
[2023-11-24T10:27:12.664+0800] {processor.py:829} INFO - Processing file /home/azfarmustafa/airflow_tutorial/.venv/lib/python3.10/site-packages/airflow/example_dags/tutorial_taskflow_api.py for tasks to queue
[2023-11-24T10:27:12.665+0800] {logging_mixin.py:154} INFO - [2023-11-24T10:27:12.664+0800] {dagbag.py:536} INFO - Filling up the DagBag from /home/azfarmustafa/airflow_tutorial/.venv/lib/python3.10/site-packages/airflow/example_dags/tutorial_taskflow_api.py
[2023-11-24T10:27:12.670+0800] {processor.py:839} INFO - DAG(s) dict_keys(['tutorial_taskflow_api']) retrieved from /home/azfarmustafa/airflow_tutorial/.venv/lib/python3.10/site-packages/airflow/example_dags/tutorial_taskflow_api.py
[2023-11-24T10:27:12.683+0800] {logging_mixin.py:154} INFO - [2023-11-24T10:27:12.683+0800] {dag.py:2941} INFO - Sync 1 DAGs
[2023-11-24T10:27:12.693+0800] {logging_mixin.py:154} INFO - [2023-11-24T10:27:12.693+0800] {dag.py:3722} INFO - Setting next_dagrun for tutorial_taskflow_api to None, run_after=None
[2023-11-24T10:27:12.717+0800] {processor.py:179} INFO - Processing /home/azfarmustafa/airflow_tutorial/.venv/lib/python3.10/site-packages/airflow/example_dags/tutorial_taskflow_api.py took 0.062 seconds
[2023-11-24T10:27:58.536+0800] {processor.py:157} INFO - Started process (PID=58846) to work on /home/azfarmustafa/airflow_tutorial/.venv/lib/python3.10/site-packages/airflow/example_dags/tutorial_taskflow_api.py
[2023-11-24T10:27:58.537+0800] {processor.py:829} INFO - Processing file /home/azfarmustafa/airflow_tutorial/.venv/lib/python3.10/site-packages/airflow/example_dags/tutorial_taskflow_api.py for tasks to queue
[2023-11-24T10:27:58.538+0800] {logging_mixin.py:154} INFO - [2023-11-24T10:27:58.538+0800] {dagbag.py:536} INFO - Filling up the DagBag from /home/azfarmustafa/airflow_tutorial/.venv/lib/python3.10/site-packages/airflow/example_dags/tutorial_taskflow_api.py
[2023-11-24T10:27:58.543+0800] {processor.py:839} INFO - DAG(s) dict_keys(['tutorial_taskflow_api']) retrieved from /home/azfarmustafa/airflow_tutorial/.venv/lib/python3.10/site-packages/airflow/example_dags/tutorial_taskflow_api.py
[2023-11-24T10:27:58.558+0800] {logging_mixin.py:154} INFO - [2023-11-24T10:27:58.558+0800] {dag.py:2941} INFO - Sync 1 DAGs
[2023-11-24T10:27:58.571+0800] {logging_mixin.py:154} INFO - [2023-11-24T10:27:58.570+0800] {dag.py:3722} INFO - Setting next_dagrun for tutorial_taskflow_api to None, run_after=None
[2023-11-24T10:27:58.594+0800] {processor.py:179} INFO - Processing /home/azfarmustafa/airflow_tutorial/.venv/lib/python3.10/site-packages/airflow/example_dags/tutorial_taskflow_api.py took 0.061 seconds
[2023-11-24T10:28:47.347+0800] {processor.py:157} INFO - Started process (PID=58900) to work on /home/azfarmustafa/airflow_tutorial/.venv/lib/python3.10/site-packages/airflow/example_dags/tutorial_taskflow_api.py
[2023-11-24T10:28:47.349+0800] {processor.py:829} INFO - Processing file /home/azfarmustafa/airflow_tutorial/.venv/lib/python3.10/site-packages/airflow/example_dags/tutorial_taskflow_api.py for tasks to queue
[2023-11-24T10:28:47.349+0800] {logging_mixin.py:154} INFO - [2023-11-24T10:28:47.349+0800] {dagbag.py:536} INFO - Filling up the DagBag from /home/azfarmustafa/airflow_tutorial/.venv/lib/python3.10/site-packages/airflow/example_dags/tutorial_taskflow_api.py
[2023-11-24T10:28:47.356+0800] {processor.py:839} INFO - DAG(s) dict_keys(['tutorial_taskflow_api']) retrieved from /home/azfarmustafa/airflow_tutorial/.venv/lib/python3.10/site-packages/airflow/example_dags/tutorial_taskflow_api.py
[2023-11-24T10:28:47.368+0800] {logging_mixin.py:154} INFO - [2023-11-24T10:28:47.368+0800] {dag.py:2941} INFO - Sync 1 DAGs
[2023-11-24T10:28:47.378+0800] {logging_mixin.py:154} INFO - [2023-11-24T10:28:47.378+0800] {dag.py:3722} INFO - Setting next_dagrun for tutorial_taskflow_api to None, run_after=None
[2023-11-24T10:28:47.401+0800] {processor.py:179} INFO - Processing /home/azfarmustafa/airflow_tutorial/.venv/lib/python3.10/site-packages/airflow/example_dags/tutorial_taskflow_api.py took 0.057 seconds
[2023-11-24T10:29:34.164+0800] {processor.py:157} INFO - Started process (PID=58948) to work on /home/azfarmustafa/airflow_tutorial/.venv/lib/python3.10/site-packages/airflow/example_dags/tutorial_taskflow_api.py
[2023-11-24T10:29:34.166+0800] {processor.py:829} INFO - Processing file /home/azfarmustafa/airflow_tutorial/.venv/lib/python3.10/site-packages/airflow/example_dags/tutorial_taskflow_api.py for tasks to queue
[2023-11-24T10:29:34.167+0800] {logging_mixin.py:154} INFO - [2023-11-24T10:29:34.167+0800] {dagbag.py:536} INFO - Filling up the DagBag from /home/azfarmustafa/airflow_tutorial/.venv/lib/python3.10/site-packages/airflow/example_dags/tutorial_taskflow_api.py
[2023-11-24T10:29:34.173+0800] {processor.py:839} INFO - DAG(s) dict_keys(['tutorial_taskflow_api']) retrieved from /home/azfarmustafa/airflow_tutorial/.venv/lib/python3.10/site-packages/airflow/example_dags/tutorial_taskflow_api.py
[2023-11-24T10:29:34.188+0800] {logging_mixin.py:154} INFO - [2023-11-24T10:29:34.188+0800] {dag.py:2941} INFO - Sync 1 DAGs
[2023-11-24T10:29:34.199+0800] {logging_mixin.py:154} INFO - [2023-11-24T10:29:34.198+0800] {dag.py:3722} INFO - Setting next_dagrun for tutorial_taskflow_api to None, run_after=None
[2023-11-24T10:29:34.224+0800] {processor.py:179} INFO - Processing /home/azfarmustafa/airflow_tutorial/.venv/lib/python3.10/site-packages/airflow/example_dags/tutorial_taskflow_api.py took 0.063 seconds
[2023-11-24T10:30:21.596+0800] {processor.py:157} INFO - Started process (PID=58997) to work on /home/azfarmustafa/airflow_tutorial/.venv/lib/python3.10/site-packages/airflow/example_dags/tutorial_taskflow_api.py
[2023-11-24T10:30:21.598+0800] {processor.py:829} INFO - Processing file /home/azfarmustafa/airflow_tutorial/.venv/lib/python3.10/site-packages/airflow/example_dags/tutorial_taskflow_api.py for tasks to queue
[2023-11-24T10:30:21.598+0800] {logging_mixin.py:154} INFO - [2023-11-24T10:30:21.598+0800] {dagbag.py:536} INFO - Filling up the DagBag from /home/azfarmustafa/airflow_tutorial/.venv/lib/python3.10/site-packages/airflow/example_dags/tutorial_taskflow_api.py
[2023-11-24T10:30:21.604+0800] {processor.py:839} INFO - DAG(s) dict_keys(['tutorial_taskflow_api']) retrieved from /home/azfarmustafa/airflow_tutorial/.venv/lib/python3.10/site-packages/airflow/example_dags/tutorial_taskflow_api.py
[2023-11-24T10:30:21.618+0800] {logging_mixin.py:154} INFO - [2023-11-24T10:30:21.618+0800] {dag.py:2941} INFO - Sync 1 DAGs
[2023-11-24T10:30:21.629+0800] {logging_mixin.py:154} INFO - [2023-11-24T10:30:21.629+0800] {dag.py:3722} INFO - Setting next_dagrun for tutorial_taskflow_api to None, run_after=None
[2023-11-24T10:30:21.659+0800] {processor.py:179} INFO - Processing /home/azfarmustafa/airflow_tutorial/.venv/lib/python3.10/site-packages/airflow/example_dags/tutorial_taskflow_api.py took 0.066 seconds
[2023-11-24T10:31:09.312+0800] {processor.py:157} INFO - Started process (PID=59045) to work on /home/azfarmustafa/airflow_tutorial/.venv/lib/python3.10/site-packages/airflow/example_dags/tutorial_taskflow_api.py
[2023-11-24T10:31:09.316+0800] {processor.py:829} INFO - Processing file /home/azfarmustafa/airflow_tutorial/.venv/lib/python3.10/site-packages/airflow/example_dags/tutorial_taskflow_api.py for tasks to queue
[2023-11-24T10:31:09.318+0800] {logging_mixin.py:154} INFO - [2023-11-24T10:31:09.317+0800] {dagbag.py:536} INFO - Filling up the DagBag from /home/azfarmustafa/airflow_tutorial/.venv/lib/python3.10/site-packages/airflow/example_dags/tutorial_taskflow_api.py
[2023-11-24T10:31:09.327+0800] {processor.py:839} INFO - DAG(s) dict_keys(['tutorial_taskflow_api']) retrieved from /home/azfarmustafa/airflow_tutorial/.venv/lib/python3.10/site-packages/airflow/example_dags/tutorial_taskflow_api.py
[2023-11-24T10:31:09.347+0800] {logging_mixin.py:154} INFO - [2023-11-24T10:31:09.347+0800] {dag.py:2941} INFO - Sync 1 DAGs
[2023-11-24T10:31:09.359+0800] {logging_mixin.py:154} INFO - [2023-11-24T10:31:09.359+0800] {dag.py:3722} INFO - Setting next_dagrun for tutorial_taskflow_api to None, run_after=None
[2023-11-24T10:31:09.391+0800] {processor.py:179} INFO - Processing /home/azfarmustafa/airflow_tutorial/.venv/lib/python3.10/site-packages/airflow/example_dags/tutorial_taskflow_api.py took 0.082 seconds
[2023-11-24T10:31:53.954+0800] {processor.py:157} INFO - Started process (PID=59091) to work on /home/azfarmustafa/airflow_tutorial/.venv/lib/python3.10/site-packages/airflow/example_dags/tutorial_taskflow_api.py
[2023-11-24T10:31:53.955+0800] {processor.py:829} INFO - Processing file /home/azfarmustafa/airflow_tutorial/.venv/lib/python3.10/site-packages/airflow/example_dags/tutorial_taskflow_api.py for tasks to queue
[2023-11-24T10:31:53.956+0800] {logging_mixin.py:154} INFO - [2023-11-24T10:31:53.955+0800] {dagbag.py:536} INFO - Filling up the DagBag from /home/azfarmustafa/airflow_tutorial/.venv/lib/python3.10/site-packages/airflow/example_dags/tutorial_taskflow_api.py
[2023-11-24T10:31:53.961+0800] {processor.py:839} INFO - DAG(s) dict_keys(['tutorial_taskflow_api']) retrieved from /home/azfarmustafa/airflow_tutorial/.venv/lib/python3.10/site-packages/airflow/example_dags/tutorial_taskflow_api.py
[2023-11-24T10:31:53.977+0800] {logging_mixin.py:154} INFO - [2023-11-24T10:31:53.977+0800] {dag.py:2941} INFO - Sync 1 DAGs
[2023-11-24T10:31:53.995+0800] {logging_mixin.py:154} INFO - [2023-11-24T10:31:53.995+0800] {dag.py:3722} INFO - Setting next_dagrun for tutorial_taskflow_api to None, run_after=None
[2023-11-24T10:31:54.019+0800] {processor.py:179} INFO - Processing /home/azfarmustafa/airflow_tutorial/.venv/lib/python3.10/site-packages/airflow/example_dags/tutorial_taskflow_api.py took 0.068 seconds
[2023-11-24T10:32:44.729+0800] {processor.py:157} INFO - Started process (PID=59141) to work on /home/azfarmustafa/airflow_tutorial/.venv/lib/python3.10/site-packages/airflow/example_dags/tutorial_taskflow_api.py
[2023-11-24T10:32:44.733+0800] {processor.py:829} INFO - Processing file /home/azfarmustafa/airflow_tutorial/.venv/lib/python3.10/site-packages/airflow/example_dags/tutorial_taskflow_api.py for tasks to queue
[2023-11-24T10:32:44.734+0800] {logging_mixin.py:154} INFO - [2023-11-24T10:32:44.733+0800] {dagbag.py:536} INFO - Filling up the DagBag from /home/azfarmustafa/airflow_tutorial/.venv/lib/python3.10/site-packages/airflow/example_dags/tutorial_taskflow_api.py
[2023-11-24T10:32:44.742+0800] {processor.py:839} INFO - DAG(s) dict_keys(['tutorial_taskflow_api']) retrieved from /home/azfarmustafa/airflow_tutorial/.venv/lib/python3.10/site-packages/airflow/example_dags/tutorial_taskflow_api.py
[2023-11-24T10:32:44.757+0800] {logging_mixin.py:154} INFO - [2023-11-24T10:32:44.757+0800] {dag.py:2941} INFO - Sync 1 DAGs
[2023-11-24T10:32:44.768+0800] {logging_mixin.py:154} INFO - [2023-11-24T10:32:44.768+0800] {dag.py:3722} INFO - Setting next_dagrun for tutorial_taskflow_api to None, run_after=None
[2023-11-24T10:32:44.793+0800] {processor.py:179} INFO - Processing /home/azfarmustafa/airflow_tutorial/.venv/lib/python3.10/site-packages/airflow/example_dags/tutorial_taskflow_api.py took 0.067 seconds
[2023-11-24T10:33:35.456+0800] {processor.py:157} INFO - Started process (PID=59191) to work on /home/azfarmustafa/airflow_tutorial/.venv/lib/python3.10/site-packages/airflow/example_dags/tutorial_taskflow_api.py
[2023-11-24T10:33:35.460+0800] {processor.py:829} INFO - Processing file /home/azfarmustafa/airflow_tutorial/.venv/lib/python3.10/site-packages/airflow/example_dags/tutorial_taskflow_api.py for tasks to queue
[2023-11-24T10:33:35.460+0800] {logging_mixin.py:154} INFO - [2023-11-24T10:33:35.460+0800] {dagbag.py:536} INFO - Filling up the DagBag from /home/azfarmustafa/airflow_tutorial/.venv/lib/python3.10/site-packages/airflow/example_dags/tutorial_taskflow_api.py
[2023-11-24T10:33:35.467+0800] {processor.py:839} INFO - DAG(s) dict_keys(['tutorial_taskflow_api']) retrieved from /home/azfarmustafa/airflow_tutorial/.venv/lib/python3.10/site-packages/airflow/example_dags/tutorial_taskflow_api.py
[2023-11-24T10:33:35.484+0800] {logging_mixin.py:154} INFO - [2023-11-24T10:33:35.484+0800] {dag.py:2941} INFO - Sync 1 DAGs
[2023-11-24T10:33:35.495+0800] {logging_mixin.py:154} INFO - [2023-11-24T10:33:35.494+0800] {dag.py:3722} INFO - Setting next_dagrun for tutorial_taskflow_api to None, run_after=None
[2023-11-24T10:33:35.517+0800] {processor.py:179} INFO - Processing /home/azfarmustafa/airflow_tutorial/.venv/lib/python3.10/site-packages/airflow/example_dags/tutorial_taskflow_api.py took 0.064 seconds
[2023-11-24T10:34:26.444+0800] {processor.py:157} INFO - Started process (PID=59242) to work on /home/azfarmustafa/airflow_tutorial/.venv/lib/python3.10/site-packages/airflow/example_dags/tutorial_taskflow_api.py
[2023-11-24T10:34:26.449+0800] {processor.py:829} INFO - Processing file /home/azfarmustafa/airflow_tutorial/.venv/lib/python3.10/site-packages/airflow/example_dags/tutorial_taskflow_api.py for tasks to queue
[2023-11-24T10:34:26.450+0800] {logging_mixin.py:154} INFO - [2023-11-24T10:34:26.450+0800] {dagbag.py:536} INFO - Filling up the DagBag from /home/azfarmustafa/airflow_tutorial/.venv/lib/python3.10/site-packages/airflow/example_dags/tutorial_taskflow_api.py
[2023-11-24T10:34:26.457+0800] {processor.py:839} INFO - DAG(s) dict_keys(['tutorial_taskflow_api']) retrieved from /home/azfarmustafa/airflow_tutorial/.venv/lib/python3.10/site-packages/airflow/example_dags/tutorial_taskflow_api.py
[2023-11-24T10:34:26.471+0800] {logging_mixin.py:154} INFO - [2023-11-24T10:34:26.471+0800] {dag.py:2941} INFO - Sync 1 DAGs
[2023-11-24T10:34:26.481+0800] {logging_mixin.py:154} INFO - [2023-11-24T10:34:26.481+0800] {dag.py:3722} INFO - Setting next_dagrun for tutorial_taskflow_api to None, run_after=None
[2023-11-24T10:34:26.510+0800] {processor.py:179} INFO - Processing /home/azfarmustafa/airflow_tutorial/.venv/lib/python3.10/site-packages/airflow/example_dags/tutorial_taskflow_api.py took 0.069 seconds
[2023-11-24T10:35:11.047+0800] {processor.py:157} INFO - Started process (PID=59293) to work on /home/azfarmustafa/airflow_tutorial/.venv/lib/python3.10/site-packages/airflow/example_dags/tutorial_taskflow_api.py
[2023-11-24T10:35:11.049+0800] {processor.py:829} INFO - Processing file /home/azfarmustafa/airflow_tutorial/.venv/lib/python3.10/site-packages/airflow/example_dags/tutorial_taskflow_api.py for tasks to queue
[2023-11-24T10:35:11.049+0800] {logging_mixin.py:154} INFO - [2023-11-24T10:35:11.049+0800] {dagbag.py:536} INFO - Filling up the DagBag from /home/azfarmustafa/airflow_tutorial/.venv/lib/python3.10/site-packages/airflow/example_dags/tutorial_taskflow_api.py
[2023-11-24T10:35:11.055+0800] {processor.py:839} INFO - DAG(s) dict_keys(['tutorial_taskflow_api']) retrieved from /home/azfarmustafa/airflow_tutorial/.venv/lib/python3.10/site-packages/airflow/example_dags/tutorial_taskflow_api.py
[2023-11-24T10:35:11.069+0800] {logging_mixin.py:154} INFO - [2023-11-24T10:35:11.068+0800] {dag.py:2941} INFO - Sync 1 DAGs
[2023-11-24T10:35:11.080+0800] {logging_mixin.py:154} INFO - [2023-11-24T10:35:11.080+0800] {dag.py:3722} INFO - Setting next_dagrun for tutorial_taskflow_api to None, run_after=None
[2023-11-24T10:35:11.103+0800] {processor.py:179} INFO - Processing /home/azfarmustafa/airflow_tutorial/.venv/lib/python3.10/site-packages/airflow/example_dags/tutorial_taskflow_api.py took 0.058 seconds
[2023-11-24T10:35:53.881+0800] {processor.py:157} INFO - Started process (PID=59339) to work on /home/azfarmustafa/airflow_tutorial/.venv/lib/python3.10/site-packages/airflow/example_dags/tutorial_taskflow_api.py
[2023-11-24T10:35:53.882+0800] {processor.py:829} INFO - Processing file /home/azfarmustafa/airflow_tutorial/.venv/lib/python3.10/site-packages/airflow/example_dags/tutorial_taskflow_api.py for tasks to queue
[2023-11-24T10:35:53.883+0800] {logging_mixin.py:154} INFO - [2023-11-24T10:35:53.883+0800] {dagbag.py:536} INFO - Filling up the DagBag from /home/azfarmustafa/airflow_tutorial/.venv/lib/python3.10/site-packages/airflow/example_dags/tutorial_taskflow_api.py
[2023-11-24T10:35:53.888+0800] {processor.py:839} INFO - DAG(s) dict_keys(['tutorial_taskflow_api']) retrieved from /home/azfarmustafa/airflow_tutorial/.venv/lib/python3.10/site-packages/airflow/example_dags/tutorial_taskflow_api.py
[2023-11-24T10:35:53.902+0800] {logging_mixin.py:154} INFO - [2023-11-24T10:35:53.901+0800] {dag.py:2941} INFO - Sync 1 DAGs
[2023-11-24T10:35:53.912+0800] {logging_mixin.py:154} INFO - [2023-11-24T10:35:53.912+0800] {dag.py:3722} INFO - Setting next_dagrun for tutorial_taskflow_api to None, run_after=None
[2023-11-24T10:35:53.938+0800] {processor.py:179} INFO - Processing /home/azfarmustafa/airflow_tutorial/.venv/lib/python3.10/site-packages/airflow/example_dags/tutorial_taskflow_api.py took 0.061 seconds
[2023-11-24T10:36:33.939+0800] {processor.py:157} INFO - Started process (PID=59382) to work on /home/azfarmustafa/airflow_tutorial/.venv/lib/python3.10/site-packages/airflow/example_dags/tutorial_taskflow_api.py
[2023-11-24T10:36:33.944+0800] {processor.py:829} INFO - Processing file /home/azfarmustafa/airflow_tutorial/.venv/lib/python3.10/site-packages/airflow/example_dags/tutorial_taskflow_api.py for tasks to queue
[2023-11-24T10:36:33.945+0800] {logging_mixin.py:154} INFO - [2023-11-24T10:36:33.945+0800] {dagbag.py:536} INFO - Filling up the DagBag from /home/azfarmustafa/airflow_tutorial/.venv/lib/python3.10/site-packages/airflow/example_dags/tutorial_taskflow_api.py
[2023-11-24T10:36:33.950+0800] {processor.py:839} INFO - DAG(s) dict_keys(['tutorial_taskflow_api']) retrieved from /home/azfarmustafa/airflow_tutorial/.venv/lib/python3.10/site-packages/airflow/example_dags/tutorial_taskflow_api.py
[2023-11-24T10:36:33.965+0800] {logging_mixin.py:154} INFO - [2023-11-24T10:36:33.965+0800] {dag.py:2941} INFO - Sync 1 DAGs
[2023-11-24T10:36:33.977+0800] {logging_mixin.py:154} INFO - [2023-11-24T10:36:33.977+0800] {dag.py:3722} INFO - Setting next_dagrun for tutorial_taskflow_api to None, run_after=None
[2023-11-24T10:36:34.005+0800] {processor.py:179} INFO - Processing /home/azfarmustafa/airflow_tutorial/.venv/lib/python3.10/site-packages/airflow/example_dags/tutorial_taskflow_api.py took 0.069 seconds
[2023-11-24T10:37:21.570+0800] {processor.py:157} INFO - Started process (PID=59430) to work on /home/azfarmustafa/airflow_tutorial/.venv/lib/python3.10/site-packages/airflow/example_dags/tutorial_taskflow_api.py
[2023-11-24T10:37:21.575+0800] {processor.py:829} INFO - Processing file /home/azfarmustafa/airflow_tutorial/.venv/lib/python3.10/site-packages/airflow/example_dags/tutorial_taskflow_api.py for tasks to queue
[2023-11-24T10:37:21.576+0800] {logging_mixin.py:154} INFO - [2023-11-24T10:37:21.575+0800] {dagbag.py:536} INFO - Filling up the DagBag from /home/azfarmustafa/airflow_tutorial/.venv/lib/python3.10/site-packages/airflow/example_dags/tutorial_taskflow_api.py
[2023-11-24T10:37:21.586+0800] {processor.py:839} INFO - DAG(s) dict_keys(['tutorial_taskflow_api']) retrieved from /home/azfarmustafa/airflow_tutorial/.venv/lib/python3.10/site-packages/airflow/example_dags/tutorial_taskflow_api.py
[2023-11-24T10:37:21.608+0800] {logging_mixin.py:154} INFO - [2023-11-24T10:37:21.607+0800] {dag.py:2941} INFO - Sync 1 DAGs
[2023-11-24T10:37:21.622+0800] {logging_mixin.py:154} INFO - [2023-11-24T10:37:21.622+0800] {dag.py:3722} INFO - Setting next_dagrun for tutorial_taskflow_api to None, run_after=None
[2023-11-24T10:37:21.652+0800] {processor.py:179} INFO - Processing /home/azfarmustafa/airflow_tutorial/.venv/lib/python3.10/site-packages/airflow/example_dags/tutorial_taskflow_api.py took 0.088 seconds
[2023-11-24T10:38:07.896+0800] {processor.py:157} INFO - Started process (PID=59477) to work on /home/azfarmustafa/airflow_tutorial/.venv/lib/python3.10/site-packages/airflow/example_dags/tutorial_taskflow_api.py
[2023-11-24T10:38:07.900+0800] {processor.py:829} INFO - Processing file /home/azfarmustafa/airflow_tutorial/.venv/lib/python3.10/site-packages/airflow/example_dags/tutorial_taskflow_api.py for tasks to queue
[2023-11-24T10:38:07.901+0800] {logging_mixin.py:154} INFO - [2023-11-24T10:38:07.900+0800] {dagbag.py:536} INFO - Filling up the DagBag from /home/azfarmustafa/airflow_tutorial/.venv/lib/python3.10/site-packages/airflow/example_dags/tutorial_taskflow_api.py
[2023-11-24T10:38:07.906+0800] {processor.py:839} INFO - DAG(s) dict_keys(['tutorial_taskflow_api']) retrieved from /home/azfarmustafa/airflow_tutorial/.venv/lib/python3.10/site-packages/airflow/example_dags/tutorial_taskflow_api.py
[2023-11-24T10:38:07.919+0800] {logging_mixin.py:154} INFO - [2023-11-24T10:38:07.919+0800] {dag.py:2941} INFO - Sync 1 DAGs
[2023-11-24T10:38:07.929+0800] {logging_mixin.py:154} INFO - [2023-11-24T10:38:07.929+0800] {dag.py:3722} INFO - Setting next_dagrun for tutorial_taskflow_api to None, run_after=None
[2023-11-24T10:38:07.951+0800] {processor.py:179} INFO - Processing /home/azfarmustafa/airflow_tutorial/.venv/lib/python3.10/site-packages/airflow/example_dags/tutorial_taskflow_api.py took 0.059 seconds
[2023-11-24T10:38:56.838+0800] {processor.py:157} INFO - Started process (PID=59526) to work on /home/azfarmustafa/airflow_tutorial/.venv/lib/python3.10/site-packages/airflow/example_dags/tutorial_taskflow_api.py
[2023-11-24T10:38:56.840+0800] {processor.py:829} INFO - Processing file /home/azfarmustafa/airflow_tutorial/.venv/lib/python3.10/site-packages/airflow/example_dags/tutorial_taskflow_api.py for tasks to queue
[2023-11-24T10:38:56.841+0800] {logging_mixin.py:154} INFO - [2023-11-24T10:38:56.840+0800] {dagbag.py:536} INFO - Filling up the DagBag from /home/azfarmustafa/airflow_tutorial/.venv/lib/python3.10/site-packages/airflow/example_dags/tutorial_taskflow_api.py
[2023-11-24T10:38:56.846+0800] {processor.py:839} INFO - DAG(s) dict_keys(['tutorial_taskflow_api']) retrieved from /home/azfarmustafa/airflow_tutorial/.venv/lib/python3.10/site-packages/airflow/example_dags/tutorial_taskflow_api.py
[2023-11-24T10:38:56.863+0800] {logging_mixin.py:154} INFO - [2023-11-24T10:38:56.863+0800] {dag.py:2941} INFO - Sync 1 DAGs
[2023-11-24T10:38:56.876+0800] {logging_mixin.py:154} INFO - [2023-11-24T10:38:56.875+0800] {dag.py:3722} INFO - Setting next_dagrun for tutorial_taskflow_api to None, run_after=None
[2023-11-24T10:38:56.929+0800] {processor.py:179} INFO - Processing /home/azfarmustafa/airflow_tutorial/.venv/lib/python3.10/site-packages/airflow/example_dags/tutorial_taskflow_api.py took 0.095 seconds
[2023-11-24T10:39:48.413+0800] {processor.py:157} INFO - Started process (PID=59576) to work on /home/azfarmustafa/airflow_tutorial/.venv/lib/python3.10/site-packages/airflow/example_dags/tutorial_taskflow_api.py
[2023-11-24T10:39:48.417+0800] {processor.py:829} INFO - Processing file /home/azfarmustafa/airflow_tutorial/.venv/lib/python3.10/site-packages/airflow/example_dags/tutorial_taskflow_api.py for tasks to queue
[2023-11-24T10:39:48.418+0800] {logging_mixin.py:154} INFO - [2023-11-24T10:39:48.418+0800] {dagbag.py:536} INFO - Filling up the DagBag from /home/azfarmustafa/airflow_tutorial/.venv/lib/python3.10/site-packages/airflow/example_dags/tutorial_taskflow_api.py
[2023-11-24T10:39:48.423+0800] {processor.py:839} INFO - DAG(s) dict_keys(['tutorial_taskflow_api']) retrieved from /home/azfarmustafa/airflow_tutorial/.venv/lib/python3.10/site-packages/airflow/example_dags/tutorial_taskflow_api.py
[2023-11-24T10:39:48.437+0800] {logging_mixin.py:154} INFO - [2023-11-24T10:39:48.437+0800] {dag.py:2941} INFO - Sync 1 DAGs
[2023-11-24T10:39:48.446+0800] {logging_mixin.py:154} INFO - [2023-11-24T10:39:48.446+0800] {dag.py:3722} INFO - Setting next_dagrun for tutorial_taskflow_api to None, run_after=None
[2023-11-24T10:39:48.470+0800] {processor.py:179} INFO - Processing /home/azfarmustafa/airflow_tutorial/.venv/lib/python3.10/site-packages/airflow/example_dags/tutorial_taskflow_api.py took 0.059 seconds
[2023-11-24T10:40:32.816+0800] {processor.py:157} INFO - Started process (PID=59623) to work on /home/azfarmustafa/airflow_tutorial/.venv/lib/python3.10/site-packages/airflow/example_dags/tutorial_taskflow_api.py
[2023-11-24T10:40:32.817+0800] {processor.py:829} INFO - Processing file /home/azfarmustafa/airflow_tutorial/.venv/lib/python3.10/site-packages/airflow/example_dags/tutorial_taskflow_api.py for tasks to queue
[2023-11-24T10:40:32.818+0800] {logging_mixin.py:154} INFO - [2023-11-24T10:40:32.818+0800] {dagbag.py:536} INFO - Filling up the DagBag from /home/azfarmustafa/airflow_tutorial/.venv/lib/python3.10/site-packages/airflow/example_dags/tutorial_taskflow_api.py
[2023-11-24T10:40:32.825+0800] {processor.py:839} INFO - DAG(s) dict_keys(['tutorial_taskflow_api']) retrieved from /home/azfarmustafa/airflow_tutorial/.venv/lib/python3.10/site-packages/airflow/example_dags/tutorial_taskflow_api.py
[2023-11-24T10:40:32.840+0800] {logging_mixin.py:154} INFO - [2023-11-24T10:40:32.840+0800] {dag.py:2941} INFO - Sync 1 DAGs
[2023-11-24T10:40:32.850+0800] {logging_mixin.py:154} INFO - [2023-11-24T10:40:32.850+0800] {dag.py:3722} INFO - Setting next_dagrun for tutorial_taskflow_api to None, run_after=None
[2023-11-24T10:40:32.883+0800] {processor.py:179} INFO - Processing /home/azfarmustafa/airflow_tutorial/.venv/lib/python3.10/site-packages/airflow/example_dags/tutorial_taskflow_api.py took 0.070 seconds
[2023-11-24T10:41:19.168+0800] {processor.py:157} INFO - Started process (PID=59675) to work on /home/azfarmustafa/airflow_tutorial/.venv/lib/python3.10/site-packages/airflow/example_dags/tutorial_taskflow_api.py
[2023-11-24T10:41:19.172+0800] {processor.py:829} INFO - Processing file /home/azfarmustafa/airflow_tutorial/.venv/lib/python3.10/site-packages/airflow/example_dags/tutorial_taskflow_api.py for tasks to queue
[2023-11-24T10:41:19.173+0800] {logging_mixin.py:154} INFO - [2023-11-24T10:41:19.172+0800] {dagbag.py:536} INFO - Filling up the DagBag from /home/azfarmustafa/airflow_tutorial/.venv/lib/python3.10/site-packages/airflow/example_dags/tutorial_taskflow_api.py
[2023-11-24T10:41:19.178+0800] {processor.py:839} INFO - DAG(s) dict_keys(['tutorial_taskflow_api']) retrieved from /home/azfarmustafa/airflow_tutorial/.venv/lib/python3.10/site-packages/airflow/example_dags/tutorial_taskflow_api.py
[2023-11-24T10:41:19.195+0800] {logging_mixin.py:154} INFO - [2023-11-24T10:41:19.194+0800] {dag.py:2941} INFO - Sync 1 DAGs
[2023-11-24T10:41:19.213+0800] {logging_mixin.py:154} INFO - [2023-11-24T10:41:19.213+0800] {dag.py:3722} INFO - Setting next_dagrun for tutorial_taskflow_api to None, run_after=None
[2023-11-24T10:41:19.236+0800] {processor.py:179} INFO - Processing /home/azfarmustafa/airflow_tutorial/.venv/lib/python3.10/site-packages/airflow/example_dags/tutorial_taskflow_api.py took 0.071 seconds
[2023-11-24T10:41:53.839+0800] {processor.py:157} INFO - Started process (PID=59710) to work on /home/azfarmustafa/airflow_tutorial/.venv/lib/python3.10/site-packages/airflow/example_dags/tutorial_taskflow_api.py
[2023-11-24T10:41:53.841+0800] {processor.py:829} INFO - Processing file /home/azfarmustafa/airflow_tutorial/.venv/lib/python3.10/site-packages/airflow/example_dags/tutorial_taskflow_api.py for tasks to queue
[2023-11-24T10:41:53.842+0800] {logging_mixin.py:154} INFO - [2023-11-24T10:41:53.841+0800] {dagbag.py:536} INFO - Filling up the DagBag from /home/azfarmustafa/airflow_tutorial/.venv/lib/python3.10/site-packages/airflow/example_dags/tutorial_taskflow_api.py
[2023-11-24T10:41:53.847+0800] {processor.py:839} INFO - DAG(s) dict_keys(['tutorial_taskflow_api']) retrieved from /home/azfarmustafa/airflow_tutorial/.venv/lib/python3.10/site-packages/airflow/example_dags/tutorial_taskflow_api.py
[2023-11-24T10:41:53.860+0800] {logging_mixin.py:154} INFO - [2023-11-24T10:41:53.860+0800] {dag.py:2941} INFO - Sync 1 DAGs
[2023-11-24T10:41:53.871+0800] {logging_mixin.py:154} INFO - [2023-11-24T10:41:53.871+0800] {dag.py:3722} INFO - Setting next_dagrun for tutorial_taskflow_api to None, run_after=None
[2023-11-24T10:41:53.893+0800] {processor.py:179} INFO - Processing /home/azfarmustafa/airflow_tutorial/.venv/lib/python3.10/site-packages/airflow/example_dags/tutorial_taskflow_api.py took 0.056 seconds
[2023-11-24T10:42:39.135+0800] {processor.py:157} INFO - Started process (PID=59756) to work on /home/azfarmustafa/airflow_tutorial/.venv/lib/python3.10/site-packages/airflow/example_dags/tutorial_taskflow_api.py
[2023-11-24T10:42:39.139+0800] {processor.py:829} INFO - Processing file /home/azfarmustafa/airflow_tutorial/.venv/lib/python3.10/site-packages/airflow/example_dags/tutorial_taskflow_api.py for tasks to queue
[2023-11-24T10:42:39.139+0800] {logging_mixin.py:154} INFO - [2023-11-24T10:42:39.139+0800] {dagbag.py:536} INFO - Filling up the DagBag from /home/azfarmustafa/airflow_tutorial/.venv/lib/python3.10/site-packages/airflow/example_dags/tutorial_taskflow_api.py
[2023-11-24T10:42:39.145+0800] {processor.py:839} INFO - DAG(s) dict_keys(['tutorial_taskflow_api']) retrieved from /home/azfarmustafa/airflow_tutorial/.venv/lib/python3.10/site-packages/airflow/example_dags/tutorial_taskflow_api.py
[2023-11-24T10:42:39.162+0800] {logging_mixin.py:154} INFO - [2023-11-24T10:42:39.161+0800] {dag.py:2941} INFO - Sync 1 DAGs
[2023-11-24T10:42:39.176+0800] {logging_mixin.py:154} INFO - [2023-11-24T10:42:39.176+0800] {dag.py:3722} INFO - Setting next_dagrun for tutorial_taskflow_api to None, run_after=None
[2023-11-24T10:42:39.206+0800] {processor.py:179} INFO - Processing /home/azfarmustafa/airflow_tutorial/.venv/lib/python3.10/site-packages/airflow/example_dags/tutorial_taskflow_api.py took 0.074 seconds
[2023-11-24T10:43:26.619+0800] {processor.py:157} INFO - Started process (PID=59805) to work on /home/azfarmustafa/airflow_tutorial/.venv/lib/python3.10/site-packages/airflow/example_dags/tutorial_taskflow_api.py
[2023-11-24T10:43:26.623+0800] {processor.py:829} INFO - Processing file /home/azfarmustafa/airflow_tutorial/.venv/lib/python3.10/site-packages/airflow/example_dags/tutorial_taskflow_api.py for tasks to queue
[2023-11-24T10:43:26.625+0800] {logging_mixin.py:154} INFO - [2023-11-24T10:43:26.624+0800] {dagbag.py:536} INFO - Filling up the DagBag from /home/azfarmustafa/airflow_tutorial/.venv/lib/python3.10/site-packages/airflow/example_dags/tutorial_taskflow_api.py
[2023-11-24T10:43:26.631+0800] {processor.py:839} INFO - DAG(s) dict_keys(['tutorial_taskflow_api']) retrieved from /home/azfarmustafa/airflow_tutorial/.venv/lib/python3.10/site-packages/airflow/example_dags/tutorial_taskflow_api.py
[2023-11-24T10:43:26.648+0800] {logging_mixin.py:154} INFO - [2023-11-24T10:43:26.647+0800] {dag.py:2941} INFO - Sync 1 DAGs
[2023-11-24T10:43:26.660+0800] {logging_mixin.py:154} INFO - [2023-11-24T10:43:26.660+0800] {dag.py:3722} INFO - Setting next_dagrun for tutorial_taskflow_api to None, run_after=None
[2023-11-24T10:43:26.684+0800] {processor.py:179} INFO - Processing /home/azfarmustafa/airflow_tutorial/.venv/lib/python3.10/site-packages/airflow/example_dags/tutorial_taskflow_api.py took 0.068 seconds
[2023-11-24T10:44:14.650+0800] {processor.py:157} INFO - Started process (PID=59853) to work on /home/azfarmustafa/airflow_tutorial/.venv/lib/python3.10/site-packages/airflow/example_dags/tutorial_taskflow_api.py
[2023-11-24T10:44:14.654+0800] {processor.py:829} INFO - Processing file /home/azfarmustafa/airflow_tutorial/.venv/lib/python3.10/site-packages/airflow/example_dags/tutorial_taskflow_api.py for tasks to queue
[2023-11-24T10:44:14.655+0800] {logging_mixin.py:154} INFO - [2023-11-24T10:44:14.655+0800] {dagbag.py:536} INFO - Filling up the DagBag from /home/azfarmustafa/airflow_tutorial/.venv/lib/python3.10/site-packages/airflow/example_dags/tutorial_taskflow_api.py
[2023-11-24T10:44:14.661+0800] {processor.py:839} INFO - DAG(s) dict_keys(['tutorial_taskflow_api']) retrieved from /home/azfarmustafa/airflow_tutorial/.venv/lib/python3.10/site-packages/airflow/example_dags/tutorial_taskflow_api.py
[2023-11-24T10:44:14.676+0800] {logging_mixin.py:154} INFO - [2023-11-24T10:44:14.676+0800] {dag.py:2941} INFO - Sync 1 DAGs
[2023-11-24T10:44:14.690+0800] {logging_mixin.py:154} INFO - [2023-11-24T10:44:14.690+0800] {dag.py:3722} INFO - Setting next_dagrun for tutorial_taskflow_api to None, run_after=None
[2023-11-24T10:44:14.716+0800] {processor.py:179} INFO - Processing /home/azfarmustafa/airflow_tutorial/.venv/lib/python3.10/site-packages/airflow/example_dags/tutorial_taskflow_api.py took 0.069 seconds
[2023-11-24T10:45:02.976+0800] {processor.py:157} INFO - Started process (PID=59902) to work on /home/azfarmustafa/airflow_tutorial/.venv/lib/python3.10/site-packages/airflow/example_dags/tutorial_taskflow_api.py
[2023-11-24T10:45:02.981+0800] {processor.py:829} INFO - Processing file /home/azfarmustafa/airflow_tutorial/.venv/lib/python3.10/site-packages/airflow/example_dags/tutorial_taskflow_api.py for tasks to queue
[2023-11-24T10:45:02.982+0800] {logging_mixin.py:154} INFO - [2023-11-24T10:45:02.981+0800] {dagbag.py:536} INFO - Filling up the DagBag from /home/azfarmustafa/airflow_tutorial/.venv/lib/python3.10/site-packages/airflow/example_dags/tutorial_taskflow_api.py
[2023-11-24T10:45:02.989+0800] {processor.py:839} INFO - DAG(s) dict_keys(['tutorial_taskflow_api']) retrieved from /home/azfarmustafa/airflow_tutorial/.venv/lib/python3.10/site-packages/airflow/example_dags/tutorial_taskflow_api.py
[2023-11-24T10:45:03.011+0800] {logging_mixin.py:154} INFO - [2023-11-24T10:45:03.011+0800] {dag.py:2941} INFO - Sync 1 DAGs
[2023-11-24T10:45:03.023+0800] {logging_mixin.py:154} INFO - [2023-11-24T10:45:03.023+0800] {dag.py:3722} INFO - Setting next_dagrun for tutorial_taskflow_api to None, run_after=None
[2023-11-24T10:45:03.053+0800] {processor.py:179} INFO - Processing /home/azfarmustafa/airflow_tutorial/.venv/lib/python3.10/site-packages/airflow/example_dags/tutorial_taskflow_api.py took 0.081 seconds
[2023-11-24T10:45:51.005+0800] {processor.py:157} INFO - Started process (PID=59950) to work on /home/azfarmustafa/airflow_tutorial/.venv/lib/python3.10/site-packages/airflow/example_dags/tutorial_taskflow_api.py
[2023-11-24T10:45:51.010+0800] {processor.py:829} INFO - Processing file /home/azfarmustafa/airflow_tutorial/.venv/lib/python3.10/site-packages/airflow/example_dags/tutorial_taskflow_api.py for tasks to queue
[2023-11-24T10:45:51.010+0800] {logging_mixin.py:154} INFO - [2023-11-24T10:45:51.010+0800] {dagbag.py:536} INFO - Filling up the DagBag from /home/azfarmustafa/airflow_tutorial/.venv/lib/python3.10/site-packages/airflow/example_dags/tutorial_taskflow_api.py
[2023-11-24T10:45:51.018+0800] {processor.py:839} INFO - DAG(s) dict_keys(['tutorial_taskflow_api']) retrieved from /home/azfarmustafa/airflow_tutorial/.venv/lib/python3.10/site-packages/airflow/example_dags/tutorial_taskflow_api.py
[2023-11-24T10:45:51.035+0800] {logging_mixin.py:154} INFO - [2023-11-24T10:45:51.034+0800] {dag.py:2941} INFO - Sync 1 DAGs
[2023-11-24T10:45:51.045+0800] {logging_mixin.py:154} INFO - [2023-11-24T10:45:51.045+0800] {dag.py:3722} INFO - Setting next_dagrun for tutorial_taskflow_api to None, run_after=None
[2023-11-24T10:45:51.073+0800] {processor.py:179} INFO - Processing /home/azfarmustafa/airflow_tutorial/.venv/lib/python3.10/site-packages/airflow/example_dags/tutorial_taskflow_api.py took 0.071 seconds
[2023-11-24T10:46:35.479+0800] {processor.py:157} INFO - Started process (PID=59996) to work on /home/azfarmustafa/airflow_tutorial/.venv/lib/python3.10/site-packages/airflow/example_dags/tutorial_taskflow_api.py
[2023-11-24T10:46:35.484+0800] {processor.py:829} INFO - Processing file /home/azfarmustafa/airflow_tutorial/.venv/lib/python3.10/site-packages/airflow/example_dags/tutorial_taskflow_api.py for tasks to queue
[2023-11-24T10:46:35.484+0800] {logging_mixin.py:154} INFO - [2023-11-24T10:46:35.484+0800] {dagbag.py:536} INFO - Filling up the DagBag from /home/azfarmustafa/airflow_tutorial/.venv/lib/python3.10/site-packages/airflow/example_dags/tutorial_taskflow_api.py
[2023-11-24T10:46:35.490+0800] {processor.py:839} INFO - DAG(s) dict_keys(['tutorial_taskflow_api']) retrieved from /home/azfarmustafa/airflow_tutorial/.venv/lib/python3.10/site-packages/airflow/example_dags/tutorial_taskflow_api.py
[2023-11-24T10:46:35.503+0800] {logging_mixin.py:154} INFO - [2023-11-24T10:46:35.503+0800] {dag.py:2941} INFO - Sync 1 DAGs
[2023-11-24T10:46:35.514+0800] {logging_mixin.py:154} INFO - [2023-11-24T10:46:35.514+0800] {dag.py:3722} INFO - Setting next_dagrun for tutorial_taskflow_api to None, run_after=None
[2023-11-24T10:46:35.539+0800] {processor.py:179} INFO - Processing /home/azfarmustafa/airflow_tutorial/.venv/lib/python3.10/site-packages/airflow/example_dags/tutorial_taskflow_api.py took 0.063 seconds
[2023-11-24T10:47:20.840+0800] {processor.py:157} INFO - Started process (PID=60049) to work on /home/azfarmustafa/airflow_tutorial/.venv/lib/python3.10/site-packages/airflow/example_dags/tutorial_taskflow_api.py
[2023-11-24T10:47:20.844+0800] {processor.py:829} INFO - Processing file /home/azfarmustafa/airflow_tutorial/.venv/lib/python3.10/site-packages/airflow/example_dags/tutorial_taskflow_api.py for tasks to queue
[2023-11-24T10:47:20.845+0800] {logging_mixin.py:154} INFO - [2023-11-24T10:47:20.845+0800] {dagbag.py:536} INFO - Filling up the DagBag from /home/azfarmustafa/airflow_tutorial/.venv/lib/python3.10/site-packages/airflow/example_dags/tutorial_taskflow_api.py
[2023-11-24T10:47:20.850+0800] {processor.py:839} INFO - DAG(s) dict_keys(['tutorial_taskflow_api']) retrieved from /home/azfarmustafa/airflow_tutorial/.venv/lib/python3.10/site-packages/airflow/example_dags/tutorial_taskflow_api.py
[2023-11-24T10:47:20.865+0800] {logging_mixin.py:154} INFO - [2023-11-24T10:47:20.865+0800] {dag.py:2941} INFO - Sync 1 DAGs
[2023-11-24T10:47:20.878+0800] {logging_mixin.py:154} INFO - [2023-11-24T10:47:20.878+0800] {dag.py:3722} INFO - Setting next_dagrun for tutorial_taskflow_api to None, run_after=None
[2023-11-24T10:47:20.903+0800] {processor.py:179} INFO - Processing /home/azfarmustafa/airflow_tutorial/.venv/lib/python3.10/site-packages/airflow/example_dags/tutorial_taskflow_api.py took 0.066 seconds
[2023-11-24T10:48:05.046+0800] {processor.py:157} INFO - Started process (PID=60094) to work on /home/azfarmustafa/airflow_tutorial/.venv/lib/python3.10/site-packages/airflow/example_dags/tutorial_taskflow_api.py
[2023-11-24T10:48:05.050+0800] {processor.py:829} INFO - Processing file /home/azfarmustafa/airflow_tutorial/.venv/lib/python3.10/site-packages/airflow/example_dags/tutorial_taskflow_api.py for tasks to queue
[2023-11-24T10:48:05.051+0800] {logging_mixin.py:154} INFO - [2023-11-24T10:48:05.050+0800] {dagbag.py:536} INFO - Filling up the DagBag from /home/azfarmustafa/airflow_tutorial/.venv/lib/python3.10/site-packages/airflow/example_dags/tutorial_taskflow_api.py
[2023-11-24T10:48:05.056+0800] {processor.py:839} INFO - DAG(s) dict_keys(['tutorial_taskflow_api']) retrieved from /home/azfarmustafa/airflow_tutorial/.venv/lib/python3.10/site-packages/airflow/example_dags/tutorial_taskflow_api.py
[2023-11-24T10:48:05.072+0800] {logging_mixin.py:154} INFO - [2023-11-24T10:48:05.072+0800] {dag.py:2941} INFO - Sync 1 DAGs
[2023-11-24T10:48:05.086+0800] {logging_mixin.py:154} INFO - [2023-11-24T10:48:05.086+0800] {dag.py:3722} INFO - Setting next_dagrun for tutorial_taskflow_api to None, run_after=None
[2023-11-24T10:48:05.111+0800] {processor.py:179} INFO - Processing /home/azfarmustafa/airflow_tutorial/.venv/lib/python3.10/site-packages/airflow/example_dags/tutorial_taskflow_api.py took 0.067 seconds
[2023-11-24T10:48:51.662+0800] {processor.py:157} INFO - Started process (PID=60141) to work on /home/azfarmustafa/airflow_tutorial/.venv/lib/python3.10/site-packages/airflow/example_dags/tutorial_taskflow_api.py
[2023-11-24T10:48:51.664+0800] {processor.py:829} INFO - Processing file /home/azfarmustafa/airflow_tutorial/.venv/lib/python3.10/site-packages/airflow/example_dags/tutorial_taskflow_api.py for tasks to queue
[2023-11-24T10:48:51.666+0800] {logging_mixin.py:154} INFO - [2023-11-24T10:48:51.665+0800] {dagbag.py:536} INFO - Filling up the DagBag from /home/azfarmustafa/airflow_tutorial/.venv/lib/python3.10/site-packages/airflow/example_dags/tutorial_taskflow_api.py
[2023-11-24T10:48:51.674+0800] {processor.py:839} INFO - DAG(s) dict_keys(['tutorial_taskflow_api']) retrieved from /home/azfarmustafa/airflow_tutorial/.venv/lib/python3.10/site-packages/airflow/example_dags/tutorial_taskflow_api.py
[2023-11-24T10:48:51.701+0800] {logging_mixin.py:154} INFO - [2023-11-24T10:48:51.701+0800] {dag.py:2941} INFO - Sync 1 DAGs
[2023-11-24T10:48:51.712+0800] {logging_mixin.py:154} INFO - [2023-11-24T10:48:51.712+0800] {dag.py:3722} INFO - Setting next_dagrun for tutorial_taskflow_api to None, run_after=None
[2023-11-24T10:48:51.742+0800] {processor.py:179} INFO - Processing /home/azfarmustafa/airflow_tutorial/.venv/lib/python3.10/site-packages/airflow/example_dags/tutorial_taskflow_api.py took 0.084 seconds
[2023-11-24T10:49:27.108+0800] {processor.py:157} INFO - Started process (PID=60176) to work on /home/azfarmustafa/airflow_tutorial/.venv/lib/python3.10/site-packages/airflow/example_dags/tutorial_taskflow_api.py
[2023-11-24T10:49:27.109+0800] {processor.py:829} INFO - Processing file /home/azfarmustafa/airflow_tutorial/.venv/lib/python3.10/site-packages/airflow/example_dags/tutorial_taskflow_api.py for tasks to queue
[2023-11-24T10:49:27.110+0800] {logging_mixin.py:154} INFO - [2023-11-24T10:49:27.110+0800] {dagbag.py:536} INFO - Filling up the DagBag from /home/azfarmustafa/airflow_tutorial/.venv/lib/python3.10/site-packages/airflow/example_dags/tutorial_taskflow_api.py
[2023-11-24T10:49:27.116+0800] {processor.py:839} INFO - DAG(s) dict_keys(['tutorial_taskflow_api']) retrieved from /home/azfarmustafa/airflow_tutorial/.venv/lib/python3.10/site-packages/airflow/example_dags/tutorial_taskflow_api.py
[2023-11-24T10:49:27.134+0800] {logging_mixin.py:154} INFO - [2023-11-24T10:49:27.134+0800] {dag.py:2941} INFO - Sync 1 DAGs
[2023-11-24T10:49:27.144+0800] {logging_mixin.py:154} INFO - [2023-11-24T10:49:27.144+0800] {dag.py:3722} INFO - Setting next_dagrun for tutorial_taskflow_api to None, run_after=None
[2023-11-24T10:49:27.175+0800] {processor.py:179} INFO - Processing /home/azfarmustafa/airflow_tutorial/.venv/lib/python3.10/site-packages/airflow/example_dags/tutorial_taskflow_api.py took 0.070 seconds
[2023-11-24T10:50:11.409+0800] {processor.py:157} INFO - Started process (PID=60223) to work on /home/azfarmustafa/airflow_tutorial/.venv/lib/python3.10/site-packages/airflow/example_dags/tutorial_taskflow_api.py
[2023-11-24T10:50:11.410+0800] {processor.py:829} INFO - Processing file /home/azfarmustafa/airflow_tutorial/.venv/lib/python3.10/site-packages/airflow/example_dags/tutorial_taskflow_api.py for tasks to queue
[2023-11-24T10:50:11.411+0800] {logging_mixin.py:154} INFO - [2023-11-24T10:50:11.410+0800] {dagbag.py:536} INFO - Filling up the DagBag from /home/azfarmustafa/airflow_tutorial/.venv/lib/python3.10/site-packages/airflow/example_dags/tutorial_taskflow_api.py
[2023-11-24T10:50:11.416+0800] {processor.py:839} INFO - DAG(s) dict_keys(['tutorial_taskflow_api']) retrieved from /home/azfarmustafa/airflow_tutorial/.venv/lib/python3.10/site-packages/airflow/example_dags/tutorial_taskflow_api.py
[2023-11-24T10:50:11.430+0800] {logging_mixin.py:154} INFO - [2023-11-24T10:50:11.429+0800] {dag.py:2941} INFO - Sync 1 DAGs
[2023-11-24T10:50:11.439+0800] {logging_mixin.py:154} INFO - [2023-11-24T10:50:11.439+0800] {dag.py:3722} INFO - Setting next_dagrun for tutorial_taskflow_api to None, run_after=None
[2023-11-24T10:50:11.462+0800] {processor.py:179} INFO - Processing /home/azfarmustafa/airflow_tutorial/.venv/lib/python3.10/site-packages/airflow/example_dags/tutorial_taskflow_api.py took 0.056 seconds
[2023-11-24T10:50:57.984+0800] {processor.py:157} INFO - Started process (PID=60271) to work on /home/azfarmustafa/airflow_tutorial/.venv/lib/python3.10/site-packages/airflow/example_dags/tutorial_taskflow_api.py
[2023-11-24T10:50:57.988+0800] {processor.py:829} INFO - Processing file /home/azfarmustafa/airflow_tutorial/.venv/lib/python3.10/site-packages/airflow/example_dags/tutorial_taskflow_api.py for tasks to queue
[2023-11-24T10:50:57.990+0800] {logging_mixin.py:154} INFO - [2023-11-24T10:50:57.989+0800] {dagbag.py:536} INFO - Filling up the DagBag from /home/azfarmustafa/airflow_tutorial/.venv/lib/python3.10/site-packages/airflow/example_dags/tutorial_taskflow_api.py
[2023-11-24T10:50:57.998+0800] {processor.py:839} INFO - DAG(s) dict_keys(['tutorial_taskflow_api']) retrieved from /home/azfarmustafa/airflow_tutorial/.venv/lib/python3.10/site-packages/airflow/example_dags/tutorial_taskflow_api.py
[2023-11-24T10:50:58.014+0800] {logging_mixin.py:154} INFO - [2023-11-24T10:50:58.014+0800] {dag.py:2941} INFO - Sync 1 DAGs
[2023-11-24T10:50:58.026+0800] {logging_mixin.py:154} INFO - [2023-11-24T10:50:58.026+0800] {dag.py:3722} INFO - Setting next_dagrun for tutorial_taskflow_api to None, run_after=None
[2023-11-24T10:50:58.052+0800] {processor.py:179} INFO - Processing /home/azfarmustafa/airflow_tutorial/.venv/lib/python3.10/site-packages/airflow/example_dags/tutorial_taskflow_api.py took 0.071 seconds
[2023-11-24T10:51:45.838+0800] {processor.py:157} INFO - Started process (PID=60319) to work on /home/azfarmustafa/airflow_tutorial/.venv/lib/python3.10/site-packages/airflow/example_dags/tutorial_taskflow_api.py
[2023-11-24T10:51:45.842+0800] {processor.py:829} INFO - Processing file /home/azfarmustafa/airflow_tutorial/.venv/lib/python3.10/site-packages/airflow/example_dags/tutorial_taskflow_api.py for tasks to queue
[2023-11-24T10:51:45.843+0800] {logging_mixin.py:154} INFO - [2023-11-24T10:51:45.843+0800] {dagbag.py:536} INFO - Filling up the DagBag from /home/azfarmustafa/airflow_tutorial/.venv/lib/python3.10/site-packages/airflow/example_dags/tutorial_taskflow_api.py
[2023-11-24T10:51:45.851+0800] {processor.py:839} INFO - DAG(s) dict_keys(['tutorial_taskflow_api']) retrieved from /home/azfarmustafa/airflow_tutorial/.venv/lib/python3.10/site-packages/airflow/example_dags/tutorial_taskflow_api.py
[2023-11-24T10:51:45.866+0800] {logging_mixin.py:154} INFO - [2023-11-24T10:51:45.865+0800] {dag.py:2941} INFO - Sync 1 DAGs
[2023-11-24T10:51:45.878+0800] {logging_mixin.py:154} INFO - [2023-11-24T10:51:45.878+0800] {dag.py:3722} INFO - Setting next_dagrun for tutorial_taskflow_api to None, run_after=None
[2023-11-24T10:51:45.906+0800] {processor.py:179} INFO - Processing /home/azfarmustafa/airflow_tutorial/.venv/lib/python3.10/site-packages/airflow/example_dags/tutorial_taskflow_api.py took 0.070 seconds
[2023-11-24T10:52:33.681+0800] {processor.py:157} INFO - Started process (PID=60367) to work on /home/azfarmustafa/airflow_tutorial/.venv/lib/python3.10/site-packages/airflow/example_dags/tutorial_taskflow_api.py
[2023-11-24T10:52:33.682+0800] {processor.py:829} INFO - Processing file /home/azfarmustafa/airflow_tutorial/.venv/lib/python3.10/site-packages/airflow/example_dags/tutorial_taskflow_api.py for tasks to queue
[2023-11-24T10:52:33.683+0800] {logging_mixin.py:154} INFO - [2023-11-24T10:52:33.683+0800] {dagbag.py:536} INFO - Filling up the DagBag from /home/azfarmustafa/airflow_tutorial/.venv/lib/python3.10/site-packages/airflow/example_dags/tutorial_taskflow_api.py
[2023-11-24T10:52:33.689+0800] {processor.py:839} INFO - DAG(s) dict_keys(['tutorial_taskflow_api']) retrieved from /home/azfarmustafa/airflow_tutorial/.venv/lib/python3.10/site-packages/airflow/example_dags/tutorial_taskflow_api.py
[2023-11-24T10:52:33.704+0800] {logging_mixin.py:154} INFO - [2023-11-24T10:52:33.704+0800] {dag.py:2941} INFO - Sync 1 DAGs
[2023-11-24T10:52:33.715+0800] {logging_mixin.py:154} INFO - [2023-11-24T10:52:33.715+0800] {dag.py:3722} INFO - Setting next_dagrun for tutorial_taskflow_api to None, run_after=None
[2023-11-24T10:52:33.745+0800] {processor.py:179} INFO - Processing /home/azfarmustafa/airflow_tutorial/.venv/lib/python3.10/site-packages/airflow/example_dags/tutorial_taskflow_api.py took 0.067 seconds
[2023-11-24T10:53:23.592+0800] {processor.py:157} INFO - Started process (PID=60423) to work on /home/azfarmustafa/airflow_tutorial/.venv/lib/python3.10/site-packages/airflow/example_dags/tutorial_taskflow_api.py
[2023-11-24T10:53:23.596+0800] {processor.py:829} INFO - Processing file /home/azfarmustafa/airflow_tutorial/.venv/lib/python3.10/site-packages/airflow/example_dags/tutorial_taskflow_api.py for tasks to queue
[2023-11-24T10:53:23.597+0800] {logging_mixin.py:154} INFO - [2023-11-24T10:53:23.597+0800] {dagbag.py:536} INFO - Filling up the DagBag from /home/azfarmustafa/airflow_tutorial/.venv/lib/python3.10/site-packages/airflow/example_dags/tutorial_taskflow_api.py
[2023-11-24T10:53:23.602+0800] {processor.py:839} INFO - DAG(s) dict_keys(['tutorial_taskflow_api']) retrieved from /home/azfarmustafa/airflow_tutorial/.venv/lib/python3.10/site-packages/airflow/example_dags/tutorial_taskflow_api.py
[2023-11-24T10:53:23.615+0800] {logging_mixin.py:154} INFO - [2023-11-24T10:53:23.615+0800] {dag.py:2941} INFO - Sync 1 DAGs
[2023-11-24T10:53:23.625+0800] {logging_mixin.py:154} INFO - [2023-11-24T10:53:23.625+0800] {dag.py:3722} INFO - Setting next_dagrun for tutorial_taskflow_api to None, run_after=None
[2023-11-24T10:53:23.655+0800] {processor.py:179} INFO - Processing /home/azfarmustafa/airflow_tutorial/.venv/lib/python3.10/site-packages/airflow/example_dags/tutorial_taskflow_api.py took 0.065 seconds
[2023-11-24T10:54:11.433+0800] {processor.py:157} INFO - Started process (PID=60471) to work on /home/azfarmustafa/airflow_tutorial/.venv/lib/python3.10/site-packages/airflow/example_dags/tutorial_taskflow_api.py
[2023-11-24T10:54:11.437+0800] {processor.py:829} INFO - Processing file /home/azfarmustafa/airflow_tutorial/.venv/lib/python3.10/site-packages/airflow/example_dags/tutorial_taskflow_api.py for tasks to queue
[2023-11-24T10:54:11.438+0800] {logging_mixin.py:154} INFO - [2023-11-24T10:54:11.438+0800] {dagbag.py:536} INFO - Filling up the DagBag from /home/azfarmustafa/airflow_tutorial/.venv/lib/python3.10/site-packages/airflow/example_dags/tutorial_taskflow_api.py
[2023-11-24T10:54:11.443+0800] {processor.py:839} INFO - DAG(s) dict_keys(['tutorial_taskflow_api']) retrieved from /home/azfarmustafa/airflow_tutorial/.venv/lib/python3.10/site-packages/airflow/example_dags/tutorial_taskflow_api.py
[2023-11-24T10:54:11.457+0800] {logging_mixin.py:154} INFO - [2023-11-24T10:54:11.456+0800] {dag.py:2941} INFO - Sync 1 DAGs
[2023-11-24T10:54:11.468+0800] {logging_mixin.py:154} INFO - [2023-11-24T10:54:11.468+0800] {dag.py:3722} INFO - Setting next_dagrun for tutorial_taskflow_api to None, run_after=None
[2023-11-24T10:54:11.494+0800] {processor.py:179} INFO - Processing /home/azfarmustafa/airflow_tutorial/.venv/lib/python3.10/site-packages/airflow/example_dags/tutorial_taskflow_api.py took 0.063 seconds
[2023-11-24T10:54:59.431+0800] {processor.py:157} INFO - Started process (PID=60520) to work on /home/azfarmustafa/airflow_tutorial/.venv/lib/python3.10/site-packages/airflow/example_dags/tutorial_taskflow_api.py
[2023-11-24T10:54:59.436+0800] {processor.py:829} INFO - Processing file /home/azfarmustafa/airflow_tutorial/.venv/lib/python3.10/site-packages/airflow/example_dags/tutorial_taskflow_api.py for tasks to queue
[2023-11-24T10:54:59.436+0800] {logging_mixin.py:154} INFO - [2023-11-24T10:54:59.436+0800] {dagbag.py:536} INFO - Filling up the DagBag from /home/azfarmustafa/airflow_tutorial/.venv/lib/python3.10/site-packages/airflow/example_dags/tutorial_taskflow_api.py
[2023-11-24T10:54:59.441+0800] {processor.py:839} INFO - DAG(s) dict_keys(['tutorial_taskflow_api']) retrieved from /home/azfarmustafa/airflow_tutorial/.venv/lib/python3.10/site-packages/airflow/example_dags/tutorial_taskflow_api.py
[2023-11-24T10:54:59.455+0800] {logging_mixin.py:154} INFO - [2023-11-24T10:54:59.455+0800] {dag.py:2941} INFO - Sync 1 DAGs
[2023-11-24T10:54:59.465+0800] {logging_mixin.py:154} INFO - [2023-11-24T10:54:59.465+0800] {dag.py:3722} INFO - Setting next_dagrun for tutorial_taskflow_api to None, run_after=None
[2023-11-24T10:54:59.487+0800] {processor.py:179} INFO - Processing /home/azfarmustafa/airflow_tutorial/.venv/lib/python3.10/site-packages/airflow/example_dags/tutorial_taskflow_api.py took 0.058 seconds
[2023-11-24T10:55:44.299+0800] {processor.py:157} INFO - Started process (PID=60566) to work on /home/azfarmustafa/airflow_tutorial/.venv/lib/python3.10/site-packages/airflow/example_dags/tutorial_taskflow_api.py
[2023-11-24T10:55:44.304+0800] {processor.py:829} INFO - Processing file /home/azfarmustafa/airflow_tutorial/.venv/lib/python3.10/site-packages/airflow/example_dags/tutorial_taskflow_api.py for tasks to queue
[2023-11-24T10:55:44.305+0800] {logging_mixin.py:154} INFO - [2023-11-24T10:55:44.304+0800] {dagbag.py:536} INFO - Filling up the DagBag from /home/azfarmustafa/airflow_tutorial/.venv/lib/python3.10/site-packages/airflow/example_dags/tutorial_taskflow_api.py
[2023-11-24T10:55:44.311+0800] {processor.py:839} INFO - DAG(s) dict_keys(['tutorial_taskflow_api']) retrieved from /home/azfarmustafa/airflow_tutorial/.venv/lib/python3.10/site-packages/airflow/example_dags/tutorial_taskflow_api.py
[2023-11-24T10:55:44.325+0800] {logging_mixin.py:154} INFO - [2023-11-24T10:55:44.325+0800] {dag.py:2941} INFO - Sync 1 DAGs
[2023-11-24T10:55:44.339+0800] {logging_mixin.py:154} INFO - [2023-11-24T10:55:44.339+0800] {dag.py:3722} INFO - Setting next_dagrun for tutorial_taskflow_api to None, run_after=None
[2023-11-24T10:55:44.368+0800] {processor.py:179} INFO - Processing /home/azfarmustafa/airflow_tutorial/.venv/lib/python3.10/site-packages/airflow/example_dags/tutorial_taskflow_api.py took 0.073 seconds
[2023-11-24T10:56:30.098+0800] {processor.py:157} INFO - Started process (PID=60613) to work on /home/azfarmustafa/airflow_tutorial/.venv/lib/python3.10/site-packages/airflow/example_dags/tutorial_taskflow_api.py
[2023-11-24T10:56:30.102+0800] {processor.py:829} INFO - Processing file /home/azfarmustafa/airflow_tutorial/.venv/lib/python3.10/site-packages/airflow/example_dags/tutorial_taskflow_api.py for tasks to queue
[2023-11-24T10:56:30.103+0800] {logging_mixin.py:154} INFO - [2023-11-24T10:56:30.103+0800] {dagbag.py:536} INFO - Filling up the DagBag from /home/azfarmustafa/airflow_tutorial/.venv/lib/python3.10/site-packages/airflow/example_dags/tutorial_taskflow_api.py
[2023-11-24T10:56:30.109+0800] {processor.py:839} INFO - DAG(s) dict_keys(['tutorial_taskflow_api']) retrieved from /home/azfarmustafa/airflow_tutorial/.venv/lib/python3.10/site-packages/airflow/example_dags/tutorial_taskflow_api.py
[2023-11-24T10:56:30.122+0800] {logging_mixin.py:154} INFO - [2023-11-24T10:56:30.122+0800] {dag.py:2941} INFO - Sync 1 DAGs
[2023-11-24T10:56:30.131+0800] {logging_mixin.py:154} INFO - [2023-11-24T10:56:30.131+0800] {dag.py:3722} INFO - Setting next_dagrun for tutorial_taskflow_api to None, run_after=None
[2023-11-24T10:56:30.154+0800] {processor.py:179} INFO - Processing /home/azfarmustafa/airflow_tutorial/.venv/lib/python3.10/site-packages/airflow/example_dags/tutorial_taskflow_api.py took 0.058 seconds
[2023-11-24T10:57:11.260+0800] {processor.py:157} INFO - Started process (PID=60655) to work on /home/azfarmustafa/airflow_tutorial/.venv/lib/python3.10/site-packages/airflow/example_dags/tutorial_taskflow_api.py
[2023-11-24T10:57:11.264+0800] {processor.py:829} INFO - Processing file /home/azfarmustafa/airflow_tutorial/.venv/lib/python3.10/site-packages/airflow/example_dags/tutorial_taskflow_api.py for tasks to queue
[2023-11-24T10:57:11.265+0800] {logging_mixin.py:154} INFO - [2023-11-24T10:57:11.265+0800] {dagbag.py:536} INFO - Filling up the DagBag from /home/azfarmustafa/airflow_tutorial/.venv/lib/python3.10/site-packages/airflow/example_dags/tutorial_taskflow_api.py
[2023-11-24T10:57:11.271+0800] {processor.py:839} INFO - DAG(s) dict_keys(['tutorial_taskflow_api']) retrieved from /home/azfarmustafa/airflow_tutorial/.venv/lib/python3.10/site-packages/airflow/example_dags/tutorial_taskflow_api.py
[2023-11-24T10:57:11.288+0800] {logging_mixin.py:154} INFO - [2023-11-24T10:57:11.288+0800] {dag.py:2941} INFO - Sync 1 DAGs
[2023-11-24T10:57:11.300+0800] {logging_mixin.py:154} INFO - [2023-11-24T10:57:11.299+0800] {dag.py:3722} INFO - Setting next_dagrun for tutorial_taskflow_api to None, run_after=None
[2023-11-24T10:57:11.325+0800] {processor.py:179} INFO - Processing /home/azfarmustafa/airflow_tutorial/.venv/lib/python3.10/site-packages/airflow/example_dags/tutorial_taskflow_api.py took 0.067 seconds
[2023-11-24T10:57:54.267+0800] {processor.py:157} INFO - Started process (PID=60701) to work on /home/azfarmustafa/airflow_tutorial/.venv/lib/python3.10/site-packages/airflow/example_dags/tutorial_taskflow_api.py
[2023-11-24T10:57:54.271+0800] {processor.py:829} INFO - Processing file /home/azfarmustafa/airflow_tutorial/.venv/lib/python3.10/site-packages/airflow/example_dags/tutorial_taskflow_api.py for tasks to queue
[2023-11-24T10:57:54.272+0800] {logging_mixin.py:154} INFO - [2023-11-24T10:57:54.272+0800] {dagbag.py:536} INFO - Filling up the DagBag from /home/azfarmustafa/airflow_tutorial/.venv/lib/python3.10/site-packages/airflow/example_dags/tutorial_taskflow_api.py
[2023-11-24T10:57:54.277+0800] {processor.py:839} INFO - DAG(s) dict_keys(['tutorial_taskflow_api']) retrieved from /home/azfarmustafa/airflow_tutorial/.venv/lib/python3.10/site-packages/airflow/example_dags/tutorial_taskflow_api.py
[2023-11-24T10:57:54.291+0800] {logging_mixin.py:154} INFO - [2023-11-24T10:57:54.291+0800] {dag.py:2941} INFO - Sync 1 DAGs
[2023-11-24T10:57:54.301+0800] {logging_mixin.py:154} INFO - [2023-11-24T10:57:54.301+0800] {dag.py:3722} INFO - Setting next_dagrun for tutorial_taskflow_api to None, run_after=None
[2023-11-24T10:57:54.325+0800] {processor.py:179} INFO - Processing /home/azfarmustafa/airflow_tutorial/.venv/lib/python3.10/site-packages/airflow/example_dags/tutorial_taskflow_api.py took 0.061 seconds
[2023-11-24T10:58:41.957+0800] {processor.py:157} INFO - Started process (PID=60749) to work on /home/azfarmustafa/airflow_tutorial/.venv/lib/python3.10/site-packages/airflow/example_dags/tutorial_taskflow_api.py
[2023-11-24T10:58:41.961+0800] {processor.py:829} INFO - Processing file /home/azfarmustafa/airflow_tutorial/.venv/lib/python3.10/site-packages/airflow/example_dags/tutorial_taskflow_api.py for tasks to queue
[2023-11-24T10:58:41.962+0800] {logging_mixin.py:154} INFO - [2023-11-24T10:58:41.962+0800] {dagbag.py:536} INFO - Filling up the DagBag from /home/azfarmustafa/airflow_tutorial/.venv/lib/python3.10/site-packages/airflow/example_dags/tutorial_taskflow_api.py
[2023-11-24T10:58:41.969+0800] {processor.py:839} INFO - DAG(s) dict_keys(['tutorial_taskflow_api']) retrieved from /home/azfarmustafa/airflow_tutorial/.venv/lib/python3.10/site-packages/airflow/example_dags/tutorial_taskflow_api.py
[2023-11-24T10:58:41.984+0800] {logging_mixin.py:154} INFO - [2023-11-24T10:58:41.984+0800] {dag.py:2941} INFO - Sync 1 DAGs
[2023-11-24T10:58:41.998+0800] {logging_mixin.py:154} INFO - [2023-11-24T10:58:41.998+0800] {dag.py:3722} INFO - Setting next_dagrun for tutorial_taskflow_api to None, run_after=None
[2023-11-24T10:58:42.026+0800] {processor.py:179} INFO - Processing /home/azfarmustafa/airflow_tutorial/.venv/lib/python3.10/site-packages/airflow/example_dags/tutorial_taskflow_api.py took 0.072 seconds
[2023-11-24T10:59:28.950+0800] {processor.py:157} INFO - Started process (PID=60803) to work on /home/azfarmustafa/airflow_tutorial/.venv/lib/python3.10/site-packages/airflow/example_dags/tutorial_taskflow_api.py
[2023-11-24T10:59:28.952+0800] {processor.py:829} INFO - Processing file /home/azfarmustafa/airflow_tutorial/.venv/lib/python3.10/site-packages/airflow/example_dags/tutorial_taskflow_api.py for tasks to queue
[2023-11-24T10:59:28.952+0800] {logging_mixin.py:154} INFO - [2023-11-24T10:59:28.952+0800] {dagbag.py:536} INFO - Filling up the DagBag from /home/azfarmustafa/airflow_tutorial/.venv/lib/python3.10/site-packages/airflow/example_dags/tutorial_taskflow_api.py
[2023-11-24T10:59:28.957+0800] {processor.py:839} INFO - DAG(s) dict_keys(['tutorial_taskflow_api']) retrieved from /home/azfarmustafa/airflow_tutorial/.venv/lib/python3.10/site-packages/airflow/example_dags/tutorial_taskflow_api.py
[2023-11-24T10:59:28.971+0800] {logging_mixin.py:154} INFO - [2023-11-24T10:59:28.971+0800] {dag.py:2941} INFO - Sync 1 DAGs
[2023-11-24T10:59:28.987+0800] {logging_mixin.py:154} INFO - [2023-11-24T10:59:28.987+0800] {dag.py:3722} INFO - Setting next_dagrun for tutorial_taskflow_api to None, run_after=None
[2023-11-24T10:59:29.014+0800] {processor.py:179} INFO - Processing /home/azfarmustafa/airflow_tutorial/.venv/lib/python3.10/site-packages/airflow/example_dags/tutorial_taskflow_api.py took 0.066 seconds
[2023-11-24T11:00:14.815+0800] {processor.py:157} INFO - Started process (PID=60850) to work on /home/azfarmustafa/airflow_tutorial/.venv/lib/python3.10/site-packages/airflow/example_dags/tutorial_taskflow_api.py
[2023-11-24T11:00:14.820+0800] {processor.py:829} INFO - Processing file /home/azfarmustafa/airflow_tutorial/.venv/lib/python3.10/site-packages/airflow/example_dags/tutorial_taskflow_api.py for tasks to queue
[2023-11-24T11:00:14.821+0800] {logging_mixin.py:154} INFO - [2023-11-24T11:00:14.821+0800] {dagbag.py:536} INFO - Filling up the DagBag from /home/azfarmustafa/airflow_tutorial/.venv/lib/python3.10/site-packages/airflow/example_dags/tutorial_taskflow_api.py
[2023-11-24T11:00:14.826+0800] {processor.py:839} INFO - DAG(s) dict_keys(['tutorial_taskflow_api']) retrieved from /home/azfarmustafa/airflow_tutorial/.venv/lib/python3.10/site-packages/airflow/example_dags/tutorial_taskflow_api.py
[2023-11-24T11:00:14.842+0800] {logging_mixin.py:154} INFO - [2023-11-24T11:00:14.842+0800] {dag.py:2941} INFO - Sync 1 DAGs
[2023-11-24T11:00:14.854+0800] {logging_mixin.py:154} INFO - [2023-11-24T11:00:14.854+0800] {dag.py:3722} INFO - Setting next_dagrun for tutorial_taskflow_api to None, run_after=None
[2023-11-24T11:00:14.878+0800] {processor.py:179} INFO - Processing /home/azfarmustafa/airflow_tutorial/.venv/lib/python3.10/site-packages/airflow/example_dags/tutorial_taskflow_api.py took 0.068 seconds
[2023-11-24T11:00:56.331+0800] {processor.py:157} INFO - Started process (PID=60894) to work on /home/azfarmustafa/airflow_tutorial/.venv/lib/python3.10/site-packages/airflow/example_dags/tutorial_taskflow_api.py
[2023-11-24T11:00:56.333+0800] {processor.py:829} INFO - Processing file /home/azfarmustafa/airflow_tutorial/.venv/lib/python3.10/site-packages/airflow/example_dags/tutorial_taskflow_api.py for tasks to queue
[2023-11-24T11:00:56.334+0800] {logging_mixin.py:154} INFO - [2023-11-24T11:00:56.333+0800] {dagbag.py:536} INFO - Filling up the DagBag from /home/azfarmustafa/airflow_tutorial/.venv/lib/python3.10/site-packages/airflow/example_dags/tutorial_taskflow_api.py
[2023-11-24T11:00:56.340+0800] {processor.py:839} INFO - DAG(s) dict_keys(['tutorial_taskflow_api']) retrieved from /home/azfarmustafa/airflow_tutorial/.venv/lib/python3.10/site-packages/airflow/example_dags/tutorial_taskflow_api.py
[2023-11-24T11:00:56.357+0800] {logging_mixin.py:154} INFO - [2023-11-24T11:00:56.357+0800] {dag.py:2941} INFO - Sync 1 DAGs
[2023-11-24T11:00:56.371+0800] {logging_mixin.py:154} INFO - [2023-11-24T11:00:56.370+0800] {dag.py:3722} INFO - Setting next_dagrun for tutorial_taskflow_api to None, run_after=None
[2023-11-24T11:00:56.402+0800] {processor.py:179} INFO - Processing /home/azfarmustafa/airflow_tutorial/.venv/lib/python3.10/site-packages/airflow/example_dags/tutorial_taskflow_api.py took 0.075 seconds
[2023-11-24T11:01:42.723+0800] {processor.py:157} INFO - Started process (PID=60942) to work on /home/azfarmustafa/airflow_tutorial/.venv/lib/python3.10/site-packages/airflow/example_dags/tutorial_taskflow_api.py
[2023-11-24T11:01:42.727+0800] {processor.py:829} INFO - Processing file /home/azfarmustafa/airflow_tutorial/.venv/lib/python3.10/site-packages/airflow/example_dags/tutorial_taskflow_api.py for tasks to queue
[2023-11-24T11:01:42.728+0800] {logging_mixin.py:154} INFO - [2023-11-24T11:01:42.728+0800] {dagbag.py:536} INFO - Filling up the DagBag from /home/azfarmustafa/airflow_tutorial/.venv/lib/python3.10/site-packages/airflow/example_dags/tutorial_taskflow_api.py
[2023-11-24T11:01:42.734+0800] {processor.py:839} INFO - DAG(s) dict_keys(['tutorial_taskflow_api']) retrieved from /home/azfarmustafa/airflow_tutorial/.venv/lib/python3.10/site-packages/airflow/example_dags/tutorial_taskflow_api.py
[2023-11-24T11:01:42.747+0800] {logging_mixin.py:154} INFO - [2023-11-24T11:01:42.747+0800] {dag.py:2941} INFO - Sync 1 DAGs
[2023-11-24T11:01:42.759+0800] {logging_mixin.py:154} INFO - [2023-11-24T11:01:42.758+0800] {dag.py:3722} INFO - Setting next_dagrun for tutorial_taskflow_api to None, run_after=None
[2023-11-24T11:01:42.784+0800] {processor.py:179} INFO - Processing /home/azfarmustafa/airflow_tutorial/.venv/lib/python3.10/site-packages/airflow/example_dags/tutorial_taskflow_api.py took 0.064 seconds
[2023-11-24T11:02:29.268+0800] {processor.py:157} INFO - Started process (PID=60989) to work on /home/azfarmustafa/airflow_tutorial/.venv/lib/python3.10/site-packages/airflow/example_dags/tutorial_taskflow_api.py
[2023-11-24T11:02:29.269+0800] {processor.py:829} INFO - Processing file /home/azfarmustafa/airflow_tutorial/.venv/lib/python3.10/site-packages/airflow/example_dags/tutorial_taskflow_api.py for tasks to queue
[2023-11-24T11:02:29.270+0800] {logging_mixin.py:154} INFO - [2023-11-24T11:02:29.270+0800] {dagbag.py:536} INFO - Filling up the DagBag from /home/azfarmustafa/airflow_tutorial/.venv/lib/python3.10/site-packages/airflow/example_dags/tutorial_taskflow_api.py
[2023-11-24T11:02:29.277+0800] {processor.py:839} INFO - DAG(s) dict_keys(['tutorial_taskflow_api']) retrieved from /home/azfarmustafa/airflow_tutorial/.venv/lib/python3.10/site-packages/airflow/example_dags/tutorial_taskflow_api.py
[2023-11-24T11:02:29.300+0800] {logging_mixin.py:154} INFO - [2023-11-24T11:02:29.300+0800] {dag.py:2941} INFO - Sync 1 DAGs
[2023-11-24T11:02:29.311+0800] {logging_mixin.py:154} INFO - [2023-11-24T11:02:29.311+0800] {dag.py:3722} INFO - Setting next_dagrun for tutorial_taskflow_api to None, run_after=None
[2023-11-24T11:02:29.335+0800] {processor.py:179} INFO - Processing /home/azfarmustafa/airflow_tutorial/.venv/lib/python3.10/site-packages/airflow/example_dags/tutorial_taskflow_api.py took 0.070 seconds
[2023-11-24T11:03:12.461+0800] {processor.py:157} INFO - Started process (PID=61036) to work on /home/azfarmustafa/airflow_tutorial/.venv/lib/python3.10/site-packages/airflow/example_dags/tutorial_taskflow_api.py
[2023-11-24T11:03:12.479+0800] {processor.py:829} INFO - Processing file /home/azfarmustafa/airflow_tutorial/.venv/lib/python3.10/site-packages/airflow/example_dags/tutorial_taskflow_api.py for tasks to queue
[2023-11-24T11:03:12.480+0800] {logging_mixin.py:154} INFO - [2023-11-24T11:03:12.480+0800] {dagbag.py:536} INFO - Filling up the DagBag from /home/azfarmustafa/airflow_tutorial/.venv/lib/python3.10/site-packages/airflow/example_dags/tutorial_taskflow_api.py
[2023-11-24T11:03:12.487+0800] {processor.py:839} INFO - DAG(s) dict_keys(['tutorial_taskflow_api']) retrieved from /home/azfarmustafa/airflow_tutorial/.venv/lib/python3.10/site-packages/airflow/example_dags/tutorial_taskflow_api.py
[2023-11-24T11:03:12.506+0800] {logging_mixin.py:154} INFO - [2023-11-24T11:03:12.506+0800] {dag.py:2941} INFO - Sync 1 DAGs
[2023-11-24T11:03:12.525+0800] {logging_mixin.py:154} INFO - [2023-11-24T11:03:12.525+0800] {dag.py:3722} INFO - Setting next_dagrun for tutorial_taskflow_api to None, run_after=None
[2023-11-24T11:03:12.622+0800] {processor.py:179} INFO - Processing /home/azfarmustafa/airflow_tutorial/.venv/lib/python3.10/site-packages/airflow/example_dags/tutorial_taskflow_api.py took 0.168 seconds
[2023-11-24T11:03:54.293+0800] {processor.py:157} INFO - Started process (PID=61081) to work on /home/azfarmustafa/airflow_tutorial/.venv/lib/python3.10/site-packages/airflow/example_dags/tutorial_taskflow_api.py
[2023-11-24T11:03:54.295+0800] {processor.py:829} INFO - Processing file /home/azfarmustafa/airflow_tutorial/.venv/lib/python3.10/site-packages/airflow/example_dags/tutorial_taskflow_api.py for tasks to queue
[2023-11-24T11:03:54.296+0800] {logging_mixin.py:154} INFO - [2023-11-24T11:03:54.296+0800] {dagbag.py:536} INFO - Filling up the DagBag from /home/azfarmustafa/airflow_tutorial/.venv/lib/python3.10/site-packages/airflow/example_dags/tutorial_taskflow_api.py
[2023-11-24T11:03:54.303+0800] {processor.py:839} INFO - DAG(s) dict_keys(['tutorial_taskflow_api']) retrieved from /home/azfarmustafa/airflow_tutorial/.venv/lib/python3.10/site-packages/airflow/example_dags/tutorial_taskflow_api.py
[2023-11-24T11:03:54.321+0800] {logging_mixin.py:154} INFO - [2023-11-24T11:03:54.321+0800] {dag.py:2941} INFO - Sync 1 DAGs
[2023-11-24T11:03:54.336+0800] {logging_mixin.py:154} INFO - [2023-11-24T11:03:54.336+0800] {dag.py:3722} INFO - Setting next_dagrun for tutorial_taskflow_api to None, run_after=None
[2023-11-24T11:03:54.372+0800] {processor.py:179} INFO - Processing /home/azfarmustafa/airflow_tutorial/.venv/lib/python3.10/site-packages/airflow/example_dags/tutorial_taskflow_api.py took 0.083 seconds
[2023-11-24T11:04:41.586+0800] {processor.py:157} INFO - Started process (PID=61131) to work on /home/azfarmustafa/airflow_tutorial/.venv/lib/python3.10/site-packages/airflow/example_dags/tutorial_taskflow_api.py
[2023-11-24T11:04:41.587+0800] {processor.py:829} INFO - Processing file /home/azfarmustafa/airflow_tutorial/.venv/lib/python3.10/site-packages/airflow/example_dags/tutorial_taskflow_api.py for tasks to queue
[2023-11-24T11:04:41.588+0800] {logging_mixin.py:154} INFO - [2023-11-24T11:04:41.588+0800] {dagbag.py:536} INFO - Filling up the DagBag from /home/azfarmustafa/airflow_tutorial/.venv/lib/python3.10/site-packages/airflow/example_dags/tutorial_taskflow_api.py
[2023-11-24T11:04:41.593+0800] {processor.py:839} INFO - DAG(s) dict_keys(['tutorial_taskflow_api']) retrieved from /home/azfarmustafa/airflow_tutorial/.venv/lib/python3.10/site-packages/airflow/example_dags/tutorial_taskflow_api.py
[2023-11-24T11:04:41.610+0800] {logging_mixin.py:154} INFO - [2023-11-24T11:04:41.610+0800] {dag.py:2941} INFO - Sync 1 DAGs
[2023-11-24T11:04:41.624+0800] {logging_mixin.py:154} INFO - [2023-11-24T11:04:41.624+0800] {dag.py:3722} INFO - Setting next_dagrun for tutorial_taskflow_api to None, run_after=None
[2023-11-24T11:04:41.648+0800] {processor.py:179} INFO - Processing /home/azfarmustafa/airflow_tutorial/.venv/lib/python3.10/site-packages/airflow/example_dags/tutorial_taskflow_api.py took 0.066 seconds
