[2023-11-24T10:25:38.186+0800] {processor.py:157} INFO - Started process (PID=58695) to work on /home/azfarmustafa/airflow_tutorial/.venv/lib/python3.10/site-packages/airflow/example_dags/tutorial_taskflow_api_virtualenv.py
[2023-11-24T10:25:38.186+0800] {processor.py:829} INFO - Processing file /home/azfarmustafa/airflow_tutorial/.venv/lib/python3.10/site-packages/airflow/example_dags/tutorial_taskflow_api_virtualenv.py for tasks to queue
[2023-11-24T10:25:38.187+0800] {logging_mixin.py:154} INFO - [2023-11-24T10:25:38.187+0800] {dagbag.py:536} INFO - Filling up the DagBag from /home/azfarmustafa/airflow_tutorial/.venv/lib/python3.10/site-packages/airflow/example_dags/tutorial_taskflow_api_virtualenv.py
[2023-11-24T10:25:38.194+0800] {processor.py:839} INFO - DAG(s) dict_keys(['tutorial_taskflow_api_virtualenv']) retrieved from /home/azfarmustafa/airflow_tutorial/.venv/lib/python3.10/site-packages/airflow/example_dags/tutorial_taskflow_api_virtualenv.py
[2023-11-24T10:25:38.211+0800] {logging_mixin.py:154} INFO - [2023-11-24T10:25:38.210+0800] {dag.py:2941} INFO - Sync 1 DAGs
[2023-11-24T10:25:38.220+0800] {logging_mixin.py:154} INFO - [2023-11-24T10:25:38.220+0800] {dag.py:3722} INFO - Setting next_dagrun for tutorial_taskflow_api_virtualenv to None, run_after=None
[2023-11-24T10:25:38.249+0800] {processor.py:179} INFO - Processing /home/azfarmustafa/airflow_tutorial/.venv/lib/python3.10/site-packages/airflow/example_dags/tutorial_taskflow_api_virtualenv.py took 0.066 seconds
[2023-11-24T10:26:25.982+0800] {processor.py:157} INFO - Started process (PID=58745) to work on /home/azfarmustafa/airflow_tutorial/.venv/lib/python3.10/site-packages/airflow/example_dags/tutorial_taskflow_api_virtualenv.py
[2023-11-24T10:26:25.987+0800] {processor.py:829} INFO - Processing file /home/azfarmustafa/airflow_tutorial/.venv/lib/python3.10/site-packages/airflow/example_dags/tutorial_taskflow_api_virtualenv.py for tasks to queue
[2023-11-24T10:26:25.987+0800] {logging_mixin.py:154} INFO - [2023-11-24T10:26:25.987+0800] {dagbag.py:536} INFO - Filling up the DagBag from /home/azfarmustafa/airflow_tutorial/.venv/lib/python3.10/site-packages/airflow/example_dags/tutorial_taskflow_api_virtualenv.py
[2023-11-24T10:26:25.993+0800] {processor.py:839} INFO - DAG(s) dict_keys(['tutorial_taskflow_api_virtualenv']) retrieved from /home/azfarmustafa/airflow_tutorial/.venv/lib/python3.10/site-packages/airflow/example_dags/tutorial_taskflow_api_virtualenv.py
[2023-11-24T10:26:26.008+0800] {logging_mixin.py:154} INFO - [2023-11-24T10:26:26.008+0800] {dag.py:2941} INFO - Sync 1 DAGs
[2023-11-24T10:26:26.021+0800] {logging_mixin.py:154} INFO - [2023-11-24T10:26:26.020+0800] {dag.py:3722} INFO - Setting next_dagrun for tutorial_taskflow_api_virtualenv to None, run_after=None
[2023-11-24T10:26:26.047+0800] {processor.py:179} INFO - Processing /home/azfarmustafa/airflow_tutorial/.venv/lib/python3.10/site-packages/airflow/example_dags/tutorial_taskflow_api_virtualenv.py took 0.067 seconds
[2023-11-24T10:27:11.507+0800] {processor.py:157} INFO - Started process (PID=58798) to work on /home/azfarmustafa/airflow_tutorial/.venv/lib/python3.10/site-packages/airflow/example_dags/tutorial_taskflow_api_virtualenv.py
[2023-11-24T10:27:11.511+0800] {processor.py:829} INFO - Processing file /home/azfarmustafa/airflow_tutorial/.venv/lib/python3.10/site-packages/airflow/example_dags/tutorial_taskflow_api_virtualenv.py for tasks to queue
[2023-11-24T10:27:11.512+0800] {logging_mixin.py:154} INFO - [2023-11-24T10:27:11.511+0800] {dagbag.py:536} INFO - Filling up the DagBag from /home/azfarmustafa/airflow_tutorial/.venv/lib/python3.10/site-packages/airflow/example_dags/tutorial_taskflow_api_virtualenv.py
[2023-11-24T10:27:11.517+0800] {processor.py:839} INFO - DAG(s) dict_keys(['tutorial_taskflow_api_virtualenv']) retrieved from /home/azfarmustafa/airflow_tutorial/.venv/lib/python3.10/site-packages/airflow/example_dags/tutorial_taskflow_api_virtualenv.py
[2023-11-24T10:27:11.532+0800] {logging_mixin.py:154} INFO - [2023-11-24T10:27:11.532+0800] {dag.py:2941} INFO - Sync 1 DAGs
[2023-11-24T10:27:11.542+0800] {logging_mixin.py:154} INFO - [2023-11-24T10:27:11.542+0800] {dag.py:3722} INFO - Setting next_dagrun for tutorial_taskflow_api_virtualenv to None, run_after=None
[2023-11-24T10:27:11.566+0800] {processor.py:179} INFO - Processing /home/azfarmustafa/airflow_tutorial/.venv/lib/python3.10/site-packages/airflow/example_dags/tutorial_taskflow_api_virtualenv.py took 0.063 seconds
[2023-11-24T10:27:58.144+0800] {processor.py:157} INFO - Started process (PID=58845) to work on /home/azfarmustafa/airflow_tutorial/.venv/lib/python3.10/site-packages/airflow/example_dags/tutorial_taskflow_api_virtualenv.py
[2023-11-24T10:27:58.146+0800] {processor.py:829} INFO - Processing file /home/azfarmustafa/airflow_tutorial/.venv/lib/python3.10/site-packages/airflow/example_dags/tutorial_taskflow_api_virtualenv.py for tasks to queue
[2023-11-24T10:27:58.147+0800] {logging_mixin.py:154} INFO - [2023-11-24T10:27:58.147+0800] {dagbag.py:536} INFO - Filling up the DagBag from /home/azfarmustafa/airflow_tutorial/.venv/lib/python3.10/site-packages/airflow/example_dags/tutorial_taskflow_api_virtualenv.py
[2023-11-24T10:27:58.154+0800] {processor.py:839} INFO - DAG(s) dict_keys(['tutorial_taskflow_api_virtualenv']) retrieved from /home/azfarmustafa/airflow_tutorial/.venv/lib/python3.10/site-packages/airflow/example_dags/tutorial_taskflow_api_virtualenv.py
[2023-11-24T10:27:58.172+0800] {logging_mixin.py:154} INFO - [2023-11-24T10:27:58.172+0800] {dag.py:2941} INFO - Sync 1 DAGs
[2023-11-24T10:27:58.183+0800] {logging_mixin.py:154} INFO - [2023-11-24T10:27:58.183+0800] {dag.py:3722} INFO - Setting next_dagrun for tutorial_taskflow_api_virtualenv to None, run_after=None
[2023-11-24T10:27:58.208+0800] {processor.py:179} INFO - Processing /home/azfarmustafa/airflow_tutorial/.venv/lib/python3.10/site-packages/airflow/example_dags/tutorial_taskflow_api_virtualenv.py took 0.067 seconds
[2023-11-24T10:28:46.209+0800] {processor.py:157} INFO - Started process (PID=58899) to work on /home/azfarmustafa/airflow_tutorial/.venv/lib/python3.10/site-packages/airflow/example_dags/tutorial_taskflow_api_virtualenv.py
[2023-11-24T10:28:46.211+0800] {processor.py:829} INFO - Processing file /home/azfarmustafa/airflow_tutorial/.venv/lib/python3.10/site-packages/airflow/example_dags/tutorial_taskflow_api_virtualenv.py for tasks to queue
[2023-11-24T10:28:46.211+0800] {logging_mixin.py:154} INFO - [2023-11-24T10:28:46.211+0800] {dagbag.py:536} INFO - Filling up the DagBag from /home/azfarmustafa/airflow_tutorial/.venv/lib/python3.10/site-packages/airflow/example_dags/tutorial_taskflow_api_virtualenv.py
[2023-11-24T10:28:46.217+0800] {processor.py:839} INFO - DAG(s) dict_keys(['tutorial_taskflow_api_virtualenv']) retrieved from /home/azfarmustafa/airflow_tutorial/.venv/lib/python3.10/site-packages/airflow/example_dags/tutorial_taskflow_api_virtualenv.py
[2023-11-24T10:28:46.233+0800] {logging_mixin.py:154} INFO - [2023-11-24T10:28:46.233+0800] {dag.py:2941} INFO - Sync 1 DAGs
[2023-11-24T10:28:46.244+0800] {logging_mixin.py:154} INFO - [2023-11-24T10:28:46.244+0800] {dag.py:3722} INFO - Setting next_dagrun for tutorial_taskflow_api_virtualenv to None, run_after=None
[2023-11-24T10:28:46.274+0800] {processor.py:179} INFO - Processing /home/azfarmustafa/airflow_tutorial/.venv/lib/python3.10/site-packages/airflow/example_dags/tutorial_taskflow_api_virtualenv.py took 0.068 seconds
[2023-11-24T10:29:33.021+0800] {processor.py:157} INFO - Started process (PID=58947) to work on /home/azfarmustafa/airflow_tutorial/.venv/lib/python3.10/site-packages/airflow/example_dags/tutorial_taskflow_api_virtualenv.py
[2023-11-24T10:29:33.025+0800] {processor.py:829} INFO - Processing file /home/azfarmustafa/airflow_tutorial/.venv/lib/python3.10/site-packages/airflow/example_dags/tutorial_taskflow_api_virtualenv.py for tasks to queue
[2023-11-24T10:29:33.026+0800] {logging_mixin.py:154} INFO - [2023-11-24T10:29:33.026+0800] {dagbag.py:536} INFO - Filling up the DagBag from /home/azfarmustafa/airflow_tutorial/.venv/lib/python3.10/site-packages/airflow/example_dags/tutorial_taskflow_api_virtualenv.py
[2023-11-24T10:29:33.032+0800] {processor.py:839} INFO - DAG(s) dict_keys(['tutorial_taskflow_api_virtualenv']) retrieved from /home/azfarmustafa/airflow_tutorial/.venv/lib/python3.10/site-packages/airflow/example_dags/tutorial_taskflow_api_virtualenv.py
[2023-11-24T10:29:33.048+0800] {logging_mixin.py:154} INFO - [2023-11-24T10:29:33.048+0800] {dag.py:2941} INFO - Sync 1 DAGs
[2023-11-24T10:29:33.062+0800] {logging_mixin.py:154} INFO - [2023-11-24T10:29:33.061+0800] {dag.py:3722} INFO - Setting next_dagrun for tutorial_taskflow_api_virtualenv to None, run_after=None
[2023-11-24T10:29:33.088+0800] {processor.py:179} INFO - Processing /home/azfarmustafa/airflow_tutorial/.venv/lib/python3.10/site-packages/airflow/example_dags/tutorial_taskflow_api_virtualenv.py took 0.070 seconds
[2023-11-24T10:30:21.443+0800] {processor.py:157} INFO - Started process (PID=58996) to work on /home/azfarmustafa/airflow_tutorial/.venv/lib/python3.10/site-packages/airflow/example_dags/tutorial_taskflow_api_virtualenv.py
[2023-11-24T10:30:21.448+0800] {processor.py:829} INFO - Processing file /home/azfarmustafa/airflow_tutorial/.venv/lib/python3.10/site-packages/airflow/example_dags/tutorial_taskflow_api_virtualenv.py for tasks to queue
[2023-11-24T10:30:21.449+0800] {logging_mixin.py:154} INFO - [2023-11-24T10:30:21.448+0800] {dagbag.py:536} INFO - Filling up the DagBag from /home/azfarmustafa/airflow_tutorial/.venv/lib/python3.10/site-packages/airflow/example_dags/tutorial_taskflow_api_virtualenv.py
[2023-11-24T10:30:21.455+0800] {processor.py:839} INFO - DAG(s) dict_keys(['tutorial_taskflow_api_virtualenv']) retrieved from /home/azfarmustafa/airflow_tutorial/.venv/lib/python3.10/site-packages/airflow/example_dags/tutorial_taskflow_api_virtualenv.py
[2023-11-24T10:30:21.470+0800] {logging_mixin.py:154} INFO - [2023-11-24T10:30:21.470+0800] {dag.py:2941} INFO - Sync 1 DAGs
[2023-11-24T10:30:21.482+0800] {logging_mixin.py:154} INFO - [2023-11-24T10:30:21.482+0800] {dag.py:3722} INFO - Setting next_dagrun for tutorial_taskflow_api_virtualenv to None, run_after=None
[2023-11-24T10:30:21.512+0800] {processor.py:179} INFO - Processing /home/azfarmustafa/airflow_tutorial/.venv/lib/python3.10/site-packages/airflow/example_dags/tutorial_taskflow_api_virtualenv.py took 0.073 seconds
[2023-11-24T10:31:08.158+0800] {processor.py:157} INFO - Started process (PID=59044) to work on /home/azfarmustafa/airflow_tutorial/.venv/lib/python3.10/site-packages/airflow/example_dags/tutorial_taskflow_api_virtualenv.py
[2023-11-24T10:31:08.162+0800] {processor.py:829} INFO - Processing file /home/azfarmustafa/airflow_tutorial/.venv/lib/python3.10/site-packages/airflow/example_dags/tutorial_taskflow_api_virtualenv.py for tasks to queue
[2023-11-24T10:31:08.163+0800] {logging_mixin.py:154} INFO - [2023-11-24T10:31:08.162+0800] {dagbag.py:536} INFO - Filling up the DagBag from /home/azfarmustafa/airflow_tutorial/.venv/lib/python3.10/site-packages/airflow/example_dags/tutorial_taskflow_api_virtualenv.py
[2023-11-24T10:31:08.169+0800] {processor.py:839} INFO - DAG(s) dict_keys(['tutorial_taskflow_api_virtualenv']) retrieved from /home/azfarmustafa/airflow_tutorial/.venv/lib/python3.10/site-packages/airflow/example_dags/tutorial_taskflow_api_virtualenv.py
[2023-11-24T10:31:08.196+0800] {logging_mixin.py:154} INFO - [2023-11-24T10:31:08.196+0800] {dag.py:2941} INFO - Sync 1 DAGs
[2023-11-24T10:31:08.209+0800] {logging_mixin.py:154} INFO - [2023-11-24T10:31:08.209+0800] {dag.py:3722} INFO - Setting next_dagrun for tutorial_taskflow_api_virtualenv to None, run_after=None
[2023-11-24T10:31:08.239+0800] {processor.py:179} INFO - Processing /home/azfarmustafa/airflow_tutorial/.venv/lib/python3.10/site-packages/airflow/example_dags/tutorial_taskflow_api_virtualenv.py took 0.084 seconds
[2023-11-24T10:31:52.809+0800] {processor.py:157} INFO - Started process (PID=59090) to work on /home/azfarmustafa/airflow_tutorial/.venv/lib/python3.10/site-packages/airflow/example_dags/tutorial_taskflow_api_virtualenv.py
[2023-11-24T10:31:52.813+0800] {processor.py:829} INFO - Processing file /home/azfarmustafa/airflow_tutorial/.venv/lib/python3.10/site-packages/airflow/example_dags/tutorial_taskflow_api_virtualenv.py for tasks to queue
[2023-11-24T10:31:52.814+0800] {logging_mixin.py:154} INFO - [2023-11-24T10:31:52.814+0800] {dagbag.py:536} INFO - Filling up the DagBag from /home/azfarmustafa/airflow_tutorial/.venv/lib/python3.10/site-packages/airflow/example_dags/tutorial_taskflow_api_virtualenv.py
[2023-11-24T10:31:52.822+0800] {processor.py:839} INFO - DAG(s) dict_keys(['tutorial_taskflow_api_virtualenv']) retrieved from /home/azfarmustafa/airflow_tutorial/.venv/lib/python3.10/site-packages/airflow/example_dags/tutorial_taskflow_api_virtualenv.py
[2023-11-24T10:31:52.837+0800] {logging_mixin.py:154} INFO - [2023-11-24T10:31:52.837+0800] {dag.py:2941} INFO - Sync 1 DAGs
[2023-11-24T10:31:52.848+0800] {logging_mixin.py:154} INFO - [2023-11-24T10:31:52.848+0800] {dag.py:3722} INFO - Setting next_dagrun for tutorial_taskflow_api_virtualenv to None, run_after=None
[2023-11-24T10:31:52.874+0800] {processor.py:179} INFO - Processing /home/azfarmustafa/airflow_tutorial/.venv/lib/python3.10/site-packages/airflow/example_dags/tutorial_taskflow_api_virtualenv.py took 0.070 seconds
[2023-11-24T10:32:43.583+0800] {processor.py:157} INFO - Started process (PID=59140) to work on /home/azfarmustafa/airflow_tutorial/.venv/lib/python3.10/site-packages/airflow/example_dags/tutorial_taskflow_api_virtualenv.py
[2023-11-24T10:32:43.588+0800] {processor.py:829} INFO - Processing file /home/azfarmustafa/airflow_tutorial/.venv/lib/python3.10/site-packages/airflow/example_dags/tutorial_taskflow_api_virtualenv.py for tasks to queue
[2023-11-24T10:32:43.588+0800] {logging_mixin.py:154} INFO - [2023-11-24T10:32:43.588+0800] {dagbag.py:536} INFO - Filling up the DagBag from /home/azfarmustafa/airflow_tutorial/.venv/lib/python3.10/site-packages/airflow/example_dags/tutorial_taskflow_api_virtualenv.py
[2023-11-24T10:32:43.595+0800] {processor.py:839} INFO - DAG(s) dict_keys(['tutorial_taskflow_api_virtualenv']) retrieved from /home/azfarmustafa/airflow_tutorial/.venv/lib/python3.10/site-packages/airflow/example_dags/tutorial_taskflow_api_virtualenv.py
[2023-11-24T10:32:43.608+0800] {logging_mixin.py:154} INFO - [2023-11-24T10:32:43.608+0800] {dag.py:2941} INFO - Sync 1 DAGs
[2023-11-24T10:32:43.618+0800] {logging_mixin.py:154} INFO - [2023-11-24T10:32:43.618+0800] {dag.py:3722} INFO - Setting next_dagrun for tutorial_taskflow_api_virtualenv to None, run_after=None
[2023-11-24T10:32:43.640+0800] {processor.py:179} INFO - Processing /home/azfarmustafa/airflow_tutorial/.venv/lib/python3.10/site-packages/airflow/example_dags/tutorial_taskflow_api_virtualenv.py took 0.059 seconds
[2023-11-24T10:33:34.300+0800] {processor.py:157} INFO - Started process (PID=59190) to work on /home/azfarmustafa/airflow_tutorial/.venv/lib/python3.10/site-packages/airflow/example_dags/tutorial_taskflow_api_virtualenv.py
[2023-11-24T10:33:34.304+0800] {processor.py:829} INFO - Processing file /home/azfarmustafa/airflow_tutorial/.venv/lib/python3.10/site-packages/airflow/example_dags/tutorial_taskflow_api_virtualenv.py for tasks to queue
[2023-11-24T10:33:34.305+0800] {logging_mixin.py:154} INFO - [2023-11-24T10:33:34.305+0800] {dagbag.py:536} INFO - Filling up the DagBag from /home/azfarmustafa/airflow_tutorial/.venv/lib/python3.10/site-packages/airflow/example_dags/tutorial_taskflow_api_virtualenv.py
[2023-11-24T10:33:34.311+0800] {processor.py:839} INFO - DAG(s) dict_keys(['tutorial_taskflow_api_virtualenv']) retrieved from /home/azfarmustafa/airflow_tutorial/.venv/lib/python3.10/site-packages/airflow/example_dags/tutorial_taskflow_api_virtualenv.py
[2023-11-24T10:33:34.325+0800] {logging_mixin.py:154} INFO - [2023-11-24T10:33:34.324+0800] {dag.py:2941} INFO - Sync 1 DAGs
[2023-11-24T10:33:34.334+0800] {logging_mixin.py:154} INFO - [2023-11-24T10:33:34.334+0800] {dag.py:3722} INFO - Setting next_dagrun for tutorial_taskflow_api_virtualenv to None, run_after=None
[2023-11-24T10:33:34.357+0800] {processor.py:179} INFO - Processing /home/azfarmustafa/airflow_tutorial/.venv/lib/python3.10/site-packages/airflow/example_dags/tutorial_taskflow_api_virtualenv.py took 0.060 seconds
[2023-11-24T10:34:09.459+0800] {processor.py:157} INFO - Started process (PID=59224) to work on /home/azfarmustafa/airflow_tutorial/.venv/lib/python3.10/site-packages/airflow/example_dags/tutorial_taskflow_api_virtualenv.py
[2023-11-24T10:34:09.465+0800] {processor.py:829} INFO - Processing file /home/azfarmustafa/airflow_tutorial/.venv/lib/python3.10/site-packages/airflow/example_dags/tutorial_taskflow_api_virtualenv.py for tasks to queue
[2023-11-24T10:34:09.467+0800] {logging_mixin.py:154} INFO - [2023-11-24T10:34:09.466+0800] {dagbag.py:536} INFO - Filling up the DagBag from /home/azfarmustafa/airflow_tutorial/.venv/lib/python3.10/site-packages/airflow/example_dags/tutorial_taskflow_api_virtualenv.py
[2023-11-24T10:34:09.476+0800] {processor.py:839} INFO - DAG(s) dict_keys(['tutorial_taskflow_api_virtualenv']) retrieved from /home/azfarmustafa/airflow_tutorial/.venv/lib/python3.10/site-packages/airflow/example_dags/tutorial_taskflow_api_virtualenv.py
[2023-11-24T10:34:09.499+0800] {logging_mixin.py:154} INFO - [2023-11-24T10:34:09.499+0800] {dag.py:2941} INFO - Sync 1 DAGs
[2023-11-24T10:34:09.512+0800] {logging_mixin.py:154} INFO - [2023-11-24T10:34:09.511+0800] {dag.py:3722} INFO - Setting next_dagrun for tutorial_taskflow_api_virtualenv to None, run_after=None
[2023-11-24T10:34:09.540+0800] {processor.py:179} INFO - Processing /home/azfarmustafa/airflow_tutorial/.venv/lib/python3.10/site-packages/airflow/example_dags/tutorial_taskflow_api_virtualenv.py took 0.102 seconds
[2023-11-24T10:34:53.280+0800] {processor.py:157} INFO - Started process (PID=59276) to work on /home/azfarmustafa/airflow_tutorial/.venv/lib/python3.10/site-packages/airflow/example_dags/tutorial_taskflow_api_virtualenv.py
[2023-11-24T10:34:53.284+0800] {processor.py:829} INFO - Processing file /home/azfarmustafa/airflow_tutorial/.venv/lib/python3.10/site-packages/airflow/example_dags/tutorial_taskflow_api_virtualenv.py for tasks to queue
[2023-11-24T10:34:53.285+0800] {logging_mixin.py:154} INFO - [2023-11-24T10:34:53.285+0800] {dagbag.py:536} INFO - Filling up the DagBag from /home/azfarmustafa/airflow_tutorial/.venv/lib/python3.10/site-packages/airflow/example_dags/tutorial_taskflow_api_virtualenv.py
[2023-11-24T10:34:53.291+0800] {processor.py:839} INFO - DAG(s) dict_keys(['tutorial_taskflow_api_virtualenv']) retrieved from /home/azfarmustafa/airflow_tutorial/.venv/lib/python3.10/site-packages/airflow/example_dags/tutorial_taskflow_api_virtualenv.py
[2023-11-24T10:34:53.306+0800] {logging_mixin.py:154} INFO - [2023-11-24T10:34:53.306+0800] {dag.py:2941} INFO - Sync 1 DAGs
[2023-11-24T10:34:53.316+0800] {logging_mixin.py:154} INFO - [2023-11-24T10:34:53.316+0800] {dag.py:3722} INFO - Setting next_dagrun for tutorial_taskflow_api_virtualenv to None, run_after=None
[2023-11-24T10:34:53.348+0800] {processor.py:179} INFO - Processing /home/azfarmustafa/airflow_tutorial/.venv/lib/python3.10/site-packages/airflow/example_dags/tutorial_taskflow_api_virtualenv.py took 0.070 seconds
[2023-11-24T10:35:41.846+0800] {processor.py:157} INFO - Started process (PID=59325) to work on /home/azfarmustafa/airflow_tutorial/.venv/lib/python3.10/site-packages/airflow/example_dags/tutorial_taskflow_api_virtualenv.py
[2023-11-24T10:35:41.847+0800] {processor.py:829} INFO - Processing file /home/azfarmustafa/airflow_tutorial/.venv/lib/python3.10/site-packages/airflow/example_dags/tutorial_taskflow_api_virtualenv.py for tasks to queue
[2023-11-24T10:35:41.848+0800] {logging_mixin.py:154} INFO - [2023-11-24T10:35:41.848+0800] {dagbag.py:536} INFO - Filling up the DagBag from /home/azfarmustafa/airflow_tutorial/.venv/lib/python3.10/site-packages/airflow/example_dags/tutorial_taskflow_api_virtualenv.py
[2023-11-24T10:35:41.854+0800] {processor.py:839} INFO - DAG(s) dict_keys(['tutorial_taskflow_api_virtualenv']) retrieved from /home/azfarmustafa/airflow_tutorial/.venv/lib/python3.10/site-packages/airflow/example_dags/tutorial_taskflow_api_virtualenv.py
[2023-11-24T10:35:41.868+0800] {logging_mixin.py:154} INFO - [2023-11-24T10:35:41.868+0800] {dag.py:2941} INFO - Sync 1 DAGs
[2023-11-24T10:35:41.879+0800] {logging_mixin.py:154} INFO - [2023-11-24T10:35:41.878+0800] {dag.py:3722} INFO - Setting next_dagrun for tutorial_taskflow_api_virtualenv to None, run_after=None
[2023-11-24T10:35:41.905+0800] {processor.py:179} INFO - Processing /home/azfarmustafa/airflow_tutorial/.venv/lib/python3.10/site-packages/airflow/example_dags/tutorial_taskflow_api_virtualenv.py took 0.062 seconds
[2023-11-24T10:36:21.920+0800] {processor.py:157} INFO - Started process (PID=59369) to work on /home/azfarmustafa/airflow_tutorial/.venv/lib/python3.10/site-packages/airflow/example_dags/tutorial_taskflow_api_virtualenv.py
[2023-11-24T10:36:21.925+0800] {processor.py:829} INFO - Processing file /home/azfarmustafa/airflow_tutorial/.venv/lib/python3.10/site-packages/airflow/example_dags/tutorial_taskflow_api_virtualenv.py for tasks to queue
[2023-11-24T10:36:21.926+0800] {logging_mixin.py:154} INFO - [2023-11-24T10:36:21.925+0800] {dagbag.py:536} INFO - Filling up the DagBag from /home/azfarmustafa/airflow_tutorial/.venv/lib/python3.10/site-packages/airflow/example_dags/tutorial_taskflow_api_virtualenv.py
[2023-11-24T10:36:21.931+0800] {processor.py:839} INFO - DAG(s) dict_keys(['tutorial_taskflow_api_virtualenv']) retrieved from /home/azfarmustafa/airflow_tutorial/.venv/lib/python3.10/site-packages/airflow/example_dags/tutorial_taskflow_api_virtualenv.py
[2023-11-24T10:36:21.949+0800] {logging_mixin.py:154} INFO - [2023-11-24T10:36:21.948+0800] {dag.py:2941} INFO - Sync 1 DAGs
[2023-11-24T10:36:21.962+0800] {logging_mixin.py:154} INFO - [2023-11-24T10:36:21.962+0800] {dag.py:3722} INFO - Setting next_dagrun for tutorial_taskflow_api_virtualenv to None, run_after=None
[2023-11-24T10:36:21.992+0800] {processor.py:179} INFO - Processing /home/azfarmustafa/airflow_tutorial/.venv/lib/python3.10/site-packages/airflow/example_dags/tutorial_taskflow_api_virtualenv.py took 0.076 seconds
[2023-11-24T10:37:04.688+0800] {processor.py:157} INFO - Started process (PID=59412) to work on /home/azfarmustafa/airflow_tutorial/.venv/lib/python3.10/site-packages/airflow/example_dags/tutorial_taskflow_api_virtualenv.py
[2023-11-24T10:37:04.693+0800] {processor.py:829} INFO - Processing file /home/azfarmustafa/airflow_tutorial/.venv/lib/python3.10/site-packages/airflow/example_dags/tutorial_taskflow_api_virtualenv.py for tasks to queue
[2023-11-24T10:37:04.694+0800] {logging_mixin.py:154} INFO - [2023-11-24T10:37:04.693+0800] {dagbag.py:536} INFO - Filling up the DagBag from /home/azfarmustafa/airflow_tutorial/.venv/lib/python3.10/site-packages/airflow/example_dags/tutorial_taskflow_api_virtualenv.py
[2023-11-24T10:37:04.700+0800] {processor.py:839} INFO - DAG(s) dict_keys(['tutorial_taskflow_api_virtualenv']) retrieved from /home/azfarmustafa/airflow_tutorial/.venv/lib/python3.10/site-packages/airflow/example_dags/tutorial_taskflow_api_virtualenv.py
[2023-11-24T10:37:04.714+0800] {logging_mixin.py:154} INFO - [2023-11-24T10:37:04.713+0800] {dag.py:2941} INFO - Sync 1 DAGs
[2023-11-24T10:37:04.723+0800] {logging_mixin.py:154} INFO - [2023-11-24T10:37:04.723+0800] {dag.py:3722} INFO - Setting next_dagrun for tutorial_taskflow_api_virtualenv to None, run_after=None
[2023-11-24T10:37:04.748+0800] {processor.py:179} INFO - Processing /home/azfarmustafa/airflow_tutorial/.venv/lib/python3.10/site-packages/airflow/example_dags/tutorial_taskflow_api_virtualenv.py took 0.063 seconds
[2023-11-24T10:37:48.989+0800] {processor.py:157} INFO - Started process (PID=59458) to work on /home/azfarmustafa/airflow_tutorial/.venv/lib/python3.10/site-packages/airflow/example_dags/tutorial_taskflow_api_virtualenv.py
[2023-11-24T10:37:48.991+0800] {processor.py:829} INFO - Processing file /home/azfarmustafa/airflow_tutorial/.venv/lib/python3.10/site-packages/airflow/example_dags/tutorial_taskflow_api_virtualenv.py for tasks to queue
[2023-11-24T10:37:48.993+0800] {logging_mixin.py:154} INFO - [2023-11-24T10:37:48.992+0800] {dagbag.py:536} INFO - Filling up the DagBag from /home/azfarmustafa/airflow_tutorial/.venv/lib/python3.10/site-packages/airflow/example_dags/tutorial_taskflow_api_virtualenv.py
[2023-11-24T10:37:49.000+0800] {processor.py:839} INFO - DAG(s) dict_keys(['tutorial_taskflow_api_virtualenv']) retrieved from /home/azfarmustafa/airflow_tutorial/.venv/lib/python3.10/site-packages/airflow/example_dags/tutorial_taskflow_api_virtualenv.py
[2023-11-24T10:37:49.015+0800] {logging_mixin.py:154} INFO - [2023-11-24T10:37:49.014+0800] {dag.py:2941} INFO - Sync 1 DAGs
[2023-11-24T10:37:49.024+0800] {logging_mixin.py:154} INFO - [2023-11-24T10:37:49.024+0800] {dag.py:3722} INFO - Setting next_dagrun for tutorial_taskflow_api_virtualenv to None, run_after=None
[2023-11-24T10:37:49.049+0800] {processor.py:179} INFO - Processing /home/azfarmustafa/airflow_tutorial/.venv/lib/python3.10/site-packages/airflow/example_dags/tutorial_taskflow_api_virtualenv.py took 0.063 seconds
[2023-11-24T10:38:24.546+0800] {processor.py:157} INFO - Started process (PID=59494) to work on /home/azfarmustafa/airflow_tutorial/.venv/lib/python3.10/site-packages/airflow/example_dags/tutorial_taskflow_api_virtualenv.py
[2023-11-24T10:38:24.547+0800] {processor.py:829} INFO - Processing file /home/azfarmustafa/airflow_tutorial/.venv/lib/python3.10/site-packages/airflow/example_dags/tutorial_taskflow_api_virtualenv.py for tasks to queue
[2023-11-24T10:38:24.548+0800] {logging_mixin.py:154} INFO - [2023-11-24T10:38:24.548+0800] {dagbag.py:536} INFO - Filling up the DagBag from /home/azfarmustafa/airflow_tutorial/.venv/lib/python3.10/site-packages/airflow/example_dags/tutorial_taskflow_api_virtualenv.py
[2023-11-24T10:38:24.554+0800] {processor.py:839} INFO - DAG(s) dict_keys(['tutorial_taskflow_api_virtualenv']) retrieved from /home/azfarmustafa/airflow_tutorial/.venv/lib/python3.10/site-packages/airflow/example_dags/tutorial_taskflow_api_virtualenv.py
[2023-11-24T10:38:24.568+0800] {logging_mixin.py:154} INFO - [2023-11-24T10:38:24.568+0800] {dag.py:2941} INFO - Sync 1 DAGs
[2023-11-24T10:38:24.578+0800] {logging_mixin.py:154} INFO - [2023-11-24T10:38:24.578+0800] {dag.py:3722} INFO - Setting next_dagrun for tutorial_taskflow_api_virtualenv to None, run_after=None
[2023-11-24T10:38:24.605+0800] {processor.py:179} INFO - Processing /home/azfarmustafa/airflow_tutorial/.venv/lib/python3.10/site-packages/airflow/example_dags/tutorial_taskflow_api_virtualenv.py took 0.061 seconds
[2023-11-24T10:39:13.855+0800] {processor.py:157} INFO - Started process (PID=59543) to work on /home/azfarmustafa/airflow_tutorial/.venv/lib/python3.10/site-packages/airflow/example_dags/tutorial_taskflow_api_virtualenv.py
[2023-11-24T10:39:13.859+0800] {processor.py:829} INFO - Processing file /home/azfarmustafa/airflow_tutorial/.venv/lib/python3.10/site-packages/airflow/example_dags/tutorial_taskflow_api_virtualenv.py for tasks to queue
[2023-11-24T10:39:13.860+0800] {logging_mixin.py:154} INFO - [2023-11-24T10:39:13.860+0800] {dagbag.py:536} INFO - Filling up the DagBag from /home/azfarmustafa/airflow_tutorial/.venv/lib/python3.10/site-packages/airflow/example_dags/tutorial_taskflow_api_virtualenv.py
[2023-11-24T10:39:13.867+0800] {processor.py:839} INFO - DAG(s) dict_keys(['tutorial_taskflow_api_virtualenv']) retrieved from /home/azfarmustafa/airflow_tutorial/.venv/lib/python3.10/site-packages/airflow/example_dags/tutorial_taskflow_api_virtualenv.py
[2023-11-24T10:39:13.883+0800] {logging_mixin.py:154} INFO - [2023-11-24T10:39:13.883+0800] {dag.py:2941} INFO - Sync 1 DAGs
[2023-11-24T10:39:13.895+0800] {logging_mixin.py:154} INFO - [2023-11-24T10:39:13.894+0800] {dag.py:3722} INFO - Setting next_dagrun for tutorial_taskflow_api_virtualenv to None, run_after=None
[2023-11-24T10:39:13.988+0800] {processor.py:179} INFO - Processing /home/azfarmustafa/airflow_tutorial/.venv/lib/python3.10/site-packages/airflow/example_dags/tutorial_taskflow_api_virtualenv.py took 0.136 seconds
[2023-11-24T10:40:03.987+0800] {processor.py:157} INFO - Started process (PID=59592) to work on /home/azfarmustafa/airflow_tutorial/.venv/lib/python3.10/site-packages/airflow/example_dags/tutorial_taskflow_api_virtualenv.py
[2023-11-24T10:40:03.988+0800] {processor.py:829} INFO - Processing file /home/azfarmustafa/airflow_tutorial/.venv/lib/python3.10/site-packages/airflow/example_dags/tutorial_taskflow_api_virtualenv.py for tasks to queue
[2023-11-24T10:40:03.989+0800] {logging_mixin.py:154} INFO - [2023-11-24T10:40:03.989+0800] {dagbag.py:536} INFO - Filling up the DagBag from /home/azfarmustafa/airflow_tutorial/.venv/lib/python3.10/site-packages/airflow/example_dags/tutorial_taskflow_api_virtualenv.py
[2023-11-24T10:40:03.996+0800] {processor.py:839} INFO - DAG(s) dict_keys(['tutorial_taskflow_api_virtualenv']) retrieved from /home/azfarmustafa/airflow_tutorial/.venv/lib/python3.10/site-packages/airflow/example_dags/tutorial_taskflow_api_virtualenv.py
[2023-11-24T10:40:04.011+0800] {logging_mixin.py:154} INFO - [2023-11-24T10:40:04.011+0800] {dag.py:2941} INFO - Sync 1 DAGs
[2023-11-24T10:40:04.023+0800] {logging_mixin.py:154} INFO - [2023-11-24T10:40:04.023+0800] {dag.py:3722} INFO - Setting next_dagrun for tutorial_taskflow_api_virtualenv to None, run_after=None
[2023-11-24T10:40:04.050+0800] {processor.py:179} INFO - Processing /home/azfarmustafa/airflow_tutorial/.venv/lib/python3.10/site-packages/airflow/example_dags/tutorial_taskflow_api_virtualenv.py took 0.067 seconds
[2023-11-24T10:40:48.228+0800] {processor.py:157} INFO - Started process (PID=59638) to work on /home/azfarmustafa/airflow_tutorial/.venv/lib/python3.10/site-packages/airflow/example_dags/tutorial_taskflow_api_virtualenv.py
[2023-11-24T10:40:48.232+0800] {processor.py:829} INFO - Processing file /home/azfarmustafa/airflow_tutorial/.venv/lib/python3.10/site-packages/airflow/example_dags/tutorial_taskflow_api_virtualenv.py for tasks to queue
[2023-11-24T10:40:48.233+0800] {logging_mixin.py:154} INFO - [2023-11-24T10:40:48.232+0800] {dagbag.py:536} INFO - Filling up the DagBag from /home/azfarmustafa/airflow_tutorial/.venv/lib/python3.10/site-packages/airflow/example_dags/tutorial_taskflow_api_virtualenv.py
[2023-11-24T10:40:48.239+0800] {processor.py:839} INFO - DAG(s) dict_keys(['tutorial_taskflow_api_virtualenv']) retrieved from /home/azfarmustafa/airflow_tutorial/.venv/lib/python3.10/site-packages/airflow/example_dags/tutorial_taskflow_api_virtualenv.py
[2023-11-24T10:40:48.252+0800] {logging_mixin.py:154} INFO - [2023-11-24T10:40:48.252+0800] {dag.py:2941} INFO - Sync 1 DAGs
[2023-11-24T10:40:48.262+0800] {logging_mixin.py:154} INFO - [2023-11-24T10:40:48.262+0800] {dag.py:3722} INFO - Setting next_dagrun for tutorial_taskflow_api_virtualenv to None, run_after=None
[2023-11-24T10:40:48.285+0800] {processor.py:179} INFO - Processing /home/azfarmustafa/airflow_tutorial/.venv/lib/python3.10/site-packages/airflow/example_dags/tutorial_taskflow_api_virtualenv.py took 0.060 seconds
[2023-11-24T10:41:37.401+0800] {processor.py:157} INFO - Started process (PID=59693) to work on /home/azfarmustafa/airflow_tutorial/.venv/lib/python3.10/site-packages/airflow/example_dags/tutorial_taskflow_api_virtualenv.py
[2023-11-24T10:41:37.402+0800] {processor.py:829} INFO - Processing file /home/azfarmustafa/airflow_tutorial/.venv/lib/python3.10/site-packages/airflow/example_dags/tutorial_taskflow_api_virtualenv.py for tasks to queue
[2023-11-24T10:41:37.403+0800] {logging_mixin.py:154} INFO - [2023-11-24T10:41:37.403+0800] {dagbag.py:536} INFO - Filling up the DagBag from /home/azfarmustafa/airflow_tutorial/.venv/lib/python3.10/site-packages/airflow/example_dags/tutorial_taskflow_api_virtualenv.py
[2023-11-24T10:41:37.409+0800] {processor.py:839} INFO - DAG(s) dict_keys(['tutorial_taskflow_api_virtualenv']) retrieved from /home/azfarmustafa/airflow_tutorial/.venv/lib/python3.10/site-packages/airflow/example_dags/tutorial_taskflow_api_virtualenv.py
[2023-11-24T10:41:37.422+0800] {logging_mixin.py:154} INFO - [2023-11-24T10:41:37.422+0800] {dag.py:2941} INFO - Sync 1 DAGs
[2023-11-24T10:41:37.432+0800] {logging_mixin.py:154} INFO - [2023-11-24T10:41:37.432+0800] {dag.py:3722} INFO - Setting next_dagrun for tutorial_taskflow_api_virtualenv to None, run_after=None
[2023-11-24T10:41:37.456+0800] {processor.py:179} INFO - Processing /home/azfarmustafa/airflow_tutorial/.venv/lib/python3.10/site-packages/airflow/example_dags/tutorial_taskflow_api_virtualenv.py took 0.057 seconds
[2023-11-24T10:42:23.023+0800] {processor.py:157} INFO - Started process (PID=59740) to work on /home/azfarmustafa/airflow_tutorial/.venv/lib/python3.10/site-packages/airflow/example_dags/tutorial_taskflow_api_virtualenv.py
[2023-11-24T10:42:23.024+0800] {processor.py:829} INFO - Processing file /home/azfarmustafa/airflow_tutorial/.venv/lib/python3.10/site-packages/airflow/example_dags/tutorial_taskflow_api_virtualenv.py for tasks to queue
[2023-11-24T10:42:23.025+0800] {logging_mixin.py:154} INFO - [2023-11-24T10:42:23.025+0800] {dagbag.py:536} INFO - Filling up the DagBag from /home/azfarmustafa/airflow_tutorial/.venv/lib/python3.10/site-packages/airflow/example_dags/tutorial_taskflow_api_virtualenv.py
[2023-11-24T10:42:23.032+0800] {processor.py:839} INFO - DAG(s) dict_keys(['tutorial_taskflow_api_virtualenv']) retrieved from /home/azfarmustafa/airflow_tutorial/.venv/lib/python3.10/site-packages/airflow/example_dags/tutorial_taskflow_api_virtualenv.py
[2023-11-24T10:42:23.046+0800] {logging_mixin.py:154} INFO - [2023-11-24T10:42:23.045+0800] {dag.py:2941} INFO - Sync 1 DAGs
[2023-11-24T10:42:23.056+0800] {logging_mixin.py:154} INFO - [2023-11-24T10:42:23.056+0800] {dag.py:3722} INFO - Setting next_dagrun for tutorial_taskflow_api_virtualenv to None, run_after=None
[2023-11-24T10:42:23.079+0800] {processor.py:179} INFO - Processing /home/azfarmustafa/airflow_tutorial/.venv/lib/python3.10/site-packages/airflow/example_dags/tutorial_taskflow_api_virtualenv.py took 0.059 seconds
[2023-11-24T10:43:12.312+0800] {processor.py:157} INFO - Started process (PID=59789) to work on /home/azfarmustafa/airflow_tutorial/.venv/lib/python3.10/site-packages/airflow/example_dags/tutorial_taskflow_api_virtualenv.py
[2023-11-24T10:43:12.313+0800] {processor.py:829} INFO - Processing file /home/azfarmustafa/airflow_tutorial/.venv/lib/python3.10/site-packages/airflow/example_dags/tutorial_taskflow_api_virtualenv.py for tasks to queue
[2023-11-24T10:43:12.314+0800] {logging_mixin.py:154} INFO - [2023-11-24T10:43:12.314+0800] {dagbag.py:536} INFO - Filling up the DagBag from /home/azfarmustafa/airflow_tutorial/.venv/lib/python3.10/site-packages/airflow/example_dags/tutorial_taskflow_api_virtualenv.py
[2023-11-24T10:43:12.320+0800] {processor.py:839} INFO - DAG(s) dict_keys(['tutorial_taskflow_api_virtualenv']) retrieved from /home/azfarmustafa/airflow_tutorial/.venv/lib/python3.10/site-packages/airflow/example_dags/tutorial_taskflow_api_virtualenv.py
[2023-11-24T10:43:12.333+0800] {logging_mixin.py:154} INFO - [2023-11-24T10:43:12.333+0800] {dag.py:2941} INFO - Sync 1 DAGs
[2023-11-24T10:43:12.343+0800] {logging_mixin.py:154} INFO - [2023-11-24T10:43:12.343+0800] {dag.py:3722} INFO - Setting next_dagrun for tutorial_taskflow_api_virtualenv to None, run_after=None
[2023-11-24T10:43:12.365+0800] {processor.py:179} INFO - Processing /home/azfarmustafa/airflow_tutorial/.venv/lib/python3.10/site-packages/airflow/example_dags/tutorial_taskflow_api_virtualenv.py took 0.056 seconds
[2023-11-24T10:43:57.500+0800] {processor.py:157} INFO - Started process (PID=59836) to work on /home/azfarmustafa/airflow_tutorial/.venv/lib/python3.10/site-packages/airflow/example_dags/tutorial_taskflow_api_virtualenv.py
[2023-11-24T10:43:57.504+0800] {processor.py:829} INFO - Processing file /home/azfarmustafa/airflow_tutorial/.venv/lib/python3.10/site-packages/airflow/example_dags/tutorial_taskflow_api_virtualenv.py for tasks to queue
[2023-11-24T10:43:57.505+0800] {logging_mixin.py:154} INFO - [2023-11-24T10:43:57.504+0800] {dagbag.py:536} INFO - Filling up the DagBag from /home/azfarmustafa/airflow_tutorial/.venv/lib/python3.10/site-packages/airflow/example_dags/tutorial_taskflow_api_virtualenv.py
[2023-11-24T10:43:57.510+0800] {processor.py:839} INFO - DAG(s) dict_keys(['tutorial_taskflow_api_virtualenv']) retrieved from /home/azfarmustafa/airflow_tutorial/.venv/lib/python3.10/site-packages/airflow/example_dags/tutorial_taskflow_api_virtualenv.py
[2023-11-24T10:43:57.528+0800] {logging_mixin.py:154} INFO - [2023-11-24T10:43:57.528+0800] {dag.py:2941} INFO - Sync 1 DAGs
[2023-11-24T10:43:57.541+0800] {logging_mixin.py:154} INFO - [2023-11-24T10:43:57.540+0800] {dag.py:3722} INFO - Setting next_dagrun for tutorial_taskflow_api_virtualenv to None, run_after=None
[2023-11-24T10:43:57.570+0800] {processor.py:179} INFO - Processing /home/azfarmustafa/airflow_tutorial/.venv/lib/python3.10/site-packages/airflow/example_dags/tutorial_taskflow_api_virtualenv.py took 0.074 seconds
[2023-11-24T10:44:47.392+0800] {processor.py:157} INFO - Started process (PID=59886) to work on /home/azfarmustafa/airflow_tutorial/.venv/lib/python3.10/site-packages/airflow/example_dags/tutorial_taskflow_api_virtualenv.py
[2023-11-24T10:44:47.396+0800] {processor.py:829} INFO - Processing file /home/azfarmustafa/airflow_tutorial/.venv/lib/python3.10/site-packages/airflow/example_dags/tutorial_taskflow_api_virtualenv.py for tasks to queue
[2023-11-24T10:44:47.397+0800] {logging_mixin.py:154} INFO - [2023-11-24T10:44:47.397+0800] {dagbag.py:536} INFO - Filling up the DagBag from /home/azfarmustafa/airflow_tutorial/.venv/lib/python3.10/site-packages/airflow/example_dags/tutorial_taskflow_api_virtualenv.py
[2023-11-24T10:44:47.403+0800] {processor.py:839} INFO - DAG(s) dict_keys(['tutorial_taskflow_api_virtualenv']) retrieved from /home/azfarmustafa/airflow_tutorial/.venv/lib/python3.10/site-packages/airflow/example_dags/tutorial_taskflow_api_virtualenv.py
[2023-11-24T10:44:47.417+0800] {logging_mixin.py:154} INFO - [2023-11-24T10:44:47.416+0800] {dag.py:2941} INFO - Sync 1 DAGs
[2023-11-24T10:44:47.426+0800] {logging_mixin.py:154} INFO - [2023-11-24T10:44:47.426+0800] {dag.py:3722} INFO - Setting next_dagrun for tutorial_taskflow_api_virtualenv to None, run_after=None
[2023-11-24T10:44:47.453+0800] {processor.py:179} INFO - Processing /home/azfarmustafa/airflow_tutorial/.venv/lib/python3.10/site-packages/airflow/example_dags/tutorial_taskflow_api_virtualenv.py took 0.064 seconds
[2023-11-24T10:45:34.560+0800] {processor.py:157} INFO - Started process (PID=59934) to work on /home/azfarmustafa/airflow_tutorial/.venv/lib/python3.10/site-packages/airflow/example_dags/tutorial_taskflow_api_virtualenv.py
[2023-11-24T10:45:34.565+0800] {processor.py:829} INFO - Processing file /home/azfarmustafa/airflow_tutorial/.venv/lib/python3.10/site-packages/airflow/example_dags/tutorial_taskflow_api_virtualenv.py for tasks to queue
[2023-11-24T10:45:34.566+0800] {logging_mixin.py:154} INFO - [2023-11-24T10:45:34.565+0800] {dagbag.py:536} INFO - Filling up the DagBag from /home/azfarmustafa/airflow_tutorial/.venv/lib/python3.10/site-packages/airflow/example_dags/tutorial_taskflow_api_virtualenv.py
[2023-11-24T10:45:34.572+0800] {processor.py:839} INFO - DAG(s) dict_keys(['tutorial_taskflow_api_virtualenv']) retrieved from /home/azfarmustafa/airflow_tutorial/.venv/lib/python3.10/site-packages/airflow/example_dags/tutorial_taskflow_api_virtualenv.py
[2023-11-24T10:45:34.586+0800] {logging_mixin.py:154} INFO - [2023-11-24T10:45:34.586+0800] {dag.py:2941} INFO - Sync 1 DAGs
[2023-11-24T10:45:34.599+0800] {logging_mixin.py:154} INFO - [2023-11-24T10:45:34.599+0800] {dag.py:3722} INFO - Setting next_dagrun for tutorial_taskflow_api_virtualenv to None, run_after=None
[2023-11-24T10:45:34.624+0800] {processor.py:179} INFO - Processing /home/azfarmustafa/airflow_tutorial/.venv/lib/python3.10/site-packages/airflow/example_dags/tutorial_taskflow_api_virtualenv.py took 0.068 seconds
[2023-11-24T10:46:21.381+0800] {processor.py:157} INFO - Started process (PID=59981) to work on /home/azfarmustafa/airflow_tutorial/.venv/lib/python3.10/site-packages/airflow/example_dags/tutorial_taskflow_api_virtualenv.py
[2023-11-24T10:46:21.383+0800] {processor.py:829} INFO - Processing file /home/azfarmustafa/airflow_tutorial/.venv/lib/python3.10/site-packages/airflow/example_dags/tutorial_taskflow_api_virtualenv.py for tasks to queue
[2023-11-24T10:46:21.383+0800] {logging_mixin.py:154} INFO - [2023-11-24T10:46:21.383+0800] {dagbag.py:536} INFO - Filling up the DagBag from /home/azfarmustafa/airflow_tutorial/.venv/lib/python3.10/site-packages/airflow/example_dags/tutorial_taskflow_api_virtualenv.py
[2023-11-24T10:46:21.391+0800] {processor.py:839} INFO - DAG(s) dict_keys(['tutorial_taskflow_api_virtualenv']) retrieved from /home/azfarmustafa/airflow_tutorial/.venv/lib/python3.10/site-packages/airflow/example_dags/tutorial_taskflow_api_virtualenv.py
[2023-11-24T10:46:21.407+0800] {logging_mixin.py:154} INFO - [2023-11-24T10:46:21.407+0800] {dag.py:2941} INFO - Sync 1 DAGs
[2023-11-24T10:46:21.418+0800] {logging_mixin.py:154} INFO - [2023-11-24T10:46:21.417+0800] {dag.py:3722} INFO - Setting next_dagrun for tutorial_taskflow_api_virtualenv to None, run_after=None
[2023-11-24T10:46:21.447+0800] {processor.py:179} INFO - Processing /home/azfarmustafa/airflow_tutorial/.venv/lib/python3.10/site-packages/airflow/example_dags/tutorial_taskflow_api_virtualenv.py took 0.068 seconds
[2023-11-24T10:47:07.068+0800] {processor.py:157} INFO - Started process (PID=60034) to work on /home/azfarmustafa/airflow_tutorial/.venv/lib/python3.10/site-packages/airflow/example_dags/tutorial_taskflow_api_virtualenv.py
[2023-11-24T10:47:07.072+0800] {processor.py:829} INFO - Processing file /home/azfarmustafa/airflow_tutorial/.venv/lib/python3.10/site-packages/airflow/example_dags/tutorial_taskflow_api_virtualenv.py for tasks to queue
[2023-11-24T10:47:07.072+0800] {logging_mixin.py:154} INFO - [2023-11-24T10:47:07.072+0800] {dagbag.py:536} INFO - Filling up the DagBag from /home/azfarmustafa/airflow_tutorial/.venv/lib/python3.10/site-packages/airflow/example_dags/tutorial_taskflow_api_virtualenv.py
[2023-11-24T10:47:07.079+0800] {processor.py:839} INFO - DAG(s) dict_keys(['tutorial_taskflow_api_virtualenv']) retrieved from /home/azfarmustafa/airflow_tutorial/.venv/lib/python3.10/site-packages/airflow/example_dags/tutorial_taskflow_api_virtualenv.py
[2023-11-24T10:47:07.093+0800] {logging_mixin.py:154} INFO - [2023-11-24T10:47:07.092+0800] {dag.py:2941} INFO - Sync 1 DAGs
[2023-11-24T10:47:07.104+0800] {logging_mixin.py:154} INFO - [2023-11-24T10:47:07.104+0800] {dag.py:3722} INFO - Setting next_dagrun for tutorial_taskflow_api_virtualenv to None, run_after=None
[2023-11-24T10:47:07.129+0800] {processor.py:179} INFO - Processing /home/azfarmustafa/airflow_tutorial/.venv/lib/python3.10/site-packages/airflow/example_dags/tutorial_taskflow_api_virtualenv.py took 0.063 seconds
[2023-11-24T10:47:50.735+0800] {processor.py:157} INFO - Started process (PID=60079) to work on /home/azfarmustafa/airflow_tutorial/.venv/lib/python3.10/site-packages/airflow/example_dags/tutorial_taskflow_api_virtualenv.py
[2023-11-24T10:47:50.739+0800] {processor.py:829} INFO - Processing file /home/azfarmustafa/airflow_tutorial/.venv/lib/python3.10/site-packages/airflow/example_dags/tutorial_taskflow_api_virtualenv.py for tasks to queue
[2023-11-24T10:47:50.740+0800] {logging_mixin.py:154} INFO - [2023-11-24T10:47:50.740+0800] {dagbag.py:536} INFO - Filling up the DagBag from /home/azfarmustafa/airflow_tutorial/.venv/lib/python3.10/site-packages/airflow/example_dags/tutorial_taskflow_api_virtualenv.py
[2023-11-24T10:47:50.746+0800] {processor.py:839} INFO - DAG(s) dict_keys(['tutorial_taskflow_api_virtualenv']) retrieved from /home/azfarmustafa/airflow_tutorial/.venv/lib/python3.10/site-packages/airflow/example_dags/tutorial_taskflow_api_virtualenv.py
[2023-11-24T10:47:50.761+0800] {logging_mixin.py:154} INFO - [2023-11-24T10:47:50.761+0800] {dag.py:2941} INFO - Sync 1 DAGs
[2023-11-24T10:47:50.772+0800] {logging_mixin.py:154} INFO - [2023-11-24T10:47:50.772+0800] {dag.py:3722} INFO - Setting next_dagrun for tutorial_taskflow_api_virtualenv to None, run_after=None
[2023-11-24T10:47:50.801+0800] {processor.py:179} INFO - Processing /home/azfarmustafa/airflow_tutorial/.venv/lib/python3.10/site-packages/airflow/example_dags/tutorial_taskflow_api_virtualenv.py took 0.069 seconds
[2023-11-24T10:48:36.178+0800] {processor.py:157} INFO - Started process (PID=60126) to work on /home/azfarmustafa/airflow_tutorial/.venv/lib/python3.10/site-packages/airflow/example_dags/tutorial_taskflow_api_virtualenv.py
[2023-11-24T10:48:36.182+0800] {processor.py:829} INFO - Processing file /home/azfarmustafa/airflow_tutorial/.venv/lib/python3.10/site-packages/airflow/example_dags/tutorial_taskflow_api_virtualenv.py for tasks to queue
[2023-11-24T10:48:36.183+0800] {logging_mixin.py:154} INFO - [2023-11-24T10:48:36.182+0800] {dagbag.py:536} INFO - Filling up the DagBag from /home/azfarmustafa/airflow_tutorial/.venv/lib/python3.10/site-packages/airflow/example_dags/tutorial_taskflow_api_virtualenv.py
[2023-11-24T10:48:36.188+0800] {processor.py:839} INFO - DAG(s) dict_keys(['tutorial_taskflow_api_virtualenv']) retrieved from /home/azfarmustafa/airflow_tutorial/.venv/lib/python3.10/site-packages/airflow/example_dags/tutorial_taskflow_api_virtualenv.py
[2023-11-24T10:48:36.202+0800] {logging_mixin.py:154} INFO - [2023-11-24T10:48:36.201+0800] {dag.py:2941} INFO - Sync 1 DAGs
[2023-11-24T10:48:36.211+0800] {logging_mixin.py:154} INFO - [2023-11-24T10:48:36.211+0800] {dag.py:3722} INFO - Setting next_dagrun for tutorial_taskflow_api_virtualenv to None, run_after=None
[2023-11-24T10:48:36.234+0800] {processor.py:179} INFO - Processing /home/azfarmustafa/airflow_tutorial/.venv/lib/python3.10/site-packages/airflow/example_dags/tutorial_taskflow_api_virtualenv.py took 0.059 seconds
[2023-11-24T10:49:25.964+0800] {processor.py:157} INFO - Started process (PID=60175) to work on /home/azfarmustafa/airflow_tutorial/.venv/lib/python3.10/site-packages/airflow/example_dags/tutorial_taskflow_api_virtualenv.py
[2023-11-24T10:49:25.966+0800] {processor.py:829} INFO - Processing file /home/azfarmustafa/airflow_tutorial/.venv/lib/python3.10/site-packages/airflow/example_dags/tutorial_taskflow_api_virtualenv.py for tasks to queue
[2023-11-24T10:49:25.966+0800] {logging_mixin.py:154} INFO - [2023-11-24T10:49:25.966+0800] {dagbag.py:536} INFO - Filling up the DagBag from /home/azfarmustafa/airflow_tutorial/.venv/lib/python3.10/site-packages/airflow/example_dags/tutorial_taskflow_api_virtualenv.py
[2023-11-24T10:49:25.972+0800] {processor.py:839} INFO - DAG(s) dict_keys(['tutorial_taskflow_api_virtualenv']) retrieved from /home/azfarmustafa/airflow_tutorial/.venv/lib/python3.10/site-packages/airflow/example_dags/tutorial_taskflow_api_virtualenv.py
[2023-11-24T10:49:25.987+0800] {logging_mixin.py:154} INFO - [2023-11-24T10:49:25.986+0800] {dag.py:2941} INFO - Sync 1 DAGs
[2023-11-24T10:49:26.001+0800] {logging_mixin.py:154} INFO - [2023-11-24T10:49:26.001+0800] {dag.py:3722} INFO - Setting next_dagrun for tutorial_taskflow_api_virtualenv to None, run_after=None
[2023-11-24T10:49:26.027+0800] {processor.py:179} INFO - Processing /home/azfarmustafa/airflow_tutorial/.venv/lib/python3.10/site-packages/airflow/example_dags/tutorial_taskflow_api_virtualenv.py took 0.066 seconds
[2023-11-24T10:50:11.163+0800] {processor.py:157} INFO - Started process (PID=60222) to work on /home/azfarmustafa/airflow_tutorial/.venv/lib/python3.10/site-packages/airflow/example_dags/tutorial_taskflow_api_virtualenv.py
[2023-11-24T10:50:11.167+0800] {processor.py:829} INFO - Processing file /home/azfarmustafa/airflow_tutorial/.venv/lib/python3.10/site-packages/airflow/example_dags/tutorial_taskflow_api_virtualenv.py for tasks to queue
[2023-11-24T10:50:11.168+0800] {logging_mixin.py:154} INFO - [2023-11-24T10:50:11.168+0800] {dagbag.py:536} INFO - Filling up the DagBag from /home/azfarmustafa/airflow_tutorial/.venv/lib/python3.10/site-packages/airflow/example_dags/tutorial_taskflow_api_virtualenv.py
[2023-11-24T10:50:11.173+0800] {processor.py:839} INFO - DAG(s) dict_keys(['tutorial_taskflow_api_virtualenv']) retrieved from /home/azfarmustafa/airflow_tutorial/.venv/lib/python3.10/site-packages/airflow/example_dags/tutorial_taskflow_api_virtualenv.py
[2023-11-24T10:50:11.187+0800] {logging_mixin.py:154} INFO - [2023-11-24T10:50:11.187+0800] {dag.py:2941} INFO - Sync 1 DAGs
[2023-11-24T10:50:11.199+0800] {logging_mixin.py:154} INFO - [2023-11-24T10:50:11.199+0800] {dag.py:3722} INFO - Setting next_dagrun for tutorial_taskflow_api_virtualenv to None, run_after=None
[2023-11-24T10:50:11.222+0800] {processor.py:179} INFO - Processing /home/azfarmustafa/airflow_tutorial/.venv/lib/python3.10/site-packages/airflow/example_dags/tutorial_taskflow_api_virtualenv.py took 0.061 seconds
[2023-11-24T10:50:56.838+0800] {processor.py:157} INFO - Started process (PID=60270) to work on /home/azfarmustafa/airflow_tutorial/.venv/lib/python3.10/site-packages/airflow/example_dags/tutorial_taskflow_api_virtualenv.py
[2023-11-24T10:50:56.840+0800] {processor.py:829} INFO - Processing file /home/azfarmustafa/airflow_tutorial/.venv/lib/python3.10/site-packages/airflow/example_dags/tutorial_taskflow_api_virtualenv.py for tasks to queue
[2023-11-24T10:50:56.842+0800] {logging_mixin.py:154} INFO - [2023-11-24T10:50:56.841+0800] {dagbag.py:536} INFO - Filling up the DagBag from /home/azfarmustafa/airflow_tutorial/.venv/lib/python3.10/site-packages/airflow/example_dags/tutorial_taskflow_api_virtualenv.py
[2023-11-24T10:50:56.848+0800] {processor.py:839} INFO - DAG(s) dict_keys(['tutorial_taskflow_api_virtualenv']) retrieved from /home/azfarmustafa/airflow_tutorial/.venv/lib/python3.10/site-packages/airflow/example_dags/tutorial_taskflow_api_virtualenv.py
[2023-11-24T10:50:56.865+0800] {logging_mixin.py:154} INFO - [2023-11-24T10:50:56.865+0800] {dag.py:2941} INFO - Sync 1 DAGs
[2023-11-24T10:50:56.877+0800] {logging_mixin.py:154} INFO - [2023-11-24T10:50:56.877+0800] {dag.py:3722} INFO - Setting next_dagrun for tutorial_taskflow_api_virtualenv to None, run_after=None
[2023-11-24T10:50:56.904+0800] {processor.py:179} INFO - Processing /home/azfarmustafa/airflow_tutorial/.venv/lib/python3.10/site-packages/airflow/example_dags/tutorial_taskflow_api_virtualenv.py took 0.068 seconds
[2023-11-24T10:51:44.692+0800] {processor.py:157} INFO - Started process (PID=60318) to work on /home/azfarmustafa/airflow_tutorial/.venv/lib/python3.10/site-packages/airflow/example_dags/tutorial_taskflow_api_virtualenv.py
[2023-11-24T10:51:44.693+0800] {processor.py:829} INFO - Processing file /home/azfarmustafa/airflow_tutorial/.venv/lib/python3.10/site-packages/airflow/example_dags/tutorial_taskflow_api_virtualenv.py for tasks to queue
[2023-11-24T10:51:44.694+0800] {logging_mixin.py:154} INFO - [2023-11-24T10:51:44.694+0800] {dagbag.py:536} INFO - Filling up the DagBag from /home/azfarmustafa/airflow_tutorial/.venv/lib/python3.10/site-packages/airflow/example_dags/tutorial_taskflow_api_virtualenv.py
[2023-11-24T10:51:44.702+0800] {processor.py:839} INFO - DAG(s) dict_keys(['tutorial_taskflow_api_virtualenv']) retrieved from /home/azfarmustafa/airflow_tutorial/.venv/lib/python3.10/site-packages/airflow/example_dags/tutorial_taskflow_api_virtualenv.py
[2023-11-24T10:51:44.717+0800] {logging_mixin.py:154} INFO - [2023-11-24T10:51:44.717+0800] {dag.py:2941} INFO - Sync 1 DAGs
[2023-11-24T10:51:44.728+0800] {logging_mixin.py:154} INFO - [2023-11-24T10:51:44.727+0800] {dag.py:3722} INFO - Setting next_dagrun for tutorial_taskflow_api_virtualenv to None, run_after=None
[2023-11-24T10:51:44.757+0800] {processor.py:179} INFO - Processing /home/azfarmustafa/airflow_tutorial/.venv/lib/python3.10/site-packages/airflow/example_dags/tutorial_taskflow_api_virtualenv.py took 0.067 seconds
[2023-11-24T10:52:32.876+0800] {processor.py:157} INFO - Started process (PID=60366) to work on /home/azfarmustafa/airflow_tutorial/.venv/lib/python3.10/site-packages/airflow/example_dags/tutorial_taskflow_api_virtualenv.py
[2023-11-24T10:52:32.878+0800] {processor.py:829} INFO - Processing file /home/azfarmustafa/airflow_tutorial/.venv/lib/python3.10/site-packages/airflow/example_dags/tutorial_taskflow_api_virtualenv.py for tasks to queue
[2023-11-24T10:52:32.879+0800] {logging_mixin.py:154} INFO - [2023-11-24T10:52:32.878+0800] {dagbag.py:536} INFO - Filling up the DagBag from /home/azfarmustafa/airflow_tutorial/.venv/lib/python3.10/site-packages/airflow/example_dags/tutorial_taskflow_api_virtualenv.py
[2023-11-24T10:52:32.887+0800] {processor.py:839} INFO - DAG(s) dict_keys(['tutorial_taskflow_api_virtualenv']) retrieved from /home/azfarmustafa/airflow_tutorial/.venv/lib/python3.10/site-packages/airflow/example_dags/tutorial_taskflow_api_virtualenv.py
[2023-11-24T10:52:32.909+0800] {logging_mixin.py:154} INFO - [2023-11-24T10:52:32.909+0800] {dag.py:2941} INFO - Sync 1 DAGs
[2023-11-24T10:52:32.919+0800] {logging_mixin.py:154} INFO - [2023-11-24T10:52:32.919+0800] {dag.py:3722} INFO - Setting next_dagrun for tutorial_taskflow_api_virtualenv to None, run_after=None
[2023-11-24T10:52:32.948+0800] {processor.py:179} INFO - Processing /home/azfarmustafa/airflow_tutorial/.venv/lib/python3.10/site-packages/airflow/example_dags/tutorial_taskflow_api_virtualenv.py took 0.076 seconds
[2023-11-24T10:53:09.038+0800] {processor.py:157} INFO - Started process (PID=60401) to work on /home/azfarmustafa/airflow_tutorial/.venv/lib/python3.10/site-packages/airflow/example_dags/tutorial_taskflow_api_virtualenv.py
[2023-11-24T10:53:09.042+0800] {processor.py:829} INFO - Processing file /home/azfarmustafa/airflow_tutorial/.venv/lib/python3.10/site-packages/airflow/example_dags/tutorial_taskflow_api_virtualenv.py for tasks to queue
[2023-11-24T10:53:09.043+0800] {logging_mixin.py:154} INFO - [2023-11-24T10:53:09.043+0800] {dagbag.py:536} INFO - Filling up the DagBag from /home/azfarmustafa/airflow_tutorial/.venv/lib/python3.10/site-packages/airflow/example_dags/tutorial_taskflow_api_virtualenv.py
[2023-11-24T10:53:09.050+0800] {processor.py:839} INFO - DAG(s) dict_keys(['tutorial_taskflow_api_virtualenv']) retrieved from /home/azfarmustafa/airflow_tutorial/.venv/lib/python3.10/site-packages/airflow/example_dags/tutorial_taskflow_api_virtualenv.py
[2023-11-24T10:53:09.066+0800] {logging_mixin.py:154} INFO - [2023-11-24T10:53:09.065+0800] {dag.py:2941} INFO - Sync 1 DAGs
[2023-11-24T10:53:09.075+0800] {logging_mixin.py:154} INFO - [2023-11-24T10:53:09.075+0800] {dag.py:3722} INFO - Setting next_dagrun for tutorial_taskflow_api_virtualenv to None, run_after=None
[2023-11-24T10:53:09.104+0800] {processor.py:179} INFO - Processing /home/azfarmustafa/airflow_tutorial/.venv/lib/python3.10/site-packages/airflow/example_dags/tutorial_taskflow_api_virtualenv.py took 0.068 seconds
[2023-11-24T10:53:54.153+0800] {processor.py:157} INFO - Started process (PID=60454) to work on /home/azfarmustafa/airflow_tutorial/.venv/lib/python3.10/site-packages/airflow/example_dags/tutorial_taskflow_api_virtualenv.py
[2023-11-24T10:53:54.158+0800] {processor.py:829} INFO - Processing file /home/azfarmustafa/airflow_tutorial/.venv/lib/python3.10/site-packages/airflow/example_dags/tutorial_taskflow_api_virtualenv.py for tasks to queue
[2023-11-24T10:53:54.159+0800] {logging_mixin.py:154} INFO - [2023-11-24T10:53:54.158+0800] {dagbag.py:536} INFO - Filling up the DagBag from /home/azfarmustafa/airflow_tutorial/.venv/lib/python3.10/site-packages/airflow/example_dags/tutorial_taskflow_api_virtualenv.py
[2023-11-24T10:53:54.166+0800] {processor.py:839} INFO - DAG(s) dict_keys(['tutorial_taskflow_api_virtualenv']) retrieved from /home/azfarmustafa/airflow_tutorial/.venv/lib/python3.10/site-packages/airflow/example_dags/tutorial_taskflow_api_virtualenv.py
[2023-11-24T10:53:54.179+0800] {logging_mixin.py:154} INFO - [2023-11-24T10:53:54.179+0800] {dag.py:2941} INFO - Sync 1 DAGs
[2023-11-24T10:53:54.189+0800] {logging_mixin.py:154} INFO - [2023-11-24T10:53:54.189+0800] {dag.py:3722} INFO - Setting next_dagrun for tutorial_taskflow_api_virtualenv to None, run_after=None
[2023-11-24T10:53:54.213+0800] {processor.py:179} INFO - Processing /home/azfarmustafa/airflow_tutorial/.venv/lib/python3.10/site-packages/airflow/example_dags/tutorial_taskflow_api_virtualenv.py took 0.063 seconds
[2023-11-24T10:54:42.600+0800] {processor.py:157} INFO - Started process (PID=60503) to work on /home/azfarmustafa/airflow_tutorial/.venv/lib/python3.10/site-packages/airflow/example_dags/tutorial_taskflow_api_virtualenv.py
[2023-11-24T10:54:42.602+0800] {processor.py:829} INFO - Processing file /home/azfarmustafa/airflow_tutorial/.venv/lib/python3.10/site-packages/airflow/example_dags/tutorial_taskflow_api_virtualenv.py for tasks to queue
[2023-11-24T10:54:42.602+0800] {logging_mixin.py:154} INFO - [2023-11-24T10:54:42.602+0800] {dagbag.py:536} INFO - Filling up the DagBag from /home/azfarmustafa/airflow_tutorial/.venv/lib/python3.10/site-packages/airflow/example_dags/tutorial_taskflow_api_virtualenv.py
[2023-11-24T10:54:42.608+0800] {processor.py:839} INFO - DAG(s) dict_keys(['tutorial_taskflow_api_virtualenv']) retrieved from /home/azfarmustafa/airflow_tutorial/.venv/lib/python3.10/site-packages/airflow/example_dags/tutorial_taskflow_api_virtualenv.py
[2023-11-24T10:54:42.624+0800] {logging_mixin.py:154} INFO - [2023-11-24T10:54:42.624+0800] {dag.py:2941} INFO - Sync 1 DAGs
[2023-11-24T10:54:42.637+0800] {logging_mixin.py:154} INFO - [2023-11-24T10:54:42.637+0800] {dag.py:3722} INFO - Setting next_dagrun for tutorial_taskflow_api_virtualenv to None, run_after=None
[2023-11-24T10:54:42.664+0800] {processor.py:179} INFO - Processing /home/azfarmustafa/airflow_tutorial/.venv/lib/python3.10/site-packages/airflow/example_dags/tutorial_taskflow_api_virtualenv.py took 0.066 seconds
[2023-11-24T10:55:28.654+0800] {processor.py:157} INFO - Started process (PID=60550) to work on /home/azfarmustafa/airflow_tutorial/.venv/lib/python3.10/site-packages/airflow/example_dags/tutorial_taskflow_api_virtualenv.py
[2023-11-24T10:55:28.656+0800] {processor.py:829} INFO - Processing file /home/azfarmustafa/airflow_tutorial/.venv/lib/python3.10/site-packages/airflow/example_dags/tutorial_taskflow_api_virtualenv.py for tasks to queue
[2023-11-24T10:55:28.657+0800] {logging_mixin.py:154} INFO - [2023-11-24T10:55:28.656+0800] {dagbag.py:536} INFO - Filling up the DagBag from /home/azfarmustafa/airflow_tutorial/.venv/lib/python3.10/site-packages/airflow/example_dags/tutorial_taskflow_api_virtualenv.py
[2023-11-24T10:55:28.663+0800] {processor.py:839} INFO - DAG(s) dict_keys(['tutorial_taskflow_api_virtualenv']) retrieved from /home/azfarmustafa/airflow_tutorial/.venv/lib/python3.10/site-packages/airflow/example_dags/tutorial_taskflow_api_virtualenv.py
[2023-11-24T10:55:28.677+0800] {logging_mixin.py:154} INFO - [2023-11-24T10:55:28.677+0800] {dag.py:2941} INFO - Sync 1 DAGs
[2023-11-24T10:55:28.686+0800] {logging_mixin.py:154} INFO - [2023-11-24T10:55:28.686+0800] {dag.py:3722} INFO - Setting next_dagrun for tutorial_taskflow_api_virtualenv to None, run_after=None
[2023-11-24T10:55:28.713+0800] {processor.py:179} INFO - Processing /home/azfarmustafa/airflow_tutorial/.venv/lib/python3.10/site-packages/airflow/example_dags/tutorial_taskflow_api_virtualenv.py took 0.062 seconds
[2023-11-24T10:56:15.427+0800] {processor.py:157} INFO - Started process (PID=60598) to work on /home/azfarmustafa/airflow_tutorial/.venv/lib/python3.10/site-packages/airflow/example_dags/tutorial_taskflow_api_virtualenv.py
[2023-11-24T10:56:15.429+0800] {processor.py:829} INFO - Processing file /home/azfarmustafa/airflow_tutorial/.venv/lib/python3.10/site-packages/airflow/example_dags/tutorial_taskflow_api_virtualenv.py for tasks to queue
[2023-11-24T10:56:15.429+0800] {logging_mixin.py:154} INFO - [2023-11-24T10:56:15.429+0800] {dagbag.py:536} INFO - Filling up the DagBag from /home/azfarmustafa/airflow_tutorial/.venv/lib/python3.10/site-packages/airflow/example_dags/tutorial_taskflow_api_virtualenv.py
[2023-11-24T10:56:15.437+0800] {processor.py:839} INFO - DAG(s) dict_keys(['tutorial_taskflow_api_virtualenv']) retrieved from /home/azfarmustafa/airflow_tutorial/.venv/lib/python3.10/site-packages/airflow/example_dags/tutorial_taskflow_api_virtualenv.py
[2023-11-24T10:56:15.452+0800] {logging_mixin.py:154} INFO - [2023-11-24T10:56:15.452+0800] {dag.py:2941} INFO - Sync 1 DAGs
[2023-11-24T10:56:15.462+0800] {logging_mixin.py:154} INFO - [2023-11-24T10:56:15.462+0800] {dag.py:3722} INFO - Setting next_dagrun for tutorial_taskflow_api_virtualenv to None, run_after=None
[2023-11-24T10:56:15.492+0800] {processor.py:179} INFO - Processing /home/azfarmustafa/airflow_tutorial/.venv/lib/python3.10/site-packages/airflow/example_dags/tutorial_taskflow_api_virtualenv.py took 0.068 seconds
[2023-11-24T10:56:58.658+0800] {processor.py:157} INFO - Started process (PID=60643) to work on /home/azfarmustafa/airflow_tutorial/.venv/lib/python3.10/site-packages/airflow/example_dags/tutorial_taskflow_api_virtualenv.py
[2023-11-24T10:56:58.662+0800] {processor.py:829} INFO - Processing file /home/azfarmustafa/airflow_tutorial/.venv/lib/python3.10/site-packages/airflow/example_dags/tutorial_taskflow_api_virtualenv.py for tasks to queue
[2023-11-24T10:56:58.662+0800] {logging_mixin.py:154} INFO - [2023-11-24T10:56:58.662+0800] {dagbag.py:536} INFO - Filling up the DagBag from /home/azfarmustafa/airflow_tutorial/.venv/lib/python3.10/site-packages/airflow/example_dags/tutorial_taskflow_api_virtualenv.py
[2023-11-24T10:56:58.672+0800] {processor.py:839} INFO - DAG(s) dict_keys(['tutorial_taskflow_api_virtualenv']) retrieved from /home/azfarmustafa/airflow_tutorial/.venv/lib/python3.10/site-packages/airflow/example_dags/tutorial_taskflow_api_virtualenv.py
[2023-11-24T10:56:58.689+0800] {logging_mixin.py:154} INFO - [2023-11-24T10:56:58.689+0800] {dag.py:2941} INFO - Sync 1 DAGs
[2023-11-24T10:56:58.701+0800] {logging_mixin.py:154} INFO - [2023-11-24T10:56:58.700+0800] {dag.py:3722} INFO - Setting next_dagrun for tutorial_taskflow_api_virtualenv to None, run_after=None
[2023-11-24T10:56:58.727+0800] {processor.py:179} INFO - Processing /home/azfarmustafa/airflow_tutorial/.venv/lib/python3.10/site-packages/airflow/example_dags/tutorial_taskflow_api_virtualenv.py took 0.073 seconds
[2023-11-24T10:57:42.234+0800] {processor.py:157} INFO - Started process (PID=60689) to work on /home/azfarmustafa/airflow_tutorial/.venv/lib/python3.10/site-packages/airflow/example_dags/tutorial_taskflow_api_virtualenv.py
[2023-11-24T10:57:42.238+0800] {processor.py:829} INFO - Processing file /home/azfarmustafa/airflow_tutorial/.venv/lib/python3.10/site-packages/airflow/example_dags/tutorial_taskflow_api_virtualenv.py for tasks to queue
[2023-11-24T10:57:42.239+0800] {logging_mixin.py:154} INFO - [2023-11-24T10:57:42.239+0800] {dagbag.py:536} INFO - Filling up the DagBag from /home/azfarmustafa/airflow_tutorial/.venv/lib/python3.10/site-packages/airflow/example_dags/tutorial_taskflow_api_virtualenv.py
[2023-11-24T10:57:42.245+0800] {processor.py:839} INFO - DAG(s) dict_keys(['tutorial_taskflow_api_virtualenv']) retrieved from /home/azfarmustafa/airflow_tutorial/.venv/lib/python3.10/site-packages/airflow/example_dags/tutorial_taskflow_api_virtualenv.py
[2023-11-24T10:57:42.258+0800] {logging_mixin.py:154} INFO - [2023-11-24T10:57:42.258+0800] {dag.py:2941} INFO - Sync 1 DAGs
[2023-11-24T10:57:42.268+0800] {logging_mixin.py:154} INFO - [2023-11-24T10:57:42.268+0800] {dag.py:3722} INFO - Setting next_dagrun for tutorial_taskflow_api_virtualenv to None, run_after=None
[2023-11-24T10:57:42.290+0800] {processor.py:179} INFO - Processing /home/azfarmustafa/airflow_tutorial/.venv/lib/python3.10/site-packages/airflow/example_dags/tutorial_taskflow_api_virtualenv.py took 0.058 seconds
[2023-11-24T10:58:31.570+0800] {processor.py:157} INFO - Started process (PID=60737) to work on /home/azfarmustafa/airflow_tutorial/.venv/lib/python3.10/site-packages/airflow/example_dags/tutorial_taskflow_api_virtualenv.py
[2023-11-24T10:58:31.574+0800] {processor.py:829} INFO - Processing file /home/azfarmustafa/airflow_tutorial/.venv/lib/python3.10/site-packages/airflow/example_dags/tutorial_taskflow_api_virtualenv.py for tasks to queue
[2023-11-24T10:58:31.575+0800] {logging_mixin.py:154} INFO - [2023-11-24T10:58:31.574+0800] {dagbag.py:536} INFO - Filling up the DagBag from /home/azfarmustafa/airflow_tutorial/.venv/lib/python3.10/site-packages/airflow/example_dags/tutorial_taskflow_api_virtualenv.py
[2023-11-24T10:58:31.581+0800] {processor.py:839} INFO - DAG(s) dict_keys(['tutorial_taskflow_api_virtualenv']) retrieved from /home/azfarmustafa/airflow_tutorial/.venv/lib/python3.10/site-packages/airflow/example_dags/tutorial_taskflow_api_virtualenv.py
[2023-11-24T10:58:31.594+0800] {logging_mixin.py:154} INFO - [2023-11-24T10:58:31.594+0800] {dag.py:2941} INFO - Sync 1 DAGs
[2023-11-24T10:58:31.604+0800] {logging_mixin.py:154} INFO - [2023-11-24T10:58:31.604+0800] {dag.py:3722} INFO - Setting next_dagrun for tutorial_taskflow_api_virtualenv to None, run_after=None
[2023-11-24T10:58:31.627+0800] {processor.py:179} INFO - Processing /home/azfarmustafa/airflow_tutorial/.venv/lib/python3.10/site-packages/airflow/example_dags/tutorial_taskflow_api_virtualenv.py took 0.059 seconds
[2023-11-24T10:59:16.631+0800] {processor.py:157} INFO - Started process (PID=60784) to work on /home/azfarmustafa/airflow_tutorial/.venv/lib/python3.10/site-packages/airflow/example_dags/tutorial_taskflow_api_virtualenv.py
[2023-11-24T10:59:16.635+0800] {processor.py:829} INFO - Processing file /home/azfarmustafa/airflow_tutorial/.venv/lib/python3.10/site-packages/airflow/example_dags/tutorial_taskflow_api_virtualenv.py for tasks to queue
[2023-11-24T10:59:16.636+0800] {logging_mixin.py:154} INFO - [2023-11-24T10:59:16.635+0800] {dagbag.py:536} INFO - Filling up the DagBag from /home/azfarmustafa/airflow_tutorial/.venv/lib/python3.10/site-packages/airflow/example_dags/tutorial_taskflow_api_virtualenv.py
[2023-11-24T10:59:16.645+0800] {processor.py:839} INFO - DAG(s) dict_keys(['tutorial_taskflow_api_virtualenv']) retrieved from /home/azfarmustafa/airflow_tutorial/.venv/lib/python3.10/site-packages/airflow/example_dags/tutorial_taskflow_api_virtualenv.py
[2023-11-24T10:59:16.661+0800] {logging_mixin.py:154} INFO - [2023-11-24T10:59:16.661+0800] {dag.py:2941} INFO - Sync 1 DAGs
[2023-11-24T10:59:16.671+0800] {logging_mixin.py:154} INFO - [2023-11-24T10:59:16.671+0800] {dag.py:3722} INFO - Setting next_dagrun for tutorial_taskflow_api_virtualenv to None, run_after=None
[2023-11-24T10:59:16.695+0800] {processor.py:179} INFO - Processing /home/azfarmustafa/airflow_tutorial/.venv/lib/python3.10/site-packages/airflow/example_dags/tutorial_taskflow_api_virtualenv.py took 0.067 seconds
[2023-11-24T11:00:01.903+0800] {processor.py:157} INFO - Started process (PID=60837) to work on /home/azfarmustafa/airflow_tutorial/.venv/lib/python3.10/site-packages/airflow/example_dags/tutorial_taskflow_api_virtualenv.py
[2023-11-24T11:00:01.907+0800] {processor.py:829} INFO - Processing file /home/azfarmustafa/airflow_tutorial/.venv/lib/python3.10/site-packages/airflow/example_dags/tutorial_taskflow_api_virtualenv.py for tasks to queue
[2023-11-24T11:00:01.908+0800] {logging_mixin.py:154} INFO - [2023-11-24T11:00:01.908+0800] {dagbag.py:536} INFO - Filling up the DagBag from /home/azfarmustafa/airflow_tutorial/.venv/lib/python3.10/site-packages/airflow/example_dags/tutorial_taskflow_api_virtualenv.py
[2023-11-24T11:00:01.914+0800] {processor.py:839} INFO - DAG(s) dict_keys(['tutorial_taskflow_api_virtualenv']) retrieved from /home/azfarmustafa/airflow_tutorial/.venv/lib/python3.10/site-packages/airflow/example_dags/tutorial_taskflow_api_virtualenv.py
[2023-11-24T11:00:01.928+0800] {logging_mixin.py:154} INFO - [2023-11-24T11:00:01.928+0800] {dag.py:2941} INFO - Sync 1 DAGs
[2023-11-24T11:00:01.939+0800] {logging_mixin.py:154} INFO - [2023-11-24T11:00:01.939+0800] {dag.py:3722} INFO - Setting next_dagrun for tutorial_taskflow_api_virtualenv to None, run_after=None
[2023-11-24T11:00:01.965+0800] {processor.py:179} INFO - Processing /home/azfarmustafa/airflow_tutorial/.venv/lib/python3.10/site-packages/airflow/example_dags/tutorial_taskflow_api_virtualenv.py took 0.065 seconds
[2023-11-24T11:00:45.748+0800] {processor.py:157} INFO - Started process (PID=60883) to work on /home/azfarmustafa/airflow_tutorial/.venv/lib/python3.10/site-packages/airflow/example_dags/tutorial_taskflow_api_virtualenv.py
[2023-11-24T11:00:45.750+0800] {processor.py:829} INFO - Processing file /home/azfarmustafa/airflow_tutorial/.venv/lib/python3.10/site-packages/airflow/example_dags/tutorial_taskflow_api_virtualenv.py for tasks to queue
[2023-11-24T11:00:45.750+0800] {logging_mixin.py:154} INFO - [2023-11-24T11:00:45.750+0800] {dagbag.py:536} INFO - Filling up the DagBag from /home/azfarmustafa/airflow_tutorial/.venv/lib/python3.10/site-packages/airflow/example_dags/tutorial_taskflow_api_virtualenv.py
[2023-11-24T11:00:45.758+0800] {processor.py:839} INFO - DAG(s) dict_keys(['tutorial_taskflow_api_virtualenv']) retrieved from /home/azfarmustafa/airflow_tutorial/.venv/lib/python3.10/site-packages/airflow/example_dags/tutorial_taskflow_api_virtualenv.py
[2023-11-24T11:00:45.777+0800] {logging_mixin.py:154} INFO - [2023-11-24T11:00:45.776+0800] {dag.py:2941} INFO - Sync 1 DAGs
[2023-11-24T11:00:45.788+0800] {logging_mixin.py:154} INFO - [2023-11-24T11:00:45.787+0800] {dag.py:3722} INFO - Setting next_dagrun for tutorial_taskflow_api_virtualenv to None, run_after=None
[2023-11-24T11:00:45.815+0800] {processor.py:179} INFO - Processing /home/azfarmustafa/airflow_tutorial/.venv/lib/python3.10/site-packages/airflow/example_dags/tutorial_taskflow_api_virtualenv.py took 0.069 seconds
[2023-11-24T11:01:33.676+0800] {processor.py:157} INFO - Started process (PID=60933) to work on /home/azfarmustafa/airflow_tutorial/.venv/lib/python3.10/site-packages/airflow/example_dags/tutorial_taskflow_api_virtualenv.py
[2023-11-24T11:01:33.678+0800] {processor.py:829} INFO - Processing file /home/azfarmustafa/airflow_tutorial/.venv/lib/python3.10/site-packages/airflow/example_dags/tutorial_taskflow_api_virtualenv.py for tasks to queue
[2023-11-24T11:01:33.679+0800] {logging_mixin.py:154} INFO - [2023-11-24T11:01:33.678+0800] {dagbag.py:536} INFO - Filling up the DagBag from /home/azfarmustafa/airflow_tutorial/.venv/lib/python3.10/site-packages/airflow/example_dags/tutorial_taskflow_api_virtualenv.py
[2023-11-24T11:01:33.687+0800] {processor.py:839} INFO - DAG(s) dict_keys(['tutorial_taskflow_api_virtualenv']) retrieved from /home/azfarmustafa/airflow_tutorial/.venv/lib/python3.10/site-packages/airflow/example_dags/tutorial_taskflow_api_virtualenv.py
[2023-11-24T11:01:33.703+0800] {logging_mixin.py:154} INFO - [2023-11-24T11:01:33.703+0800] {dag.py:2941} INFO - Sync 1 DAGs
[2023-11-24T11:01:33.715+0800] {logging_mixin.py:154} INFO - [2023-11-24T11:01:33.715+0800] {dag.py:3722} INFO - Setting next_dagrun for tutorial_taskflow_api_virtualenv to None, run_after=None
[2023-11-24T11:01:33.741+0800] {processor.py:179} INFO - Processing /home/azfarmustafa/airflow_tutorial/.venv/lib/python3.10/site-packages/airflow/example_dags/tutorial_taskflow_api_virtualenv.py took 0.068 seconds
[2023-11-24T11:02:20.419+0800] {processor.py:157} INFO - Started process (PID=60980) to work on /home/azfarmustafa/airflow_tutorial/.venv/lib/python3.10/site-packages/airflow/example_dags/tutorial_taskflow_api_virtualenv.py
[2023-11-24T11:02:20.423+0800] {processor.py:829} INFO - Processing file /home/azfarmustafa/airflow_tutorial/.venv/lib/python3.10/site-packages/airflow/example_dags/tutorial_taskflow_api_virtualenv.py for tasks to queue
[2023-11-24T11:02:20.424+0800] {logging_mixin.py:154} INFO - [2023-11-24T11:02:20.424+0800] {dagbag.py:536} INFO - Filling up the DagBag from /home/azfarmustafa/airflow_tutorial/.venv/lib/python3.10/site-packages/airflow/example_dags/tutorial_taskflow_api_virtualenv.py
[2023-11-24T11:02:20.431+0800] {processor.py:839} INFO - DAG(s) dict_keys(['tutorial_taskflow_api_virtualenv']) retrieved from /home/azfarmustafa/airflow_tutorial/.venv/lib/python3.10/site-packages/airflow/example_dags/tutorial_taskflow_api_virtualenv.py
[2023-11-24T11:02:20.446+0800] {logging_mixin.py:154} INFO - [2023-11-24T11:02:20.446+0800] {dag.py:2941} INFO - Sync 1 DAGs
[2023-11-24T11:02:20.458+0800] {logging_mixin.py:154} INFO - [2023-11-24T11:02:20.458+0800] {dag.py:3722} INFO - Setting next_dagrun for tutorial_taskflow_api_virtualenv to None, run_after=None
[2023-11-24T11:02:20.484+0800] {processor.py:179} INFO - Processing /home/azfarmustafa/airflow_tutorial/.venv/lib/python3.10/site-packages/airflow/example_dags/tutorial_taskflow_api_virtualenv.py took 0.069 seconds
[2023-11-24T11:03:04.662+0800] {processor.py:157} INFO - Started process (PID=61026) to work on /home/azfarmustafa/airflow_tutorial/.venv/lib/python3.10/site-packages/airflow/example_dags/tutorial_taskflow_api_virtualenv.py
[2023-11-24T11:03:04.666+0800] {processor.py:829} INFO - Processing file /home/azfarmustafa/airflow_tutorial/.venv/lib/python3.10/site-packages/airflow/example_dags/tutorial_taskflow_api_virtualenv.py for tasks to queue
[2023-11-24T11:03:04.667+0800] {logging_mixin.py:154} INFO - [2023-11-24T11:03:04.667+0800] {dagbag.py:536} INFO - Filling up the DagBag from /home/azfarmustafa/airflow_tutorial/.venv/lib/python3.10/site-packages/airflow/example_dags/tutorial_taskflow_api_virtualenv.py
[2023-11-24T11:03:04.675+0800] {processor.py:839} INFO - DAG(s) dict_keys(['tutorial_taskflow_api_virtualenv']) retrieved from /home/azfarmustafa/airflow_tutorial/.venv/lib/python3.10/site-packages/airflow/example_dags/tutorial_taskflow_api_virtualenv.py
[2023-11-24T11:03:04.690+0800] {logging_mixin.py:154} INFO - [2023-11-24T11:03:04.690+0800] {dag.py:2941} INFO - Sync 1 DAGs
[2023-11-24T11:03:04.700+0800] {logging_mixin.py:154} INFO - [2023-11-24T11:03:04.700+0800] {dag.py:3722} INFO - Setting next_dagrun for tutorial_taskflow_api_virtualenv to None, run_after=None
[2023-11-24T11:03:04.726+0800] {processor.py:179} INFO - Processing /home/azfarmustafa/airflow_tutorial/.venv/lib/python3.10/site-packages/airflow/example_dags/tutorial_taskflow_api_virtualenv.py took 0.067 seconds
[2023-11-24T11:03:53.141+0800] {processor.py:157} INFO - Started process (PID=61080) to work on /home/azfarmustafa/airflow_tutorial/.venv/lib/python3.10/site-packages/airflow/example_dags/tutorial_taskflow_api_virtualenv.py
[2023-11-24T11:03:53.142+0800] {processor.py:829} INFO - Processing file /home/azfarmustafa/airflow_tutorial/.venv/lib/python3.10/site-packages/airflow/example_dags/tutorial_taskflow_api_virtualenv.py for tasks to queue
[2023-11-24T11:03:53.144+0800] {logging_mixin.py:154} INFO - [2023-11-24T11:03:53.143+0800] {dagbag.py:536} INFO - Filling up the DagBag from /home/azfarmustafa/airflow_tutorial/.venv/lib/python3.10/site-packages/airflow/example_dags/tutorial_taskflow_api_virtualenv.py
[2023-11-24T11:03:53.151+0800] {processor.py:839} INFO - DAG(s) dict_keys(['tutorial_taskflow_api_virtualenv']) retrieved from /home/azfarmustafa/airflow_tutorial/.venv/lib/python3.10/site-packages/airflow/example_dags/tutorial_taskflow_api_virtualenv.py
[2023-11-24T11:03:53.167+0800] {logging_mixin.py:154} INFO - [2023-11-24T11:03:53.167+0800] {dag.py:2941} INFO - Sync 1 DAGs
[2023-11-24T11:03:53.179+0800] {logging_mixin.py:154} INFO - [2023-11-24T11:03:53.179+0800] {dag.py:3722} INFO - Setting next_dagrun for tutorial_taskflow_api_virtualenv to None, run_after=None
[2023-11-24T11:03:53.210+0800] {processor.py:179} INFO - Processing /home/azfarmustafa/airflow_tutorial/.venv/lib/python3.10/site-packages/airflow/example_dags/tutorial_taskflow_api_virtualenv.py took 0.073 seconds
[2023-11-24T11:04:41.337+0800] {processor.py:157} INFO - Started process (PID=61130) to work on /home/azfarmustafa/airflow_tutorial/.venv/lib/python3.10/site-packages/airflow/example_dags/tutorial_taskflow_api_virtualenv.py
[2023-11-24T11:04:41.342+0800] {processor.py:829} INFO - Processing file /home/azfarmustafa/airflow_tutorial/.venv/lib/python3.10/site-packages/airflow/example_dags/tutorial_taskflow_api_virtualenv.py for tasks to queue
[2023-11-24T11:04:41.343+0800] {logging_mixin.py:154} INFO - [2023-11-24T11:04:41.342+0800] {dagbag.py:536} INFO - Filling up the DagBag from /home/azfarmustafa/airflow_tutorial/.venv/lib/python3.10/site-packages/airflow/example_dags/tutorial_taskflow_api_virtualenv.py
[2023-11-24T11:04:41.351+0800] {processor.py:839} INFO - DAG(s) dict_keys(['tutorial_taskflow_api_virtualenv']) retrieved from /home/azfarmustafa/airflow_tutorial/.venv/lib/python3.10/site-packages/airflow/example_dags/tutorial_taskflow_api_virtualenv.py
[2023-11-24T11:04:41.365+0800] {logging_mixin.py:154} INFO - [2023-11-24T11:04:41.365+0800] {dag.py:2941} INFO - Sync 1 DAGs
[2023-11-24T11:04:41.374+0800] {logging_mixin.py:154} INFO - [2023-11-24T11:04:41.374+0800] {dag.py:3722} INFO - Setting next_dagrun for tutorial_taskflow_api_virtualenv to None, run_after=None
[2023-11-24T11:04:41.400+0800] {processor.py:179} INFO - Processing /home/azfarmustafa/airflow_tutorial/.venv/lib/python3.10/site-packages/airflow/example_dags/tutorial_taskflow_api_virtualenv.py took 0.065 seconds
