[2023-11-24T13:00:59.400+0800] {taskinstance.py:1159} INFO - Dependencies all met for dep_context=non-requeueable deps ti=<TaskInstance: fantasy_premier_league.upload_to_blob manual__2023-11-24T05:00:50.130683+00:00 [queued]>
[2023-11-24T13:00:59.410+0800] {taskinstance.py:1159} INFO - Dependencies all met for dep_context=requeueable deps ti=<TaskInstance: fantasy_premier_league.upload_to_blob manual__2023-11-24T05:00:50.130683+00:00 [queued]>
[2023-11-24T13:00:59.411+0800] {taskinstance.py:1361} INFO - Starting attempt 1 of 1
[2023-11-24T13:00:59.435+0800] {taskinstance.py:1382} INFO - Executing <Task(PythonOperator): upload_to_blob> on 2023-11-24 05:00:50.130683+00:00
[2023-11-24T13:00:59.437+0800] {standard_task_runner.py:57} INFO - Started process 80832 to run task
[2023-11-24T13:00:59.441+0800] {standard_task_runner.py:84} INFO - Running: ['airflow', 'tasks', 'run', 'fantasy_premier_league', 'upload_to_blob', 'manual__2023-11-24T05:00:50.130683+00:00', '--job-id', '34', '--raw', '--subdir', 'DAGS_FOLDER/fantasy_premier_league_dag.py', '--cfg-path', '/tmp/tmphbxpro8i']
[2023-11-24T13:00:59.442+0800] {standard_task_runner.py:85} INFO - Job 34: Subtask upload_to_blob
[2023-11-24T13:00:59.484+0800] {task_command.py:416} INFO - Running <TaskInstance: fantasy_premier_league.upload_to_blob manual__2023-11-24T05:00:50.130683+00:00 [running]> on host azfartitu.
[2023-11-24T13:00:59.557+0800] {taskinstance.py:1662} INFO - Exporting env vars: AIRFLOW_CTX_DAG_OWNER='airflow' AIRFLOW_CTX_DAG_ID='fantasy_premier_league' AIRFLOW_CTX_TASK_ID='upload_to_blob' AIRFLOW_CTX_EXECUTION_DATE='2023-11-24T05:00:50.130683+00:00' AIRFLOW_CTX_TRY_NUMBER='1' AIRFLOW_CTX_DAG_RUN_ID='manual__2023-11-24T05:00:50.130683+00:00'
[2023-11-24T13:00:59.650+0800] {logging_mixin.py:154} INFO - Temporary file created: /tmp/tmp0__j2i7v
[2023-11-24T13:00:59.655+0800] {base.py:73} INFO - Using connection ID 'azure_blob_conn_id' for task execution.
[2023-11-24T13:01:00.129+0800] {base.py:73} INFO - Using connection ID 'azure_blob_conn_id' for task execution.
[2023-11-24T13:01:01.138+0800] {logging_mixin.py:154} INFO - Temporary file removed: /tmp/tmp0__j2i7v
[2023-11-24T13:01:01.138+0800] {fantasy_premier_league_dag.py:78} INFO - File uploaded to Azure Blob Storage: bronze/events_metadata_24112023.json
[2023-11-24T13:01:01.140+0800] {logging_mixin.py:154} INFO - Temporary file created: /tmp/tmp4kfndtk0
[2023-11-24T13:01:01.143+0800] {base.py:73} INFO - Using connection ID 'azure_blob_conn_id' for task execution.
[2023-11-24T13:01:01.149+0800] {base.py:73} INFO - Using connection ID 'azure_blob_conn_id' for task execution.
[2023-11-24T13:01:01.977+0800] {logging_mixin.py:154} INFO - Temporary file removed: /tmp/tmp4kfndtk0
[2023-11-24T13:01:01.978+0800] {fantasy_premier_league_dag.py:78} INFO - File uploaded to Azure Blob Storage: bronze/teams_metadata_24112023.json
[2023-11-24T13:01:02.182+0800] {logging_mixin.py:154} INFO - Temporary file created: /tmp/tmpy9qd2zdw
[2023-11-24T13:01:02.185+0800] {base.py:73} INFO - Using connection ID 'azure_blob_conn_id' for task execution.
[2023-11-24T13:01:02.189+0800] {base.py:73} INFO - Using connection ID 'azure_blob_conn_id' for task execution.
[2023-11-24T13:01:04.388+0800] {logging_mixin.py:154} INFO - Temporary file removed: /tmp/tmpy9qd2zdw
[2023-11-24T13:01:04.389+0800] {fantasy_premier_league_dag.py:78} INFO - File uploaded to Azure Blob Storage: bronze/player_metadata_24112023.json
[2023-11-24T13:01:04.390+0800] {logging_mixin.py:154} INFO - Temporary file created: /tmp/tmppjyov4b6
[2023-11-24T13:01:04.394+0800] {base.py:73} INFO - Using connection ID 'azure_blob_conn_id' for task execution.
[2023-11-24T13:01:04.399+0800] {base.py:73} INFO - Using connection ID 'azure_blob_conn_id' for task execution.
[2023-11-24T13:01:05.214+0800] {logging_mixin.py:154} INFO - Temporary file removed: /tmp/tmppjyov4b6
[2023-11-24T13:01:05.215+0800] {fantasy_premier_league_dag.py:78} INFO - File uploaded to Azure Blob Storage: bronze/position_metadata_24112023.json
[2023-11-24T13:01:05.220+0800] {python.py:194} INFO - Done. Returned value was: None
[2023-11-24T13:01:05.229+0800] {taskinstance.py:1400} INFO - Marking task as SUCCESS. dag_id=fantasy_premier_league, task_id=upload_to_blob, execution_date=20231124T050050, start_date=20231124T050059, end_date=20231124T050105
[2023-11-24T13:01:05.270+0800] {local_task_job_runner.py:228} INFO - Task exited with return code 0
[2023-11-24T13:01:05.287+0800] {taskinstance.py:2778} INFO - 1 downstream tasks scheduled from follow-on schedule check
