[2023-12-22T16:41:29.316+0800] {taskinstance.py:1159} INFO - Dependencies all met for dep_context=non-requeueable deps ti=<TaskInstance: fantasy_premier_league.move_bronze_file_into_archive_folder scheduled__2023-12-21T08:19:53.939205+00:00 [queued]>
[2023-12-22T16:41:29.325+0800] {taskinstance.py:1159} INFO - Dependencies all met for dep_context=requeueable deps ti=<TaskInstance: fantasy_premier_league.move_bronze_file_into_archive_folder scheduled__2023-12-21T08:19:53.939205+00:00 [queued]>
[2023-12-22T16:41:29.326+0800] {taskinstance.py:1361} INFO - Starting attempt 1 of 1
[2023-12-22T16:41:29.360+0800] {taskinstance.py:1382} INFO - Executing <Task(PythonOperator): move_bronze_file_into_archive_folder> on 2023-12-21 08:19:53.939205+00:00
[2023-12-22T16:41:29.363+0800] {standard_task_runner.py:57} INFO - Started process 111645 to run task
[2023-12-22T16:41:29.367+0800] {standard_task_runner.py:84} INFO - Running: ['airflow', 'tasks', 'run', 'fantasy_premier_league', 'move_bronze_file_into_archive_folder', 'scheduled__2023-12-21T08:19:53.939205+00:00', '--job-id', '238', '--raw', '--subdir', 'DAGS_FOLDER/fantasy_premier_league_dag.py', '--cfg-path', '/tmp/tmp3yjk4_ov']
[2023-12-22T16:41:29.368+0800] {standard_task_runner.py:85} INFO - Job 238: Subtask move_bronze_file_into_archive_folder
[2023-12-22T16:41:29.413+0800] {task_command.py:416} INFO - Running <TaskInstance: fantasy_premier_league.move_bronze_file_into_archive_folder scheduled__2023-12-21T08:19:53.939205+00:00 [running]> on host azfartitu.
[2023-12-22T16:41:29.492+0800] {taskinstance.py:1662} INFO - Exporting env vars: AIRFLOW_CTX_DAG_OWNER='airflow' AIRFLOW_CTX_DAG_ID='fantasy_premier_league' AIRFLOW_CTX_TASK_ID='move_bronze_file_into_archive_folder' AIRFLOW_CTX_EXECUTION_DATE='2023-12-21T08:19:53.939205+00:00' AIRFLOW_CTX_TRY_NUMBER='1' AIRFLOW_CTX_DAG_RUN_ID='scheduled__2023-12-21T08:19:53.939205+00:00'
[2023-12-22T16:41:29.498+0800] {logging_mixin.py:154} INFO - value 13122023
[2023-12-22T16:41:29.505+0800] {base.py:73} INFO - Using connection ID 'azure_blob_conn_id' for task execution.
[2023-12-22T16:41:30.509+0800] {logging_mixin.py:154} INFO - File is renamed
[2023-12-22T16:41:30.510+0800] {logging_mixin.py:154} INFO - ['current_season_history', 'events_metadata', 'player_metadata', 'position_metadata', 'teams_metadata']
[2023-12-22T16:41:30.510+0800] {logging_mixin.py:154} INFO - current_season_history
[2023-12-22T16:41:30.514+0800] {logging_mixin.py:154} INFO - Created local temporary folder
[2023-12-22T16:41:30.514+0800] {logging_mixin.py:154} INFO - current_season_history/current/13122023/current_season_history_13122023.json
[2023-12-22T16:41:30.518+0800] {base.py:73} INFO - Using connection ID 'azure_blob_conn_id' for task execution.
[2023-12-22T16:41:35.230+0800] {logging_mixin.py:154} INFO - File is downloaded at /tmp/tmp0ss0sgtq
[2023-12-22T16:41:38.375+0800] {logging_mixin.py:154} INFO - File is copied to archive
[2023-12-22T16:41:38.375+0800] {logging_mixin.py:154} INFO - events_metadata
[2023-12-22T16:41:38.378+0800] {logging_mixin.py:154} INFO - Created local temporary folder
[2023-12-22T16:41:38.378+0800] {logging_mixin.py:154} INFO - events_metadata/current/13122023/events_metadata_13122023.json
[2023-12-22T16:41:38.399+0800] {base.py:73} INFO - Using connection ID 'azure_blob_conn_id' for task execution.
[2023-12-22T16:41:39.471+0800] {logging_mixin.py:154} INFO - File is downloaded at /tmp/tmpeasxt2zz
[2023-12-22T16:41:39.859+0800] {logging_mixin.py:154} INFO - File is copied to archive
[2023-12-22T16:41:39.859+0800] {logging_mixin.py:154} INFO - player_metadata
[2023-12-22T16:41:39.864+0800] {logging_mixin.py:154} INFO - Created local temporary folder
[2023-12-22T16:41:39.864+0800] {logging_mixin.py:154} INFO - player_metadata/current/13122023/player_metadata_13122023.json
[2023-12-22T16:41:39.869+0800] {base.py:73} INFO - Using connection ID 'azure_blob_conn_id' for task execution.
[2023-12-22T16:41:42.809+0800] {logging_mixin.py:154} INFO - File is downloaded at /tmp/tmp1qfl2jll
[2023-12-22T16:41:44.349+0800] {logging_mixin.py:154} INFO - File is copied to archive
[2023-12-22T16:41:44.350+0800] {logging_mixin.py:154} INFO - position_metadata
[2023-12-22T16:41:44.351+0800] {logging_mixin.py:154} INFO - Created local temporary folder
[2023-12-22T16:41:44.351+0800] {logging_mixin.py:154} INFO - position_metadata/current/13122023/position_metadata_13122023.json
[2023-12-22T16:41:44.356+0800] {base.py:73} INFO - Using connection ID 'azure_blob_conn_id' for task execution.
[2023-12-22T16:41:45.319+0800] {logging_mixin.py:154} INFO - File is downloaded at /tmp/tmpsuyy4lp0
[2023-12-22T16:41:45.547+0800] {logging_mixin.py:154} INFO - File is copied to archive
[2023-12-22T16:41:45.547+0800] {logging_mixin.py:154} INFO - teams_metadata
[2023-12-22T16:41:45.552+0800] {logging_mixin.py:154} INFO - Created local temporary folder
[2023-12-22T16:41:45.552+0800] {logging_mixin.py:154} INFO - teams_metadata/current/13122023/teams_metadata_13122023.json
[2023-12-22T16:41:45.560+0800] {base.py:73} INFO - Using connection ID 'azure_blob_conn_id' for task execution.
[2023-12-22T16:41:46.418+0800] {logging_mixin.py:154} INFO - File is downloaded at /tmp/tmp9f2kc3gg
[2023-12-22T16:41:46.639+0800] {logging_mixin.py:154} INFO - File is copied to archive
[2023-12-22T16:41:46.641+0800] {python.py:194} INFO - Done. Returned value was: None
[2023-12-22T16:41:46.647+0800] {taskinstance.py:1400} INFO - Marking task as SUCCESS. dag_id=fantasy_premier_league, task_id=move_bronze_file_into_archive_folder, execution_date=20231221T081953, start_date=20231222T084129, end_date=20231222T084146
[2023-12-22T16:41:46.688+0800] {local_task_job_runner.py:228} INFO - Task exited with return code 0
[2023-12-22T16:41:46.714+0800] {taskinstance.py:2778} INFO - 1 downstream tasks scheduled from follow-on schedule check
