[2023-12-20T22:45:29.762+0800] {processor.py:157} INFO - Started process (PID=179166) to work on /home/azfarmustafa/airflow_tutorial/dags/data_transformation_dag.py
[2023-12-20T22:45:29.771+0800] {processor.py:829} INFO - Processing file /home/azfarmustafa/airflow_tutorial/dags/data_transformation_dag.py for tasks to queue
[2023-12-20T22:45:29.786+0800] {logging_mixin.py:154} INFO - [2023-12-20T22:45:29.784+0800] {dagbag.py:536} INFO - Filling up the DagBag from /home/azfarmustafa/airflow_tutorial/dags/data_transformation_dag.py
[2023-12-20T22:45:30.898+0800] {processor.py:839} INFO - DAG(s) dict_keys(['fantasy_premier_league_debug']) retrieved from /home/azfarmustafa/airflow_tutorial/dags/data_transformation_dag.py
[2023-12-20T22:45:31.118+0800] {logging_mixin.py:154} INFO - [2023-12-20T22:45:31.116+0800] {dag.py:2941} INFO - Sync 1 DAGs
[2023-12-20T22:45:31.219+0800] {logging_mixin.py:154} INFO - [2023-12-20T22:45:31.219+0800] {dag.py:3722} INFO - Setting next_dagrun for fantasy_premier_league_debug to 2023-12-19T14:45:31.216519+00:00, run_after=2023-12-20T14:45:31.216519+00:00
[2023-12-20T22:45:31.276+0800] {processor.py:179} INFO - Processing /home/azfarmustafa/airflow_tutorial/dags/data_transformation_dag.py took 1.578 seconds
[2023-12-20T22:46:21.414+0800] {processor.py:157} INFO - Started process (PID=179273) to work on /home/azfarmustafa/airflow_tutorial/dags/data_transformation_dag.py
[2023-12-20T22:46:21.415+0800] {processor.py:829} INFO - Processing file /home/azfarmustafa/airflow_tutorial/dags/data_transformation_dag.py for tasks to queue
[2023-12-20T22:46:21.417+0800] {logging_mixin.py:154} INFO - [2023-12-20T22:46:21.417+0800] {dagbag.py:536} INFO - Filling up the DagBag from /home/azfarmustafa/airflow_tutorial/dags/data_transformation_dag.py
[2023-12-20T22:46:21.470+0800] {processor.py:839} INFO - DAG(s) dict_keys(['fantasy_premier_league_debug']) retrieved from /home/azfarmustafa/airflow_tutorial/dags/data_transformation_dag.py
[2023-12-20T22:46:21.563+0800] {logging_mixin.py:154} INFO - [2023-12-20T22:46:21.562+0800] {dag.py:2941} INFO - Sync 1 DAGs
[2023-12-20T22:46:21.579+0800] {logging_mixin.py:154} INFO - [2023-12-20T22:46:21.579+0800] {dag.py:3722} INFO - Setting next_dagrun for fantasy_premier_league_debug to 2023-12-20T14:45:43.754273+00:00, run_after=2023-12-21T14:45:43.754273+00:00
[2023-12-20T22:46:21.605+0800] {processor.py:179} INFO - Processing /home/azfarmustafa/airflow_tutorial/dags/data_transformation_dag.py took 0.195 seconds
[2023-12-20T22:46:51.668+0800] {processor.py:157} INFO - Started process (PID=179302) to work on /home/azfarmustafa/airflow_tutorial/dags/data_transformation_dag.py
[2023-12-20T22:46:51.670+0800] {processor.py:829} INFO - Processing file /home/azfarmustafa/airflow_tutorial/dags/data_transformation_dag.py for tasks to queue
[2023-12-20T22:46:51.675+0800] {logging_mixin.py:154} INFO - [2023-12-20T22:46:51.675+0800] {dagbag.py:536} INFO - Filling up the DagBag from /home/azfarmustafa/airflow_tutorial/dags/data_transformation_dag.py
[2023-12-20T22:46:51.801+0800] {processor.py:839} INFO - DAG(s) dict_keys(['fantasy_premier_league_debug']) retrieved from /home/azfarmustafa/airflow_tutorial/dags/data_transformation_dag.py
[2023-12-20T22:46:51.844+0800] {logging_mixin.py:154} INFO - [2023-12-20T22:46:51.843+0800] {dag.py:2941} INFO - Sync 1 DAGs
[2023-12-20T22:46:51.885+0800] {logging_mixin.py:154} INFO - [2023-12-20T22:46:51.884+0800] {dag.py:3722} INFO - Setting next_dagrun for fantasy_premier_league_debug to 2023-12-20T14:45:43.754273+00:00, run_after=2023-12-21T14:45:43.754273+00:00
[2023-12-20T22:46:51.940+0800] {processor.py:179} INFO - Processing /home/azfarmustafa/airflow_tutorial/dags/data_transformation_dag.py took 0.277 seconds
[2023-12-20T22:47:22.533+0800] {processor.py:157} INFO - Started process (PID=179327) to work on /home/azfarmustafa/airflow_tutorial/dags/data_transformation_dag.py
[2023-12-20T22:47:22.537+0800] {processor.py:829} INFO - Processing file /home/azfarmustafa/airflow_tutorial/dags/data_transformation_dag.py for tasks to queue
[2023-12-20T22:47:22.541+0800] {logging_mixin.py:154} INFO - [2023-12-20T22:47:22.540+0800] {dagbag.py:536} INFO - Filling up the DagBag from /home/azfarmustafa/airflow_tutorial/dags/data_transformation_dag.py
[2023-12-20T22:47:22.679+0800] {processor.py:839} INFO - DAG(s) dict_keys(['fantasy_premier_league_debug']) retrieved from /home/azfarmustafa/airflow_tutorial/dags/data_transformation_dag.py
[2023-12-20T22:47:22.706+0800] {logging_mixin.py:154} INFO - [2023-12-20T22:47:22.704+0800] {dag.py:2941} INFO - Sync 1 DAGs
[2023-12-20T22:47:22.759+0800] {logging_mixin.py:154} INFO - [2023-12-20T22:47:22.759+0800] {dag.py:3722} INFO - Setting next_dagrun for fantasy_premier_league_debug to 2023-12-20T14:45:43.754273+00:00, run_after=2023-12-21T14:45:43.754273+00:00
[2023-12-20T22:47:22.789+0800] {processor.py:179} INFO - Processing /home/azfarmustafa/airflow_tutorial/dags/data_transformation_dag.py took 0.260 seconds
[2023-12-20T22:47:53.052+0800] {processor.py:157} INFO - Started process (PID=179354) to work on /home/azfarmustafa/airflow_tutorial/dags/data_transformation_dag.py
[2023-12-20T22:47:53.062+0800] {processor.py:829} INFO - Processing file /home/azfarmustafa/airflow_tutorial/dags/data_transformation_dag.py for tasks to queue
[2023-12-20T22:47:53.097+0800] {logging_mixin.py:154} INFO - [2023-12-20T22:47:53.071+0800] {dagbag.py:536} INFO - Filling up the DagBag from /home/azfarmustafa/airflow_tutorial/dags/data_transformation_dag.py
[2023-12-20T22:47:53.337+0800] {processor.py:839} INFO - DAG(s) dict_keys(['fantasy_premier_league_debug']) retrieved from /home/azfarmustafa/airflow_tutorial/dags/data_transformation_dag.py
[2023-12-20T22:47:53.461+0800] {logging_mixin.py:154} INFO - [2023-12-20T22:47:53.461+0800] {dag.py:2941} INFO - Sync 1 DAGs
[2023-12-20T22:47:53.501+0800] {logging_mixin.py:154} INFO - [2023-12-20T22:47:53.501+0800] {dag.py:3722} INFO - Setting next_dagrun for fantasy_premier_league_debug to 2023-12-20T14:45:43.754273+00:00, run_after=2023-12-21T14:45:43.754273+00:00
[2023-12-20T22:47:54.421+0800] {processor.py:179} INFO - Processing /home/azfarmustafa/airflow_tutorial/dags/data_transformation_dag.py took 1.387 seconds
[2023-12-20T22:48:01.892+0800] {processor.py:157} INFO - Started process (PID=179379) to work on /home/azfarmustafa/airflow_tutorial/dags/data_transformation_dag.py
[2023-12-20T22:48:01.909+0800] {processor.py:829} INFO - Processing file /home/azfarmustafa/airflow_tutorial/dags/data_transformation_dag.py for tasks to queue
[2023-12-20T22:48:01.911+0800] {logging_mixin.py:154} INFO - [2023-12-20T22:48:01.911+0800] {dagbag.py:536} INFO - Filling up the DagBag from /home/azfarmustafa/airflow_tutorial/dags/data_transformation_dag.py
[2023-12-20T22:48:02.005+0800] {processor.py:839} INFO - DAG(s) dict_keys(['data_transformation_debug']) retrieved from /home/azfarmustafa/airflow_tutorial/dags/data_transformation_dag.py
[2023-12-20T22:48:04.280+0800] {logging_mixin.py:154} INFO - [2023-12-20T22:48:04.279+0800] {manager.py:499} INFO - Created Permission View: %s
[2023-12-20T22:48:05.035+0800] {logging_mixin.py:154} INFO - [2023-12-20T22:48:05.035+0800] {manager.py:499} INFO - Created Permission View: %s
[2023-12-20T22:48:05.583+0800] {logging_mixin.py:154} INFO - [2023-12-20T22:48:05.582+0800] {manager.py:499} INFO - Created Permission View: %s
[2023-12-20T22:48:05.584+0800] {logging_mixin.py:154} INFO - [2023-12-20T22:48:05.584+0800] {dag.py:2941} INFO - Sync 1 DAGs
[2023-12-20T22:48:05.620+0800] {logging_mixin.py:154} INFO - [2023-12-20T22:48:05.619+0800] {dag.py:2963} INFO - Creating ORM DAG for data_transformation_debug
[2023-12-20T22:48:24.188+0800] {logging_mixin.py:154} INFO - [2023-12-20T22:48:24.188+0800] {dag.py:3722} INFO - Setting next_dagrun for data_transformation_debug to 2023-12-19T14:48:24.187937+00:00, run_after=2023-12-20T14:48:24.187937+00:00
[2023-12-20T22:48:30.254+0800] {logging_mixin.py:154} INFO - [2023-12-20T22:48:30.253+0800] {dag.py:2941} INFO - Sync 1 DAGs
[2023-12-20T22:48:32.090+0800] {logging_mixin.py:154} INFO - [2023-12-20T22:48:32.089+0800] {dag.py:2963} INFO - Creating ORM DAG for data_transformation_debug
[2023-12-20T22:48:32.155+0800] {logging_mixin.py:154} INFO - [2023-12-20T22:48:32.154+0800] {dag.py:3722} INFO - Setting next_dagrun for data_transformation_debug to 2023-12-19T14:48:32.153642+00:00, run_after=2023-12-20T14:48:32.153642+00:00
[2023-12-20T22:48:32.315+0800] {processor.py:179} INFO - Processing /home/azfarmustafa/airflow_tutorial/dags/data_transformation_dag.py took 30.424 seconds
[2023-12-20T22:49:02.819+0800] {processor.py:157} INFO - Started process (PID=179413) to work on /home/azfarmustafa/airflow_tutorial/dags/data_transformation_dag.py
[2023-12-20T22:49:02.821+0800] {processor.py:829} INFO - Processing file /home/azfarmustafa/airflow_tutorial/dags/data_transformation_dag.py for tasks to queue
[2023-12-20T22:49:02.824+0800] {logging_mixin.py:154} INFO - [2023-12-20T22:49:02.823+0800] {dagbag.py:536} INFO - Filling up the DagBag from /home/azfarmustafa/airflow_tutorial/dags/data_transformation_dag.py
[2023-12-20T22:49:02.871+0800] {processor.py:839} INFO - DAG(s) dict_keys(['data_transformation_debug']) retrieved from /home/azfarmustafa/airflow_tutorial/dags/data_transformation_dag.py
[2023-12-20T22:49:02.890+0800] {logging_mixin.py:154} INFO - [2023-12-20T22:49:02.889+0800] {dag.py:2941} INFO - Sync 1 DAGs
[2023-12-20T22:49:02.913+0800] {logging_mixin.py:154} INFO - [2023-12-20T22:49:02.913+0800] {dag.py:3722} INFO - Setting next_dagrun for data_transformation_debug to 2023-12-19T14:49:02.912871+00:00, run_after=2023-12-20T14:49:02.912871+00:00
[2023-12-20T22:49:02.937+0800] {processor.py:179} INFO - Processing /home/azfarmustafa/airflow_tutorial/dags/data_transformation_dag.py took 0.125 seconds
[2023-12-20T22:49:22.378+0800] {processor.py:157} INFO - Started process (PID=179437) to work on /home/azfarmustafa/airflow_tutorial/dags/data_transformation_dag.py
[2023-12-20T22:49:22.380+0800] {processor.py:829} INFO - Processing file /home/azfarmustafa/airflow_tutorial/dags/data_transformation_dag.py for tasks to queue
[2023-12-20T22:49:22.382+0800] {logging_mixin.py:154} INFO - [2023-12-20T22:49:22.382+0800] {dagbag.py:536} INFO - Filling up the DagBag from /home/azfarmustafa/airflow_tutorial/dags/data_transformation_dag.py
[2023-12-20T22:49:22.472+0800] {processor.py:839} INFO - DAG(s) dict_keys(['data_transformation_debug']) retrieved from /home/azfarmustafa/airflow_tutorial/dags/data_transformation_dag.py
[2023-12-20T22:49:22.489+0800] {logging_mixin.py:154} INFO - [2023-12-20T22:49:22.489+0800] {dag.py:2941} INFO - Sync 1 DAGs
[2023-12-20T22:49:22.513+0800] {logging_mixin.py:154} INFO - [2023-12-20T22:49:22.513+0800] {dag.py:3722} INFO - Setting next_dagrun for data_transformation_debug to 2023-12-19T14:49:22.513149+00:00, run_after=2023-12-20T14:49:22.513149+00:00
[2023-12-20T22:49:22.542+0800] {processor.py:179} INFO - Processing /home/azfarmustafa/airflow_tutorial/dags/data_transformation_dag.py took 0.168 seconds
[2023-12-20T22:49:53.346+0800] {processor.py:157} INFO - Started process (PID=179468) to work on /home/azfarmustafa/airflow_tutorial/dags/data_transformation_dag.py
[2023-12-20T22:49:53.367+0800] {processor.py:829} INFO - Processing file /home/azfarmustafa/airflow_tutorial/dags/data_transformation_dag.py for tasks to queue
[2023-12-20T22:49:53.395+0800] {logging_mixin.py:154} INFO - [2023-12-20T22:49:53.382+0800] {dagbag.py:536} INFO - Filling up the DagBag from /home/azfarmustafa/airflow_tutorial/dags/data_transformation_dag.py
[2023-12-20T22:49:54.743+0800] {processor.py:839} INFO - DAG(s) dict_keys(['data_transformation_debug']) retrieved from /home/azfarmustafa/airflow_tutorial/dags/data_transformation_dag.py
[2023-12-20T22:49:55.280+0800] {logging_mixin.py:154} INFO - [2023-12-20T22:49:55.266+0800] {dag.py:2941} INFO - Sync 1 DAGs
[2023-12-20T22:49:56.078+0800] {logging_mixin.py:154} INFO - [2023-12-20T22:49:56.064+0800] {dag.py:3722} INFO - Setting next_dagrun for data_transformation_debug to 2023-12-19T14:49:56.062058+00:00, run_after=2023-12-20T14:49:56.062058+00:00
[2023-12-20T22:49:56.591+0800] {processor.py:179} INFO - Processing /home/azfarmustafa/airflow_tutorial/dags/data_transformation_dag.py took 3.324 seconds
[2023-12-20T22:50:27.777+0800] {processor.py:157} INFO - Started process (PID=179492) to work on /home/azfarmustafa/airflow_tutorial/dags/data_transformation_dag.py
[2023-12-20T22:50:27.781+0800] {processor.py:829} INFO - Processing file /home/azfarmustafa/airflow_tutorial/dags/data_transformation_dag.py for tasks to queue
[2023-12-20T22:50:27.785+0800] {logging_mixin.py:154} INFO - [2023-12-20T22:50:27.784+0800] {dagbag.py:536} INFO - Filling up the DagBag from /home/azfarmustafa/airflow_tutorial/dags/data_transformation_dag.py
[2023-12-20T22:50:27.919+0800] {processor.py:839} INFO - DAG(s) dict_keys(['data_transformation_debug']) retrieved from /home/azfarmustafa/airflow_tutorial/dags/data_transformation_dag.py
[2023-12-20T22:50:27.948+0800] {logging_mixin.py:154} INFO - [2023-12-20T22:50:27.947+0800] {dag.py:2941} INFO - Sync 1 DAGs
[2023-12-20T22:50:27.986+0800] {logging_mixin.py:154} INFO - [2023-12-20T22:50:27.985+0800] {dag.py:3722} INFO - Setting next_dagrun for data_transformation_debug to 2023-12-19T14:50:27.985635+00:00, run_after=2023-12-20T14:50:27.985635+00:00
[2023-12-20T22:50:28.018+0800] {processor.py:179} INFO - Processing /home/azfarmustafa/airflow_tutorial/dags/data_transformation_dag.py took 0.246 seconds
[2023-12-20T22:50:36.187+0800] {processor.py:157} INFO - Started process (PID=179500) to work on /home/azfarmustafa/airflow_tutorial/dags/data_transformation_dag.py
[2023-12-20T22:50:36.190+0800] {processor.py:829} INFO - Processing file /home/azfarmustafa/airflow_tutorial/dags/data_transformation_dag.py for tasks to queue
[2023-12-20T22:50:36.192+0800] {logging_mixin.py:154} INFO - [2023-12-20T22:50:36.192+0800] {dagbag.py:536} INFO - Filling up the DagBag from /home/azfarmustafa/airflow_tutorial/dags/data_transformation_dag.py
[2023-12-20T22:50:36.267+0800] {processor.py:839} INFO - DAG(s) dict_keys(['data_transformation_player_metadata_debug']) retrieved from /home/azfarmustafa/airflow_tutorial/dags/data_transformation_dag.py
[2023-12-20T22:50:36.956+0800] {logging_mixin.py:154} INFO - [2023-12-20T22:50:36.955+0800] {manager.py:499} INFO - Created Permission View: %s
[2023-12-20T22:50:36.984+0800] {logging_mixin.py:154} INFO - [2023-12-20T22:50:36.984+0800] {manager.py:499} INFO - Created Permission View: %s
[2023-12-20T22:50:37.006+0800] {logging_mixin.py:154} INFO - [2023-12-20T22:50:37.006+0800] {manager.py:499} INFO - Created Permission View: %s
[2023-12-20T22:50:37.007+0800] {logging_mixin.py:154} INFO - [2023-12-20T22:50:37.007+0800] {dag.py:2941} INFO - Sync 1 DAGs
[2023-12-20T22:50:37.046+0800] {logging_mixin.py:154} INFO - [2023-12-20T22:50:37.046+0800] {dag.py:2963} INFO - Creating ORM DAG for data_transformation_player_metadata_debug
[2023-12-20T22:50:37.098+0800] {logging_mixin.py:154} INFO - [2023-12-20T22:50:37.098+0800] {dag.py:3722} INFO - Setting next_dagrun for data_transformation_player_metadata_debug to 2023-12-19T14:50:37.095342+00:00, run_after=2023-12-20T14:50:37.095342+00:00
[2023-12-20T22:50:37.167+0800] {processor.py:179} INFO - Processing /home/azfarmustafa/airflow_tutorial/dags/data_transformation_dag.py took 0.994 seconds
[2023-12-20T22:51:00.112+0800] {processor.py:157} INFO - Started process (PID=179524) to work on /home/azfarmustafa/airflow_tutorial/dags/data_transformation_dag.py
[2023-12-20T22:51:00.114+0800] {processor.py:829} INFO - Processing file /home/azfarmustafa/airflow_tutorial/dags/data_transformation_dag.py for tasks to queue
[2023-12-20T22:51:00.117+0800] {logging_mixin.py:154} INFO - [2023-12-20T22:51:00.116+0800] {dagbag.py:536} INFO - Filling up the DagBag from /home/azfarmustafa/airflow_tutorial/dags/data_transformation_dag.py
[2023-12-20T22:51:00.213+0800] {processor.py:839} INFO - DAG(s) dict_keys(['data_transformation_player_metadata_debug']) retrieved from /home/azfarmustafa/airflow_tutorial/dags/data_transformation_dag.py
[2023-12-20T22:51:00.224+0800] {logging_mixin.py:154} INFO - [2023-12-20T22:51:00.223+0800] {dag.py:2941} INFO - Sync 1 DAGs
[2023-12-20T22:51:00.257+0800] {logging_mixin.py:154} INFO - [2023-12-20T22:51:00.257+0800] {dag.py:3722} INFO - Setting next_dagrun for data_transformation_player_metadata_debug to 2023-12-19T14:51:00.256832+00:00, run_after=2023-12-20T14:51:00.256832+00:00
[2023-12-20T22:51:00.298+0800] {processor.py:179} INFO - Processing /home/azfarmustafa/airflow_tutorial/dags/data_transformation_dag.py took 0.190 seconds
[2023-12-20T22:51:01.387+0800] {processor.py:157} INFO - Started process (PID=179532) to work on /home/azfarmustafa/airflow_tutorial/dags/data_transformation_dag.py
[2023-12-20T22:51:01.389+0800] {processor.py:829} INFO - Processing file /home/azfarmustafa/airflow_tutorial/dags/data_transformation_dag.py for tasks to queue
[2023-12-20T22:51:01.392+0800] {logging_mixin.py:154} INFO - [2023-12-20T22:51:01.391+0800] {dagbag.py:536} INFO - Filling up the DagBag from /home/azfarmustafa/airflow_tutorial/dags/data_transformation_dag.py
[2023-12-20T22:51:01.505+0800] {processor.py:839} INFO - DAG(s) dict_keys(['data_transformation_player_metadata_debug']) retrieved from /home/azfarmustafa/airflow_tutorial/dags/data_transformation_dag.py
[2023-12-20T22:51:01.521+0800] {logging_mixin.py:154} INFO - [2023-12-20T22:51:01.519+0800] {dag.py:2941} INFO - Sync 1 DAGs
[2023-12-20T22:51:01.571+0800] {logging_mixin.py:154} INFO - [2023-12-20T22:51:01.571+0800] {dag.py:3722} INFO - Setting next_dagrun for data_transformation_player_metadata_debug to 2023-12-19T14:51:01.570790+00:00, run_after=2023-12-20T14:51:01.570790+00:00
[2023-12-20T22:51:01.623+0800] {processor.py:179} INFO - Processing /home/azfarmustafa/airflow_tutorial/dags/data_transformation_dag.py took 0.242 seconds
[2023-12-20T22:51:02.743+0800] {processor.py:157} INFO - Started process (PID=179540) to work on /home/azfarmustafa/airflow_tutorial/dags/data_transformation_dag.py
[2023-12-20T22:51:02.744+0800] {processor.py:829} INFO - Processing file /home/azfarmustafa/airflow_tutorial/dags/data_transformation_dag.py for tasks to queue
[2023-12-20T22:51:02.747+0800] {logging_mixin.py:154} INFO - [2023-12-20T22:51:02.746+0800] {dagbag.py:536} INFO - Filling up the DagBag from /home/azfarmustafa/airflow_tutorial/dags/data_transformation_dag.py
[2023-12-20T22:51:02.822+0800] {processor.py:839} INFO - DAG(s) dict_keys(['data_transformation_player_metadata_debug']) retrieved from /home/azfarmustafa/airflow_tutorial/dags/data_transformation_dag.py
[2023-12-20T22:51:02.837+0800] {logging_mixin.py:154} INFO - [2023-12-20T22:51:02.836+0800] {dag.py:2941} INFO - Sync 1 DAGs
[2023-12-20T22:51:02.884+0800] {logging_mixin.py:154} INFO - [2023-12-20T22:51:02.883+0800] {dag.py:3722} INFO - Setting next_dagrun for data_transformation_player_metadata_debug to 2023-12-19T14:51:02.883292+00:00, run_after=2023-12-20T14:51:02.883292+00:00
[2023-12-20T22:51:02.924+0800] {processor.py:179} INFO - Processing /home/azfarmustafa/airflow_tutorial/dags/data_transformation_dag.py took 0.186 seconds
[2023-12-20T22:51:33.731+0800] {processor.py:157} INFO - Started process (PID=179565) to work on /home/azfarmustafa/airflow_tutorial/dags/data_transformation_dag.py
[2023-12-20T22:51:33.788+0800] {processor.py:829} INFO - Processing file /home/azfarmustafa/airflow_tutorial/dags/data_transformation_dag.py for tasks to queue
[2023-12-20T22:51:33.793+0800] {logging_mixin.py:154} INFO - [2023-12-20T22:51:33.792+0800] {dagbag.py:536} INFO - Filling up the DagBag from /home/azfarmustafa/airflow_tutorial/dags/data_transformation_dag.py
[2023-12-20T22:51:34.215+0800] {processor.py:839} INFO - DAG(s) dict_keys(['data_transformation_player_metadata_debug']) retrieved from /home/azfarmustafa/airflow_tutorial/dags/data_transformation_dag.py
[2023-12-20T22:51:34.244+0800] {logging_mixin.py:154} INFO - [2023-12-20T22:51:34.243+0800] {dag.py:2941} INFO - Sync 1 DAGs
[2023-12-20T22:51:34.285+0800] {logging_mixin.py:154} INFO - [2023-12-20T22:51:34.284+0800] {dag.py:3722} INFO - Setting next_dagrun for data_transformation_player_metadata_debug to 2023-12-19T14:51:34.283612+00:00, run_after=2023-12-20T14:51:34.283612+00:00
[2023-12-20T22:51:35.047+0800] {processor.py:179} INFO - Processing /home/azfarmustafa/airflow_tutorial/dags/data_transformation_dag.py took 1.320 seconds
[2023-12-20T22:51:43.556+0800] {processor.py:157} INFO - Started process (PID=179573) to work on /home/azfarmustafa/airflow_tutorial/dags/data_transformation_dag.py
[2023-12-20T22:51:43.558+0800] {processor.py:829} INFO - Processing file /home/azfarmustafa/airflow_tutorial/dags/data_transformation_dag.py for tasks to queue
[2023-12-20T22:51:43.559+0800] {logging_mixin.py:154} INFO - [2023-12-20T22:51:43.559+0800] {dagbag.py:536} INFO - Filling up the DagBag from /home/azfarmustafa/airflow_tutorial/dags/data_transformation_dag.py
[2023-12-20T22:51:43.667+0800] {processor.py:839} INFO - DAG(s) dict_keys(['data_transformation_player_metadata_debug']) retrieved from /home/azfarmustafa/airflow_tutorial/dags/data_transformation_dag.py
[2023-12-20T22:51:43.704+0800] {logging_mixin.py:154} INFO - [2023-12-20T22:51:43.704+0800] {dag.py:2941} INFO - Sync 1 DAGs
[2023-12-20T22:51:43.751+0800] {logging_mixin.py:154} INFO - [2023-12-20T22:51:43.751+0800] {dag.py:3722} INFO - Setting next_dagrun for data_transformation_player_metadata_debug to 2023-12-19T14:51:43.750909+00:00, run_after=2023-12-20T14:51:43.750909+00:00
[2023-12-20T22:51:43.808+0800] {processor.py:179} INFO - Processing /home/azfarmustafa/airflow_tutorial/dags/data_transformation_dag.py took 0.256 seconds
[2023-12-20T22:52:14.109+0800] {processor.py:157} INFO - Started process (PID=179608) to work on /home/azfarmustafa/airflow_tutorial/dags/data_transformation_dag.py
[2023-12-20T22:52:14.111+0800] {processor.py:829} INFO - Processing file /home/azfarmustafa/airflow_tutorial/dags/data_transformation_dag.py for tasks to queue
[2023-12-20T22:52:14.114+0800] {logging_mixin.py:154} INFO - [2023-12-20T22:52:14.113+0800] {dagbag.py:536} INFO - Filling up the DagBag from /home/azfarmustafa/airflow_tutorial/dags/data_transformation_dag.py
[2023-12-20T22:52:14.311+0800] {processor.py:839} INFO - DAG(s) dict_keys(['data_transformation_player_metadata_debug']) retrieved from /home/azfarmustafa/airflow_tutorial/dags/data_transformation_dag.py
[2023-12-20T22:52:14.376+0800] {logging_mixin.py:154} INFO - [2023-12-20T22:52:14.376+0800] {dag.py:2941} INFO - Sync 1 DAGs
[2023-12-20T22:52:14.445+0800] {logging_mixin.py:154} INFO - [2023-12-20T22:52:14.444+0800] {dag.py:3722} INFO - Setting next_dagrun for data_transformation_player_metadata_debug to 2023-12-19T14:52:14.444206+00:00, run_after=2023-12-20T14:52:14.444206+00:00
[2023-12-20T22:52:14.500+0800] {processor.py:179} INFO - Processing /home/azfarmustafa/airflow_tutorial/dags/data_transformation_dag.py took 0.395 seconds
[2023-12-20T22:52:49.316+0800] {processor.py:157} INFO - Started process (PID=179663) to work on /home/azfarmustafa/airflow_tutorial/dags/data_transformation_dag.py
[2023-12-20T22:52:49.318+0800] {processor.py:829} INFO - Processing file /home/azfarmustafa/airflow_tutorial/dags/data_transformation_dag.py for tasks to queue
[2023-12-20T22:52:49.320+0800] {logging_mixin.py:154} INFO - [2023-12-20T22:52:49.320+0800] {dagbag.py:536} INFO - Filling up the DagBag from /home/azfarmustafa/airflow_tutorial/dags/data_transformation_dag.py
[2023-12-20T22:52:49.407+0800] {processor.py:839} INFO - DAG(s) dict_keys(['data_transformation_player_metadata_debug']) retrieved from /home/azfarmustafa/airflow_tutorial/dags/data_transformation_dag.py
[2023-12-20T22:52:49.431+0800] {logging_mixin.py:154} INFO - [2023-12-20T22:52:49.431+0800] {dag.py:2941} INFO - Sync 1 DAGs
[2023-12-20T22:52:49.464+0800] {logging_mixin.py:154} INFO - [2023-12-20T22:52:49.464+0800] {dag.py:3722} INFO - Setting next_dagrun for data_transformation_player_metadata_debug to 2023-12-20T14:52:14.444206+00:00, run_after=2023-12-21T14:52:14.444206+00:00
[2023-12-20T22:52:49.690+0800] {processor.py:179} INFO - Processing /home/azfarmustafa/airflow_tutorial/dags/data_transformation_dag.py took 0.378 seconds
[2023-12-20T22:53:19.730+0800] {processor.py:157} INFO - Started process (PID=179693) to work on /home/azfarmustafa/airflow_tutorial/dags/data_transformation_dag.py
[2023-12-20T22:53:19.733+0800] {processor.py:829} INFO - Processing file /home/azfarmustafa/airflow_tutorial/dags/data_transformation_dag.py for tasks to queue
[2023-12-20T22:53:19.734+0800] {logging_mixin.py:154} INFO - [2023-12-20T22:53:19.734+0800] {dagbag.py:536} INFO - Filling up the DagBag from /home/azfarmustafa/airflow_tutorial/dags/data_transformation_dag.py
[2023-12-20T22:53:19.792+0800] {processor.py:839} INFO - DAG(s) dict_keys(['data_transformation_player_metadata_debug']) retrieved from /home/azfarmustafa/airflow_tutorial/dags/data_transformation_dag.py
[2023-12-20T22:53:19.812+0800] {logging_mixin.py:154} INFO - [2023-12-20T22:53:19.811+0800] {dag.py:2941} INFO - Sync 1 DAGs
[2023-12-20T22:53:19.838+0800] {logging_mixin.py:154} INFO - [2023-12-20T22:53:19.838+0800] {dag.py:3722} INFO - Setting next_dagrun for data_transformation_player_metadata_debug to 2023-12-20T14:52:14.444206+00:00, run_after=2023-12-21T14:52:14.444206+00:00
[2023-12-20T22:53:19.867+0800] {processor.py:179} INFO - Processing /home/azfarmustafa/airflow_tutorial/dags/data_transformation_dag.py took 0.141 seconds
[2023-12-20T22:53:50.510+0800] {processor.py:157} INFO - Started process (PID=179717) to work on /home/azfarmustafa/airflow_tutorial/dags/data_transformation_dag.py
[2023-12-20T22:53:50.512+0800] {processor.py:829} INFO - Processing file /home/azfarmustafa/airflow_tutorial/dags/data_transformation_dag.py for tasks to queue
[2023-12-20T22:53:50.514+0800] {logging_mixin.py:154} INFO - [2023-12-20T22:53:50.513+0800] {dagbag.py:536} INFO - Filling up the DagBag from /home/azfarmustafa/airflow_tutorial/dags/data_transformation_dag.py
[2023-12-20T22:53:50.670+0800] {processor.py:839} INFO - DAG(s) dict_keys(['data_transformation_player_metadata_debug']) retrieved from /home/azfarmustafa/airflow_tutorial/dags/data_transformation_dag.py
[2023-12-20T22:53:50.711+0800] {logging_mixin.py:154} INFO - [2023-12-20T22:53:50.710+0800] {dag.py:2941} INFO - Sync 1 DAGs
[2023-12-20T22:53:51.161+0800] {logging_mixin.py:154} INFO - [2023-12-20T22:53:51.161+0800] {dag.py:3722} INFO - Setting next_dagrun for data_transformation_player_metadata_debug to 2023-12-20T14:52:14.444206+00:00, run_after=2023-12-21T14:52:14.444206+00:00
[2023-12-20T22:53:51.208+0800] {processor.py:179} INFO - Processing /home/azfarmustafa/airflow_tutorial/dags/data_transformation_dag.py took 0.704 seconds
[2023-12-20T22:54:21.682+0800] {processor.py:157} INFO - Started process (PID=179742) to work on /home/azfarmustafa/airflow_tutorial/dags/data_transformation_dag.py
[2023-12-20T22:54:21.683+0800] {processor.py:829} INFO - Processing file /home/azfarmustafa/airflow_tutorial/dags/data_transformation_dag.py for tasks to queue
[2023-12-20T22:54:21.684+0800] {logging_mixin.py:154} INFO - [2023-12-20T22:54:21.683+0800] {dagbag.py:536} INFO - Filling up the DagBag from /home/azfarmustafa/airflow_tutorial/dags/data_transformation_dag.py
[2023-12-20T22:54:21.778+0800] {processor.py:839} INFO - DAG(s) dict_keys(['data_transformation_player_metadata_debug']) retrieved from /home/azfarmustafa/airflow_tutorial/dags/data_transformation_dag.py
[2023-12-20T22:54:21.800+0800] {logging_mixin.py:154} INFO - [2023-12-20T22:54:21.800+0800] {dag.py:2941} INFO - Sync 1 DAGs
[2023-12-20T22:54:21.833+0800] {logging_mixin.py:154} INFO - [2023-12-20T22:54:21.833+0800] {dag.py:3722} INFO - Setting next_dagrun for data_transformation_player_metadata_debug to 2023-12-20T14:52:14.444206+00:00, run_after=2023-12-21T14:52:14.444206+00:00
[2023-12-20T22:54:22.030+0800] {processor.py:179} INFO - Processing /home/azfarmustafa/airflow_tutorial/dags/data_transformation_dag.py took 0.351 seconds
[2023-12-20T22:54:52.709+0800] {processor.py:157} INFO - Started process (PID=179766) to work on /home/azfarmustafa/airflow_tutorial/dags/data_transformation_dag.py
[2023-12-20T22:54:52.711+0800] {processor.py:829} INFO - Processing file /home/azfarmustafa/airflow_tutorial/dags/data_transformation_dag.py for tasks to queue
[2023-12-20T22:54:52.712+0800] {logging_mixin.py:154} INFO - [2023-12-20T22:54:52.712+0800] {dagbag.py:536} INFO - Filling up the DagBag from /home/azfarmustafa/airflow_tutorial/dags/data_transformation_dag.py
[2023-12-20T22:54:52.806+0800] {processor.py:839} INFO - DAG(s) dict_keys(['data_transformation_player_metadata_debug']) retrieved from /home/azfarmustafa/airflow_tutorial/dags/data_transformation_dag.py
[2023-12-20T22:54:52.824+0800] {logging_mixin.py:154} INFO - [2023-12-20T22:54:52.823+0800] {dag.py:2941} INFO - Sync 1 DAGs
[2023-12-20T22:54:52.848+0800] {logging_mixin.py:154} INFO - [2023-12-20T22:54:52.848+0800] {dag.py:3722} INFO - Setting next_dagrun for data_transformation_player_metadata_debug to 2023-12-20T14:52:14.444206+00:00, run_after=2023-12-21T14:52:14.444206+00:00
[2023-12-20T22:54:52.928+0800] {processor.py:179} INFO - Processing /home/azfarmustafa/airflow_tutorial/dags/data_transformation_dag.py took 0.223 seconds
[2023-12-20T22:55:23.703+0800] {processor.py:157} INFO - Started process (PID=179796) to work on /home/azfarmustafa/airflow_tutorial/dags/data_transformation_dag.py
[2023-12-20T22:55:23.706+0800] {processor.py:829} INFO - Processing file /home/azfarmustafa/airflow_tutorial/dags/data_transformation_dag.py for tasks to queue
[2023-12-20T22:55:23.708+0800] {logging_mixin.py:154} INFO - [2023-12-20T22:55:23.707+0800] {dagbag.py:536} INFO - Filling up the DagBag from /home/azfarmustafa/airflow_tutorial/dags/data_transformation_dag.py
[2023-12-20T22:55:23.770+0800] {processor.py:839} INFO - DAG(s) dict_keys(['data_transformation_player_metadata_debug']) retrieved from /home/azfarmustafa/airflow_tutorial/dags/data_transformation_dag.py
[2023-12-20T22:55:23.793+0800] {logging_mixin.py:154} INFO - [2023-12-20T22:55:23.793+0800] {dag.py:2941} INFO - Sync 1 DAGs
[2023-12-20T22:55:24.147+0800] {logging_mixin.py:154} INFO - [2023-12-20T22:55:24.147+0800] {dag.py:3722} INFO - Setting next_dagrun for data_transformation_player_metadata_debug to 2023-12-20T14:52:14.444206+00:00, run_after=2023-12-21T14:52:14.444206+00:00
[2023-12-20T22:55:24.193+0800] {processor.py:179} INFO - Processing /home/azfarmustafa/airflow_tutorial/dags/data_transformation_dag.py took 0.498 seconds
[2023-12-20T22:55:54.567+0800] {processor.py:157} INFO - Started process (PID=179820) to work on /home/azfarmustafa/airflow_tutorial/dags/data_transformation_dag.py
[2023-12-20T22:55:54.571+0800] {processor.py:829} INFO - Processing file /home/azfarmustafa/airflow_tutorial/dags/data_transformation_dag.py for tasks to queue
[2023-12-20T22:55:54.572+0800] {logging_mixin.py:154} INFO - [2023-12-20T22:55:54.571+0800] {dagbag.py:536} INFO - Filling up the DagBag from /home/azfarmustafa/airflow_tutorial/dags/data_transformation_dag.py
[2023-12-20T22:55:54.678+0800] {processor.py:839} INFO - DAG(s) dict_keys(['data_transformation_player_metadata_debug']) retrieved from /home/azfarmustafa/airflow_tutorial/dags/data_transformation_dag.py
[2023-12-20T22:55:54.705+0800] {logging_mixin.py:154} INFO - [2023-12-20T22:55:54.705+0800] {dag.py:2941} INFO - Sync 1 DAGs
[2023-12-20T22:55:54.725+0800] {logging_mixin.py:154} INFO - [2023-12-20T22:55:54.725+0800] {dag.py:3722} INFO - Setting next_dagrun for data_transformation_player_metadata_debug to 2023-12-20T14:52:14.444206+00:00, run_after=2023-12-21T14:52:14.444206+00:00
[2023-12-20T22:55:54.947+0800] {processor.py:179} INFO - Processing /home/azfarmustafa/airflow_tutorial/dags/data_transformation_dag.py took 0.421 seconds
[2023-12-20T22:56:25.542+0800] {processor.py:157} INFO - Started process (PID=179846) to work on /home/azfarmustafa/airflow_tutorial/dags/data_transformation_dag.py
[2023-12-20T22:56:25.557+0800] {processor.py:829} INFO - Processing file /home/azfarmustafa/airflow_tutorial/dags/data_transformation_dag.py for tasks to queue
[2023-12-20T22:56:25.572+0800] {logging_mixin.py:154} INFO - [2023-12-20T22:56:25.565+0800] {dagbag.py:536} INFO - Filling up the DagBag from /home/azfarmustafa/airflow_tutorial/dags/data_transformation_dag.py
[2023-12-20T22:56:27.511+0800] {processor.py:839} INFO - DAG(s) dict_keys(['data_transformation_player_metadata_debug']) retrieved from /home/azfarmustafa/airflow_tutorial/dags/data_transformation_dag.py
[2023-12-20T22:56:27.572+0800] {logging_mixin.py:154} INFO - [2023-12-20T22:56:27.572+0800] {dag.py:2941} INFO - Sync 1 DAGs
[2023-12-20T22:56:27.643+0800] {logging_mixin.py:154} INFO - [2023-12-20T22:56:27.643+0800] {dag.py:3722} INFO - Setting next_dagrun for data_transformation_player_metadata_debug to 2023-12-20T14:52:14.444206+00:00, run_after=2023-12-21T14:52:14.444206+00:00
[2023-12-20T22:56:27.681+0800] {processor.py:179} INFO - Processing /home/azfarmustafa/airflow_tutorial/dags/data_transformation_dag.py took 2.184 seconds
[2023-12-20T22:56:58.099+0800] {processor.py:157} INFO - Started process (PID=179872) to work on /home/azfarmustafa/airflow_tutorial/dags/data_transformation_dag.py
[2023-12-20T22:56:58.105+0800] {processor.py:829} INFO - Processing file /home/azfarmustafa/airflow_tutorial/dags/data_transformation_dag.py for tasks to queue
[2023-12-20T22:56:58.106+0800] {logging_mixin.py:154} INFO - [2023-12-20T22:56:58.105+0800] {dagbag.py:536} INFO - Filling up the DagBag from /home/azfarmustafa/airflow_tutorial/dags/data_transformation_dag.py
[2023-12-20T22:56:58.264+0800] {processor.py:839} INFO - DAG(s) dict_keys(['data_transformation_player_metadata_debug']) retrieved from /home/azfarmustafa/airflow_tutorial/dags/data_transformation_dag.py
[2023-12-20T22:56:58.281+0800] {logging_mixin.py:154} INFO - [2023-12-20T22:56:58.281+0800] {dag.py:2941} INFO - Sync 1 DAGs
[2023-12-20T22:56:58.495+0800] {logging_mixin.py:154} INFO - [2023-12-20T22:56:58.494+0800] {dag.py:3722} INFO - Setting next_dagrun for data_transformation_player_metadata_debug to 2023-12-20T14:52:14.444206+00:00, run_after=2023-12-21T14:52:14.444206+00:00
[2023-12-20T22:56:58.520+0800] {processor.py:179} INFO - Processing /home/azfarmustafa/airflow_tutorial/dags/data_transformation_dag.py took 0.424 seconds
[2023-12-20T22:57:28.948+0800] {processor.py:157} INFO - Started process (PID=179896) to work on /home/azfarmustafa/airflow_tutorial/dags/data_transformation_dag.py
[2023-12-20T22:57:28.949+0800] {processor.py:829} INFO - Processing file /home/azfarmustafa/airflow_tutorial/dags/data_transformation_dag.py for tasks to queue
[2023-12-20T22:57:28.951+0800] {logging_mixin.py:154} INFO - [2023-12-20T22:57:28.951+0800] {dagbag.py:536} INFO - Filling up the DagBag from /home/azfarmustafa/airflow_tutorial/dags/data_transformation_dag.py
[2023-12-20T22:57:29.004+0800] {processor.py:839} INFO - DAG(s) dict_keys(['data_transformation_player_metadata_debug']) retrieved from /home/azfarmustafa/airflow_tutorial/dags/data_transformation_dag.py
[2023-12-20T22:57:29.021+0800] {logging_mixin.py:154} INFO - [2023-12-20T22:57:29.020+0800] {dag.py:2941} INFO - Sync 1 DAGs
[2023-12-20T22:57:29.042+0800] {logging_mixin.py:154} INFO - [2023-12-20T22:57:29.042+0800] {dag.py:3722} INFO - Setting next_dagrun for data_transformation_player_metadata_debug to 2023-12-20T14:52:14.444206+00:00, run_after=2023-12-21T14:52:14.444206+00:00
[2023-12-20T22:57:29.207+0800] {processor.py:179} INFO - Processing /home/azfarmustafa/airflow_tutorial/dags/data_transformation_dag.py took 0.262 seconds
[2023-12-20T22:57:59.575+0800] {processor.py:157} INFO - Started process (PID=179920) to work on /home/azfarmustafa/airflow_tutorial/dags/data_transformation_dag.py
[2023-12-20T22:57:59.577+0800] {processor.py:829} INFO - Processing file /home/azfarmustafa/airflow_tutorial/dags/data_transformation_dag.py for tasks to queue
[2023-12-20T22:57:59.579+0800] {logging_mixin.py:154} INFO - [2023-12-20T22:57:59.578+0800] {dagbag.py:536} INFO - Filling up the DagBag from /home/azfarmustafa/airflow_tutorial/dags/data_transformation_dag.py
[2023-12-20T22:57:59.794+0800] {processor.py:839} INFO - DAG(s) dict_keys(['data_transformation_player_metadata_debug']) retrieved from /home/azfarmustafa/airflow_tutorial/dags/data_transformation_dag.py
[2023-12-20T22:57:59.809+0800] {logging_mixin.py:154} INFO - [2023-12-20T22:57:59.809+0800] {dag.py:2941} INFO - Sync 1 DAGs
[2023-12-20T22:57:59.829+0800] {logging_mixin.py:154} INFO - [2023-12-20T22:57:59.829+0800] {dag.py:3722} INFO - Setting next_dagrun for data_transformation_player_metadata_debug to 2023-12-20T14:52:14.444206+00:00, run_after=2023-12-21T14:52:14.444206+00:00
[2023-12-20T22:57:59.860+0800] {processor.py:179} INFO - Processing /home/azfarmustafa/airflow_tutorial/dags/data_transformation_dag.py took 0.288 seconds
[2023-12-20T22:58:30.257+0800] {processor.py:157} INFO - Started process (PID=179951) to work on /home/azfarmustafa/airflow_tutorial/dags/data_transformation_dag.py
[2023-12-20T22:58:30.258+0800] {processor.py:829} INFO - Processing file /home/azfarmustafa/airflow_tutorial/dags/data_transformation_dag.py for tasks to queue
[2023-12-20T22:58:30.260+0800] {logging_mixin.py:154} INFO - [2023-12-20T22:58:30.260+0800] {dagbag.py:536} INFO - Filling up the DagBag from /home/azfarmustafa/airflow_tutorial/dags/data_transformation_dag.py
[2023-12-20T22:58:30.370+0800] {processor.py:839} INFO - DAG(s) dict_keys(['data_transformation_player_metadata_debug']) retrieved from /home/azfarmustafa/airflow_tutorial/dags/data_transformation_dag.py
[2023-12-20T22:58:30.393+0800] {logging_mixin.py:154} INFO - [2023-12-20T22:58:30.393+0800] {dag.py:2941} INFO - Sync 1 DAGs
[2023-12-20T22:58:30.594+0800] {logging_mixin.py:154} INFO - [2023-12-20T22:58:30.594+0800] {dag.py:3722} INFO - Setting next_dagrun for data_transformation_player_metadata_debug to 2023-12-20T14:52:14.444206+00:00, run_after=2023-12-21T14:52:14.444206+00:00
[2023-12-20T22:58:30.626+0800] {processor.py:179} INFO - Processing /home/azfarmustafa/airflow_tutorial/dags/data_transformation_dag.py took 0.372 seconds
[2023-12-20T22:59:00.943+0800] {processor.py:157} INFO - Started process (PID=179975) to work on /home/azfarmustafa/airflow_tutorial/dags/data_transformation_dag.py
[2023-12-20T22:59:00.945+0800] {processor.py:829} INFO - Processing file /home/azfarmustafa/airflow_tutorial/dags/data_transformation_dag.py for tasks to queue
[2023-12-20T22:59:00.946+0800] {logging_mixin.py:154} INFO - [2023-12-20T22:59:00.946+0800] {dagbag.py:536} INFO - Filling up the DagBag from /home/azfarmustafa/airflow_tutorial/dags/data_transformation_dag.py
[2023-12-20T22:59:01.315+0800] {processor.py:839} INFO - DAG(s) dict_keys(['data_transformation_player_metadata_debug']) retrieved from /home/azfarmustafa/airflow_tutorial/dags/data_transformation_dag.py
[2023-12-20T22:59:01.339+0800] {logging_mixin.py:154} INFO - [2023-12-20T22:59:01.338+0800] {dag.py:2941} INFO - Sync 1 DAGs
[2023-12-20T22:59:01.363+0800] {logging_mixin.py:154} INFO - [2023-12-20T22:59:01.363+0800] {dag.py:3722} INFO - Setting next_dagrun for data_transformation_player_metadata_debug to 2023-12-20T14:52:14.444206+00:00, run_after=2023-12-21T14:52:14.444206+00:00
[2023-12-20T22:59:01.392+0800] {processor.py:179} INFO - Processing /home/azfarmustafa/airflow_tutorial/dags/data_transformation_dag.py took 0.453 seconds
[2023-12-20T22:59:31.796+0800] {processor.py:157} INFO - Started process (PID=180000) to work on /home/azfarmustafa/airflow_tutorial/dags/data_transformation_dag.py
[2023-12-20T22:59:31.802+0800] {processor.py:829} INFO - Processing file /home/azfarmustafa/airflow_tutorial/dags/data_transformation_dag.py for tasks to queue
[2023-12-20T22:59:31.803+0800] {logging_mixin.py:154} INFO - [2023-12-20T22:59:31.803+0800] {dagbag.py:536} INFO - Filling up the DagBag from /home/azfarmustafa/airflow_tutorial/dags/data_transformation_dag.py
[2023-12-20T22:59:31.878+0800] {processor.py:839} INFO - DAG(s) dict_keys(['data_transformation_player_metadata_debug']) retrieved from /home/azfarmustafa/airflow_tutorial/dags/data_transformation_dag.py
[2023-12-20T22:59:31.906+0800] {logging_mixin.py:154} INFO - [2023-12-20T22:59:31.906+0800] {dag.py:2941} INFO - Sync 1 DAGs
[2023-12-20T22:59:31.941+0800] {logging_mixin.py:154} INFO - [2023-12-20T22:59:31.940+0800] {dag.py:3722} INFO - Setting next_dagrun for data_transformation_player_metadata_debug to 2023-12-20T14:52:14.444206+00:00, run_after=2023-12-21T14:52:14.444206+00:00
[2023-12-20T22:59:31.972+0800] {processor.py:179} INFO - Processing /home/azfarmustafa/airflow_tutorial/dags/data_transformation_dag.py took 0.179 seconds
[2023-12-20T23:00:02.364+0800] {processor.py:157} INFO - Started process (PID=180025) to work on /home/azfarmustafa/airflow_tutorial/dags/data_transformation_dag.py
[2023-12-20T23:00:02.370+0800] {processor.py:829} INFO - Processing file /home/azfarmustafa/airflow_tutorial/dags/data_transformation_dag.py for tasks to queue
[2023-12-20T23:00:02.371+0800] {logging_mixin.py:154} INFO - [2023-12-20T23:00:02.370+0800] {dagbag.py:536} INFO - Filling up the DagBag from /home/azfarmustafa/airflow_tutorial/dags/data_transformation_dag.py
[2023-12-20T23:00:02.420+0800] {processor.py:839} INFO - DAG(s) dict_keys(['data_transformation_player_metadata_debug']) retrieved from /home/azfarmustafa/airflow_tutorial/dags/data_transformation_dag.py
[2023-12-20T23:00:02.438+0800] {logging_mixin.py:154} INFO - [2023-12-20T23:00:02.437+0800] {dag.py:2941} INFO - Sync 1 DAGs
[2023-12-20T23:00:02.460+0800] {logging_mixin.py:154} INFO - [2023-12-20T23:00:02.460+0800] {dag.py:3722} INFO - Setting next_dagrun for data_transformation_player_metadata_debug to 2023-12-20T14:52:14.444206+00:00, run_after=2023-12-21T14:52:14.444206+00:00
[2023-12-20T23:00:02.485+0800] {processor.py:179} INFO - Processing /home/azfarmustafa/airflow_tutorial/dags/data_transformation_dag.py took 0.123 seconds
[2023-12-20T23:00:32.886+0800] {processor.py:157} INFO - Started process (PID=180055) to work on /home/azfarmustafa/airflow_tutorial/dags/data_transformation_dag.py
[2023-12-20T23:00:32.889+0800] {processor.py:829} INFO - Processing file /home/azfarmustafa/airflow_tutorial/dags/data_transformation_dag.py for tasks to queue
[2023-12-20T23:00:32.891+0800] {logging_mixin.py:154} INFO - [2023-12-20T23:00:32.891+0800] {dagbag.py:536} INFO - Filling up the DagBag from /home/azfarmustafa/airflow_tutorial/dags/data_transformation_dag.py
[2023-12-20T23:00:32.976+0800] {processor.py:839} INFO - DAG(s) dict_keys(['data_transformation_player_metadata_debug']) retrieved from /home/azfarmustafa/airflow_tutorial/dags/data_transformation_dag.py
[2023-12-20T23:00:32.997+0800] {logging_mixin.py:154} INFO - [2023-12-20T23:00:32.997+0800] {dag.py:2941} INFO - Sync 1 DAGs
[2023-12-20T23:00:33.028+0800] {logging_mixin.py:154} INFO - [2023-12-20T23:00:33.027+0800] {dag.py:3722} INFO - Setting next_dagrun for data_transformation_player_metadata_debug to 2023-12-20T14:52:14.444206+00:00, run_after=2023-12-21T14:52:14.444206+00:00
[2023-12-20T23:00:33.063+0800] {processor.py:179} INFO - Processing /home/azfarmustafa/airflow_tutorial/dags/data_transformation_dag.py took 0.181 seconds
[2023-12-20T23:01:03.436+0800] {processor.py:157} INFO - Started process (PID=180080) to work on /home/azfarmustafa/airflow_tutorial/dags/data_transformation_dag.py
[2023-12-20T23:01:03.442+0800] {processor.py:829} INFO - Processing file /home/azfarmustafa/airflow_tutorial/dags/data_transformation_dag.py for tasks to queue
[2023-12-20T23:01:03.443+0800] {logging_mixin.py:154} INFO - [2023-12-20T23:01:03.442+0800] {dagbag.py:536} INFO - Filling up the DagBag from /home/azfarmustafa/airflow_tutorial/dags/data_transformation_dag.py
[2023-12-20T23:01:03.525+0800] {processor.py:839} INFO - DAG(s) dict_keys(['data_transformation_player_metadata_debug']) retrieved from /home/azfarmustafa/airflow_tutorial/dags/data_transformation_dag.py
[2023-12-20T23:01:03.544+0800] {logging_mixin.py:154} INFO - [2023-12-20T23:01:03.544+0800] {dag.py:2941} INFO - Sync 1 DAGs
[2023-12-20T23:01:03.596+0800] {logging_mixin.py:154} INFO - [2023-12-20T23:01:03.595+0800] {dag.py:3722} INFO - Setting next_dagrun for data_transformation_player_metadata_debug to 2023-12-20T14:52:14.444206+00:00, run_after=2023-12-21T14:52:14.444206+00:00
[2023-12-20T23:01:03.644+0800] {processor.py:179} INFO - Processing /home/azfarmustafa/airflow_tutorial/dags/data_transformation_dag.py took 0.212 seconds
[2023-12-20T23:01:34.073+0800] {processor.py:157} INFO - Started process (PID=180120) to work on /home/azfarmustafa/airflow_tutorial/dags/data_transformation_dag.py
[2023-12-20T23:01:34.074+0800] {processor.py:829} INFO - Processing file /home/azfarmustafa/airflow_tutorial/dags/data_transformation_dag.py for tasks to queue
[2023-12-20T23:01:34.078+0800] {logging_mixin.py:154} INFO - [2023-12-20T23:01:34.076+0800] {dagbag.py:536} INFO - Filling up the DagBag from /home/azfarmustafa/airflow_tutorial/dags/data_transformation_dag.py
[2023-12-20T23:01:34.151+0800] {processor.py:839} INFO - DAG(s) dict_keys(['data_transformation_player_metadata_debug']) retrieved from /home/azfarmustafa/airflow_tutorial/dags/data_transformation_dag.py
[2023-12-20T23:01:34.178+0800] {logging_mixin.py:154} INFO - [2023-12-20T23:01:34.177+0800] {dag.py:2941} INFO - Sync 1 DAGs
[2023-12-20T23:01:34.202+0800] {logging_mixin.py:154} INFO - [2023-12-20T23:01:34.202+0800] {dag.py:3722} INFO - Setting next_dagrun for data_transformation_player_metadata_debug to 2023-12-20T14:52:14.444206+00:00, run_after=2023-12-21T14:52:14.444206+00:00
[2023-12-20T23:01:34.244+0800] {processor.py:179} INFO - Processing /home/azfarmustafa/airflow_tutorial/dags/data_transformation_dag.py took 0.174 seconds
[2023-12-20T23:02:04.654+0800] {processor.py:157} INFO - Started process (PID=180144) to work on /home/azfarmustafa/airflow_tutorial/dags/data_transformation_dag.py
[2023-12-20T23:02:04.656+0800] {processor.py:829} INFO - Processing file /home/azfarmustafa/airflow_tutorial/dags/data_transformation_dag.py for tasks to queue
[2023-12-20T23:02:04.658+0800] {logging_mixin.py:154} INFO - [2023-12-20T23:02:04.657+0800] {dagbag.py:536} INFO - Filling up the DagBag from /home/azfarmustafa/airflow_tutorial/dags/data_transformation_dag.py
[2023-12-20T23:02:04.735+0800] {processor.py:839} INFO - DAG(s) dict_keys(['data_transformation_player_metadata_debug']) retrieved from /home/azfarmustafa/airflow_tutorial/dags/data_transformation_dag.py
[2023-12-20T23:02:04.851+0800] {logging_mixin.py:154} INFO - [2023-12-20T23:02:04.851+0800] {dag.py:2941} INFO - Sync 1 DAGs
[2023-12-20T23:02:04.931+0800] {logging_mixin.py:154} INFO - [2023-12-20T23:02:04.931+0800] {dag.py:3722} INFO - Setting next_dagrun for data_transformation_player_metadata_debug to 2023-12-20T14:52:14.444206+00:00, run_after=2023-12-21T14:52:14.444206+00:00
[2023-12-20T23:02:04.998+0800] {processor.py:179} INFO - Processing /home/azfarmustafa/airflow_tutorial/dags/data_transformation_dag.py took 0.347 seconds
[2023-12-20T23:02:35.227+0800] {processor.py:157} INFO - Started process (PID=180168) to work on /home/azfarmustafa/airflow_tutorial/dags/data_transformation_dag.py
[2023-12-20T23:02:35.229+0800] {processor.py:829} INFO - Processing file /home/azfarmustafa/airflow_tutorial/dags/data_transformation_dag.py for tasks to queue
[2023-12-20T23:02:35.230+0800] {logging_mixin.py:154} INFO - [2023-12-20T23:02:35.230+0800] {dagbag.py:536} INFO - Filling up the DagBag from /home/azfarmustafa/airflow_tutorial/dags/data_transformation_dag.py
[2023-12-20T23:02:35.277+0800] {processor.py:839} INFO - DAG(s) dict_keys(['data_transformation_player_metadata_debug']) retrieved from /home/azfarmustafa/airflow_tutorial/dags/data_transformation_dag.py
[2023-12-20T23:02:35.293+0800] {logging_mixin.py:154} INFO - [2023-12-20T23:02:35.293+0800] {dag.py:2941} INFO - Sync 1 DAGs
[2023-12-20T23:02:35.314+0800] {logging_mixin.py:154} INFO - [2023-12-20T23:02:35.314+0800] {dag.py:3722} INFO - Setting next_dagrun for data_transformation_player_metadata_debug to 2023-12-20T14:52:14.444206+00:00, run_after=2023-12-21T14:52:14.444206+00:00
[2023-12-20T23:02:35.357+0800] {processor.py:179} INFO - Processing /home/azfarmustafa/airflow_tutorial/dags/data_transformation_dag.py took 0.132 seconds
[2023-12-20T23:03:05.625+0800] {processor.py:157} INFO - Started process (PID=180192) to work on /home/azfarmustafa/airflow_tutorial/dags/data_transformation_dag.py
[2023-12-20T23:03:05.631+0800] {processor.py:829} INFO - Processing file /home/azfarmustafa/airflow_tutorial/dags/data_transformation_dag.py for tasks to queue
[2023-12-20T23:03:05.636+0800] {logging_mixin.py:154} INFO - [2023-12-20T23:03:05.634+0800] {dagbag.py:536} INFO - Filling up the DagBag from /home/azfarmustafa/airflow_tutorial/dags/data_transformation_dag.py
[2023-12-20T23:03:05.906+0800] {processor.py:839} INFO - DAG(s) dict_keys(['data_transformation_player_metadata_debug']) retrieved from /home/azfarmustafa/airflow_tutorial/dags/data_transformation_dag.py
[2023-12-20T23:03:06.004+0800] {logging_mixin.py:154} INFO - [2023-12-20T23:03:06.004+0800] {dag.py:2941} INFO - Sync 1 DAGs
[2023-12-20T23:03:06.080+0800] {logging_mixin.py:154} INFO - [2023-12-20T23:03:06.079+0800] {dag.py:3722} INFO - Setting next_dagrun for data_transformation_player_metadata_debug to 2023-12-20T14:52:14.444206+00:00, run_after=2023-12-21T14:52:14.444206+00:00
[2023-12-20T23:03:06.134+0800] {processor.py:179} INFO - Processing /home/azfarmustafa/airflow_tutorial/dags/data_transformation_dag.py took 0.543 seconds
[2023-12-20T23:03:36.319+0800] {processor.py:157} INFO - Started process (PID=180216) to work on /home/azfarmustafa/airflow_tutorial/dags/data_transformation_dag.py
[2023-12-20T23:03:36.321+0800] {processor.py:829} INFO - Processing file /home/azfarmustafa/airflow_tutorial/dags/data_transformation_dag.py for tasks to queue
[2023-12-20T23:03:36.322+0800] {logging_mixin.py:154} INFO - [2023-12-20T23:03:36.321+0800] {dagbag.py:536} INFO - Filling up the DagBag from /home/azfarmustafa/airflow_tutorial/dags/data_transformation_dag.py
[2023-12-20T23:03:36.401+0800] {processor.py:839} INFO - DAG(s) dict_keys(['data_transformation_player_metadata_debug']) retrieved from /home/azfarmustafa/airflow_tutorial/dags/data_transformation_dag.py
[2023-12-20T23:03:36.473+0800] {logging_mixin.py:154} INFO - [2023-12-20T23:03:36.472+0800] {dag.py:2941} INFO - Sync 1 DAGs
[2023-12-20T23:03:36.523+0800] {logging_mixin.py:154} INFO - [2023-12-20T23:03:36.523+0800] {dag.py:3722} INFO - Setting next_dagrun for data_transformation_player_metadata_debug to 2023-12-20T14:52:14.444206+00:00, run_after=2023-12-21T14:52:14.444206+00:00
[2023-12-20T23:03:36.559+0800] {processor.py:179} INFO - Processing /home/azfarmustafa/airflow_tutorial/dags/data_transformation_dag.py took 0.243 seconds
[2023-12-20T23:04:06.796+0800] {processor.py:157} INFO - Started process (PID=180240) to work on /home/azfarmustafa/airflow_tutorial/dags/data_transformation_dag.py
[2023-12-20T23:04:06.800+0800] {processor.py:829} INFO - Processing file /home/azfarmustafa/airflow_tutorial/dags/data_transformation_dag.py for tasks to queue
[2023-12-20T23:04:06.801+0800] {logging_mixin.py:154} INFO - [2023-12-20T23:04:06.801+0800] {dagbag.py:536} INFO - Filling up the DagBag from /home/azfarmustafa/airflow_tutorial/dags/data_transformation_dag.py
[2023-12-20T23:04:06.855+0800] {processor.py:839} INFO - DAG(s) dict_keys(['data_transformation_player_metadata_debug']) retrieved from /home/azfarmustafa/airflow_tutorial/dags/data_transformation_dag.py
[2023-12-20T23:04:06.873+0800] {logging_mixin.py:154} INFO - [2023-12-20T23:04:06.873+0800] {dag.py:2941} INFO - Sync 1 DAGs
[2023-12-20T23:04:06.894+0800] {logging_mixin.py:154} INFO - [2023-12-20T23:04:06.894+0800] {dag.py:3722} INFO - Setting next_dagrun for data_transformation_player_metadata_debug to 2023-12-20T14:52:14.444206+00:00, run_after=2023-12-21T14:52:14.444206+00:00
[2023-12-20T23:04:06.920+0800] {processor.py:179} INFO - Processing /home/azfarmustafa/airflow_tutorial/dags/data_transformation_dag.py took 0.129 seconds
[2023-12-20T23:04:37.129+0800] {processor.py:157} INFO - Started process (PID=180264) to work on /home/azfarmustafa/airflow_tutorial/dags/data_transformation_dag.py
[2023-12-20T23:04:37.134+0800] {processor.py:829} INFO - Processing file /home/azfarmustafa/airflow_tutorial/dags/data_transformation_dag.py for tasks to queue
[2023-12-20T23:04:37.135+0800] {logging_mixin.py:154} INFO - [2023-12-20T23:04:37.135+0800] {dagbag.py:536} INFO - Filling up the DagBag from /home/azfarmustafa/airflow_tutorial/dags/data_transformation_dag.py
[2023-12-20T23:04:37.187+0800] {processor.py:839} INFO - DAG(s) dict_keys(['data_transformation_player_metadata_debug']) retrieved from /home/azfarmustafa/airflow_tutorial/dags/data_transformation_dag.py
[2023-12-20T23:04:37.204+0800] {logging_mixin.py:154} INFO - [2023-12-20T23:04:37.204+0800] {dag.py:2941} INFO - Sync 1 DAGs
[2023-12-20T23:04:37.226+0800] {logging_mixin.py:154} INFO - [2023-12-20T23:04:37.226+0800] {dag.py:3722} INFO - Setting next_dagrun for data_transformation_player_metadata_debug to 2023-12-20T14:52:14.444206+00:00, run_after=2023-12-21T14:52:14.444206+00:00
[2023-12-20T23:04:37.252+0800] {processor.py:179} INFO - Processing /home/azfarmustafa/airflow_tutorial/dags/data_transformation_dag.py took 0.126 seconds
[2023-12-20T23:05:07.485+0800] {processor.py:157} INFO - Started process (PID=180294) to work on /home/azfarmustafa/airflow_tutorial/dags/data_transformation_dag.py
[2023-12-20T23:05:07.486+0800] {processor.py:829} INFO - Processing file /home/azfarmustafa/airflow_tutorial/dags/data_transformation_dag.py for tasks to queue
[2023-12-20T23:05:07.487+0800] {logging_mixin.py:154} INFO - [2023-12-20T23:05:07.487+0800] {dagbag.py:536} INFO - Filling up the DagBag from /home/azfarmustafa/airflow_tutorial/dags/data_transformation_dag.py
[2023-12-20T23:05:07.543+0800] {processor.py:839} INFO - DAG(s) dict_keys(['data_transformation_player_metadata_debug']) retrieved from /home/azfarmustafa/airflow_tutorial/dags/data_transformation_dag.py
[2023-12-20T23:05:07.561+0800] {logging_mixin.py:154} INFO - [2023-12-20T23:05:07.561+0800] {dag.py:2941} INFO - Sync 1 DAGs
[2023-12-20T23:05:07.583+0800] {logging_mixin.py:154} INFO - [2023-12-20T23:05:07.583+0800] {dag.py:3722} INFO - Setting next_dagrun for data_transformation_player_metadata_debug to 2023-12-20T14:52:14.444206+00:00, run_after=2023-12-21T14:52:14.444206+00:00
[2023-12-20T23:05:07.610+0800] {processor.py:179} INFO - Processing /home/azfarmustafa/airflow_tutorial/dags/data_transformation_dag.py took 0.129 seconds
[2023-12-20T23:05:37.792+0800] {processor.py:157} INFO - Started process (PID=180318) to work on /home/azfarmustafa/airflow_tutorial/dags/data_transformation_dag.py
[2023-12-20T23:05:37.797+0800] {processor.py:829} INFO - Processing file /home/azfarmustafa/airflow_tutorial/dags/data_transformation_dag.py for tasks to queue
[2023-12-20T23:05:37.798+0800] {logging_mixin.py:154} INFO - [2023-12-20T23:05:37.798+0800] {dagbag.py:536} INFO - Filling up the DagBag from /home/azfarmustafa/airflow_tutorial/dags/data_transformation_dag.py
[2023-12-20T23:05:37.848+0800] {processor.py:839} INFO - DAG(s) dict_keys(['data_transformation_player_metadata_debug']) retrieved from /home/azfarmustafa/airflow_tutorial/dags/data_transformation_dag.py
[2023-12-20T23:05:37.865+0800] {logging_mixin.py:154} INFO - [2023-12-20T23:05:37.865+0800] {dag.py:2941} INFO - Sync 1 DAGs
[2023-12-20T23:05:37.886+0800] {logging_mixin.py:154} INFO - [2023-12-20T23:05:37.886+0800] {dag.py:3722} INFO - Setting next_dagrun for data_transformation_player_metadata_debug to 2023-12-20T14:52:14.444206+00:00, run_after=2023-12-21T14:52:14.444206+00:00
[2023-12-20T23:05:37.909+0800] {processor.py:179} INFO - Processing /home/azfarmustafa/airflow_tutorial/dags/data_transformation_dag.py took 0.120 seconds
[2023-12-20T23:06:08.089+0800] {processor.py:157} INFO - Started process (PID=180342) to work on /home/azfarmustafa/airflow_tutorial/dags/data_transformation_dag.py
[2023-12-20T23:06:08.091+0800] {processor.py:829} INFO - Processing file /home/azfarmustafa/airflow_tutorial/dags/data_transformation_dag.py for tasks to queue
[2023-12-20T23:06:08.093+0800] {logging_mixin.py:154} INFO - [2023-12-20T23:06:08.092+0800] {dagbag.py:536} INFO - Filling up the DagBag from /home/azfarmustafa/airflow_tutorial/dags/data_transformation_dag.py
[2023-12-20T23:06:08.140+0800] {processor.py:839} INFO - DAG(s) dict_keys(['data_transformation_player_metadata_debug']) retrieved from /home/azfarmustafa/airflow_tutorial/dags/data_transformation_dag.py
[2023-12-20T23:06:08.156+0800] {logging_mixin.py:154} INFO - [2023-12-20T23:06:08.156+0800] {dag.py:2941} INFO - Sync 1 DAGs
[2023-12-20T23:06:08.180+0800] {logging_mixin.py:154} INFO - [2023-12-20T23:06:08.179+0800] {dag.py:3722} INFO - Setting next_dagrun for data_transformation_player_metadata_debug to 2023-12-20T14:52:14.444206+00:00, run_after=2023-12-21T14:52:14.444206+00:00
[2023-12-20T23:06:08.204+0800] {processor.py:179} INFO - Processing /home/azfarmustafa/airflow_tutorial/dags/data_transformation_dag.py took 0.118 seconds
[2023-12-20T23:06:38.386+0800] {processor.py:157} INFO - Started process (PID=180366) to work on /home/azfarmustafa/airflow_tutorial/dags/data_transformation_dag.py
[2023-12-20T23:06:38.390+0800] {processor.py:829} INFO - Processing file /home/azfarmustafa/airflow_tutorial/dags/data_transformation_dag.py for tasks to queue
[2023-12-20T23:06:38.391+0800] {logging_mixin.py:154} INFO - [2023-12-20T23:06:38.391+0800] {dagbag.py:536} INFO - Filling up the DagBag from /home/azfarmustafa/airflow_tutorial/dags/data_transformation_dag.py
[2023-12-20T23:06:38.458+0800] {processor.py:839} INFO - DAG(s) dict_keys(['data_transformation_player_metadata_debug']) retrieved from /home/azfarmustafa/airflow_tutorial/dags/data_transformation_dag.py
[2023-12-20T23:06:38.479+0800] {logging_mixin.py:154} INFO - [2023-12-20T23:06:38.478+0800] {dag.py:2941} INFO - Sync 1 DAGs
[2023-12-20T23:06:38.501+0800] {logging_mixin.py:154} INFO - [2023-12-20T23:06:38.500+0800] {dag.py:3722} INFO - Setting next_dagrun for data_transformation_player_metadata_debug to 2023-12-20T14:52:14.444206+00:00, run_after=2023-12-21T14:52:14.444206+00:00
[2023-12-20T23:06:38.528+0800] {processor.py:179} INFO - Processing /home/azfarmustafa/airflow_tutorial/dags/data_transformation_dag.py took 0.145 seconds
[2023-12-20T23:07:08.675+0800] {processor.py:157} INFO - Started process (PID=180390) to work on /home/azfarmustafa/airflow_tutorial/dags/data_transformation_dag.py
[2023-12-20T23:07:08.680+0800] {processor.py:829} INFO - Processing file /home/azfarmustafa/airflow_tutorial/dags/data_transformation_dag.py for tasks to queue
[2023-12-20T23:07:08.681+0800] {logging_mixin.py:154} INFO - [2023-12-20T23:07:08.680+0800] {dagbag.py:536} INFO - Filling up the DagBag from /home/azfarmustafa/airflow_tutorial/dags/data_transformation_dag.py
[2023-12-20T23:07:08.727+0800] {processor.py:839} INFO - DAG(s) dict_keys(['data_transformation_player_metadata_debug']) retrieved from /home/azfarmustafa/airflow_tutorial/dags/data_transformation_dag.py
[2023-12-20T23:07:08.742+0800] {logging_mixin.py:154} INFO - [2023-12-20T23:07:08.742+0800] {dag.py:2941} INFO - Sync 1 DAGs
[2023-12-20T23:07:08.764+0800] {logging_mixin.py:154} INFO - [2023-12-20T23:07:08.763+0800] {dag.py:3722} INFO - Setting next_dagrun for data_transformation_player_metadata_debug to 2023-12-20T14:52:14.444206+00:00, run_after=2023-12-21T14:52:14.444206+00:00
[2023-12-20T23:07:08.787+0800] {processor.py:179} INFO - Processing /home/azfarmustafa/airflow_tutorial/dags/data_transformation_dag.py took 0.115 seconds
[2023-12-20T23:07:38.961+0800] {processor.py:157} INFO - Started process (PID=180414) to work on /home/azfarmustafa/airflow_tutorial/dags/data_transformation_dag.py
[2023-12-20T23:07:38.962+0800] {processor.py:829} INFO - Processing file /home/azfarmustafa/airflow_tutorial/dags/data_transformation_dag.py for tasks to queue
[2023-12-20T23:07:38.964+0800] {logging_mixin.py:154} INFO - [2023-12-20T23:07:38.963+0800] {dagbag.py:536} INFO - Filling up the DagBag from /home/azfarmustafa/airflow_tutorial/dags/data_transformation_dag.py
[2023-12-20T23:07:39.014+0800] {processor.py:839} INFO - DAG(s) dict_keys(['data_transformation_player_metadata_debug']) retrieved from /home/azfarmustafa/airflow_tutorial/dags/data_transformation_dag.py
[2023-12-20T23:07:39.030+0800] {logging_mixin.py:154} INFO - [2023-12-20T23:07:39.030+0800] {dag.py:2941} INFO - Sync 1 DAGs
[2023-12-20T23:07:39.053+0800] {logging_mixin.py:154} INFO - [2023-12-20T23:07:39.052+0800] {dag.py:3722} INFO - Setting next_dagrun for data_transformation_player_metadata_debug to 2023-12-20T14:52:14.444206+00:00, run_after=2023-12-21T14:52:14.444206+00:00
[2023-12-20T23:07:39.076+0800] {processor.py:179} INFO - Processing /home/azfarmustafa/airflow_tutorial/dags/data_transformation_dag.py took 0.118 seconds
[2023-12-20T23:08:09.245+0800] {processor.py:157} INFO - Started process (PID=180450) to work on /home/azfarmustafa/airflow_tutorial/dags/data_transformation_dag.py
[2023-12-20T23:08:09.247+0800] {processor.py:829} INFO - Processing file /home/azfarmustafa/airflow_tutorial/dags/data_transformation_dag.py for tasks to queue
[2023-12-20T23:08:09.248+0800] {logging_mixin.py:154} INFO - [2023-12-20T23:08:09.248+0800] {dagbag.py:536} INFO - Filling up the DagBag from /home/azfarmustafa/airflow_tutorial/dags/data_transformation_dag.py
[2023-12-20T23:08:09.299+0800] {processor.py:839} INFO - DAG(s) dict_keys(['data_transformation_player_metadata_debug']) retrieved from /home/azfarmustafa/airflow_tutorial/dags/data_transformation_dag.py
[2023-12-20T23:08:09.316+0800] {logging_mixin.py:154} INFO - [2023-12-20T23:08:09.315+0800] {dag.py:2941} INFO - Sync 1 DAGs
[2023-12-20T23:08:09.340+0800] {logging_mixin.py:154} INFO - [2023-12-20T23:08:09.340+0800] {dag.py:3722} INFO - Setting next_dagrun for data_transformation_player_metadata_debug to 2023-12-20T14:52:14.444206+00:00, run_after=2023-12-21T14:52:14.444206+00:00
[2023-12-20T23:08:09.369+0800] {processor.py:179} INFO - Processing /home/azfarmustafa/airflow_tutorial/dags/data_transformation_dag.py took 0.129 seconds
[2023-12-20T23:08:39.469+0800] {processor.py:157} INFO - Started process (PID=180474) to work on /home/azfarmustafa/airflow_tutorial/dags/data_transformation_dag.py
[2023-12-20T23:08:39.470+0800] {processor.py:829} INFO - Processing file /home/azfarmustafa/airflow_tutorial/dags/data_transformation_dag.py for tasks to queue
[2023-12-20T23:08:39.471+0800] {logging_mixin.py:154} INFO - [2023-12-20T23:08:39.470+0800] {dagbag.py:536} INFO - Filling up the DagBag from /home/azfarmustafa/airflow_tutorial/dags/data_transformation_dag.py
[2023-12-20T23:08:39.519+0800] {processor.py:839} INFO - DAG(s) dict_keys(['data_transformation_player_metadata_debug']) retrieved from /home/azfarmustafa/airflow_tutorial/dags/data_transformation_dag.py
[2023-12-20T23:08:39.536+0800] {logging_mixin.py:154} INFO - [2023-12-20T23:08:39.536+0800] {dag.py:2941} INFO - Sync 1 DAGs
[2023-12-20T23:08:39.558+0800] {logging_mixin.py:154} INFO - [2023-12-20T23:08:39.558+0800] {dag.py:3722} INFO - Setting next_dagrun for data_transformation_player_metadata_debug to 2023-12-20T14:52:14.444206+00:00, run_after=2023-12-21T14:52:14.444206+00:00
[2023-12-20T23:08:39.588+0800] {processor.py:179} INFO - Processing /home/azfarmustafa/airflow_tutorial/dags/data_transformation_dag.py took 0.122 seconds
[2023-12-20T23:09:09.724+0800] {processor.py:157} INFO - Started process (PID=180498) to work on /home/azfarmustafa/airflow_tutorial/dags/data_transformation_dag.py
[2023-12-20T23:09:09.726+0800] {processor.py:829} INFO - Processing file /home/azfarmustafa/airflow_tutorial/dags/data_transformation_dag.py for tasks to queue
[2023-12-20T23:09:09.727+0800] {logging_mixin.py:154} INFO - [2023-12-20T23:09:09.727+0800] {dagbag.py:536} INFO - Filling up the DagBag from /home/azfarmustafa/airflow_tutorial/dags/data_transformation_dag.py
[2023-12-20T23:09:09.789+0800] {processor.py:839} INFO - DAG(s) dict_keys(['data_transformation_player_metadata_debug']) retrieved from /home/azfarmustafa/airflow_tutorial/dags/data_transformation_dag.py
[2023-12-20T23:09:09.809+0800] {logging_mixin.py:154} INFO - [2023-12-20T23:09:09.808+0800] {dag.py:2941} INFO - Sync 1 DAGs
[2023-12-20T23:09:09.831+0800] {logging_mixin.py:154} INFO - [2023-12-20T23:09:09.831+0800] {dag.py:3722} INFO - Setting next_dagrun for data_transformation_player_metadata_debug to 2023-12-20T14:52:14.444206+00:00, run_after=2023-12-21T14:52:14.444206+00:00
[2023-12-20T23:09:09.860+0800] {processor.py:179} INFO - Processing /home/azfarmustafa/airflow_tutorial/dags/data_transformation_dag.py took 0.140 seconds
[2023-12-20T23:09:40.079+0800] {processor.py:157} INFO - Started process (PID=180522) to work on /home/azfarmustafa/airflow_tutorial/dags/data_transformation_dag.py
[2023-12-20T23:09:40.081+0800] {processor.py:829} INFO - Processing file /home/azfarmustafa/airflow_tutorial/dags/data_transformation_dag.py for tasks to queue
[2023-12-20T23:09:40.083+0800] {logging_mixin.py:154} INFO - [2023-12-20T23:09:40.082+0800] {dagbag.py:536} INFO - Filling up the DagBag from /home/azfarmustafa/airflow_tutorial/dags/data_transformation_dag.py
[2023-12-20T23:09:40.268+0800] {processor.py:839} INFO - DAG(s) dict_keys(['data_transformation_player_metadata_debug']) retrieved from /home/azfarmustafa/airflow_tutorial/dags/data_transformation_dag.py
[2023-12-20T23:09:40.308+0800] {logging_mixin.py:154} INFO - [2023-12-20T23:09:40.308+0800] {dag.py:2941} INFO - Sync 1 DAGs
[2023-12-20T23:09:40.349+0800] {logging_mixin.py:154} INFO - [2023-12-20T23:09:40.349+0800] {dag.py:3722} INFO - Setting next_dagrun for data_transformation_player_metadata_debug to 2023-12-20T14:52:14.444206+00:00, run_after=2023-12-21T14:52:14.444206+00:00
[2023-12-20T23:09:40.397+0800] {processor.py:179} INFO - Processing /home/azfarmustafa/airflow_tutorial/dags/data_transformation_dag.py took 0.335 seconds
[2023-12-20T23:10:10.588+0800] {processor.py:157} INFO - Started process (PID=180546) to work on /home/azfarmustafa/airflow_tutorial/dags/data_transformation_dag.py
[2023-12-20T23:10:10.590+0800] {processor.py:829} INFO - Processing file /home/azfarmustafa/airflow_tutorial/dags/data_transformation_dag.py for tasks to queue
[2023-12-20T23:10:10.591+0800] {logging_mixin.py:154} INFO - [2023-12-20T23:10:10.590+0800] {dagbag.py:536} INFO - Filling up the DagBag from /home/azfarmustafa/airflow_tutorial/dags/data_transformation_dag.py
[2023-12-20T23:10:10.658+0800] {processor.py:839} INFO - DAG(s) dict_keys(['data_transformation_player_metadata_debug']) retrieved from /home/azfarmustafa/airflow_tutorial/dags/data_transformation_dag.py
[2023-12-20T23:10:10.685+0800] {logging_mixin.py:154} INFO - [2023-12-20T23:10:10.684+0800] {dag.py:2941} INFO - Sync 1 DAGs
[2023-12-20T23:10:10.713+0800] {logging_mixin.py:154} INFO - [2023-12-20T23:10:10.712+0800] {dag.py:3722} INFO - Setting next_dagrun for data_transformation_player_metadata_debug to 2023-12-20T14:52:14.444206+00:00, run_after=2023-12-21T14:52:14.444206+00:00
[2023-12-20T23:10:10.749+0800] {processor.py:179} INFO - Processing /home/azfarmustafa/airflow_tutorial/dags/data_transformation_dag.py took 0.167 seconds
[2023-12-20T23:10:40.890+0800] {processor.py:157} INFO - Started process (PID=180570) to work on /home/azfarmustafa/airflow_tutorial/dags/data_transformation_dag.py
[2023-12-20T23:10:40.891+0800] {processor.py:829} INFO - Processing file /home/azfarmustafa/airflow_tutorial/dags/data_transformation_dag.py for tasks to queue
[2023-12-20T23:10:40.892+0800] {logging_mixin.py:154} INFO - [2023-12-20T23:10:40.892+0800] {dagbag.py:536} INFO - Filling up the DagBag from /home/azfarmustafa/airflow_tutorial/dags/data_transformation_dag.py
[2023-12-20T23:10:40.968+0800] {processor.py:839} INFO - DAG(s) dict_keys(['data_transformation_player_metadata_debug']) retrieved from /home/azfarmustafa/airflow_tutorial/dags/data_transformation_dag.py
[2023-12-20T23:10:40.987+0800] {logging_mixin.py:154} INFO - [2023-12-20T23:10:40.987+0800] {dag.py:2941} INFO - Sync 1 DAGs
[2023-12-20T23:10:41.017+0800] {logging_mixin.py:154} INFO - [2023-12-20T23:10:41.017+0800] {dag.py:3722} INFO - Setting next_dagrun for data_transformation_player_metadata_debug to 2023-12-20T14:52:14.444206+00:00, run_after=2023-12-21T14:52:14.444206+00:00
[2023-12-20T23:10:41.054+0800] {processor.py:179} INFO - Processing /home/azfarmustafa/airflow_tutorial/dags/data_transformation_dag.py took 0.167 seconds
[2023-12-20T23:11:11.158+0800] {processor.py:157} INFO - Started process (PID=180600) to work on /home/azfarmustafa/airflow_tutorial/dags/data_transformation_dag.py
[2023-12-20T23:11:11.160+0800] {processor.py:829} INFO - Processing file /home/azfarmustafa/airflow_tutorial/dags/data_transformation_dag.py for tasks to queue
[2023-12-20T23:11:11.162+0800] {logging_mixin.py:154} INFO - [2023-12-20T23:11:11.161+0800] {dagbag.py:536} INFO - Filling up the DagBag from /home/azfarmustafa/airflow_tutorial/dags/data_transformation_dag.py
[2023-12-20T23:11:11.270+0800] {processor.py:839} INFO - DAG(s) dict_keys(['data_transformation_player_metadata_debug']) retrieved from /home/azfarmustafa/airflow_tutorial/dags/data_transformation_dag.py
[2023-12-20T23:11:11.295+0800] {logging_mixin.py:154} INFO - [2023-12-20T23:11:11.294+0800] {dag.py:2941} INFO - Sync 1 DAGs
[2023-12-20T23:11:11.328+0800] {logging_mixin.py:154} INFO - [2023-12-20T23:11:11.327+0800] {dag.py:3722} INFO - Setting next_dagrun for data_transformation_player_metadata_debug to 2023-12-20T14:52:14.444206+00:00, run_after=2023-12-21T14:52:14.444206+00:00
[2023-12-20T23:11:11.366+0800] {processor.py:179} INFO - Processing /home/azfarmustafa/airflow_tutorial/dags/data_transformation_dag.py took 0.211 seconds
[2023-12-20T23:11:41.597+0800] {processor.py:157} INFO - Started process (PID=180632) to work on /home/azfarmustafa/airflow_tutorial/dags/data_transformation_dag.py
[2023-12-20T23:11:41.599+0800] {processor.py:829} INFO - Processing file /home/azfarmustafa/airflow_tutorial/dags/data_transformation_dag.py for tasks to queue
[2023-12-20T23:11:41.601+0800] {logging_mixin.py:154} INFO - [2023-12-20T23:11:41.600+0800] {dagbag.py:536} INFO - Filling up the DagBag from /home/azfarmustafa/airflow_tutorial/dags/data_transformation_dag.py
[2023-12-20T23:11:41.685+0800] {processor.py:839} INFO - DAG(s) dict_keys(['data_transformation_player_metadata_debug']) retrieved from /home/azfarmustafa/airflow_tutorial/dags/data_transformation_dag.py
[2023-12-20T23:11:41.711+0800] {logging_mixin.py:154} INFO - [2023-12-20T23:11:41.711+0800] {dag.py:2941} INFO - Sync 1 DAGs
[2023-12-20T23:11:41.757+0800] {logging_mixin.py:154} INFO - [2023-12-20T23:11:41.757+0800] {dag.py:3722} INFO - Setting next_dagrun for data_transformation_player_metadata_debug to 2023-12-20T14:52:14.444206+00:00, run_after=2023-12-21T14:52:14.444206+00:00
[2023-12-20T23:11:41.804+0800] {processor.py:179} INFO - Processing /home/azfarmustafa/airflow_tutorial/dags/data_transformation_dag.py took 0.213 seconds
[2023-12-20T23:12:12.007+0800] {processor.py:157} INFO - Started process (PID=180656) to work on /home/azfarmustafa/airflow_tutorial/dags/data_transformation_dag.py
[2023-12-20T23:12:12.009+0800] {processor.py:829} INFO - Processing file /home/azfarmustafa/airflow_tutorial/dags/data_transformation_dag.py for tasks to queue
[2023-12-20T23:12:12.010+0800] {logging_mixin.py:154} INFO - [2023-12-20T23:12:12.010+0800] {dagbag.py:536} INFO - Filling up the DagBag from /home/azfarmustafa/airflow_tutorial/dags/data_transformation_dag.py
[2023-12-20T23:12:12.078+0800] {processor.py:839} INFO - DAG(s) dict_keys(['data_transformation_player_metadata_debug']) retrieved from /home/azfarmustafa/airflow_tutorial/dags/data_transformation_dag.py
[2023-12-20T23:12:12.103+0800] {logging_mixin.py:154} INFO - [2023-12-20T23:12:12.102+0800] {dag.py:2941} INFO - Sync 1 DAGs
[2023-12-20T23:12:12.132+0800] {logging_mixin.py:154} INFO - [2023-12-20T23:12:12.131+0800] {dag.py:3722} INFO - Setting next_dagrun for data_transformation_player_metadata_debug to 2023-12-20T14:52:14.444206+00:00, run_after=2023-12-21T14:52:14.444206+00:00
[2023-12-20T23:12:12.167+0800] {processor.py:179} INFO - Processing /home/azfarmustafa/airflow_tutorial/dags/data_transformation_dag.py took 0.165 seconds
[2023-12-20T23:12:42.297+0800] {processor.py:157} INFO - Started process (PID=180680) to work on /home/azfarmustafa/airflow_tutorial/dags/data_transformation_dag.py
[2023-12-20T23:12:42.298+0800] {processor.py:829} INFO - Processing file /home/azfarmustafa/airflow_tutorial/dags/data_transformation_dag.py for tasks to queue
[2023-12-20T23:12:42.299+0800] {logging_mixin.py:154} INFO - [2023-12-20T23:12:42.298+0800] {dagbag.py:536} INFO - Filling up the DagBag from /home/azfarmustafa/airflow_tutorial/dags/data_transformation_dag.py
[2023-12-20T23:12:42.351+0800] {processor.py:839} INFO - DAG(s) dict_keys(['data_transformation_player_metadata_debug']) retrieved from /home/azfarmustafa/airflow_tutorial/dags/data_transformation_dag.py
[2023-12-20T23:12:42.368+0800] {logging_mixin.py:154} INFO - [2023-12-20T23:12:42.368+0800] {dag.py:2941} INFO - Sync 1 DAGs
[2023-12-20T23:12:42.412+0800] {logging_mixin.py:154} INFO - [2023-12-20T23:12:42.412+0800] {dag.py:3722} INFO - Setting next_dagrun for data_transformation_player_metadata_debug to 2023-12-20T14:52:14.444206+00:00, run_after=2023-12-21T14:52:14.444206+00:00
[2023-12-20T23:12:42.465+0800] {processor.py:179} INFO - Processing /home/azfarmustafa/airflow_tutorial/dags/data_transformation_dag.py took 0.172 seconds
[2023-12-20T23:13:12.598+0800] {processor.py:157} INFO - Started process (PID=180704) to work on /home/azfarmustafa/airflow_tutorial/dags/data_transformation_dag.py
[2023-12-20T23:13:12.600+0800] {processor.py:829} INFO - Processing file /home/azfarmustafa/airflow_tutorial/dags/data_transformation_dag.py for tasks to queue
[2023-12-20T23:13:12.601+0800] {logging_mixin.py:154} INFO - [2023-12-20T23:13:12.600+0800] {dagbag.py:536} INFO - Filling up the DagBag from /home/azfarmustafa/airflow_tutorial/dags/data_transformation_dag.py
[2023-12-20T23:13:12.700+0800] {processor.py:839} INFO - DAG(s) dict_keys(['data_transformation_player_metadata_debug']) retrieved from /home/azfarmustafa/airflow_tutorial/dags/data_transformation_dag.py
[2023-12-20T23:13:12.718+0800] {logging_mixin.py:154} INFO - [2023-12-20T23:13:12.718+0800] {dag.py:2941} INFO - Sync 1 DAGs
[2023-12-20T23:13:12.750+0800] {logging_mixin.py:154} INFO - [2023-12-20T23:13:12.750+0800] {dag.py:3722} INFO - Setting next_dagrun for data_transformation_player_metadata_debug to 2023-12-20T14:52:14.444206+00:00, run_after=2023-12-21T14:52:14.444206+00:00
[2023-12-20T23:13:12.780+0800] {processor.py:179} INFO - Processing /home/azfarmustafa/airflow_tutorial/dags/data_transformation_dag.py took 0.186 seconds
[2023-12-20T23:13:42.884+0800] {processor.py:157} INFO - Started process (PID=180728) to work on /home/azfarmustafa/airflow_tutorial/dags/data_transformation_dag.py
[2023-12-20T23:13:42.885+0800] {processor.py:829} INFO - Processing file /home/azfarmustafa/airflow_tutorial/dags/data_transformation_dag.py for tasks to queue
[2023-12-20T23:13:42.887+0800] {logging_mixin.py:154} INFO - [2023-12-20T23:13:42.886+0800] {dagbag.py:536} INFO - Filling up the DagBag from /home/azfarmustafa/airflow_tutorial/dags/data_transformation_dag.py
[2023-12-20T23:13:42.942+0800] {processor.py:839} INFO - DAG(s) dict_keys(['data_transformation_player_metadata_debug']) retrieved from /home/azfarmustafa/airflow_tutorial/dags/data_transformation_dag.py
[2023-12-20T23:13:42.964+0800] {logging_mixin.py:154} INFO - [2023-12-20T23:13:42.964+0800] {dag.py:2941} INFO - Sync 1 DAGs
[2023-12-20T23:13:42.989+0800] {logging_mixin.py:154} INFO - [2023-12-20T23:13:42.989+0800] {dag.py:3722} INFO - Setting next_dagrun for data_transformation_player_metadata_debug to 2023-12-20T14:52:14.444206+00:00, run_after=2023-12-21T14:52:14.444206+00:00
[2023-12-20T23:13:43.018+0800] {processor.py:179} INFO - Processing /home/azfarmustafa/airflow_tutorial/dags/data_transformation_dag.py took 0.137 seconds
[2023-12-20T23:14:13.181+0800] {processor.py:157} INFO - Started process (PID=180754) to work on /home/azfarmustafa/airflow_tutorial/dags/data_transformation_dag.py
[2023-12-20T23:14:13.183+0800] {processor.py:829} INFO - Processing file /home/azfarmustafa/airflow_tutorial/dags/data_transformation_dag.py for tasks to queue
[2023-12-20T23:14:13.184+0800] {logging_mixin.py:154} INFO - [2023-12-20T23:14:13.184+0800] {dagbag.py:536} INFO - Filling up the DagBag from /home/azfarmustafa/airflow_tutorial/dags/data_transformation_dag.py
[2023-12-20T23:14:13.246+0800] {processor.py:839} INFO - DAG(s) dict_keys(['data_transformation_player_metadata_debug']) retrieved from /home/azfarmustafa/airflow_tutorial/dags/data_transformation_dag.py
[2023-12-20T23:14:13.267+0800] {logging_mixin.py:154} INFO - [2023-12-20T23:14:13.267+0800] {dag.py:2941} INFO - Sync 1 DAGs
[2023-12-20T23:14:13.287+0800] {logging_mixin.py:154} INFO - [2023-12-20T23:14:13.287+0800] {dag.py:3722} INFO - Setting next_dagrun for data_transformation_player_metadata_debug to 2023-12-20T14:52:14.444206+00:00, run_after=2023-12-21T14:52:14.444206+00:00
[2023-12-20T23:14:13.318+0800] {processor.py:179} INFO - Processing /home/azfarmustafa/airflow_tutorial/dags/data_transformation_dag.py took 0.140 seconds
[2023-12-20T23:14:43.408+0800] {processor.py:157} INFO - Started process (PID=180784) to work on /home/azfarmustafa/airflow_tutorial/dags/data_transformation_dag.py
[2023-12-20T23:14:43.409+0800] {processor.py:829} INFO - Processing file /home/azfarmustafa/airflow_tutorial/dags/data_transformation_dag.py for tasks to queue
[2023-12-20T23:14:43.410+0800] {logging_mixin.py:154} INFO - [2023-12-20T23:14:43.410+0800] {dagbag.py:536} INFO - Filling up the DagBag from /home/azfarmustafa/airflow_tutorial/dags/data_transformation_dag.py
[2023-12-20T23:14:43.464+0800] {processor.py:839} INFO - DAG(s) dict_keys(['data_transformation_player_metadata_debug']) retrieved from /home/azfarmustafa/airflow_tutorial/dags/data_transformation_dag.py
[2023-12-20T23:14:43.481+0800] {logging_mixin.py:154} INFO - [2023-12-20T23:14:43.481+0800] {dag.py:2941} INFO - Sync 1 DAGs
[2023-12-20T23:14:43.503+0800] {logging_mixin.py:154} INFO - [2023-12-20T23:14:43.503+0800] {dag.py:3722} INFO - Setting next_dagrun for data_transformation_player_metadata_debug to 2023-12-20T14:52:14.444206+00:00, run_after=2023-12-21T14:52:14.444206+00:00
[2023-12-20T23:14:43.531+0800] {processor.py:179} INFO - Processing /home/azfarmustafa/airflow_tutorial/dags/data_transformation_dag.py took 0.128 seconds
[2023-12-20T23:15:13.713+0800] {processor.py:157} INFO - Started process (PID=180808) to work on /home/azfarmustafa/airflow_tutorial/dags/data_transformation_dag.py
[2023-12-20T23:15:13.715+0800] {processor.py:829} INFO - Processing file /home/azfarmustafa/airflow_tutorial/dags/data_transformation_dag.py for tasks to queue
[2023-12-20T23:15:13.716+0800] {logging_mixin.py:154} INFO - [2023-12-20T23:15:13.716+0800] {dagbag.py:536} INFO - Filling up the DagBag from /home/azfarmustafa/airflow_tutorial/dags/data_transformation_dag.py
[2023-12-20T23:15:13.770+0800] {processor.py:839} INFO - DAG(s) dict_keys(['data_transformation_player_metadata_debug']) retrieved from /home/azfarmustafa/airflow_tutorial/dags/data_transformation_dag.py
[2023-12-20T23:15:13.788+0800] {logging_mixin.py:154} INFO - [2023-12-20T23:15:13.788+0800] {dag.py:2941} INFO - Sync 1 DAGs
[2023-12-20T23:15:13.819+0800] {logging_mixin.py:154} INFO - [2023-12-20T23:15:13.819+0800] {dag.py:3722} INFO - Setting next_dagrun for data_transformation_player_metadata_debug to 2023-12-20T14:52:14.444206+00:00, run_after=2023-12-21T14:52:14.444206+00:00
[2023-12-20T23:15:13.935+0800] {processor.py:179} INFO - Processing /home/azfarmustafa/airflow_tutorial/dags/data_transformation_dag.py took 0.225 seconds
[2023-12-20T23:15:44.103+0800] {processor.py:157} INFO - Started process (PID=180838) to work on /home/azfarmustafa/airflow_tutorial/dags/data_transformation_dag.py
[2023-12-20T23:15:44.103+0800] {processor.py:829} INFO - Processing file /home/azfarmustafa/airflow_tutorial/dags/data_transformation_dag.py for tasks to queue
[2023-12-20T23:15:44.105+0800] {logging_mixin.py:154} INFO - [2023-12-20T23:15:44.104+0800] {dagbag.py:536} INFO - Filling up the DagBag from /home/azfarmustafa/airflow_tutorial/dags/data_transformation_dag.py
[2023-12-20T23:15:44.185+0800] {processor.py:839} INFO - DAG(s) dict_keys(['data_transformation_player_metadata_debug']) retrieved from /home/azfarmustafa/airflow_tutorial/dags/data_transformation_dag.py
[2023-12-20T23:15:44.273+0800] {logging_mixin.py:154} INFO - [2023-12-20T23:15:44.273+0800] {dag.py:2941} INFO - Sync 1 DAGs
[2023-12-20T23:15:44.347+0800] {logging_mixin.py:154} INFO - [2023-12-20T23:15:44.347+0800] {dag.py:3722} INFO - Setting next_dagrun for data_transformation_player_metadata_debug to 2023-12-20T14:52:14.444206+00:00, run_after=2023-12-21T14:52:14.444206+00:00
[2023-12-20T23:15:44.374+0800] {processor.py:179} INFO - Processing /home/azfarmustafa/airflow_tutorial/dags/data_transformation_dag.py took 0.275 seconds
[2023-12-20T23:16:14.531+0800] {processor.py:157} INFO - Started process (PID=180862) to work on /home/azfarmustafa/airflow_tutorial/dags/data_transformation_dag.py
[2023-12-20T23:16:14.533+0800] {processor.py:829} INFO - Processing file /home/azfarmustafa/airflow_tutorial/dags/data_transformation_dag.py for tasks to queue
[2023-12-20T23:16:14.535+0800] {logging_mixin.py:154} INFO - [2023-12-20T23:16:14.534+0800] {dagbag.py:536} INFO - Filling up the DagBag from /home/azfarmustafa/airflow_tutorial/dags/data_transformation_dag.py
[2023-12-20T23:16:14.627+0800] {processor.py:839} INFO - DAG(s) dict_keys(['data_transformation_player_metadata_debug']) retrieved from /home/azfarmustafa/airflow_tutorial/dags/data_transformation_dag.py
[2023-12-20T23:16:14.652+0800] {logging_mixin.py:154} INFO - [2023-12-20T23:16:14.652+0800] {dag.py:2941} INFO - Sync 1 DAGs
[2023-12-20T23:16:14.676+0800] {logging_mixin.py:154} INFO - [2023-12-20T23:16:14.676+0800] {dag.py:3722} INFO - Setting next_dagrun for data_transformation_player_metadata_debug to 2023-12-20T14:52:14.444206+00:00, run_after=2023-12-21T14:52:14.444206+00:00
[2023-12-20T23:16:14.721+0800] {processor.py:179} INFO - Processing /home/azfarmustafa/airflow_tutorial/dags/data_transformation_dag.py took 0.198 seconds
[2023-12-20T23:16:44.902+0800] {processor.py:157} INFO - Started process (PID=180886) to work on /home/azfarmustafa/airflow_tutorial/dags/data_transformation_dag.py
[2023-12-20T23:16:44.904+0800] {processor.py:829} INFO - Processing file /home/azfarmustafa/airflow_tutorial/dags/data_transformation_dag.py for tasks to queue
[2023-12-20T23:16:44.906+0800] {logging_mixin.py:154} INFO - [2023-12-20T23:16:44.905+0800] {dagbag.py:536} INFO - Filling up the DagBag from /home/azfarmustafa/airflow_tutorial/dags/data_transformation_dag.py
[2023-12-20T23:16:45.045+0800] {processor.py:839} INFO - DAG(s) dict_keys(['data_transformation_player_metadata_debug']) retrieved from /home/azfarmustafa/airflow_tutorial/dags/data_transformation_dag.py
[2023-12-20T23:16:45.072+0800] {logging_mixin.py:154} INFO - [2023-12-20T23:16:45.071+0800] {dag.py:2941} INFO - Sync 1 DAGs
[2023-12-20T23:16:45.099+0800] {logging_mixin.py:154} INFO - [2023-12-20T23:16:45.099+0800] {dag.py:3722} INFO - Setting next_dagrun for data_transformation_player_metadata_debug to 2023-12-20T14:52:14.444206+00:00, run_after=2023-12-21T14:52:14.444206+00:00
[2023-12-20T23:16:45.139+0800] {processor.py:179} INFO - Processing /home/azfarmustafa/airflow_tutorial/dags/data_transformation_dag.py took 0.246 seconds
[2023-12-20T23:17:15.371+0800] {processor.py:157} INFO - Started process (PID=180913) to work on /home/azfarmustafa/airflow_tutorial/dags/data_transformation_dag.py
[2023-12-20T23:17:15.375+0800] {processor.py:829} INFO - Processing file /home/azfarmustafa/airflow_tutorial/dags/data_transformation_dag.py for tasks to queue
[2023-12-20T23:17:15.377+0800] {logging_mixin.py:154} INFO - [2023-12-20T23:17:15.376+0800] {dagbag.py:536} INFO - Filling up the DagBag from /home/azfarmustafa/airflow_tutorial/dags/data_transformation_dag.py
[2023-12-20T23:17:15.508+0800] {processor.py:839} INFO - DAG(s) dict_keys(['data_transformation_player_metadata_debug']) retrieved from /home/azfarmustafa/airflow_tutorial/dags/data_transformation_dag.py
[2023-12-20T23:17:15.538+0800] {logging_mixin.py:154} INFO - [2023-12-20T23:17:15.538+0800] {dag.py:2941} INFO - Sync 1 DAGs
[2023-12-20T23:17:15.599+0800] {logging_mixin.py:154} INFO - [2023-12-20T23:17:15.598+0800] {dag.py:3722} INFO - Setting next_dagrun for data_transformation_player_metadata_debug to 2023-12-20T14:52:14.444206+00:00, run_after=2023-12-21T14:52:14.444206+00:00
[2023-12-20T23:17:16.093+0800] {processor.py:179} INFO - Processing /home/azfarmustafa/airflow_tutorial/dags/data_transformation_dag.py took 0.774 seconds
[2023-12-20T23:17:46.349+0800] {processor.py:157} INFO - Started process (PID=180943) to work on /home/azfarmustafa/airflow_tutorial/dags/data_transformation_dag.py
[2023-12-20T23:17:46.350+0800] {processor.py:829} INFO - Processing file /home/azfarmustafa/airflow_tutorial/dags/data_transformation_dag.py for tasks to queue
[2023-12-20T23:17:46.351+0800] {logging_mixin.py:154} INFO - [2023-12-20T23:17:46.351+0800] {dagbag.py:536} INFO - Filling up the DagBag from /home/azfarmustafa/airflow_tutorial/dags/data_transformation_dag.py
[2023-12-20T23:17:46.407+0800] {processor.py:839} INFO - DAG(s) dict_keys(['data_transformation_player_metadata_debug']) retrieved from /home/azfarmustafa/airflow_tutorial/dags/data_transformation_dag.py
[2023-12-20T23:17:46.422+0800] {logging_mixin.py:154} INFO - [2023-12-20T23:17:46.422+0800] {dag.py:2941} INFO - Sync 1 DAGs
[2023-12-20T23:17:46.447+0800] {logging_mixin.py:154} INFO - [2023-12-20T23:17:46.447+0800] {dag.py:3722} INFO - Setting next_dagrun for data_transformation_player_metadata_debug to 2023-12-20T14:52:14.444206+00:00, run_after=2023-12-21T14:52:14.444206+00:00
[2023-12-20T23:17:46.478+0800] {processor.py:179} INFO - Processing /home/azfarmustafa/airflow_tutorial/dags/data_transformation_dag.py took 0.133 seconds
[2023-12-20T23:18:16.659+0800] {processor.py:157} INFO - Started process (PID=180967) to work on /home/azfarmustafa/airflow_tutorial/dags/data_transformation_dag.py
[2023-12-20T23:18:16.661+0800] {processor.py:829} INFO - Processing file /home/azfarmustafa/airflow_tutorial/dags/data_transformation_dag.py for tasks to queue
[2023-12-20T23:18:16.663+0800] {logging_mixin.py:154} INFO - [2023-12-20T23:18:16.662+0800] {dagbag.py:536} INFO - Filling up the DagBag from /home/azfarmustafa/airflow_tutorial/dags/data_transformation_dag.py
[2023-12-20T23:18:16.773+0800] {processor.py:839} INFO - DAG(s) dict_keys(['data_transformation_player_metadata_debug']) retrieved from /home/azfarmustafa/airflow_tutorial/dags/data_transformation_dag.py
[2023-12-20T23:18:16.797+0800] {logging_mixin.py:154} INFO - [2023-12-20T23:18:16.797+0800] {dag.py:2941} INFO - Sync 1 DAGs
[2023-12-20T23:18:16.828+0800] {logging_mixin.py:154} INFO - [2023-12-20T23:18:16.828+0800] {dag.py:3722} INFO - Setting next_dagrun for data_transformation_player_metadata_debug to 2023-12-20T14:52:14.444206+00:00, run_after=2023-12-21T14:52:14.444206+00:00
[2023-12-20T23:18:16.905+0800] {processor.py:179} INFO - Processing /home/azfarmustafa/airflow_tutorial/dags/data_transformation_dag.py took 0.250 seconds
[2023-12-20T23:18:47.322+0800] {processor.py:157} INFO - Started process (PID=181001) to work on /home/azfarmustafa/airflow_tutorial/dags/data_transformation_dag.py
[2023-12-20T23:18:47.324+0800] {processor.py:829} INFO - Processing file /home/azfarmustafa/airflow_tutorial/dags/data_transformation_dag.py for tasks to queue
[2023-12-20T23:18:47.326+0800] {logging_mixin.py:154} INFO - [2023-12-20T23:18:47.325+0800] {dagbag.py:536} INFO - Filling up the DagBag from /home/azfarmustafa/airflow_tutorial/dags/data_transformation_dag.py
[2023-12-20T23:18:47.392+0800] {processor.py:839} INFO - DAG(s) dict_keys(['data_transformation_player_metadata_debug']) retrieved from /home/azfarmustafa/airflow_tutorial/dags/data_transformation_dag.py
[2023-12-20T23:18:47.429+0800] {logging_mixin.py:154} INFO - [2023-12-20T23:18:47.428+0800] {dag.py:2941} INFO - Sync 1 DAGs
[2023-12-20T23:18:47.463+0800] {logging_mixin.py:154} INFO - [2023-12-20T23:18:47.462+0800] {dag.py:3722} INFO - Setting next_dagrun for data_transformation_player_metadata_debug to 2023-12-20T14:52:14.444206+00:00, run_after=2023-12-21T14:52:14.444206+00:00
[2023-12-20T23:18:47.492+0800] {processor.py:179} INFO - Processing /home/azfarmustafa/airflow_tutorial/dags/data_transformation_dag.py took 0.173 seconds
[2023-12-20T23:19:17.631+0800] {processor.py:157} INFO - Started process (PID=181030) to work on /home/azfarmustafa/airflow_tutorial/dags/data_transformation_dag.py
[2023-12-20T23:19:17.632+0800] {processor.py:829} INFO - Processing file /home/azfarmustafa/airflow_tutorial/dags/data_transformation_dag.py for tasks to queue
[2023-12-20T23:19:17.633+0800] {logging_mixin.py:154} INFO - [2023-12-20T23:19:17.632+0800] {dagbag.py:536} INFO - Filling up the DagBag from /home/azfarmustafa/airflow_tutorial/dags/data_transformation_dag.py
[2023-12-20T23:19:17.689+0800] {processor.py:839} INFO - DAG(s) dict_keys(['data_transformation_player_metadata_debug']) retrieved from /home/azfarmustafa/airflow_tutorial/dags/data_transformation_dag.py
[2023-12-20T23:19:17.708+0800] {logging_mixin.py:154} INFO - [2023-12-20T23:19:17.707+0800] {dag.py:2941} INFO - Sync 1 DAGs
[2023-12-20T23:19:17.734+0800] {logging_mixin.py:154} INFO - [2023-12-20T23:19:17.733+0800] {dag.py:3722} INFO - Setting next_dagrun for data_transformation_player_metadata_debug to 2023-12-20T14:52:14.444206+00:00, run_after=2023-12-21T14:52:14.444206+00:00
[2023-12-20T23:19:17.764+0800] {processor.py:179} INFO - Processing /home/azfarmustafa/airflow_tutorial/dags/data_transformation_dag.py took 0.138 seconds
