[2023-12-07T23:45:26.605+0800] {taskinstance.py:1159} INFO - Dependencies all met for dep_context=non-requeueable deps ti=<TaskInstance: fantasy_premier_league.move_file_into_archive_folder scheduled__2023-12-04T15:50:46.533482+00:00 [queued]>
[2023-12-07T23:45:26.612+0800] {taskinstance.py:1159} INFO - Dependencies all met for dep_context=requeueable deps ti=<TaskInstance: fantasy_premier_league.move_file_into_archive_folder scheduled__2023-12-04T15:50:46.533482+00:00 [queued]>
[2023-12-07T23:45:26.612+0800] {taskinstance.py:1361} INFO - Starting attempt 1 of 1
[2023-12-07T23:45:26.639+0800] {taskinstance.py:1382} INFO - Executing <Task(PythonOperator): move_file_into_archive_folder> on 2023-12-04 15:50:46.533482+00:00
[2023-12-07T23:45:26.644+0800] {standard_task_runner.py:57} INFO - Started process 57930 to run task
[2023-12-07T23:45:26.648+0800] {standard_task_runner.py:84} INFO - Running: ['airflow', 'tasks', 'run', 'fantasy_premier_league', 'move_file_into_archive_folder', 'scheduled__2023-12-04T15:50:46.533482+00:00', '--job-id', '149', '--raw', '--subdir', 'DAGS_FOLDER/fantasy_premier_league_dag.py', '--cfg-path', '/tmp/tmp0ibmtxb3']
[2023-12-07T23:45:26.650+0800] {standard_task_runner.py:85} INFO - Job 149: Subtask move_file_into_archive_folder
[2023-12-07T23:45:26.687+0800] {task_command.py:416} INFO - Running <TaskInstance: fantasy_premier_league.move_file_into_archive_folder scheduled__2023-12-04T15:50:46.533482+00:00 [running]> on host azfartitu.
[2023-12-07T23:45:26.769+0800] {taskinstance.py:1662} INFO - Exporting env vars: AIRFLOW_CTX_DAG_OWNER='airflow' AIRFLOW_CTX_DAG_ID='fantasy_premier_league' AIRFLOW_CTX_TASK_ID='move_file_into_archive_folder' AIRFLOW_CTX_EXECUTION_DATE='2023-12-04T15:50:46.533482+00:00' AIRFLOW_CTX_TRY_NUMBER='1' AIRFLOW_CTX_DAG_RUN_ID='scheduled__2023-12-04T15:50:46.533482+00:00'
[2023-12-07T23:45:26.779+0800] {logging_mixin.py:154} INFO - value 04122023
[2023-12-07T23:45:26.787+0800] {base.py:73} INFO - Using connection ID 'azure_blob_conn_id' for task execution.
[2023-12-07T23:45:27.876+0800] {base.py:73} INFO - Using connection ID 'azure_blob_conn_id' for task execution.
[2023-12-07T23:45:35.548+0800] {logging_mixin.py:154} INFO - File is downloaded at /tmp/tmpkgdhpxad
[2023-12-07T23:45:38.433+0800] {logging_mixin.py:154} INFO - File is copied to archive
[2023-12-07T23:45:38.448+0800] {base.py:73} INFO - Using connection ID 'azure_blob_conn_id' for task execution.
[2023-12-07T23:45:39.484+0800] {logging_mixin.py:154} INFO - File is downloaded at /tmp/tmpcqqegbai
[2023-12-07T23:45:39.849+0800] {logging_mixin.py:154} INFO - File is copied to archive
[2023-12-07T23:45:39.859+0800] {base.py:73} INFO - Using connection ID 'azure_blob_conn_id' for task execution.
[2023-12-07T23:45:42.860+0800] {logging_mixin.py:154} INFO - File is downloaded at /tmp/tmpnd3purtc
[2023-12-07T23:45:44.967+0800] {logging_mixin.py:154} INFO - File is copied to archive
[2023-12-07T23:45:44.979+0800] {base.py:73} INFO - Using connection ID 'azure_blob_conn_id' for task execution.
[2023-12-07T23:45:45.879+0800] {logging_mixin.py:154} INFO - File is downloaded at /tmp/tmpxxsb6dfb
[2023-12-07T23:45:46.077+0800] {logging_mixin.py:154} INFO - File is copied to archive
[2023-12-07T23:45:46.094+0800] {base.py:73} INFO - Using connection ID 'azure_blob_conn_id' for task execution.
[2023-12-07T23:45:46.987+0800] {logging_mixin.py:154} INFO - File is downloaded at /tmp/tmp1irhqd02
[2023-12-07T23:45:47.188+0800] {logging_mixin.py:154} INFO - File is copied to archive
[2023-12-07T23:45:47.190+0800] {python.py:194} INFO - Done. Returned value was: None
[2023-12-07T23:45:47.198+0800] {taskinstance.py:1400} INFO - Marking task as SUCCESS. dag_id=fantasy_premier_league, task_id=move_file_into_archive_folder, execution_date=20231204T155046, start_date=20231207T154526, end_date=20231207T154547
[2023-12-07T23:45:47.220+0800] {local_task_job_runner.py:228} INFO - Task exited with return code 0
[2023-12-07T23:45:47.232+0800] {taskinstance.py:2778} INFO - 1 downstream tasks scheduled from follow-on schedule check
