[2023-11-24T10:25:43.460+0800] {processor.py:157} INFO - Started process (PID=58702) to work on /home/azfarmustafa/airflow_tutorial/.venv/lib/python3.10/site-packages/airflow/example_dags/subdags/subdag.py
[2023-11-24T10:25:43.461+0800] {processor.py:829} INFO - Processing file /home/azfarmustafa/airflow_tutorial/.venv/lib/python3.10/site-packages/airflow/example_dags/subdags/subdag.py for tasks to queue
[2023-11-24T10:25:43.461+0800] {logging_mixin.py:154} INFO - [2023-11-24T10:25:43.461+0800] {dagbag.py:536} INFO - Filling up the DagBag from /home/azfarmustafa/airflow_tutorial/.venv/lib/python3.10/site-packages/airflow/example_dags/subdags/subdag.py
[2023-11-24T10:25:43.463+0800] {processor.py:841} WARNING - No viable dags retrieved from /home/azfarmustafa/airflow_tutorial/.venv/lib/python3.10/site-packages/airflow/example_dags/subdags/subdag.py
[2023-11-24T10:25:43.472+0800] {processor.py:179} INFO - Processing /home/azfarmustafa/airflow_tutorial/.venv/lib/python3.10/site-packages/airflow/example_dags/subdags/subdag.py took 0.016 seconds
[2023-11-24T10:26:30.088+0800] {processor.py:157} INFO - Started process (PID=58750) to work on /home/azfarmustafa/airflow_tutorial/.venv/lib/python3.10/site-packages/airflow/example_dags/subdags/subdag.py
[2023-11-24T10:26:30.093+0800] {processor.py:829} INFO - Processing file /home/azfarmustafa/airflow_tutorial/.venv/lib/python3.10/site-packages/airflow/example_dags/subdags/subdag.py for tasks to queue
[2023-11-24T10:26:30.094+0800] {logging_mixin.py:154} INFO - [2023-11-24T10:26:30.093+0800] {dagbag.py:536} INFO - Filling up the DagBag from /home/azfarmustafa/airflow_tutorial/.venv/lib/python3.10/site-packages/airflow/example_dags/subdags/subdag.py
[2023-11-24T10:26:30.095+0800] {processor.py:841} WARNING - No viable dags retrieved from /home/azfarmustafa/airflow_tutorial/.venv/lib/python3.10/site-packages/airflow/example_dags/subdags/subdag.py
[2023-11-24T10:26:30.104+0800] {processor.py:179} INFO - Processing /home/azfarmustafa/airflow_tutorial/.venv/lib/python3.10/site-packages/airflow/example_dags/subdags/subdag.py took 0.019 seconds
[2023-11-24T10:27:16.582+0800] {processor.py:157} INFO - Started process (PID=58803) to work on /home/azfarmustafa/airflow_tutorial/.venv/lib/python3.10/site-packages/airflow/example_dags/subdags/subdag.py
[2023-11-24T10:27:16.588+0800] {processor.py:829} INFO - Processing file /home/azfarmustafa/airflow_tutorial/.venv/lib/python3.10/site-packages/airflow/example_dags/subdags/subdag.py for tasks to queue
[2023-11-24T10:27:16.589+0800] {logging_mixin.py:154} INFO - [2023-11-24T10:27:16.589+0800] {dagbag.py:536} INFO - Filling up the DagBag from /home/azfarmustafa/airflow_tutorial/.venv/lib/python3.10/site-packages/airflow/example_dags/subdags/subdag.py
[2023-11-24T10:27:16.591+0800] {processor.py:841} WARNING - No viable dags retrieved from /home/azfarmustafa/airflow_tutorial/.venv/lib/python3.10/site-packages/airflow/example_dags/subdags/subdag.py
[2023-11-24T10:27:16.599+0800] {processor.py:179} INFO - Processing /home/azfarmustafa/airflow_tutorial/.venv/lib/python3.10/site-packages/airflow/example_dags/subdags/subdag.py took 0.020 seconds
[2023-11-24T10:28:02.147+0800] {processor.py:157} INFO - Started process (PID=58850) to work on /home/azfarmustafa/airflow_tutorial/.venv/lib/python3.10/site-packages/airflow/example_dags/subdags/subdag.py
[2023-11-24T10:28:02.151+0800] {processor.py:829} INFO - Processing file /home/azfarmustafa/airflow_tutorial/.venv/lib/python3.10/site-packages/airflow/example_dags/subdags/subdag.py for tasks to queue
[2023-11-24T10:28:02.152+0800] {logging_mixin.py:154} INFO - [2023-11-24T10:28:02.151+0800] {dagbag.py:536} INFO - Filling up the DagBag from /home/azfarmustafa/airflow_tutorial/.venv/lib/python3.10/site-packages/airflow/example_dags/subdags/subdag.py
[2023-11-24T10:28:02.154+0800] {processor.py:841} WARNING - No viable dags retrieved from /home/azfarmustafa/airflow_tutorial/.venv/lib/python3.10/site-packages/airflow/example_dags/subdags/subdag.py
[2023-11-24T10:28:02.162+0800] {processor.py:179} INFO - Processing /home/azfarmustafa/airflow_tutorial/.venv/lib/python3.10/site-packages/airflow/example_dags/subdags/subdag.py took 0.019 seconds
[2023-11-24T10:28:51.415+0800] {processor.py:157} INFO - Started process (PID=58904) to work on /home/azfarmustafa/airflow_tutorial/.venv/lib/python3.10/site-packages/airflow/example_dags/subdags/subdag.py
[2023-11-24T10:28:51.417+0800] {processor.py:829} INFO - Processing file /home/azfarmustafa/airflow_tutorial/.venv/lib/python3.10/site-packages/airflow/example_dags/subdags/subdag.py for tasks to queue
[2023-11-24T10:28:51.419+0800] {logging_mixin.py:154} INFO - [2023-11-24T10:28:51.418+0800] {dagbag.py:536} INFO - Filling up the DagBag from /home/azfarmustafa/airflow_tutorial/.venv/lib/python3.10/site-packages/airflow/example_dags/subdags/subdag.py
[2023-11-24T10:28:51.422+0800] {processor.py:841} WARNING - No viable dags retrieved from /home/azfarmustafa/airflow_tutorial/.venv/lib/python3.10/site-packages/airflow/example_dags/subdags/subdag.py
[2023-11-24T10:28:51.431+0800] {processor.py:179} INFO - Processing /home/azfarmustafa/airflow_tutorial/.venv/lib/python3.10/site-packages/airflow/example_dags/subdags/subdag.py took 0.019 seconds
[2023-11-24T10:29:38.458+0800] {processor.py:157} INFO - Started process (PID=58952) to work on /home/azfarmustafa/airflow_tutorial/.venv/lib/python3.10/site-packages/airflow/example_dags/subdags/subdag.py
[2023-11-24T10:29:38.462+0800] {processor.py:829} INFO - Processing file /home/azfarmustafa/airflow_tutorial/.venv/lib/python3.10/site-packages/airflow/example_dags/subdags/subdag.py for tasks to queue
[2023-11-24T10:29:38.463+0800] {logging_mixin.py:154} INFO - [2023-11-24T10:29:38.463+0800] {dagbag.py:536} INFO - Filling up the DagBag from /home/azfarmustafa/airflow_tutorial/.venv/lib/python3.10/site-packages/airflow/example_dags/subdags/subdag.py
[2023-11-24T10:29:38.466+0800] {processor.py:841} WARNING - No viable dags retrieved from /home/azfarmustafa/airflow_tutorial/.venv/lib/python3.10/site-packages/airflow/example_dags/subdags/subdag.py
[2023-11-24T10:29:38.475+0800] {processor.py:179} INFO - Processing /home/azfarmustafa/airflow_tutorial/.venv/lib/python3.10/site-packages/airflow/example_dags/subdags/subdag.py took 0.020 seconds
[2023-11-24T10:30:26.183+0800] {processor.py:157} INFO - Started process (PID=59001) to work on /home/azfarmustafa/airflow_tutorial/.venv/lib/python3.10/site-packages/airflow/example_dags/subdags/subdag.py
[2023-11-24T10:30:26.187+0800] {processor.py:829} INFO - Processing file /home/azfarmustafa/airflow_tutorial/.venv/lib/python3.10/site-packages/airflow/example_dags/subdags/subdag.py for tasks to queue
[2023-11-24T10:30:26.188+0800] {logging_mixin.py:154} INFO - [2023-11-24T10:30:26.188+0800] {dagbag.py:536} INFO - Filling up the DagBag from /home/azfarmustafa/airflow_tutorial/.venv/lib/python3.10/site-packages/airflow/example_dags/subdags/subdag.py
[2023-11-24T10:30:26.191+0800] {processor.py:841} WARNING - No viable dags retrieved from /home/azfarmustafa/airflow_tutorial/.venv/lib/python3.10/site-packages/airflow/example_dags/subdags/subdag.py
[2023-11-24T10:30:26.200+0800] {processor.py:179} INFO - Processing /home/azfarmustafa/airflow_tutorial/.venv/lib/python3.10/site-packages/airflow/example_dags/subdags/subdag.py took 0.020 seconds
[2023-11-24T10:31:13.320+0800] {processor.py:157} INFO - Started process (PID=59049) to work on /home/azfarmustafa/airflow_tutorial/.venv/lib/python3.10/site-packages/airflow/example_dags/subdags/subdag.py
[2023-11-24T10:31:13.325+0800] {processor.py:829} INFO - Processing file /home/azfarmustafa/airflow_tutorial/.venv/lib/python3.10/site-packages/airflow/example_dags/subdags/subdag.py for tasks to queue
[2023-11-24T10:31:13.325+0800] {logging_mixin.py:154} INFO - [2023-11-24T10:31:13.325+0800] {dagbag.py:536} INFO - Filling up the DagBag from /home/azfarmustafa/airflow_tutorial/.venv/lib/python3.10/site-packages/airflow/example_dags/subdags/subdag.py
[2023-11-24T10:31:13.327+0800] {processor.py:841} WARNING - No viable dags retrieved from /home/azfarmustafa/airflow_tutorial/.venv/lib/python3.10/site-packages/airflow/example_dags/subdags/subdag.py
[2023-11-24T10:31:13.339+0800] {processor.py:179} INFO - Processing /home/azfarmustafa/airflow_tutorial/.venv/lib/python3.10/site-packages/airflow/example_dags/subdags/subdag.py took 0.021 seconds
[2023-11-24T10:31:58.123+0800] {processor.py:157} INFO - Started process (PID=59095) to work on /home/azfarmustafa/airflow_tutorial/.venv/lib/python3.10/site-packages/airflow/example_dags/subdags/subdag.py
[2023-11-24T10:31:58.128+0800] {processor.py:829} INFO - Processing file /home/azfarmustafa/airflow_tutorial/.venv/lib/python3.10/site-packages/airflow/example_dags/subdags/subdag.py for tasks to queue
[2023-11-24T10:31:58.129+0800] {logging_mixin.py:154} INFO - [2023-11-24T10:31:58.129+0800] {dagbag.py:536} INFO - Filling up the DagBag from /home/azfarmustafa/airflow_tutorial/.venv/lib/python3.10/site-packages/airflow/example_dags/subdags/subdag.py
[2023-11-24T10:31:58.131+0800] {processor.py:841} WARNING - No viable dags retrieved from /home/azfarmustafa/airflow_tutorial/.venv/lib/python3.10/site-packages/airflow/example_dags/subdags/subdag.py
[2023-11-24T10:31:58.140+0800] {processor.py:179} INFO - Processing /home/azfarmustafa/airflow_tutorial/.venv/lib/python3.10/site-packages/airflow/example_dags/subdags/subdag.py took 0.019 seconds
[2023-11-24T10:32:48.451+0800] {processor.py:157} INFO - Started process (PID=59145) to work on /home/azfarmustafa/airflow_tutorial/.venv/lib/python3.10/site-packages/airflow/example_dags/subdags/subdag.py
[2023-11-24T10:32:48.455+0800] {processor.py:829} INFO - Processing file /home/azfarmustafa/airflow_tutorial/.venv/lib/python3.10/site-packages/airflow/example_dags/subdags/subdag.py for tasks to queue
[2023-11-24T10:32:48.456+0800] {logging_mixin.py:154} INFO - [2023-11-24T10:32:48.456+0800] {dagbag.py:536} INFO - Filling up the DagBag from /home/azfarmustafa/airflow_tutorial/.venv/lib/python3.10/site-packages/airflow/example_dags/subdags/subdag.py
[2023-11-24T10:32:48.459+0800] {processor.py:841} WARNING - No viable dags retrieved from /home/azfarmustafa/airflow_tutorial/.venv/lib/python3.10/site-packages/airflow/example_dags/subdags/subdag.py
[2023-11-24T10:32:48.469+0800] {processor.py:179} INFO - Processing /home/azfarmustafa/airflow_tutorial/.venv/lib/python3.10/site-packages/airflow/example_dags/subdags/subdag.py took 0.020 seconds
[2023-11-24T10:33:39.617+0800] {processor.py:157} INFO - Started process (PID=59195) to work on /home/azfarmustafa/airflow_tutorial/.venv/lib/python3.10/site-packages/airflow/example_dags/subdags/subdag.py
[2023-11-24T10:33:39.618+0800] {processor.py:829} INFO - Processing file /home/azfarmustafa/airflow_tutorial/.venv/lib/python3.10/site-packages/airflow/example_dags/subdags/subdag.py for tasks to queue
[2023-11-24T10:33:39.619+0800] {logging_mixin.py:154} INFO - [2023-11-24T10:33:39.618+0800] {dagbag.py:536} INFO - Filling up the DagBag from /home/azfarmustafa/airflow_tutorial/.venv/lib/python3.10/site-packages/airflow/example_dags/subdags/subdag.py
[2023-11-24T10:33:39.620+0800] {processor.py:841} WARNING - No viable dags retrieved from /home/azfarmustafa/airflow_tutorial/.venv/lib/python3.10/site-packages/airflow/example_dags/subdags/subdag.py
[2023-11-24T10:33:39.631+0800] {processor.py:179} INFO - Processing /home/azfarmustafa/airflow_tutorial/.venv/lib/python3.10/site-packages/airflow/example_dags/subdags/subdag.py took 0.017 seconds
[2023-11-24T10:34:30.372+0800] {processor.py:157} INFO - Started process (PID=59246) to work on /home/azfarmustafa/airflow_tutorial/.venv/lib/python3.10/site-packages/airflow/example_dags/subdags/subdag.py
[2023-11-24T10:34:30.374+0800] {processor.py:829} INFO - Processing file /home/azfarmustafa/airflow_tutorial/.venv/lib/python3.10/site-packages/airflow/example_dags/subdags/subdag.py for tasks to queue
[2023-11-24T10:34:30.375+0800] {logging_mixin.py:154} INFO - [2023-11-24T10:34:30.375+0800] {dagbag.py:536} INFO - Filling up the DagBag from /home/azfarmustafa/airflow_tutorial/.venv/lib/python3.10/site-packages/airflow/example_dags/subdags/subdag.py
[2023-11-24T10:34:30.377+0800] {processor.py:841} WARNING - No viable dags retrieved from /home/azfarmustafa/airflow_tutorial/.venv/lib/python3.10/site-packages/airflow/example_dags/subdags/subdag.py
[2023-11-24T10:34:30.385+0800] {processor.py:179} INFO - Processing /home/azfarmustafa/airflow_tutorial/.venv/lib/python3.10/site-packages/airflow/example_dags/subdags/subdag.py took 0.020 seconds
[2023-11-24T10:35:15.057+0800] {processor.py:157} INFO - Started process (PID=59297) to work on /home/azfarmustafa/airflow_tutorial/.venv/lib/python3.10/site-packages/airflow/example_dags/subdags/subdag.py
[2023-11-24T10:35:15.062+0800] {processor.py:829} INFO - Processing file /home/azfarmustafa/airflow_tutorial/.venv/lib/python3.10/site-packages/airflow/example_dags/subdags/subdag.py for tasks to queue
[2023-11-24T10:35:15.063+0800] {logging_mixin.py:154} INFO - [2023-11-24T10:35:15.063+0800] {dagbag.py:536} INFO - Filling up the DagBag from /home/azfarmustafa/airflow_tutorial/.venv/lib/python3.10/site-packages/airflow/example_dags/subdags/subdag.py
[2023-11-24T10:35:15.065+0800] {processor.py:841} WARNING - No viable dags retrieved from /home/azfarmustafa/airflow_tutorial/.venv/lib/python3.10/site-packages/airflow/example_dags/subdags/subdag.py
[2023-11-24T10:35:15.074+0800] {processor.py:179} INFO - Processing /home/azfarmustafa/airflow_tutorial/.venv/lib/python3.10/site-packages/airflow/example_dags/subdags/subdag.py took 0.020 seconds
[2023-11-24T10:35:57.662+0800] {processor.py:157} INFO - Started process (PID=59343) to work on /home/azfarmustafa/airflow_tutorial/.venv/lib/python3.10/site-packages/airflow/example_dags/subdags/subdag.py
[2023-11-24T10:35:57.666+0800] {processor.py:829} INFO - Processing file /home/azfarmustafa/airflow_tutorial/.venv/lib/python3.10/site-packages/airflow/example_dags/subdags/subdag.py for tasks to queue
[2023-11-24T10:35:57.667+0800] {logging_mixin.py:154} INFO - [2023-11-24T10:35:57.667+0800] {dagbag.py:536} INFO - Filling up the DagBag from /home/azfarmustafa/airflow_tutorial/.venv/lib/python3.10/site-packages/airflow/example_dags/subdags/subdag.py
[2023-11-24T10:35:57.669+0800] {processor.py:841} WARNING - No viable dags retrieved from /home/azfarmustafa/airflow_tutorial/.venv/lib/python3.10/site-packages/airflow/example_dags/subdags/subdag.py
[2023-11-24T10:35:57.679+0800] {processor.py:179} INFO - Processing /home/azfarmustafa/airflow_tutorial/.venv/lib/python3.10/site-packages/airflow/example_dags/subdags/subdag.py took 0.021 seconds
[2023-11-24T10:36:38.260+0800] {processor.py:157} INFO - Started process (PID=59386) to work on /home/azfarmustafa/airflow_tutorial/.venv/lib/python3.10/site-packages/airflow/example_dags/subdags/subdag.py
[2023-11-24T10:36:38.264+0800] {processor.py:829} INFO - Processing file /home/azfarmustafa/airflow_tutorial/.venv/lib/python3.10/site-packages/airflow/example_dags/subdags/subdag.py for tasks to queue
[2023-11-24T10:36:38.265+0800] {logging_mixin.py:154} INFO - [2023-11-24T10:36:38.265+0800] {dagbag.py:536} INFO - Filling up the DagBag from /home/azfarmustafa/airflow_tutorial/.venv/lib/python3.10/site-packages/airflow/example_dags/subdags/subdag.py
[2023-11-24T10:36:38.268+0800] {processor.py:841} WARNING - No viable dags retrieved from /home/azfarmustafa/airflow_tutorial/.venv/lib/python3.10/site-packages/airflow/example_dags/subdags/subdag.py
[2023-11-24T10:36:38.282+0800] {processor.py:179} INFO - Processing /home/azfarmustafa/airflow_tutorial/.venv/lib/python3.10/site-packages/airflow/example_dags/subdags/subdag.py took 0.028 seconds
[2023-11-24T10:37:25.570+0800] {processor.py:157} INFO - Started process (PID=59434) to work on /home/azfarmustafa/airflow_tutorial/.venv/lib/python3.10/site-packages/airflow/example_dags/subdags/subdag.py
[2023-11-24T10:37:25.575+0800] {processor.py:829} INFO - Processing file /home/azfarmustafa/airflow_tutorial/.venv/lib/python3.10/site-packages/airflow/example_dags/subdags/subdag.py for tasks to queue
[2023-11-24T10:37:25.576+0800] {logging_mixin.py:154} INFO - [2023-11-24T10:37:25.575+0800] {dagbag.py:536} INFO - Filling up the DagBag from /home/azfarmustafa/airflow_tutorial/.venv/lib/python3.10/site-packages/airflow/example_dags/subdags/subdag.py
[2023-11-24T10:37:25.578+0800] {processor.py:841} WARNING - No viable dags retrieved from /home/azfarmustafa/airflow_tutorial/.venv/lib/python3.10/site-packages/airflow/example_dags/subdags/subdag.py
[2023-11-24T10:37:25.589+0800] {processor.py:179} INFO - Processing /home/azfarmustafa/airflow_tutorial/.venv/lib/python3.10/site-packages/airflow/example_dags/subdags/subdag.py took 0.021 seconds
[2023-11-24T10:38:11.836+0800] {processor.py:157} INFO - Started process (PID=59481) to work on /home/azfarmustafa/airflow_tutorial/.venv/lib/python3.10/site-packages/airflow/example_dags/subdags/subdag.py
[2023-11-24T10:38:11.840+0800] {processor.py:829} INFO - Processing file /home/azfarmustafa/airflow_tutorial/.venv/lib/python3.10/site-packages/airflow/example_dags/subdags/subdag.py for tasks to queue
[2023-11-24T10:38:11.841+0800] {logging_mixin.py:154} INFO - [2023-11-24T10:38:11.841+0800] {dagbag.py:536} INFO - Filling up the DagBag from /home/azfarmustafa/airflow_tutorial/.venv/lib/python3.10/site-packages/airflow/example_dags/subdags/subdag.py
[2023-11-24T10:38:11.843+0800] {processor.py:841} WARNING - No viable dags retrieved from /home/azfarmustafa/airflow_tutorial/.venv/lib/python3.10/site-packages/airflow/example_dags/subdags/subdag.py
[2023-11-24T10:38:11.851+0800] {processor.py:179} INFO - Processing /home/azfarmustafa/airflow_tutorial/.venv/lib/python3.10/site-packages/airflow/example_dags/subdags/subdag.py took 0.018 seconds
[2023-11-24T10:39:00.170+0800] {processor.py:157} INFO - Started process (PID=59530) to work on /home/azfarmustafa/airflow_tutorial/.venv/lib/python3.10/site-packages/airflow/example_dags/subdags/subdag.py
[2023-11-24T10:39:00.171+0800] {processor.py:829} INFO - Processing file /home/azfarmustafa/airflow_tutorial/.venv/lib/python3.10/site-packages/airflow/example_dags/subdags/subdag.py for tasks to queue
[2023-11-24T10:39:00.172+0800] {logging_mixin.py:154} INFO - [2023-11-24T10:39:00.172+0800] {dagbag.py:536} INFO - Filling up the DagBag from /home/azfarmustafa/airflow_tutorial/.venv/lib/python3.10/site-packages/airflow/example_dags/subdags/subdag.py
[2023-11-24T10:39:00.174+0800] {processor.py:841} WARNING - No viable dags retrieved from /home/azfarmustafa/airflow_tutorial/.venv/lib/python3.10/site-packages/airflow/example_dags/subdags/subdag.py
[2023-11-24T10:39:00.183+0800] {processor.py:179} INFO - Processing /home/azfarmustafa/airflow_tutorial/.venv/lib/python3.10/site-packages/airflow/example_dags/subdags/subdag.py took 0.017 seconds
[2023-11-24T10:39:51.385+0800] {processor.py:157} INFO - Started process (PID=59580) to work on /home/azfarmustafa/airflow_tutorial/.venv/lib/python3.10/site-packages/airflow/example_dags/subdags/subdag.py
[2023-11-24T10:39:51.389+0800] {processor.py:829} INFO - Processing file /home/azfarmustafa/airflow_tutorial/.venv/lib/python3.10/site-packages/airflow/example_dags/subdags/subdag.py for tasks to queue
[2023-11-24T10:39:51.390+0800] {logging_mixin.py:154} INFO - [2023-11-24T10:39:51.390+0800] {dagbag.py:536} INFO - Filling up the DagBag from /home/azfarmustafa/airflow_tutorial/.venv/lib/python3.10/site-packages/airflow/example_dags/subdags/subdag.py
[2023-11-24T10:39:51.393+0800] {processor.py:841} WARNING - No viable dags retrieved from /home/azfarmustafa/airflow_tutorial/.venv/lib/python3.10/site-packages/airflow/example_dags/subdags/subdag.py
[2023-11-24T10:39:51.404+0800] {processor.py:179} INFO - Processing /home/azfarmustafa/airflow_tutorial/.venv/lib/python3.10/site-packages/airflow/example_dags/subdags/subdag.py took 0.022 seconds
[2023-11-24T10:40:36.818+0800] {processor.py:157} INFO - Started process (PID=59627) to work on /home/azfarmustafa/airflow_tutorial/.venv/lib/python3.10/site-packages/airflow/example_dags/subdags/subdag.py
[2023-11-24T10:40:36.823+0800] {processor.py:829} INFO - Processing file /home/azfarmustafa/airflow_tutorial/.venv/lib/python3.10/site-packages/airflow/example_dags/subdags/subdag.py for tasks to queue
[2023-11-24T10:40:36.823+0800] {logging_mixin.py:154} INFO - [2023-11-24T10:40:36.823+0800] {dagbag.py:536} INFO - Filling up the DagBag from /home/azfarmustafa/airflow_tutorial/.venv/lib/python3.10/site-packages/airflow/example_dags/subdags/subdag.py
[2023-11-24T10:40:36.825+0800] {processor.py:841} WARNING - No viable dags retrieved from /home/azfarmustafa/airflow_tutorial/.venv/lib/python3.10/site-packages/airflow/example_dags/subdags/subdag.py
[2023-11-24T10:40:36.835+0800] {processor.py:179} INFO - Processing /home/azfarmustafa/airflow_tutorial/.venv/lib/python3.10/site-packages/airflow/example_dags/subdags/subdag.py took 0.020 seconds
[2023-11-24T10:41:23.157+0800] {processor.py:157} INFO - Started process (PID=59679) to work on /home/azfarmustafa/airflow_tutorial/.venv/lib/python3.10/site-packages/airflow/example_dags/subdags/subdag.py
[2023-11-24T10:41:23.161+0800] {processor.py:829} INFO - Processing file /home/azfarmustafa/airflow_tutorial/.venv/lib/python3.10/site-packages/airflow/example_dags/subdags/subdag.py for tasks to queue
[2023-11-24T10:41:23.162+0800] {logging_mixin.py:154} INFO - [2023-11-24T10:41:23.162+0800] {dagbag.py:536} INFO - Filling up the DagBag from /home/azfarmustafa/airflow_tutorial/.venv/lib/python3.10/site-packages/airflow/example_dags/subdags/subdag.py
[2023-11-24T10:41:23.164+0800] {processor.py:841} WARNING - No viable dags retrieved from /home/azfarmustafa/airflow_tutorial/.venv/lib/python3.10/site-packages/airflow/example_dags/subdags/subdag.py
[2023-11-24T10:41:23.172+0800] {processor.py:179} INFO - Processing /home/azfarmustafa/airflow_tutorial/.venv/lib/python3.10/site-packages/airflow/example_dags/subdags/subdag.py took 0.018 seconds
[2023-11-24T10:42:11.725+0800] {processor.py:157} INFO - Started process (PID=59728) to work on /home/azfarmustafa/airflow_tutorial/.venv/lib/python3.10/site-packages/airflow/example_dags/subdags/subdag.py
[2023-11-24T10:42:11.729+0800] {processor.py:829} INFO - Processing file /home/azfarmustafa/airflow_tutorial/.venv/lib/python3.10/site-packages/airflow/example_dags/subdags/subdag.py for tasks to queue
[2023-11-24T10:42:11.730+0800] {logging_mixin.py:154} INFO - [2023-11-24T10:42:11.730+0800] {dagbag.py:536} INFO - Filling up the DagBag from /home/azfarmustafa/airflow_tutorial/.venv/lib/python3.10/site-packages/airflow/example_dags/subdags/subdag.py
[2023-11-24T10:42:11.732+0800] {processor.py:841} WARNING - No viable dags retrieved from /home/azfarmustafa/airflow_tutorial/.venv/lib/python3.10/site-packages/airflow/example_dags/subdags/subdag.py
[2023-11-24T10:42:11.741+0800] {processor.py:179} INFO - Processing /home/azfarmustafa/airflow_tutorial/.venv/lib/python3.10/site-packages/airflow/example_dags/subdags/subdag.py took 0.018 seconds
[2023-11-24T10:42:58.146+0800] {processor.py:157} INFO - Started process (PID=59775) to work on /home/azfarmustafa/airflow_tutorial/.venv/lib/python3.10/site-packages/airflow/example_dags/subdags/subdag.py
[2023-11-24T10:42:58.148+0800] {processor.py:829} INFO - Processing file /home/azfarmustafa/airflow_tutorial/.venv/lib/python3.10/site-packages/airflow/example_dags/subdags/subdag.py for tasks to queue
[2023-11-24T10:42:58.149+0800] {logging_mixin.py:154} INFO - [2023-11-24T10:42:58.148+0800] {dagbag.py:536} INFO - Filling up the DagBag from /home/azfarmustafa/airflow_tutorial/.venv/lib/python3.10/site-packages/airflow/example_dags/subdags/subdag.py
[2023-11-24T10:42:58.151+0800] {processor.py:841} WARNING - No viable dags retrieved from /home/azfarmustafa/airflow_tutorial/.venv/lib/python3.10/site-packages/airflow/example_dags/subdags/subdag.py
[2023-11-24T10:42:58.162+0800] {processor.py:179} INFO - Processing /home/azfarmustafa/airflow_tutorial/.venv/lib/python3.10/site-packages/airflow/example_dags/subdags/subdag.py took 0.019 seconds
[2023-11-24T10:43:45.348+0800] {processor.py:157} INFO - Started process (PID=59823) to work on /home/azfarmustafa/airflow_tutorial/.venv/lib/python3.10/site-packages/airflow/example_dags/subdags/subdag.py
[2023-11-24T10:43:45.350+0800] {processor.py:829} INFO - Processing file /home/azfarmustafa/airflow_tutorial/.venv/lib/python3.10/site-packages/airflow/example_dags/subdags/subdag.py for tasks to queue
[2023-11-24T10:43:45.351+0800] {logging_mixin.py:154} INFO - [2023-11-24T10:43:45.350+0800] {dagbag.py:536} INFO - Filling up the DagBag from /home/azfarmustafa/airflow_tutorial/.venv/lib/python3.10/site-packages/airflow/example_dags/subdags/subdag.py
[2023-11-24T10:43:45.353+0800] {processor.py:841} WARNING - No viable dags retrieved from /home/azfarmustafa/airflow_tutorial/.venv/lib/python3.10/site-packages/airflow/example_dags/subdags/subdag.py
[2023-11-24T10:43:45.369+0800] {processor.py:179} INFO - Processing /home/azfarmustafa/airflow_tutorial/.venv/lib/python3.10/site-packages/airflow/example_dags/subdags/subdag.py took 0.024 seconds
[2023-11-24T10:44:33.794+0800] {processor.py:157} INFO - Started process (PID=59873) to work on /home/azfarmustafa/airflow_tutorial/.venv/lib/python3.10/site-packages/airflow/example_dags/subdags/subdag.py
[2023-11-24T10:44:33.795+0800] {processor.py:829} INFO - Processing file /home/azfarmustafa/airflow_tutorial/.venv/lib/python3.10/site-packages/airflow/example_dags/subdags/subdag.py for tasks to queue
[2023-11-24T10:44:33.796+0800] {logging_mixin.py:154} INFO - [2023-11-24T10:44:33.796+0800] {dagbag.py:536} INFO - Filling up the DagBag from /home/azfarmustafa/airflow_tutorial/.venv/lib/python3.10/site-packages/airflow/example_dags/subdags/subdag.py
[2023-11-24T10:44:33.799+0800] {processor.py:841} WARNING - No viable dags retrieved from /home/azfarmustafa/airflow_tutorial/.venv/lib/python3.10/site-packages/airflow/example_dags/subdags/subdag.py
[2023-11-24T10:44:33.809+0800] {processor.py:179} INFO - Processing /home/azfarmustafa/airflow_tutorial/.venv/lib/python3.10/site-packages/airflow/example_dags/subdags/subdag.py took 0.018 seconds
[2023-11-24T10:45:22.639+0800] {processor.py:157} INFO - Started process (PID=59921) to work on /home/azfarmustafa/airflow_tutorial/.venv/lib/python3.10/site-packages/airflow/example_dags/subdags/subdag.py
[2023-11-24T10:45:22.645+0800] {processor.py:829} INFO - Processing file /home/azfarmustafa/airflow_tutorial/.venv/lib/python3.10/site-packages/airflow/example_dags/subdags/subdag.py for tasks to queue
[2023-11-24T10:45:22.646+0800] {logging_mixin.py:154} INFO - [2023-11-24T10:45:22.645+0800] {dagbag.py:536} INFO - Filling up the DagBag from /home/azfarmustafa/airflow_tutorial/.venv/lib/python3.10/site-packages/airflow/example_dags/subdags/subdag.py
[2023-11-24T10:45:22.649+0800] {processor.py:841} WARNING - No viable dags retrieved from /home/azfarmustafa/airflow_tutorial/.venv/lib/python3.10/site-packages/airflow/example_dags/subdags/subdag.py
[2023-11-24T10:45:22.659+0800] {processor.py:179} INFO - Processing /home/azfarmustafa/airflow_tutorial/.venv/lib/python3.10/site-packages/airflow/example_dags/subdags/subdag.py took 0.022 seconds
[2023-11-24T10:46:08.832+0800] {processor.py:157} INFO - Started process (PID=59969) to work on /home/azfarmustafa/airflow_tutorial/.venv/lib/python3.10/site-packages/airflow/example_dags/subdags/subdag.py
[2023-11-24T10:46:08.837+0800] {processor.py:829} INFO - Processing file /home/azfarmustafa/airflow_tutorial/.venv/lib/python3.10/site-packages/airflow/example_dags/subdags/subdag.py for tasks to queue
[2023-11-24T10:46:08.838+0800] {logging_mixin.py:154} INFO - [2023-11-24T10:46:08.837+0800] {dagbag.py:536} INFO - Filling up the DagBag from /home/azfarmustafa/airflow_tutorial/.venv/lib/python3.10/site-packages/airflow/example_dags/subdags/subdag.py
[2023-11-24T10:46:08.840+0800] {processor.py:841} WARNING - No viable dags retrieved from /home/azfarmustafa/airflow_tutorial/.venv/lib/python3.10/site-packages/airflow/example_dags/subdags/subdag.py
[2023-11-24T10:46:08.849+0800] {processor.py:179} INFO - Processing /home/azfarmustafa/airflow_tutorial/.venv/lib/python3.10/site-packages/airflow/example_dags/subdags/subdag.py took 0.019 seconds
[2023-11-24T10:46:54.378+0800] {processor.py:157} INFO - Started process (PID=60015) to work on /home/azfarmustafa/airflow_tutorial/.venv/lib/python3.10/site-packages/airflow/example_dags/subdags/subdag.py
[2023-11-24T10:46:54.379+0800] {processor.py:829} INFO - Processing file /home/azfarmustafa/airflow_tutorial/.venv/lib/python3.10/site-packages/airflow/example_dags/subdags/subdag.py for tasks to queue
[2023-11-24T10:46:54.380+0800] {logging_mixin.py:154} INFO - [2023-11-24T10:46:54.380+0800] {dagbag.py:536} INFO - Filling up the DagBag from /home/azfarmustafa/airflow_tutorial/.venv/lib/python3.10/site-packages/airflow/example_dags/subdags/subdag.py
[2023-11-24T10:46:54.382+0800] {processor.py:841} WARNING - No viable dags retrieved from /home/azfarmustafa/airflow_tutorial/.venv/lib/python3.10/site-packages/airflow/example_dags/subdags/subdag.py
[2023-11-24T10:46:54.392+0800] {processor.py:179} INFO - Processing /home/azfarmustafa/airflow_tutorial/.venv/lib/python3.10/site-packages/airflow/example_dags/subdags/subdag.py took 0.017 seconds
[2023-11-24T10:47:38.610+0800] {processor.py:157} INFO - Started process (PID=60067) to work on /home/azfarmustafa/airflow_tutorial/.venv/lib/python3.10/site-packages/airflow/example_dags/subdags/subdag.py
[2023-11-24T10:47:38.614+0800] {processor.py:829} INFO - Processing file /home/azfarmustafa/airflow_tutorial/.venv/lib/python3.10/site-packages/airflow/example_dags/subdags/subdag.py for tasks to queue
[2023-11-24T10:47:38.615+0800] {logging_mixin.py:154} INFO - [2023-11-24T10:47:38.615+0800] {dagbag.py:536} INFO - Filling up the DagBag from /home/azfarmustafa/airflow_tutorial/.venv/lib/python3.10/site-packages/airflow/example_dags/subdags/subdag.py
[2023-11-24T10:47:38.617+0800] {processor.py:841} WARNING - No viable dags retrieved from /home/azfarmustafa/airflow_tutorial/.venv/lib/python3.10/site-packages/airflow/example_dags/subdags/subdag.py
[2023-11-24T10:47:38.628+0800] {processor.py:179} INFO - Processing /home/azfarmustafa/airflow_tutorial/.venv/lib/python3.10/site-packages/airflow/example_dags/subdags/subdag.py took 0.022 seconds
[2023-11-24T10:48:25.439+0800] {processor.py:157} INFO - Started process (PID=60115) to work on /home/azfarmustafa/airflow_tutorial/.venv/lib/python3.10/site-packages/airflow/example_dags/subdags/subdag.py
[2023-11-24T10:48:25.441+0800] {processor.py:829} INFO - Processing file /home/azfarmustafa/airflow_tutorial/.venv/lib/python3.10/site-packages/airflow/example_dags/subdags/subdag.py for tasks to queue
[2023-11-24T10:48:25.441+0800] {logging_mixin.py:154} INFO - [2023-11-24T10:48:25.441+0800] {dagbag.py:536} INFO - Filling up the DagBag from /home/azfarmustafa/airflow_tutorial/.venv/lib/python3.10/site-packages/airflow/example_dags/subdags/subdag.py
[2023-11-24T10:48:25.443+0800] {processor.py:841} WARNING - No viable dags retrieved from /home/azfarmustafa/airflow_tutorial/.venv/lib/python3.10/site-packages/airflow/example_dags/subdags/subdag.py
[2023-11-24T10:48:25.452+0800] {processor.py:179} INFO - Processing /home/azfarmustafa/airflow_tutorial/.venv/lib/python3.10/site-packages/airflow/example_dags/subdags/subdag.py took 0.015 seconds
[2023-11-24T10:49:13.505+0800] {processor.py:157} INFO - Started process (PID=60163) to work on /home/azfarmustafa/airflow_tutorial/.venv/lib/python3.10/site-packages/airflow/example_dags/subdags/subdag.py
[2023-11-24T10:49:13.510+0800] {processor.py:829} INFO - Processing file /home/azfarmustafa/airflow_tutorial/.venv/lib/python3.10/site-packages/airflow/example_dags/subdags/subdag.py for tasks to queue
[2023-11-24T10:49:13.510+0800] {logging_mixin.py:154} INFO - [2023-11-24T10:49:13.510+0800] {dagbag.py:536} INFO - Filling up the DagBag from /home/azfarmustafa/airflow_tutorial/.venv/lib/python3.10/site-packages/airflow/example_dags/subdags/subdag.py
[2023-11-24T10:49:13.512+0800] {processor.py:841} WARNING - No viable dags retrieved from /home/azfarmustafa/airflow_tutorial/.venv/lib/python3.10/site-packages/airflow/example_dags/subdags/subdag.py
[2023-11-24T10:49:13.521+0800] {processor.py:179} INFO - Processing /home/azfarmustafa/airflow_tutorial/.venv/lib/python3.10/site-packages/airflow/example_dags/subdags/subdag.py took 0.019 seconds
[2023-11-24T10:49:59.709+0800] {processor.py:157} INFO - Started process (PID=60211) to work on /home/azfarmustafa/airflow_tutorial/.venv/lib/python3.10/site-packages/airflow/example_dags/subdags/subdag.py
[2023-11-24T10:49:59.713+0800] {processor.py:829} INFO - Processing file /home/azfarmustafa/airflow_tutorial/.venv/lib/python3.10/site-packages/airflow/example_dags/subdags/subdag.py for tasks to queue
[2023-11-24T10:49:59.714+0800] {logging_mixin.py:154} INFO - [2023-11-24T10:49:59.714+0800] {dagbag.py:536} INFO - Filling up the DagBag from /home/azfarmustafa/airflow_tutorial/.venv/lib/python3.10/site-packages/airflow/example_dags/subdags/subdag.py
[2023-11-24T10:49:59.716+0800] {processor.py:841} WARNING - No viable dags retrieved from /home/azfarmustafa/airflow_tutorial/.venv/lib/python3.10/site-packages/airflow/example_dags/subdags/subdag.py
[2023-11-24T10:49:59.726+0800] {processor.py:179} INFO - Processing /home/azfarmustafa/airflow_tutorial/.venv/lib/python3.10/site-packages/airflow/example_dags/subdags/subdag.py took 0.020 seconds
[2023-11-24T10:50:47.451+0800] {processor.py:157} INFO - Started process (PID=60259) to work on /home/azfarmustafa/airflow_tutorial/.venv/lib/python3.10/site-packages/airflow/example_dags/subdags/subdag.py
[2023-11-24T10:50:47.455+0800] {processor.py:829} INFO - Processing file /home/azfarmustafa/airflow_tutorial/.venv/lib/python3.10/site-packages/airflow/example_dags/subdags/subdag.py for tasks to queue
[2023-11-24T10:50:47.456+0800] {logging_mixin.py:154} INFO - [2023-11-24T10:50:47.455+0800] {dagbag.py:536} INFO - Filling up the DagBag from /home/azfarmustafa/airflow_tutorial/.venv/lib/python3.10/site-packages/airflow/example_dags/subdags/subdag.py
[2023-11-24T10:50:47.457+0800] {processor.py:841} WARNING - No viable dags retrieved from /home/azfarmustafa/airflow_tutorial/.venv/lib/python3.10/site-packages/airflow/example_dags/subdags/subdag.py
[2023-11-24T10:50:47.466+0800] {processor.py:179} INFO - Processing /home/azfarmustafa/airflow_tutorial/.venv/lib/python3.10/site-packages/airflow/example_dags/subdags/subdag.py took 0.018 seconds
[2023-11-24T10:51:34.108+0800] {processor.py:157} INFO - Started process (PID=60307) to work on /home/azfarmustafa/airflow_tutorial/.venv/lib/python3.10/site-packages/airflow/example_dags/subdags/subdag.py
[2023-11-24T10:51:34.112+0800] {processor.py:829} INFO - Processing file /home/azfarmustafa/airflow_tutorial/.venv/lib/python3.10/site-packages/airflow/example_dags/subdags/subdag.py for tasks to queue
[2023-11-24T10:51:34.113+0800] {logging_mixin.py:154} INFO - [2023-11-24T10:51:34.113+0800] {dagbag.py:536} INFO - Filling up the DagBag from /home/azfarmustafa/airflow_tutorial/.venv/lib/python3.10/site-packages/airflow/example_dags/subdags/subdag.py
[2023-11-24T10:51:34.115+0800] {processor.py:841} WARNING - No viable dags retrieved from /home/azfarmustafa/airflow_tutorial/.venv/lib/python3.10/site-packages/airflow/example_dags/subdags/subdag.py
[2023-11-24T10:51:34.125+0800] {processor.py:179} INFO - Processing /home/azfarmustafa/airflow_tutorial/.venv/lib/python3.10/site-packages/airflow/example_dags/subdags/subdag.py took 0.029 seconds
[2023-11-24T10:52:21.584+0800] {processor.py:157} INFO - Started process (PID=60355) to work on /home/azfarmustafa/airflow_tutorial/.venv/lib/python3.10/site-packages/airflow/example_dags/subdags/subdag.py
[2023-11-24T10:52:21.586+0800] {processor.py:829} INFO - Processing file /home/azfarmustafa/airflow_tutorial/.venv/lib/python3.10/site-packages/airflow/example_dags/subdags/subdag.py for tasks to queue
[2023-11-24T10:52:21.587+0800] {logging_mixin.py:154} INFO - [2023-11-24T10:52:21.586+0800] {dagbag.py:536} INFO - Filling up the DagBag from /home/azfarmustafa/airflow_tutorial/.venv/lib/python3.10/site-packages/airflow/example_dags/subdags/subdag.py
[2023-11-24T10:52:21.589+0800] {processor.py:841} WARNING - No viable dags retrieved from /home/azfarmustafa/airflow_tutorial/.venv/lib/python3.10/site-packages/airflow/example_dags/subdags/subdag.py
[2023-11-24T10:52:21.598+0800] {processor.py:179} INFO - Processing /home/azfarmustafa/airflow_tutorial/.venv/lib/python3.10/site-packages/airflow/example_dags/subdags/subdag.py took 0.018 seconds
[2023-11-24T10:53:12.311+0800] {processor.py:157} INFO - Started process (PID=60405) to work on /home/azfarmustafa/airflow_tutorial/.venv/lib/python3.10/site-packages/airflow/example_dags/subdags/subdag.py
[2023-11-24T10:53:12.315+0800] {processor.py:829} INFO - Processing file /home/azfarmustafa/airflow_tutorial/.venv/lib/python3.10/site-packages/airflow/example_dags/subdags/subdag.py for tasks to queue
[2023-11-24T10:53:12.316+0800] {logging_mixin.py:154} INFO - [2023-11-24T10:53:12.315+0800] {dagbag.py:536} INFO - Filling up the DagBag from /home/azfarmustafa/airflow_tutorial/.venv/lib/python3.10/site-packages/airflow/example_dags/subdags/subdag.py
[2023-11-24T10:53:12.317+0800] {processor.py:841} WARNING - No viable dags retrieved from /home/azfarmustafa/airflow_tutorial/.venv/lib/python3.10/site-packages/airflow/example_dags/subdags/subdag.py
[2023-11-24T10:53:12.326+0800] {processor.py:179} INFO - Processing /home/azfarmustafa/airflow_tutorial/.venv/lib/python3.10/site-packages/airflow/example_dags/subdags/subdag.py took 0.018 seconds
[2023-11-24T10:53:58.413+0800] {processor.py:157} INFO - Started process (PID=60458) to work on /home/azfarmustafa/airflow_tutorial/.venv/lib/python3.10/site-packages/airflow/example_dags/subdags/subdag.py
[2023-11-24T10:53:58.417+0800] {processor.py:829} INFO - Processing file /home/azfarmustafa/airflow_tutorial/.venv/lib/python3.10/site-packages/airflow/example_dags/subdags/subdag.py for tasks to queue
[2023-11-24T10:53:58.418+0800] {logging_mixin.py:154} INFO - [2023-11-24T10:53:58.417+0800] {dagbag.py:536} INFO - Filling up the DagBag from /home/azfarmustafa/airflow_tutorial/.venv/lib/python3.10/site-packages/airflow/example_dags/subdags/subdag.py
[2023-11-24T10:53:58.419+0800] {processor.py:841} WARNING - No viable dags retrieved from /home/azfarmustafa/airflow_tutorial/.venv/lib/python3.10/site-packages/airflow/example_dags/subdags/subdag.py
[2023-11-24T10:53:58.429+0800] {processor.py:179} INFO - Processing /home/azfarmustafa/airflow_tutorial/.venv/lib/python3.10/site-packages/airflow/example_dags/subdags/subdag.py took 0.018 seconds
[2023-11-24T10:54:46.670+0800] {processor.py:157} INFO - Started process (PID=60507) to work on /home/azfarmustafa/airflow_tutorial/.venv/lib/python3.10/site-packages/airflow/example_dags/subdags/subdag.py
[2023-11-24T10:54:46.671+0800] {processor.py:829} INFO - Processing file /home/azfarmustafa/airflow_tutorial/.venv/lib/python3.10/site-packages/airflow/example_dags/subdags/subdag.py for tasks to queue
[2023-11-24T10:54:46.672+0800] {logging_mixin.py:154} INFO - [2023-11-24T10:54:46.672+0800] {dagbag.py:536} INFO - Filling up the DagBag from /home/azfarmustafa/airflow_tutorial/.venv/lib/python3.10/site-packages/airflow/example_dags/subdags/subdag.py
[2023-11-24T10:54:46.674+0800] {processor.py:841} WARNING - No viable dags retrieved from /home/azfarmustafa/airflow_tutorial/.venv/lib/python3.10/site-packages/airflow/example_dags/subdags/subdag.py
[2023-11-24T10:54:46.684+0800] {processor.py:179} INFO - Processing /home/azfarmustafa/airflow_tutorial/.venv/lib/python3.10/site-packages/airflow/example_dags/subdags/subdag.py took 0.017 seconds
[2023-11-24T10:55:32.273+0800] {processor.py:157} INFO - Started process (PID=60554) to work on /home/azfarmustafa/airflow_tutorial/.venv/lib/python3.10/site-packages/airflow/example_dags/subdags/subdag.py
[2023-11-24T10:55:32.278+0800] {processor.py:829} INFO - Processing file /home/azfarmustafa/airflow_tutorial/.venv/lib/python3.10/site-packages/airflow/example_dags/subdags/subdag.py for tasks to queue
[2023-11-24T10:55:32.279+0800] {logging_mixin.py:154} INFO - [2023-11-24T10:55:32.279+0800] {dagbag.py:536} INFO - Filling up the DagBag from /home/azfarmustafa/airflow_tutorial/.venv/lib/python3.10/site-packages/airflow/example_dags/subdags/subdag.py
[2023-11-24T10:55:32.281+0800] {processor.py:841} WARNING - No viable dags retrieved from /home/azfarmustafa/airflow_tutorial/.venv/lib/python3.10/site-packages/airflow/example_dags/subdags/subdag.py
[2023-11-24T10:55:32.290+0800] {processor.py:179} INFO - Processing /home/azfarmustafa/airflow_tutorial/.venv/lib/python3.10/site-packages/airflow/example_dags/subdags/subdag.py took 0.019 seconds
[2023-11-24T10:56:20.010+0800] {processor.py:157} INFO - Started process (PID=60602) to work on /home/azfarmustafa/airflow_tutorial/.venv/lib/python3.10/site-packages/airflow/example_dags/subdags/subdag.py
[2023-11-24T10:56:20.014+0800] {processor.py:829} INFO - Processing file /home/azfarmustafa/airflow_tutorial/.venv/lib/python3.10/site-packages/airflow/example_dags/subdags/subdag.py for tasks to queue
[2023-11-24T10:56:20.016+0800] {logging_mixin.py:154} INFO - [2023-11-24T10:56:20.016+0800] {dagbag.py:536} INFO - Filling up the DagBag from /home/azfarmustafa/airflow_tutorial/.venv/lib/python3.10/site-packages/airflow/example_dags/subdags/subdag.py
[2023-11-24T10:56:20.018+0800] {processor.py:841} WARNING - No viable dags retrieved from /home/azfarmustafa/airflow_tutorial/.venv/lib/python3.10/site-packages/airflow/example_dags/subdags/subdag.py
[2023-11-24T10:56:20.027+0800] {processor.py:179} INFO - Processing /home/azfarmustafa/airflow_tutorial/.venv/lib/python3.10/site-packages/airflow/example_dags/subdags/subdag.py took 0.019 seconds
[2023-11-24T10:57:02.669+0800] {processor.py:157} INFO - Started process (PID=60647) to work on /home/azfarmustafa/airflow_tutorial/.venv/lib/python3.10/site-packages/airflow/example_dags/subdags/subdag.py
[2023-11-24T10:57:02.673+0800] {processor.py:829} INFO - Processing file /home/azfarmustafa/airflow_tutorial/.venv/lib/python3.10/site-packages/airflow/example_dags/subdags/subdag.py for tasks to queue
[2023-11-24T10:57:02.674+0800] {logging_mixin.py:154} INFO - [2023-11-24T10:57:02.674+0800] {dagbag.py:536} INFO - Filling up the DagBag from /home/azfarmustafa/airflow_tutorial/.venv/lib/python3.10/site-packages/airflow/example_dags/subdags/subdag.py
[2023-11-24T10:57:02.675+0800] {processor.py:841} WARNING - No viable dags retrieved from /home/azfarmustafa/airflow_tutorial/.venv/lib/python3.10/site-packages/airflow/example_dags/subdags/subdag.py
[2023-11-24T10:57:02.688+0800] {processor.py:179} INFO - Processing /home/azfarmustafa/airflow_tutorial/.venv/lib/python3.10/site-packages/airflow/example_dags/subdags/subdag.py took 0.021 seconds
[2023-11-24T10:57:46.349+0800] {processor.py:157} INFO - Started process (PID=60693) to work on /home/azfarmustafa/airflow_tutorial/.venv/lib/python3.10/site-packages/airflow/example_dags/subdags/subdag.py
[2023-11-24T10:57:46.353+0800] {processor.py:829} INFO - Processing file /home/azfarmustafa/airflow_tutorial/.venv/lib/python3.10/site-packages/airflow/example_dags/subdags/subdag.py for tasks to queue
[2023-11-24T10:57:46.354+0800] {logging_mixin.py:154} INFO - [2023-11-24T10:57:46.354+0800] {dagbag.py:536} INFO - Filling up the DagBag from /home/azfarmustafa/airflow_tutorial/.venv/lib/python3.10/site-packages/airflow/example_dags/subdags/subdag.py
[2023-11-24T10:57:46.356+0800] {processor.py:841} WARNING - No viable dags retrieved from /home/azfarmustafa/airflow_tutorial/.venv/lib/python3.10/site-packages/airflow/example_dags/subdags/subdag.py
[2023-11-24T10:57:46.365+0800] {processor.py:179} INFO - Processing /home/azfarmustafa/airflow_tutorial/.venv/lib/python3.10/site-packages/airflow/example_dags/subdags/subdag.py took 0.018 seconds
[2023-11-24T10:58:34.484+0800] {processor.py:157} INFO - Started process (PID=60741) to work on /home/azfarmustafa/airflow_tutorial/.venv/lib/python3.10/site-packages/airflow/example_dags/subdags/subdag.py
[2023-11-24T10:58:34.488+0800] {processor.py:829} INFO - Processing file /home/azfarmustafa/airflow_tutorial/.venv/lib/python3.10/site-packages/airflow/example_dags/subdags/subdag.py for tasks to queue
[2023-11-24T10:58:34.489+0800] {logging_mixin.py:154} INFO - [2023-11-24T10:58:34.489+0800] {dagbag.py:536} INFO - Filling up the DagBag from /home/azfarmustafa/airflow_tutorial/.venv/lib/python3.10/site-packages/airflow/example_dags/subdags/subdag.py
[2023-11-24T10:58:34.491+0800] {processor.py:841} WARNING - No viable dags retrieved from /home/azfarmustafa/airflow_tutorial/.venv/lib/python3.10/site-packages/airflow/example_dags/subdags/subdag.py
[2023-11-24T10:58:34.500+0800] {processor.py:179} INFO - Processing /home/azfarmustafa/airflow_tutorial/.venv/lib/python3.10/site-packages/airflow/example_dags/subdags/subdag.py took 0.019 seconds
[2023-11-24T10:59:20.791+0800] {processor.py:157} INFO - Started process (PID=60788) to work on /home/azfarmustafa/airflow_tutorial/.venv/lib/python3.10/site-packages/airflow/example_dags/subdags/subdag.py
[2023-11-24T10:59:20.796+0800] {processor.py:829} INFO - Processing file /home/azfarmustafa/airflow_tutorial/.venv/lib/python3.10/site-packages/airflow/example_dags/subdags/subdag.py for tasks to queue
[2023-11-24T10:59:20.797+0800] {logging_mixin.py:154} INFO - [2023-11-24T10:59:20.797+0800] {dagbag.py:536} INFO - Filling up the DagBag from /home/azfarmustafa/airflow_tutorial/.venv/lib/python3.10/site-packages/airflow/example_dags/subdags/subdag.py
[2023-11-24T10:59:20.799+0800] {processor.py:841} WARNING - No viable dags retrieved from /home/azfarmustafa/airflow_tutorial/.venv/lib/python3.10/site-packages/airflow/example_dags/subdags/subdag.py
[2023-11-24T10:59:20.808+0800] {processor.py:179} INFO - Processing /home/azfarmustafa/airflow_tutorial/.venv/lib/python3.10/site-packages/airflow/example_dags/subdags/subdag.py took 0.020 seconds
[2023-11-24T11:00:05.190+0800] {processor.py:157} INFO - Started process (PID=60841) to work on /home/azfarmustafa/airflow_tutorial/.venv/lib/python3.10/site-packages/airflow/example_dags/subdags/subdag.py
[2023-11-24T11:00:05.195+0800] {processor.py:829} INFO - Processing file /home/azfarmustafa/airflow_tutorial/.venv/lib/python3.10/site-packages/airflow/example_dags/subdags/subdag.py for tasks to queue
[2023-11-24T11:00:05.195+0800] {logging_mixin.py:154} INFO - [2023-11-24T11:00:05.195+0800] {dagbag.py:536} INFO - Filling up the DagBag from /home/azfarmustafa/airflow_tutorial/.venv/lib/python3.10/site-packages/airflow/example_dags/subdags/subdag.py
[2023-11-24T11:00:05.197+0800] {processor.py:841} WARNING - No viable dags retrieved from /home/azfarmustafa/airflow_tutorial/.venv/lib/python3.10/site-packages/airflow/example_dags/subdags/subdag.py
[2023-11-24T11:00:05.206+0800] {processor.py:179} INFO - Processing /home/azfarmustafa/airflow_tutorial/.venv/lib/python3.10/site-packages/airflow/example_dags/subdags/subdag.py took 0.018 seconds
[2023-11-24T11:00:48.607+0800] {processor.py:157} INFO - Started process (PID=60887) to work on /home/azfarmustafa/airflow_tutorial/.venv/lib/python3.10/site-packages/airflow/example_dags/subdags/subdag.py
[2023-11-24T11:00:48.612+0800] {processor.py:829} INFO - Processing file /home/azfarmustafa/airflow_tutorial/.venv/lib/python3.10/site-packages/airflow/example_dags/subdags/subdag.py for tasks to queue
[2023-11-24T11:00:48.612+0800] {logging_mixin.py:154} INFO - [2023-11-24T11:00:48.612+0800] {dagbag.py:536} INFO - Filling up the DagBag from /home/azfarmustafa/airflow_tutorial/.venv/lib/python3.10/site-packages/airflow/example_dags/subdags/subdag.py
[2023-11-24T11:00:48.614+0800] {processor.py:841} WARNING - No viable dags retrieved from /home/azfarmustafa/airflow_tutorial/.venv/lib/python3.10/site-packages/airflow/example_dags/subdags/subdag.py
[2023-11-24T11:00:48.623+0800] {processor.py:179} INFO - Processing /home/azfarmustafa/airflow_tutorial/.venv/lib/python3.10/site-packages/airflow/example_dags/subdags/subdag.py took 0.018 seconds
[2023-11-24T11:01:37.566+0800] {processor.py:157} INFO - Started process (PID=60937) to work on /home/azfarmustafa/airflow_tutorial/.venv/lib/python3.10/site-packages/airflow/example_dags/subdags/subdag.py
[2023-11-24T11:01:37.567+0800] {processor.py:829} INFO - Processing file /home/azfarmustafa/airflow_tutorial/.venv/lib/python3.10/site-packages/airflow/example_dags/subdags/subdag.py for tasks to queue
[2023-11-24T11:01:37.568+0800] {logging_mixin.py:154} INFO - [2023-11-24T11:01:37.568+0800] {dagbag.py:536} INFO - Filling up the DagBag from /home/azfarmustafa/airflow_tutorial/.venv/lib/python3.10/site-packages/airflow/example_dags/subdags/subdag.py
[2023-11-24T11:01:37.570+0800] {processor.py:841} WARNING - No viable dags retrieved from /home/azfarmustafa/airflow_tutorial/.venv/lib/python3.10/site-packages/airflow/example_dags/subdags/subdag.py
[2023-11-24T11:01:37.579+0800] {processor.py:179} INFO - Processing /home/azfarmustafa/airflow_tutorial/.venv/lib/python3.10/site-packages/airflow/example_dags/subdags/subdag.py took 0.017 seconds
[2023-11-24T11:02:24.203+0800] {processor.py:157} INFO - Started process (PID=60984) to work on /home/azfarmustafa/airflow_tutorial/.venv/lib/python3.10/site-packages/airflow/example_dags/subdags/subdag.py
[2023-11-24T11:02:24.205+0800] {processor.py:829} INFO - Processing file /home/azfarmustafa/airflow_tutorial/.venv/lib/python3.10/site-packages/airflow/example_dags/subdags/subdag.py for tasks to queue
[2023-11-24T11:02:24.207+0800] {logging_mixin.py:154} INFO - [2023-11-24T11:02:24.206+0800] {dagbag.py:536} INFO - Filling up the DagBag from /home/azfarmustafa/airflow_tutorial/.venv/lib/python3.10/site-packages/airflow/example_dags/subdags/subdag.py
[2023-11-24T11:02:24.209+0800] {processor.py:841} WARNING - No viable dags retrieved from /home/azfarmustafa/airflow_tutorial/.venv/lib/python3.10/site-packages/airflow/example_dags/subdags/subdag.py
[2023-11-24T11:02:24.218+0800] {processor.py:179} INFO - Processing /home/azfarmustafa/airflow_tutorial/.venv/lib/python3.10/site-packages/airflow/example_dags/subdags/subdag.py took 0.018 seconds
[2023-11-24T11:03:09.349+0800] {processor.py:157} INFO - Started process (PID=61033) to work on /home/azfarmustafa/airflow_tutorial/.venv/lib/python3.10/site-packages/airflow/example_dags/subdags/subdag.py
[2023-11-24T11:03:09.351+0800] {processor.py:829} INFO - Processing file /home/azfarmustafa/airflow_tutorial/.venv/lib/python3.10/site-packages/airflow/example_dags/subdags/subdag.py for tasks to queue
[2023-11-24T11:03:09.352+0800] {logging_mixin.py:154} INFO - [2023-11-24T11:03:09.352+0800] {dagbag.py:536} INFO - Filling up the DagBag from /home/azfarmustafa/airflow_tutorial/.venv/lib/python3.10/site-packages/airflow/example_dags/subdags/subdag.py
[2023-11-24T11:03:09.355+0800] {processor.py:841} WARNING - No viable dags retrieved from /home/azfarmustafa/airflow_tutorial/.venv/lib/python3.10/site-packages/airflow/example_dags/subdags/subdag.py
[2023-11-24T11:03:09.369+0800] {processor.py:179} INFO - Processing /home/azfarmustafa/airflow_tutorial/.venv/lib/python3.10/site-packages/airflow/example_dags/subdags/subdag.py took 0.023 seconds
[2023-11-24T11:03:58.456+0800] {processor.py:157} INFO - Started process (PID=61085) to work on /home/azfarmustafa/airflow_tutorial/.venv/lib/python3.10/site-packages/airflow/example_dags/subdags/subdag.py
[2023-11-24T11:03:58.460+0800] {processor.py:829} INFO - Processing file /home/azfarmustafa/airflow_tutorial/.venv/lib/python3.10/site-packages/airflow/example_dags/subdags/subdag.py for tasks to queue
[2023-11-24T11:03:58.461+0800] {logging_mixin.py:154} INFO - [2023-11-24T11:03:58.461+0800] {dagbag.py:536} INFO - Filling up the DagBag from /home/azfarmustafa/airflow_tutorial/.venv/lib/python3.10/site-packages/airflow/example_dags/subdags/subdag.py
[2023-11-24T11:03:58.463+0800] {processor.py:841} WARNING - No viable dags retrieved from /home/azfarmustafa/airflow_tutorial/.venv/lib/python3.10/site-packages/airflow/example_dags/subdags/subdag.py
[2023-11-24T11:03:58.472+0800] {processor.py:179} INFO - Processing /home/azfarmustafa/airflow_tutorial/.venv/lib/python3.10/site-packages/airflow/example_dags/subdags/subdag.py took 0.019 seconds
[2023-11-24T11:04:46.194+0800] {processor.py:157} INFO - Started process (PID=61135) to work on /home/azfarmustafa/airflow_tutorial/.venv/lib/python3.10/site-packages/airflow/example_dags/subdags/subdag.py
[2023-11-24T11:04:46.197+0800] {processor.py:829} INFO - Processing file /home/azfarmustafa/airflow_tutorial/.venv/lib/python3.10/site-packages/airflow/example_dags/subdags/subdag.py for tasks to queue
[2023-11-24T11:04:46.200+0800] {logging_mixin.py:154} INFO - [2023-11-24T11:04:46.198+0800] {dagbag.py:536} INFO - Filling up the DagBag from /home/azfarmustafa/airflow_tutorial/.venv/lib/python3.10/site-packages/airflow/example_dags/subdags/subdag.py
[2023-11-24T11:04:46.205+0800] {processor.py:841} WARNING - No viable dags retrieved from /home/azfarmustafa/airflow_tutorial/.venv/lib/python3.10/site-packages/airflow/example_dags/subdags/subdag.py
[2023-11-24T11:04:46.227+0800] {processor.py:179} INFO - Processing /home/azfarmustafa/airflow_tutorial/.venv/lib/python3.10/site-packages/airflow/example_dags/subdags/subdag.py took 0.041 seconds
