[2023-12-04T11:28:36.163+0800] {taskinstance.py:1159} INFO - Dependencies all met for dep_context=non-requeueable deps ti=<TaskInstance: fantasy_premier_league.upload_to_blob manual__2023-12-04T03:28:15.853663+00:00 [queued]>
[2023-12-04T11:28:36.176+0800] {taskinstance.py:1159} INFO - Dependencies all met for dep_context=requeueable deps ti=<TaskInstance: fantasy_premier_league.upload_to_blob manual__2023-12-04T03:28:15.853663+00:00 [queued]>
[2023-12-04T11:28:36.176+0800] {taskinstance.py:1361} INFO - Starting attempt 1 of 1
[2023-12-04T11:28:36.208+0800] {taskinstance.py:1382} INFO - Executing <Task(PythonOperator): upload_to_blob> on 2023-12-04 03:28:15.853663+00:00
[2023-12-04T11:28:36.214+0800] {standard_task_runner.py:57} INFO - Started process 15539 to run task
[2023-12-04T11:28:36.218+0800] {standard_task_runner.py:84} INFO - Running: ['airflow', 'tasks', 'run', 'fantasy_premier_league', 'upload_to_blob', 'manual__2023-12-04T03:28:15.853663+00:00', '--job-id', '121', '--raw', '--subdir', 'DAGS_FOLDER/fantasy_premier_league_dag.py', '--cfg-path', '/tmp/tmpjpu2jn9j']
[2023-12-04T11:28:36.222+0800] {standard_task_runner.py:85} INFO - Job 121: Subtask upload_to_blob
[2023-12-04T11:28:36.334+0800] {task_command.py:416} INFO - Running <TaskInstance: fantasy_premier_league.upload_to_blob manual__2023-12-04T03:28:15.853663+00:00 [running]> on host azfartitu.
[2023-12-04T11:28:36.491+0800] {taskinstance.py:1662} INFO - Exporting env vars: AIRFLOW_CTX_DAG_OWNER='airflow' AIRFLOW_CTX_DAG_ID='fantasy_premier_league' AIRFLOW_CTX_TASK_ID='upload_to_blob' AIRFLOW_CTX_EXECUTION_DATE='2023-12-04T03:28:15.853663+00:00' AIRFLOW_CTX_TRY_NUMBER='1' AIRFLOW_CTX_DAG_RUN_ID='manual__2023-12-04T03:28:15.853663+00:00'
[2023-12-04T11:28:36.687+0800] {logging_mixin.py:154} INFO - Temporary file created: /tmp/tmpz2hbl3xf
[2023-12-04T11:28:36.698+0800] {base.py:73} INFO - Using connection ID 'azure_blob_conn_id' for task execution.
[2023-12-04T11:28:38.163+0800] {base.py:73} INFO - Using connection ID 'azure_blob_conn_id' for task execution.
[2023-12-04T11:28:39.423+0800] {logging_mixin.py:154} INFO - Temporary file removed: /tmp/tmpz2hbl3xf
[2023-12-04T11:28:39.423+0800] {fantasy_premier_league_dag.py:83} INFO - File uploaded to Azure Blob Storage: bronze/events_metadata_04122023.json
[2023-12-04T11:28:39.426+0800] {logging_mixin.py:154} INFO - Temporary file created: /tmp/tmpcvq1em29
[2023-12-04T11:28:39.429+0800] {base.py:73} INFO - Using connection ID 'azure_blob_conn_id' for task execution.
[2023-12-04T11:28:39.435+0800] {base.py:73} INFO - Using connection ID 'azure_blob_conn_id' for task execution.
[2023-12-04T11:28:40.379+0800] {logging_mixin.py:154} INFO - Temporary file removed: /tmp/tmpcvq1em29
[2023-12-04T11:28:40.379+0800] {fantasy_premier_league_dag.py:83} INFO - File uploaded to Azure Blob Storage: bronze/teams_metadata_04122023.json
[2023-12-04T11:28:41.484+0800] {logging_mixin.py:154} INFO - Temporary file created: /tmp/tmp8x690dio
[2023-12-04T11:28:41.490+0800] {base.py:73} INFO - Using connection ID 'azure_blob_conn_id' for task execution.
[2023-12-04T11:28:41.497+0800] {base.py:73} INFO - Using connection ID 'azure_blob_conn_id' for task execution.
[2023-12-04T11:28:43.828+0800] {logging_mixin.py:154} INFO - Temporary file removed: /tmp/tmp8x690dio
[2023-12-04T11:28:43.828+0800] {fantasy_premier_league_dag.py:83} INFO - File uploaded to Azure Blob Storage: bronze/player_metadata_04122023.json
[2023-12-04T11:28:43.830+0800] {logging_mixin.py:154} INFO - Temporary file created: /tmp/tmpsd5v20ok
[2023-12-04T11:28:43.835+0800] {base.py:73} INFO - Using connection ID 'azure_blob_conn_id' for task execution.
[2023-12-04T11:28:43.843+0800] {base.py:73} INFO - Using connection ID 'azure_blob_conn_id' for task execution.
[2023-12-04T11:28:44.759+0800] {logging_mixin.py:154} INFO - Temporary file removed: /tmp/tmpsd5v20ok
[2023-12-04T11:28:44.760+0800] {fantasy_premier_league_dag.py:83} INFO - File uploaded to Azure Blob Storage: bronze/position_metadata_04122023.json
[2023-12-04T11:28:44.763+0800] {python.py:194} INFO - Done. Returned value was: None
[2023-12-04T11:28:44.772+0800] {taskinstance.py:1400} INFO - Marking task as SUCCESS. dag_id=fantasy_premier_league, task_id=upload_to_blob, execution_date=20231204T032815, start_date=20231204T032836, end_date=20231204T032844
[2023-12-04T11:28:44.835+0800] {local_task_job_runner.py:228} INFO - Task exited with return code 0
[2023-12-04T11:28:44.873+0800] {taskinstance.py:2778} INFO - 1 downstream tasks scheduled from follow-on schedule check
