[2023-12-01T08:17:35.485+0800] {taskinstance.py:1159} INFO - Dependencies all met for dep_context=non-requeueable deps ti=<TaskInstance: fantasy_premier_league.move_file_into_archive_folder scheduled__2023-11-30T00:12:48.395122+00:00 [queued]>
[2023-12-01T08:17:35.494+0800] {taskinstance.py:1159} INFO - Dependencies all met for dep_context=requeueable deps ti=<TaskInstance: fantasy_premier_league.move_file_into_archive_folder scheduled__2023-11-30T00:12:48.395122+00:00 [queued]>
[2023-12-01T08:17:35.494+0800] {taskinstance.py:1361} INFO - Starting attempt 1 of 1
[2023-12-01T08:17:35.514+0800] {taskinstance.py:1382} INFO - Executing <Task(PythonOperator): move_file_into_archive_folder> on 2023-11-30 00:12:48.395122+00:00
[2023-12-01T08:17:35.516+0800] {standard_task_runner.py:57} INFO - Started process 50519 to run task
[2023-12-01T08:17:35.520+0800] {standard_task_runner.py:84} INFO - Running: ['airflow', 'tasks', 'run', 'fantasy_premier_league', 'move_file_into_archive_folder', 'scheduled__2023-11-30T00:12:48.395122+00:00', '--job-id', '99', '--raw', '--subdir', 'DAGS_FOLDER/fantasy_premier_league_dag.py', '--cfg-path', '/tmp/tmp4z6hqhf1']
[2023-12-01T08:17:35.523+0800] {standard_task_runner.py:85} INFO - Job 99: Subtask move_file_into_archive_folder
[2023-12-01T08:17:35.565+0800] {task_command.py:416} INFO - Running <TaskInstance: fantasy_premier_league.move_file_into_archive_folder scheduled__2023-11-30T00:12:48.395122+00:00 [running]> on host azfartitu.
[2023-12-01T08:17:35.637+0800] {taskinstance.py:1662} INFO - Exporting env vars: AIRFLOW_CTX_DAG_OWNER='airflow' AIRFLOW_CTX_DAG_ID='fantasy_premier_league' AIRFLOW_CTX_TASK_ID='move_file_into_archive_folder' AIRFLOW_CTX_EXECUTION_DATE='2023-11-30T00:12:48.395122+00:00' AIRFLOW_CTX_TRY_NUMBER='1' AIRFLOW_CTX_DAG_RUN_ID='scheduled__2023-11-30T00:12:48.395122+00:00'
[2023-12-01T08:17:35.645+0800] {logging_mixin.py:154} INFO - 01122023
[2023-12-01T08:17:35.651+0800] {base.py:73} INFO - Using connection ID 'azure_blob_conn_id' for task execution.
[2023-12-01T08:17:36.652+0800] {base.py:73} INFO - Using connection ID 'azure_blob_conn_id' for task execution.
[2023-12-01T08:17:40.756+0800] {logging_mixin.py:154} INFO - File is downloaded at /tmp/tmpvr2qia9f
[2023-12-01T08:17:43.453+0800] {logging_mixin.py:154} INFO - File is copied to archive
[2023-12-01T08:17:43.462+0800] {base.py:73} INFO - Using connection ID 'azure_blob_conn_id' for task execution.
[2023-12-01T08:17:44.482+0800] {logging_mixin.py:154} INFO - File is downloaded at /tmp/tmptm65jpco
[2023-12-01T08:17:44.873+0800] {logging_mixin.py:154} INFO - File is copied to archive
[2023-12-01T08:17:44.883+0800] {base.py:73} INFO - Using connection ID 'azure_blob_conn_id' for task execution.
[2023-12-01T08:17:47.429+0800] {logging_mixin.py:154} INFO - File is downloaded at /tmp/tmpu6bv6jrp
[2023-12-01T08:17:49.003+0800] {logging_mixin.py:154} INFO - File is copied to archive
[2023-12-01T08:17:49.008+0800] {base.py:73} INFO - Using connection ID 'azure_blob_conn_id' for task execution.
[2023-12-01T08:17:49.836+0800] {logging_mixin.py:154} INFO - File is downloaded at /tmp/tmpon97ew1j
[2023-12-01T08:17:50.060+0800] {logging_mixin.py:154} INFO - File is copied to archive
[2023-12-01T08:17:50.068+0800] {base.py:73} INFO - Using connection ID 'azure_blob_conn_id' for task execution.
[2023-12-01T08:17:50.909+0800] {logging_mixin.py:154} INFO - File is downloaded at /tmp/tmptj_2pk1x
[2023-12-01T08:17:51.146+0800] {logging_mixin.py:154} INFO - File is copied to archive
[2023-12-01T08:17:51.148+0800] {python.py:194} INFO - Done. Returned value was: None
[2023-12-01T08:17:51.156+0800] {taskinstance.py:1400} INFO - Marking task as SUCCESS. dag_id=fantasy_premier_league, task_id=move_file_into_archive_folder, execution_date=20231130T001248, start_date=20231201T001735, end_date=20231201T001751
[2023-12-01T08:17:51.199+0800] {local_task_job_runner.py:228} INFO - Task exited with return code 0
[2023-12-01T08:17:51.215+0800] {taskinstance.py:2778} INFO - 1 downstream tasks scheduled from follow-on schedule check
