[2023-12-01T08:17:54.380+0800] {taskinstance.py:1159} INFO - Dependencies all met for dep_context=non-requeueable deps ti=<TaskInstance: fantasy_premier_league.delete_file_in_actual_folder scheduled__2023-11-30T00:12:48.395122+00:00 [queued]>
[2023-12-01T08:17:54.390+0800] {taskinstance.py:1159} INFO - Dependencies all met for dep_context=requeueable deps ti=<TaskInstance: fantasy_premier_league.delete_file_in_actual_folder scheduled__2023-11-30T00:12:48.395122+00:00 [queued]>
[2023-12-01T08:17:54.390+0800] {taskinstance.py:1361} INFO - Starting attempt 1 of 1
[2023-12-01T08:17:54.414+0800] {taskinstance.py:1382} INFO - Executing <Task(PythonOperator): delete_file_in_actual_folder> on 2023-11-30 00:12:48.395122+00:00
[2023-12-01T08:17:54.417+0800] {standard_task_runner.py:57} INFO - Started process 50537 to run task
[2023-12-01T08:17:54.421+0800] {standard_task_runner.py:84} INFO - Running: ['airflow', 'tasks', 'run', 'fantasy_premier_league', 'delete_file_in_actual_folder', 'scheduled__2023-11-30T00:12:48.395122+00:00', '--job-id', '100', '--raw', '--subdir', 'DAGS_FOLDER/fantasy_premier_league_dag.py', '--cfg-path', '/tmp/tmpadgx7vpl']
[2023-12-01T08:17:54.424+0800] {standard_task_runner.py:85} INFO - Job 100: Subtask delete_file_in_actual_folder
[2023-12-01T08:17:54.475+0800] {task_command.py:416} INFO - Running <TaskInstance: fantasy_premier_league.delete_file_in_actual_folder scheduled__2023-11-30T00:12:48.395122+00:00 [running]> on host azfartitu.
[2023-12-01T08:17:54.581+0800] {taskinstance.py:1662} INFO - Exporting env vars: AIRFLOW_CTX_DAG_OWNER='airflow' AIRFLOW_CTX_DAG_ID='fantasy_premier_league' AIRFLOW_CTX_TASK_ID='delete_file_in_actual_folder' AIRFLOW_CTX_EXECUTION_DATE='2023-11-30T00:12:48.395122+00:00' AIRFLOW_CTX_TRY_NUMBER='1' AIRFLOW_CTX_DAG_RUN_ID='scheduled__2023-11-30T00:12:48.395122+00:00'
[2023-12-01T08:17:54.603+0800] {base.py:73} INFO - Using connection ID 'azure_blob_conn_id' for task execution.
[2023-12-01T08:17:55.630+0800] {logging_mixin.py:154} INFO - Client is created
[2023-12-01T08:17:55.633+0800] {base.py:73} INFO - Using connection ID 'azure_blob_conn_id' for task execution.
[2023-12-01T08:17:56.578+0800] {logging_mixin.py:154} INFO - Folder 'current_season_history/01122023' deleted successfully.
[2023-12-01T08:17:56.582+0800] {logging_mixin.py:154} INFO - Client is created
[2023-12-01T08:17:56.589+0800] {base.py:73} INFO - Using connection ID 'azure_blob_conn_id' for task execution.
[2023-12-01T08:17:57.506+0800] {logging_mixin.py:154} INFO - Folder 'events_metadata/01122023' deleted successfully.
[2023-12-01T08:17:57.508+0800] {logging_mixin.py:154} INFO - Client is created
[2023-12-01T08:17:57.511+0800] {base.py:73} INFO - Using connection ID 'azure_blob_conn_id' for task execution.
[2023-12-01T08:17:58.378+0800] {logging_mixin.py:154} INFO - Folder 'player_metadata/01122023' deleted successfully.
[2023-12-01T08:17:58.380+0800] {logging_mixin.py:154} INFO - Client is created
[2023-12-01T08:17:58.384+0800] {base.py:73} INFO - Using connection ID 'azure_blob_conn_id' for task execution.
[2023-12-01T08:17:59.289+0800] {logging_mixin.py:154} INFO - Folder 'position_metadata/01122023' deleted successfully.
[2023-12-01T08:17:59.292+0800] {logging_mixin.py:154} INFO - Client is created
[2023-12-01T08:17:59.296+0800] {base.py:73} INFO - Using connection ID 'azure_blob_conn_id' for task execution.
[2023-12-01T08:18:00.189+0800] {logging_mixin.py:154} INFO - Folder 'teams_metadata/01122023' deleted successfully.
[2023-12-01T08:18:00.193+0800] {python.py:194} INFO - Done. Returned value was: None
[2023-12-01T08:18:00.199+0800] {taskinstance.py:1400} INFO - Marking task as SUCCESS. dag_id=fantasy_premier_league, task_id=delete_file_in_actual_folder, execution_date=20231130T001248, start_date=20231201T001754, end_date=20231201T001800
[2023-12-01T08:18:00.256+0800] {local_task_job_runner.py:228} INFO - Task exited with return code 0
[2023-12-01T08:18:00.271+0800] {taskinstance.py:2778} INFO - 0 downstream tasks scheduled from follow-on schedule check
