[2023-11-30T07:53:43.420+0800] {taskinstance.py:1159} INFO - Dependencies all met for dep_context=non-requeueable deps ti=<TaskInstance: fantasy_premier_league_debug.delete_file_in_actual_folder manual__2023-11-29T23:53:16.685608+00:00 [queued]>
[2023-11-30T07:53:43.431+0800] {taskinstance.py:1159} INFO - Dependencies all met for dep_context=requeueable deps ti=<TaskInstance: fantasy_premier_league_debug.delete_file_in_actual_folder manual__2023-11-29T23:53:16.685608+00:00 [queued]>
[2023-11-30T07:53:43.431+0800] {taskinstance.py:1361} INFO - Starting attempt 1 of 1
[2023-11-30T07:53:43.505+0800] {taskinstance.py:1382} INFO - Executing <Task(PythonOperator): delete_file_in_actual_folder> on 2023-11-29 23:53:16.685608+00:00
[2023-11-30T07:53:43.510+0800] {standard_task_runner.py:57} INFO - Started process 30519 to run task
[2023-11-30T07:53:43.516+0800] {standard_task_runner.py:84} INFO - Running: ['airflow', 'tasks', 'run', 'fantasy_premier_league_debug', 'delete_file_in_actual_folder', 'manual__2023-11-29T23:53:16.685608+00:00', '--job-id', '62', '--raw', '--subdir', 'DAGS_FOLDER/azfar_dag.py', '--cfg-path', '/tmp/tmpyqvvuqdl']
[2023-11-30T07:53:43.518+0800] {standard_task_runner.py:85} INFO - Job 62: Subtask delete_file_in_actual_folder
[2023-11-30T07:53:44.011+0800] {task_command.py:416} INFO - Running <TaskInstance: fantasy_premier_league_debug.delete_file_in_actual_folder manual__2023-11-29T23:53:16.685608+00:00 [running]> on host azfartitu.
[2023-11-30T07:53:44.257+0800] {taskinstance.py:1662} INFO - Exporting env vars: AIRFLOW_CTX_DAG_OWNER='airflow' AIRFLOW_CTX_DAG_ID='fantasy_premier_league_debug' AIRFLOW_CTX_TASK_ID='delete_file_in_actual_folder' AIRFLOW_CTX_EXECUTION_DATE='2023-11-29T23:53:16.685608+00:00' AIRFLOW_CTX_TRY_NUMBER='1' AIRFLOW_CTX_DAG_RUN_ID='manual__2023-11-29T23:53:16.685608+00:00'
[2023-11-30T07:53:44.272+0800] {base.py:73} INFO - Using connection ID 'azure_blob_conn_id' for task execution.
[2023-11-30T07:53:45.007+0800] {base.py:73} INFO - Using connection ID 'azure_blob_conn_id' for task execution.
[2023-11-30T07:53:46.118+0800] {wasb.py:504} INFO - Deleted blobs: ('current_season_history/28112023/current_season_history_28112023.json',)
[2023-11-30T07:53:46.119+0800] {logging_mixin.py:154} INFO - File is deleted
[2023-11-30T07:53:46.125+0800] {data_lake.py:399} INFO - Error while attempting to get file system 'bronze': The conn_id `DefaultEndpointsProtocol=https;AccountName=azfarsadev;AccountKey=sFyIWPRQZbFGnp30v1X40G3rFjqvzvAiEVU+/4AP4LNrkN25mlsVv+ha1VWJGLGUZIv53G0oUyjR+AStSV29wg==;EndpointSuffix=core.windows.net` isn't defined
[2023-11-30T07:53:46.125+0800] {data_lake.py:433} INFO - The conn_id `DefaultEndpointsProtocol=https;AccountName=azfarsadev;AccountKey=sFyIWPRQZbFGnp30v1X40G3rFjqvzvAiEVU+/4AP4LNrkN25mlsVv+ha1VWJGLGUZIv53G0oUyjR+AStSV29wg==;EndpointSuffix=core.windows.net` isn't defined
[2023-11-30T07:53:46.134+0800] {taskinstance.py:1937} ERROR - Task failed with exception
Traceback (most recent call last):
  File "/home/azfarmustafa/airflow_tutorial/.venv/lib/python3.10/site-packages/airflow/operators/python.py", line 192, in execute
    return_value = self.execute_callable()
  File "/home/azfarmustafa/airflow_tutorial/.venv/lib/python3.10/site-packages/airflow/operators/python.py", line 209, in execute_callable
    return self.python_callable(*self.op_args, **self.op_kwargs)
  File "/home/azfarmustafa/airflow_tutorial/dags/azfar_dag.py", line 81, in delete_file_in_actual_folder
    adls_hook.delete_directory(file_system_name, directory_to_delete)
  File "/home/azfarmustafa/airflow_tutorial/.venv/lib/python3.10/site-packages/airflow/providers/microsoft/azure/hooks/data_lake.py", line 539, in delete_directory
    directory_client = self.get_directory_client(file_system_name, directory_name)
  File "/home/azfarmustafa/airflow_tutorial/.venv/lib/python3.10/site-packages/airflow/providers/microsoft/azure/hooks/data_lake.py", line 425, in get_directory_client
    directory_client = self.get_file_system(file_system_name).get_directory_client(directory_name)
  File "/home/azfarmustafa/airflow_tutorial/.venv/lib/python3.10/site-packages/airflow/providers/microsoft/azure/hooks/data_lake.py", line 393, in get_file_system
    file_system_client = self.service_client.get_file_system_client(file_system=file_system)
  File "/usr/lib/python3.10/functools.py", line 981, in __get__
    val = self.func(instance)
  File "/home/azfarmustafa/airflow_tutorial/.venv/lib/python3.10/site-packages/airflow/providers/microsoft/azure/hooks/data_lake.py", line 333, in service_client
    return self.get_conn()
  File "/home/azfarmustafa/airflow_tutorial/.venv/lib/python3.10/site-packages/airflow/providers/microsoft/azure/hooks/data_lake.py", line 337, in get_conn
    conn = self.get_connection(self.conn_id)
  File "/home/azfarmustafa/airflow_tutorial/.venv/lib/python3.10/site-packages/airflow/hooks/base.py", line 72, in get_connection
    conn = Connection.get_connection_from_secrets(conn_id)
  File "/home/azfarmustafa/airflow_tutorial/.venv/lib/python3.10/site-packages/airflow/models/connection.py", line 477, in get_connection_from_secrets
    raise AirflowNotFoundException(f"The conn_id `{conn_id}` isn't defined")
airflow.exceptions.AirflowNotFoundException: The conn_id `DefaultEndpointsProtocol=https;AccountName=azfarsadev;AccountKey=sFyIWPRQZbFGnp30v1X40G3rFjqvzvAiEVU+/4AP4LNrkN25mlsVv+ha1VWJGLGUZIv53G0oUyjR+AStSV29wg==;EndpointSuffix=core.windows.net` isn't defined
[2023-11-30T07:53:46.141+0800] {taskinstance.py:1400} INFO - Marking task as FAILED. dag_id=fantasy_premier_league_debug, task_id=delete_file_in_actual_folder, execution_date=20231129T235316, start_date=20231129T235343, end_date=20231129T235346
[2023-11-30T07:53:46.165+0800] {standard_task_runner.py:104} ERROR - Failed to execute job 62 for task delete_file_in_actual_folder (The conn_id `DefaultEndpointsProtocol=https;AccountName=azfarsadev;AccountKey=sFyIWPRQZbFGnp30v1X40G3rFjqvzvAiEVU+/4AP4LNrkN25mlsVv+ha1VWJGLGUZIv53G0oUyjR+AStSV29wg==;EndpointSuffix=core.windows.net` isn't defined; 30519)
[2023-11-30T07:53:46.183+0800] {local_task_job_runner.py:228} INFO - Task exited with return code 1
[2023-11-30T07:53:46.198+0800] {taskinstance.py:2778} INFO - 0 downstream tasks scheduled from follow-on schedule check
