[2023-12-22T16:25:35.304+0800] {taskinstance.py:1159} INFO - Dependencies all met for dep_context=non-requeueable deps ti=<TaskInstance: fantasy_premier_league.upload_to_blob scheduled__2023-12-21T08:25:26.717901+00:00 [queued]>
[2023-12-22T16:25:35.312+0800] {taskinstance.py:1159} INFO - Dependencies all met for dep_context=requeueable deps ti=<TaskInstance: fantasy_premier_league.upload_to_blob scheduled__2023-12-21T08:25:26.717901+00:00 [queued]>
[2023-12-22T16:25:35.312+0800] {taskinstance.py:1361} INFO - Starting attempt 1 of 1
[2023-12-22T16:25:35.332+0800] {taskinstance.py:1382} INFO - Executing <Task(PythonOperator): upload_to_blob> on 2023-12-21 08:25:26.717901+00:00
[2023-12-22T16:25:35.334+0800] {standard_task_runner.py:57} INFO - Started process 110314 to run task
[2023-12-22T16:25:35.339+0800] {standard_task_runner.py:84} INFO - Running: ['airflow', 'tasks', 'run', 'fantasy_premier_league', 'upload_to_blob', 'scheduled__2023-12-21T08:25:26.717901+00:00', '--job-id', '230', '--raw', '--subdir', 'DAGS_FOLDER/fantasy_premier_league_dag.py', '--cfg-path', '/tmp/tmp82grtl4w']
[2023-12-22T16:25:35.341+0800] {standard_task_runner.py:85} INFO - Job 230: Subtask upload_to_blob
[2023-12-22T16:25:35.379+0800] {task_command.py:416} INFO - Running <TaskInstance: fantasy_premier_league.upload_to_blob scheduled__2023-12-21T08:25:26.717901+00:00 [running]> on host azfartitu.
[2023-12-22T16:25:35.448+0800] {taskinstance.py:1662} INFO - Exporting env vars: AIRFLOW_CTX_DAG_OWNER='airflow' AIRFLOW_CTX_DAG_ID='fantasy_premier_league' AIRFLOW_CTX_TASK_ID='upload_to_blob' AIRFLOW_CTX_EXECUTION_DATE='2023-12-21T08:25:26.717901+00:00' AIRFLOW_CTX_TRY_NUMBER='1' AIRFLOW_CTX_DAG_RUN_ID='scheduled__2023-12-21T08:25:26.717901+00:00'
[2023-12-22T16:25:35.537+0800] {logging_mixin.py:154} INFO - Temporary file created: /tmp/tmp7tht5nhw
[2023-12-22T16:25:35.543+0800] {base.py:73} INFO - Using connection ID 'azure_blob_conn_id' for task execution.
[2023-12-22T16:25:35.940+0800] {base.py:73} INFO - Using connection ID 'azure_blob_conn_id' for task execution.
[2023-12-22T16:25:36.962+0800] {logging_mixin.py:154} INFO - Temporary file removed: /tmp/tmp7tht5nhw
[2023-12-22T16:25:36.963+0800] {fantasy_premier_league_dag.py:83} INFO - File uploaded to Azure Blob Storage: bronze/events_metadata_22122023.json
[2023-12-22T16:25:36.964+0800] {logging_mixin.py:154} INFO - Temporary file created: /tmp/tmp6pcyyegb
[2023-12-22T16:25:36.967+0800] {base.py:73} INFO - Using connection ID 'azure_blob_conn_id' for task execution.
[2023-12-22T16:25:36.971+0800] {base.py:73} INFO - Using connection ID 'azure_blob_conn_id' for task execution.
[2023-12-22T16:25:37.794+0800] {logging_mixin.py:154} INFO - Temporary file removed: /tmp/tmp6pcyyegb
[2023-12-22T16:25:37.794+0800] {fantasy_premier_league_dag.py:83} INFO - File uploaded to Azure Blob Storage: bronze/teams_metadata_22122023.json
[2023-12-22T16:25:37.957+0800] {logging_mixin.py:154} INFO - Temporary file created: /tmp/tmpbj5vzll6
[2023-12-22T16:25:37.960+0800] {base.py:73} INFO - Using connection ID 'azure_blob_conn_id' for task execution.
[2023-12-22T16:25:37.964+0800] {base.py:73} INFO - Using connection ID 'azure_blob_conn_id' for task execution.
[2023-12-22T16:25:40.125+0800] {logging_mixin.py:154} INFO - Temporary file removed: /tmp/tmpbj5vzll6
[2023-12-22T16:25:40.125+0800] {fantasy_premier_league_dag.py:83} INFO - File uploaded to Azure Blob Storage: bronze/player_metadata_22122023.json
[2023-12-22T16:25:40.126+0800] {logging_mixin.py:154} INFO - Temporary file created: /tmp/tmp2oq2thsp
[2023-12-22T16:25:40.128+0800] {base.py:73} INFO - Using connection ID 'azure_blob_conn_id' for task execution.
[2023-12-22T16:25:40.133+0800] {base.py:73} INFO - Using connection ID 'azure_blob_conn_id' for task execution.
[2023-12-22T16:25:40.967+0800] {logging_mixin.py:154} INFO - Temporary file removed: /tmp/tmp2oq2thsp
[2023-12-22T16:25:40.967+0800] {fantasy_premier_league_dag.py:83} INFO - File uploaded to Azure Blob Storage: bronze/position_metadata_22122023.json
[2023-12-22T16:25:40.972+0800] {python.py:194} INFO - Done. Returned value was: None
[2023-12-22T16:25:40.981+0800] {taskinstance.py:1400} INFO - Marking task as SUCCESS. dag_id=fantasy_premier_league, task_id=upload_to_blob, execution_date=20231221T082526, start_date=20231222T082535, end_date=20231222T082540
[2023-12-22T16:25:41.046+0800] {local_task_job_runner.py:228} INFO - Task exited with return code 0
[2023-12-22T16:25:41.074+0800] {taskinstance.py:2778} INFO - 1 downstream tasks scheduled from follow-on schedule check
