[2023-11-30T23:25:49.976+0800] {taskinstance.py:1159} INFO - Dependencies all met for dep_context=non-requeueable deps ti=<TaskInstance: fantasy_premier_league_debug.delete_file_in_actual_folder manual__2023-11-30T15:25:03.930874+00:00 [queued]>
[2023-11-30T23:25:49.987+0800] {taskinstance.py:1159} INFO - Dependencies all met for dep_context=requeueable deps ti=<TaskInstance: fantasy_premier_league_debug.delete_file_in_actual_folder manual__2023-11-30T15:25:03.930874+00:00 [queued]>
[2023-11-30T23:25:49.987+0800] {taskinstance.py:1361} INFO - Starting attempt 1 of 1
[2023-11-30T23:25:50.008+0800] {taskinstance.py:1382} INFO - Executing <Task(PythonOperator): delete_file_in_actual_folder> on 2023-11-30 15:25:03.930874+00:00
[2023-11-30T23:25:50.011+0800] {standard_task_runner.py:57} INFO - Started process 49835 to run task
[2023-11-30T23:25:50.016+0800] {standard_task_runner.py:84} INFO - Running: ['airflow', 'tasks', 'run', 'fantasy_premier_league_debug', 'delete_file_in_actual_folder', 'manual__2023-11-30T15:25:03.930874+00:00', '--job-id', '90', '--raw', '--subdir', 'DAGS_FOLDER/azfar_dag.py', '--cfg-path', '/tmp/tmpbj2zi5fr']
[2023-11-30T23:25:50.017+0800] {standard_task_runner.py:85} INFO - Job 90: Subtask delete_file_in_actual_folder
[2023-11-30T23:25:50.054+0800] {task_command.py:416} INFO - Running <TaskInstance: fantasy_premier_league_debug.delete_file_in_actual_folder manual__2023-11-30T15:25:03.930874+00:00 [running]> on host azfartitu.
[2023-11-30T23:25:50.167+0800] {taskinstance.py:1662} INFO - Exporting env vars: AIRFLOW_CTX_DAG_OWNER='airflow' AIRFLOW_CTX_DAG_ID='fantasy_premier_league_debug' AIRFLOW_CTX_TASK_ID='delete_file_in_actual_folder' AIRFLOW_CTX_EXECUTION_DATE='2023-11-30T15:25:03.930874+00:00' AIRFLOW_CTX_TRY_NUMBER='1' AIRFLOW_CTX_DAG_RUN_ID='manual__2023-11-30T15:25:03.930874+00:00'
[2023-11-30T23:25:50.196+0800] {base.py:73} INFO - Using connection ID 'azure_blob_conn_id' for task execution.
[2023-11-30T23:25:51.206+0800] {logging_mixin.py:154} INFO - Client is created
[2023-11-30T23:25:51.209+0800] {base.py:73} INFO - Using connection ID 'azure_blob_conn_id' for task execution.
[2023-11-30T23:25:52.129+0800] {logging_mixin.py:154} INFO - Folder 'current_season_history/24112023' deleted successfully.
[2023-11-30T23:25:52.132+0800] {logging_mixin.py:154} INFO - Client is created
[2023-11-30T23:25:52.136+0800] {base.py:73} INFO - Using connection ID 'azure_blob_conn_id' for task execution.
[2023-11-30T23:25:53.022+0800] {logging_mixin.py:154} INFO - Folder 'events_metadata/24112023' deleted successfully.
[2023-11-30T23:25:53.023+0800] {logging_mixin.py:154} INFO - Client is created
[2023-11-30T23:25:53.027+0800] {base.py:73} INFO - Using connection ID 'azure_blob_conn_id' for task execution.
[2023-11-30T23:25:53.892+0800] {logging_mixin.py:154} INFO - Folder 'player_metadata/24112023' deleted successfully.
[2023-11-30T23:25:53.895+0800] {logging_mixin.py:154} INFO - Client is created
[2023-11-30T23:25:53.899+0800] {base.py:73} INFO - Using connection ID 'azure_blob_conn_id' for task execution.
[2023-11-30T23:25:54.771+0800] {logging_mixin.py:154} INFO - Folder 'position_metadata/24112023' deleted successfully.
[2023-11-30T23:25:54.774+0800] {logging_mixin.py:154} INFO - Client is created
[2023-11-30T23:25:54.781+0800] {base.py:73} INFO - Using connection ID 'azure_blob_conn_id' for task execution.
[2023-11-30T23:25:55.703+0800] {logging_mixin.py:154} INFO - Folder 'teams_metadata/24112023' deleted successfully.
[2023-11-30T23:25:55.707+0800] {python.py:194} INFO - Done. Returned value was: None
[2023-11-30T23:25:55.722+0800] {taskinstance.py:1400} INFO - Marking task as SUCCESS. dag_id=fantasy_premier_league_debug, task_id=delete_file_in_actual_folder, execution_date=20231130T152503, start_date=20231130T152549, end_date=20231130T152555
[2023-11-30T23:25:55.816+0800] {local_task_job_runner.py:228} INFO - Task exited with return code 0
[2023-11-30T23:25:55.831+0800] {taskinstance.py:2778} INFO - 0 downstream tasks scheduled from follow-on schedule check
