[2023-12-04T11:24:30.838+0800] {taskinstance.py:1159} INFO - Dependencies all met for dep_context=non-requeueable deps ti=<TaskInstance: fantasy_premier_league.delete_file_in_actual_folder scheduled__2023-12-01T00:12:48.395122+00:00 [queued]>
[2023-12-04T11:24:30.854+0800] {taskinstance.py:1159} INFO - Dependencies all met for dep_context=requeueable deps ti=<TaskInstance: fantasy_premier_league.delete_file_in_actual_folder scheduled__2023-12-01T00:12:48.395122+00:00 [queued]>
[2023-12-04T11:24:30.854+0800] {taskinstance.py:1361} INFO - Starting attempt 1 of 1
[2023-12-04T11:24:30.904+0800] {taskinstance.py:1382} INFO - Executing <Task(PythonOperator): delete_file_in_actual_folder> on 2023-12-01 00:12:48.395122+00:00
[2023-12-04T11:24:30.910+0800] {standard_task_runner.py:57} INFO - Started process 14615 to run task
[2023-12-04T11:24:30.916+0800] {standard_task_runner.py:84} INFO - Running: ['airflow', 'tasks', 'run', 'fantasy_premier_league', 'delete_file_in_actual_folder', 'scheduled__2023-12-01T00:12:48.395122+00:00', '--job-id', '113', '--raw', '--subdir', 'DAGS_FOLDER/fantasy_premier_league_dag.py', '--cfg-path', '/tmp/tmpqrhz0kge']
[2023-12-04T11:24:30.923+0800] {standard_task_runner.py:85} INFO - Job 113: Subtask delete_file_in_actual_folder
[2023-12-04T11:24:30.983+0800] {task_command.py:416} INFO - Running <TaskInstance: fantasy_premier_league.delete_file_in_actual_folder scheduled__2023-12-01T00:12:48.395122+00:00 [running]> on host azfartitu.
[2023-12-04T11:24:31.088+0800] {taskinstance.py:1662} INFO - Exporting env vars: AIRFLOW_CTX_DAG_OWNER='airflow' AIRFLOW_CTX_DAG_ID='fantasy_premier_league' AIRFLOW_CTX_TASK_ID='delete_file_in_actual_folder' AIRFLOW_CTX_EXECUTION_DATE='2023-12-01T00:12:48.395122+00:00' AIRFLOW_CTX_TRY_NUMBER='1' AIRFLOW_CTX_DAG_RUN_ID='scheduled__2023-12-01T00:12:48.395122+00:00'
[2023-12-04T11:24:31.107+0800] {base.py:73} INFO - Using connection ID 'azure_blob_conn_id' for task execution.
[2023-12-04T11:24:32.186+0800] {logging_mixin.py:154} INFO - Client is created
[2023-12-04T11:24:32.189+0800] {base.py:73} INFO - Using connection ID 'azure_blob_conn_id' for task execution.
[2023-12-04T11:24:33.527+0800] {logging_mixin.py:154} INFO - Folder 'current_season_history/04122023' deleted successfully.
[2023-12-04T11:24:33.529+0800] {logging_mixin.py:154} INFO - Client is created
[2023-12-04T11:24:33.536+0800] {base.py:73} INFO - Using connection ID 'azure_blob_conn_id' for task execution.
[2023-12-04T11:24:34.575+0800] {logging_mixin.py:154} INFO - Folder 'events_metadata/04122023' deleted successfully.
[2023-12-04T11:24:34.578+0800] {logging_mixin.py:154} INFO - Client is created
[2023-12-04T11:24:34.584+0800] {base.py:73} INFO - Using connection ID 'azure_blob_conn_id' for task execution.
[2023-12-04T11:24:35.564+0800] {logging_mixin.py:154} INFO - Folder 'player_metadata/04122023' deleted successfully.
[2023-12-04T11:24:35.567+0800] {logging_mixin.py:154} INFO - Client is created
[2023-12-04T11:24:35.572+0800] {base.py:73} INFO - Using connection ID 'azure_blob_conn_id' for task execution.
[2023-12-04T11:24:36.544+0800] {logging_mixin.py:154} INFO - Folder 'position_metadata/04122023' deleted successfully.
[2023-12-04T11:24:36.547+0800] {logging_mixin.py:154} INFO - Client is created
[2023-12-04T11:24:36.553+0800] {base.py:73} INFO - Using connection ID 'azure_blob_conn_id' for task execution.
[2023-12-04T11:24:37.656+0800] {logging_mixin.py:154} INFO - Folder 'teams_metadata/04122023' deleted successfully.
[2023-12-04T11:24:37.665+0800] {python.py:194} INFO - Done. Returned value was: None
[2023-12-04T11:24:37.673+0800] {taskinstance.py:1400} INFO - Marking task as SUCCESS. dag_id=fantasy_premier_league, task_id=delete_file_in_actual_folder, execution_date=20231201T001248, start_date=20231204T032430, end_date=20231204T032437
[2023-12-04T11:24:37.719+0800] {local_task_job_runner.py:228} INFO - Task exited with return code 0
[2023-12-04T11:24:37.735+0800] {taskinstance.py:2778} INFO - 0 downstream tasks scheduled from follow-on schedule check
