[2023-11-30T23:25:12.620+0800] {taskinstance.py:1159} INFO - Dependencies all met for dep_context=non-requeueable deps ti=<TaskInstance: fantasy_premier_league_debug.move_file_into_archive_folder manual__2023-11-30T15:25:03.930874+00:00 [queued]>
[2023-11-30T23:25:12.641+0800] {taskinstance.py:1159} INFO - Dependencies all met for dep_context=requeueable deps ti=<TaskInstance: fantasy_premier_league_debug.move_file_into_archive_folder manual__2023-11-30T15:25:03.930874+00:00 [queued]>
[2023-11-30T23:25:12.641+0800] {taskinstance.py:1361} INFO - Starting attempt 1 of 1
[2023-11-30T23:25:12.690+0800] {taskinstance.py:1382} INFO - Executing <Task(PythonOperator): move_file_into_archive_folder> on 2023-11-30 15:25:03.930874+00:00
[2023-11-30T23:25:12.701+0800] {standard_task_runner.py:84} INFO - Running: ['airflow', 'tasks', 'run', 'fantasy_premier_league_debug', 'move_file_into_archive_folder', 'manual__2023-11-30T15:25:03.930874+00:00', '--job-id', '89', '--raw', '--subdir', 'DAGS_FOLDER/azfar_dag.py', '--cfg-path', '/tmp/tmptedarcjh']
[2023-11-30T23:25:12.703+0800] {standard_task_runner.py:85} INFO - Job 89: Subtask move_file_into_archive_folder
[2023-11-30T23:25:12.701+0800] {standard_task_runner.py:57} INFO - Started process 49817 to run task
[2023-11-30T23:25:12.755+0800] {task_command.py:416} INFO - Running <TaskInstance: fantasy_premier_league_debug.move_file_into_archive_folder manual__2023-11-30T15:25:03.930874+00:00 [running]> on host azfartitu.
[2023-11-30T23:25:12.861+0800] {taskinstance.py:1662} INFO - Exporting env vars: AIRFLOW_CTX_DAG_OWNER='airflow' AIRFLOW_CTX_DAG_ID='fantasy_premier_league_debug' AIRFLOW_CTX_TASK_ID='move_file_into_archive_folder' AIRFLOW_CTX_EXECUTION_DATE='2023-11-30T15:25:03.930874+00:00' AIRFLOW_CTX_TRY_NUMBER='1' AIRFLOW_CTX_DAG_RUN_ID='manual__2023-11-30T15:25:03.930874+00:00'
[2023-11-30T23:25:12.872+0800] {logging_mixin.py:154} INFO - 24112023
[2023-11-30T23:25:12.894+0800] {base.py:73} INFO - Using connection ID 'azure_blob_conn_id' for task execution.
[2023-11-30T23:25:13.937+0800] {base.py:73} INFO - Using connection ID 'azure_blob_conn_id' for task execution.
[2023-11-30T23:25:36.206+0800] {logging_mixin.py:154} INFO - File is downloaded at /tmp/tmpzzg0hs7e
[2023-11-30T23:25:38.754+0800] {logging_mixin.py:154} INFO - File is copied to archive
[2023-11-30T23:25:38.769+0800] {base.py:73} INFO - Using connection ID 'azure_blob_conn_id' for task execution.
[2023-11-30T23:25:39.830+0800] {logging_mixin.py:154} INFO - File is downloaded at /tmp/tmp64fbjqed
[2023-11-30T23:25:40.196+0800] {logging_mixin.py:154} INFO - File is copied to archive
[2023-11-30T23:25:40.213+0800] {base.py:73} INFO - Using connection ID 'azure_blob_conn_id' for task execution.
[2023-11-30T23:25:42.379+0800] {logging_mixin.py:154} INFO - File is downloaded at /tmp/tmpokjxdrak
[2023-11-30T23:25:43.860+0800] {logging_mixin.py:154} INFO - File is copied to archive
[2023-11-30T23:25:43.871+0800] {base.py:73} INFO - Using connection ID 'azure_blob_conn_id' for task execution.
[2023-11-30T23:25:44.680+0800] {logging_mixin.py:154} INFO - File is downloaded at /tmp/tmpupmguvyu
[2023-11-30T23:25:44.874+0800] {logging_mixin.py:154} INFO - File is copied to archive
[2023-11-30T23:25:44.880+0800] {base.py:73} INFO - Using connection ID 'azure_blob_conn_id' for task execution.
[2023-11-30T23:25:45.703+0800] {logging_mixin.py:154} INFO - File is downloaded at /tmp/tmp4v54mdxz
[2023-11-30T23:25:45.896+0800] {logging_mixin.py:154} INFO - File is copied to archive
[2023-11-30T23:25:45.899+0800] {python.py:194} INFO - Done. Returned value was: None
[2023-11-30T23:25:46.037+0800] {taskinstance.py:1400} INFO - Marking task as SUCCESS. dag_id=fantasy_premier_league_debug, task_id=move_file_into_archive_folder, execution_date=20231130T152503, start_date=20231130T152512, end_date=20231130T152546
[2023-11-30T23:25:46.129+0800] {local_task_job_runner.py:228} INFO - Task exited with return code 0
[2023-11-30T23:25:46.158+0800] {taskinstance.py:2778} INFO - 1 downstream tasks scheduled from follow-on schedule check
