[2023-12-05T23:51:41.199+0800] {taskinstance.py:1159} INFO - Dependencies all met for dep_context=non-requeueable deps ti=<TaskInstance: fantasy_premier_league.upload_to_blob scheduled__2023-12-04T15:50:46.533482+00:00 [queued]>
[2023-12-05T23:51:41.206+0800] {taskinstance.py:1159} INFO - Dependencies all met for dep_context=requeueable deps ti=<TaskInstance: fantasy_premier_league.upload_to_blob scheduled__2023-12-04T15:50:46.533482+00:00 [queued]>
[2023-12-05T23:51:41.206+0800] {taskinstance.py:1361} INFO - Starting attempt 1 of 1
[2023-12-05T23:51:41.230+0800] {taskinstance.py:1382} INFO - Executing <Task(PythonOperator): upload_to_blob> on 2023-12-04 15:50:46.533482+00:00
[2023-12-05T23:51:41.232+0800] {standard_task_runner.py:57} INFO - Started process 42162 to run task
[2023-12-05T23:51:41.236+0800] {standard_task_runner.py:84} INFO - Running: ['airflow', 'tasks', 'run', 'fantasy_premier_league', 'upload_to_blob', 'scheduled__2023-12-04T15:50:46.533482+00:00', '--job-id', '142', '--raw', '--subdir', 'DAGS_FOLDER/fantasy_premier_league_dag.py', '--cfg-path', '/tmp/tmplskbxjxe']
[2023-12-05T23:51:41.238+0800] {standard_task_runner.py:85} INFO - Job 142: Subtask upload_to_blob
[2023-12-05T23:51:41.277+0800] {task_command.py:416} INFO - Running <TaskInstance: fantasy_premier_league.upload_to_blob scheduled__2023-12-04T15:50:46.533482+00:00 [running]> on host azfartitu.
[2023-12-05T23:51:41.351+0800] {taskinstance.py:1662} INFO - Exporting env vars: AIRFLOW_CTX_DAG_OWNER='airflow' AIRFLOW_CTX_DAG_ID='fantasy_premier_league' AIRFLOW_CTX_TASK_ID='upload_to_blob' AIRFLOW_CTX_EXECUTION_DATE='2023-12-04T15:50:46.533482+00:00' AIRFLOW_CTX_TRY_NUMBER='1' AIRFLOW_CTX_DAG_RUN_ID='scheduled__2023-12-04T15:50:46.533482+00:00'
[2023-12-05T23:51:41.481+0800] {logging_mixin.py:154} INFO - Temporary file created: /tmp/tmpsx5ccpt6
[2023-12-05T23:51:41.500+0800] {base.py:73} INFO - Using connection ID 'azure_blob_conn_id' for task execution.
[2023-12-05T23:51:42.213+0800] {base.py:73} INFO - Using connection ID 'azure_blob_conn_id' for task execution.
[2023-12-05T23:51:43.224+0800] {logging_mixin.py:154} INFO - Temporary file removed: /tmp/tmpsx5ccpt6
[2023-12-05T23:51:43.225+0800] {fantasy_premier_league_dag.py:83} INFO - File uploaded to Azure Blob Storage: bronze/events_metadata_05122023.json
[2023-12-05T23:51:43.227+0800] {logging_mixin.py:154} INFO - Temporary file created: /tmp/tmpofh9q0cv
[2023-12-05T23:51:43.230+0800] {base.py:73} INFO - Using connection ID 'azure_blob_conn_id' for task execution.
[2023-12-05T23:51:43.235+0800] {base.py:73} INFO - Using connection ID 'azure_blob_conn_id' for task execution.
[2023-12-05T23:51:44.111+0800] {logging_mixin.py:154} INFO - Temporary file removed: /tmp/tmpofh9q0cv
[2023-12-05T23:51:44.111+0800] {fantasy_premier_league_dag.py:83} INFO - File uploaded to Azure Blob Storage: bronze/teams_metadata_05122023.json
[2023-12-05T23:51:44.307+0800] {logging_mixin.py:154} INFO - Temporary file created: /tmp/tmp6ey_nir2
[2023-12-05T23:51:44.310+0800] {base.py:73} INFO - Using connection ID 'azure_blob_conn_id' for task execution.
[2023-12-05T23:51:44.314+0800] {base.py:73} INFO - Using connection ID 'azure_blob_conn_id' for task execution.
[2023-12-05T23:51:46.521+0800] {logging_mixin.py:154} INFO - Temporary file removed: /tmp/tmp6ey_nir2
[2023-12-05T23:51:46.522+0800] {fantasy_premier_league_dag.py:83} INFO - File uploaded to Azure Blob Storage: bronze/player_metadata_05122023.json
[2023-12-05T23:51:46.523+0800] {logging_mixin.py:154} INFO - Temporary file created: /tmp/tmpppwgm0lh
[2023-12-05T23:51:46.526+0800] {base.py:73} INFO - Using connection ID 'azure_blob_conn_id' for task execution.
[2023-12-05T23:51:46.531+0800] {base.py:73} INFO - Using connection ID 'azure_blob_conn_id' for task execution.
[2023-12-05T23:51:47.411+0800] {logging_mixin.py:154} INFO - Temporary file removed: /tmp/tmpppwgm0lh
[2023-12-05T23:51:47.412+0800] {fantasy_premier_league_dag.py:83} INFO - File uploaded to Azure Blob Storage: bronze/position_metadata_05122023.json
[2023-12-05T23:51:47.415+0800] {python.py:194} INFO - Done. Returned value was: None
[2023-12-05T23:51:47.422+0800] {taskinstance.py:1400} INFO - Marking task as SUCCESS. dag_id=fantasy_premier_league, task_id=upload_to_blob, execution_date=20231204T155046, start_date=20231205T155141, end_date=20231205T155147
[2023-12-05T23:51:47.470+0800] {local_task_job_runner.py:228} INFO - Task exited with return code 0
[2023-12-05T23:51:47.494+0800] {taskinstance.py:2778} INFO - 1 downstream tasks scheduled from follow-on schedule check
