[2023-12-04T12:19:15.099+0800] {taskinstance.py:1159} INFO - Dependencies all met for dep_context=non-requeueable deps ti=<TaskInstance: fantasy_premier_league.move_file_into_archive_folder manual__2023-12-04T03:28:15.853663+00:00 [queued]>
[2023-12-04T12:19:15.111+0800] {taskinstance.py:1159} INFO - Dependencies all met for dep_context=requeueable deps ti=<TaskInstance: fantasy_premier_league.move_file_into_archive_folder manual__2023-12-04T03:28:15.853663+00:00 [queued]>
[2023-12-04T12:19:15.111+0800] {taskinstance.py:1361} INFO - Starting attempt 2 of 2
[2023-12-04T12:19:15.138+0800] {taskinstance.py:1382} INFO - Executing <Task(PythonOperator): move_file_into_archive_folder> on 2023-12-04 03:28:15.853663+00:00
[2023-12-04T12:19:15.142+0800] {standard_task_runner.py:57} INFO - Started process 25796 to run task
[2023-12-04T12:19:15.145+0800] {standard_task_runner.py:84} INFO - Running: ['airflow', 'tasks', 'run', 'fantasy_premier_league', 'move_file_into_archive_folder', 'manual__2023-12-04T03:28:15.853663+00:00', '--job-id', '135', '--raw', '--subdir', 'DAGS_FOLDER/fantasy_premier_league_dag.py', '--cfg-path', '/tmp/tmpku40k1u6']
[2023-12-04T12:19:15.146+0800] {standard_task_runner.py:85} INFO - Job 135: Subtask move_file_into_archive_folder
[2023-12-04T12:19:15.212+0800] {task_command.py:416} INFO - Running <TaskInstance: fantasy_premier_league.move_file_into_archive_folder manual__2023-12-04T03:28:15.853663+00:00 [running]> on host azfartitu.
[2023-12-04T12:19:15.360+0800] {taskinstance.py:1662} INFO - Exporting env vars: AIRFLOW_CTX_DAG_OWNER='airflow' AIRFLOW_CTX_DAG_ID='fantasy_premier_league' AIRFLOW_CTX_TASK_ID='move_file_into_archive_folder' AIRFLOW_CTX_EXECUTION_DATE='2023-12-04T03:28:15.853663+00:00' AIRFLOW_CTX_TRY_NUMBER='2' AIRFLOW_CTX_DAG_RUN_ID='manual__2023-12-04T03:28:15.853663+00:00'
[2023-12-04T12:19:15.378+0800] {logging_mixin.py:154} INFO - value 28112023
[2023-12-04T12:19:15.390+0800] {base.py:73} INFO - Using connection ID 'azure_blob_conn_id' for task execution.
[2023-12-04T12:19:16.504+0800] {base.py:73} INFO - Using connection ID 'azure_blob_conn_id' for task execution.
[2023-12-04T12:19:21.342+0800] {logging_mixin.py:154} INFO - File is downloaded at /tmp/tmprjobxtui
[2023-12-04T12:19:24.079+0800] {logging_mixin.py:154} INFO - File is copied to archive
[2023-12-04T12:19:24.089+0800] {base.py:73} INFO - Using connection ID 'azure_blob_conn_id' for task execution.
[2023-12-04T12:19:25.169+0800] {logging_mixin.py:154} INFO - File is downloaded at /tmp/tmp82ce_iws
[2023-12-04T12:19:25.553+0800] {logging_mixin.py:154} INFO - File is copied to archive
[2023-12-04T12:19:25.561+0800] {base.py:73} INFO - Using connection ID 'azure_blob_conn_id' for task execution.
[2023-12-04T12:19:28.020+0800] {logging_mixin.py:154} INFO - File is downloaded at /tmp/tmpgqv1gnz_
[2023-12-04T12:19:29.529+0800] {logging_mixin.py:154} INFO - File is copied to archive
[2023-12-04T12:19:29.535+0800] {base.py:73} INFO - Using connection ID 'azure_blob_conn_id' for task execution.
[2023-12-04T12:19:30.428+0800] {logging_mixin.py:154} INFO - File is downloaded at /tmp/tmp98b5n06f
[2023-12-04T12:19:30.627+0800] {logging_mixin.py:154} INFO - File is copied to archive
[2023-12-04T12:19:30.636+0800] {base.py:73} INFO - Using connection ID 'azure_blob_conn_id' for task execution.
[2023-12-04T12:19:31.512+0800] {logging_mixin.py:154} INFO - File is downloaded at /tmp/tmp8ld4p1vi
[2023-12-04T12:19:31.708+0800] {logging_mixin.py:154} INFO - File is copied to archive
[2023-12-04T12:19:31.710+0800] {python.py:194} INFO - Done. Returned value was: None
[2023-12-04T12:19:31.717+0800] {taskinstance.py:1400} INFO - Marking task as SUCCESS. dag_id=fantasy_premier_league, task_id=move_file_into_archive_folder, execution_date=20231204T032815, start_date=20231204T041915, end_date=20231204T041931
[2023-12-04T12:19:31.757+0800] {local_task_job_runner.py:228} INFO - Task exited with return code 0
[2023-12-04T12:19:31.778+0800] {taskinstance.py:2778} INFO - 1 downstream tasks scheduled from follow-on schedule check
