[2023-12-04T11:24:01.401+0800] {taskinstance.py:1159} INFO - Dependencies all met for dep_context=non-requeueable deps ti=<TaskInstance: fantasy_premier_league.move_file_into_archive_folder scheduled__2023-12-01T00:12:48.395122+00:00 [queued]>
[2023-12-04T11:24:01.416+0800] {taskinstance.py:1159} INFO - Dependencies all met for dep_context=requeueable deps ti=<TaskInstance: fantasy_premier_league.move_file_into_archive_folder scheduled__2023-12-01T00:12:48.395122+00:00 [queued]>
[2023-12-04T11:24:01.416+0800] {taskinstance.py:1361} INFO - Starting attempt 1 of 1
[2023-12-04T11:24:01.473+0800] {taskinstance.py:1382} INFO - Executing <Task(PythonOperator): move_file_into_archive_folder> on 2023-12-01 00:12:48.395122+00:00
[2023-12-04T11:24:01.481+0800] {standard_task_runner.py:57} INFO - Started process 14497 to run task
[2023-12-04T11:24:01.490+0800] {standard_task_runner.py:84} INFO - Running: ['airflow', 'tasks', 'run', 'fantasy_premier_league', 'move_file_into_archive_folder', 'scheduled__2023-12-01T00:12:48.395122+00:00', '--job-id', '111', '--raw', '--subdir', 'DAGS_FOLDER/fantasy_premier_league_dag.py', '--cfg-path', '/tmp/tmpwpvwc326']
[2023-12-04T11:24:01.499+0800] {standard_task_runner.py:85} INFO - Job 111: Subtask move_file_into_archive_folder
[2023-12-04T11:24:01.578+0800] {task_command.py:416} INFO - Running <TaskInstance: fantasy_premier_league.move_file_into_archive_folder scheduled__2023-12-01T00:12:48.395122+00:00 [running]> on host azfartitu.
[2023-12-04T11:24:01.684+0800] {taskinstance.py:1662} INFO - Exporting env vars: AIRFLOW_CTX_DAG_OWNER='airflow' AIRFLOW_CTX_DAG_ID='fantasy_premier_league' AIRFLOW_CTX_TASK_ID='move_file_into_archive_folder' AIRFLOW_CTX_EXECUTION_DATE='2023-12-01T00:12:48.395122+00:00' AIRFLOW_CTX_TRY_NUMBER='1' AIRFLOW_CTX_DAG_RUN_ID='scheduled__2023-12-01T00:12:48.395122+00:00'
[2023-12-04T11:24:01.698+0800] {logging_mixin.py:154} INFO - 04122023
[2023-12-04T11:24:01.711+0800] {base.py:73} INFO - Using connection ID 'azure_blob_conn_id' for task execution.
[2023-12-04T11:24:02.770+0800] {base.py:73} INFO - Using connection ID 'azure_blob_conn_id' for task execution.
[2023-12-04T11:24:08.250+0800] {logging_mixin.py:154} INFO - File is downloaded at /tmp/tmpj6z_gdto
[2023-12-04T11:24:11.785+0800] {logging_mixin.py:154} INFO - File is copied to archive
[2023-12-04T11:24:11.797+0800] {base.py:73} INFO - Using connection ID 'azure_blob_conn_id' for task execution.
[2023-12-04T11:24:12.868+0800] {logging_mixin.py:154} INFO - File is downloaded at /tmp/tmpxx0c5dot
[2023-12-04T11:24:13.347+0800] {logging_mixin.py:154} INFO - File is copied to archive
[2023-12-04T11:24:13.367+0800] {base.py:73} INFO - Using connection ID 'azure_blob_conn_id' for task execution.
[2023-12-04T11:24:15.941+0800] {logging_mixin.py:154} INFO - File is downloaded at /tmp/tmpdg2o1c3u
[2023-12-04T11:24:17.556+0800] {logging_mixin.py:154} INFO - File is copied to archive
[2023-12-04T11:24:17.573+0800] {base.py:73} INFO - Using connection ID 'azure_blob_conn_id' for task execution.
[2023-12-04T11:24:18.488+0800] {logging_mixin.py:154} INFO - File is downloaded at /tmp/tmpq3tm1uub
[2023-12-04T11:24:18.707+0800] {logging_mixin.py:154} INFO - File is copied to archive
[2023-12-04T11:24:18.717+0800] {base.py:73} INFO - Using connection ID 'azure_blob_conn_id' for task execution.
[2023-12-04T11:24:19.622+0800] {logging_mixin.py:154} INFO - File is downloaded at /tmp/tmphmhqbrpo
[2023-12-04T11:24:19.864+0800] {logging_mixin.py:154} INFO - File is copied to archive
[2023-12-04T11:24:19.865+0800] {python.py:194} INFO - Done. Returned value was: None
[2023-12-04T11:24:19.872+0800] {taskinstance.py:1400} INFO - Marking task as SUCCESS. dag_id=fantasy_premier_league, task_id=move_file_into_archive_folder, execution_date=20231201T001248, start_date=20231204T032401, end_date=20231204T032419
[2023-12-04T11:24:19.943+0800] {local_task_job_runner.py:228} INFO - Task exited with return code 0
[2023-12-04T11:24:19.965+0800] {taskinstance.py:2778} INFO - 1 downstream tasks scheduled from follow-on schedule check
