[2023-11-24T11:25:30.003+0800] {taskinstance.py:1159} INFO - Dependencies all met for dep_context=non-requeueable deps ti=<TaskInstance: fantasy_premier_league.upload_to_blob scheduled__2023-11-23T03:25:16.165896+00:00 [queued]>
[2023-11-24T11:25:30.013+0800] {taskinstance.py:1159} INFO - Dependencies all met for dep_context=requeueable deps ti=<TaskInstance: fantasy_premier_league.upload_to_blob scheduled__2023-11-23T03:25:16.165896+00:00 [queued]>
[2023-11-24T11:25:30.014+0800] {taskinstance.py:1361} INFO - Starting attempt 1 of 2
[2023-11-24T11:25:30.033+0800] {taskinstance.py:1382} INFO - Executing <Task(PythonOperator): upload_to_blob> on 2023-11-23 03:25:16.165896+00:00
[2023-11-24T11:25:30.035+0800] {standard_task_runner.py:57} INFO - Started process 63816 to run task
[2023-11-24T11:25:30.038+0800] {standard_task_runner.py:84} INFO - Running: ['airflow', 'tasks', 'run', 'fantasy_premier_league', 'upload_to_blob', 'scheduled__2023-11-23T03:25:16.165896+00:00', '--job-id', '6', '--raw', '--subdir', 'DAGS_FOLDER/fantasy_premier_league_dag.py', '--cfg-path', '/tmp/tmp7zeaey50']
[2023-11-24T11:25:30.040+0800] {standard_task_runner.py:85} INFO - Job 6: Subtask upload_to_blob
[2023-11-24T11:25:30.096+0800] {task_command.py:416} INFO - Running <TaskInstance: fantasy_premier_league.upload_to_blob scheduled__2023-11-23T03:25:16.165896+00:00 [running]> on host azfartitu.
[2023-11-24T11:25:30.163+0800] {taskinstance.py:1662} INFO - Exporting env vars: AIRFLOW_CTX_DAG_OWNER='airflow' AIRFLOW_CTX_DAG_ID='fantasy_premier_league' AIRFLOW_CTX_TASK_ID='upload_to_blob' AIRFLOW_CTX_EXECUTION_DATE='2023-11-23T03:25:16.165896+00:00' AIRFLOW_CTX_TRY_NUMBER='1' AIRFLOW_CTX_DAG_RUN_ID='scheduled__2023-11-23T03:25:16.165896+00:00'
[2023-11-24T11:25:30.249+0800] {base.py:73} INFO - Using connection ID 'azure_blob_conn_id' for task execution.
[2023-11-24T11:25:30.872+0800] {base.py:73} INFO - Using connection ID 'azure_blob_conn_id' for task execution.
[2023-11-24T11:25:31.945+0800] {fantasy_premier_league_dag.py:78} INFO - File uploaded to Azure Blob Storage: bronze/events_metadata_20231124.json
[2023-11-24T11:25:31.951+0800] {base.py:73} INFO - Using connection ID 'azure_blob_conn_id' for task execution.
[2023-11-24T11:25:31.957+0800] {base.py:73} INFO - Using connection ID 'azure_blob_conn_id' for task execution.
[2023-11-24T11:25:32.792+0800] {fantasy_premier_league_dag.py:78} INFO - File uploaded to Azure Blob Storage: bronze/teams_metadata_20231124.json
[2023-11-24T11:25:32.820+0800] {base.py:73} INFO - Using connection ID 'azure_blob_conn_id' for task execution.
[2023-11-24T11:25:32.826+0800] {base.py:73} INFO - Using connection ID 'azure_blob_conn_id' for task execution.
[2023-11-24T11:25:34.869+0800] {fantasy_premier_league_dag.py:78} INFO - File uploaded to Azure Blob Storage: bronze/player_metadata_20231124.json
[2023-11-24T11:25:34.874+0800] {base.py:73} INFO - Using connection ID 'azure_blob_conn_id' for task execution.
[2023-11-24T11:25:34.879+0800] {base.py:73} INFO - Using connection ID 'azure_blob_conn_id' for task execution.
[2023-11-24T11:25:35.717+0800] {fantasy_premier_league_dag.py:78} INFO - File uploaded to Azure Blob Storage: bronze/position_metadata_20231124.json
[2023-11-24T11:25:35.720+0800] {python.py:194} INFO - Done. Returned value was: None
[2023-11-24T11:25:35.726+0800] {taskinstance.py:1400} INFO - Marking task as SUCCESS. dag_id=fantasy_premier_league, task_id=upload_to_blob, execution_date=20231123T032516, start_date=20231124T032530, end_date=20231124T032535
[2023-11-24T11:25:35.752+0800] {local_task_job_runner.py:228} INFO - Task exited with return code 0
[2023-11-24T11:25:35.761+0800] {taskinstance.py:2778} INFO - 0 downstream tasks scheduled from follow-on schedule check
