[2023-12-22T16:42:25.389+0800] {taskinstance.py:1159} INFO - Dependencies all met for dep_context=non-requeueable deps ti=<TaskInstance: fantasy_premier_league.position_metadata_bronze_to_silver scheduled__2023-12-21T08:19:53.939205+00:00 [queued]>
[2023-12-22T16:42:25.397+0800] {taskinstance.py:1159} INFO - Dependencies all met for dep_context=requeueable deps ti=<TaskInstance: fantasy_premier_league.position_metadata_bronze_to_silver scheduled__2023-12-21T08:19:53.939205+00:00 [queued]>
[2023-12-22T16:42:25.397+0800] {taskinstance.py:1361} INFO - Starting attempt 1 of 1
[2023-12-22T16:42:25.429+0800] {taskinstance.py:1382} INFO - Executing <Task(PythonOperator): position_metadata_bronze_to_silver> on 2023-12-21 08:19:53.939205+00:00
[2023-12-22T16:42:25.432+0800] {standard_task_runner.py:57} INFO - Started process 111742 to run task
[2023-12-22T16:42:25.436+0800] {standard_task_runner.py:84} INFO - Running: ['airflow', 'tasks', 'run', 'fantasy_premier_league', 'position_metadata_bronze_to_silver', 'scheduled__2023-12-21T08:19:53.939205+00:00', '--job-id', '242', '--raw', '--subdir', 'DAGS_FOLDER/fantasy_premier_league_dag.py', '--cfg-path', '/tmp/tmpj4k84loc']
[2023-12-22T16:42:25.437+0800] {standard_task_runner.py:85} INFO - Job 242: Subtask position_metadata_bronze_to_silver
[2023-12-22T16:42:25.476+0800] {task_command.py:416} INFO - Running <TaskInstance: fantasy_premier_league.position_metadata_bronze_to_silver scheduled__2023-12-21T08:19:53.939205+00:00 [running]> on host azfartitu.
[2023-12-22T16:42:25.553+0800] {taskinstance.py:1662} INFO - Exporting env vars: AIRFLOW_CTX_DAG_OWNER='airflow' AIRFLOW_CTX_DAG_ID='fantasy_premier_league' AIRFLOW_CTX_TASK_ID='position_metadata_bronze_to_silver' AIRFLOW_CTX_EXECUTION_DATE='2023-12-21T08:19:53.939205+00:00' AIRFLOW_CTX_TRY_NUMBER='1' AIRFLOW_CTX_DAG_RUN_ID='scheduled__2023-12-21T08:19:53.939205+00:00'
[2023-12-22T16:42:25.566+0800] {logging_mixin.py:154} INFO - Temporary directory is created: /tmp/tmpexb2sofi
[2023-12-22T16:42:25.572+0800] {base.py:73} INFO - Using connection ID 'azure_blob_conn_id' for task execution.
[2023-12-22T16:42:25.987+0800] {base.py:73} INFO - Using connection ID 'azure_blob_conn_id' for task execution.
[2023-12-22T16:42:26.819+0800] {logging_mixin.py:154} INFO - position_metadata_22122023.json is downloaded at /tmp/tmpexb2sofi from position_metadata/current/22122023
[2023-12-22T16:42:26.829+0800] {logging_mixin.py:154} INFO - Table position_metadata is created
[2023-12-22T16:42:26.839+0800] {logging_mixin.py:154} INFO - Copy data from table position_metadata into file position_metadata_22122023.parquet
[2023-12-22T16:42:26.842+0800] {base.py:73} INFO - Using connection ID 'azure_blob_conn_id' for task execution.
[2023-12-22T16:42:26.846+0800] {base.py:73} INFO - Using connection ID 'azure_blob_conn_id' for task execution.
[2023-12-22T16:42:27.702+0800] {logging_mixin.py:154} INFO - File position_metadata_22122023.parquet is uploaded into silver container
[2023-12-22T16:42:27.702+0800] {logging_mixin.py:154} INFO - /tmp/tmpexb2sofi/position_metadata_22122023.parquet is removed
[2023-12-22T16:42:27.703+0800] {logging_mixin.py:154} INFO - /tmp/tmpexb2sofi/position_metadata_22122023.json is removed
[2023-12-22T16:42:27.703+0800] {logging_mixin.py:154} INFO - /tmp/tmpexb2sofi is removed
[2023-12-22T16:42:27.705+0800] {python.py:194} INFO - Done. Returned value was: None
[2023-12-22T16:42:27.712+0800] {taskinstance.py:1400} INFO - Marking task as SUCCESS. dag_id=fantasy_premier_league, task_id=position_metadata_bronze_to_silver, execution_date=20231221T081953, start_date=20231222T084225, end_date=20231222T084227
[2023-12-22T16:42:27.741+0800] {local_task_job_runner.py:228} INFO - Task exited with return code 0
[2023-12-22T16:42:27.754+0800] {taskinstance.py:2778} INFO - 0 downstream tasks scheduled from follow-on schedule check
