[2023-11-28T05:37:20.056+0800] {taskinstance.py:1159} INFO - Dependencies all met for dep_context=non-requeueable deps ti=<TaskInstance: fantasy_premier_league.upload_to_blob scheduled__2023-11-26T21:36:56.761027+00:00 [queued]>
[2023-11-28T05:37:20.066+0800] {taskinstance.py:1159} INFO - Dependencies all met for dep_context=requeueable deps ti=<TaskInstance: fantasy_premier_league.upload_to_blob scheduled__2023-11-26T21:36:56.761027+00:00 [queued]>
[2023-11-28T05:37:20.066+0800] {taskinstance.py:1361} INFO - Starting attempt 1 of 1
[2023-11-28T05:37:20.086+0800] {taskinstance.py:1382} INFO - Executing <Task(PythonOperator): upload_to_blob> on 2023-11-26 21:36:56.761027+00:00
[2023-11-28T05:37:20.088+0800] {standard_task_runner.py:57} INFO - Started process 1473 to run task
[2023-11-28T05:37:20.092+0800] {standard_task_runner.py:84} INFO - Running: ['airflow', 'tasks', 'run', 'fantasy_premier_league', 'upload_to_blob', 'scheduled__2023-11-26T21:36:56.761027+00:00', '--job-id', '17', '--raw', '--subdir', 'DAGS_FOLDER/fantasy_premier_league_dag.py', '--cfg-path', '/tmp/tmpxey7voc0']
[2023-11-28T05:37:20.094+0800] {standard_task_runner.py:85} INFO - Job 17: Subtask upload_to_blob
[2023-11-28T05:37:20.139+0800] {task_command.py:416} INFO - Running <TaskInstance: fantasy_premier_league.upload_to_blob scheduled__2023-11-26T21:36:56.761027+00:00 [running]> on host azfartitu.
[2023-11-28T05:37:20.204+0800] {taskinstance.py:1662} INFO - Exporting env vars: AIRFLOW_CTX_DAG_OWNER='airflow' AIRFLOW_CTX_DAG_ID='fantasy_premier_league' AIRFLOW_CTX_TASK_ID='upload_to_blob' AIRFLOW_CTX_EXECUTION_DATE='2023-11-26T21:36:56.761027+00:00' AIRFLOW_CTX_TRY_NUMBER='1' AIRFLOW_CTX_DAG_RUN_ID='scheduled__2023-11-26T21:36:56.761027+00:00'
[2023-11-28T05:37:20.301+0800] {logging_mixin.py:154} INFO - Temporary file created: /tmp/tmpbiemo953
[2023-11-28T05:37:20.308+0800] {base.py:73} INFO - Using connection ID 'azure_blob_conn_id' for task execution.
[2023-11-28T05:37:20.713+0800] {base.py:73} INFO - Using connection ID 'azure_blob_conn_id' for task execution.
[2023-11-28T05:37:21.741+0800] {logging_mixin.py:154} INFO - Temporary file removed: /tmp/tmpbiemo953
[2023-11-28T05:37:21.741+0800] {fantasy_premier_league_dag.py:78} INFO - File uploaded to Azure Blob Storage: bronze/events_metadata_28112023.json
[2023-11-28T05:37:21.743+0800] {logging_mixin.py:154} INFO - Temporary file created: /tmp/tmpxewlaokm
[2023-11-28T05:37:21.746+0800] {base.py:73} INFO - Using connection ID 'azure_blob_conn_id' for task execution.
[2023-11-28T05:37:21.751+0800] {base.py:73} INFO - Using connection ID 'azure_blob_conn_id' for task execution.
[2023-11-28T05:37:22.589+0800] {logging_mixin.py:154} INFO - Temporary file removed: /tmp/tmpxewlaokm
[2023-11-28T05:37:22.589+0800] {fantasy_premier_league_dag.py:78} INFO - File uploaded to Azure Blob Storage: bronze/teams_metadata_28112023.json
[2023-11-28T05:37:22.766+0800] {logging_mixin.py:154} INFO - Temporary file created: /tmp/tmpsfrmosma
[2023-11-28T05:37:22.770+0800] {base.py:73} INFO - Using connection ID 'azure_blob_conn_id' for task execution.
[2023-11-28T05:37:22.774+0800] {base.py:73} INFO - Using connection ID 'azure_blob_conn_id' for task execution.
[2023-11-28T05:37:24.903+0800] {logging_mixin.py:154} INFO - Temporary file removed: /tmp/tmpsfrmosma
[2023-11-28T05:37:24.903+0800] {fantasy_premier_league_dag.py:78} INFO - File uploaded to Azure Blob Storage: bronze/player_metadata_28112023.json
[2023-11-28T05:37:24.904+0800] {logging_mixin.py:154} INFO - Temporary file created: /tmp/tmpyfarq42r
[2023-11-28T05:37:24.907+0800] {base.py:73} INFO - Using connection ID 'azure_blob_conn_id' for task execution.
[2023-11-28T05:37:24.913+0800] {base.py:73} INFO - Using connection ID 'azure_blob_conn_id' for task execution.
[2023-11-28T05:37:25.753+0800] {logging_mixin.py:154} INFO - Temporary file removed: /tmp/tmpyfarq42r
[2023-11-28T05:37:25.753+0800] {fantasy_premier_league_dag.py:78} INFO - File uploaded to Azure Blob Storage: bronze/position_metadata_28112023.json
[2023-11-28T05:37:25.757+0800] {python.py:194} INFO - Done. Returned value was: None
[2023-11-28T05:37:25.765+0800] {taskinstance.py:1400} INFO - Marking task as SUCCESS. dag_id=fantasy_premier_league, task_id=upload_to_blob, execution_date=20231126T213656, start_date=20231127T213720, end_date=20231127T213725
[2023-11-28T05:37:25.795+0800] {local_task_job_runner.py:228} INFO - Task exited with return code 0
[2023-11-28T05:37:25.813+0800] {taskinstance.py:2778} INFO - 1 downstream tasks scheduled from follow-on schedule check
